<?xml version="1.0" encoding="UTF-8"?>
<testsuite name="co.com.screemplay.project.runners.RunnerTest" tests="1" skipped="0" failures="0" errors="0" timestamp="2025-06-26T17:36:46.048Z" hostname="PC_ROD" time="44.024">
  <properties/>
  <testcase name="Compra con Autenticación de usuario exitosa." classname="co.com.screemplay.project.runners.RunnerTest" time="44.024"/>
  <system-out><![CDATA[12:36:45.813 [Test worker] INFO io.cucumber.core.plugin.SerenityReporter - Running feature from file:///C:/Users/pcnit/Downloads/TestE2E/src/test/resources/features/test.feature
12:36:45.989 [Test worker] DEBUG net.thucydides.core.guice.Injectors - Created injector for module net.thucydides.core.guice.webdriver.WebDriverModule
12:36:46.010 [Test worker] INFO  - 

-------------------------------------------------------------------------------------
     _______. _______ .______       _______ .__   __.  __  .___________.____    ____ 
    /       ||   ____||   _  \     |   ____||  \ |  | |  | |           |\   \  /   / 
   |   (----`|  |__   |  |_)  |    |  |__   |   \|  | |  | `---|  |----` \   \/   /  
    \   \    |   __|  |      /     |   __|  |  . `  | |  |     |  |       \_    _/   
.----)   |   |  |____ |  |\  \----.|  |____ |  |\   | |  |     |  |         |  |     
|_______/    |_______|| _| `._____||_______||__| \__| |__|     |__|         |__|    
                                                                                     
 News and tutorials at http://www.serenity-bdd.info                                  
 Documentation at https://wakaleo.gitbooks.io/the-serenity-book/content/             
 Join the Serenity Community on Gitter: https://gitter.im/serenity-bdd/serenity-core 
 Serenity BDD Support and Training at http://serenity-bdd.info/#/trainingandsupport  
-------------------------------------------------------------------------------------

12:36:46.016 [Test worker] DEBUG net.thucydides.core.steps.StepEventBus - Test suite started for story net.thucydides.core.model.Story@88766345
12:36:46.019 [Test worker] INFO  - Test Suite Started: Compra con Autenticación exitosa
12:36:46.040 [Test worker] INFO io.cucumber.core.plugin.SerenityReporter - Running feature from file:///C:/Users/pcnit/Downloads/TestE2E/src/test/resources/features/test.feature
12:36:46.044 [Test worker] DEBUG net.thucydides.core.steps.StepEventBus - Test suite started for story net.thucydides.core.model.Story@88766345
12:36:46.044 [Test worker] INFO  - Test Suite Started: Compra con Autenticación exitosa

@test @test
Escenario: Compra con Autenticación de usuario exitosa.  ?[90m# src/test/resources/features/test.feature:18?[0m
12:36:46.095 [Test worker] INFO io.cucumber.core.plugin.SerenityReporter - Running feature from file:///C:/Users/pcnit/Downloads/TestE2E/src/test/resources/features/test.feature
12:36:46.106 [Test worker] INFO  - 
  _____   ___   ___   _____     ___   _____     _     ___   _____   ___   ___  
 |_   _| | __| / __| |_   _|   / __| |_   _|   /_\   | _ \ |_   _| | __| |   \ 
   | |   | _|  \__ \   | |     \__ \   | |    / _ \  |   /   | |   | _|  | |) |
   |_|   |___| |___/   |_|     |___/   |_|   /_/ \_\ |_|_\   |_|   |___| |___/ 

Compra con Autenticación de usuario exitosa.(compra-con-autenticación-exitosa;compra-con-autenticación-de-usuario-exitosa.)
--------------------------------------------------------------------------------
12:36:46.511 [Test worker] DEBUG net.thucydides.core.steps.StepInterceptor - STARTING STEP: Hook.openWebsite - performAs
12:36:46.535 [Test worker] DEBUG net.thucydides.core.steps.StepInterceptor - STARTING STEP: OpenWeb.performAs - {0} opens the browser at #url
12:36:46.572 [Test worker] INFO net.serenitybdd.core.webdriver.driverproviders.DriverProvider - Using WebDriverManager configuration for edge
12:36:46.882 [Test worker] DEBUG io.github.bonigarcia.wdm.cache.ResolutionCache - Resolution edge=137 in cache (valid until 12:48:50 26/06/2025 ECT)
12:36:46.883 [Test worker] DEBUG io.github.bonigarcia.wdm.cache.ResolutionCache - Resolution edge137=137.0.3296.93 in cache (valid until 10:27:03 27/06/2025 ECT)
12:36:46.887 [Test worker] INFO io.github.bonigarcia.wdm.WebDriverManager - Using msedgedriver 137.0.3296.93 (resolved driver for Edge 137)
12:36:46.913 [Test worker] DEBUG io.github.bonigarcia.wdm.WebDriverManager - Driver msedgedriver 137.0.3296.93 found in cache
12:36:46.914 [Test worker] INFO io.github.bonigarcia.wdm.WebDriverManager - Exporting webdriver.edge.driver as C:\Users\pcnit\.cache\selenium\msedgedriver\win64\137.0.3296.93\msedgedriver.exe
12:36:47.107 [Test worker] DEBUG io.netty.util.internal.logging.InternalLoggerFactory - Using SLF4J as the default logging framework
12:36:47.112 [Test worker] DEBUG io.netty.util.ResourceLeakDetector - -Dio.netty.leakDetection.level: simple
12:36:47.112 [Test worker] DEBUG io.netty.util.ResourceLeakDetector - -Dio.netty.leakDetection.targetRecords: 4
12:36:47.126 [Test worker] DEBUG io.netty.util.ResourceLeakDetectorFactory - Loaded default ResourceLeakDetector: io.netty.util.ResourceLeakDetector@2b7facc7
12:36:47.152 [Test worker] DEBUG io.netty.util.internal.PlatformDependent0 - -Dio.netty.noUnsafe: false
12:36:47.152 [Test worker] DEBUG io.netty.util.internal.PlatformDependent0 - Java version: 17
12:36:47.153 [Test worker] DEBUG io.netty.util.internal.PlatformDependent0 - sun.misc.Unsafe.theUnsafe: available
12:36:47.153 [Test worker] DEBUG io.netty.util.internal.PlatformDependent0 - sun.misc.Unsafe.copyMemory: available
12:36:47.154 [Test worker] DEBUG io.netty.util.internal.PlatformDependent0 - sun.misc.Unsafe.storeFence: available
12:36:47.155 [Test worker] DEBUG io.netty.util.internal.PlatformDependent0 - java.nio.Buffer.address: available
12:36:47.157 [Test worker] DEBUG io.netty.util.internal.PlatformDependent0 - direct buffer constructor: unavailable: Reflective setAccessible(true) disabled
12:36:47.159 [Test worker] DEBUG io.netty.util.internal.PlatformDependent0 - java.nio.Bits.unaligned: available, true
12:36:47.160 [Test worker] DEBUG io.netty.util.internal.PlatformDependent0 - jdk.internal.misc.Unsafe.allocateUninitializedArray(int): unavailable: class io.netty.util.internal.PlatformDependent0$7 cannot access class jdk.internal.misc.Unsafe (in module java.base) because module java.base does not export jdk.internal.misc to unnamed module @1c852c0f
12:36:47.162 [Test worker] DEBUG io.netty.util.internal.PlatformDependent0 - java.nio.DirectByteBuffer.<init>(long, int): unavailable
12:36:47.162 [Test worker] DEBUG io.netty.util.internal.PlatformDependent - sun.misc.Unsafe: available
12:36:47.168 [Test worker] DEBUG io.netty.util.internal.PlatformDependent - maxDirectMemory: 536870912 bytes (maybe)
12:36:47.169 [Test worker] DEBUG io.netty.util.internal.PlatformDependent - -Dio.netty.tmpdir: C:\Users\pcnit\AppData\Local\Temp (java.io.tmpdir)
12:36:47.169 [Test worker] DEBUG io.netty.util.internal.PlatformDependent - -Dio.netty.bitMode: 64 (sun.arch.data.model)
12:36:47.169 [Test worker] DEBUG io.netty.util.internal.PlatformDependent - Platform: Windows
12:36:47.170 [Test worker] DEBUG io.netty.util.internal.PlatformDependent - -Dio.netty.maxDirectMemory: -1 bytes
12:36:47.170 [Test worker] DEBUG io.netty.util.internal.PlatformDependent - -Dio.netty.uninitializedArrayAllocationThreshold: -1
12:36:47.171 [Test worker] DEBUG io.netty.util.internal.CleanerJava9 - java.nio.ByteBuffer.cleaner(): available
12:36:47.171 [Test worker] DEBUG io.netty.util.internal.PlatformDependent - -Dio.netty.noPreferDirect: false
12:36:47.177 [Test worker] DEBUG io.netty.util.internal.PlatformDependent - org.jctools-core.MpscChunkedArrayQueue: available
12:36:47.190 [Test worker] DEBUG io.netty.util.internal.InternalThreadLocalMap - -Dio.netty.threadLocalMap.stringBuilder.initialSize: 1024
12:36:47.191 [Test worker] DEBUG io.netty.util.internal.InternalThreadLocalMap - -Dio.netty.threadLocalMap.stringBuilder.maxSize: 4096
12:36:47.220 [Test worker] DEBUG io.netty.handler.ssl.JdkSslContext - Default protocols (JDK): [TLSv1.3, TLSv1.2] 
12:36:47.220 [Test worker] DEBUG io.netty.handler.ssl.JdkSslContext - Default cipher suites (JDK): [TLS_ECDHE_ECDSA_WITH_AES_256_GCM_SHA384, TLS_ECDHE_ECDSA_WITH_AES_128_GCM_SHA256, TLS_ECDHE_RSA_WITH_AES_128_GCM_SHA256, TLS_ECDHE_RSA_WITH_AES_256_GCM_SHA384, TLS_ECDHE_RSA_WITH_AES_128_CBC_SHA, TLS_ECDHE_RSA_WITH_AES_256_CBC_SHA, TLS_RSA_WITH_AES_128_GCM_SHA256, TLS_RSA_WITH_AES_128_CBC_SHA, TLS_RSA_WITH_AES_256_CBC_SHA, TLS_AES_128_GCM_SHA256, TLS_AES_256_GCM_SHA384]
12:36:47.237 [Test worker] DEBUG io.netty.channel.MultithreadEventLoopGroup - -Dio.netty.eventLoopThreads: 40
12:36:47.242 [Test worker] DEBUG io.netty.channel.nio.NioEventLoop - -Dio.netty.noKeySetOptimization: false
12:36:47.242 [Test worker] DEBUG io.netty.channel.nio.NioEventLoop - -Dio.netty.selectorAutoRebuildThreshold: 512
12:36:47.292 [Test worker] DEBUG io.netty.buffer.PooledByteBufAllocator - -Dio.netty.allocator.numHeapArenas: 21
12:36:47.293 [Test worker] DEBUG io.netty.buffer.PooledByteBufAllocator - -Dio.netty.allocator.numDirectArenas: 21
12:36:47.293 [Test worker] DEBUG io.netty.buffer.PooledByteBufAllocator - -Dio.netty.allocator.pageSize: 8192
12:36:47.293 [Test worker] DEBUG io.netty.buffer.PooledByteBufAllocator - -Dio.netty.allocator.maxOrder: 9
12:36:47.293 [Test worker] DEBUG io.netty.buffer.PooledByteBufAllocator - -Dio.netty.allocator.chunkSize: 4194304
12:36:47.293 [Test worker] DEBUG io.netty.buffer.PooledByteBufAllocator - -Dio.netty.allocator.smallCacheSize: 256
12:36:47.293 [Test worker] DEBUG io.netty.buffer.PooledByteBufAllocator - -Dio.netty.allocator.normalCacheSize: 64
12:36:47.293 [Test worker] DEBUG io.netty.buffer.PooledByteBufAllocator - -Dio.netty.allocator.maxCachedBufferCapacity: 32768
12:36:47.293 [Test worker] DEBUG io.netty.buffer.PooledByteBufAllocator - -Dio.netty.allocator.cacheTrimInterval: 8192
12:36:47.293 [Test worker] DEBUG io.netty.buffer.PooledByteBufAllocator - -Dio.netty.allocator.cacheTrimIntervalMillis: 0
12:36:47.293 [Test worker] DEBUG io.netty.buffer.PooledByteBufAllocator - -Dio.netty.allocator.useCacheForAllThreads: false
12:36:47.293 [Test worker] DEBUG io.netty.buffer.PooledByteBufAllocator - -Dio.netty.allocator.maxCachedByteBuffersPerChunk: 1023
12:36:47.302 [Test worker] DEBUG io.netty.buffer.ByteBufUtil - -Dio.netty.allocator.type: pooled
12:36:47.302 [Test worker] DEBUG io.netty.buffer.ByteBufUtil - -Dio.netty.threadLocalDirectBufferSize: 0
12:36:47.302 [Test worker] DEBUG io.netty.buffer.ByteBufUtil - -Dio.netty.maxThreadLocalCharBufferSize: 16384
12:36:47.583 [Forwarding newSession on session null to remote] DEBUG io.netty.channel.DefaultChannelId - -Dio.netty.processId: 28640 (auto-detected)
12:36:47.585 [Forwarding newSession on session null to remote] DEBUG io.netty.util.NetUtil - -Djava.net.preferIPv4Stack: false
12:36:47.585 [Forwarding newSession on session null to remote] DEBUG io.netty.util.NetUtil - -Djava.net.preferIPv6Addresses: false
12:36:47.593 [Forwarding newSession on session null to remote] DEBUG io.netty.util.NetUtilInitializations - Loopback interface: lo (Software Loopback Interface 1, 127.0.0.1)
12:36:47.594 [Forwarding newSession on session null to remote] DEBUG io.netty.util.NetUtil - Failed to get SOMAXCONN from sysctl and file \proc\sys\net\core\somaxconn. Default: 200
12:36:47.625 [Forwarding newSession on session null to remote] DEBUG io.netty.channel.DefaultChannelId - -Dio.netty.machineId: 14:75:5b:ff:fe:99:25:a5 (auto-detected)
12:36:47.665 [AsyncHttpClient-1-2] DEBUG io.netty.buffer.AbstractByteBuf - -Dio.netty.buffer.checkAccessible: true
12:36:47.665 [AsyncHttpClient-1-2] DEBUG io.netty.buffer.AbstractByteBuf - -Dio.netty.buffer.checkBounds: true
12:36:47.665 [AsyncHttpClient-1-2] DEBUG io.netty.util.ResourceLeakDetectorFactory - Loaded default ResourceLeakDetector: io.netty.util.ResourceLeakDetector@12f34168
12:36:47.679 [AsyncHttpClient-1-2] DEBUG org.asynchttpclient.netty.channel.NettyConnectListener - Using new Channel '[id: 0x807b5911, L:/127.0.0.1:56618 - R:localhost/127.0.0.1:49921]' for 'POST' to '/session'
12:36:47.692 [AsyncHttpClient-1-2] DEBUG io.netty.util.Recycler - -Dio.netty.recycler.maxCapacityPerThread: 4096
12:36:47.692 [AsyncHttpClient-1-2] DEBUG io.netty.util.Recycler - -Dio.netty.recycler.ratio: 8
12:36:47.692 [AsyncHttpClient-1-2] DEBUG io.netty.util.Recycler - -Dio.netty.recycler.chunkSize: 32
12:36:47.692 [AsyncHttpClient-1-2] DEBUG io.netty.util.Recycler - -Dio.netty.recycler.blocking: false
12:36:48.309 [AsyncHttpClient-1-2] DEBUG io.netty.handler.codec.compression.Brotli - brotli4j not in the classpath; Brotli support will be unavailable.
12:36:48.309 [AsyncHttpClient-1-2] DEBUG org.asynchttpclient.netty.handler.HttpHandler - 

Request DefaultHttpRequest(decodeResult: success, version: HTTP/1.1)
POST /session HTTP/1.1
User-Agent: selenium/4.4.0 (java windows)
Content-Length: 991
Content-Type: application/json; charset=utf-8
host: localhost:49921
accept: */*

Response DefaultHttpResponse(decodeResult: success, version: HTTP/1.1)
HTTP/1.1 200 OK
Content-Type: application/json; charset=utf-8
cache-control: no-cache
content-length: 854

12:36:48.318 [AsyncHttpClient-1-2] DEBUG org.asynchttpclient.netty.channel.ChannelManager - Adding key: http://localhost:49921 for channel [id: 0x807b5911, L:/127.0.0.1:56618 - R:localhost/127.0.0.1:49921]
12:36:48.384 [AsyncHttpClient-1-3] DEBUG org.asynchttpclient.netty.channel.NettyConnectListener - Using new Channel '[id: 0xb8995384, L:/127.0.0.1:56631 - R:localhost/127.0.0.1:56619]' for 'GET' to '/json/version'
12:36:48.389 [AsyncHttpClient-1-3] DEBUG org.asynchttpclient.netty.handler.HttpHandler - 

Request DefaultFullHttpRequest(decodeResult: success, version: HTTP/1.1, content: EmptyByteBufBE)
GET /json/version HTTP/1.1
User-Agent: selenium/4.4.0 (java windows)
host: localhost:56619
accept: */*

Response DefaultHttpResponse(decodeResult: success, version: HTTP/1.1)
HTTP/1.1 200 OK
Content-Security-Policy: frame-ancestors 'none'
Content-Type: application/json; charset=UTF-8
content-length: 432

12:36:48.389 [AsyncHttpClient-1-3] DEBUG org.asynchttpclient.netty.channel.ChannelManager - Adding key: http://localhost:56619 for channel [id: 0xb8995384, L:/127.0.0.1:56631 - R:localhost/127.0.0.1:56619]
12:36:48.397 [Test worker] DEBUG io.netty.util.internal.ThreadLocalRandom - -Dio.netty.initialSeedUniquifier: 0x27811e61075ac214
12:36:48.399 [AsyncHttpClient-1-4] DEBUG org.asynchttpclient.netty.channel.NettyConnectListener - Using new Channel '[id: 0xca483693, L:/127.0.0.1:56632 - R:localhost/127.0.0.1:56619]' for 'GET' to '/devtools/browser/f7f2ffba-a535-4f12-a860-97f41477e78b'
12:36:48.404 [AsyncHttpClient-1-4] DEBUG org.asynchttpclient.netty.handler.WebSocketHandler - 

Request DefaultFullHttpRequest(decodeResult: success, version: HTTP/1.1, content: EmptyByteBufBE)
GET /devtools/browser/f7f2ffba-a535-4f12-a860-97f41477e78b HTTP/1.1
upgrade: websocket
connection: upgrade
sec-websocket-key: zXNA8Tpesp/ooQzQumpPpw==
sec-websocket-version: 13
origin: http://localhost:56619
host: localhost:56619
accept: */*
user-agent: AHC/2.1

Response DefaultHttpResponse(decodeResult: success, version: HTTP/1.1)
HTTP/1.1 101 WebSocket Protocol Handshake
Upgrade: WebSocket
Connection: Upgrade
Sec-WebSocket-Accept: Qb/xVe+p97briemA0LJsOYrGkTc=

12:36:48.899 [Test worker] DEBUG net.thucydides.core.reflection.ClassFinder - Could not load class .co.com.screemplay.project.hook.OpenWeb
12:36:48.899 [Test worker] DEBUG net.thucydides.core.reflection.ClassFinder - Could not load class .co.com.screemplay.project.questions.ValitationText
12:36:48.899 [Test worker] DEBUG net.thucydides.core.reflection.ClassFinder - Could not load class .co.com.screemplay.project.runners.RunnerTest
12:36:48.899 [Test worker] DEBUG net.thucydides.core.reflection.ClassFinder - Could not load class .co.com.screemplay.project.stepdefinition.CompleteStep
12:36:48.899 [Test worker] DEBUG net.thucydides.core.reflection.ClassFinder - Could not load class .co.com.screemplay.project.stepdefinition.hook.Hook
12:36:48.899 [Test worker] DEBUG net.thucydides.core.reflection.ClassFinder - Could not load class .co.com.screemplay.project.tasks.Login
12:36:48.900 [Test worker] DEBUG net.thucydides.core.reflection.ClassFinder - Could not load class .co.com.screemplay.project.tasks.PlaceOrder
12:36:48.900 [Test worker] DEBUG net.thucydides.core.reflection.ClassFinder - Could not load class .co.com.screemplay.project.tasks.Product
12:36:48.900 [Test worker] DEBUG net.thucydides.core.reflection.ClassFinder - Could not load class .co.com.screemplay.project.tasks.Purchase
12:36:48.900 [Test worker] DEBUG net.thucydides.core.reflection.ClassFinder - Could not load class .co.com.screemplay.project.ui.AddCarUI
12:36:48.900 [Test worker] DEBUG net.thucydides.core.reflection.ClassFinder - Could not load class .co.com.screemplay.project.ui.LoginUI
12:36:48.900 [Test worker] DEBUG net.thucydides.core.reflection.ClassFinder - Could not load class .co.com.screemplay.project.ui.ProductUI
12:36:48.900 [Test worker] DEBUG net.thucydides.core.reflection.ClassFinder - Could not load class .co.com.screemplay.project.utils.Constants
12:36:48.900 [Test worker] DEBUG net.thucydides.core.reflection.ClassFinder - Could not load class .co.com.screemplay.project.utils.Time
12:36:48.901 [Test worker] DEBUG net.thucydides.core.reflection.ClassFinder - Could not load class META-INF.versions.9.com.sun.istack.logging.StackHelper
12:36:48.901 [Test worker] DEBUG net.thucydides.core.reflection.ClassFinder - Could not load class META-INF.versions.9.com.sun.xml.bind.v2.runtime.reflect.opt.AccessorInjector
12:36:48.902 [Test worker] DEBUG net.thucydides.core.reflection.ClassFinder - Could not load class META-INF.versions.9.com.sun.xml.bind.v2.runtime.reflect.opt.Injector
12:36:48.902 [Test worker] DEBUG net.thucydides.core.reflection.ClassFinder - Could not load class META-INF.versions.9.com.sun.xml.bind.v2.runtime.reflect.opt.OptimizedAccessorFactory
12:36:48.903 [Test worker] DEBUG net.thucydides.core.reflection.ClassFinder - Could not load class META-INF.versions.9.com.sun.xml.bind.v2.runtime.reflect.opt.OptimizedTransducedAccessorFactory
12:36:48.903 [Test worker] DEBUG net.thucydides.core.reflection.ClassFinder - Could not load class META-INF.versions.9.io.opentelemetry.sdk.internal.CurrentJavaVersionSpecific
12:36:48.903 [Test worker] DEBUG net.thucydides.core.reflection.ClassFinder - Could not load class META-INF.versions.9.io.opentelemetry.sdk.internal.Java9VersionSpecific
12:36:48.904 [Test worker] DEBUG net.thucydides.core.reflection.ClassFinder - Could not load class META-INF.versions.9.javax.xml.bind.ModuleUtil
12:36:48.904 [Test worker] DEBUG net.thucydides.core.reflection.ClassFinder - Could not load class META-INF.versions.9.module-info
12:36:48.905 [Test worker] DEBUG net.thucydides.core.reflection.ClassFinder - Could not load class META-INF.versions.9.org.junit.platform.commons.util.ModuleUtils
12:36:49.280 [Test worker] DEBUG net.thucydides.core.reflection.ClassFinder - Could not load class com.google.gson.internal.
12:36:49.387 [AsyncHttpClient-1-1] DEBUG org.asynchttpclient.netty.channel.DefaultChannelPool - Entry count for : http://localhost:56619 : 1
12:36:49.387 [AsyncHttpClient-1-1] DEBUG org.asynchttpclient.netty.channel.DefaultChannelPool - Entry count for : http://localhost:49921 : 1
12:36:49.397 [Test worker] DEBUG net.thucydides.core.reflection.ClassFinder - Could not load class com.sun.xml.bind.v2.runtime.output.FastInfosetStreamWriterOutput
12:36:49.659 [Test worker] DEBUG net.thucydides.core.reflection.ClassFinder - Could not load class module-info
12:36:50.482 [AsyncHttpClient-1-1] DEBUG org.asynchttpclient.netty.channel.DefaultChannelPool - Entry count for : http://localhost:56619 : 1
12:36:50.482 [AsyncHttpClient-1-1] DEBUG org.asynchttpclient.netty.channel.DefaultChannelPool - Entry count for : http://localhost:49921 : 1
12:36:51.582 [AsyncHttpClient-1-1] DEBUG org.asynchttpclient.netty.channel.DefaultChannelPool - Entry count for : http://localhost:56619 : 1
12:36:51.583 [AsyncHttpClient-1-1] DEBUG org.asynchttpclient.netty.channel.DefaultChannelPool - Entry count for : http://localhost:49921 : 1
12:36:52.121 [Forwarding get on session 319642172572fdf8090d6c9115dd1193 to remote] DEBUG org.asynchttpclient.netty.request.NettyRequestSender - Using pooled Channel '[id: 0x807b5911, L:/127.0.0.1:56618 - R:localhost/127.0.0.1:49921]' for 'POST' to 'http://localhost:49921/session/319642172572fdf8090d6c9115dd1193/url'
12:36:52.121 [Forwarding get on session 319642172572fdf8090d6c9115dd1193 to remote] DEBUG org.asynchttpclient.netty.request.NettyRequestSender - Using open Channel [id: 0x807b5911, L:/127.0.0.1:56618 - R:localhost/127.0.0.1:49921] for POST '/session/319642172572fdf8090d6c9115dd1193/url'
12:36:52.684 [AsyncHttpClient-1-1] DEBUG org.asynchttpclient.netty.channel.DefaultChannelPool - Entry count for : http://localhost:56619 : 1
12:36:52.960 [AsyncHttpClient-1-2] DEBUG org.asynchttpclient.netty.handler.HttpHandler - 

Request DefaultHttpRequest(decodeResult: success, version: HTTP/1.1)
POST /session/319642172572fdf8090d6c9115dd1193/url HTTP/1.1
User-Agent: selenium/4.4.0 (java windows)
Content-Length: 56
Content-Type: application/json; charset=utf-8
host: localhost:49921
accept: */*

Response DefaultHttpResponse(decodeResult: success, version: HTTP/1.1)
HTTP/1.1 200 OK
Content-Type: application/json; charset=utf-8
cache-control: no-cache
content-length: 14

12:36:52.961 [AsyncHttpClient-1-2] DEBUG org.asynchttpclient.netty.channel.ChannelManager - Adding key: http://localhost:49921 for channel [id: 0x807b5911, L:/127.0.0.1:56618 - R:localhost/127.0.0.1:49921]
12:36:52.967 [Forwarding setTimeout on session 319642172572fdf8090d6c9115dd1193 to remote] DEBUG org.asynchttpclient.netty.request.NettyRequestSender - Using pooled Channel '[id: 0x807b5911, L:/127.0.0.1:56618 - R:localhost/127.0.0.1:49921]' for 'POST' to 'http://localhost:49921/session/319642172572fdf8090d6c9115dd1193/timeouts'
12:36:52.967 [Forwarding setTimeout on session 319642172572fdf8090d6c9115dd1193 to remote] DEBUG org.asynchttpclient.netty.request.NettyRequestSender - Using open Channel [id: 0x807b5911, L:/127.0.0.1:56618 - R:localhost/127.0.0.1:49921] for POST '/session/319642172572fdf8090d6c9115dd1193/timeouts'
12:36:52.970 [AsyncHttpClient-1-2] DEBUG org.asynchttpclient.netty.handler.HttpHandler - 

Request DefaultHttpRequest(decodeResult: success, version: HTTP/1.1)
POST /session/319642172572fdf8090d6c9115dd1193/timeouts HTTP/1.1
User-Agent: selenium/4.4.0 (java windows)
Content-Length: 22
Content-Type: application/json; charset=utf-8
host: localhost:49921
accept: */*

Response DefaultHttpResponse(decodeResult: success, version: HTTP/1.1)
HTTP/1.1 200 OK
Content-Type: application/json; charset=utf-8
cache-control: no-cache
content-length: 14

12:36:52.971 [AsyncHttpClient-1-2] DEBUG org.asynchttpclient.netty.channel.ChannelManager - Adding key: http://localhost:49921 for channel [id: 0x807b5911, L:/127.0.0.1:56618 - R:localhost/127.0.0.1:49921]
12:36:52.987 [Forwarding getCurrentUrl on session 319642172572fdf8090d6c9115dd1193 to remote] DEBUG org.asynchttpclient.netty.request.NettyRequestSender - Using pooled Channel '[id: 0x807b5911, L:/127.0.0.1:56618 - R:localhost/127.0.0.1:49921]' for 'GET' to 'http://localhost:49921/session/319642172572fdf8090d6c9115dd1193/url'
12:36:52.987 [Forwarding getCurrentUrl on session 319642172572fdf8090d6c9115dd1193 to remote] DEBUG org.asynchttpclient.netty.request.NettyRequestSender - Using open Channel [id: 0x807b5911, L:/127.0.0.1:56618 - R:localhost/127.0.0.1:49921] for GET '/session/319642172572fdf8090d6c9115dd1193/url'
12:36:52.998 [AsyncHttpClient-1-2] DEBUG org.asynchttpclient.netty.handler.HttpHandler - 

Request DefaultFullHttpRequest(decodeResult: success, version: HTTP/1.1, content: EmptyByteBufBE)
GET /session/319642172572fdf8090d6c9115dd1193/url HTTP/1.1
User-Agent: selenium/4.4.0 (java windows)
Cache-Control: no-cache
Content-Type: application/json; charset=utf-8
host: localhost:49921
accept: */*

Response DefaultHttpResponse(decodeResult: success, version: HTTP/1.1)
HTTP/1.1 200 OK
Content-Type: application/json; charset=utf-8
cache-control: no-cache
content-length: 38

12:36:52.999 [AsyncHttpClient-1-2] DEBUG org.asynchttpclient.netty.channel.ChannelManager - Adding key: http://localhost:49921 for channel [id: 0x807b5911, L:/127.0.0.1:56618 - R:localhost/127.0.0.1:49921]
12:36:53.217 [Test worker] DEBUG net.serenitybdd.core.photography.Darkroom - Opening darkroom
12:36:53.220 [Darkroom Processing Line] DEBUG net.serenitybdd.core.photography.DarkroomProcessingLine - Darkroom processing line starting up
12:36:53.244 [Forwarding getCurrentWindowHandle on session 319642172572fdf8090d6c9115dd1193 to remote] DEBUG org.asynchttpclient.netty.request.NettyRequestSender - Using pooled Channel '[id: 0x807b5911, L:/127.0.0.1:56618 - R:localhost/127.0.0.1:49921]' for 'GET' to 'http://localhost:49921/session/319642172572fdf8090d6c9115dd1193/window'
12:36:53.245 [Forwarding getCurrentWindowHandle on session 319642172572fdf8090d6c9115dd1193 to remote] DEBUG org.asynchttpclient.netty.request.NettyRequestSender - Using open Channel [id: 0x807b5911, L:/127.0.0.1:56618 - R:localhost/127.0.0.1:49921] for GET '/session/319642172572fdf8090d6c9115dd1193/window'
12:36:53.248 [AsyncHttpClient-1-2] DEBUG org.asynchttpclient.netty.handler.HttpHandler - 

Request DefaultFullHttpRequest(decodeResult: success, version: HTTP/1.1, content: EmptyByteBufBE)
GET /session/319642172572fdf8090d6c9115dd1193/window HTTP/1.1
User-Agent: selenium/4.4.0 (java windows)
Cache-Control: no-cache
Content-Type: application/json; charset=utf-8
host: localhost:49921
accept: */*

Response DefaultHttpResponse(decodeResult: success, version: HTTP/1.1)
HTTP/1.1 200 OK
Content-Type: application/json; charset=utf-8
cache-control: no-cache
content-length: 44

12:36:53.249 [AsyncHttpClient-1-2] DEBUG org.asynchttpclient.netty.channel.ChannelManager - Adding key: http://localhost:49921 for channel [id: 0x807b5911, L:/127.0.0.1:56618 - R:localhost/127.0.0.1:49921]
12:36:53.263 [Forwarding getAlertText on session 319642172572fdf8090d6c9115dd1193 to remote] DEBUG org.asynchttpclient.netty.request.NettyRequestSender - Using pooled Channel '[id: 0x807b5911, L:/127.0.0.1:56618 - R:localhost/127.0.0.1:49921]' for 'GET' to 'http://localhost:49921/session/319642172572fdf8090d6c9115dd1193/alert/text'
12:36:53.263 [Forwarding getAlertText on session 319642172572fdf8090d6c9115dd1193 to remote] DEBUG org.asynchttpclient.netty.request.NettyRequestSender - Using open Channel [id: 0x807b5911, L:/127.0.0.1:56618 - R:localhost/127.0.0.1:49921] for GET '/session/319642172572fdf8090d6c9115dd1193/alert/text'
12:36:53.269 [AsyncHttpClient-1-2] DEBUG org.asynchttpclient.netty.handler.HttpHandler - 

Request DefaultFullHttpRequest(decodeResult: success, version: HTTP/1.1, content: EmptyByteBufBE)
GET /session/319642172572fdf8090d6c9115dd1193/alert/text HTTP/1.1
User-Agent: selenium/4.4.0 (java windows)
Cache-Control: no-cache
Content-Type: application/json; charset=utf-8
host: localhost:49921
accept: */*

Response DefaultHttpResponse(decodeResult: success, version: HTTP/1.1)
HTTP/1.1 404 Not Found
Content-Type: application/json; charset=utf-8
cache-control: no-cache
content-length: 1045

12:36:53.270 [AsyncHttpClient-1-2] DEBUG org.asynchttpclient.netty.channel.ChannelManager - Adding key: http://localhost:49921 for channel [id: 0x807b5911, L:/127.0.0.1:56618 - R:localhost/127.0.0.1:49921]
12:36:53.311 [Forwarding switchToWindow on session 319642172572fdf8090d6c9115dd1193 to remote] DEBUG org.asynchttpclient.netty.request.NettyRequestSender - Using pooled Channel '[id: 0x807b5911, L:/127.0.0.1:56618 - R:localhost/127.0.0.1:49921]' for 'POST' to 'http://localhost:49921/session/319642172572fdf8090d6c9115dd1193/window'
12:36:53.311 [Forwarding switchToWindow on session 319642172572fdf8090d6c9115dd1193 to remote] DEBUG org.asynchttpclient.netty.request.NettyRequestSender - Using open Channel [id: 0x807b5911, L:/127.0.0.1:56618 - R:localhost/127.0.0.1:49921] for POST '/session/319642172572fdf8090d6c9115dd1193/window'
12:36:53.321 [AsyncHttpClient-1-2] DEBUG org.asynchttpclient.netty.handler.HttpHandler - 

Request DefaultHttpRequest(decodeResult: success, version: HTTP/1.1)
POST /session/319642172572fdf8090d6c9115dd1193/window HTTP/1.1
User-Agent: selenium/4.4.0 (java windows)
Content-Length: 50
Content-Type: application/json; charset=utf-8
host: localhost:49921
accept: */*

Response DefaultHttpResponse(decodeResult: success, version: HTTP/1.1)
HTTP/1.1 200 OK
Content-Type: application/json; charset=utf-8
cache-control: no-cache
content-length: 14

12:36:53.322 [AsyncHttpClient-1-2] DEBUG org.asynchttpclient.netty.channel.ChannelManager - Adding key: http://localhost:49921 for channel [id: 0x807b5911, L:/127.0.0.1:56618 - R:localhost/127.0.0.1:49921]
12:36:53.328 [Forwarding getCurrentUrl on session 319642172572fdf8090d6c9115dd1193 to remote] DEBUG org.asynchttpclient.netty.request.NettyRequestSender - Using pooled Channel '[id: 0x807b5911, L:/127.0.0.1:56618 - R:localhost/127.0.0.1:49921]' for 'GET' to 'http://localhost:49921/session/319642172572fdf8090d6c9115dd1193/url'
12:36:53.328 [Forwarding getCurrentUrl on session 319642172572fdf8090d6c9115dd1193 to remote] DEBUG org.asynchttpclient.netty.request.NettyRequestSender - Using open Channel [id: 0x807b5911, L:/127.0.0.1:56618 - R:localhost/127.0.0.1:49921] for GET '/session/319642172572fdf8090d6c9115dd1193/url'
12:36:53.337 [AsyncHttpClient-1-2] DEBUG org.asynchttpclient.netty.handler.HttpHandler - 

Request DefaultFullHttpRequest(decodeResult: success, version: HTTP/1.1, content: EmptyByteBufBE)
GET /session/319642172572fdf8090d6c9115dd1193/url HTTP/1.1
User-Agent: selenium/4.4.0 (java windows)
Cache-Control: no-cache
Content-Type: application/json; charset=utf-8
host: localhost:49921
accept: */*

Response DefaultHttpResponse(decodeResult: success, version: HTTP/1.1)
HTTP/1.1 200 OK
Content-Type: application/json; charset=utf-8
cache-control: no-cache
content-length: 38

12:36:53.338 [AsyncHttpClient-1-2] DEBUG org.asynchttpclient.netty.channel.ChannelManager - Adding key: http://localhost:49921 for channel [id: 0x807b5911, L:/127.0.0.1:56618 - R:localhost/127.0.0.1:49921]
12:36:53.341 [Forwarding screenshot on session 319642172572fdf8090d6c9115dd1193 to remote] DEBUG org.asynchttpclient.netty.request.NettyRequestSender - Using pooled Channel '[id: 0x807b5911, L:/127.0.0.1:56618 - R:localhost/127.0.0.1:49921]' for 'GET' to 'http://localhost:49921/session/319642172572fdf8090d6c9115dd1193/screenshot'
12:36:53.341 [Forwarding screenshot on session 319642172572fdf8090d6c9115dd1193 to remote] DEBUG org.asynchttpclient.netty.request.NettyRequestSender - Using open Channel [id: 0x807b5911, L:/127.0.0.1:56618 - R:localhost/127.0.0.1:49921] for GET '/session/319642172572fdf8090d6c9115dd1193/screenshot'
12:36:53.514 [AsyncHttpClient-1-2] DEBUG org.asynchttpclient.netty.handler.HttpHandler - 

Request DefaultFullHttpRequest(decodeResult: success, version: HTTP/1.1, content: EmptyByteBufBE)
GET /session/319642172572fdf8090d6c9115dd1193/screenshot HTTP/1.1
User-Agent: selenium/4.4.0 (java windows)
Cache-Control: no-cache
Content-Type: application/json; charset=utf-8
host: localhost:49921
accept: */*

Response DefaultHttpResponse(decodeResult: success, version: HTTP/1.1)
HTTP/1.1 200 OK
Content-Type: application/json; charset=utf-8
cache-control: no-cache
content-length: 469056

12:36:53.523 [AsyncHttpClient-1-2] DEBUG org.asynchttpclient.netty.channel.ChannelManager - Adding key: http://localhost:49921 for channel [id: 0x807b5911, L:/127.0.0.1:56618 - R:localhost/127.0.0.1:49921]
12:36:53.620 [Test worker] DEBUG net.serenitybdd.core.photography.Darkroom - Send negative for processing for C:\Users\pcnit\Downloads\TestE2E\target\site\serenity\9965d795ddb3f44deca1331760b57c820390bb514df92bcdcce74c377ca53d10.png
12:36:53.624 [Test worker] DEBUG net.thucydides.core.steps.StepInterceptor - STEP DONE: {0} opens the browser at #url
12:36:53.666 [Test worker] DEBUG net.thucydides.core.steps.StepInterceptor - STEP DONE: performAs
12:36:53.796 [AsyncHttpClient-1-1] DEBUG org.asynchttpclient.netty.channel.DefaultChannelPool - Entry count for : http://localhost:56619 : 1
12:36:53.798 [AsyncHttpClient-1-1] DEBUG org.asynchttpclient.netty.channel.DefaultChannelPool - Entry count for : http://localhost:49921 : 1
12:36:54.895 [AsyncHttpClient-1-1] DEBUG org.asynchttpclient.netty.channel.DefaultChannelPool - Entry count for : http://localhost:56619 : 1
12:36:54.896 [AsyncHttpClient-1-1] DEBUG org.asynchttpclient.netty.channel.DefaultChannelPool - Entry count for : http://localhost:49921 : 1
12:36:55.994 [AsyncHttpClient-1-1] DEBUG org.asynchttpclient.netty.channel.DefaultChannelPool - Entry count for : http://localhost:56619 : 1
12:36:55.994 [AsyncHttpClient-1-1] DEBUG org.asynchttpclient.netty.channel.DefaultChannelPool - Entry count for : http://localhost:49921 : 1
12:36:57.084 [AsyncHttpClient-1-1] DEBUG org.asynchttpclient.netty.channel.DefaultChannelPool - Entry count for : http://localhost:56619 : 1
12:36:57.084 [AsyncHttpClient-1-1] DEBUG org.asynchttpclient.netty.channel.DefaultChannelPool - Entry count for : http://localhost:49921 : 1
12:36:58.184 [AsyncHttpClient-1-1] DEBUG org.asynchttpclient.netty.channel.DefaultChannelPool - Entry count for : http://localhost:56619 : 1
12:36:58.186 [AsyncHttpClient-1-1] DEBUG org.asynchttpclient.netty.channel.DefaultChannelPool - Entry count for : http://localhost:49921 : 1
12:36:58.943 [Forwarding getCurrentWindowHandle on session 319642172572fdf8090d6c9115dd1193 to remote] DEBUG org.asynchttpclient.netty.request.NettyRequestSender - Using pooled Channel '[id: 0x807b5911, L:/127.0.0.1:56618 - R:localhost/127.0.0.1:49921]' for 'GET' to 'http://localhost:49921/session/319642172572fdf8090d6c9115dd1193/window'
12:36:58.943 [Forwarding getCurrentWindowHandle on session 319642172572fdf8090d6c9115dd1193 to remote] DEBUG org.asynchttpclient.netty.request.NettyRequestSender - Using open Channel [id: 0x807b5911, L:/127.0.0.1:56618 - R:localhost/127.0.0.1:49921] for GET '/session/319642172572fdf8090d6c9115dd1193/window'
12:36:58.947 [AsyncHttpClient-1-2] DEBUG org.asynchttpclient.netty.handler.HttpHandler - 

Request DefaultFullHttpRequest(decodeResult: success, version: HTTP/1.1, content: EmptyByteBufBE)
GET /session/319642172572fdf8090d6c9115dd1193/window HTTP/1.1
User-Agent: selenium/4.4.0 (java windows)
Cache-Control: no-cache
Content-Type: application/json; charset=utf-8
host: localhost:49921
accept: */*

Response DefaultHttpResponse(decodeResult: success, version: HTTP/1.1)
HTTP/1.1 200 OK
Content-Type: application/json; charset=utf-8
cache-control: no-cache
content-length: 44

12:36:58.948 [AsyncHttpClient-1-2] DEBUG org.asynchttpclient.netty.channel.ChannelManager - Adding key: http://localhost:49921 for channel [id: 0x807b5911, L:/127.0.0.1:56618 - R:localhost/127.0.0.1:49921]
12:36:58.975 [Forwarding getAlertText on session 319642172572fdf8090d6c9115dd1193 to remote] DEBUG org.asynchttpclient.netty.request.NettyRequestSender - Using pooled Channel '[id: 0x807b5911, L:/127.0.0.1:56618 - R:localhost/127.0.0.1:49921]' for 'GET' to 'http://localhost:49921/session/319642172572fdf8090d6c9115dd1193/alert/text'
12:36:58.975 [Forwarding getAlertText on session 319642172572fdf8090d6c9115dd1193 to remote] DEBUG org.asynchttpclient.netty.request.NettyRequestSender - Using open Channel [id: 0x807b5911, L:/127.0.0.1:56618 - R:localhost/127.0.0.1:49921] for GET '/session/319642172572fdf8090d6c9115dd1193/alert/text'
12:36:58.984 [AsyncHttpClient-1-2] DEBUG org.asynchttpclient.netty.handler.HttpHandler - 

Request DefaultFullHttpRequest(decodeResult: success, version: HTTP/1.1, content: EmptyByteBufBE)
GET /session/319642172572fdf8090d6c9115dd1193/alert/text HTTP/1.1
User-Agent: selenium/4.4.0 (java windows)
Cache-Control: no-cache
Content-Type: application/json; charset=utf-8
host: localhost:49921
accept: */*

Response DefaultHttpResponse(decodeResult: success, version: HTTP/1.1)
HTTP/1.1 404 Not Found
Content-Type: application/json; charset=utf-8
cache-control: no-cache
content-length: 1045

12:36:58.985 [AsyncHttpClient-1-2] DEBUG org.asynchttpclient.netty.channel.ChannelManager - Adding key: http://localhost:49921 for channel [id: 0x807b5911, L:/127.0.0.1:56618 - R:localhost/127.0.0.1:49921]
12:36:58.997 [Forwarding switchToWindow on session 319642172572fdf8090d6c9115dd1193 to remote] DEBUG org.asynchttpclient.netty.request.NettyRequestSender - Using pooled Channel '[id: 0x807b5911, L:/127.0.0.1:56618 - R:localhost/127.0.0.1:49921]' for 'POST' to 'http://localhost:49921/session/319642172572fdf8090d6c9115dd1193/window'
12:36:58.997 [Forwarding switchToWindow on session 319642172572fdf8090d6c9115dd1193 to remote] DEBUG org.asynchttpclient.netty.request.NettyRequestSender - Using open Channel [id: 0x807b5911, L:/127.0.0.1:56618 - R:localhost/127.0.0.1:49921] for POST '/session/319642172572fdf8090d6c9115dd1193/window'
12:36:59.001 [AsyncHttpClient-1-2] DEBUG org.asynchttpclient.netty.handler.HttpHandler - 

Request DefaultHttpRequest(decodeResult: success, version: HTTP/1.1)
POST /session/319642172572fdf8090d6c9115dd1193/window HTTP/1.1
User-Agent: selenium/4.4.0 (java windows)
Content-Length: 50
Content-Type: application/json; charset=utf-8
host: localhost:49921
accept: */*

Response DefaultHttpResponse(decodeResult: success, version: HTTP/1.1)
HTTP/1.1 200 OK
Content-Type: application/json; charset=utf-8
cache-control: no-cache
content-length: 14

12:36:59.001 [AsyncHttpClient-1-2] DEBUG org.asynchttpclient.netty.channel.ChannelManager - Adding key: http://localhost:49921 for channel [id: 0x807b5911, L:/127.0.0.1:56618 - R:localhost/127.0.0.1:49921]
12:36:59.003 [Forwarding getCurrentUrl on session 319642172572fdf8090d6c9115dd1193 to remote] DEBUG org.asynchttpclient.netty.request.NettyRequestSender - Using pooled Channel '[id: 0x807b5911, L:/127.0.0.1:56618 - R:localhost/127.0.0.1:49921]' for 'GET' to 'http://localhost:49921/session/319642172572fdf8090d6c9115dd1193/url'
12:36:59.003 [Forwarding getCurrentUrl on session 319642172572fdf8090d6c9115dd1193 to remote] DEBUG org.asynchttpclient.netty.request.NettyRequestSender - Using open Channel [id: 0x807b5911, L:/127.0.0.1:56618 - R:localhost/127.0.0.1:49921] for GET '/session/319642172572fdf8090d6c9115dd1193/url'
12:36:59.013 [AsyncHttpClient-1-2] DEBUG org.asynchttpclient.netty.handler.HttpHandler - 

Request DefaultFullHttpRequest(decodeResult: success, version: HTTP/1.1, content: EmptyByteBufBE)
GET /session/319642172572fdf8090d6c9115dd1193/url HTTP/1.1
User-Agent: selenium/4.4.0 (java windows)
Cache-Control: no-cache
Content-Type: application/json; charset=utf-8
host: localhost:49921
accept: */*

Response DefaultHttpResponse(decodeResult: success, version: HTTP/1.1)
HTTP/1.1 200 OK
Content-Type: application/json; charset=utf-8
cache-control: no-cache
content-length: 38

12:36:59.013 [AsyncHttpClient-1-2] DEBUG org.asynchttpclient.netty.channel.ChannelManager - Adding key: http://localhost:49921 for channel [id: 0x807b5911, L:/127.0.0.1:56618 - R:localhost/127.0.0.1:49921]
12:36:59.015 [Forwarding screenshot on session 319642172572fdf8090d6c9115dd1193 to remote] DEBUG org.asynchttpclient.netty.request.NettyRequestSender - Using pooled Channel '[id: 0x807b5911, L:/127.0.0.1:56618 - R:localhost/127.0.0.1:49921]' for 'GET' to 'http://localhost:49921/session/319642172572fdf8090d6c9115dd1193/screenshot'
12:36:59.015 [Forwarding screenshot on session 319642172572fdf8090d6c9115dd1193 to remote] DEBUG org.asynchttpclient.netty.request.NettyRequestSender - Using open Channel [id: 0x807b5911, L:/127.0.0.1:56618 - R:localhost/127.0.0.1:49921] for GET '/session/319642172572fdf8090d6c9115dd1193/screenshot'
12:36:59.198 [AsyncHttpClient-1-2] DEBUG org.asynchttpclient.netty.handler.HttpHandler - 

Request DefaultFullHttpRequest(decodeResult: success, version: HTTP/1.1, content: EmptyByteBufBE)
GET /session/319642172572fdf8090d6c9115dd1193/screenshot HTTP/1.1
User-Agent: selenium/4.4.0 (java windows)
Cache-Control: no-cache
Content-Type: application/json; charset=utf-8
host: localhost:49921
accept: */*

Response DefaultHttpResponse(decodeResult: success, version: HTTP/1.1)
HTTP/1.1 200 OK
Content-Type: application/json; charset=utf-8
cache-control: no-cache
content-length: 729028

12:36:59.205 [AsyncHttpClient-1-2] DEBUG org.asynchttpclient.netty.channel.ChannelManager - Adding key: http://localhost:49921 for channel [id: 0x807b5911, L:/127.0.0.1:56618 - R:localhost/127.0.0.1:49921]
12:36:59.269 [Test worker] DEBUG net.serenitybdd.core.photography.Darkroom - Send negative for processing for C:\Users\pcnit\Downloads\TestE2E\target\site\serenity\e0e8d08b29eff240f6129467ffc9978d754060778ad8e29f74fe365fe36542d7.png
12:36:59.280 [Forwarding getPageSource on session 319642172572fdf8090d6c9115dd1193 to remote] DEBUG org.asynchttpclient.netty.request.NettyRequestSender - Using pooled Channel '[id: 0x807b5911, L:/127.0.0.1:56618 - R:localhost/127.0.0.1:49921]' for 'POST' to 'http://localhost:49921/session/319642172572fdf8090d6c9115dd1193/execute/sync'
12:36:59.280 [Forwarding getPageSource on session 319642172572fdf8090d6c9115dd1193 to remote] DEBUG org.asynchttpclient.netty.request.NettyRequestSender - Using open Channel [id: 0x807b5911, L:/127.0.0.1:56618 - R:localhost/127.0.0.1:49921] for POST '/session/319642172572fdf8090d6c9115dd1193/execute/sync'
12:36:59.296 [AsyncHttpClient-1-1] DEBUG org.asynchttpclient.netty.channel.DefaultChannelPool - Entry count for : http://localhost:56619 : 1
12:36:59.299 [AsyncHttpClient-1-2] DEBUG org.asynchttpclient.netty.handler.HttpHandler - 

Request DefaultHttpRequest(decodeResult: success, version: HTTP/1.1)
POST /session/319642172572fdf8090d6c9115dd1193/execute/sync HTTP/1.1
User-Agent: selenium/4.4.0 (java windows)
Content-Length: 176
Content-Type: application/json; charset=utf-8
host: localhost:49921
accept: */*

Response DefaultHttpResponse(decodeResult: success, version: HTTP/1.1)
HTTP/1.1 200 OK
Content-Type: application/json; charset=utf-8
cache-control: no-cache
content-length: 57308

12:36:59.300 [AsyncHttpClient-1-2] DEBUG org.asynchttpclient.netty.channel.ChannelManager - Adding key: http://localhost:49921 for channel [id: 0x807b5911, L:/127.0.0.1:56618 - R:localhost/127.0.0.1:49921]
12:36:59.484 [Forwarding getCurrentUrl on session 319642172572fdf8090d6c9115dd1193 to remote] DEBUG org.asynchttpclient.netty.request.NettyRequestSender - Using pooled Channel '[id: 0x807b5911, L:/127.0.0.1:56618 - R:localhost/127.0.0.1:49921]' for 'GET' to 'http://localhost:49921/session/319642172572fdf8090d6c9115dd1193/url'
12:36:59.485 [Forwarding getCurrentUrl on session 319642172572fdf8090d6c9115dd1193 to remote] DEBUG org.asynchttpclient.netty.request.NettyRequestSender - Using open Channel [id: 0x807b5911, L:/127.0.0.1:56618 - R:localhost/127.0.0.1:49921] for GET '/session/319642172572fdf8090d6c9115dd1193/url'
12:36:59.501 [AsyncHttpClient-1-2] DEBUG org.asynchttpclient.netty.handler.HttpHandler - 

Request DefaultFullHttpRequest(decodeResult: success, version: HTTP/1.1, content: EmptyByteBufBE)
GET /session/319642172572fdf8090d6c9115dd1193/url HTTP/1.1
User-Agent: selenium/4.4.0 (java windows)
Cache-Control: no-cache
Content-Type: application/json; charset=utf-8
host: localhost:49921
accept: */*

Response DefaultHttpResponse(decodeResult: success, version: HTTP/1.1)
HTTP/1.1 200 OK
Content-Type: application/json; charset=utf-8
cache-control: no-cache
content-length: 38

12:36:59.502 [AsyncHttpClient-1-2] DEBUG org.asynchttpclient.netty.channel.ChannelManager - Adding key: http://localhost:49921 for channel [id: 0x807b5911, L:/127.0.0.1:56618 - R:localhost/127.0.0.1:49921]
12:36:59.555 [Forwarding getTitle on session 319642172572fdf8090d6c9115dd1193 to remote] DEBUG org.asynchttpclient.netty.request.NettyRequestSender - Using pooled Channel '[id: 0x807b5911, L:/127.0.0.1:56618 - R:localhost/127.0.0.1:49921]' for 'GET' to 'http://localhost:49921/session/319642172572fdf8090d6c9115dd1193/title'
12:36:59.556 [Forwarding getTitle on session 319642172572fdf8090d6c9115dd1193 to remote] DEBUG org.asynchttpclient.netty.request.NettyRequestSender - Using open Channel [id: 0x807b5911, L:/127.0.0.1:56618 - R:localhost/127.0.0.1:49921] for GET '/session/319642172572fdf8090d6c9115dd1193/title'
12:36:59.572 [AsyncHttpClient-1-2] DEBUG org.asynchttpclient.netty.handler.HttpHandler - 

Request DefaultFullHttpRequest(decodeResult: success, version: HTTP/1.1, content: EmptyByteBufBE)
GET /session/319642172572fdf8090d6c9115dd1193/title HTTP/1.1
User-Agent: selenium/4.4.0 (java windows)
Cache-Control: no-cache
Content-Type: application/json; charset=utf-8
host: localhost:49921
accept: */*

Response DefaultHttpResponse(decodeResult: success, version: HTTP/1.1)
HTTP/1.1 200 OK
Content-Type: application/json; charset=utf-8
cache-control: no-cache
content-length: 17

12:36:59.573 [AsyncHttpClient-1-2] DEBUG org.asynchttpclient.netty.channel.ChannelManager - Adding key: http://localhost:49921 for channel [id: 0x807b5911, L:/127.0.0.1:56618 - R:localhost/127.0.0.1:49921]
12:36:59.631 [Forwarding getCurrentWindowHandle on session 319642172572fdf8090d6c9115dd1193 to remote] DEBUG org.asynchttpclient.netty.request.NettyRequestSender - Using pooled Channel '[id: 0x807b5911, L:/127.0.0.1:56618 - R:localhost/127.0.0.1:49921]' for 'GET' to 'http://localhost:49921/session/319642172572fdf8090d6c9115dd1193/window'
12:36:59.631 [Forwarding getCurrentWindowHandle on session 319642172572fdf8090d6c9115dd1193 to remote] DEBUG org.asynchttpclient.netty.request.NettyRequestSender - Using open Channel [id: 0x807b5911, L:/127.0.0.1:56618 - R:localhost/127.0.0.1:49921] for GET '/session/319642172572fdf8090d6c9115dd1193/window'
12:36:59.634 [AsyncHttpClient-1-2] DEBUG org.asynchttpclient.netty.handler.HttpHandler - 

Request DefaultFullHttpRequest(decodeResult: success, version: HTTP/1.1, content: EmptyByteBufBE)
GET /session/319642172572fdf8090d6c9115dd1193/window HTTP/1.1
User-Agent: selenium/4.4.0 (java windows)
Cache-Control: no-cache
Content-Type: application/json; charset=utf-8
host: localhost:49921
accept: */*

Response DefaultHttpResponse(decodeResult: success, version: HTTP/1.1)
HTTP/1.1 200 OK
Content-Type: application/json; charset=utf-8
cache-control: no-cache
content-length: 44

12:36:59.634 [AsyncHttpClient-1-2] DEBUG org.asynchttpclient.netty.channel.ChannelManager - Adding key: http://localhost:49921 for channel [id: 0x807b5911, L:/127.0.0.1:56618 - R:localhost/127.0.0.1:49921]
12:36:59.647 [Forwarding getAlertText on session 319642172572fdf8090d6c9115dd1193 to remote] DEBUG org.asynchttpclient.netty.request.NettyRequestSender - Using pooled Channel '[id: 0x807b5911, L:/127.0.0.1:56618 - R:localhost/127.0.0.1:49921]' for 'GET' to 'http://localhost:49921/session/319642172572fdf8090d6c9115dd1193/alert/text'
12:36:59.648 [Forwarding getAlertText on session 319642172572fdf8090d6c9115dd1193 to remote] DEBUG org.asynchttpclient.netty.request.NettyRequestSender - Using open Channel [id: 0x807b5911, L:/127.0.0.1:56618 - R:localhost/127.0.0.1:49921] for GET '/session/319642172572fdf8090d6c9115dd1193/alert/text'
12:36:59.652 [AsyncHttpClient-1-2] DEBUG org.asynchttpclient.netty.handler.HttpHandler - 

Request DefaultFullHttpRequest(decodeResult: success, version: HTTP/1.1, content: EmptyByteBufBE)
GET /session/319642172572fdf8090d6c9115dd1193/alert/text HTTP/1.1
User-Agent: selenium/4.4.0 (java windows)
Cache-Control: no-cache
Content-Type: application/json; charset=utf-8
host: localhost:49921
accept: */*

Response DefaultHttpResponse(decodeResult: success, version: HTTP/1.1)
HTTP/1.1 404 Not Found
Content-Type: application/json; charset=utf-8
cache-control: no-cache
content-length: 1045

12:36:59.653 [AsyncHttpClient-1-2] DEBUG org.asynchttpclient.netty.channel.ChannelManager - Adding key: http://localhost:49921 for channel [id: 0x807b5911, L:/127.0.0.1:56618 - R:localhost/127.0.0.1:49921]
12:36:59.686 [Forwarding switchToWindow on session 319642172572fdf8090d6c9115dd1193 to remote] DEBUG org.asynchttpclient.netty.request.NettyRequestSender - Using pooled Channel '[id: 0x807b5911, L:/127.0.0.1:56618 - R:localhost/127.0.0.1:49921]' for 'POST' to 'http://localhost:49921/session/319642172572fdf8090d6c9115dd1193/window'
12:36:59.686 [Forwarding switchToWindow on session 319642172572fdf8090d6c9115dd1193 to remote] DEBUG org.asynchttpclient.netty.request.NettyRequestSender - Using open Channel [id: 0x807b5911, L:/127.0.0.1:56618 - R:localhost/127.0.0.1:49921] for POST '/session/319642172572fdf8090d6c9115dd1193/window'
12:36:59.692 [AsyncHttpClient-1-2] DEBUG org.asynchttpclient.netty.handler.HttpHandler - 

Request DefaultHttpRequest(decodeResult: success, version: HTTP/1.1)
POST /session/319642172572fdf8090d6c9115dd1193/window HTTP/1.1
User-Agent: selenium/4.4.0 (java windows)
Content-Length: 50
Content-Type: application/json; charset=utf-8
host: localhost:49921
accept: */*

Response DefaultHttpResponse(decodeResult: success, version: HTTP/1.1)
HTTP/1.1 200 OK
Content-Type: application/json; charset=utf-8
cache-control: no-cache
content-length: 14

12:36:59.693 [AsyncHttpClient-1-2] DEBUG org.asynchttpclient.netty.channel.ChannelManager - Adding key: http://localhost:49921 for channel [id: 0x807b5911, L:/127.0.0.1:56618 - R:localhost/127.0.0.1:49921]
12:36:59.695 [Forwarding getCurrentUrl on session 319642172572fdf8090d6c9115dd1193 to remote] DEBUG org.asynchttpclient.netty.request.NettyRequestSender - Using pooled Channel '[id: 0x807b5911, L:/127.0.0.1:56618 - R:localhost/127.0.0.1:49921]' for 'GET' to 'http://localhost:49921/session/319642172572fdf8090d6c9115dd1193/url'
12:36:59.695 [Forwarding getCurrentUrl on session 319642172572fdf8090d6c9115dd1193 to remote] DEBUG org.asynchttpclient.netty.request.NettyRequestSender - Using open Channel [id: 0x807b5911, L:/127.0.0.1:56618 - R:localhost/127.0.0.1:49921] for GET '/session/319642172572fdf8090d6c9115dd1193/url'
12:36:59.715 [AsyncHttpClient-1-2] DEBUG org.asynchttpclient.netty.handler.HttpHandler - 

Request DefaultFullHttpRequest(decodeResult: success, version: HTTP/1.1, content: EmptyByteBufBE)
GET /session/319642172572fdf8090d6c9115dd1193/url HTTP/1.1
User-Agent: selenium/4.4.0 (java windows)
Cache-Control: no-cache
Content-Type: application/json; charset=utf-8
host: localhost:49921
accept: */*

Response DefaultHttpResponse(decodeResult: success, version: HTTP/1.1)
HTTP/1.1 200 OK
Content-Type: application/json; charset=utf-8
cache-control: no-cache
content-length: 38

12:36:59.716 [AsyncHttpClient-1-2] DEBUG org.asynchttpclient.netty.channel.ChannelManager - Adding key: http://localhost:49921 for channel [id: 0x807b5911, L:/127.0.0.1:56618 - R:localhost/127.0.0.1:49921]
12:36:59.718 [Forwarding screenshot on session 319642172572fdf8090d6c9115dd1193 to remote] DEBUG org.asynchttpclient.netty.request.NettyRequestSender - Using pooled Channel '[id: 0x807b5911, L:/127.0.0.1:56618 - R:localhost/127.0.0.1:49921]' for 'GET' to 'http://localhost:49921/session/319642172572fdf8090d6c9115dd1193/screenshot'
12:36:59.718 [Forwarding screenshot on session 319642172572fdf8090d6c9115dd1193 to remote] DEBUG org.asynchttpclient.netty.request.NettyRequestSender - Using open Channel [id: 0x807b5911, L:/127.0.0.1:56618 - R:localhost/127.0.0.1:49921] for GET '/session/319642172572fdf8090d6c9115dd1193/screenshot'
12:36:59.905 [AsyncHttpClient-1-2] DEBUG org.asynchttpclient.netty.handler.HttpHandler - 

Request DefaultFullHttpRequest(decodeResult: success, version: HTTP/1.1, content: EmptyByteBufBE)
GET /session/319642172572fdf8090d6c9115dd1193/screenshot HTTP/1.1
User-Agent: selenium/4.4.0 (java windows)
Cache-Control: no-cache
Content-Type: application/json; charset=utf-8
host: localhost:49921
accept: */*

Response DefaultHttpResponse(decodeResult: success, version: HTTP/1.1)
HTTP/1.1 200 OK
Content-Type: application/json; charset=utf-8
cache-control: no-cache
content-length: 729028

12:36:59.913 [AsyncHttpClient-1-2] DEBUG org.asynchttpclient.netty.channel.ChannelManager - Adding key: http://localhost:49921 for channel [id: 0x807b5911, L:/127.0.0.1:56618 - R:localhost/127.0.0.1:49921]
12:36:59.946 [Test worker] DEBUG net.serenitybdd.core.photography.Darkroom - Send negative for processing for C:\Users\pcnit\Downloads\TestE2E\target\site\serenity\e0e8d08b29eff240f6129467ffc9978d754060778ad8e29f74fe365fe36542d7.png
  ?[32mDado ?[0m?[32m?[0m?[32m?[1m"Rodrigo"?[0m?[32m abre el sitio web de pruebas?[0m            ?[90m# co.com.screemplay.project.stepdefinition.hook.Hook.openWebsite(java.lang.String)?[0m
12:37:00.004 [Forwarding getPageSource on session 319642172572fdf8090d6c9115dd1193 to remote] DEBUG org.asynchttpclient.netty.request.NettyRequestSender - Using pooled Channel '[id: 0x807b5911, L:/127.0.0.1:56618 - R:localhost/127.0.0.1:49921]' for 'POST' to 'http://localhost:49921/session/319642172572fdf8090d6c9115dd1193/execute/sync'
12:37:00.004 [Forwarding getPageSource on session 319642172572fdf8090d6c9115dd1193 to remote] DEBUG org.asynchttpclient.netty.request.NettyRequestSender - Using open Channel [id: 0x807b5911, L:/127.0.0.1:56618 - R:localhost/127.0.0.1:49921] for POST '/session/319642172572fdf8090d6c9115dd1193/execute/sync'
12:37:00.025 [AsyncHttpClient-1-2] DEBUG org.asynchttpclient.netty.handler.HttpHandler - 

Request DefaultHttpRequest(decodeResult: success, version: HTTP/1.1)
POST /session/319642172572fdf8090d6c9115dd1193/execute/sync HTTP/1.1
User-Agent: selenium/4.4.0 (java windows)
Content-Length: 176
Content-Type: application/json; charset=utf-8
host: localhost:49921
accept: */*

Response DefaultHttpResponse(decodeResult: success, version: HTTP/1.1)
HTTP/1.1 200 OK
Content-Type: application/json; charset=utf-8
cache-control: no-cache
content-length: 57308

12:37:00.026 [AsyncHttpClient-1-2] DEBUG org.asynchttpclient.netty.channel.ChannelManager - Adding key: http://localhost:49921 for channel [id: 0x807b5911, L:/127.0.0.1:56618 - R:localhost/127.0.0.1:49921]
12:37:00.061 [Forwarding getCurrentUrl on session 319642172572fdf8090d6c9115dd1193 to remote] DEBUG org.asynchttpclient.netty.request.NettyRequestSender - Using pooled Channel '[id: 0x807b5911, L:/127.0.0.1:56618 - R:localhost/127.0.0.1:49921]' for 'GET' to 'http://localhost:49921/session/319642172572fdf8090d6c9115dd1193/url'
12:37:00.061 [Forwarding getCurrentUrl on session 319642172572fdf8090d6c9115dd1193 to remote] DEBUG org.asynchttpclient.netty.request.NettyRequestSender - Using open Channel [id: 0x807b5911, L:/127.0.0.1:56618 - R:localhost/127.0.0.1:49921] for GET '/session/319642172572fdf8090d6c9115dd1193/url'
12:37:00.076 [AsyncHttpClient-1-2] DEBUG org.asynchttpclient.netty.handler.HttpHandler - 

Request DefaultFullHttpRequest(decodeResult: success, version: HTTP/1.1, content: EmptyByteBufBE)
GET /session/319642172572fdf8090d6c9115dd1193/url HTTP/1.1
User-Agent: selenium/4.4.0 (java windows)
Cache-Control: no-cache
Content-Type: application/json; charset=utf-8
host: localhost:49921
accept: */*

Response DefaultHttpResponse(decodeResult: success, version: HTTP/1.1)
HTTP/1.1 200 OK
Content-Type: application/json; charset=utf-8
cache-control: no-cache
content-length: 38

12:37:00.077 [AsyncHttpClient-1-2] DEBUG org.asynchttpclient.netty.channel.ChannelManager - Adding key: http://localhost:49921 for channel [id: 0x807b5911, L:/127.0.0.1:56618 - R:localhost/127.0.0.1:49921]
12:37:00.154 [Forwarding getCurrentWindowHandle on session 319642172572fdf8090d6c9115dd1193 to remote] DEBUG org.asynchttpclient.netty.request.NettyRequestSender - Using pooled Channel '[id: 0x807b5911, L:/127.0.0.1:56618 - R:localhost/127.0.0.1:49921]' for 'GET' to 'http://localhost:49921/session/319642172572fdf8090d6c9115dd1193/window'
12:37:00.154 [Forwarding getCurrentWindowHandle on session 319642172572fdf8090d6c9115dd1193 to remote] DEBUG org.asynchttpclient.netty.request.NettyRequestSender - Using open Channel [id: 0x807b5911, L:/127.0.0.1:56618 - R:localhost/127.0.0.1:49921] for GET '/session/319642172572fdf8090d6c9115dd1193/window'
12:37:00.157 [AsyncHttpClient-1-2] DEBUG org.asynchttpclient.netty.handler.HttpHandler - 

Request DefaultFullHttpRequest(decodeResult: success, version: HTTP/1.1, content: EmptyByteBufBE)
GET /session/319642172572fdf8090d6c9115dd1193/window HTTP/1.1
User-Agent: selenium/4.4.0 (java windows)
Cache-Control: no-cache
Content-Type: application/json; charset=utf-8
host: localhost:49921
accept: */*

Response DefaultHttpResponse(decodeResult: success, version: HTTP/1.1)
HTTP/1.1 200 OK
Content-Type: application/json; charset=utf-8
cache-control: no-cache
content-length: 44

12:37:00.158 [AsyncHttpClient-1-2] DEBUG org.asynchttpclient.netty.channel.ChannelManager - Adding key: http://localhost:49921 for channel [id: 0x807b5911, L:/127.0.0.1:56618 - R:localhost/127.0.0.1:49921]
12:37:00.172 [Forwarding getAlertText on session 319642172572fdf8090d6c9115dd1193 to remote] DEBUG org.asynchttpclient.netty.request.NettyRequestSender - Using pooled Channel '[id: 0x807b5911, L:/127.0.0.1:56618 - R:localhost/127.0.0.1:49921]' for 'GET' to 'http://localhost:49921/session/319642172572fdf8090d6c9115dd1193/alert/text'
12:37:00.172 [Forwarding getAlertText on session 319642172572fdf8090d6c9115dd1193 to remote] DEBUG org.asynchttpclient.netty.request.NettyRequestSender - Using open Channel [id: 0x807b5911, L:/127.0.0.1:56618 - R:localhost/127.0.0.1:49921] for GET '/session/319642172572fdf8090d6c9115dd1193/alert/text'
12:37:00.180 [AsyncHttpClient-1-2] DEBUG org.asynchttpclient.netty.handler.HttpHandler - 

Request DefaultFullHttpRequest(decodeResult: success, version: HTTP/1.1, content: EmptyByteBufBE)
GET /session/319642172572fdf8090d6c9115dd1193/alert/text HTTP/1.1
User-Agent: selenium/4.4.0 (java windows)
Cache-Control: no-cache
Content-Type: application/json; charset=utf-8
host: localhost:49921
accept: */*

Response DefaultHttpResponse(decodeResult: success, version: HTTP/1.1)
HTTP/1.1 404 Not Found
Content-Type: application/json; charset=utf-8
cache-control: no-cache
content-length: 1045

12:37:00.181 [AsyncHttpClient-1-2] DEBUG org.asynchttpclient.netty.channel.ChannelManager - Adding key: http://localhost:49921 for channel [id: 0x807b5911, L:/127.0.0.1:56618 - R:localhost/127.0.0.1:49921]
12:37:00.197 [Forwarding switchToWindow on session 319642172572fdf8090d6c9115dd1193 to remote] DEBUG org.asynchttpclient.netty.request.NettyRequestSender - Using pooled Channel '[id: 0x807b5911, L:/127.0.0.1:56618 - R:localhost/127.0.0.1:49921]' for 'POST' to 'http://localhost:49921/session/319642172572fdf8090d6c9115dd1193/window'
12:37:00.197 [Forwarding switchToWindow on session 319642172572fdf8090d6c9115dd1193 to remote] DEBUG org.asynchttpclient.netty.request.NettyRequestSender - Using open Channel [id: 0x807b5911, L:/127.0.0.1:56618 - R:localhost/127.0.0.1:49921] for POST '/session/319642172572fdf8090d6c9115dd1193/window'
12:37:00.202 [AsyncHttpClient-1-2] DEBUG org.asynchttpclient.netty.handler.HttpHandler - 

Request DefaultHttpRequest(decodeResult: success, version: HTTP/1.1)
POST /session/319642172572fdf8090d6c9115dd1193/window HTTP/1.1
User-Agent: selenium/4.4.0 (java windows)
Content-Length: 50
Content-Type: application/json; charset=utf-8
host: localhost:49921
accept: */*

Response DefaultHttpResponse(decodeResult: success, version: HTTP/1.1)
HTTP/1.1 200 OK
Content-Type: application/json; charset=utf-8
cache-control: no-cache
content-length: 14

12:37:00.203 [AsyncHttpClient-1-2] DEBUG org.asynchttpclient.netty.channel.ChannelManager - Adding key: http://localhost:49921 for channel [id: 0x807b5911, L:/127.0.0.1:56618 - R:localhost/127.0.0.1:49921]
12:37:00.205 [Forwarding getCurrentUrl on session 319642172572fdf8090d6c9115dd1193 to remote] DEBUG org.asynchttpclient.netty.request.NettyRequestSender - Using pooled Channel '[id: 0x807b5911, L:/127.0.0.1:56618 - R:localhost/127.0.0.1:49921]' for 'GET' to 'http://localhost:49921/session/319642172572fdf8090d6c9115dd1193/url'
12:37:00.206 [Forwarding getCurrentUrl on session 319642172572fdf8090d6c9115dd1193 to remote] DEBUG org.asynchttpclient.netty.request.NettyRequestSender - Using open Channel [id: 0x807b5911, L:/127.0.0.1:56618 - R:localhost/127.0.0.1:49921] for GET '/session/319642172572fdf8090d6c9115dd1193/url'
12:37:00.221 [AsyncHttpClient-1-2] DEBUG org.asynchttpclient.netty.handler.HttpHandler - 

Request DefaultFullHttpRequest(decodeResult: success, version: HTTP/1.1, content: EmptyByteBufBE)
GET /session/319642172572fdf8090d6c9115dd1193/url HTTP/1.1
User-Agent: selenium/4.4.0 (java windows)
Cache-Control: no-cache
Content-Type: application/json; charset=utf-8
host: localhost:49921
accept: */*

Response DefaultHttpResponse(decodeResult: success, version: HTTP/1.1)
HTTP/1.1 200 OK
Content-Type: application/json; charset=utf-8
cache-control: no-cache
content-length: 38

12:37:00.221 [AsyncHttpClient-1-2] DEBUG org.asynchttpclient.netty.channel.ChannelManager - Adding key: http://localhost:49921 for channel [id: 0x807b5911, L:/127.0.0.1:56618 - R:localhost/127.0.0.1:49921]
12:37:00.223 [Forwarding screenshot on session 319642172572fdf8090d6c9115dd1193 to remote] DEBUG org.asynchttpclient.netty.request.NettyRequestSender - Using pooled Channel '[id: 0x807b5911, L:/127.0.0.1:56618 - R:localhost/127.0.0.1:49921]' for 'GET' to 'http://localhost:49921/session/319642172572fdf8090d6c9115dd1193/screenshot'
12:37:00.223 [Forwarding screenshot on session 319642172572fdf8090d6c9115dd1193 to remote] DEBUG org.asynchttpclient.netty.request.NettyRequestSender - Using open Channel [id: 0x807b5911, L:/127.0.0.1:56618 - R:localhost/127.0.0.1:49921] for GET '/session/319642172572fdf8090d6c9115dd1193/screenshot'
12:37:00.383 [AsyncHttpClient-1-1] DEBUG org.asynchttpclient.netty.channel.DefaultChannelPool - Entry count for : http://localhost:56619 : 1
12:37:00.435 [AsyncHttpClient-1-2] DEBUG org.asynchttpclient.netty.handler.HttpHandler - 

Request DefaultFullHttpRequest(decodeResult: success, version: HTTP/1.1, content: EmptyByteBufBE)
GET /session/319642172572fdf8090d6c9115dd1193/screenshot HTTP/1.1
User-Agent: selenium/4.4.0 (java windows)
Cache-Control: no-cache
Content-Type: application/json; charset=utf-8
host: localhost:49921
accept: */*

Response DefaultHttpResponse(decodeResult: success, version: HTTP/1.1)
HTTP/1.1 200 OK
Content-Type: application/json; charset=utf-8
cache-control: no-cache
content-length: 729028

12:37:00.440 [AsyncHttpClient-1-2] DEBUG org.asynchttpclient.netty.channel.ChannelManager - Adding key: http://localhost:49921 for channel [id: 0x807b5911, L:/127.0.0.1:56618 - R:localhost/127.0.0.1:49921]
12:37:00.467 [Test worker] DEBUG net.serenitybdd.core.photography.Darkroom - Send negative for processing for C:\Users\pcnit\Downloads\TestE2E\target\site\serenity\e0e8d08b29eff240f6129467ffc9978d754060778ad8e29f74fe365fe36542d7.png
12:37:00.481 [Forwarding getPageSource on session 319642172572fdf8090d6c9115dd1193 to remote] DEBUG org.asynchttpclient.netty.request.NettyRequestSender - Using pooled Channel '[id: 0x807b5911, L:/127.0.0.1:56618 - R:localhost/127.0.0.1:49921]' for 'POST' to 'http://localhost:49921/session/319642172572fdf8090d6c9115dd1193/execute/sync'
12:37:00.481 [Forwarding getPageSource on session 319642172572fdf8090d6c9115dd1193 to remote] DEBUG org.asynchttpclient.netty.request.NettyRequestSender - Using open Channel [id: 0x807b5911, L:/127.0.0.1:56618 - R:localhost/127.0.0.1:49921] for POST '/session/319642172572fdf8090d6c9115dd1193/execute/sync'
12:37:00.501 [AsyncHttpClient-1-2] DEBUG org.asynchttpclient.netty.handler.HttpHandler - 

Request DefaultHttpRequest(decodeResult: success, version: HTTP/1.1)
POST /session/319642172572fdf8090d6c9115dd1193/execute/sync HTTP/1.1
User-Agent: selenium/4.4.0 (java windows)
Content-Length: 176
Content-Type: application/json; charset=utf-8
host: localhost:49921
accept: */*

Response DefaultHttpResponse(decodeResult: success, version: HTTP/1.1)
HTTP/1.1 200 OK
Content-Type: application/json; charset=utf-8
cache-control: no-cache
content-length: 57308

12:37:00.502 [AsyncHttpClient-1-2] DEBUG org.asynchttpclient.netty.channel.ChannelManager - Adding key: http://localhost:49921 for channel [id: 0x807b5911, L:/127.0.0.1:56618 - R:localhost/127.0.0.1:49921]
12:37:00.519 [Forwarding getCurrentUrl on session 319642172572fdf8090d6c9115dd1193 to remote] DEBUG org.asynchttpclient.netty.request.NettyRequestSender - Using pooled Channel '[id: 0x807b5911, L:/127.0.0.1:56618 - R:localhost/127.0.0.1:49921]' for 'GET' to 'http://localhost:49921/session/319642172572fdf8090d6c9115dd1193/url'
12:37:00.519 [Forwarding getCurrentUrl on session 319642172572fdf8090d6c9115dd1193 to remote] DEBUG org.asynchttpclient.netty.request.NettyRequestSender - Using open Channel [id: 0x807b5911, L:/127.0.0.1:56618 - R:localhost/127.0.0.1:49921] for GET '/session/319642172572fdf8090d6c9115dd1193/url'
12:37:00.533 [AsyncHttpClient-1-2] DEBUG org.asynchttpclient.netty.handler.HttpHandler - 

Request DefaultFullHttpRequest(decodeResult: success, version: HTTP/1.1, content: EmptyByteBufBE)
GET /session/319642172572fdf8090d6c9115dd1193/url HTTP/1.1
User-Agent: selenium/4.4.0 (java windows)
Cache-Control: no-cache
Content-Type: application/json; charset=utf-8
host: localhost:49921
accept: */*

Response DefaultHttpResponse(decodeResult: success, version: HTTP/1.1)
HTTP/1.1 200 OK
Content-Type: application/json; charset=utf-8
cache-control: no-cache
content-length: 38

12:37:00.534 [AsyncHttpClient-1-2] DEBUG org.asynchttpclient.netty.channel.ChannelManager - Adding key: http://localhost:49921 for channel [id: 0x807b5911, L:/127.0.0.1:56618 - R:localhost/127.0.0.1:49921]
12:37:00.541 [Test worker] DEBUG net.thucydides.core.steps.StepInterceptor - STARTING STEP: CompleteStep.login - performAs
12:37:00.678 [Test worker] DEBUG net.serenitybdd.screenplay.targets.IFrameSwitcher - default content already selected for selecciona en el modal la opcion login
12:37:00.702 [Forwarding findElements on session 319642172572fdf8090d6c9115dd1193 to remote] DEBUG org.asynchttpclient.netty.request.NettyRequestSender - Using pooled Channel '[id: 0x807b5911, L:/127.0.0.1:56618 - R:localhost/127.0.0.1:49921]' for 'POST' to 'http://localhost:49921/session/319642172572fdf8090d6c9115dd1193/elements'
12:37:00.702 [Forwarding findElements on session 319642172572fdf8090d6c9115dd1193 to remote] DEBUG org.asynchttpclient.netty.request.NettyRequestSender - Using open Channel [id: 0x807b5911, L:/127.0.0.1:56618 - R:localhost/127.0.0.1:49921] for POST '/session/319642172572fdf8090d6c9115dd1193/elements'
12:37:00.730 [AsyncHttpClient-1-2] DEBUG org.asynchttpclient.netty.handler.HttpHandler - 

Request DefaultHttpRequest(decodeResult: success, version: HTTP/1.1)
POST /session/319642172572fdf8090d6c9115dd1193/elements HTTP/1.1
User-Agent: selenium/4.4.0 (java windows)
Content-Length: 51
Content-Type: application/json; charset=utf-8
host: localhost:49921
accept: */*

Response DefaultHttpResponse(decodeResult: success, version: HTTP/1.1)
HTTP/1.1 200 OK
Content-Type: application/json; charset=utf-8
cache-control: no-cache
content-length: 128

12:37:00.730 [AsyncHttpClient-1-2] DEBUG org.asynchttpclient.netty.channel.ChannelManager - Adding key: http://localhost:49921 for channel [id: 0x807b5911, L:/127.0.0.1:56618 - R:localhost/127.0.0.1:49921]
12:37:00.776 [Forwarding isElementDisplayed on session 319642172572fdf8090d6c9115dd1193 to remote] DEBUG org.asynchttpclient.netty.request.NettyRequestSender - Using pooled Channel '[id: 0x807b5911, L:/127.0.0.1:56618 - R:localhost/127.0.0.1:49921]' for 'POST' to 'http://localhost:49921/session/319642172572fdf8090d6c9115dd1193/execute/sync'
12:37:00.776 [Forwarding isElementDisplayed on session 319642172572fdf8090d6c9115dd1193 to remote] DEBUG org.asynchttpclient.netty.request.NettyRequestSender - Using open Channel [id: 0x807b5911, L:/127.0.0.1:56618 - R:localhost/127.0.0.1:49921] for POST '/session/319642172572fdf8090d6c9115dd1193/execute/sync'
12:37:00.838 [AsyncHttpClient-1-2] DEBUG org.asynchttpclient.netty.handler.HttpHandler - 

Request DefaultHttpRequest(decodeResult: success, version: HTTP/1.1)
POST /session/319642172572fdf8090d6c9115dd1193/execute/sync HTTP/1.1
User-Agent: selenium/4.4.0 (java windows)
Content-Length: 48818
Content-Type: application/json; charset=utf-8
host: localhost:49921
accept: */*

Response DefaultHttpResponse(decodeResult: success, version: HTTP/1.1)
HTTP/1.1 200 OK
Content-Type: application/json; charset=utf-8
cache-control: no-cache
content-length: 14

12:37:00.838 [AsyncHttpClient-1-2] DEBUG org.asynchttpclient.netty.channel.ChannelManager - Adding key: http://localhost:49921 for channel [id: 0x807b5911, L:/127.0.0.1:56618 - R:localhost/127.0.0.1:49921]
12:37:00.846 [Forwarding isElementDisplayed on session 319642172572fdf8090d6c9115dd1193 to remote] DEBUG org.asynchttpclient.netty.request.NettyRequestSender - Using pooled Channel '[id: 0x807b5911, L:/127.0.0.1:56618 - R:localhost/127.0.0.1:49921]' for 'POST' to 'http://localhost:49921/session/319642172572fdf8090d6c9115dd1193/execute/sync'
12:37:00.846 [Forwarding isElementDisplayed on session 319642172572fdf8090d6c9115dd1193 to remote] DEBUG org.asynchttpclient.netty.request.NettyRequestSender - Using open Channel [id: 0x807b5911, L:/127.0.0.1:56618 - R:localhost/127.0.0.1:49921] for POST '/session/319642172572fdf8090d6c9115dd1193/execute/sync'
12:37:00.903 [AsyncHttpClient-1-2] DEBUG org.asynchttpclient.netty.handler.HttpHandler - 

Request DefaultHttpRequest(decodeResult: success, version: HTTP/1.1)
POST /session/319642172572fdf8090d6c9115dd1193/execute/sync HTTP/1.1
User-Agent: selenium/4.4.0 (java windows)
Content-Length: 48818
Content-Type: application/json; charset=utf-8
host: localhost:49921
accept: */*

Response DefaultHttpResponse(decodeResult: success, version: HTTP/1.1)
HTTP/1.1 200 OK
Content-Type: application/json; charset=utf-8
cache-control: no-cache
content-length: 14

12:37:00.903 [AsyncHttpClient-1-2] DEBUG org.asynchttpclient.netty.channel.ChannelManager - Adding key: http://localhost:49921 for channel [id: 0x807b5911, L:/127.0.0.1:56618 - R:localhost/127.0.0.1:49921]
12:37:00.973 [Forwarding getCurrentWindowHandle on session 319642172572fdf8090d6c9115dd1193 to remote] DEBUG org.asynchttpclient.netty.request.NettyRequestSender - Using pooled Channel '[id: 0x807b5911, L:/127.0.0.1:56618 - R:localhost/127.0.0.1:49921]' for 'GET' to 'http://localhost:49921/session/319642172572fdf8090d6c9115dd1193/window'
12:37:00.973 [Forwarding getCurrentWindowHandle on session 319642172572fdf8090d6c9115dd1193 to remote] DEBUG org.asynchttpclient.netty.request.NettyRequestSender - Using open Channel [id: 0x807b5911, L:/127.0.0.1:56618 - R:localhost/127.0.0.1:49921] for GET '/session/319642172572fdf8090d6c9115dd1193/window'
12:37:00.976 [AsyncHttpClient-1-2] DEBUG org.asynchttpclient.netty.handler.HttpHandler - 

Request DefaultFullHttpRequest(decodeResult: success, version: HTTP/1.1, content: EmptyByteBufBE)
GET /session/319642172572fdf8090d6c9115dd1193/window HTTP/1.1
User-Agent: selenium/4.4.0 (java windows)
Cache-Control: no-cache
Content-Type: application/json; charset=utf-8
host: localhost:49921
accept: */*

Response DefaultHttpResponse(decodeResult: success, version: HTTP/1.1)
HTTP/1.1 200 OK
Content-Type: application/json; charset=utf-8
cache-control: no-cache
content-length: 44

12:37:00.976 [AsyncHttpClient-1-2] DEBUG org.asynchttpclient.netty.channel.ChannelManager - Adding key: http://localhost:49921 for channel [id: 0x807b5911, L:/127.0.0.1:56618 - R:localhost/127.0.0.1:49921]
12:37:00.989 [Forwarding getAlertText on session 319642172572fdf8090d6c9115dd1193 to remote] DEBUG org.asynchttpclient.netty.request.NettyRequestSender - Using pooled Channel '[id: 0x807b5911, L:/127.0.0.1:56618 - R:localhost/127.0.0.1:49921]' for 'GET' to 'http://localhost:49921/session/319642172572fdf8090d6c9115dd1193/alert/text'
12:37:00.989 [Forwarding getAlertText on session 319642172572fdf8090d6c9115dd1193 to remote] DEBUG org.asynchttpclient.netty.request.NettyRequestSender - Using open Channel [id: 0x807b5911, L:/127.0.0.1:56618 - R:localhost/127.0.0.1:49921] for GET '/session/319642172572fdf8090d6c9115dd1193/alert/text'
12:37:00.995 [AsyncHttpClient-1-2] DEBUG org.asynchttpclient.netty.handler.HttpHandler - 

Request DefaultFullHttpRequest(decodeResult: success, version: HTTP/1.1, content: EmptyByteBufBE)
GET /session/319642172572fdf8090d6c9115dd1193/alert/text HTTP/1.1
User-Agent: selenium/4.4.0 (java windows)
Cache-Control: no-cache
Content-Type: application/json; charset=utf-8
host: localhost:49921
accept: */*

Response DefaultHttpResponse(decodeResult: success, version: HTTP/1.1)
HTTP/1.1 404 Not Found
Content-Type: application/json; charset=utf-8
cache-control: no-cache
content-length: 1045

12:37:00.995 [AsyncHttpClient-1-2] DEBUG org.asynchttpclient.netty.channel.ChannelManager - Adding key: http://localhost:49921 for channel [id: 0x807b5911, L:/127.0.0.1:56618 - R:localhost/127.0.0.1:49921]
12:37:01.011 [Forwarding switchToWindow on session 319642172572fdf8090d6c9115dd1193 to remote] DEBUG org.asynchttpclient.netty.request.NettyRequestSender - Using pooled Channel '[id: 0x807b5911, L:/127.0.0.1:56618 - R:localhost/127.0.0.1:49921]' for 'POST' to 'http://localhost:49921/session/319642172572fdf8090d6c9115dd1193/window'
12:37:01.011 [Forwarding switchToWindow on session 319642172572fdf8090d6c9115dd1193 to remote] DEBUG org.asynchttpclient.netty.request.NettyRequestSender - Using open Channel [id: 0x807b5911, L:/127.0.0.1:56618 - R:localhost/127.0.0.1:49921] for POST '/session/319642172572fdf8090d6c9115dd1193/window'
12:37:01.016 [AsyncHttpClient-1-2] DEBUG org.asynchttpclient.netty.handler.HttpHandler - 

Request DefaultHttpRequest(decodeResult: success, version: HTTP/1.1)
POST /session/319642172572fdf8090d6c9115dd1193/window HTTP/1.1
User-Agent: selenium/4.4.0 (java windows)
Content-Length: 50
Content-Type: application/json; charset=utf-8
host: localhost:49921
accept: */*

Response DefaultHttpResponse(decodeResult: success, version: HTTP/1.1)
HTTP/1.1 200 OK
Content-Type: application/json; charset=utf-8
cache-control: no-cache
content-length: 14

12:37:01.017 [AsyncHttpClient-1-2] DEBUG org.asynchttpclient.netty.channel.ChannelManager - Adding key: http://localhost:49921 for channel [id: 0x807b5911, L:/127.0.0.1:56618 - R:localhost/127.0.0.1:49921]
12:37:01.018 [Forwarding getCurrentUrl on session 319642172572fdf8090d6c9115dd1193 to remote] DEBUG org.asynchttpclient.netty.request.NettyRequestSender - Using pooled Channel '[id: 0x807b5911, L:/127.0.0.1:56618 - R:localhost/127.0.0.1:49921]' for 'GET' to 'http://localhost:49921/session/319642172572fdf8090d6c9115dd1193/url'
12:37:01.018 [Forwarding getCurrentUrl on session 319642172572fdf8090d6c9115dd1193 to remote] DEBUG org.asynchttpclient.netty.request.NettyRequestSender - Using open Channel [id: 0x807b5911, L:/127.0.0.1:56618 - R:localhost/127.0.0.1:49921] for GET '/session/319642172572fdf8090d6c9115dd1193/url'
12:37:01.032 [AsyncHttpClient-1-2] DEBUG org.asynchttpclient.netty.handler.HttpHandler - 

Request DefaultFullHttpRequest(decodeResult: success, version: HTTP/1.1, content: EmptyByteBufBE)
GET /session/319642172572fdf8090d6c9115dd1193/url HTTP/1.1
User-Agent: selenium/4.4.0 (java windows)
Cache-Control: no-cache
Content-Type: application/json; charset=utf-8
host: localhost:49921
accept: */*

Response DefaultHttpResponse(decodeResult: success, version: HTTP/1.1)
HTTP/1.1 200 OK
Content-Type: application/json; charset=utf-8
cache-control: no-cache
content-length: 38

12:37:01.032 [AsyncHttpClient-1-2] DEBUG org.asynchttpclient.netty.channel.ChannelManager - Adding key: http://localhost:49921 for channel [id: 0x807b5911, L:/127.0.0.1:56618 - R:localhost/127.0.0.1:49921]
12:37:01.034 [Forwarding screenshot on session 319642172572fdf8090d6c9115dd1193 to remote] DEBUG org.asynchttpclient.netty.request.NettyRequestSender - Using pooled Channel '[id: 0x807b5911, L:/127.0.0.1:56618 - R:localhost/127.0.0.1:49921]' for 'GET' to 'http://localhost:49921/session/319642172572fdf8090d6c9115dd1193/screenshot'
12:37:01.034 [Forwarding screenshot on session 319642172572fdf8090d6c9115dd1193 to remote] DEBUG org.asynchttpclient.netty.request.NettyRequestSender - Using open Channel [id: 0x807b5911, L:/127.0.0.1:56618 - R:localhost/127.0.0.1:49921] for GET '/session/319642172572fdf8090d6c9115dd1193/screenshot'
12:37:01.219 [AsyncHttpClient-1-2] DEBUG org.asynchttpclient.netty.handler.HttpHandler - 

Request DefaultFullHttpRequest(decodeResult: success, version: HTTP/1.1, content: EmptyByteBufBE)
GET /session/319642172572fdf8090d6c9115dd1193/screenshot HTTP/1.1
User-Agent: selenium/4.4.0 (java windows)
Cache-Control: no-cache
Content-Type: application/json; charset=utf-8
host: localhost:49921
accept: */*

Response DefaultHttpResponse(decodeResult: success, version: HTTP/1.1)
HTTP/1.1 200 OK
Content-Type: application/json; charset=utf-8
cache-control: no-cache
content-length: 729028

12:37:01.227 [AsyncHttpClient-1-2] DEBUG org.asynchttpclient.netty.channel.ChannelManager - Adding key: http://localhost:49921 for channel [id: 0x807b5911, L:/127.0.0.1:56618 - R:localhost/127.0.0.1:49921]
12:37:01.252 [Test worker] DEBUG net.serenitybdd.core.photography.Darkroom - Send negative for processing for C:\Users\pcnit\Downloads\TestE2E\target\site\serenity\e0e8d08b29eff240f6129467ffc9978d754060778ad8e29f74fe365fe36542d7.png
12:37:01.264 [Forwarding getPageSource on session 319642172572fdf8090d6c9115dd1193 to remote] DEBUG org.asynchttpclient.netty.request.NettyRequestSender - Using pooled Channel '[id: 0x807b5911, L:/127.0.0.1:56618 - R:localhost/127.0.0.1:49921]' for 'POST' to 'http://localhost:49921/session/319642172572fdf8090d6c9115dd1193/execute/sync'
12:37:01.265 [Forwarding getPageSource on session 319642172572fdf8090d6c9115dd1193 to remote] DEBUG org.asynchttpclient.netty.request.NettyRequestSender - Using open Channel [id: 0x807b5911, L:/127.0.0.1:56618 - R:localhost/127.0.0.1:49921] for POST '/session/319642172572fdf8090d6c9115dd1193/execute/sync'
12:37:01.284 [AsyncHttpClient-1-2] DEBUG org.asynchttpclient.netty.handler.HttpHandler - 

Request DefaultHttpRequest(decodeResult: success, version: HTTP/1.1)
POST /session/319642172572fdf8090d6c9115dd1193/execute/sync HTTP/1.1
User-Agent: selenium/4.4.0 (java windows)
Content-Length: 176
Content-Type: application/json; charset=utf-8
host: localhost:49921
accept: */*

Response DefaultHttpResponse(decodeResult: success, version: HTTP/1.1)
HTTP/1.1 200 OK
Content-Type: application/json; charset=utf-8
cache-control: no-cache
content-length: 57308

12:37:01.285 [AsyncHttpClient-1-2] DEBUG org.asynchttpclient.netty.channel.ChannelManager - Adding key: http://localhost:49921 for channel [id: 0x807b5911, L:/127.0.0.1:56618 - R:localhost/127.0.0.1:49921]
12:37:01.303 [Forwarding getCurrentUrl on session 319642172572fdf8090d6c9115dd1193 to remote] DEBUG org.asynchttpclient.netty.request.NettyRequestSender - Using pooled Channel '[id: 0x807b5911, L:/127.0.0.1:56618 - R:localhost/127.0.0.1:49921]' for 'GET' to 'http://localhost:49921/session/319642172572fdf8090d6c9115dd1193/url'
12:37:01.304 [Forwarding getCurrentUrl on session 319642172572fdf8090d6c9115dd1193 to remote] DEBUG org.asynchttpclient.netty.request.NettyRequestSender - Using open Channel [id: 0x807b5911, L:/127.0.0.1:56618 - R:localhost/127.0.0.1:49921] for GET '/session/319642172572fdf8090d6c9115dd1193/url'
12:37:01.332 [AsyncHttpClient-1-2] DEBUG org.asynchttpclient.netty.handler.HttpHandler - 

Request DefaultFullHttpRequest(decodeResult: success, version: HTTP/1.1, content: EmptyByteBufBE)
GET /session/319642172572fdf8090d6c9115dd1193/url HTTP/1.1
User-Agent: selenium/4.4.0 (java windows)
Cache-Control: no-cache
Content-Type: application/json; charset=utf-8
host: localhost:49921
accept: */*

Response DefaultHttpResponse(decodeResult: success, version: HTTP/1.1)
HTTP/1.1 200 OK
Content-Type: application/json; charset=utf-8
cache-control: no-cache
content-length: 38

12:37:01.332 [AsyncHttpClient-1-2] DEBUG org.asynchttpclient.netty.channel.ChannelManager - Adding key: http://localhost:49921 for channel [id: 0x807b5911, L:/127.0.0.1:56618 - R:localhost/127.0.0.1:49921]
12:37:01.343 [Test worker] DEBUG net.thucydides.core.steps.StepInterceptor - STARTING STEP: Login.performAs - {0} clicks on #target
12:37:01.345 [Test worker] DEBUG net.serenitybdd.screenplay.targets.IFrameSwitcher - default content already selected for selecciona en el modal la opcion login
12:37:01.502 [AsyncHttpClient-1-1] DEBUG org.asynchttpclient.netty.channel.DefaultChannelPool - Entry count for : http://localhost:56619 : 1
12:37:01.502 [AsyncHttpClient-1-1] DEBUG org.asynchttpclient.netty.channel.DefaultChannelPool - Entry count for : http://localhost:49921 : 1
12:37:01.635 [Forwarding findElement on session 319642172572fdf8090d6c9115dd1193 to remote] DEBUG org.asynchttpclient.netty.request.NettyRequestSender - Using pooled Channel '[id: 0x807b5911, L:/127.0.0.1:56618 - R:localhost/127.0.0.1:49921]' for 'POST' to 'http://localhost:49921/session/319642172572fdf8090d6c9115dd1193/element'
12:37:01.635 [Forwarding findElement on session 319642172572fdf8090d6c9115dd1193 to remote] DEBUG org.asynchttpclient.netty.request.NettyRequestSender - Using open Channel [id: 0x807b5911, L:/127.0.0.1:56618 - R:localhost/127.0.0.1:49921] for POST '/session/319642172572fdf8090d6c9115dd1193/element'
12:37:01.663 [AsyncHttpClient-1-2] DEBUG org.asynchttpclient.netty.handler.HttpHandler - 

Request DefaultHttpRequest(decodeResult: success, version: HTTP/1.1)
POST /session/319642172572fdf8090d6c9115dd1193/element HTTP/1.1
User-Agent: selenium/4.4.0 (java windows)
Content-Length: 51
Content-Type: application/json; charset=utf-8
host: localhost:49921
accept: */*

Response DefaultHttpResponse(decodeResult: success, version: HTTP/1.1)
HTTP/1.1 200 OK
Content-Type: application/json; charset=utf-8
cache-control: no-cache
content-length: 126

12:37:01.664 [AsyncHttpClient-1-2] DEBUG org.asynchttpclient.netty.channel.ChannelManager - Adding key: http://localhost:49921 for channel [id: 0x807b5911, L:/127.0.0.1:56618 - R:localhost/127.0.0.1:49921]
12:37:01.690 [Forwarding isElementDisplayed on session 319642172572fdf8090d6c9115dd1193 to remote] DEBUG org.asynchttpclient.netty.request.NettyRequestSender - Using pooled Channel '[id: 0x807b5911, L:/127.0.0.1:56618 - R:localhost/127.0.0.1:49921]' for 'POST' to 'http://localhost:49921/session/319642172572fdf8090d6c9115dd1193/execute/sync'
12:37:01.690 [Forwarding isElementDisplayed on session 319642172572fdf8090d6c9115dd1193 to remote] DEBUG org.asynchttpclient.netty.request.NettyRequestSender - Using open Channel [id: 0x807b5911, L:/127.0.0.1:56618 - R:localhost/127.0.0.1:49921] for POST '/session/319642172572fdf8090d6c9115dd1193/execute/sync'
12:37:01.722 [AsyncHttpClient-1-2] DEBUG org.asynchttpclient.netty.handler.HttpHandler - 

Request DefaultHttpRequest(decodeResult: success, version: HTTP/1.1)
POST /session/319642172572fdf8090d6c9115dd1193/execute/sync HTTP/1.1
User-Agent: selenium/4.4.0 (java windows)
Content-Length: 48818
Content-Type: application/json; charset=utf-8
host: localhost:49921
accept: */*

Response DefaultHttpResponse(decodeResult: success, version: HTTP/1.1)
HTTP/1.1 200 OK
Content-Type: application/json; charset=utf-8
cache-control: no-cache
content-length: 14

12:37:01.722 [AsyncHttpClient-1-2] DEBUG org.asynchttpclient.netty.channel.ChannelManager - Adding key: http://localhost:49921 for channel [id: 0x807b5911, L:/127.0.0.1:56618 - R:localhost/127.0.0.1:49921]
12:37:01.764 [Forwarding findElement on session 319642172572fdf8090d6c9115dd1193 to remote] DEBUG org.asynchttpclient.netty.request.NettyRequestSender - Using pooled Channel '[id: 0x807b5911, L:/127.0.0.1:56618 - R:localhost/127.0.0.1:49921]' for 'POST' to 'http://localhost:49921/session/319642172572fdf8090d6c9115dd1193/element'
12:37:01.765 [Forwarding findElement on session 319642172572fdf8090d6c9115dd1193 to remote] DEBUG org.asynchttpclient.netty.request.NettyRequestSender - Using open Channel [id: 0x807b5911, L:/127.0.0.1:56618 - R:localhost/127.0.0.1:49921] for POST '/session/319642172572fdf8090d6c9115dd1193/element'
12:37:01.776 [AsyncHttpClient-1-2] DEBUG org.asynchttpclient.netty.handler.HttpHandler - 

Request DefaultHttpRequest(decodeResult: success, version: HTTP/1.1)
POST /session/319642172572fdf8090d6c9115dd1193/element HTTP/1.1
User-Agent: selenium/4.4.0 (java windows)
Content-Length: 51
Content-Type: application/json; charset=utf-8
host: localhost:49921
accept: */*

Response DefaultHttpResponse(decodeResult: success, version: HTTP/1.1)
HTTP/1.1 200 OK
Content-Type: application/json; charset=utf-8
cache-control: no-cache
content-length: 126

12:37:01.776 [AsyncHttpClient-1-2] DEBUG org.asynchttpclient.netty.channel.ChannelManager - Adding key: http://localhost:49921 for channel [id: 0x807b5911, L:/127.0.0.1:56618 - R:localhost/127.0.0.1:49921]
12:37:01.780 [Forwarding clickElement on session 319642172572fdf8090d6c9115dd1193 to remote] DEBUG org.asynchttpclient.netty.request.NettyRequestSender - Using pooled Channel '[id: 0x807b5911, L:/127.0.0.1:56618 - R:localhost/127.0.0.1:49921]' for 'POST' to 'http://localhost:49921/session/319642172572fdf8090d6c9115dd1193/element/f.77D77E48C717A5F8144E3521F6891EC1.d.070F3DAFBCFEA3E5C4DA0738648D64AF.e.85/click'
12:37:01.781 [Forwarding clickElement on session 319642172572fdf8090d6c9115dd1193 to remote] DEBUG org.asynchttpclient.netty.request.NettyRequestSender - Using open Channel [id: 0x807b5911, L:/127.0.0.1:56618 - R:localhost/127.0.0.1:49921] for POST '/session/319642172572fdf8090d6c9115dd1193/element/f.77D77E48C717A5F8144E3521F6891EC1.d.070F3DAFBCFEA3E5C4DA0738648D64AF.e.85/click'
12:37:01.883 [AsyncHttpClient-1-2] DEBUG org.asynchttpclient.netty.handler.HttpHandler - 

Request DefaultHttpRequest(decodeResult: success, version: HTTP/1.1)
POST /session/319642172572fdf8090d6c9115dd1193/element/f.77D77E48C717A5F8144E3521F6891EC1.d.070F3DAFBCFEA3E5C4DA0738648D64AF.e.85/click HTTP/1.1
User-Agent: selenium/4.4.0 (java windows)
Content-Length: 88
Content-Type: application/json; charset=utf-8
host: localhost:49921
accept: */*

Response DefaultHttpResponse(decodeResult: success, version: HTTP/1.1)
HTTP/1.1 200 OK
Content-Type: application/json; charset=utf-8
cache-control: no-cache
content-length: 14

12:37:01.883 [AsyncHttpClient-1-2] DEBUG org.asynchttpclient.netty.channel.ChannelManager - Adding key: http://localhost:49921 for channel [id: 0x807b5911, L:/127.0.0.1:56618 - R:localhost/127.0.0.1:49921]
12:37:01.945 [Forwarding getCurrentWindowHandle on session 319642172572fdf8090d6c9115dd1193 to remote] DEBUG org.asynchttpclient.netty.request.NettyRequestSender - Using pooled Channel '[id: 0x807b5911, L:/127.0.0.1:56618 - R:localhost/127.0.0.1:49921]' for 'GET' to 'http://localhost:49921/session/319642172572fdf8090d6c9115dd1193/window'
12:37:01.946 [Forwarding getCurrentWindowHandle on session 319642172572fdf8090d6c9115dd1193 to remote] DEBUG org.asynchttpclient.netty.request.NettyRequestSender - Using open Channel [id: 0x807b5911, L:/127.0.0.1:56618 - R:localhost/127.0.0.1:49921] for GET '/session/319642172572fdf8090d6c9115dd1193/window'
12:37:01.950 [AsyncHttpClient-1-2] DEBUG org.asynchttpclient.netty.handler.HttpHandler - 

Request DefaultFullHttpRequest(decodeResult: success, version: HTTP/1.1, content: EmptyByteBufBE)
GET /session/319642172572fdf8090d6c9115dd1193/window HTTP/1.1
User-Agent: selenium/4.4.0 (java windows)
Cache-Control: no-cache
Content-Type: application/json; charset=utf-8
host: localhost:49921
accept: */*

Response DefaultHttpResponse(decodeResult: success, version: HTTP/1.1)
HTTP/1.1 200 OK
Content-Type: application/json; charset=utf-8
cache-control: no-cache
content-length: 44

12:37:01.950 [AsyncHttpClient-1-2] DEBUG org.asynchttpclient.netty.channel.ChannelManager - Adding key: http://localhost:49921 for channel [id: 0x807b5911, L:/127.0.0.1:56618 - R:localhost/127.0.0.1:49921]
12:37:01.968 [Forwarding getAlertText on session 319642172572fdf8090d6c9115dd1193 to remote] DEBUG org.asynchttpclient.netty.request.NettyRequestSender - Using pooled Channel '[id: 0x807b5911, L:/127.0.0.1:56618 - R:localhost/127.0.0.1:49921]' for 'GET' to 'http://localhost:49921/session/319642172572fdf8090d6c9115dd1193/alert/text'
12:37:01.968 [Forwarding getAlertText on session 319642172572fdf8090d6c9115dd1193 to remote] DEBUG org.asynchttpclient.netty.request.NettyRequestSender - Using open Channel [id: 0x807b5911, L:/127.0.0.1:56618 - R:localhost/127.0.0.1:49921] for GET '/session/319642172572fdf8090d6c9115dd1193/alert/text'
12:37:01.981 [AsyncHttpClient-1-2] DEBUG org.asynchttpclient.netty.handler.HttpHandler - 

Request DefaultFullHttpRequest(decodeResult: success, version: HTTP/1.1, content: EmptyByteBufBE)
GET /session/319642172572fdf8090d6c9115dd1193/alert/text HTTP/1.1
User-Agent: selenium/4.4.0 (java windows)
Cache-Control: no-cache
Content-Type: application/json; charset=utf-8
host: localhost:49921
accept: */*

Response DefaultHttpResponse(decodeResult: success, version: HTTP/1.1)
HTTP/1.1 404 Not Found
Content-Type: application/json; charset=utf-8
cache-control: no-cache
content-length: 1045

12:37:01.981 [AsyncHttpClient-1-2] DEBUG org.asynchttpclient.netty.channel.ChannelManager - Adding key: http://localhost:49921 for channel [id: 0x807b5911, L:/127.0.0.1:56618 - R:localhost/127.0.0.1:49921]
12:37:02.002 [Forwarding switchToWindow on session 319642172572fdf8090d6c9115dd1193 to remote] DEBUG org.asynchttpclient.netty.request.NettyRequestSender - Using pooled Channel '[id: 0x807b5911, L:/127.0.0.1:56618 - R:localhost/127.0.0.1:49921]' for 'POST' to 'http://localhost:49921/session/319642172572fdf8090d6c9115dd1193/window'
12:37:02.002 [Forwarding switchToWindow on session 319642172572fdf8090d6c9115dd1193 to remote] DEBUG org.asynchttpclient.netty.request.NettyRequestSender - Using open Channel [id: 0x807b5911, L:/127.0.0.1:56618 - R:localhost/127.0.0.1:49921] for POST '/session/319642172572fdf8090d6c9115dd1193/window'
12:37:02.010 [AsyncHttpClient-1-2] DEBUG org.asynchttpclient.netty.handler.HttpHandler - 

Request DefaultHttpRequest(decodeResult: success, version: HTTP/1.1)
POST /session/319642172572fdf8090d6c9115dd1193/window HTTP/1.1
User-Agent: selenium/4.4.0 (java windows)
Content-Length: 50
Content-Type: application/json; charset=utf-8
host: localhost:49921
accept: */*

Response DefaultHttpResponse(decodeResult: success, version: HTTP/1.1)
HTTP/1.1 200 OK
Content-Type: application/json; charset=utf-8
cache-control: no-cache
content-length: 14

12:37:02.011 [AsyncHttpClient-1-2] DEBUG org.asynchttpclient.netty.channel.ChannelManager - Adding key: http://localhost:49921 for channel [id: 0x807b5911, L:/127.0.0.1:56618 - R:localhost/127.0.0.1:49921]
12:37:02.016 [Forwarding getCurrentUrl on session 319642172572fdf8090d6c9115dd1193 to remote] DEBUG org.asynchttpclient.netty.request.NettyRequestSender - Using pooled Channel '[id: 0x807b5911, L:/127.0.0.1:56618 - R:localhost/127.0.0.1:49921]' for 'GET' to 'http://localhost:49921/session/319642172572fdf8090d6c9115dd1193/url'
12:37:02.017 [Forwarding getCurrentUrl on session 319642172572fdf8090d6c9115dd1193 to remote] DEBUG org.asynchttpclient.netty.request.NettyRequestSender - Using open Channel [id: 0x807b5911, L:/127.0.0.1:56618 - R:localhost/127.0.0.1:49921] for GET '/session/319642172572fdf8090d6c9115dd1193/url'
12:37:02.039 [AsyncHttpClient-1-2] DEBUG org.asynchttpclient.netty.handler.HttpHandler - 

Request DefaultFullHttpRequest(decodeResult: success, version: HTTP/1.1, content: EmptyByteBufBE)
GET /session/319642172572fdf8090d6c9115dd1193/url HTTP/1.1
User-Agent: selenium/4.4.0 (java windows)
Cache-Control: no-cache
Content-Type: application/json; charset=utf-8
host: localhost:49921
accept: */*

Response DefaultHttpResponse(decodeResult: success, version: HTTP/1.1)
HTTP/1.1 200 OK
Content-Type: application/json; charset=utf-8
cache-control: no-cache
content-length: 38

12:37:02.040 [AsyncHttpClient-1-2] DEBUG org.asynchttpclient.netty.channel.ChannelManager - Adding key: http://localhost:49921 for channel [id: 0x807b5911, L:/127.0.0.1:56618 - R:localhost/127.0.0.1:49921]
12:37:02.047 [Forwarding screenshot on session 319642172572fdf8090d6c9115dd1193 to remote] DEBUG org.asynchttpclient.netty.request.NettyRequestSender - Using pooled Channel '[id: 0x807b5911, L:/127.0.0.1:56618 - R:localhost/127.0.0.1:49921]' for 'GET' to 'http://localhost:49921/session/319642172572fdf8090d6c9115dd1193/screenshot'
12:37:02.047 [Forwarding screenshot on session 319642172572fdf8090d6c9115dd1193 to remote] DEBUG org.asynchttpclient.netty.request.NettyRequestSender - Using open Channel [id: 0x807b5911, L:/127.0.0.1:56618 - R:localhost/127.0.0.1:49921] for GET '/session/319642172572fdf8090d6c9115dd1193/screenshot'
12:37:02.237 [AsyncHttpClient-1-2] DEBUG org.asynchttpclient.netty.handler.HttpHandler - 

Request DefaultFullHttpRequest(decodeResult: success, version: HTTP/1.1, content: EmptyByteBufBE)
GET /session/319642172572fdf8090d6c9115dd1193/screenshot HTTP/1.1
User-Agent: selenium/4.4.0 (java windows)
Cache-Control: no-cache
Content-Type: application/json; charset=utf-8
host: localhost:49921
accept: */*

Response DefaultHttpResponse(decodeResult: success, version: HTTP/1.1)
HTTP/1.1 200 OK
Content-Type: application/json; charset=utf-8
cache-control: no-cache
content-length: 539880

12:37:02.242 [AsyncHttpClient-1-2] DEBUG org.asynchttpclient.netty.channel.ChannelManager - Adding key: http://localhost:49921 for channel [id: 0x807b5911, L:/127.0.0.1:56618 - R:localhost/127.0.0.1:49921]
12:37:02.259 [Test worker] DEBUG net.serenitybdd.core.photography.Darkroom - Send negative for processing for C:\Users\pcnit\Downloads\TestE2E\target\site\serenity\7a87d70787d9b87d8568c6e389a6bf9994b95a505cdd1941bb197e7beed96961.png
12:37:02.259 [Darkroom Processing Line] DEBUG net.serenitybdd.core.photography.DarkroomProcessingLine - Processing screenshot image in /var/screenshots/screenshot-8522423743313500060
12:37:02.260 [Darkroom Processing Line] DEBUG net.serenitybdd.core.photography.DarkroomProcessingLine - Saving screenshot to C:\Users\pcnit\Downloads\TestE2E\target\site\serenity\7a87d70787d9b87d8568c6e389a6bf9994b95a505cdd1941bb197e7beed96961.png
12:37:02.275 [Forwarding getPageSource on session 319642172572fdf8090d6c9115dd1193 to remote] DEBUG org.asynchttpclient.netty.request.NettyRequestSender - Using pooled Channel '[id: 0x807b5911, L:/127.0.0.1:56618 - R:localhost/127.0.0.1:49921]' for 'POST' to 'http://localhost:49921/session/319642172572fdf8090d6c9115dd1193/execute/sync'
12:37:02.275 [Forwarding getPageSource on session 319642172572fdf8090d6c9115dd1193 to remote] DEBUG org.asynchttpclient.netty.request.NettyRequestSender - Using open Channel [id: 0x807b5911, L:/127.0.0.1:56618 - R:localhost/127.0.0.1:49921] for POST '/session/319642172572fdf8090d6c9115dd1193/execute/sync'
12:37:02.292 [AsyncHttpClient-1-2] DEBUG org.asynchttpclient.netty.handler.HttpHandler - 

Request DefaultHttpRequest(decodeResult: success, version: HTTP/1.1)
POST /session/319642172572fdf8090d6c9115dd1193/execute/sync HTTP/1.1
User-Agent: selenium/4.4.0 (java windows)
Content-Length: 176
Content-Type: application/json; charset=utf-8
host: localhost:49921
accept: */*

Response DefaultHttpResponse(decodeResult: success, version: HTTP/1.1)
HTTP/1.1 200 OK
Content-Type: application/json; charset=utf-8
cache-control: no-cache
content-length: 57426

12:37:02.293 [AsyncHttpClient-1-2] DEBUG org.asynchttpclient.netty.channel.ChannelManager - Adding key: http://localhost:49921 for channel [id: 0x807b5911, L:/127.0.0.1:56618 - R:localhost/127.0.0.1:49921]
12:37:02.314 [Forwarding getCurrentUrl on session 319642172572fdf8090d6c9115dd1193 to remote] DEBUG org.asynchttpclient.netty.request.NettyRequestSender - Using pooled Channel '[id: 0x807b5911, L:/127.0.0.1:56618 - R:localhost/127.0.0.1:49921]' for 'GET' to 'http://localhost:49921/session/319642172572fdf8090d6c9115dd1193/url'
12:37:02.314 [Forwarding getCurrentUrl on session 319642172572fdf8090d6c9115dd1193 to remote] DEBUG org.asynchttpclient.netty.request.NettyRequestSender - Using open Channel [id: 0x807b5911, L:/127.0.0.1:56618 - R:localhost/127.0.0.1:49921] for GET '/session/319642172572fdf8090d6c9115dd1193/url'
12:37:02.334 [AsyncHttpClient-1-2] DEBUG org.asynchttpclient.netty.handler.HttpHandler - 

Request DefaultFullHttpRequest(decodeResult: success, version: HTTP/1.1, content: EmptyByteBufBE)
GET /session/319642172572fdf8090d6c9115dd1193/url HTTP/1.1
User-Agent: selenium/4.4.0 (java windows)
Cache-Control: no-cache
Content-Type: application/json; charset=utf-8
host: localhost:49921
accept: */*

Response DefaultHttpResponse(decodeResult: success, version: HTTP/1.1)
HTTP/1.1 200 OK
Content-Type: application/json; charset=utf-8
cache-control: no-cache
content-length: 38

12:37:02.334 [AsyncHttpClient-1-2] DEBUG org.asynchttpclient.netty.channel.ChannelManager - Adding key: http://localhost:49921 for channel [id: 0x807b5911, L:/127.0.0.1:56618 - R:localhost/127.0.0.1:49921]
12:37:02.410 [Forwarding getCurrentWindowHandle on session 319642172572fdf8090d6c9115dd1193 to remote] DEBUG org.asynchttpclient.netty.request.NettyRequestSender - Using pooled Channel '[id: 0x807b5911, L:/127.0.0.1:56618 - R:localhost/127.0.0.1:49921]' for 'GET' to 'http://localhost:49921/session/319642172572fdf8090d6c9115dd1193/window'
12:37:02.410 [Forwarding getCurrentWindowHandle on session 319642172572fdf8090d6c9115dd1193 to remote] DEBUG org.asynchttpclient.netty.request.NettyRequestSender - Using open Channel [id: 0x807b5911, L:/127.0.0.1:56618 - R:localhost/127.0.0.1:49921] for GET '/session/319642172572fdf8090d6c9115dd1193/window'
12:37:02.413 [AsyncHttpClient-1-2] DEBUG org.asynchttpclient.netty.handler.HttpHandler - 

Request DefaultFullHttpRequest(decodeResult: success, version: HTTP/1.1, content: EmptyByteBufBE)
GET /session/319642172572fdf8090d6c9115dd1193/window HTTP/1.1
User-Agent: selenium/4.4.0 (java windows)
Cache-Control: no-cache
Content-Type: application/json; charset=utf-8
host: localhost:49921
accept: */*

Response DefaultHttpResponse(decodeResult: success, version: HTTP/1.1)
HTTP/1.1 200 OK
Content-Type: application/json; charset=utf-8
cache-control: no-cache
content-length: 44

12:37:02.413 [AsyncHttpClient-1-2] DEBUG org.asynchttpclient.netty.channel.ChannelManager - Adding key: http://localhost:49921 for channel [id: 0x807b5911, L:/127.0.0.1:56618 - R:localhost/127.0.0.1:49921]
12:37:02.425 [Forwarding getAlertText on session 319642172572fdf8090d6c9115dd1193 to remote] DEBUG org.asynchttpclient.netty.request.NettyRequestSender - Using pooled Channel '[id: 0x807b5911, L:/127.0.0.1:56618 - R:localhost/127.0.0.1:49921]' for 'GET' to 'http://localhost:49921/session/319642172572fdf8090d6c9115dd1193/alert/text'
12:37:02.425 [Forwarding getAlertText on session 319642172572fdf8090d6c9115dd1193 to remote] DEBUG org.asynchttpclient.netty.request.NettyRequestSender - Using open Channel [id: 0x807b5911, L:/127.0.0.1:56618 - R:localhost/127.0.0.1:49921] for GET '/session/319642172572fdf8090d6c9115dd1193/alert/text'
12:37:02.430 [AsyncHttpClient-1-2] DEBUG org.asynchttpclient.netty.handler.HttpHandler - 

Request DefaultFullHttpRequest(decodeResult: success, version: HTTP/1.1, content: EmptyByteBufBE)
GET /session/319642172572fdf8090d6c9115dd1193/alert/text HTTP/1.1
User-Agent: selenium/4.4.0 (java windows)
Cache-Control: no-cache
Content-Type: application/json; charset=utf-8
host: localhost:49921
accept: */*

Response DefaultHttpResponse(decodeResult: success, version: HTTP/1.1)
HTTP/1.1 404 Not Found
Content-Type: application/json; charset=utf-8
cache-control: no-cache
content-length: 1045

12:37:02.431 [AsyncHttpClient-1-2] DEBUG org.asynchttpclient.netty.channel.ChannelManager - Adding key: http://localhost:49921 for channel [id: 0x807b5911, L:/127.0.0.1:56618 - R:localhost/127.0.0.1:49921]
12:37:02.445 [Forwarding switchToWindow on session 319642172572fdf8090d6c9115dd1193 to remote] DEBUG org.asynchttpclient.netty.request.NettyRequestSender - Using pooled Channel '[id: 0x807b5911, L:/127.0.0.1:56618 - R:localhost/127.0.0.1:49921]' for 'POST' to 'http://localhost:49921/session/319642172572fdf8090d6c9115dd1193/window'
12:37:02.446 [Forwarding switchToWindow on session 319642172572fdf8090d6c9115dd1193 to remote] DEBUG org.asynchttpclient.netty.request.NettyRequestSender - Using open Channel [id: 0x807b5911, L:/127.0.0.1:56618 - R:localhost/127.0.0.1:49921] for POST '/session/319642172572fdf8090d6c9115dd1193/window'
12:37:02.449 [AsyncHttpClient-1-2] DEBUG org.asynchttpclient.netty.handler.HttpHandler - 

Request DefaultHttpRequest(decodeResult: success, version: HTTP/1.1)
POST /session/319642172572fdf8090d6c9115dd1193/window HTTP/1.1
User-Agent: selenium/4.4.0 (java windows)
Content-Length: 50
Content-Type: application/json; charset=utf-8
host: localhost:49921
accept: */*

Response DefaultHttpResponse(decodeResult: success, version: HTTP/1.1)
HTTP/1.1 200 OK
Content-Type: application/json; charset=utf-8
cache-control: no-cache
content-length: 14

12:37:02.450 [AsyncHttpClient-1-2] DEBUG org.asynchttpclient.netty.channel.ChannelManager - Adding key: http://localhost:49921 for channel [id: 0x807b5911, L:/127.0.0.1:56618 - R:localhost/127.0.0.1:49921]
12:37:02.452 [Forwarding getCurrentUrl on session 319642172572fdf8090d6c9115dd1193 to remote] DEBUG org.asynchttpclient.netty.request.NettyRequestSender - Using pooled Channel '[id: 0x807b5911, L:/127.0.0.1:56618 - R:localhost/127.0.0.1:49921]' for 'GET' to 'http://localhost:49921/session/319642172572fdf8090d6c9115dd1193/url'
12:37:02.453 [Forwarding getCurrentUrl on session 319642172572fdf8090d6c9115dd1193 to remote] DEBUG org.asynchttpclient.netty.request.NettyRequestSender - Using open Channel [id: 0x807b5911, L:/127.0.0.1:56618 - R:localhost/127.0.0.1:49921] for GET '/session/319642172572fdf8090d6c9115dd1193/url'
12:37:02.465 [AsyncHttpClient-1-2] DEBUG org.asynchttpclient.netty.handler.HttpHandler - 

Request DefaultFullHttpRequest(decodeResult: success, version: HTTP/1.1, content: EmptyByteBufBE)
GET /session/319642172572fdf8090d6c9115dd1193/url HTTP/1.1
User-Agent: selenium/4.4.0 (java windows)
Cache-Control: no-cache
Content-Type: application/json; charset=utf-8
host: localhost:49921
accept: */*

Response DefaultHttpResponse(decodeResult: success, version: HTTP/1.1)
HTTP/1.1 200 OK
Content-Type: application/json; charset=utf-8
cache-control: no-cache
content-length: 38

12:37:02.466 [AsyncHttpClient-1-2] DEBUG org.asynchttpclient.netty.channel.ChannelManager - Adding key: http://localhost:49921 for channel [id: 0x807b5911, L:/127.0.0.1:56618 - R:localhost/127.0.0.1:49921]
12:37:02.468 [Forwarding screenshot on session 319642172572fdf8090d6c9115dd1193 to remote] DEBUG org.asynchttpclient.netty.request.NettyRequestSender - Using pooled Channel '[id: 0x807b5911, L:/127.0.0.1:56618 - R:localhost/127.0.0.1:49921]' for 'GET' to 'http://localhost:49921/session/319642172572fdf8090d6c9115dd1193/screenshot'
12:37:02.468 [Forwarding screenshot on session 319642172572fdf8090d6c9115dd1193 to remote] DEBUG org.asynchttpclient.netty.request.NettyRequestSender - Using open Channel [id: 0x807b5911, L:/127.0.0.1:56618 - R:localhost/127.0.0.1:49921] for GET '/session/319642172572fdf8090d6c9115dd1193/screenshot'
12:37:02.599 [AsyncHttpClient-1-1] DEBUG org.asynchttpclient.netty.channel.DefaultChannelPool - Entry count for : http://localhost:56619 : 1
12:37:02.601 [AsyncHttpClient-1-2] DEBUG org.asynchttpclient.netty.handler.HttpHandler - 

Request DefaultFullHttpRequest(decodeResult: success, version: HTTP/1.1, content: EmptyByteBufBE)
GET /session/319642172572fdf8090d6c9115dd1193/screenshot HTTP/1.1
User-Agent: selenium/4.4.0 (java windows)
Cache-Control: no-cache
Content-Type: application/json; charset=utf-8
host: localhost:49921
accept: */*

Response DefaultHttpResponse(decodeResult: success, version: HTTP/1.1)
HTTP/1.1 200 OK
Content-Type: application/json; charset=utf-8
cache-control: no-cache
content-length: 360220

12:37:02.614 [AsyncHttpClient-1-2] DEBUG org.asynchttpclient.netty.channel.ChannelManager - Adding key: http://localhost:49921 for channel [id: 0x807b5911, L:/127.0.0.1:56618 - R:localhost/127.0.0.1:49921]
12:37:02.625 [Test worker] DEBUG net.serenitybdd.core.photography.Darkroom - Send negative for processing for C:\Users\pcnit\Downloads\TestE2E\target\site\serenity\61eb60b7fd79b467ea53fcd95ec49f92e56e29107e7f821d0944dbf166cdb743.png
12:37:02.626 [Test worker] DEBUG net.thucydides.core.steps.StepInterceptor - STEP DONE: {0} clicks on #target
12:37:02.657 [Forwarding getPageSource on session 319642172572fdf8090d6c9115dd1193 to remote] DEBUG org.asynchttpclient.netty.request.NettyRequestSender - Using pooled Channel '[id: 0x807b5911, L:/127.0.0.1:56618 - R:localhost/127.0.0.1:49921]' for 'POST' to 'http://localhost:49921/session/319642172572fdf8090d6c9115dd1193/execute/sync'
12:37:02.657 [Forwarding getPageSource on session 319642172572fdf8090d6c9115dd1193 to remote] DEBUG org.asynchttpclient.netty.request.NettyRequestSender - Using open Channel [id: 0x807b5911, L:/127.0.0.1:56618 - R:localhost/127.0.0.1:49921] for POST '/session/319642172572fdf8090d6c9115dd1193/execute/sync'
12:37:02.675 [AsyncHttpClient-1-2] DEBUG org.asynchttpclient.netty.handler.HttpHandler - 

Request DefaultHttpRequest(decodeResult: success, version: HTTP/1.1)
POST /session/319642172572fdf8090d6c9115dd1193/execute/sync HTTP/1.1
User-Agent: selenium/4.4.0 (java windows)
Content-Length: 176
Content-Type: application/json; charset=utf-8
host: localhost:49921
accept: */*

Response DefaultHttpResponse(decodeResult: success, version: HTTP/1.1)
HTTP/1.1 200 OK
Content-Type: application/json; charset=utf-8
cache-control: no-cache
content-length: 57426

12:37:02.675 [AsyncHttpClient-1-2] DEBUG org.asynchttpclient.netty.channel.ChannelManager - Adding key: http://localhost:49921 for channel [id: 0x807b5911, L:/127.0.0.1:56618 - R:localhost/127.0.0.1:49921]
12:37:02.687 [Forwarding getCurrentUrl on session 319642172572fdf8090d6c9115dd1193 to remote] DEBUG org.asynchttpclient.netty.request.NettyRequestSender - Using pooled Channel '[id: 0x807b5911, L:/127.0.0.1:56618 - R:localhost/127.0.0.1:49921]' for 'GET' to 'http://localhost:49921/session/319642172572fdf8090d6c9115dd1193/url'
12:37:02.687 [Forwarding getCurrentUrl on session 319642172572fdf8090d6c9115dd1193 to remote] DEBUG org.asynchttpclient.netty.request.NettyRequestSender - Using open Channel [id: 0x807b5911, L:/127.0.0.1:56618 - R:localhost/127.0.0.1:49921] for GET '/session/319642172572fdf8090d6c9115dd1193/url'
12:37:02.702 [AsyncHttpClient-1-2] DEBUG org.asynchttpclient.netty.handler.HttpHandler - 

Request DefaultFullHttpRequest(decodeResult: success, version: HTTP/1.1, content: EmptyByteBufBE)
GET /session/319642172572fdf8090d6c9115dd1193/url HTTP/1.1
User-Agent: selenium/4.4.0 (java windows)
Cache-Control: no-cache
Content-Type: application/json; charset=utf-8
host: localhost:49921
accept: */*

Response DefaultHttpResponse(decodeResult: success, version: HTTP/1.1)
HTTP/1.1 200 OK
Content-Type: application/json; charset=utf-8
cache-control: no-cache
content-length: 38

12:37:02.702 [AsyncHttpClient-1-2] DEBUG org.asynchttpclient.netty.channel.ChannelManager - Adding key: http://localhost:49921 for channel [id: 0x807b5911, L:/127.0.0.1:56618 - R:localhost/127.0.0.1:49921]
12:37:02.707 [Test worker] DEBUG net.thucydides.core.steps.StepInterceptor - STARTING STEP: Login.performAs - {0} enters #theTextAsAString into #target
12:37:02.721 [Test worker] DEBUG net.serenitybdd.screenplay.targets.IFrameSwitcher - default content already selected for ingresa el nombre de usuario
12:37:02.761 [Forwarding findElement on session 319642172572fdf8090d6c9115dd1193 to remote] DEBUG org.asynchttpclient.netty.request.NettyRequestSender - Using pooled Channel '[id: 0x807b5911, L:/127.0.0.1:56618 - R:localhost/127.0.0.1:49921]' for 'POST' to 'http://localhost:49921/session/319642172572fdf8090d6c9115dd1193/element'
12:37:02.761 [Forwarding findElement on session 319642172572fdf8090d6c9115dd1193 to remote] DEBUG org.asynchttpclient.netty.request.NettyRequestSender - Using open Channel [id: 0x807b5911, L:/127.0.0.1:56618 - R:localhost/127.0.0.1:49921] for POST '/session/319642172572fdf8090d6c9115dd1193/element'
12:37:02.782 [AsyncHttpClient-1-2] DEBUG org.asynchttpclient.netty.handler.HttpHandler - 

Request DefaultHttpRequest(decodeResult: success, version: HTTP/1.1)
POST /session/319642172572fdf8090d6c9115dd1193/element HTTP/1.1
User-Agent: selenium/4.4.0 (java windows)
Content-Length: 58
Content-Type: application/json; charset=utf-8
host: localhost:49921
accept: */*

Response DefaultHttpResponse(decodeResult: success, version: HTTP/1.1)
HTTP/1.1 200 OK
Content-Type: application/json; charset=utf-8
cache-control: no-cache
content-length: 126

12:37:02.783 [AsyncHttpClient-1-2] DEBUG org.asynchttpclient.netty.channel.ChannelManager - Adding key: http://localhost:49921 for channel [id: 0x807b5911, L:/127.0.0.1:56618 - R:localhost/127.0.0.1:49921]
12:37:02.786 [Forwarding clearElement on session 319642172572fdf8090d6c9115dd1193 to remote] DEBUG org.asynchttpclient.netty.request.NettyRequestSender - Using pooled Channel '[id: 0x807b5911, L:/127.0.0.1:56618 - R:localhost/127.0.0.1:49921]' for 'POST' to 'http://localhost:49921/session/319642172572fdf8090d6c9115dd1193/element/f.77D77E48C717A5F8144E3521F6891EC1.d.070F3DAFBCFEA3E5C4DA0738648D64AF.e.44/clear'
12:37:02.786 [Forwarding clearElement on session 319642172572fdf8090d6c9115dd1193 to remote] DEBUG org.asynchttpclient.netty.request.NettyRequestSender - Using open Channel [id: 0x807b5911, L:/127.0.0.1:56618 - R:localhost/127.0.0.1:49921] for POST '/session/319642172572fdf8090d6c9115dd1193/element/f.77D77E48C717A5F8144E3521F6891EC1.d.070F3DAFBCFEA3E5C4DA0738648D64AF.e.44/clear'
12:37:02.846 [AsyncHttpClient-1-2] DEBUG org.asynchttpclient.netty.handler.HttpHandler - 

Request DefaultHttpRequest(decodeResult: success, version: HTTP/1.1)
POST /session/319642172572fdf8090d6c9115dd1193/element/f.77D77E48C717A5F8144E3521F6891EC1.d.070F3DAFBCFEA3E5C4DA0738648D64AF.e.44/clear HTTP/1.1
User-Agent: selenium/4.4.0 (java windows)
Content-Length: 88
Content-Type: application/json; charset=utf-8
host: localhost:49921
accept: */*

Response DefaultHttpResponse(decodeResult: success, version: HTTP/1.1)
HTTP/1.1 200 OK
Content-Type: application/json; charset=utf-8
cache-control: no-cache
content-length: 14

12:37:02.846 [AsyncHttpClient-1-2] DEBUG org.asynchttpclient.netty.channel.ChannelManager - Adding key: http://localhost:49921 for channel [id: 0x807b5911, L:/127.0.0.1:56618 - R:localhost/127.0.0.1:49921]
12:37:02.859 [Forwarding sendKeysToElement on session 319642172572fdf8090d6c9115dd1193 to remote] DEBUG org.asynchttpclient.netty.request.NettyRequestSender - Using pooled Channel '[id: 0x807b5911, L:/127.0.0.1:56618 - R:localhost/127.0.0.1:49921]' for 'POST' to 'http://localhost:49921/session/319642172572fdf8090d6c9115dd1193/element/f.77D77E48C717A5F8144E3521F6891EC1.d.070F3DAFBCFEA3E5C4DA0738648D64AF.e.44/value'
12:37:02.859 [Forwarding sendKeysToElement on session 319642172572fdf8090d6c9115dd1193 to remote] DEBUG org.asynchttpclient.netty.request.NettyRequestSender - Using open Channel [id: 0x807b5911, L:/127.0.0.1:56618 - R:localhost/127.0.0.1:49921] for POST '/session/319642172572fdf8090d6c9115dd1193/element/f.77D77E48C717A5F8144E3521F6891EC1.d.070F3DAFBCFEA3E5C4DA0738648D64AF.e.44/value'
12:37:02.956 [AsyncHttpClient-1-2] DEBUG org.asynchttpclient.netty.handler.HttpHandler - 

Request DefaultHttpRequest(decodeResult: success, version: HTTP/1.1)
POST /session/319642172572fdf8090d6c9115dd1193/element/f.77D77E48C717A5F8144E3521F6891EC1.d.070F3DAFBCFEA3E5C4DA0738648D64AF.e.44/value HTTP/1.1
User-Agent: selenium/4.4.0 (java windows)
Content-Length: 249
Content-Type: application/json; charset=utf-8
host: localhost:49921
accept: */*

Response DefaultHttpResponse(decodeResult: success, version: HTTP/1.1)
HTTP/1.1 200 OK
Content-Type: application/json; charset=utf-8
cache-control: no-cache
content-length: 14

12:37:02.957 [AsyncHttpClient-1-2] DEBUG org.asynchttpclient.netty.channel.ChannelManager - Adding key: http://localhost:49921 for channel [id: 0x807b5911, L:/127.0.0.1:56618 - R:localhost/127.0.0.1:49921]
12:37:03.009 [Forwarding getCurrentWindowHandle on session 319642172572fdf8090d6c9115dd1193 to remote] DEBUG org.asynchttpclient.netty.request.NettyRequestSender - Using pooled Channel '[id: 0x807b5911, L:/127.0.0.1:56618 - R:localhost/127.0.0.1:49921]' for 'GET' to 'http://localhost:49921/session/319642172572fdf8090d6c9115dd1193/window'
12:37:03.010 [Forwarding getCurrentWindowHandle on session 319642172572fdf8090d6c9115dd1193 to remote] DEBUG org.asynchttpclient.netty.request.NettyRequestSender - Using open Channel [id: 0x807b5911, L:/127.0.0.1:56618 - R:localhost/127.0.0.1:49921] for GET '/session/319642172572fdf8090d6c9115dd1193/window'
12:37:03.015 [AsyncHttpClient-1-2] DEBUG org.asynchttpclient.netty.handler.HttpHandler - 

Request DefaultFullHttpRequest(decodeResult: success, version: HTTP/1.1, content: EmptyByteBufBE)
GET /session/319642172572fdf8090d6c9115dd1193/window HTTP/1.1
User-Agent: selenium/4.4.0 (java windows)
Cache-Control: no-cache
Content-Type: application/json; charset=utf-8
host: localhost:49921
accept: */*

Response DefaultHttpResponse(decodeResult: success, version: HTTP/1.1)
HTTP/1.1 200 OK
Content-Type: application/json; charset=utf-8
cache-control: no-cache
content-length: 44

12:37:03.015 [AsyncHttpClient-1-2] DEBUG org.asynchttpclient.netty.channel.ChannelManager - Adding key: http://localhost:49921 for channel [id: 0x807b5911, L:/127.0.0.1:56618 - R:localhost/127.0.0.1:49921]
12:37:03.031 [Forwarding getAlertText on session 319642172572fdf8090d6c9115dd1193 to remote] DEBUG org.asynchttpclient.netty.request.NettyRequestSender - Using pooled Channel '[id: 0x807b5911, L:/127.0.0.1:56618 - R:localhost/127.0.0.1:49921]' for 'GET' to 'http://localhost:49921/session/319642172572fdf8090d6c9115dd1193/alert/text'
12:37:03.032 [Forwarding getAlertText on session 319642172572fdf8090d6c9115dd1193 to remote] DEBUG org.asynchttpclient.netty.request.NettyRequestSender - Using open Channel [id: 0x807b5911, L:/127.0.0.1:56618 - R:localhost/127.0.0.1:49921] for GET '/session/319642172572fdf8090d6c9115dd1193/alert/text'
12:37:03.037 [AsyncHttpClient-1-2] DEBUG org.asynchttpclient.netty.handler.HttpHandler - 

Request DefaultFullHttpRequest(decodeResult: success, version: HTTP/1.1, content: EmptyByteBufBE)
GET /session/319642172572fdf8090d6c9115dd1193/alert/text HTTP/1.1
User-Agent: selenium/4.4.0 (java windows)
Cache-Control: no-cache
Content-Type: application/json; charset=utf-8
host: localhost:49921
accept: */*

Response DefaultHttpResponse(decodeResult: success, version: HTTP/1.1)
HTTP/1.1 404 Not Found
Content-Type: application/json; charset=utf-8
cache-control: no-cache
content-length: 1045

12:37:03.038 [AsyncHttpClient-1-2] DEBUG org.asynchttpclient.netty.channel.ChannelManager - Adding key: http://localhost:49921 for channel [id: 0x807b5911, L:/127.0.0.1:56618 - R:localhost/127.0.0.1:49921]
12:37:03.055 [Forwarding switchToWindow on session 319642172572fdf8090d6c9115dd1193 to remote] DEBUG org.asynchttpclient.netty.request.NettyRequestSender - Using pooled Channel '[id: 0x807b5911, L:/127.0.0.1:56618 - R:localhost/127.0.0.1:49921]' for 'POST' to 'http://localhost:49921/session/319642172572fdf8090d6c9115dd1193/window'
12:37:03.055 [Forwarding switchToWindow on session 319642172572fdf8090d6c9115dd1193 to remote] DEBUG org.asynchttpclient.netty.request.NettyRequestSender - Using open Channel [id: 0x807b5911, L:/127.0.0.1:56618 - R:localhost/127.0.0.1:49921] for POST '/session/319642172572fdf8090d6c9115dd1193/window'
12:37:03.061 [AsyncHttpClient-1-2] DEBUG org.asynchttpclient.netty.handler.HttpHandler - 

Request DefaultHttpRequest(decodeResult: success, version: HTTP/1.1)
POST /session/319642172572fdf8090d6c9115dd1193/window HTTP/1.1
User-Agent: selenium/4.4.0 (java windows)
Content-Length: 50
Content-Type: application/json; charset=utf-8
host: localhost:49921
accept: */*

Response DefaultHttpResponse(decodeResult: success, version: HTTP/1.1)
HTTP/1.1 200 OK
Content-Type: application/json; charset=utf-8
cache-control: no-cache
content-length: 14

12:37:03.061 [AsyncHttpClient-1-2] DEBUG org.asynchttpclient.netty.channel.ChannelManager - Adding key: http://localhost:49921 for channel [id: 0x807b5911, L:/127.0.0.1:56618 - R:localhost/127.0.0.1:49921]
12:37:03.063 [Forwarding getCurrentUrl on session 319642172572fdf8090d6c9115dd1193 to remote] DEBUG org.asynchttpclient.netty.request.NettyRequestSender - Using pooled Channel '[id: 0x807b5911, L:/127.0.0.1:56618 - R:localhost/127.0.0.1:49921]' for 'GET' to 'http://localhost:49921/session/319642172572fdf8090d6c9115dd1193/url'
12:37:03.064 [Forwarding getCurrentUrl on session 319642172572fdf8090d6c9115dd1193 to remote] DEBUG org.asynchttpclient.netty.request.NettyRequestSender - Using open Channel [id: 0x807b5911, L:/127.0.0.1:56618 - R:localhost/127.0.0.1:49921] for GET '/session/319642172572fdf8090d6c9115dd1193/url'
12:37:03.077 [AsyncHttpClient-1-2] DEBUG org.asynchttpclient.netty.handler.HttpHandler - 

Request DefaultFullHttpRequest(decodeResult: success, version: HTTP/1.1, content: EmptyByteBufBE)
GET /session/319642172572fdf8090d6c9115dd1193/url HTTP/1.1
User-Agent: selenium/4.4.0 (java windows)
Cache-Control: no-cache
Content-Type: application/json; charset=utf-8
host: localhost:49921
accept: */*

Response DefaultHttpResponse(decodeResult: success, version: HTTP/1.1)
HTTP/1.1 200 OK
Content-Type: application/json; charset=utf-8
cache-control: no-cache
content-length: 38

12:37:03.077 [AsyncHttpClient-1-2] DEBUG org.asynchttpclient.netty.channel.ChannelManager - Adding key: http://localhost:49921 for channel [id: 0x807b5911, L:/127.0.0.1:56618 - R:localhost/127.0.0.1:49921]
12:37:03.080 [Forwarding screenshot on session 319642172572fdf8090d6c9115dd1193 to remote] DEBUG org.asynchttpclient.netty.request.NettyRequestSender - Using pooled Channel '[id: 0x807b5911, L:/127.0.0.1:56618 - R:localhost/127.0.0.1:49921]' for 'GET' to 'http://localhost:49921/session/319642172572fdf8090d6c9115dd1193/screenshot'
12:37:03.080 [Forwarding screenshot on session 319642172572fdf8090d6c9115dd1193 to remote] DEBUG org.asynchttpclient.netty.request.NettyRequestSender - Using open Channel [id: 0x807b5911, L:/127.0.0.1:56618 - R:localhost/127.0.0.1:49921] for GET '/session/319642172572fdf8090d6c9115dd1193/screenshot'
12:37:03.225 [AsyncHttpClient-1-2] DEBUG org.asynchttpclient.netty.handler.HttpHandler - 

Request DefaultFullHttpRequest(decodeResult: success, version: HTTP/1.1, content: EmptyByteBufBE)
GET /session/319642172572fdf8090d6c9115dd1193/screenshot HTTP/1.1
User-Agent: selenium/4.4.0 (java windows)
Cache-Control: no-cache
Content-Type: application/json; charset=utf-8
host: localhost:49921
accept: */*

Response DefaultHttpResponse(decodeResult: success, version: HTTP/1.1)
HTTP/1.1 200 OK
Content-Type: application/json; charset=utf-8
cache-control: no-cache
content-length: 363728

12:37:03.227 [AsyncHttpClient-1-2] DEBUG org.asynchttpclient.netty.channel.ChannelManager - Adding key: http://localhost:49921 for channel [id: 0x807b5911, L:/127.0.0.1:56618 - R:localhost/127.0.0.1:49921]
12:37:03.240 [Test worker] DEBUG net.serenitybdd.core.photography.Darkroom - Send negative for processing for C:\Users\pcnit\Downloads\TestE2E\target\site\serenity\4f0c95afe26b765d71f5609f86ee2b22f67fab45f459610e6f264a30d2ca44e2.png
12:37:03.252 [Forwarding getPageSource on session 319642172572fdf8090d6c9115dd1193 to remote] DEBUG org.asynchttpclient.netty.request.NettyRequestSender - Using pooled Channel '[id: 0x807b5911, L:/127.0.0.1:56618 - R:localhost/127.0.0.1:49921]' for 'POST' to 'http://localhost:49921/session/319642172572fdf8090d6c9115dd1193/execute/sync'
12:37:03.252 [Forwarding getPageSource on session 319642172572fdf8090d6c9115dd1193 to remote] DEBUG org.asynchttpclient.netty.request.NettyRequestSender - Using open Channel [id: 0x807b5911, L:/127.0.0.1:56618 - R:localhost/127.0.0.1:49921] for POST '/session/319642172572fdf8090d6c9115dd1193/execute/sync'
12:37:03.265 [AsyncHttpClient-1-2] DEBUG org.asynchttpclient.netty.handler.HttpHandler - 

Request DefaultHttpRequest(decodeResult: success, version: HTTP/1.1)
POST /session/319642172572fdf8090d6c9115dd1193/execute/sync HTTP/1.1
User-Agent: selenium/4.4.0 (java windows)
Content-Length: 176
Content-Type: application/json; charset=utf-8
host: localhost:49921
accept: */*

Response DefaultHttpResponse(decodeResult: success, version: HTTP/1.1)
HTTP/1.1 200 OK
Content-Type: application/json; charset=utf-8
cache-control: no-cache
content-length: 57426

12:37:03.265 [AsyncHttpClient-1-2] DEBUG org.asynchttpclient.netty.channel.ChannelManager - Adding key: http://localhost:49921 for channel [id: 0x807b5911, L:/127.0.0.1:56618 - R:localhost/127.0.0.1:49921]
12:37:03.280 [Forwarding getCurrentUrl on session 319642172572fdf8090d6c9115dd1193 to remote] DEBUG org.asynchttpclient.netty.request.NettyRequestSender - Using pooled Channel '[id: 0x807b5911, L:/127.0.0.1:56618 - R:localhost/127.0.0.1:49921]' for 'GET' to 'http://localhost:49921/session/319642172572fdf8090d6c9115dd1193/url'
12:37:03.280 [Forwarding getCurrentUrl on session 319642172572fdf8090d6c9115dd1193 to remote] DEBUG org.asynchttpclient.netty.request.NettyRequestSender - Using open Channel [id: 0x807b5911, L:/127.0.0.1:56618 - R:localhost/127.0.0.1:49921] for GET '/session/319642172572fdf8090d6c9115dd1193/url'
12:37:03.294 [AsyncHttpClient-1-2] DEBUG org.asynchttpclient.netty.handler.HttpHandler - 

Request DefaultFullHttpRequest(decodeResult: success, version: HTTP/1.1, content: EmptyByteBufBE)
GET /session/319642172572fdf8090d6c9115dd1193/url HTTP/1.1
User-Agent: selenium/4.4.0 (java windows)
Cache-Control: no-cache
Content-Type: application/json; charset=utf-8
host: localhost:49921
accept: */*

Response DefaultHttpResponse(decodeResult: success, version: HTTP/1.1)
HTTP/1.1 200 OK
Content-Type: application/json; charset=utf-8
cache-control: no-cache
content-length: 38

12:37:03.294 [AsyncHttpClient-1-2] DEBUG org.asynchttpclient.netty.channel.ChannelManager - Adding key: http://localhost:49921 for channel [id: 0x807b5911, L:/127.0.0.1:56618 - R:localhost/127.0.0.1:49921]
12:37:03.347 [Forwarding getCurrentWindowHandle on session 319642172572fdf8090d6c9115dd1193 to remote] DEBUG org.asynchttpclient.netty.request.NettyRequestSender - Using pooled Channel '[id: 0x807b5911, L:/127.0.0.1:56618 - R:localhost/127.0.0.1:49921]' for 'GET' to 'http://localhost:49921/session/319642172572fdf8090d6c9115dd1193/window'
12:37:03.348 [Forwarding getCurrentWindowHandle on session 319642172572fdf8090d6c9115dd1193 to remote] DEBUG org.asynchttpclient.netty.request.NettyRequestSender - Using open Channel [id: 0x807b5911, L:/127.0.0.1:56618 - R:localhost/127.0.0.1:49921] for GET '/session/319642172572fdf8090d6c9115dd1193/window'
12:37:03.350 [AsyncHttpClient-1-2] DEBUG org.asynchttpclient.netty.handler.HttpHandler - 

Request DefaultFullHttpRequest(decodeResult: success, version: HTTP/1.1, content: EmptyByteBufBE)
GET /session/319642172572fdf8090d6c9115dd1193/window HTTP/1.1
User-Agent: selenium/4.4.0 (java windows)
Cache-Control: no-cache
Content-Type: application/json; charset=utf-8
host: localhost:49921
accept: */*

Response DefaultHttpResponse(decodeResult: success, version: HTTP/1.1)
HTTP/1.1 200 OK
Content-Type: application/json; charset=utf-8
cache-control: no-cache
content-length: 44

12:37:03.351 [AsyncHttpClient-1-2] DEBUG org.asynchttpclient.netty.channel.ChannelManager - Adding key: http://localhost:49921 for channel [id: 0x807b5911, L:/127.0.0.1:56618 - R:localhost/127.0.0.1:49921]
12:37:03.365 [Forwarding getAlertText on session 319642172572fdf8090d6c9115dd1193 to remote] DEBUG org.asynchttpclient.netty.request.NettyRequestSender - Using pooled Channel '[id: 0x807b5911, L:/127.0.0.1:56618 - R:localhost/127.0.0.1:49921]' for 'GET' to 'http://localhost:49921/session/319642172572fdf8090d6c9115dd1193/alert/text'
12:37:03.365 [Forwarding getAlertText on session 319642172572fdf8090d6c9115dd1193 to remote] DEBUG org.asynchttpclient.netty.request.NettyRequestSender - Using open Channel [id: 0x807b5911, L:/127.0.0.1:56618 - R:localhost/127.0.0.1:49921] for GET '/session/319642172572fdf8090d6c9115dd1193/alert/text'
12:37:03.371 [AsyncHttpClient-1-2] DEBUG org.asynchttpclient.netty.handler.HttpHandler - 

Request DefaultFullHttpRequest(decodeResult: success, version: HTTP/1.1, content: EmptyByteBufBE)
GET /session/319642172572fdf8090d6c9115dd1193/alert/text HTTP/1.1
User-Agent: selenium/4.4.0 (java windows)
Cache-Control: no-cache
Content-Type: application/json; charset=utf-8
host: localhost:49921
accept: */*

Response DefaultHttpResponse(decodeResult: success, version: HTTP/1.1)
HTTP/1.1 404 Not Found
Content-Type: application/json; charset=utf-8
cache-control: no-cache
content-length: 1045

12:37:03.371 [AsyncHttpClient-1-2] DEBUG org.asynchttpclient.netty.channel.ChannelManager - Adding key: http://localhost:49921 for channel [id: 0x807b5911, L:/127.0.0.1:56618 - R:localhost/127.0.0.1:49921]
12:37:03.383 [Forwarding switchToWindow on session 319642172572fdf8090d6c9115dd1193 to remote] DEBUG org.asynchttpclient.netty.request.NettyRequestSender - Using pooled Channel '[id: 0x807b5911, L:/127.0.0.1:56618 - R:localhost/127.0.0.1:49921]' for 'POST' to 'http://localhost:49921/session/319642172572fdf8090d6c9115dd1193/window'
12:37:03.384 [Forwarding switchToWindow on session 319642172572fdf8090d6c9115dd1193 to remote] DEBUG org.asynchttpclient.netty.request.NettyRequestSender - Using open Channel [id: 0x807b5911, L:/127.0.0.1:56618 - R:localhost/127.0.0.1:49921] for POST '/session/319642172572fdf8090d6c9115dd1193/window'
12:37:03.387 [AsyncHttpClient-1-2] DEBUG org.asynchttpclient.netty.handler.HttpHandler - 

Request DefaultHttpRequest(decodeResult: success, version: HTTP/1.1)
POST /session/319642172572fdf8090d6c9115dd1193/window HTTP/1.1
User-Agent: selenium/4.4.0 (java windows)
Content-Length: 50
Content-Type: application/json; charset=utf-8
host: localhost:49921
accept: */*

Response DefaultHttpResponse(decodeResult: success, version: HTTP/1.1)
HTTP/1.1 200 OK
Content-Type: application/json; charset=utf-8
cache-control: no-cache
content-length: 14

12:37:03.387 [AsyncHttpClient-1-2] DEBUG org.asynchttpclient.netty.channel.ChannelManager - Adding key: http://localhost:49921 for channel [id: 0x807b5911, L:/127.0.0.1:56618 - R:localhost/127.0.0.1:49921]
12:37:03.391 [Forwarding getCurrentUrl on session 319642172572fdf8090d6c9115dd1193 to remote] DEBUG org.asynchttpclient.netty.request.NettyRequestSender - Using pooled Channel '[id: 0x807b5911, L:/127.0.0.1:56618 - R:localhost/127.0.0.1:49921]' for 'GET' to 'http://localhost:49921/session/319642172572fdf8090d6c9115dd1193/url'
12:37:03.391 [Forwarding getCurrentUrl on session 319642172572fdf8090d6c9115dd1193 to remote] DEBUG org.asynchttpclient.netty.request.NettyRequestSender - Using open Channel [id: 0x807b5911, L:/127.0.0.1:56618 - R:localhost/127.0.0.1:49921] for GET '/session/319642172572fdf8090d6c9115dd1193/url'
12:37:03.399 [AsyncHttpClient-1-2] DEBUG org.asynchttpclient.netty.handler.HttpHandler - 

Request DefaultFullHttpRequest(decodeResult: success, version: HTTP/1.1, content: EmptyByteBufBE)
GET /session/319642172572fdf8090d6c9115dd1193/url HTTP/1.1
User-Agent: selenium/4.4.0 (java windows)
Cache-Control: no-cache
Content-Type: application/json; charset=utf-8
host: localhost:49921
accept: */*

Response DefaultHttpResponse(decodeResult: success, version: HTTP/1.1)
HTTP/1.1 200 OK
Content-Type: application/json; charset=utf-8
cache-control: no-cache
content-length: 38

12:37:03.400 [AsyncHttpClient-1-2] DEBUG org.asynchttpclient.netty.channel.ChannelManager - Adding key: http://localhost:49921 for channel [id: 0x807b5911, L:/127.0.0.1:56618 - R:localhost/127.0.0.1:49921]
12:37:03.401 [Forwarding screenshot on session 319642172572fdf8090d6c9115dd1193 to remote] DEBUG org.asynchttpclient.netty.request.NettyRequestSender - Using pooled Channel '[id: 0x807b5911, L:/127.0.0.1:56618 - R:localhost/127.0.0.1:49921]' for 'GET' to 'http://localhost:49921/session/319642172572fdf8090d6c9115dd1193/screenshot'
12:37:03.401 [Forwarding screenshot on session 319642172572fdf8090d6c9115dd1193 to remote] DEBUG org.asynchttpclient.netty.request.NettyRequestSender - Using open Channel [id: 0x807b5911, L:/127.0.0.1:56618 - R:localhost/127.0.0.1:49921] for GET '/session/319642172572fdf8090d6c9115dd1193/screenshot'
12:37:03.540 [AsyncHttpClient-1-2] DEBUG org.asynchttpclient.netty.handler.HttpHandler - 

Request DefaultFullHttpRequest(decodeResult: success, version: HTTP/1.1, content: EmptyByteBufBE)
GET /session/319642172572fdf8090d6c9115dd1193/screenshot HTTP/1.1
User-Agent: selenium/4.4.0 (java windows)
Cache-Control: no-cache
Content-Type: application/json; charset=utf-8
host: localhost:49921
accept: */*

Response DefaultHttpResponse(decodeResult: success, version: HTTP/1.1)
HTTP/1.1 200 OK
Content-Type: application/json; charset=utf-8
cache-control: no-cache
content-length: 363728

12:37:03.542 [AsyncHttpClient-1-2] DEBUG org.asynchttpclient.netty.channel.ChannelManager - Adding key: http://localhost:49921 for channel [id: 0x807b5911, L:/127.0.0.1:56618 - R:localhost/127.0.0.1:49921]
12:37:03.554 [Test worker] DEBUG net.serenitybdd.core.photography.Darkroom - Send negative for processing for C:\Users\pcnit\Downloads\TestE2E\target\site\serenity\4f0c95afe26b765d71f5609f86ee2b22f67fab45f459610e6f264a30d2ca44e2.png
12:37:03.555 [Test worker] DEBUG net.thucydides.core.steps.StepInterceptor - STEP DONE: {0} enters #theTextAsAString into #target
12:37:03.590 [Forwarding getPageSource on session 319642172572fdf8090d6c9115dd1193 to remote] DEBUG org.asynchttpclient.netty.request.NettyRequestSender - Using pooled Channel '[id: 0x807b5911, L:/127.0.0.1:56618 - R:localhost/127.0.0.1:49921]' for 'POST' to 'http://localhost:49921/session/319642172572fdf8090d6c9115dd1193/execute/sync'
12:37:03.590 [Forwarding getPageSource on session 319642172572fdf8090d6c9115dd1193 to remote] DEBUG org.asynchttpclient.netty.request.NettyRequestSender - Using open Channel [id: 0x807b5911, L:/127.0.0.1:56618 - R:localhost/127.0.0.1:49921] for POST '/session/319642172572fdf8090d6c9115dd1193/execute/sync'
12:37:03.601 [AsyncHttpClient-1-2] DEBUG org.asynchttpclient.netty.handler.HttpHandler - 

Request DefaultHttpRequest(decodeResult: success, version: HTTP/1.1)
POST /session/319642172572fdf8090d6c9115dd1193/execute/sync HTTP/1.1
User-Agent: selenium/4.4.0 (java windows)
Content-Length: 176
Content-Type: application/json; charset=utf-8
host: localhost:49921
accept: */*

Response DefaultHttpResponse(decodeResult: success, version: HTTP/1.1)
HTTP/1.1 200 OK
Content-Type: application/json; charset=utf-8
cache-control: no-cache
content-length: 57426

12:37:03.602 [AsyncHttpClient-1-2] DEBUG org.asynchttpclient.netty.channel.ChannelManager - Adding key: http://localhost:49921 for channel [id: 0x807b5911, L:/127.0.0.1:56618 - R:localhost/127.0.0.1:49921]
12:37:03.612 [Forwarding getCurrentUrl on session 319642172572fdf8090d6c9115dd1193 to remote] DEBUG org.asynchttpclient.netty.request.NettyRequestSender - Using pooled Channel '[id: 0x807b5911, L:/127.0.0.1:56618 - R:localhost/127.0.0.1:49921]' for 'GET' to 'http://localhost:49921/session/319642172572fdf8090d6c9115dd1193/url'
12:37:03.612 [Forwarding getCurrentUrl on session 319642172572fdf8090d6c9115dd1193 to remote] DEBUG org.asynchttpclient.netty.request.NettyRequestSender - Using open Channel [id: 0x807b5911, L:/127.0.0.1:56618 - R:localhost/127.0.0.1:49921] for GET '/session/319642172572fdf8090d6c9115dd1193/url'
12:37:03.627 [AsyncHttpClient-1-2] DEBUG org.asynchttpclient.netty.handler.HttpHandler - 

Request DefaultFullHttpRequest(decodeResult: success, version: HTTP/1.1, content: EmptyByteBufBE)
GET /session/319642172572fdf8090d6c9115dd1193/url HTTP/1.1
User-Agent: selenium/4.4.0 (java windows)
Cache-Control: no-cache
Content-Type: application/json; charset=utf-8
host: localhost:49921
accept: */*

Response DefaultHttpResponse(decodeResult: success, version: HTTP/1.1)
HTTP/1.1 200 OK
Content-Type: application/json; charset=utf-8
cache-control: no-cache
content-length: 38

12:37:03.627 [AsyncHttpClient-1-2] DEBUG org.asynchttpclient.netty.channel.ChannelManager - Adding key: http://localhost:49921 for channel [id: 0x807b5911, L:/127.0.0.1:56618 - R:localhost/127.0.0.1:49921]
12:37:03.638 [Test worker] DEBUG net.thucydides.core.steps.StepInterceptor - STARTING STEP: Login.performAs - {0} enters #theTextAsAString into #target
12:37:03.660 [Test worker] DEBUG net.serenitybdd.screenplay.targets.IFrameSwitcher - default content already selected for ingresa la contraseña
12:37:03.687 [AsyncHttpClient-1-1] DEBUG org.asynchttpclient.netty.channel.DefaultChannelPool - Entry count for : http://localhost:56619 : 1
12:37:03.687 [AsyncHttpClient-1-1] DEBUG org.asynchttpclient.netty.channel.DefaultChannelPool - Entry count for : http://localhost:49921 : 1
12:37:03.704 [Forwarding findElement on session 319642172572fdf8090d6c9115dd1193 to remote] DEBUG org.asynchttpclient.netty.request.NettyRequestSender - Using pooled Channel '[id: 0x807b5911, L:/127.0.0.1:56618 - R:localhost/127.0.0.1:49921]' for 'POST' to 'http://localhost:49921/session/319642172572fdf8090d6c9115dd1193/element'
12:37:03.704 [Forwarding findElement on session 319642172572fdf8090d6c9115dd1193 to remote] DEBUG org.asynchttpclient.netty.request.NettyRequestSender - Using open Channel [id: 0x807b5911, L:/127.0.0.1:56618 - R:localhost/127.0.0.1:49921] for POST '/session/319642172572fdf8090d6c9115dd1193/element'
12:37:03.721 [AsyncHttpClient-1-2] DEBUG org.asynchttpclient.netty.handler.HttpHandler - 

Request DefaultHttpRequest(decodeResult: success, version: HTTP/1.1)
POST /session/319642172572fdf8090d6c9115dd1193/element HTTP/1.1
User-Agent: selenium/4.4.0 (java windows)
Content-Length: 58
Content-Type: application/json; charset=utf-8
host: localhost:49921
accept: */*

Response DefaultHttpResponse(decodeResult: success, version: HTTP/1.1)
HTTP/1.1 200 OK
Content-Type: application/json; charset=utf-8
cache-control: no-cache
content-length: 126

12:37:03.721 [AsyncHttpClient-1-2] DEBUG org.asynchttpclient.netty.channel.ChannelManager - Adding key: http://localhost:49921 for channel [id: 0x807b5911, L:/127.0.0.1:56618 - R:localhost/127.0.0.1:49921]
12:37:03.724 [Forwarding clearElement on session 319642172572fdf8090d6c9115dd1193 to remote] DEBUG org.asynchttpclient.netty.request.NettyRequestSender - Using pooled Channel '[id: 0x807b5911, L:/127.0.0.1:56618 - R:localhost/127.0.0.1:49921]' for 'POST' to 'http://localhost:49921/session/319642172572fdf8090d6c9115dd1193/element/f.77D77E48C717A5F8144E3521F6891EC1.d.070F3DAFBCFEA3E5C4DA0738648D64AF.e.45/clear'
12:37:03.724 [Forwarding clearElement on session 319642172572fdf8090d6c9115dd1193 to remote] DEBUG org.asynchttpclient.netty.request.NettyRequestSender - Using open Channel [id: 0x807b5911, L:/127.0.0.1:56618 - R:localhost/127.0.0.1:49921] for POST '/session/319642172572fdf8090d6c9115dd1193/element/f.77D77E48C717A5F8144E3521F6891EC1.d.070F3DAFBCFEA3E5C4DA0738648D64AF.e.45/clear'
12:37:03.755 [AsyncHttpClient-1-2] DEBUG org.asynchttpclient.netty.handler.HttpHandler - 

Request DefaultHttpRequest(decodeResult: success, version: HTTP/1.1)
POST /session/319642172572fdf8090d6c9115dd1193/element/f.77D77E48C717A5F8144E3521F6891EC1.d.070F3DAFBCFEA3E5C4DA0738648D64AF.e.45/clear HTTP/1.1
User-Agent: selenium/4.4.0 (java windows)
Content-Length: 88
Content-Type: application/json; charset=utf-8
host: localhost:49921
accept: */*

Response DefaultHttpResponse(decodeResult: success, version: HTTP/1.1)
HTTP/1.1 200 OK
Content-Type: application/json; charset=utf-8
cache-control: no-cache
content-length: 14

12:37:03.755 [AsyncHttpClient-1-2] DEBUG org.asynchttpclient.netty.channel.ChannelManager - Adding key: http://localhost:49921 for channel [id: 0x807b5911, L:/127.0.0.1:56618 - R:localhost/127.0.0.1:49921]
12:37:03.770 [Forwarding sendKeysToElement on session 319642172572fdf8090d6c9115dd1193 to remote] DEBUG org.asynchttpclient.netty.request.NettyRequestSender - Using pooled Channel '[id: 0x807b5911, L:/127.0.0.1:56618 - R:localhost/127.0.0.1:49921]' for 'POST' to 'http://localhost:49921/session/319642172572fdf8090d6c9115dd1193/element/f.77D77E48C717A5F8144E3521F6891EC1.d.070F3DAFBCFEA3E5C4DA0738648D64AF.e.45/value'
12:37:03.770 [Forwarding sendKeysToElement on session 319642172572fdf8090d6c9115dd1193 to remote] DEBUG org.asynchttpclient.netty.request.NettyRequestSender - Using open Channel [id: 0x807b5911, L:/127.0.0.1:56618 - R:localhost/127.0.0.1:49921] for POST '/session/319642172572fdf8090d6c9115dd1193/element/f.77D77E48C717A5F8144E3521F6891EC1.d.070F3DAFBCFEA3E5C4DA0738648D64AF.e.45/value'
12:37:03.836 [AsyncHttpClient-1-2] DEBUG org.asynchttpclient.netty.handler.HttpHandler - 

Request DefaultHttpRequest(decodeResult: success, version: HTTP/1.1)
POST /session/319642172572fdf8090d6c9115dd1193/element/f.77D77E48C717A5F8144E3521F6891EC1.d.070F3DAFBCFEA3E5C4DA0738648D64AF.e.45/value HTTP/1.1
User-Agent: selenium/4.4.0 (java windows)
Content-Length: 239
Content-Type: application/json; charset=utf-8
host: localhost:49921
accept: */*

Response DefaultHttpResponse(decodeResult: success, version: HTTP/1.1)
HTTP/1.1 200 OK
Content-Type: application/json; charset=utf-8
cache-control: no-cache
content-length: 14

12:37:03.837 [AsyncHttpClient-1-2] DEBUG org.asynchttpclient.netty.channel.ChannelManager - Adding key: http://localhost:49921 for channel [id: 0x807b5911, L:/127.0.0.1:56618 - R:localhost/127.0.0.1:49921]
12:37:03.887 [Forwarding getCurrentWindowHandle on session 319642172572fdf8090d6c9115dd1193 to remote] DEBUG org.asynchttpclient.netty.request.NettyRequestSender - Using pooled Channel '[id: 0x807b5911, L:/127.0.0.1:56618 - R:localhost/127.0.0.1:49921]' for 'GET' to 'http://localhost:49921/session/319642172572fdf8090d6c9115dd1193/window'
12:37:03.887 [Forwarding getCurrentWindowHandle on session 319642172572fdf8090d6c9115dd1193 to remote] DEBUG org.asynchttpclient.netty.request.NettyRequestSender - Using open Channel [id: 0x807b5911, L:/127.0.0.1:56618 - R:localhost/127.0.0.1:49921] for GET '/session/319642172572fdf8090d6c9115dd1193/window'
12:37:03.891 [AsyncHttpClient-1-2] DEBUG org.asynchttpclient.netty.handler.HttpHandler - 

Request DefaultFullHttpRequest(decodeResult: success, version: HTTP/1.1, content: EmptyByteBufBE)
GET /session/319642172572fdf8090d6c9115dd1193/window HTTP/1.1
User-Agent: selenium/4.4.0 (java windows)
Cache-Control: no-cache
Content-Type: application/json; charset=utf-8
host: localhost:49921
accept: */*

Response DefaultHttpResponse(decodeResult: success, version: HTTP/1.1)
HTTP/1.1 200 OK
Content-Type: application/json; charset=utf-8
cache-control: no-cache
content-length: 44

12:37:03.892 [AsyncHttpClient-1-2] DEBUG org.asynchttpclient.netty.channel.ChannelManager - Adding key: http://localhost:49921 for channel [id: 0x807b5911, L:/127.0.0.1:56618 - R:localhost/127.0.0.1:49921]
12:37:03.910 [Forwarding getAlertText on session 319642172572fdf8090d6c9115dd1193 to remote] DEBUG org.asynchttpclient.netty.request.NettyRequestSender - Using pooled Channel '[id: 0x807b5911, L:/127.0.0.1:56618 - R:localhost/127.0.0.1:49921]' for 'GET' to 'http://localhost:49921/session/319642172572fdf8090d6c9115dd1193/alert/text'
12:37:03.910 [Forwarding getAlertText on session 319642172572fdf8090d6c9115dd1193 to remote] DEBUG org.asynchttpclient.netty.request.NettyRequestSender - Using open Channel [id: 0x807b5911, L:/127.0.0.1:56618 - R:localhost/127.0.0.1:49921] for GET '/session/319642172572fdf8090d6c9115dd1193/alert/text'
12:37:03.915 [AsyncHttpClient-1-2] DEBUG org.asynchttpclient.netty.handler.HttpHandler - 

Request DefaultFullHttpRequest(decodeResult: success, version: HTTP/1.1, content: EmptyByteBufBE)
GET /session/319642172572fdf8090d6c9115dd1193/alert/text HTTP/1.1
User-Agent: selenium/4.4.0 (java windows)
Cache-Control: no-cache
Content-Type: application/json; charset=utf-8
host: localhost:49921
accept: */*

Response DefaultHttpResponse(decodeResult: success, version: HTTP/1.1)
HTTP/1.1 404 Not Found
Content-Type: application/json; charset=utf-8
cache-control: no-cache
content-length: 1045

12:37:03.916 [AsyncHttpClient-1-2] DEBUG org.asynchttpclient.netty.channel.ChannelManager - Adding key: http://localhost:49921 for channel [id: 0x807b5911, L:/127.0.0.1:56618 - R:localhost/127.0.0.1:49921]
12:37:03.944 [Forwarding switchToWindow on session 319642172572fdf8090d6c9115dd1193 to remote] DEBUG org.asynchttpclient.netty.request.NettyRequestSender - Using pooled Channel '[id: 0x807b5911, L:/127.0.0.1:56618 - R:localhost/127.0.0.1:49921]' for 'POST' to 'http://localhost:49921/session/319642172572fdf8090d6c9115dd1193/window'
12:37:03.944 [Forwarding switchToWindow on session 319642172572fdf8090d6c9115dd1193 to remote] DEBUG org.asynchttpclient.netty.request.NettyRequestSender - Using open Channel [id: 0x807b5911, L:/127.0.0.1:56618 - R:localhost/127.0.0.1:49921] for POST '/session/319642172572fdf8090d6c9115dd1193/window'
12:37:03.948 [AsyncHttpClient-1-2] DEBUG org.asynchttpclient.netty.handler.HttpHandler - 

Request DefaultHttpRequest(decodeResult: success, version: HTTP/1.1)
POST /session/319642172572fdf8090d6c9115dd1193/window HTTP/1.1
User-Agent: selenium/4.4.0 (java windows)
Content-Length: 50
Content-Type: application/json; charset=utf-8
host: localhost:49921
accept: */*

Response DefaultHttpResponse(decodeResult: success, version: HTTP/1.1)
HTTP/1.1 200 OK
Content-Type: application/json; charset=utf-8
cache-control: no-cache
content-length: 14

12:37:03.948 [AsyncHttpClient-1-2] DEBUG org.asynchttpclient.netty.channel.ChannelManager - Adding key: http://localhost:49921 for channel [id: 0x807b5911, L:/127.0.0.1:56618 - R:localhost/127.0.0.1:49921]
12:37:03.952 [Forwarding getCurrentUrl on session 319642172572fdf8090d6c9115dd1193 to remote] DEBUG org.asynchttpclient.netty.request.NettyRequestSender - Using pooled Channel '[id: 0x807b5911, L:/127.0.0.1:56618 - R:localhost/127.0.0.1:49921]' for 'GET' to 'http://localhost:49921/session/319642172572fdf8090d6c9115dd1193/url'
12:37:03.952 [Forwarding getCurrentUrl on session 319642172572fdf8090d6c9115dd1193 to remote] DEBUG org.asynchttpclient.netty.request.NettyRequestSender - Using open Channel [id: 0x807b5911, L:/127.0.0.1:56618 - R:localhost/127.0.0.1:49921] for GET '/session/319642172572fdf8090d6c9115dd1193/url'
12:37:03.963 [AsyncHttpClient-1-2] DEBUG org.asynchttpclient.netty.handler.HttpHandler - 

Request DefaultFullHttpRequest(decodeResult: success, version: HTTP/1.1, content: EmptyByteBufBE)
GET /session/319642172572fdf8090d6c9115dd1193/url HTTP/1.1
User-Agent: selenium/4.4.0 (java windows)
Cache-Control: no-cache
Content-Type: application/json; charset=utf-8
host: localhost:49921
accept: */*

Response DefaultHttpResponse(decodeResult: success, version: HTTP/1.1)
HTTP/1.1 200 OK
Content-Type: application/json; charset=utf-8
cache-control: no-cache
content-length: 38

12:37:03.964 [AsyncHttpClient-1-2] DEBUG org.asynchttpclient.netty.channel.ChannelManager - Adding key: http://localhost:49921 for channel [id: 0x807b5911, L:/127.0.0.1:56618 - R:localhost/127.0.0.1:49921]
12:37:03.967 [Forwarding screenshot on session 319642172572fdf8090d6c9115dd1193 to remote] DEBUG org.asynchttpclient.netty.request.NettyRequestSender - Using pooled Channel '[id: 0x807b5911, L:/127.0.0.1:56618 - R:localhost/127.0.0.1:49921]' for 'GET' to 'http://localhost:49921/session/319642172572fdf8090d6c9115dd1193/screenshot'
12:37:03.968 [Forwarding screenshot on session 319642172572fdf8090d6c9115dd1193 to remote] DEBUG org.asynchttpclient.netty.request.NettyRequestSender - Using open Channel [id: 0x807b5911, L:/127.0.0.1:56618 - R:localhost/127.0.0.1:49921] for GET '/session/319642172572fdf8090d6c9115dd1193/screenshot'
12:37:04.103 [AsyncHttpClient-1-2] DEBUG org.asynchttpclient.netty.handler.HttpHandler - 

Request DefaultFullHttpRequest(decodeResult: success, version: HTTP/1.1, content: EmptyByteBufBE)
GET /session/319642172572fdf8090d6c9115dd1193/screenshot HTTP/1.1
User-Agent: selenium/4.4.0 (java windows)
Cache-Control: no-cache
Content-Type: application/json; charset=utf-8
host: localhost:49921
accept: */*

Response DefaultHttpResponse(decodeResult: success, version: HTTP/1.1)
HTTP/1.1 200 OK
Content-Type: application/json; charset=utf-8
cache-control: no-cache
content-length: 365288

12:37:04.106 [AsyncHttpClient-1-2] DEBUG org.asynchttpclient.netty.channel.ChannelManager - Adding key: http://localhost:49921 for channel [id: 0x807b5911, L:/127.0.0.1:56618 - R:localhost/127.0.0.1:49921]
12:37:04.117 [Test worker] DEBUG net.serenitybdd.core.photography.Darkroom - Send negative for processing for C:\Users\pcnit\Downloads\TestE2E\target\site\serenity\76b0ff90c40b56057d136e4f589969ffda66702222ff829370638176f39e9d85.png
12:37:04.128 [Forwarding getPageSource on session 319642172572fdf8090d6c9115dd1193 to remote] DEBUG org.asynchttpclient.netty.request.NettyRequestSender - Using pooled Channel '[id: 0x807b5911, L:/127.0.0.1:56618 - R:localhost/127.0.0.1:49921]' for 'POST' to 'http://localhost:49921/session/319642172572fdf8090d6c9115dd1193/execute/sync'
12:37:04.128 [Forwarding getPageSource on session 319642172572fdf8090d6c9115dd1193 to remote] DEBUG org.asynchttpclient.netty.request.NettyRequestSender - Using open Channel [id: 0x807b5911, L:/127.0.0.1:56618 - R:localhost/127.0.0.1:49921] for POST '/session/319642172572fdf8090d6c9115dd1193/execute/sync'
12:37:04.142 [AsyncHttpClient-1-2] DEBUG org.asynchttpclient.netty.handler.HttpHandler - 

Request DefaultHttpRequest(decodeResult: success, version: HTTP/1.1)
POST /session/319642172572fdf8090d6c9115dd1193/execute/sync HTTP/1.1
User-Agent: selenium/4.4.0 (java windows)
Content-Length: 176
Content-Type: application/json; charset=utf-8
host: localhost:49921
accept: */*

Response DefaultHttpResponse(decodeResult: success, version: HTTP/1.1)
HTTP/1.1 200 OK
Content-Type: application/json; charset=utf-8
cache-control: no-cache
content-length: 57426

12:37:04.143 [AsyncHttpClient-1-2] DEBUG org.asynchttpclient.netty.channel.ChannelManager - Adding key: http://localhost:49921 for channel [id: 0x807b5911, L:/127.0.0.1:56618 - R:localhost/127.0.0.1:49921]
12:37:04.158 [Forwarding getCurrentUrl on session 319642172572fdf8090d6c9115dd1193 to remote] DEBUG org.asynchttpclient.netty.request.NettyRequestSender - Using pooled Channel '[id: 0x807b5911, L:/127.0.0.1:56618 - R:localhost/127.0.0.1:49921]' for 'GET' to 'http://localhost:49921/session/319642172572fdf8090d6c9115dd1193/url'
12:37:04.159 [Forwarding getCurrentUrl on session 319642172572fdf8090d6c9115dd1193 to remote] DEBUG org.asynchttpclient.netty.request.NettyRequestSender - Using open Channel [id: 0x807b5911, L:/127.0.0.1:56618 - R:localhost/127.0.0.1:49921] for GET '/session/319642172572fdf8090d6c9115dd1193/url'
12:37:04.173 [AsyncHttpClient-1-2] DEBUG org.asynchttpclient.netty.handler.HttpHandler - 

Request DefaultFullHttpRequest(decodeResult: success, version: HTTP/1.1, content: EmptyByteBufBE)
GET /session/319642172572fdf8090d6c9115dd1193/url HTTP/1.1
User-Agent: selenium/4.4.0 (java windows)
Cache-Control: no-cache
Content-Type: application/json; charset=utf-8
host: localhost:49921
accept: */*

Response DefaultHttpResponse(decodeResult: success, version: HTTP/1.1)
HTTP/1.1 200 OK
Content-Type: application/json; charset=utf-8
cache-control: no-cache
content-length: 38

12:37:04.174 [AsyncHttpClient-1-2] DEBUG org.asynchttpclient.netty.channel.ChannelManager - Adding key: http://localhost:49921 for channel [id: 0x807b5911, L:/127.0.0.1:56618 - R:localhost/127.0.0.1:49921]
12:37:04.264 [Forwarding getCurrentWindowHandle on session 319642172572fdf8090d6c9115dd1193 to remote] DEBUG org.asynchttpclient.netty.request.NettyRequestSender - Using pooled Channel '[id: 0x807b5911, L:/127.0.0.1:56618 - R:localhost/127.0.0.1:49921]' for 'GET' to 'http://localhost:49921/session/319642172572fdf8090d6c9115dd1193/window'
12:37:04.264 [Forwarding getCurrentWindowHandle on session 319642172572fdf8090d6c9115dd1193 to remote] DEBUG org.asynchttpclient.netty.request.NettyRequestSender - Using open Channel [id: 0x807b5911, L:/127.0.0.1:56618 - R:localhost/127.0.0.1:49921] for GET '/session/319642172572fdf8090d6c9115dd1193/window'
12:37:04.266 [AsyncHttpClient-1-2] DEBUG org.asynchttpclient.netty.handler.HttpHandler - 

Request DefaultFullHttpRequest(decodeResult: success, version: HTTP/1.1, content: EmptyByteBufBE)
GET /session/319642172572fdf8090d6c9115dd1193/window HTTP/1.1
User-Agent: selenium/4.4.0 (java windows)
Cache-Control: no-cache
Content-Type: application/json; charset=utf-8
host: localhost:49921
accept: */*

Response DefaultHttpResponse(decodeResult: success, version: HTTP/1.1)
HTTP/1.1 200 OK
Content-Type: application/json; charset=utf-8
cache-control: no-cache
content-length: 44

12:37:04.267 [AsyncHttpClient-1-2] DEBUG org.asynchttpclient.netty.channel.ChannelManager - Adding key: http://localhost:49921 for channel [id: 0x807b5911, L:/127.0.0.1:56618 - R:localhost/127.0.0.1:49921]
12:37:04.284 [Forwarding getAlertText on session 319642172572fdf8090d6c9115dd1193 to remote] DEBUG org.asynchttpclient.netty.request.NettyRequestSender - Using pooled Channel '[id: 0x807b5911, L:/127.0.0.1:56618 - R:localhost/127.0.0.1:49921]' for 'GET' to 'http://localhost:49921/session/319642172572fdf8090d6c9115dd1193/alert/text'
12:37:04.284 [Forwarding getAlertText on session 319642172572fdf8090d6c9115dd1193 to remote] DEBUG org.asynchttpclient.netty.request.NettyRequestSender - Using open Channel [id: 0x807b5911, L:/127.0.0.1:56618 - R:localhost/127.0.0.1:49921] for GET '/session/319642172572fdf8090d6c9115dd1193/alert/text'
12:37:04.289 [AsyncHttpClient-1-2] DEBUG org.asynchttpclient.netty.handler.HttpHandler - 

Request DefaultFullHttpRequest(decodeResult: success, version: HTTP/1.1, content: EmptyByteBufBE)
GET /session/319642172572fdf8090d6c9115dd1193/alert/text HTTP/1.1
User-Agent: selenium/4.4.0 (java windows)
Cache-Control: no-cache
Content-Type: application/json; charset=utf-8
host: localhost:49921
accept: */*

Response DefaultHttpResponse(decodeResult: success, version: HTTP/1.1)
HTTP/1.1 404 Not Found
Content-Type: application/json; charset=utf-8
cache-control: no-cache
content-length: 1045

12:37:04.289 [AsyncHttpClient-1-2] DEBUG org.asynchttpclient.netty.channel.ChannelManager - Adding key: http://localhost:49921 for channel [id: 0x807b5911, L:/127.0.0.1:56618 - R:localhost/127.0.0.1:49921]
12:37:04.305 [Forwarding switchToWindow on session 319642172572fdf8090d6c9115dd1193 to remote] DEBUG org.asynchttpclient.netty.request.NettyRequestSender - Using pooled Channel '[id: 0x807b5911, L:/127.0.0.1:56618 - R:localhost/127.0.0.1:49921]' for 'POST' to 'http://localhost:49921/session/319642172572fdf8090d6c9115dd1193/window'
12:37:04.305 [Forwarding switchToWindow on session 319642172572fdf8090d6c9115dd1193 to remote] DEBUG org.asynchttpclient.netty.request.NettyRequestSender - Using open Channel [id: 0x807b5911, L:/127.0.0.1:56618 - R:localhost/127.0.0.1:49921] for POST '/session/319642172572fdf8090d6c9115dd1193/window'
12:37:04.310 [AsyncHttpClient-1-2] DEBUG org.asynchttpclient.netty.handler.HttpHandler - 

Request DefaultHttpRequest(decodeResult: success, version: HTTP/1.1)
POST /session/319642172572fdf8090d6c9115dd1193/window HTTP/1.1
User-Agent: selenium/4.4.0 (java windows)
Content-Length: 50
Content-Type: application/json; charset=utf-8
host: localhost:49921
accept: */*

Response DefaultHttpResponse(decodeResult: success, version: HTTP/1.1)
HTTP/1.1 200 OK
Content-Type: application/json; charset=utf-8
cache-control: no-cache
content-length: 14

12:37:04.310 [AsyncHttpClient-1-2] DEBUG org.asynchttpclient.netty.channel.ChannelManager - Adding key: http://localhost:49921 for channel [id: 0x807b5911, L:/127.0.0.1:56618 - R:localhost/127.0.0.1:49921]
12:37:04.313 [Forwarding getCurrentUrl on session 319642172572fdf8090d6c9115dd1193 to remote] DEBUG org.asynchttpclient.netty.request.NettyRequestSender - Using pooled Channel '[id: 0x807b5911, L:/127.0.0.1:56618 - R:localhost/127.0.0.1:49921]' for 'GET' to 'http://localhost:49921/session/319642172572fdf8090d6c9115dd1193/url'
12:37:04.313 [Forwarding getCurrentUrl on session 319642172572fdf8090d6c9115dd1193 to remote] DEBUG org.asynchttpclient.netty.request.NettyRequestSender - Using open Channel [id: 0x807b5911, L:/127.0.0.1:56618 - R:localhost/127.0.0.1:49921] for GET '/session/319642172572fdf8090d6c9115dd1193/url'
12:37:04.324 [AsyncHttpClient-1-2] DEBUG org.asynchttpclient.netty.handler.HttpHandler - 

Request DefaultFullHttpRequest(decodeResult: success, version: HTTP/1.1, content: EmptyByteBufBE)
GET /session/319642172572fdf8090d6c9115dd1193/url HTTP/1.1
User-Agent: selenium/4.4.0 (java windows)
Cache-Control: no-cache
Content-Type: application/json; charset=utf-8
host: localhost:49921
accept: */*

Response DefaultHttpResponse(decodeResult: success, version: HTTP/1.1)
HTTP/1.1 200 OK
Content-Type: application/json; charset=utf-8
cache-control: no-cache
content-length: 38

12:37:04.324 [AsyncHttpClient-1-2] DEBUG org.asynchttpclient.netty.channel.ChannelManager - Adding key: http://localhost:49921 for channel [id: 0x807b5911, L:/127.0.0.1:56618 - R:localhost/127.0.0.1:49921]
12:37:04.326 [Forwarding screenshot on session 319642172572fdf8090d6c9115dd1193 to remote] DEBUG org.asynchttpclient.netty.request.NettyRequestSender - Using pooled Channel '[id: 0x807b5911, L:/127.0.0.1:56618 - R:localhost/127.0.0.1:49921]' for 'GET' to 'http://localhost:49921/session/319642172572fdf8090d6c9115dd1193/screenshot'
12:37:04.326 [Forwarding screenshot on session 319642172572fdf8090d6c9115dd1193 to remote] DEBUG org.asynchttpclient.netty.request.NettyRequestSender - Using open Channel [id: 0x807b5911, L:/127.0.0.1:56618 - R:localhost/127.0.0.1:49921] for GET '/session/319642172572fdf8090d6c9115dd1193/screenshot'
12:37:04.454 [AsyncHttpClient-1-2] DEBUG org.asynchttpclient.netty.handler.HttpHandler - 

Request DefaultFullHttpRequest(decodeResult: success, version: HTTP/1.1, content: EmptyByteBufBE)
GET /session/319642172572fdf8090d6c9115dd1193/screenshot HTTP/1.1
User-Agent: selenium/4.4.0 (java windows)
Cache-Control: no-cache
Content-Type: application/json; charset=utf-8
host: localhost:49921
accept: */*

Response DefaultHttpResponse(decodeResult: success, version: HTTP/1.1)
HTTP/1.1 200 OK
Content-Type: application/json; charset=utf-8
cache-control: no-cache
content-length: 365288

12:37:04.456 [AsyncHttpClient-1-2] DEBUG org.asynchttpclient.netty.channel.ChannelManager - Adding key: http://localhost:49921 for channel [id: 0x807b5911, L:/127.0.0.1:56618 - R:localhost/127.0.0.1:49921]
12:37:04.470 [Test worker] DEBUG net.serenitybdd.core.photography.Darkroom - Send negative for processing for C:\Users\pcnit\Downloads\TestE2E\target\site\serenity\76b0ff90c40b56057d136e4f589969ffda66702222ff829370638176f39e9d85.png
12:37:04.471 [Test worker] DEBUG net.thucydides.core.steps.StepInterceptor - STEP DONE: {0} enters #theTextAsAString into #target
12:37:04.513 [Forwarding getPageSource on session 319642172572fdf8090d6c9115dd1193 to remote] DEBUG org.asynchttpclient.netty.request.NettyRequestSender - Using pooled Channel '[id: 0x807b5911, L:/127.0.0.1:56618 - R:localhost/127.0.0.1:49921]' for 'POST' to 'http://localhost:49921/session/319642172572fdf8090d6c9115dd1193/execute/sync'
12:37:04.513 [Forwarding getPageSource on session 319642172572fdf8090d6c9115dd1193 to remote] DEBUG org.asynchttpclient.netty.request.NettyRequestSender - Using open Channel [id: 0x807b5911, L:/127.0.0.1:56618 - R:localhost/127.0.0.1:49921] for POST '/session/319642172572fdf8090d6c9115dd1193/execute/sync'
12:37:04.546 [AsyncHttpClient-1-2] DEBUG org.asynchttpclient.netty.handler.HttpHandler - 

Request DefaultHttpRequest(decodeResult: success, version: HTTP/1.1)
POST /session/319642172572fdf8090d6c9115dd1193/execute/sync HTTP/1.1
User-Agent: selenium/4.4.0 (java windows)
Content-Length: 176
Content-Type: application/json; charset=utf-8
host: localhost:49921
accept: */*

Response DefaultHttpResponse(decodeResult: success, version: HTTP/1.1)
HTTP/1.1 200 OK
Content-Type: application/json; charset=utf-8
cache-control: no-cache
content-length: 57426

12:37:04.546 [AsyncHttpClient-1-2] DEBUG org.asynchttpclient.netty.channel.ChannelManager - Adding key: http://localhost:49921 for channel [id: 0x807b5911, L:/127.0.0.1:56618 - R:localhost/127.0.0.1:49921]
12:37:04.572 [Forwarding getCurrentUrl on session 319642172572fdf8090d6c9115dd1193 to remote] DEBUG org.asynchttpclient.netty.request.NettyRequestSender - Using pooled Channel '[id: 0x807b5911, L:/127.0.0.1:56618 - R:localhost/127.0.0.1:49921]' for 'GET' to 'http://localhost:49921/session/319642172572fdf8090d6c9115dd1193/url'
12:37:04.572 [Forwarding getCurrentUrl on session 319642172572fdf8090d6c9115dd1193 to remote] DEBUG org.asynchttpclient.netty.request.NettyRequestSender - Using open Channel [id: 0x807b5911, L:/127.0.0.1:56618 - R:localhost/127.0.0.1:49921] for GET '/session/319642172572fdf8090d6c9115dd1193/url'
12:37:04.585 [AsyncHttpClient-1-2] DEBUG org.asynchttpclient.netty.handler.HttpHandler - 

Request DefaultFullHttpRequest(decodeResult: success, version: HTTP/1.1, content: EmptyByteBufBE)
GET /session/319642172572fdf8090d6c9115dd1193/url HTTP/1.1
User-Agent: selenium/4.4.0 (java windows)
Cache-Control: no-cache
Content-Type: application/json; charset=utf-8
host: localhost:49921
accept: */*

Response DefaultHttpResponse(decodeResult: success, version: HTTP/1.1)
HTTP/1.1 200 OK
Content-Type: application/json; charset=utf-8
cache-control: no-cache
content-length: 38

12:37:04.585 [AsyncHttpClient-1-2] DEBUG org.asynchttpclient.netty.channel.ChannelManager - Adding key: http://localhost:49921 for channel [id: 0x807b5911, L:/127.0.0.1:56618 - R:localhost/127.0.0.1:49921]
12:37:04.592 [Test worker] DEBUG net.thucydides.core.steps.StepInterceptor - STARTING STEP: Login.performAs - {0} clicks on #target
12:37:04.593 [Test worker] DEBUG net.serenitybdd.screenplay.targets.IFrameSwitcher - default content already selected for pulsa el boton entrar
12:37:04.660 [Forwarding findElement on session 319642172572fdf8090d6c9115dd1193 to remote] DEBUG org.asynchttpclient.netty.request.NettyRequestSender - Using pooled Channel '[id: 0x807b5911, L:/127.0.0.1:56618 - R:localhost/127.0.0.1:49921]' for 'POST' to 'http://localhost:49921/session/319642172572fdf8090d6c9115dd1193/element'
12:37:04.661 [Forwarding findElement on session 319642172572fdf8090d6c9115dd1193 to remote] DEBUG org.asynchttpclient.netty.request.NettyRequestSender - Using open Channel [id: 0x807b5911, L:/127.0.0.1:56618 - R:localhost/127.0.0.1:49921] for POST '/session/319642172572fdf8090d6c9115dd1193/element'
12:37:04.694 [AsyncHttpClient-1-2] DEBUG org.asynchttpclient.netty.handler.HttpHandler - 

Request DefaultHttpRequest(decodeResult: success, version: HTTP/1.1)
POST /session/319642172572fdf8090d6c9115dd1193/element HTTP/1.1
User-Agent: selenium/4.4.0 (java windows)
Content-Length: 75
Content-Type: application/json; charset=utf-8
host: localhost:49921
accept: */*

Response DefaultHttpResponse(decodeResult: success, version: HTTP/1.1)
HTTP/1.1 200 OK
Content-Type: application/json; charset=utf-8
cache-control: no-cache
content-length: 126

12:37:04.694 [AsyncHttpClient-1-2] DEBUG org.asynchttpclient.netty.channel.ChannelManager - Adding key: http://localhost:49921 for channel [id: 0x807b5911, L:/127.0.0.1:56618 - R:localhost/127.0.0.1:49921]
12:37:04.711 [Forwarding isElementDisplayed on session 319642172572fdf8090d6c9115dd1193 to remote] DEBUG org.asynchttpclient.netty.request.NettyRequestSender - Using pooled Channel '[id: 0x807b5911, L:/127.0.0.1:56618 - R:localhost/127.0.0.1:49921]' for 'POST' to 'http://localhost:49921/session/319642172572fdf8090d6c9115dd1193/execute/sync'
12:37:04.711 [Forwarding isElementDisplayed on session 319642172572fdf8090d6c9115dd1193 to remote] DEBUG org.asynchttpclient.netty.request.NettyRequestSender - Using open Channel [id: 0x807b5911, L:/127.0.0.1:56618 - R:localhost/127.0.0.1:49921] for POST '/session/319642172572fdf8090d6c9115dd1193/execute/sync'
12:37:04.730 [AsyncHttpClient-1-2] DEBUG org.asynchttpclient.netty.handler.HttpHandler - 

Request DefaultHttpRequest(decodeResult: success, version: HTTP/1.1)
POST /session/319642172572fdf8090d6c9115dd1193/execute/sync HTTP/1.1
User-Agent: selenium/4.4.0 (java windows)
Content-Length: 48818
Content-Type: application/json; charset=utf-8
host: localhost:49921
accept: */*

Response DefaultHttpResponse(decodeResult: success, version: HTTP/1.1)
HTTP/1.1 200 OK
Content-Type: application/json; charset=utf-8
cache-control: no-cache
content-length: 14

12:37:04.731 [AsyncHttpClient-1-2] DEBUG org.asynchttpclient.netty.channel.ChannelManager - Adding key: http://localhost:49921 for channel [id: 0x807b5911, L:/127.0.0.1:56618 - R:localhost/127.0.0.1:49921]
12:37:04.759 [Forwarding findElement on session 319642172572fdf8090d6c9115dd1193 to remote] DEBUG org.asynchttpclient.netty.request.NettyRequestSender - Using pooled Channel '[id: 0x807b5911, L:/127.0.0.1:56618 - R:localhost/127.0.0.1:49921]' for 'POST' to 'http://localhost:49921/session/319642172572fdf8090d6c9115dd1193/element'
12:37:04.759 [Forwarding findElement on session 319642172572fdf8090d6c9115dd1193 to remote] DEBUG org.asynchttpclient.netty.request.NettyRequestSender - Using open Channel [id: 0x807b5911, L:/127.0.0.1:56618 - R:localhost/127.0.0.1:49921] for POST '/session/319642172572fdf8090d6c9115dd1193/element'
12:37:04.769 [AsyncHttpClient-1-2] DEBUG org.asynchttpclient.netty.handler.HttpHandler - 

Request DefaultHttpRequest(decodeResult: success, version: HTTP/1.1)
POST /session/319642172572fdf8090d6c9115dd1193/element HTTP/1.1
User-Agent: selenium/4.4.0 (java windows)
Content-Length: 75
Content-Type: application/json; charset=utf-8
host: localhost:49921
accept: */*

Response DefaultHttpResponse(decodeResult: success, version: HTTP/1.1)
HTTP/1.1 200 OK
Content-Type: application/json; charset=utf-8
cache-control: no-cache
content-length: 126

12:37:04.769 [AsyncHttpClient-1-2] DEBUG org.asynchttpclient.netty.channel.ChannelManager - Adding key: http://localhost:49921 for channel [id: 0x807b5911, L:/127.0.0.1:56618 - R:localhost/127.0.0.1:49921]
12:37:04.771 [Forwarding clickElement on session 319642172572fdf8090d6c9115dd1193 to remote] DEBUG org.asynchttpclient.netty.request.NettyRequestSender - Using pooled Channel '[id: 0x807b5911, L:/127.0.0.1:56618 - R:localhost/127.0.0.1:49921]' for 'POST' to 'http://localhost:49921/session/319642172572fdf8090d6c9115dd1193/element/f.77D77E48C717A5F8144E3521F6891EC1.d.070F3DAFBCFEA3E5C4DA0738648D64AF.e.91/click'
12:37:04.771 [Forwarding clickElement on session 319642172572fdf8090d6c9115dd1193 to remote] DEBUG org.asynchttpclient.netty.request.NettyRequestSender - Using open Channel [id: 0x807b5911, L:/127.0.0.1:56618 - R:localhost/127.0.0.1:49921] for POST '/session/319642172572fdf8090d6c9115dd1193/element/f.77D77E48C717A5F8144E3521F6891EC1.d.070F3DAFBCFEA3E5C4DA0738648D64AF.e.91/click'
12:37:04.789 [AsyncHttpClient-1-1] DEBUG org.asynchttpclient.netty.channel.DefaultChannelPool - Entry count for : http://localhost:56619 : 1
12:37:04.846 [AsyncHttpClient-1-2] DEBUG org.asynchttpclient.netty.handler.HttpHandler - 

Request DefaultHttpRequest(decodeResult: success, version: HTTP/1.1)
POST /session/319642172572fdf8090d6c9115dd1193/element/f.77D77E48C717A5F8144E3521F6891EC1.d.070F3DAFBCFEA3E5C4DA0738648D64AF.e.91/click HTTP/1.1
User-Agent: selenium/4.4.0 (java windows)
Content-Length: 88
Content-Type: application/json; charset=utf-8
host: localhost:49921
accept: */*

Response DefaultHttpResponse(decodeResult: success, version: HTTP/1.1)
HTTP/1.1 200 OK
Content-Type: application/json; charset=utf-8
cache-control: no-cache
content-length: 14

12:37:04.847 [AsyncHttpClient-1-2] DEBUG org.asynchttpclient.netty.channel.ChannelManager - Adding key: http://localhost:49921 for channel [id: 0x807b5911, L:/127.0.0.1:56618 - R:localhost/127.0.0.1:49921]
12:37:04.888 [Forwarding getCurrentWindowHandle on session 319642172572fdf8090d6c9115dd1193 to remote] DEBUG org.asynchttpclient.netty.request.NettyRequestSender - Using pooled Channel '[id: 0x807b5911, L:/127.0.0.1:56618 - R:localhost/127.0.0.1:49921]' for 'GET' to 'http://localhost:49921/session/319642172572fdf8090d6c9115dd1193/window'
12:37:04.889 [Forwarding getCurrentWindowHandle on session 319642172572fdf8090d6c9115dd1193 to remote] DEBUG org.asynchttpclient.netty.request.NettyRequestSender - Using open Channel [id: 0x807b5911, L:/127.0.0.1:56618 - R:localhost/127.0.0.1:49921] for GET '/session/319642172572fdf8090d6c9115dd1193/window'
12:37:04.892 [AsyncHttpClient-1-2] DEBUG org.asynchttpclient.netty.handler.HttpHandler - 

Request DefaultFullHttpRequest(decodeResult: success, version: HTTP/1.1, content: EmptyByteBufBE)
GET /session/319642172572fdf8090d6c9115dd1193/window HTTP/1.1
User-Agent: selenium/4.4.0 (java windows)
Cache-Control: no-cache
Content-Type: application/json; charset=utf-8
host: localhost:49921
accept: */*

Response DefaultHttpResponse(decodeResult: success, version: HTTP/1.1)
HTTP/1.1 200 OK
Content-Type: application/json; charset=utf-8
cache-control: no-cache
content-length: 44

12:37:04.893 [AsyncHttpClient-1-2] DEBUG org.asynchttpclient.netty.channel.ChannelManager - Adding key: http://localhost:49921 for channel [id: 0x807b5911, L:/127.0.0.1:56618 - R:localhost/127.0.0.1:49921]
12:37:04.907 [Forwarding getAlertText on session 319642172572fdf8090d6c9115dd1193 to remote] DEBUG org.asynchttpclient.netty.request.NettyRequestSender - Using pooled Channel '[id: 0x807b5911, L:/127.0.0.1:56618 - R:localhost/127.0.0.1:49921]' for 'GET' to 'http://localhost:49921/session/319642172572fdf8090d6c9115dd1193/alert/text'
12:37:04.907 [Forwarding getAlertText on session 319642172572fdf8090d6c9115dd1193 to remote] DEBUG org.asynchttpclient.netty.request.NettyRequestSender - Using open Channel [id: 0x807b5911, L:/127.0.0.1:56618 - R:localhost/127.0.0.1:49921] for GET '/session/319642172572fdf8090d6c9115dd1193/alert/text'
12:37:04.915 [AsyncHttpClient-1-2] DEBUG org.asynchttpclient.netty.handler.HttpHandler - 

Request DefaultFullHttpRequest(decodeResult: success, version: HTTP/1.1, content: EmptyByteBufBE)
GET /session/319642172572fdf8090d6c9115dd1193/alert/text HTTP/1.1
User-Agent: selenium/4.4.0 (java windows)
Cache-Control: no-cache
Content-Type: application/json; charset=utf-8
host: localhost:49921
accept: */*

Response DefaultHttpResponse(decodeResult: success, version: HTTP/1.1)
HTTP/1.1 404 Not Found
Content-Type: application/json; charset=utf-8
cache-control: no-cache
content-length: 1045

12:37:04.916 [AsyncHttpClient-1-2] DEBUG org.asynchttpclient.netty.channel.ChannelManager - Adding key: http://localhost:49921 for channel [id: 0x807b5911, L:/127.0.0.1:56618 - R:localhost/127.0.0.1:49921]
12:37:04.934 [Forwarding switchToWindow on session 319642172572fdf8090d6c9115dd1193 to remote] DEBUG org.asynchttpclient.netty.request.NettyRequestSender - Using pooled Channel '[id: 0x807b5911, L:/127.0.0.1:56618 - R:localhost/127.0.0.1:49921]' for 'POST' to 'http://localhost:49921/session/319642172572fdf8090d6c9115dd1193/window'
12:37:04.934 [Forwarding switchToWindow on session 319642172572fdf8090d6c9115dd1193 to remote] DEBUG org.asynchttpclient.netty.request.NettyRequestSender - Using open Channel [id: 0x807b5911, L:/127.0.0.1:56618 - R:localhost/127.0.0.1:49921] for POST '/session/319642172572fdf8090d6c9115dd1193/window'
12:37:04.940 [AsyncHttpClient-1-2] DEBUG org.asynchttpclient.netty.handler.HttpHandler - 

Request DefaultHttpRequest(decodeResult: success, version: HTTP/1.1)
POST /session/319642172572fdf8090d6c9115dd1193/window HTTP/1.1
User-Agent: selenium/4.4.0 (java windows)
Content-Length: 50
Content-Type: application/json; charset=utf-8
host: localhost:49921
accept: */*

Response DefaultHttpResponse(decodeResult: success, version: HTTP/1.1)
HTTP/1.1 200 OK
Content-Type: application/json; charset=utf-8
cache-control: no-cache
content-length: 14

12:37:04.941 [AsyncHttpClient-1-2] DEBUG org.asynchttpclient.netty.channel.ChannelManager - Adding key: http://localhost:49921 for channel [id: 0x807b5911, L:/127.0.0.1:56618 - R:localhost/127.0.0.1:49921]
12:37:04.943 [Forwarding getCurrentUrl on session 319642172572fdf8090d6c9115dd1193 to remote] DEBUG org.asynchttpclient.netty.request.NettyRequestSender - Using pooled Channel '[id: 0x807b5911, L:/127.0.0.1:56618 - R:localhost/127.0.0.1:49921]' for 'GET' to 'http://localhost:49921/session/319642172572fdf8090d6c9115dd1193/url'
12:37:04.943 [Forwarding getCurrentUrl on session 319642172572fdf8090d6c9115dd1193 to remote] DEBUG org.asynchttpclient.netty.request.NettyRequestSender - Using open Channel [id: 0x807b5911, L:/127.0.0.1:56618 - R:localhost/127.0.0.1:49921] for GET '/session/319642172572fdf8090d6c9115dd1193/url'
12:37:04.957 [AsyncHttpClient-1-2] DEBUG org.asynchttpclient.netty.handler.HttpHandler - 

Request DefaultFullHttpRequest(decodeResult: success, version: HTTP/1.1, content: EmptyByteBufBE)
GET /session/319642172572fdf8090d6c9115dd1193/url HTTP/1.1
User-Agent: selenium/4.4.0 (java windows)
Cache-Control: no-cache
Content-Type: application/json; charset=utf-8
host: localhost:49921
accept: */*

Response DefaultHttpResponse(decodeResult: success, version: HTTP/1.1)
HTTP/1.1 200 OK
Content-Type: application/json; charset=utf-8
cache-control: no-cache
content-length: 38

12:37:04.957 [AsyncHttpClient-1-2] DEBUG org.asynchttpclient.netty.channel.ChannelManager - Adding key: http://localhost:49921 for channel [id: 0x807b5911, L:/127.0.0.1:56618 - R:localhost/127.0.0.1:49921]
12:37:04.961 [Forwarding screenshot on session 319642172572fdf8090d6c9115dd1193 to remote] DEBUG org.asynchttpclient.netty.request.NettyRequestSender - Using pooled Channel '[id: 0x807b5911, L:/127.0.0.1:56618 - R:localhost/127.0.0.1:49921]' for 'GET' to 'http://localhost:49921/session/319642172572fdf8090d6c9115dd1193/screenshot'
12:37:04.962 [Forwarding screenshot on session 319642172572fdf8090d6c9115dd1193 to remote] DEBUG org.asynchttpclient.netty.request.NettyRequestSender - Using open Channel [id: 0x807b5911, L:/127.0.0.1:56618 - R:localhost/127.0.0.1:49921] for GET '/session/319642172572fdf8090d6c9115dd1193/screenshot'
12:37:05.111 [AsyncHttpClient-1-2] DEBUG org.asynchttpclient.netty.handler.HttpHandler - 

Request DefaultFullHttpRequest(decodeResult: success, version: HTTP/1.1, content: EmptyByteBufBE)
GET /session/319642172572fdf8090d6c9115dd1193/screenshot HTTP/1.1
User-Agent: selenium/4.4.0 (java windows)
Cache-Control: no-cache
Content-Type: application/json; charset=utf-8
host: localhost:49921
accept: */*

Response DefaultHttpResponse(decodeResult: success, version: HTTP/1.1)
HTTP/1.1 200 OK
Content-Type: application/json; charset=utf-8
cache-control: no-cache
content-length: 364544

12:37:05.113 [AsyncHttpClient-1-2] DEBUG org.asynchttpclient.netty.channel.ChannelManager - Adding key: http://localhost:49921 for channel [id: 0x807b5911, L:/127.0.0.1:56618 - R:localhost/127.0.0.1:49921]
12:37:05.125 [Test worker] DEBUG net.serenitybdd.core.photography.Darkroom - Send negative for processing for C:\Users\pcnit\Downloads\TestE2E\target\site\serenity\d6355a3aad51faddcd1a225a57b5d0f1543d55229c47c75000832c06009de4ea.png
12:37:05.125 [Darkroom Processing Line] DEBUG net.serenitybdd.core.photography.DarkroomProcessingLine - Processing screenshot image in /var/screenshots/screenshot-439515196894695122
12:37:05.125 [Darkroom Processing Line] DEBUG net.serenitybdd.core.photography.DarkroomProcessingLine - Saving screenshot to C:\Users\pcnit\Downloads\TestE2E\target\site\serenity\d6355a3aad51faddcd1a225a57b5d0f1543d55229c47c75000832c06009de4ea.png
12:37:05.139 [Forwarding getPageSource on session 319642172572fdf8090d6c9115dd1193 to remote] DEBUG org.asynchttpclient.netty.request.NettyRequestSender - Using pooled Channel '[id: 0x807b5911, L:/127.0.0.1:56618 - R:localhost/127.0.0.1:49921]' for 'POST' to 'http://localhost:49921/session/319642172572fdf8090d6c9115dd1193/execute/sync'
12:37:05.139 [Forwarding getPageSource on session 319642172572fdf8090d6c9115dd1193 to remote] DEBUG org.asynchttpclient.netty.request.NettyRequestSender - Using open Channel [id: 0x807b5911, L:/127.0.0.1:56618 - R:localhost/127.0.0.1:49921] for POST '/session/319642172572fdf8090d6c9115dd1193/execute/sync'
12:37:05.474 [AsyncHttpClient-1-2] DEBUG org.asynchttpclient.netty.handler.HttpHandler - 

Request DefaultHttpRequest(decodeResult: success, version: HTTP/1.1)
POST /session/319642172572fdf8090d6c9115dd1193/execute/sync HTTP/1.1
User-Agent: selenium/4.4.0 (java windows)
Content-Length: 176
Content-Type: application/json; charset=utf-8
host: localhost:49921
accept: */*

Response DefaultHttpResponse(decodeResult: success, version: HTTP/1.1)
HTTP/1.1 200 OK
Content-Type: application/json; charset=utf-8
cache-control: no-cache
content-length: 22749

12:37:05.474 [AsyncHttpClient-1-2] DEBUG org.asynchttpclient.netty.channel.ChannelManager - Adding key: http://localhost:49921 for channel [id: 0x807b5911, L:/127.0.0.1:56618 - R:localhost/127.0.0.1:49921]
12:37:05.480 [Forwarding getCurrentUrl on session 319642172572fdf8090d6c9115dd1193 to remote] DEBUG org.asynchttpclient.netty.request.NettyRequestSender - Using pooled Channel '[id: 0x807b5911, L:/127.0.0.1:56618 - R:localhost/127.0.0.1:49921]' for 'GET' to 'http://localhost:49921/session/319642172572fdf8090d6c9115dd1193/url'
12:37:05.481 [Forwarding getCurrentUrl on session 319642172572fdf8090d6c9115dd1193 to remote] DEBUG org.asynchttpclient.netty.request.NettyRequestSender - Using open Channel [id: 0x807b5911, L:/127.0.0.1:56618 - R:localhost/127.0.0.1:49921] for GET '/session/319642172572fdf8090d6c9115dd1193/url'
12:37:05.493 [AsyncHttpClient-1-2] DEBUG org.asynchttpclient.netty.handler.HttpHandler - 

Request DefaultFullHttpRequest(decodeResult: success, version: HTTP/1.1, content: EmptyByteBufBE)
GET /session/319642172572fdf8090d6c9115dd1193/url HTTP/1.1
User-Agent: selenium/4.4.0 (java windows)
Cache-Control: no-cache
Content-Type: application/json; charset=utf-8
host: localhost:49921
accept: */*

Response DefaultHttpResponse(decodeResult: success, version: HTTP/1.1)
HTTP/1.1 200 OK
Content-Type: application/json; charset=utf-8
cache-control: no-cache
content-length: 38

12:37:05.493 [AsyncHttpClient-1-2] DEBUG org.asynchttpclient.netty.channel.ChannelManager - Adding key: http://localhost:49921 for channel [id: 0x807b5911, L:/127.0.0.1:56618 - R:localhost/127.0.0.1:49921]
12:37:05.543 [Forwarding getCurrentWindowHandle on session 319642172572fdf8090d6c9115dd1193 to remote] DEBUG org.asynchttpclient.netty.request.NettyRequestSender - Using pooled Channel '[id: 0x807b5911, L:/127.0.0.1:56618 - R:localhost/127.0.0.1:49921]' for 'GET' to 'http://localhost:49921/session/319642172572fdf8090d6c9115dd1193/window'
12:37:05.544 [Forwarding getCurrentWindowHandle on session 319642172572fdf8090d6c9115dd1193 to remote] DEBUG org.asynchttpclient.netty.request.NettyRequestSender - Using open Channel [id: 0x807b5911, L:/127.0.0.1:56618 - R:localhost/127.0.0.1:49921] for GET '/session/319642172572fdf8090d6c9115dd1193/window'
12:37:05.545 [AsyncHttpClient-1-2] DEBUG org.asynchttpclient.netty.handler.HttpHandler - 

Request DefaultFullHttpRequest(decodeResult: success, version: HTTP/1.1, content: EmptyByteBufBE)
GET /session/319642172572fdf8090d6c9115dd1193/window HTTP/1.1
User-Agent: selenium/4.4.0 (java windows)
Cache-Control: no-cache
Content-Type: application/json; charset=utf-8
host: localhost:49921
accept: */*

Response DefaultHttpResponse(decodeResult: success, version: HTTP/1.1)
HTTP/1.1 200 OK
Content-Type: application/json; charset=utf-8
cache-control: no-cache
content-length: 44

12:37:05.546 [AsyncHttpClient-1-2] DEBUG org.asynchttpclient.netty.channel.ChannelManager - Adding key: http://localhost:49921 for channel [id: 0x807b5911, L:/127.0.0.1:56618 - R:localhost/127.0.0.1:49921]
12:37:05.559 [Forwarding getAlertText on session 319642172572fdf8090d6c9115dd1193 to remote] DEBUG org.asynchttpclient.netty.request.NettyRequestSender - Using pooled Channel '[id: 0x807b5911, L:/127.0.0.1:56618 - R:localhost/127.0.0.1:49921]' for 'GET' to 'http://localhost:49921/session/319642172572fdf8090d6c9115dd1193/alert/text'
12:37:05.560 [Forwarding getAlertText on session 319642172572fdf8090d6c9115dd1193 to remote] DEBUG org.asynchttpclient.netty.request.NettyRequestSender - Using open Channel [id: 0x807b5911, L:/127.0.0.1:56618 - R:localhost/127.0.0.1:49921] for GET '/session/319642172572fdf8090d6c9115dd1193/alert/text'
12:37:05.570 [AsyncHttpClient-1-2] DEBUG org.asynchttpclient.netty.handler.HttpHandler - 

Request DefaultFullHttpRequest(decodeResult: success, version: HTTP/1.1, content: EmptyByteBufBE)
GET /session/319642172572fdf8090d6c9115dd1193/alert/text HTTP/1.1
User-Agent: selenium/4.4.0 (java windows)
Cache-Control: no-cache
Content-Type: application/json; charset=utf-8
host: localhost:49921
accept: */*

Response DefaultHttpResponse(decodeResult: success, version: HTTP/1.1)
HTTP/1.1 404 Not Found
Content-Type: application/json; charset=utf-8
cache-control: no-cache
content-length: 1045

12:37:05.570 [AsyncHttpClient-1-2] DEBUG org.asynchttpclient.netty.channel.ChannelManager - Adding key: http://localhost:49921 for channel [id: 0x807b5911, L:/127.0.0.1:56618 - R:localhost/127.0.0.1:49921]
12:37:05.590 [Forwarding switchToWindow on session 319642172572fdf8090d6c9115dd1193 to remote] DEBUG org.asynchttpclient.netty.request.NettyRequestSender - Using pooled Channel '[id: 0x807b5911, L:/127.0.0.1:56618 - R:localhost/127.0.0.1:49921]' for 'POST' to 'http://localhost:49921/session/319642172572fdf8090d6c9115dd1193/window'
12:37:05.590 [Forwarding switchToWindow on session 319642172572fdf8090d6c9115dd1193 to remote] DEBUG org.asynchttpclient.netty.request.NettyRequestSender - Using open Channel [id: 0x807b5911, L:/127.0.0.1:56618 - R:localhost/127.0.0.1:49921] for POST '/session/319642172572fdf8090d6c9115dd1193/window'
12:37:05.595 [AsyncHttpClient-1-2] DEBUG org.asynchttpclient.netty.handler.HttpHandler - 

Request DefaultHttpRequest(decodeResult: success, version: HTTP/1.1)
POST /session/319642172572fdf8090d6c9115dd1193/window HTTP/1.1
User-Agent: selenium/4.4.0 (java windows)
Content-Length: 50
Content-Type: application/json; charset=utf-8
host: localhost:49921
accept: */*

Response DefaultHttpResponse(decodeResult: success, version: HTTP/1.1)
HTTP/1.1 200 OK
Content-Type: application/json; charset=utf-8
cache-control: no-cache
content-length: 14

12:37:05.596 [AsyncHttpClient-1-2] DEBUG org.asynchttpclient.netty.channel.ChannelManager - Adding key: http://localhost:49921 for channel [id: 0x807b5911, L:/127.0.0.1:56618 - R:localhost/127.0.0.1:49921]
12:37:05.600 [Forwarding getCurrentUrl on session 319642172572fdf8090d6c9115dd1193 to remote] DEBUG org.asynchttpclient.netty.request.NettyRequestSender - Using pooled Channel '[id: 0x807b5911, L:/127.0.0.1:56618 - R:localhost/127.0.0.1:49921]' for 'GET' to 'http://localhost:49921/session/319642172572fdf8090d6c9115dd1193/url'
12:37:05.600 [Forwarding getCurrentUrl on session 319642172572fdf8090d6c9115dd1193 to remote] DEBUG org.asynchttpclient.netty.request.NettyRequestSender - Using open Channel [id: 0x807b5911, L:/127.0.0.1:56618 - R:localhost/127.0.0.1:49921] for GET '/session/319642172572fdf8090d6c9115dd1193/url'
12:37:05.620 [AsyncHttpClient-1-2] DEBUG org.asynchttpclient.netty.handler.HttpHandler - 

Request DefaultFullHttpRequest(decodeResult: success, version: HTTP/1.1, content: EmptyByteBufBE)
GET /session/319642172572fdf8090d6c9115dd1193/url HTTP/1.1
User-Agent: selenium/4.4.0 (java windows)
Cache-Control: no-cache
Content-Type: application/json; charset=utf-8
host: localhost:49921
accept: */*

Response DefaultHttpResponse(decodeResult: success, version: HTTP/1.1)
HTTP/1.1 200 OK
Content-Type: application/json; charset=utf-8
cache-control: no-cache
content-length: 38

12:37:05.621 [AsyncHttpClient-1-2] DEBUG org.asynchttpclient.netty.channel.ChannelManager - Adding key: http://localhost:49921 for channel [id: 0x807b5911, L:/127.0.0.1:56618 - R:localhost/127.0.0.1:49921]
12:37:05.623 [Forwarding screenshot on session 319642172572fdf8090d6c9115dd1193 to remote] DEBUG org.asynchttpclient.netty.request.NettyRequestSender - Using pooled Channel '[id: 0x807b5911, L:/127.0.0.1:56618 - R:localhost/127.0.0.1:49921]' for 'GET' to 'http://localhost:49921/session/319642172572fdf8090d6c9115dd1193/screenshot'
12:37:05.623 [Forwarding screenshot on session 319642172572fdf8090d6c9115dd1193 to remote] DEBUG org.asynchttpclient.netty.request.NettyRequestSender - Using open Channel [id: 0x807b5911, L:/127.0.0.1:56618 - R:localhost/127.0.0.1:49921] for GET '/session/319642172572fdf8090d6c9115dd1193/screenshot'
12:37:05.802 [AsyncHttpClient-1-2] DEBUG org.asynchttpclient.netty.handler.HttpHandler - 

Request DefaultFullHttpRequest(decodeResult: success, version: HTTP/1.1, content: EmptyByteBufBE)
GET /session/319642172572fdf8090d6c9115dd1193/screenshot HTTP/1.1
User-Agent: selenium/4.4.0 (java windows)
Cache-Control: no-cache
Content-Type: application/json; charset=utf-8
host: localhost:49921
accept: */*

Response DefaultHttpResponse(decodeResult: success, version: HTTP/1.1)
HTTP/1.1 200 OK
Content-Type: application/json; charset=utf-8
cache-control: no-cache
content-length: 464800

12:37:05.805 [AsyncHttpClient-1-2] DEBUG org.asynchttpclient.netty.channel.ChannelManager - Adding key: http://localhost:49921 for channel [id: 0x807b5911, L:/127.0.0.1:56618 - R:localhost/127.0.0.1:49921]
12:37:05.827 [Test worker] DEBUG net.serenitybdd.core.photography.Darkroom - Send negative for processing for C:\Users\pcnit\Downloads\TestE2E\target\site\serenity\2ac14f3503aa4f4136ded81e93839c1aca58772ca25c1a176432768d65e0997c.png
12:37:05.828 [Test worker] DEBUG net.thucydides.core.steps.StepInterceptor - STEP DONE: {0} clicks on #target
12:37:05.856 [Test worker] DEBUG net.thucydides.core.steps.StepInterceptor - STEP DONE: performAs
  ?[32mCuando ?[0m?[32mLogin ingresa las credenciales?[0m                  ?[90m# co.com.screemplay.project.stepdefinition.CompleteStep.login()?[0m
12:37:05.886 [AsyncHttpClient-1-1] DEBUG org.asynchttpclient.netty.channel.DefaultChannelPool - Entry count for : http://localhost:56619 : 1
12:37:05.886 [AsyncHttpClient-1-1] DEBUG org.asynchttpclient.netty.channel.DefaultChannelPool - Entry count for : http://localhost:49921 : 1
12:37:05.907 [Forwarding getCurrentWindowHandle on session 319642172572fdf8090d6c9115dd1193 to remote] DEBUG org.asynchttpclient.netty.request.NettyRequestSender - Using pooled Channel '[id: 0x807b5911, L:/127.0.0.1:56618 - R:localhost/127.0.0.1:49921]' for 'GET' to 'http://localhost:49921/session/319642172572fdf8090d6c9115dd1193/window'
12:37:05.907 [Forwarding getCurrentWindowHandle on session 319642172572fdf8090d6c9115dd1193 to remote] DEBUG org.asynchttpclient.netty.request.NettyRequestSender - Using open Channel [id: 0x807b5911, L:/127.0.0.1:56618 - R:localhost/127.0.0.1:49921] for GET '/session/319642172572fdf8090d6c9115dd1193/window'
12:37:05.912 [AsyncHttpClient-1-2] DEBUG org.asynchttpclient.netty.handler.HttpHandler - 

Request DefaultFullHttpRequest(decodeResult: success, version: HTTP/1.1, content: EmptyByteBufBE)
GET /session/319642172572fdf8090d6c9115dd1193/window HTTP/1.1
User-Agent: selenium/4.4.0 (java windows)
Cache-Control: no-cache
Content-Type: application/json; charset=utf-8
host: localhost:49921
accept: */*

Response DefaultHttpResponse(decodeResult: success, version: HTTP/1.1)
HTTP/1.1 200 OK
Content-Type: application/json; charset=utf-8
cache-control: no-cache
content-length: 44

12:37:05.912 [AsyncHttpClient-1-2] DEBUG org.asynchttpclient.netty.channel.ChannelManager - Adding key: http://localhost:49921 for channel [id: 0x807b5911, L:/127.0.0.1:56618 - R:localhost/127.0.0.1:49921]
12:37:05.924 [Forwarding getAlertText on session 319642172572fdf8090d6c9115dd1193 to remote] DEBUG org.asynchttpclient.netty.request.NettyRequestSender - Using pooled Channel '[id: 0x807b5911, L:/127.0.0.1:56618 - R:localhost/127.0.0.1:49921]' for 'GET' to 'http://localhost:49921/session/319642172572fdf8090d6c9115dd1193/alert/text'
12:37:05.924 [Forwarding getAlertText on session 319642172572fdf8090d6c9115dd1193 to remote] DEBUG org.asynchttpclient.netty.request.NettyRequestSender - Using open Channel [id: 0x807b5911, L:/127.0.0.1:56618 - R:localhost/127.0.0.1:49921] for GET '/session/319642172572fdf8090d6c9115dd1193/alert/text'
12:37:05.930 [AsyncHttpClient-1-2] DEBUG org.asynchttpclient.netty.handler.HttpHandler - 

Request DefaultFullHttpRequest(decodeResult: success, version: HTTP/1.1, content: EmptyByteBufBE)
GET /session/319642172572fdf8090d6c9115dd1193/alert/text HTTP/1.1
User-Agent: selenium/4.4.0 (java windows)
Cache-Control: no-cache
Content-Type: application/json; charset=utf-8
host: localhost:49921
accept: */*

Response DefaultHttpResponse(decodeResult: success, version: HTTP/1.1)
HTTP/1.1 404 Not Found
Content-Type: application/json; charset=utf-8
cache-control: no-cache
content-length: 1045

12:37:05.930 [AsyncHttpClient-1-2] DEBUG org.asynchttpclient.netty.channel.ChannelManager - Adding key: http://localhost:49921 for channel [id: 0x807b5911, L:/127.0.0.1:56618 - R:localhost/127.0.0.1:49921]
12:37:05.941 [Forwarding switchToWindow on session 319642172572fdf8090d6c9115dd1193 to remote] DEBUG org.asynchttpclient.netty.request.NettyRequestSender - Using pooled Channel '[id: 0x807b5911, L:/127.0.0.1:56618 - R:localhost/127.0.0.1:49921]' for 'POST' to 'http://localhost:49921/session/319642172572fdf8090d6c9115dd1193/window'
12:37:05.942 [Forwarding switchToWindow on session 319642172572fdf8090d6c9115dd1193 to remote] DEBUG org.asynchttpclient.netty.request.NettyRequestSender - Using open Channel [id: 0x807b5911, L:/127.0.0.1:56618 - R:localhost/127.0.0.1:49921] for POST '/session/319642172572fdf8090d6c9115dd1193/window'
12:37:05.946 [AsyncHttpClient-1-2] DEBUG org.asynchttpclient.netty.handler.HttpHandler - 

Request DefaultHttpRequest(decodeResult: success, version: HTTP/1.1)
POST /session/319642172572fdf8090d6c9115dd1193/window HTTP/1.1
User-Agent: selenium/4.4.0 (java windows)
Content-Length: 50
Content-Type: application/json; charset=utf-8
host: localhost:49921
accept: */*

Response DefaultHttpResponse(decodeResult: success, version: HTTP/1.1)
HTTP/1.1 200 OK
Content-Type: application/json; charset=utf-8
cache-control: no-cache
content-length: 14

12:37:05.946 [AsyncHttpClient-1-2] DEBUG org.asynchttpclient.netty.channel.ChannelManager - Adding key: http://localhost:49921 for channel [id: 0x807b5911, L:/127.0.0.1:56618 - R:localhost/127.0.0.1:49921]
12:37:05.948 [Forwarding getCurrentUrl on session 319642172572fdf8090d6c9115dd1193 to remote] DEBUG org.asynchttpclient.netty.request.NettyRequestSender - Using pooled Channel '[id: 0x807b5911, L:/127.0.0.1:56618 - R:localhost/127.0.0.1:49921]' for 'GET' to 'http://localhost:49921/session/319642172572fdf8090d6c9115dd1193/url'
12:37:05.948 [Forwarding getCurrentUrl on session 319642172572fdf8090d6c9115dd1193 to remote] DEBUG org.asynchttpclient.netty.request.NettyRequestSender - Using open Channel [id: 0x807b5911, L:/127.0.0.1:56618 - R:localhost/127.0.0.1:49921] for GET '/session/319642172572fdf8090d6c9115dd1193/url'
12:37:05.959 [AsyncHttpClient-1-2] DEBUG org.asynchttpclient.netty.handler.HttpHandler - 

Request DefaultFullHttpRequest(decodeResult: success, version: HTTP/1.1, content: EmptyByteBufBE)
GET /session/319642172572fdf8090d6c9115dd1193/url HTTP/1.1
User-Agent: selenium/4.4.0 (java windows)
Cache-Control: no-cache
Content-Type: application/json; charset=utf-8
host: localhost:49921
accept: */*

Response DefaultHttpResponse(decodeResult: success, version: HTTP/1.1)
HTTP/1.1 200 OK
Content-Type: application/json; charset=utf-8
cache-control: no-cache
content-length: 38

12:37:05.959 [AsyncHttpClient-1-2] DEBUG org.asynchttpclient.netty.channel.ChannelManager - Adding key: http://localhost:49921 for channel [id: 0x807b5911, L:/127.0.0.1:56618 - R:localhost/127.0.0.1:49921]
12:37:05.962 [Forwarding screenshot on session 319642172572fdf8090d6c9115dd1193 to remote] DEBUG org.asynchttpclient.netty.request.NettyRequestSender - Using pooled Channel '[id: 0x807b5911, L:/127.0.0.1:56618 - R:localhost/127.0.0.1:49921]' for 'GET' to 'http://localhost:49921/session/319642172572fdf8090d6c9115dd1193/screenshot'
12:37:05.962 [Forwarding screenshot on session 319642172572fdf8090d6c9115dd1193 to remote] DEBUG org.asynchttpclient.netty.request.NettyRequestSender - Using open Channel [id: 0x807b5911, L:/127.0.0.1:56618 - R:localhost/127.0.0.1:49921] for GET '/session/319642172572fdf8090d6c9115dd1193/screenshot'
12:37:06.154 [AsyncHttpClient-1-2] DEBUG org.asynchttpclient.netty.handler.HttpHandler - 

Request DefaultFullHttpRequest(decodeResult: success, version: HTTP/1.1, content: EmptyByteBufBE)
GET /session/319642172572fdf8090d6c9115dd1193/screenshot HTTP/1.1
User-Agent: selenium/4.4.0 (java windows)
Cache-Control: no-cache
Content-Type: application/json; charset=utf-8
host: localhost:49921
accept: */*

Response DefaultHttpResponse(decodeResult: success, version: HTTP/1.1)
HTTP/1.1 200 OK
Content-Type: application/json; charset=utf-8
cache-control: no-cache
content-length: 664392

12:37:06.159 [AsyncHttpClient-1-2] DEBUG org.asynchttpclient.netty.channel.ChannelManager - Adding key: http://localhost:49921 for channel [id: 0x807b5911, L:/127.0.0.1:56618 - R:localhost/127.0.0.1:49921]
12:37:06.191 [Test worker] DEBUG net.serenitybdd.core.photography.Darkroom - Send negative for processing for C:\Users\pcnit\Downloads\TestE2E\target\site\serenity\f09f06bd7b2f3a9a14e7b58525a6579fdb5e69be9fcd371002bc1c7cc0b51f9b.png
12:37:06.216 [Forwarding getPageSource on session 319642172572fdf8090d6c9115dd1193 to remote] DEBUG org.asynchttpclient.netty.request.NettyRequestSender - Using pooled Channel '[id: 0x807b5911, L:/127.0.0.1:56618 - R:localhost/127.0.0.1:49921]' for 'POST' to 'http://localhost:49921/session/319642172572fdf8090d6c9115dd1193/execute/sync'
12:37:06.216 [Forwarding getPageSource on session 319642172572fdf8090d6c9115dd1193 to remote] DEBUG org.asynchttpclient.netty.request.NettyRequestSender - Using open Channel [id: 0x807b5911, L:/127.0.0.1:56618 - R:localhost/127.0.0.1:49921] for POST '/session/319642172572fdf8090d6c9115dd1193/execute/sync'
12:37:06.230 [AsyncHttpClient-1-2] DEBUG org.asynchttpclient.netty.handler.HttpHandler - 

Request DefaultHttpRequest(decodeResult: success, version: HTTP/1.1)
POST /session/319642172572fdf8090d6c9115dd1193/execute/sync HTTP/1.1
User-Agent: selenium/4.4.0 (java windows)
Content-Length: 176
Content-Type: application/json; charset=utf-8
host: localhost:49921
accept: */*

Response DefaultHttpResponse(decodeResult: success, version: HTTP/1.1)
HTTP/1.1 200 OK
Content-Type: application/json; charset=utf-8
cache-control: no-cache
content-length: 57322

12:37:06.230 [AsyncHttpClient-1-2] DEBUG org.asynchttpclient.netty.channel.ChannelManager - Adding key: http://localhost:49921 for channel [id: 0x807b5911, L:/127.0.0.1:56618 - R:localhost/127.0.0.1:49921]
12:37:06.243 [Forwarding getCurrentUrl on session 319642172572fdf8090d6c9115dd1193 to remote] DEBUG org.asynchttpclient.netty.request.NettyRequestSender - Using pooled Channel '[id: 0x807b5911, L:/127.0.0.1:56618 - R:localhost/127.0.0.1:49921]' for 'GET' to 'http://localhost:49921/session/319642172572fdf8090d6c9115dd1193/url'
12:37:06.243 [Forwarding getCurrentUrl on session 319642172572fdf8090d6c9115dd1193 to remote] DEBUG org.asynchttpclient.netty.request.NettyRequestSender - Using open Channel [id: 0x807b5911, L:/127.0.0.1:56618 - R:localhost/127.0.0.1:49921] for GET '/session/319642172572fdf8090d6c9115dd1193/url'
12:37:06.253 [AsyncHttpClient-1-2] DEBUG org.asynchttpclient.netty.handler.HttpHandler - 

Request DefaultFullHttpRequest(decodeResult: success, version: HTTP/1.1, content: EmptyByteBufBE)
GET /session/319642172572fdf8090d6c9115dd1193/url HTTP/1.1
User-Agent: selenium/4.4.0 (java windows)
Cache-Control: no-cache
Content-Type: application/json; charset=utf-8
host: localhost:49921
accept: */*

Response DefaultHttpResponse(decodeResult: success, version: HTTP/1.1)
HTTP/1.1 200 OK
Content-Type: application/json; charset=utf-8
cache-control: no-cache
content-length: 38

12:37:06.253 [AsyncHttpClient-1-2] DEBUG org.asynchttpclient.netty.channel.ChannelManager - Adding key: http://localhost:49921 for channel [id: 0x807b5911, L:/127.0.0.1:56618 - R:localhost/127.0.0.1:49921]
12:37:06.306 [Forwarding getCurrentWindowHandle on session 319642172572fdf8090d6c9115dd1193 to remote] DEBUG org.asynchttpclient.netty.request.NettyRequestSender - Using pooled Channel '[id: 0x807b5911, L:/127.0.0.1:56618 - R:localhost/127.0.0.1:49921]' for 'GET' to 'http://localhost:49921/session/319642172572fdf8090d6c9115dd1193/window'
12:37:06.306 [Forwarding getCurrentWindowHandle on session 319642172572fdf8090d6c9115dd1193 to remote] DEBUG org.asynchttpclient.netty.request.NettyRequestSender - Using open Channel [id: 0x807b5911, L:/127.0.0.1:56618 - R:localhost/127.0.0.1:49921] for GET '/session/319642172572fdf8090d6c9115dd1193/window'
12:37:06.309 [AsyncHttpClient-1-2] DEBUG org.asynchttpclient.netty.handler.HttpHandler - 

Request DefaultFullHttpRequest(decodeResult: success, version: HTTP/1.1, content: EmptyByteBufBE)
GET /session/319642172572fdf8090d6c9115dd1193/window HTTP/1.1
User-Agent: selenium/4.4.0 (java windows)
Cache-Control: no-cache
Content-Type: application/json; charset=utf-8
host: localhost:49921
accept: */*

Response DefaultHttpResponse(decodeResult: success, version: HTTP/1.1)
HTTP/1.1 200 OK
Content-Type: application/json; charset=utf-8
cache-control: no-cache
content-length: 44

12:37:06.310 [AsyncHttpClient-1-2] DEBUG org.asynchttpclient.netty.channel.ChannelManager - Adding key: http://localhost:49921 for channel [id: 0x807b5911, L:/127.0.0.1:56618 - R:localhost/127.0.0.1:49921]
12:37:06.321 [Forwarding getAlertText on session 319642172572fdf8090d6c9115dd1193 to remote] DEBUG org.asynchttpclient.netty.request.NettyRequestSender - Using pooled Channel '[id: 0x807b5911, L:/127.0.0.1:56618 - R:localhost/127.0.0.1:49921]' for 'GET' to 'http://localhost:49921/session/319642172572fdf8090d6c9115dd1193/alert/text'
12:37:06.321 [Forwarding getAlertText on session 319642172572fdf8090d6c9115dd1193 to remote] DEBUG org.asynchttpclient.netty.request.NettyRequestSender - Using open Channel [id: 0x807b5911, L:/127.0.0.1:56618 - R:localhost/127.0.0.1:49921] for GET '/session/319642172572fdf8090d6c9115dd1193/alert/text'
12:37:06.326 [AsyncHttpClient-1-2] DEBUG org.asynchttpclient.netty.handler.HttpHandler - 

Request DefaultFullHttpRequest(decodeResult: success, version: HTTP/1.1, content: EmptyByteBufBE)
GET /session/319642172572fdf8090d6c9115dd1193/alert/text HTTP/1.1
User-Agent: selenium/4.4.0 (java windows)
Cache-Control: no-cache
Content-Type: application/json; charset=utf-8
host: localhost:49921
accept: */*

Response DefaultHttpResponse(decodeResult: success, version: HTTP/1.1)
HTTP/1.1 404 Not Found
Content-Type: application/json; charset=utf-8
cache-control: no-cache
content-length: 1045

12:37:06.327 [AsyncHttpClient-1-2] DEBUG org.asynchttpclient.netty.channel.ChannelManager - Adding key: http://localhost:49921 for channel [id: 0x807b5911, L:/127.0.0.1:56618 - R:localhost/127.0.0.1:49921]
12:37:06.342 [Forwarding switchToWindow on session 319642172572fdf8090d6c9115dd1193 to remote] DEBUG org.asynchttpclient.netty.request.NettyRequestSender - Using pooled Channel '[id: 0x807b5911, L:/127.0.0.1:56618 - R:localhost/127.0.0.1:49921]' for 'POST' to 'http://localhost:49921/session/319642172572fdf8090d6c9115dd1193/window'
12:37:06.342 [Forwarding switchToWindow on session 319642172572fdf8090d6c9115dd1193 to remote] DEBUG org.asynchttpclient.netty.request.NettyRequestSender - Using open Channel [id: 0x807b5911, L:/127.0.0.1:56618 - R:localhost/127.0.0.1:49921] for POST '/session/319642172572fdf8090d6c9115dd1193/window'
12:37:06.346 [AsyncHttpClient-1-2] DEBUG org.asynchttpclient.netty.handler.HttpHandler - 

Request DefaultHttpRequest(decodeResult: success, version: HTTP/1.1)
POST /session/319642172572fdf8090d6c9115dd1193/window HTTP/1.1
User-Agent: selenium/4.4.0 (java windows)
Content-Length: 50
Content-Type: application/json; charset=utf-8
host: localhost:49921
accept: */*

Response DefaultHttpResponse(decodeResult: success, version: HTTP/1.1)
HTTP/1.1 200 OK
Content-Type: application/json; charset=utf-8
cache-control: no-cache
content-length: 14

12:37:06.347 [AsyncHttpClient-1-2] DEBUG org.asynchttpclient.netty.channel.ChannelManager - Adding key: http://localhost:49921 for channel [id: 0x807b5911, L:/127.0.0.1:56618 - R:localhost/127.0.0.1:49921]
12:37:06.348 [Forwarding getCurrentUrl on session 319642172572fdf8090d6c9115dd1193 to remote] DEBUG org.asynchttpclient.netty.request.NettyRequestSender - Using pooled Channel '[id: 0x807b5911, L:/127.0.0.1:56618 - R:localhost/127.0.0.1:49921]' for 'GET' to 'http://localhost:49921/session/319642172572fdf8090d6c9115dd1193/url'
12:37:06.348 [Forwarding getCurrentUrl on session 319642172572fdf8090d6c9115dd1193 to remote] DEBUG org.asynchttpclient.netty.request.NettyRequestSender - Using open Channel [id: 0x807b5911, L:/127.0.0.1:56618 - R:localhost/127.0.0.1:49921] for GET '/session/319642172572fdf8090d6c9115dd1193/url'
12:37:06.361 [AsyncHttpClient-1-2] DEBUG org.asynchttpclient.netty.handler.HttpHandler - 

Request DefaultFullHttpRequest(decodeResult: success, version: HTTP/1.1, content: EmptyByteBufBE)
GET /session/319642172572fdf8090d6c9115dd1193/url HTTP/1.1
User-Agent: selenium/4.4.0 (java windows)
Cache-Control: no-cache
Content-Type: application/json; charset=utf-8
host: localhost:49921
accept: */*

Response DefaultHttpResponse(decodeResult: success, version: HTTP/1.1)
HTTP/1.1 200 OK
Content-Type: application/json; charset=utf-8
cache-control: no-cache
content-length: 38

12:37:06.361 [AsyncHttpClient-1-2] DEBUG org.asynchttpclient.netty.channel.ChannelManager - Adding key: http://localhost:49921 for channel [id: 0x807b5911, L:/127.0.0.1:56618 - R:localhost/127.0.0.1:49921]
12:37:06.363 [Forwarding screenshot on session 319642172572fdf8090d6c9115dd1193 to remote] DEBUG org.asynchttpclient.netty.request.NettyRequestSender - Using pooled Channel '[id: 0x807b5911, L:/127.0.0.1:56618 - R:localhost/127.0.0.1:49921]' for 'GET' to 'http://localhost:49921/session/319642172572fdf8090d6c9115dd1193/screenshot'
12:37:06.363 [Forwarding screenshot on session 319642172572fdf8090d6c9115dd1193 to remote] DEBUG org.asynchttpclient.netty.request.NettyRequestSender - Using open Channel [id: 0x807b5911, L:/127.0.0.1:56618 - R:localhost/127.0.0.1:49921] for GET '/session/319642172572fdf8090d6c9115dd1193/screenshot'
12:37:06.542 [AsyncHttpClient-1-2] DEBUG org.asynchttpclient.netty.handler.HttpHandler - 

Request DefaultFullHttpRequest(decodeResult: success, version: HTTP/1.1, content: EmptyByteBufBE)
GET /session/319642172572fdf8090d6c9115dd1193/screenshot HTTP/1.1
User-Agent: selenium/4.4.0 (java windows)
Cache-Control: no-cache
Content-Type: application/json; charset=utf-8
host: localhost:49921
accept: */*

Response DefaultHttpResponse(decodeResult: success, version: HTTP/1.1)
HTTP/1.1 200 OK
Content-Type: application/json; charset=utf-8
cache-control: no-cache
content-length: 664392

12:37:06.547 [AsyncHttpClient-1-2] DEBUG org.asynchttpclient.netty.channel.ChannelManager - Adding key: http://localhost:49921 for channel [id: 0x807b5911, L:/127.0.0.1:56618 - R:localhost/127.0.0.1:49921]
12:37:06.566 [Test worker] DEBUG net.serenitybdd.core.photography.Darkroom - Send negative for processing for C:\Users\pcnit\Downloads\TestE2E\target\site\serenity\f09f06bd7b2f3a9a14e7b58525a6579fdb5e69be9fcd371002bc1c7cc0b51f9b.png
12:37:06.577 [Forwarding getPageSource on session 319642172572fdf8090d6c9115dd1193 to remote] DEBUG org.asynchttpclient.netty.request.NettyRequestSender - Using pooled Channel '[id: 0x807b5911, L:/127.0.0.1:56618 - R:localhost/127.0.0.1:49921]' for 'POST' to 'http://localhost:49921/session/319642172572fdf8090d6c9115dd1193/execute/sync'
12:37:06.577 [Forwarding getPageSource on session 319642172572fdf8090d6c9115dd1193 to remote] DEBUG org.asynchttpclient.netty.request.NettyRequestSender - Using open Channel [id: 0x807b5911, L:/127.0.0.1:56618 - R:localhost/127.0.0.1:49921] for POST '/session/319642172572fdf8090d6c9115dd1193/execute/sync'
12:37:06.592 [AsyncHttpClient-1-2] DEBUG org.asynchttpclient.netty.handler.HttpHandler - 

Request DefaultHttpRequest(decodeResult: success, version: HTTP/1.1)
POST /session/319642172572fdf8090d6c9115dd1193/execute/sync HTTP/1.1
User-Agent: selenium/4.4.0 (java windows)
Content-Length: 176
Content-Type: application/json; charset=utf-8
host: localhost:49921
accept: */*

Response DefaultHttpResponse(decodeResult: success, version: HTTP/1.1)
HTTP/1.1 200 OK
Content-Type: application/json; charset=utf-8
cache-control: no-cache
content-length: 57322

12:37:06.593 [AsyncHttpClient-1-2] DEBUG org.asynchttpclient.netty.channel.ChannelManager - Adding key: http://localhost:49921 for channel [id: 0x807b5911, L:/127.0.0.1:56618 - R:localhost/127.0.0.1:49921]
12:37:06.607 [Forwarding getCurrentUrl on session 319642172572fdf8090d6c9115dd1193 to remote] DEBUG org.asynchttpclient.netty.request.NettyRequestSender - Using pooled Channel '[id: 0x807b5911, L:/127.0.0.1:56618 - R:localhost/127.0.0.1:49921]' for 'GET' to 'http://localhost:49921/session/319642172572fdf8090d6c9115dd1193/url'
12:37:06.607 [Forwarding getCurrentUrl on session 319642172572fdf8090d6c9115dd1193 to remote] DEBUG org.asynchttpclient.netty.request.NettyRequestSender - Using open Channel [id: 0x807b5911, L:/127.0.0.1:56618 - R:localhost/127.0.0.1:49921] for GET '/session/319642172572fdf8090d6c9115dd1193/url'
12:37:06.625 [AsyncHttpClient-1-2] DEBUG org.asynchttpclient.netty.handler.HttpHandler - 

Request DefaultFullHttpRequest(decodeResult: success, version: HTTP/1.1, content: EmptyByteBufBE)
GET /session/319642172572fdf8090d6c9115dd1193/url HTTP/1.1
User-Agent: selenium/4.4.0 (java windows)
Cache-Control: no-cache
Content-Type: application/json; charset=utf-8
host: localhost:49921
accept: */*

Response DefaultHttpResponse(decodeResult: success, version: HTTP/1.1)
HTTP/1.1 200 OK
Content-Type: application/json; charset=utf-8
cache-control: no-cache
content-length: 38

12:37:06.625 [AsyncHttpClient-1-2] DEBUG org.asynchttpclient.netty.channel.ChannelManager - Adding key: http://localhost:49921 for channel [id: 0x807b5911, L:/127.0.0.1:56618 - R:localhost/127.0.0.1:49921]
12:37:06.633 [Test worker] DEBUG net.thucydides.core.steps.StepInterceptor - STARTING STEP: CompleteStep.buyProduct - performAs
12:37:06.637 [Test worker] DEBUG net.serenitybdd.screenplay.targets.IFrameSwitcher - default content already selected for selecciona EL PRODUCTO
12:37:06.654 [Forwarding getCurrentUrl on session 319642172572fdf8090d6c9115dd1193 to remote] DEBUG org.asynchttpclient.netty.request.NettyRequestSender - Using pooled Channel '[id: 0x807b5911, L:/127.0.0.1:56618 - R:localhost/127.0.0.1:49921]' for 'GET' to 'http://localhost:49921/session/319642172572fdf8090d6c9115dd1193/url'
12:37:06.654 [Forwarding getCurrentUrl on session 319642172572fdf8090d6c9115dd1193 to remote] DEBUG org.asynchttpclient.netty.request.NettyRequestSender - Using open Channel [id: 0x807b5911, L:/127.0.0.1:56618 - R:localhost/127.0.0.1:49921] for GET '/session/319642172572fdf8090d6c9115dd1193/url'
12:37:06.663 [AsyncHttpClient-1-2] DEBUG org.asynchttpclient.netty.handler.HttpHandler - 

Request DefaultFullHttpRequest(decodeResult: success, version: HTTP/1.1, content: EmptyByteBufBE)
GET /session/319642172572fdf8090d6c9115dd1193/url HTTP/1.1
User-Agent: selenium/4.4.0 (java windows)
Cache-Control: no-cache
Content-Type: application/json; charset=utf-8
host: localhost:49921
accept: */*

Response DefaultHttpResponse(decodeResult: success, version: HTTP/1.1)
HTTP/1.1 200 OK
Content-Type: application/json; charset=utf-8
cache-control: no-cache
content-length: 38

12:37:06.663 [AsyncHttpClient-1-2] DEBUG org.asynchttpclient.netty.channel.ChannelManager - Adding key: http://localhost:49921 for channel [id: 0x807b5911, L:/127.0.0.1:56618 - R:localhost/127.0.0.1:49921]
12:37:06.684 [Forwarding findElement on session 319642172572fdf8090d6c9115dd1193 to remote] DEBUG org.asynchttpclient.netty.request.NettyRequestSender - Using pooled Channel '[id: 0x807b5911, L:/127.0.0.1:56618 - R:localhost/127.0.0.1:49921]' for 'POST' to 'http://localhost:49921/session/319642172572fdf8090d6c9115dd1193/element'
12:37:06.684 [Forwarding findElement on session 319642172572fdf8090d6c9115dd1193 to remote] DEBUG org.asynchttpclient.netty.request.NettyRequestSender - Using open Channel [id: 0x807b5911, L:/127.0.0.1:56618 - R:localhost/127.0.0.1:49921] for POST '/session/319642172572fdf8090d6c9115dd1193/element'
12:37:06.707 [AsyncHttpClient-1-2] DEBUG org.asynchttpclient.netty.handler.HttpHandler - 

Request DefaultHttpRequest(decodeResult: success, version: HTTP/1.1)
POST /session/319642172572fdf8090d6c9115dd1193/element HTTP/1.1
User-Agent: selenium/4.4.0 (java windows)
Content-Length: 112
Content-Type: application/json; charset=utf-8
host: localhost:49921
accept: */*

Response DefaultHttpResponse(decodeResult: success, version: HTTP/1.1)
HTTP/1.1 200 OK
Content-Type: application/json; charset=utf-8
cache-control: no-cache
content-length: 127

12:37:06.708 [AsyncHttpClient-1-2] DEBUG org.asynchttpclient.netty.channel.ChannelManager - Adding key: http://localhost:49921 for channel [id: 0x807b5911, L:/127.0.0.1:56618 - R:localhost/127.0.0.1:49921]
12:37:06.722 [Forwarding executeScript on session 319642172572fdf8090d6c9115dd1193 to remote] DEBUG org.asynchttpclient.netty.request.NettyRequestSender - Using pooled Channel '[id: 0x807b5911, L:/127.0.0.1:56618 - R:localhost/127.0.0.1:49921]' for 'POST' to 'http://localhost:49921/session/319642172572fdf8090d6c9115dd1193/execute/sync'
12:37:06.722 [Forwarding executeScript on session 319642172572fdf8090d6c9115dd1193 to remote] DEBUG org.asynchttpclient.netty.request.NettyRequestSender - Using open Channel [id: 0x807b5911, L:/127.0.0.1:56618 - R:localhost/127.0.0.1:49921] for POST '/session/319642172572fdf8090d6c9115dd1193/execute/sync'
12:37:06.735 [AsyncHttpClient-1-2] DEBUG org.asynchttpclient.netty.handler.HttpHandler - 

Request DefaultHttpRequest(decodeResult: success, version: HTTP/1.1)
POST /session/319642172572fdf8090d6c9115dd1193/execute/sync HTTP/1.1
User-Agent: selenium/4.4.0 (java windows)
Content-Length: 318
Content-Type: application/json; charset=utf-8
host: localhost:49921
accept: */*

Response DefaultHttpResponse(decodeResult: success, version: HTTP/1.1)
HTTP/1.1 200 OK
Content-Type: application/json; charset=utf-8
cache-control: no-cache
content-length: 14

12:37:06.735 [AsyncHttpClient-1-2] DEBUG org.asynchttpclient.netty.channel.ChannelManager - Adding key: http://localhost:49921 for channel [id: 0x807b5911, L:/127.0.0.1:56618 - R:localhost/127.0.0.1:49921]
12:37:06.785 [Test worker] DEBUG net.serenitybdd.screenplay.targets.IFrameSwitcher - default content already selected for selecciona EL PRODUCTO
12:37:06.797 [Forwarding findElements on session 319642172572fdf8090d6c9115dd1193 to remote] DEBUG org.asynchttpclient.netty.request.NettyRequestSender - Using pooled Channel '[id: 0x807b5911, L:/127.0.0.1:56618 - R:localhost/127.0.0.1:49921]' for 'POST' to 'http://localhost:49921/session/319642172572fdf8090d6c9115dd1193/elements'
12:37:06.797 [Forwarding findElements on session 319642172572fdf8090d6c9115dd1193 to remote] DEBUG org.asynchttpclient.netty.request.NettyRequestSender - Using open Channel [id: 0x807b5911, L:/127.0.0.1:56618 - R:localhost/127.0.0.1:49921] for POST '/session/319642172572fdf8090d6c9115dd1193/elements'
12:37:06.817 [AsyncHttpClient-1-2] DEBUG org.asynchttpclient.netty.handler.HttpHandler - 

Request DefaultHttpRequest(decodeResult: success, version: HTTP/1.1)
POST /session/319642172572fdf8090d6c9115dd1193/elements HTTP/1.1
User-Agent: selenium/4.4.0 (java windows)
Content-Length: 112
Content-Type: application/json; charset=utf-8
host: localhost:49921
accept: */*

Response DefaultHttpResponse(decodeResult: success, version: HTTP/1.1)
HTTP/1.1 200 OK
Content-Type: application/json; charset=utf-8
cache-control: no-cache
content-length: 129

12:37:06.817 [AsyncHttpClient-1-2] DEBUG org.asynchttpclient.netty.channel.ChannelManager - Adding key: http://localhost:49921 for channel [id: 0x807b5911, L:/127.0.0.1:56618 - R:localhost/127.0.0.1:49921]
12:37:06.858 [Forwarding isElementEnabled on session 319642172572fdf8090d6c9115dd1193 to remote] DEBUG org.asynchttpclient.netty.request.NettyRequestSender - Using pooled Channel '[id: 0x807b5911, L:/127.0.0.1:56618 - R:localhost/127.0.0.1:49921]' for 'GET' to 'http://localhost:49921/session/319642172572fdf8090d6c9115dd1193/element/f.77D77E48C717A5F8144E3521F6891EC1.d.0EE7F1FB8A3E084BF9B96DEF2D72FDFD.e.179/enabled'
12:37:06.858 [Forwarding isElementEnabled on session 319642172572fdf8090d6c9115dd1193 to remote] DEBUG org.asynchttpclient.netty.request.NettyRequestSender - Using open Channel [id: 0x807b5911, L:/127.0.0.1:56618 - R:localhost/127.0.0.1:49921] for GET '/session/319642172572fdf8090d6c9115dd1193/element/f.77D77E48C717A5F8144E3521F6891EC1.d.0EE7F1FB8A3E084BF9B96DEF2D72FDFD.e.179/enabled'
12:37:06.874 [AsyncHttpClient-1-2] DEBUG org.asynchttpclient.netty.handler.HttpHandler - 

Request DefaultFullHttpRequest(decodeResult: success, version: HTTP/1.1, content: EmptyByteBufBE)
GET /session/319642172572fdf8090d6c9115dd1193/element/f.77D77E48C717A5F8144E3521F6891EC1.d.0EE7F1FB8A3E084BF9B96DEF2D72FDFD.e.179/enabled HTTP/1.1
User-Agent: selenium/4.4.0 (java windows)
Cache-Control: no-cache
Content-Type: application/json; charset=utf-8
host: localhost:49921
accept: */*

Response DefaultHttpResponse(decodeResult: success, version: HTTP/1.1)
HTTP/1.1 200 OK
Content-Type: application/json; charset=utf-8
cache-control: no-cache
content-length: 14

12:37:06.875 [AsyncHttpClient-1-2] DEBUG org.asynchttpclient.netty.channel.ChannelManager - Adding key: http://localhost:49921 for channel [id: 0x807b5911, L:/127.0.0.1:56618 - R:localhost/127.0.0.1:49921]
12:37:06.895 [Forwarding isElementEnabled on session 319642172572fdf8090d6c9115dd1193 to remote] DEBUG org.asynchttpclient.netty.request.NettyRequestSender - Using pooled Channel '[id: 0x807b5911, L:/127.0.0.1:56618 - R:localhost/127.0.0.1:49921]' for 'GET' to 'http://localhost:49921/session/319642172572fdf8090d6c9115dd1193/element/f.77D77E48C717A5F8144E3521F6891EC1.d.0EE7F1FB8A3E084BF9B96DEF2D72FDFD.e.179/enabled'
12:37:06.895 [Forwarding isElementEnabled on session 319642172572fdf8090d6c9115dd1193 to remote] DEBUG org.asynchttpclient.netty.request.NettyRequestSender - Using open Channel [id: 0x807b5911, L:/127.0.0.1:56618 - R:localhost/127.0.0.1:49921] for GET '/session/319642172572fdf8090d6c9115dd1193/element/f.77D77E48C717A5F8144E3521F6891EC1.d.0EE7F1FB8A3E084BF9B96DEF2D72FDFD.e.179/enabled'
12:37:06.907 [AsyncHttpClient-1-2] DEBUG org.asynchttpclient.netty.handler.HttpHandler - 

Request DefaultFullHttpRequest(decodeResult: success, version: HTTP/1.1, content: EmptyByteBufBE)
GET /session/319642172572fdf8090d6c9115dd1193/element/f.77D77E48C717A5F8144E3521F6891EC1.d.0EE7F1FB8A3E084BF9B96DEF2D72FDFD.e.179/enabled HTTP/1.1
User-Agent: selenium/4.4.0 (java windows)
Cache-Control: no-cache
Content-Type: application/json; charset=utf-8
host: localhost:49921
accept: */*

Response DefaultHttpResponse(decodeResult: success, version: HTTP/1.1)
HTTP/1.1 200 OK
Content-Type: application/json; charset=utf-8
cache-control: no-cache
content-length: 14

12:37:06.907 [AsyncHttpClient-1-2] DEBUG org.asynchttpclient.netty.channel.ChannelManager - Adding key: http://localhost:49921 for channel [id: 0x807b5911, L:/127.0.0.1:56618 - R:localhost/127.0.0.1:49921]
12:37:06.952 [Forwarding getCurrentWindowHandle on session 319642172572fdf8090d6c9115dd1193 to remote] DEBUG org.asynchttpclient.netty.request.NettyRequestSender - Using pooled Channel '[id: 0x807b5911, L:/127.0.0.1:56618 - R:localhost/127.0.0.1:49921]' for 'GET' to 'http://localhost:49921/session/319642172572fdf8090d6c9115dd1193/window'
12:37:06.952 [Forwarding getCurrentWindowHandle on session 319642172572fdf8090d6c9115dd1193 to remote] DEBUG org.asynchttpclient.netty.request.NettyRequestSender - Using open Channel [id: 0x807b5911, L:/127.0.0.1:56618 - R:localhost/127.0.0.1:49921] for GET '/session/319642172572fdf8090d6c9115dd1193/window'
12:37:06.955 [AsyncHttpClient-1-2] DEBUG org.asynchttpclient.netty.handler.HttpHandler - 

Request DefaultFullHttpRequest(decodeResult: success, version: HTTP/1.1, content: EmptyByteBufBE)
GET /session/319642172572fdf8090d6c9115dd1193/window HTTP/1.1
User-Agent: selenium/4.4.0 (java windows)
Cache-Control: no-cache
Content-Type: application/json; charset=utf-8
host: localhost:49921
accept: */*

Response DefaultHttpResponse(decodeResult: success, version: HTTP/1.1)
HTTP/1.1 200 OK
Content-Type: application/json; charset=utf-8
cache-control: no-cache
content-length: 44

12:37:06.955 [AsyncHttpClient-1-2] DEBUG org.asynchttpclient.netty.channel.ChannelManager - Adding key: http://localhost:49921 for channel [id: 0x807b5911, L:/127.0.0.1:56618 - R:localhost/127.0.0.1:49921]
12:37:06.965 [Forwarding getAlertText on session 319642172572fdf8090d6c9115dd1193 to remote] DEBUG org.asynchttpclient.netty.request.NettyRequestSender - Using pooled Channel '[id: 0x807b5911, L:/127.0.0.1:56618 - R:localhost/127.0.0.1:49921]' for 'GET' to 'http://localhost:49921/session/319642172572fdf8090d6c9115dd1193/alert/text'
12:37:06.965 [Forwarding getAlertText on session 319642172572fdf8090d6c9115dd1193 to remote] DEBUG org.asynchttpclient.netty.request.NettyRequestSender - Using open Channel [id: 0x807b5911, L:/127.0.0.1:56618 - R:localhost/127.0.0.1:49921] for GET '/session/319642172572fdf8090d6c9115dd1193/alert/text'
12:37:06.969 [AsyncHttpClient-1-2] DEBUG org.asynchttpclient.netty.handler.HttpHandler - 

Request DefaultFullHttpRequest(decodeResult: success, version: HTTP/1.1, content: EmptyByteBufBE)
GET /session/319642172572fdf8090d6c9115dd1193/alert/text HTTP/1.1
User-Agent: selenium/4.4.0 (java windows)
Cache-Control: no-cache
Content-Type: application/json; charset=utf-8
host: localhost:49921
accept: */*

Response DefaultHttpResponse(decodeResult: success, version: HTTP/1.1)
HTTP/1.1 404 Not Found
Content-Type: application/json; charset=utf-8
cache-control: no-cache
content-length: 1045

12:37:06.969 [AsyncHttpClient-1-2] DEBUG org.asynchttpclient.netty.channel.ChannelManager - Adding key: http://localhost:49921 for channel [id: 0x807b5911, L:/127.0.0.1:56618 - R:localhost/127.0.0.1:49921]
12:37:06.981 [Forwarding switchToWindow on session 319642172572fdf8090d6c9115dd1193 to remote] DEBUG org.asynchttpclient.netty.request.NettyRequestSender - Using pooled Channel '[id: 0x807b5911, L:/127.0.0.1:56618 - R:localhost/127.0.0.1:49921]' for 'POST' to 'http://localhost:49921/session/319642172572fdf8090d6c9115dd1193/window'
12:37:06.981 [Forwarding switchToWindow on session 319642172572fdf8090d6c9115dd1193 to remote] DEBUG org.asynchttpclient.netty.request.NettyRequestSender - Using open Channel [id: 0x807b5911, L:/127.0.0.1:56618 - R:localhost/127.0.0.1:49921] for POST '/session/319642172572fdf8090d6c9115dd1193/window'
12:37:06.986 [AsyncHttpClient-1-2] DEBUG org.asynchttpclient.netty.handler.HttpHandler - 

Request DefaultHttpRequest(decodeResult: success, version: HTTP/1.1)
POST /session/319642172572fdf8090d6c9115dd1193/window HTTP/1.1
User-Agent: selenium/4.4.0 (java windows)
Content-Length: 50
Content-Type: application/json; charset=utf-8
host: localhost:49921
accept: */*

Response DefaultHttpResponse(decodeResult: success, version: HTTP/1.1)
HTTP/1.1 200 OK
Content-Type: application/json; charset=utf-8
cache-control: no-cache
content-length: 14

12:37:06.986 [AsyncHttpClient-1-1] DEBUG org.asynchttpclient.netty.channel.DefaultChannelPool - Entry count for : http://localhost:56619 : 1
12:37:06.986 [AsyncHttpClient-1-2] DEBUG org.asynchttpclient.netty.channel.ChannelManager - Adding key: http://localhost:49921 for channel [id: 0x807b5911, L:/127.0.0.1:56618 - R:localhost/127.0.0.1:49921]
12:37:06.987 [Forwarding getCurrentUrl on session 319642172572fdf8090d6c9115dd1193 to remote] DEBUG org.asynchttpclient.netty.request.NettyRequestSender - Using pooled Channel '[id: 0x807b5911, L:/127.0.0.1:56618 - R:localhost/127.0.0.1:49921]' for 'GET' to 'http://localhost:49921/session/319642172572fdf8090d6c9115dd1193/url'
12:37:06.987 [Forwarding getCurrentUrl on session 319642172572fdf8090d6c9115dd1193 to remote] DEBUG org.asynchttpclient.netty.request.NettyRequestSender - Using open Channel [id: 0x807b5911, L:/127.0.0.1:56618 - R:localhost/127.0.0.1:49921] for GET '/session/319642172572fdf8090d6c9115dd1193/url'
12:37:06.995 [AsyncHttpClient-1-2] DEBUG org.asynchttpclient.netty.handler.HttpHandler - 

Request DefaultFullHttpRequest(decodeResult: success, version: HTTP/1.1, content: EmptyByteBufBE)
GET /session/319642172572fdf8090d6c9115dd1193/url HTTP/1.1
User-Agent: selenium/4.4.0 (java windows)
Cache-Control: no-cache
Content-Type: application/json; charset=utf-8
host: localhost:49921
accept: */*

Response DefaultHttpResponse(decodeResult: success, version: HTTP/1.1)
HTTP/1.1 200 OK
Content-Type: application/json; charset=utf-8
cache-control: no-cache
content-length: 38

12:37:06.997 [AsyncHttpClient-1-2] DEBUG org.asynchttpclient.netty.channel.ChannelManager - Adding key: http://localhost:49921 for channel [id: 0x807b5911, L:/127.0.0.1:56618 - R:localhost/127.0.0.1:49921]
12:37:06.998 [Forwarding screenshot on session 319642172572fdf8090d6c9115dd1193 to remote] DEBUG org.asynchttpclient.netty.request.NettyRequestSender - Using pooled Channel '[id: 0x807b5911, L:/127.0.0.1:56618 - R:localhost/127.0.0.1:49921]' for 'GET' to 'http://localhost:49921/session/319642172572fdf8090d6c9115dd1193/screenshot'
12:37:06.998 [Forwarding screenshot on session 319642172572fdf8090d6c9115dd1193 to remote] DEBUG org.asynchttpclient.netty.request.NettyRequestSender - Using open Channel [id: 0x807b5911, L:/127.0.0.1:56618 - R:localhost/127.0.0.1:49921] for GET '/session/319642172572fdf8090d6c9115dd1193/screenshot'
12:37:07.099 [AsyncHttpClient-1-2] DEBUG org.asynchttpclient.netty.handler.HttpHandler - 

Request DefaultFullHttpRequest(decodeResult: success, version: HTTP/1.1, content: EmptyByteBufBE)
GET /session/319642172572fdf8090d6c9115dd1193/screenshot HTTP/1.1
User-Agent: selenium/4.4.0 (java windows)
Cache-Control: no-cache
Content-Type: application/json; charset=utf-8
host: localhost:49921
accept: */*

Response DefaultHttpResponse(decodeResult: success, version: HTTP/1.1)
HTTP/1.1 200 OK
Content-Type: application/json; charset=utf-8
cache-control: no-cache
content-length: 374524

12:37:07.100 [AsyncHttpClient-1-2] DEBUG org.asynchttpclient.netty.channel.ChannelManager - Adding key: http://localhost:49921 for channel [id: 0x807b5911, L:/127.0.0.1:56618 - R:localhost/127.0.0.1:49921]
12:37:07.110 [Test worker] DEBUG net.serenitybdd.core.photography.Darkroom - Send negative for processing for C:\Users\pcnit\Downloads\TestE2E\target\site\serenity\d2cf17f7e78e3a694a2d2c04c0251482e537416f485239b697f6c358e8001d69.png
12:37:07.124 [Forwarding getPageSource on session 319642172572fdf8090d6c9115dd1193 to remote] DEBUG org.asynchttpclient.netty.request.NettyRequestSender - Using pooled Channel '[id: 0x807b5911, L:/127.0.0.1:56618 - R:localhost/127.0.0.1:49921]' for 'POST' to 'http://localhost:49921/session/319642172572fdf8090d6c9115dd1193/execute/sync'
12:37:07.124 [Forwarding getPageSource on session 319642172572fdf8090d6c9115dd1193 to remote] DEBUG org.asynchttpclient.netty.request.NettyRequestSender - Using open Channel [id: 0x807b5911, L:/127.0.0.1:56618 - R:localhost/127.0.0.1:49921] for POST '/session/319642172572fdf8090d6c9115dd1193/execute/sync'
12:37:07.137 [AsyncHttpClient-1-2] DEBUG org.asynchttpclient.netty.handler.HttpHandler - 

Request DefaultHttpRequest(decodeResult: success, version: HTTP/1.1)
POST /session/319642172572fdf8090d6c9115dd1193/execute/sync HTTP/1.1
User-Agent: selenium/4.4.0 (java windows)
Content-Length: 176
Content-Type: application/json; charset=utf-8
host: localhost:49921
accept: */*

Response DefaultHttpResponse(decodeResult: success, version: HTTP/1.1)
HTTP/1.1 200 OK
Content-Type: application/json; charset=utf-8
cache-control: no-cache
content-length: 57322

12:37:07.137 [AsyncHttpClient-1-2] DEBUG org.asynchttpclient.netty.channel.ChannelManager - Adding key: http://localhost:49921 for channel [id: 0x807b5911, L:/127.0.0.1:56618 - R:localhost/127.0.0.1:49921]
12:37:07.149 [Forwarding getCurrentUrl on session 319642172572fdf8090d6c9115dd1193 to remote] DEBUG org.asynchttpclient.netty.request.NettyRequestSender - Using pooled Channel '[id: 0x807b5911, L:/127.0.0.1:56618 - R:localhost/127.0.0.1:49921]' for 'GET' to 'http://localhost:49921/session/319642172572fdf8090d6c9115dd1193/url'
12:37:07.149 [Forwarding getCurrentUrl on session 319642172572fdf8090d6c9115dd1193 to remote] DEBUG org.asynchttpclient.netty.request.NettyRequestSender - Using open Channel [id: 0x807b5911, L:/127.0.0.1:56618 - R:localhost/127.0.0.1:49921] for GET '/session/319642172572fdf8090d6c9115dd1193/url'
12:37:07.158 [AsyncHttpClient-1-2] DEBUG org.asynchttpclient.netty.handler.HttpHandler - 

Request DefaultFullHttpRequest(decodeResult: success, version: HTTP/1.1, content: EmptyByteBufBE)
GET /session/319642172572fdf8090d6c9115dd1193/url HTTP/1.1
User-Agent: selenium/4.4.0 (java windows)
Cache-Control: no-cache
Content-Type: application/json; charset=utf-8
host: localhost:49921
accept: */*

Response DefaultHttpResponse(decodeResult: success, version: HTTP/1.1)
HTTP/1.1 200 OK
Content-Type: application/json; charset=utf-8
cache-control: no-cache
content-length: 38

12:37:07.159 [AsyncHttpClient-1-2] DEBUG org.asynchttpclient.netty.channel.ChannelManager - Adding key: http://localhost:49921 for channel [id: 0x807b5911, L:/127.0.0.1:56618 - R:localhost/127.0.0.1:49921]
12:37:07.162 [Test worker] DEBUG net.thucydides.core.steps.StepInterceptor - STARTING STEP: Product.performAs - {0} clicks on #target
12:37:07.163 [Test worker] DEBUG net.serenitybdd.screenplay.targets.IFrameSwitcher - default content already selected for selecciona EL PRODUCTO
12:37:07.213 [Forwarding findElement on session 319642172572fdf8090d6c9115dd1193 to remote] DEBUG org.asynchttpclient.netty.request.NettyRequestSender - Using pooled Channel '[id: 0x807b5911, L:/127.0.0.1:56618 - R:localhost/127.0.0.1:49921]' for 'POST' to 'http://localhost:49921/session/319642172572fdf8090d6c9115dd1193/element'
12:37:07.214 [Forwarding findElement on session 319642172572fdf8090d6c9115dd1193 to remote] DEBUG org.asynchttpclient.netty.request.NettyRequestSender - Using open Channel [id: 0x807b5911, L:/127.0.0.1:56618 - R:localhost/127.0.0.1:49921] for POST '/session/319642172572fdf8090d6c9115dd1193/element'
12:37:07.226 [AsyncHttpClient-1-2] DEBUG org.asynchttpclient.netty.handler.HttpHandler - 

Request DefaultHttpRequest(decodeResult: success, version: HTTP/1.1)
POST /session/319642172572fdf8090d6c9115dd1193/element HTTP/1.1
User-Agent: selenium/4.4.0 (java windows)
Content-Length: 112
Content-Type: application/json; charset=utf-8
host: localhost:49921
accept: */*

Response DefaultHttpResponse(decodeResult: success, version: HTTP/1.1)
HTTP/1.1 200 OK
Content-Type: application/json; charset=utf-8
cache-control: no-cache
content-length: 127

12:37:07.226 [AsyncHttpClient-1-2] DEBUG org.asynchttpclient.netty.channel.ChannelManager - Adding key: http://localhost:49921 for channel [id: 0x807b5911, L:/127.0.0.1:56618 - R:localhost/127.0.0.1:49921]
12:37:07.243 [Forwarding isElementDisplayed on session 319642172572fdf8090d6c9115dd1193 to remote] DEBUG org.asynchttpclient.netty.request.NettyRequestSender - Using pooled Channel '[id: 0x807b5911, L:/127.0.0.1:56618 - R:localhost/127.0.0.1:49921]' for 'POST' to 'http://localhost:49921/session/319642172572fdf8090d6c9115dd1193/execute/sync'
12:37:07.243 [Forwarding isElementDisplayed on session 319642172572fdf8090d6c9115dd1193 to remote] DEBUG org.asynchttpclient.netty.request.NettyRequestSender - Using open Channel [id: 0x807b5911, L:/127.0.0.1:56618 - R:localhost/127.0.0.1:49921] for POST '/session/319642172572fdf8090d6c9115dd1193/execute/sync'
12:37:07.259 [AsyncHttpClient-1-2] DEBUG org.asynchttpclient.netty.handler.HttpHandler - 

Request DefaultHttpRequest(decodeResult: success, version: HTTP/1.1)
POST /session/319642172572fdf8090d6c9115dd1193/execute/sync HTTP/1.1
User-Agent: selenium/4.4.0 (java windows)
Content-Length: 48819
Content-Type: application/json; charset=utf-8
host: localhost:49921
accept: */*

Response DefaultHttpResponse(decodeResult: success, version: HTTP/1.1)
HTTP/1.1 200 OK
Content-Type: application/json; charset=utf-8
cache-control: no-cache
content-length: 14

12:37:07.259 [AsyncHttpClient-1-2] DEBUG org.asynchttpclient.netty.channel.ChannelManager - Adding key: http://localhost:49921 for channel [id: 0x807b5911, L:/127.0.0.1:56618 - R:localhost/127.0.0.1:49921]
12:37:07.280 [Forwarding findElement on session 319642172572fdf8090d6c9115dd1193 to remote] DEBUG org.asynchttpclient.netty.request.NettyRequestSender - Using pooled Channel '[id: 0x807b5911, L:/127.0.0.1:56618 - R:localhost/127.0.0.1:49921]' for 'POST' to 'http://localhost:49921/session/319642172572fdf8090d6c9115dd1193/element'
12:37:07.280 [Forwarding findElement on session 319642172572fdf8090d6c9115dd1193 to remote] DEBUG org.asynchttpclient.netty.request.NettyRequestSender - Using open Channel [id: 0x807b5911, L:/127.0.0.1:56618 - R:localhost/127.0.0.1:49921] for POST '/session/319642172572fdf8090d6c9115dd1193/element'
12:37:07.300 [AsyncHttpClient-1-2] DEBUG org.asynchttpclient.netty.handler.HttpHandler - 

Request DefaultHttpRequest(decodeResult: success, version: HTTP/1.1)
POST /session/319642172572fdf8090d6c9115dd1193/element HTTP/1.1
User-Agent: selenium/4.4.0 (java windows)
Content-Length: 112
Content-Type: application/json; charset=utf-8
host: localhost:49921
accept: */*

Response DefaultHttpResponse(decodeResult: success, version: HTTP/1.1)
HTTP/1.1 200 OK
Content-Type: application/json; charset=utf-8
cache-control: no-cache
content-length: 127

12:37:07.300 [AsyncHttpClient-1-2] DEBUG org.asynchttpclient.netty.channel.ChannelManager - Adding key: http://localhost:49921 for channel [id: 0x807b5911, L:/127.0.0.1:56618 - R:localhost/127.0.0.1:49921]
12:37:07.304 [Forwarding clickElement on session 319642172572fdf8090d6c9115dd1193 to remote] DEBUG org.asynchttpclient.netty.request.NettyRequestSender - Using pooled Channel '[id: 0x807b5911, L:/127.0.0.1:56618 - R:localhost/127.0.0.1:49921]' for 'POST' to 'http://localhost:49921/session/319642172572fdf8090d6c9115dd1193/element/f.77D77E48C717A5F8144E3521F6891EC1.d.0EE7F1FB8A3E084BF9B96DEF2D72FDFD.e.179/click'
12:37:07.304 [Forwarding clickElement on session 319642172572fdf8090d6c9115dd1193 to remote] DEBUG org.asynchttpclient.netty.request.NettyRequestSender - Using open Channel [id: 0x807b5911, L:/127.0.0.1:56618 - R:localhost/127.0.0.1:49921] for POST '/session/319642172572fdf8090d6c9115dd1193/element/f.77D77E48C717A5F8144E3521F6891EC1.d.0EE7F1FB8A3E084BF9B96DEF2D72FDFD.e.179/click'
12:37:07.693 [AsyncHttpClient-1-2] DEBUG org.asynchttpclient.netty.handler.HttpHandler - 

Request DefaultHttpRequest(decodeResult: success, version: HTTP/1.1)
POST /session/319642172572fdf8090d6c9115dd1193/element/f.77D77E48C717A5F8144E3521F6891EC1.d.0EE7F1FB8A3E084BF9B96DEF2D72FDFD.e.179/click HTTP/1.1
User-Agent: selenium/4.4.0 (java windows)
Content-Length: 89
Content-Type: application/json; charset=utf-8
host: localhost:49921
accept: */*

Response DefaultHttpResponse(decodeResult: success, version: HTTP/1.1)
HTTP/1.1 200 OK
Content-Type: application/json; charset=utf-8
cache-control: no-cache
content-length: 14

12:37:07.694 [AsyncHttpClient-1-2] DEBUG org.asynchttpclient.netty.channel.ChannelManager - Adding key: http://localhost:49921 for channel [id: 0x807b5911, L:/127.0.0.1:56618 - R:localhost/127.0.0.1:49921]
12:37:07.734 [Forwarding getCurrentWindowHandle on session 319642172572fdf8090d6c9115dd1193 to remote] DEBUG org.asynchttpclient.netty.request.NettyRequestSender - Using pooled Channel '[id: 0x807b5911, L:/127.0.0.1:56618 - R:localhost/127.0.0.1:49921]' for 'GET' to 'http://localhost:49921/session/319642172572fdf8090d6c9115dd1193/window'
12:37:07.734 [Forwarding getCurrentWindowHandle on session 319642172572fdf8090d6c9115dd1193 to remote] DEBUG org.asynchttpclient.netty.request.NettyRequestSender - Using open Channel [id: 0x807b5911, L:/127.0.0.1:56618 - R:localhost/127.0.0.1:49921] for GET '/session/319642172572fdf8090d6c9115dd1193/window'
12:37:07.739 [AsyncHttpClient-1-2] DEBUG org.asynchttpclient.netty.handler.HttpHandler - 

Request DefaultFullHttpRequest(decodeResult: success, version: HTTP/1.1, content: EmptyByteBufBE)
GET /session/319642172572fdf8090d6c9115dd1193/window HTTP/1.1
User-Agent: selenium/4.4.0 (java windows)
Cache-Control: no-cache
Content-Type: application/json; charset=utf-8
host: localhost:49921
accept: */*

Response DefaultHttpResponse(decodeResult: success, version: HTTP/1.1)
HTTP/1.1 200 OK
Content-Type: application/json; charset=utf-8
cache-control: no-cache
content-length: 44

12:37:07.739 [AsyncHttpClient-1-2] DEBUG org.asynchttpclient.netty.channel.ChannelManager - Adding key: http://localhost:49921 for channel [id: 0x807b5911, L:/127.0.0.1:56618 - R:localhost/127.0.0.1:49921]
12:37:07.753 [Forwarding getAlertText on session 319642172572fdf8090d6c9115dd1193 to remote] DEBUG org.asynchttpclient.netty.request.NettyRequestSender - Using pooled Channel '[id: 0x807b5911, L:/127.0.0.1:56618 - R:localhost/127.0.0.1:49921]' for 'GET' to 'http://localhost:49921/session/319642172572fdf8090d6c9115dd1193/alert/text'
12:37:07.753 [Forwarding getAlertText on session 319642172572fdf8090d6c9115dd1193 to remote] DEBUG org.asynchttpclient.netty.request.NettyRequestSender - Using open Channel [id: 0x807b5911, L:/127.0.0.1:56618 - R:localhost/127.0.0.1:49921] for GET '/session/319642172572fdf8090d6c9115dd1193/alert/text'
12:37:07.761 [AsyncHttpClient-1-2] DEBUG org.asynchttpclient.netty.handler.HttpHandler - 

Request DefaultFullHttpRequest(decodeResult: success, version: HTTP/1.1, content: EmptyByteBufBE)
GET /session/319642172572fdf8090d6c9115dd1193/alert/text HTTP/1.1
User-Agent: selenium/4.4.0 (java windows)
Cache-Control: no-cache
Content-Type: application/json; charset=utf-8
host: localhost:49921
accept: */*

Response DefaultHttpResponse(decodeResult: success, version: HTTP/1.1)
HTTP/1.1 404 Not Found
Content-Type: application/json; charset=utf-8
cache-control: no-cache
content-length: 1045

12:37:07.761 [AsyncHttpClient-1-2] DEBUG org.asynchttpclient.netty.channel.ChannelManager - Adding key: http://localhost:49921 for channel [id: 0x807b5911, L:/127.0.0.1:56618 - R:localhost/127.0.0.1:49921]
12:37:07.778 [Forwarding switchToWindow on session 319642172572fdf8090d6c9115dd1193 to remote] DEBUG org.asynchttpclient.netty.request.NettyRequestSender - Using pooled Channel '[id: 0x807b5911, L:/127.0.0.1:56618 - R:localhost/127.0.0.1:49921]' for 'POST' to 'http://localhost:49921/session/319642172572fdf8090d6c9115dd1193/window'
12:37:07.778 [Forwarding switchToWindow on session 319642172572fdf8090d6c9115dd1193 to remote] DEBUG org.asynchttpclient.netty.request.NettyRequestSender - Using open Channel [id: 0x807b5911, L:/127.0.0.1:56618 - R:localhost/127.0.0.1:49921] for POST '/session/319642172572fdf8090d6c9115dd1193/window'
12:37:07.783 [AsyncHttpClient-1-2] DEBUG org.asynchttpclient.netty.handler.HttpHandler - 

Request DefaultHttpRequest(decodeResult: success, version: HTTP/1.1)
POST /session/319642172572fdf8090d6c9115dd1193/window HTTP/1.1
User-Agent: selenium/4.4.0 (java windows)
Content-Length: 50
Content-Type: application/json; charset=utf-8
host: localhost:49921
accept: */*

Response DefaultHttpResponse(decodeResult: success, version: HTTP/1.1)
HTTP/1.1 200 OK
Content-Type: application/json; charset=utf-8
cache-control: no-cache
content-length: 14

12:37:07.784 [AsyncHttpClient-1-2] DEBUG org.asynchttpclient.netty.channel.ChannelManager - Adding key: http://localhost:49921 for channel [id: 0x807b5911, L:/127.0.0.1:56618 - R:localhost/127.0.0.1:49921]
12:37:07.785 [Forwarding getCurrentUrl on session 319642172572fdf8090d6c9115dd1193 to remote] DEBUG org.asynchttpclient.netty.request.NettyRequestSender - Using pooled Channel '[id: 0x807b5911, L:/127.0.0.1:56618 - R:localhost/127.0.0.1:49921]' for 'GET' to 'http://localhost:49921/session/319642172572fdf8090d6c9115dd1193/url'
12:37:07.785 [Forwarding getCurrentUrl on session 319642172572fdf8090d6c9115dd1193 to remote] DEBUG org.asynchttpclient.netty.request.NettyRequestSender - Using open Channel [id: 0x807b5911, L:/127.0.0.1:56618 - R:localhost/127.0.0.1:49921] for GET '/session/319642172572fdf8090d6c9115dd1193/url'
12:37:07.800 [AsyncHttpClient-1-2] DEBUG org.asynchttpclient.netty.handler.HttpHandler - 

Request DefaultFullHttpRequest(decodeResult: success, version: HTTP/1.1, content: EmptyByteBufBE)
GET /session/319642172572fdf8090d6c9115dd1193/url HTTP/1.1
User-Agent: selenium/4.4.0 (java windows)
Cache-Control: no-cache
Content-Type: application/json; charset=utf-8
host: localhost:49921
accept: */*

Response DefaultHttpResponse(decodeResult: success, version: HTTP/1.1)
HTTP/1.1 200 OK
Content-Type: application/json; charset=utf-8
cache-control: no-cache
content-length: 54

12:37:07.801 [AsyncHttpClient-1-2] DEBUG org.asynchttpclient.netty.channel.ChannelManager - Adding key: http://localhost:49921 for channel [id: 0x807b5911, L:/127.0.0.1:56618 - R:localhost/127.0.0.1:49921]
12:37:07.802 [Forwarding screenshot on session 319642172572fdf8090d6c9115dd1193 to remote] DEBUG org.asynchttpclient.netty.request.NettyRequestSender - Using pooled Channel '[id: 0x807b5911, L:/127.0.0.1:56618 - R:localhost/127.0.0.1:49921]' for 'GET' to 'http://localhost:49921/session/319642172572fdf8090d6c9115dd1193/screenshot'
12:37:07.803 [Forwarding screenshot on session 319642172572fdf8090d6c9115dd1193 to remote] DEBUG org.asynchttpclient.netty.request.NettyRequestSender - Using open Channel [id: 0x807b5911, L:/127.0.0.1:56618 - R:localhost/127.0.0.1:49921] for GET '/session/319642172572fdf8090d6c9115dd1193/screenshot'
12:37:08.009 [AsyncHttpClient-1-2] DEBUG org.asynchttpclient.netty.handler.HttpHandler - 

Request DefaultFullHttpRequest(decodeResult: success, version: HTTP/1.1, content: EmptyByteBufBE)
GET /session/319642172572fdf8090d6c9115dd1193/screenshot HTTP/1.1
User-Agent: selenium/4.4.0 (java windows)
Cache-Control: no-cache
Content-Type: application/json; charset=utf-8
host: localhost:49921
accept: */*

Response DefaultHttpResponse(decodeResult: success, version: HTTP/1.1)
HTTP/1.1 200 OK
Content-Type: application/json; charset=utf-8
cache-control: no-cache
content-length: 444972

12:37:08.011 [AsyncHttpClient-1-2] DEBUG org.asynchttpclient.netty.channel.ChannelManager - Adding key: http://localhost:49921 for channel [id: 0x807b5911, L:/127.0.0.1:56618 - R:localhost/127.0.0.1:49921]
12:37:08.023 [Test worker] DEBUG net.serenitybdd.core.photography.Darkroom - Send negative for processing for C:\Users\pcnit\Downloads\TestE2E\target\site\serenity\d475569ccaa3473b6fba14e1dbf334a10ecac6b77bcf4019dc01d0ff6c719a49.png
12:37:08.032 [Forwarding getPageSource on session 319642172572fdf8090d6c9115dd1193 to remote] DEBUG org.asynchttpclient.netty.request.NettyRequestSender - Using pooled Channel '[id: 0x807b5911, L:/127.0.0.1:56618 - R:localhost/127.0.0.1:49921]' for 'POST' to 'http://localhost:49921/session/319642172572fdf8090d6c9115dd1193/execute/sync'
12:37:08.032 [Forwarding getPageSource on session 319642172572fdf8090d6c9115dd1193 to remote] DEBUG org.asynchttpclient.netty.request.NettyRequestSender - Using open Channel [id: 0x807b5911, L:/127.0.0.1:56618 - R:localhost/127.0.0.1:49921] for POST '/session/319642172572fdf8090d6c9115dd1193/execute/sync'
12:37:08.045 [AsyncHttpClient-1-2] DEBUG org.asynchttpclient.netty.handler.HttpHandler - 

Request DefaultHttpRequest(decodeResult: success, version: HTTP/1.1)
POST /session/319642172572fdf8090d6c9115dd1193/execute/sync HTTP/1.1
User-Agent: selenium/4.4.0 (java windows)
Content-Length: 176
Content-Type: application/json; charset=utf-8
host: localhost:49921
accept: */*

Response DefaultHttpResponse(decodeResult: success, version: HTTP/1.1)
HTTP/1.1 200 OK
Content-Type: application/json; charset=utf-8
cache-control: no-cache
content-length: 54496

12:37:08.045 [AsyncHttpClient-1-2] DEBUG org.asynchttpclient.netty.channel.ChannelManager - Adding key: http://localhost:49921 for channel [id: 0x807b5911, L:/127.0.0.1:56618 - R:localhost/127.0.0.1:49921]
12:37:08.054 [Forwarding getCurrentUrl on session 319642172572fdf8090d6c9115dd1193 to remote] DEBUG org.asynchttpclient.netty.request.NettyRequestSender - Using pooled Channel '[id: 0x807b5911, L:/127.0.0.1:56618 - R:localhost/127.0.0.1:49921]' for 'GET' to 'http://localhost:49921/session/319642172572fdf8090d6c9115dd1193/url'
12:37:08.054 [Forwarding getCurrentUrl on session 319642172572fdf8090d6c9115dd1193 to remote] DEBUG org.asynchttpclient.netty.request.NettyRequestSender - Using open Channel [id: 0x807b5911, L:/127.0.0.1:56618 - R:localhost/127.0.0.1:49921] for GET '/session/319642172572fdf8090d6c9115dd1193/url'
12:37:08.078 [AsyncHttpClient-1-2] DEBUG org.asynchttpclient.netty.handler.HttpHandler - 

Request DefaultFullHttpRequest(decodeResult: success, version: HTTP/1.1, content: EmptyByteBufBE)
GET /session/319642172572fdf8090d6c9115dd1193/url HTTP/1.1
User-Agent: selenium/4.4.0 (java windows)
Cache-Control: no-cache
Content-Type: application/json; charset=utf-8
host: localhost:49921
accept: */*

Response DefaultHttpResponse(decodeResult: success, version: HTTP/1.1)
HTTP/1.1 200 OK
Content-Type: application/json; charset=utf-8
cache-control: no-cache
content-length: 54

12:37:08.079 [AsyncHttpClient-1-2] DEBUG org.asynchttpclient.netty.channel.ChannelManager - Adding key: http://localhost:49921 for channel [id: 0x807b5911, L:/127.0.0.1:56618 - R:localhost/127.0.0.1:49921]
12:37:08.089 [AsyncHttpClient-1-1] DEBUG org.asynchttpclient.netty.channel.DefaultChannelPool - Entry count for : http://localhost:56619 : 1
12:37:08.089 [AsyncHttpClient-1-1] DEBUG org.asynchttpclient.netty.channel.DefaultChannelPool - Entry count for : http://localhost:49921 : 1
12:37:08.121 [Forwarding getCurrentWindowHandle on session 319642172572fdf8090d6c9115dd1193 to remote] DEBUG org.asynchttpclient.netty.request.NettyRequestSender - Using pooled Channel '[id: 0x807b5911, L:/127.0.0.1:56618 - R:localhost/127.0.0.1:49921]' for 'GET' to 'http://localhost:49921/session/319642172572fdf8090d6c9115dd1193/window'
12:37:08.121 [Forwarding getCurrentWindowHandle on session 319642172572fdf8090d6c9115dd1193 to remote] DEBUG org.asynchttpclient.netty.request.NettyRequestSender - Using open Channel [id: 0x807b5911, L:/127.0.0.1:56618 - R:localhost/127.0.0.1:49921] for GET '/session/319642172572fdf8090d6c9115dd1193/window'
12:37:08.127 [AsyncHttpClient-1-2] DEBUG org.asynchttpclient.netty.handler.HttpHandler - 

Request DefaultFullHttpRequest(decodeResult: success, version: HTTP/1.1, content: EmptyByteBufBE)
GET /session/319642172572fdf8090d6c9115dd1193/window HTTP/1.1
User-Agent: selenium/4.4.0 (java windows)
Cache-Control: no-cache
Content-Type: application/json; charset=utf-8
host: localhost:49921
accept: */*

Response DefaultHttpResponse(decodeResult: success, version: HTTP/1.1)
HTTP/1.1 200 OK
Content-Type: application/json; charset=utf-8
cache-control: no-cache
content-length: 44

12:37:08.127 [AsyncHttpClient-1-2] DEBUG org.asynchttpclient.netty.channel.ChannelManager - Adding key: http://localhost:49921 for channel [id: 0x807b5911, L:/127.0.0.1:56618 - R:localhost/127.0.0.1:49921]
12:37:08.143 [Forwarding getAlertText on session 319642172572fdf8090d6c9115dd1193 to remote] DEBUG org.asynchttpclient.netty.request.NettyRequestSender - Using pooled Channel '[id: 0x807b5911, L:/127.0.0.1:56618 - R:localhost/127.0.0.1:49921]' for 'GET' to 'http://localhost:49921/session/319642172572fdf8090d6c9115dd1193/alert/text'
12:37:08.143 [Forwarding getAlertText on session 319642172572fdf8090d6c9115dd1193 to remote] DEBUG org.asynchttpclient.netty.request.NettyRequestSender - Using open Channel [id: 0x807b5911, L:/127.0.0.1:56618 - R:localhost/127.0.0.1:49921] for GET '/session/319642172572fdf8090d6c9115dd1193/alert/text'
12:37:08.151 [AsyncHttpClient-1-2] DEBUG org.asynchttpclient.netty.handler.HttpHandler - 

Request DefaultFullHttpRequest(decodeResult: success, version: HTTP/1.1, content: EmptyByteBufBE)
GET /session/319642172572fdf8090d6c9115dd1193/alert/text HTTP/1.1
User-Agent: selenium/4.4.0 (java windows)
Cache-Control: no-cache
Content-Type: application/json; charset=utf-8
host: localhost:49921
accept: */*

Response DefaultHttpResponse(decodeResult: success, version: HTTP/1.1)
HTTP/1.1 404 Not Found
Content-Type: application/json; charset=utf-8
cache-control: no-cache
content-length: 1045

12:37:08.152 [AsyncHttpClient-1-2] DEBUG org.asynchttpclient.netty.channel.ChannelManager - Adding key: http://localhost:49921 for channel [id: 0x807b5911, L:/127.0.0.1:56618 - R:localhost/127.0.0.1:49921]
12:37:08.164 [Forwarding switchToWindow on session 319642172572fdf8090d6c9115dd1193 to remote] DEBUG org.asynchttpclient.netty.request.NettyRequestSender - Using pooled Channel '[id: 0x807b5911, L:/127.0.0.1:56618 - R:localhost/127.0.0.1:49921]' for 'POST' to 'http://localhost:49921/session/319642172572fdf8090d6c9115dd1193/window'
12:37:08.165 [Forwarding switchToWindow on session 319642172572fdf8090d6c9115dd1193 to remote] DEBUG org.asynchttpclient.netty.request.NettyRequestSender - Using open Channel [id: 0x807b5911, L:/127.0.0.1:56618 - R:localhost/127.0.0.1:49921] for POST '/session/319642172572fdf8090d6c9115dd1193/window'
12:37:08.171 [AsyncHttpClient-1-2] DEBUG org.asynchttpclient.netty.handler.HttpHandler - 

Request DefaultHttpRequest(decodeResult: success, version: HTTP/1.1)
POST /session/319642172572fdf8090d6c9115dd1193/window HTTP/1.1
User-Agent: selenium/4.4.0 (java windows)
Content-Length: 50
Content-Type: application/json; charset=utf-8
host: localhost:49921
accept: */*

Response DefaultHttpResponse(decodeResult: success, version: HTTP/1.1)
HTTP/1.1 200 OK
Content-Type: application/json; charset=utf-8
cache-control: no-cache
content-length: 14

12:37:08.171 [AsyncHttpClient-1-2] DEBUG org.asynchttpclient.netty.channel.ChannelManager - Adding key: http://localhost:49921 for channel [id: 0x807b5911, L:/127.0.0.1:56618 - R:localhost/127.0.0.1:49921]
12:37:08.171 [Forwarding getCurrentUrl on session 319642172572fdf8090d6c9115dd1193 to remote] DEBUG org.asynchttpclient.netty.request.NettyRequestSender - Using pooled Channel '[id: 0x807b5911, L:/127.0.0.1:56618 - R:localhost/127.0.0.1:49921]' for 'GET' to 'http://localhost:49921/session/319642172572fdf8090d6c9115dd1193/url'
12:37:08.171 [Forwarding getCurrentUrl on session 319642172572fdf8090d6c9115dd1193 to remote] DEBUG org.asynchttpclient.netty.request.NettyRequestSender - Using open Channel [id: 0x807b5911, L:/127.0.0.1:56618 - R:localhost/127.0.0.1:49921] for GET '/session/319642172572fdf8090d6c9115dd1193/url'
12:37:08.181 [AsyncHttpClient-1-2] DEBUG org.asynchttpclient.netty.handler.HttpHandler - 

Request DefaultFullHttpRequest(decodeResult: success, version: HTTP/1.1, content: EmptyByteBufBE)
GET /session/319642172572fdf8090d6c9115dd1193/url HTTP/1.1
User-Agent: selenium/4.4.0 (java windows)
Cache-Control: no-cache
Content-Type: application/json; charset=utf-8
host: localhost:49921
accept: */*

Response DefaultHttpResponse(decodeResult: success, version: HTTP/1.1)
HTTP/1.1 200 OK
Content-Type: application/json; charset=utf-8
cache-control: no-cache
content-length: 54

12:37:08.182 [AsyncHttpClient-1-2] DEBUG org.asynchttpclient.netty.channel.ChannelManager - Adding key: http://localhost:49921 for channel [id: 0x807b5911, L:/127.0.0.1:56618 - R:localhost/127.0.0.1:49921]
12:37:08.183 [Forwarding screenshot on session 319642172572fdf8090d6c9115dd1193 to remote] DEBUG org.asynchttpclient.netty.request.NettyRequestSender - Using pooled Channel '[id: 0x807b5911, L:/127.0.0.1:56618 - R:localhost/127.0.0.1:49921]' for 'GET' to 'http://localhost:49921/session/319642172572fdf8090d6c9115dd1193/screenshot'
12:37:08.183 [Forwarding screenshot on session 319642172572fdf8090d6c9115dd1193 to remote] DEBUG org.asynchttpclient.netty.request.NettyRequestSender - Using open Channel [id: 0x807b5911, L:/127.0.0.1:56618 - R:localhost/127.0.0.1:49921] for GET '/session/319642172572fdf8090d6c9115dd1193/screenshot'
12:37:08.371 [AsyncHttpClient-1-2] DEBUG org.asynchttpclient.netty.handler.HttpHandler - 

Request DefaultFullHttpRequest(decodeResult: success, version: HTTP/1.1, content: EmptyByteBufBE)
GET /session/319642172572fdf8090d6c9115dd1193/screenshot HTTP/1.1
User-Agent: selenium/4.4.0 (java windows)
Cache-Control: no-cache
Content-Type: application/json; charset=utf-8
host: localhost:49921
accept: */*

Response DefaultHttpResponse(decodeResult: success, version: HTTP/1.1)
HTTP/1.1 200 OK
Content-Type: application/json; charset=utf-8
cache-control: no-cache
content-length: 582920

12:37:08.373 [AsyncHttpClient-1-2] DEBUG org.asynchttpclient.netty.channel.ChannelManager - Adding key: http://localhost:49921 for channel [id: 0x807b5911, L:/127.0.0.1:56618 - R:localhost/127.0.0.1:49921]
12:37:08.392 [Test worker] DEBUG net.serenitybdd.core.photography.Darkroom - Send negative for processing for C:\Users\pcnit\Downloads\TestE2E\target\site\serenity\df0c7d42288d050de8df9920fb3ce1792a968551b8be6068ef5e7282fd8743b0.png
12:37:08.393 [Test worker] DEBUG net.thucydides.core.steps.StepInterceptor - STEP DONE: {0} clicks on #target
12:37:08.407 [Test worker] DEBUG net.serenitybdd.screenplay.targets.IFrameSwitcher - default content already selected for AGREGAR AL CARRITO
12:37:08.421 [Forwarding getCurrentUrl on session 319642172572fdf8090d6c9115dd1193 to remote] DEBUG org.asynchttpclient.netty.request.NettyRequestSender - Using pooled Channel '[id: 0x807b5911, L:/127.0.0.1:56618 - R:localhost/127.0.0.1:49921]' for 'GET' to 'http://localhost:49921/session/319642172572fdf8090d6c9115dd1193/url'
12:37:08.422 [Forwarding getCurrentUrl on session 319642172572fdf8090d6c9115dd1193 to remote] DEBUG org.asynchttpclient.netty.request.NettyRequestSender - Using open Channel [id: 0x807b5911, L:/127.0.0.1:56618 - R:localhost/127.0.0.1:49921] for GET '/session/319642172572fdf8090d6c9115dd1193/url'
12:37:08.450 [AsyncHttpClient-1-2] DEBUG org.asynchttpclient.netty.handler.HttpHandler - 

Request DefaultFullHttpRequest(decodeResult: success, version: HTTP/1.1, content: EmptyByteBufBE)
GET /session/319642172572fdf8090d6c9115dd1193/url HTTP/1.1
User-Agent: selenium/4.4.0 (java windows)
Cache-Control: no-cache
Content-Type: application/json; charset=utf-8
host: localhost:49921
accept: */*

Response DefaultHttpResponse(decodeResult: success, version: HTTP/1.1)
HTTP/1.1 200 OK
Content-Type: application/json; charset=utf-8
cache-control: no-cache
content-length: 54

12:37:08.450 [AsyncHttpClient-1-2] DEBUG org.asynchttpclient.netty.channel.ChannelManager - Adding key: http://localhost:49921 for channel [id: 0x807b5911, L:/127.0.0.1:56618 - R:localhost/127.0.0.1:49921]
12:37:08.474 [Forwarding findElement on session 319642172572fdf8090d6c9115dd1193 to remote] DEBUG org.asynchttpclient.netty.request.NettyRequestSender - Using pooled Channel '[id: 0x807b5911, L:/127.0.0.1:56618 - R:localhost/127.0.0.1:49921]' for 'POST' to 'http://localhost:49921/session/319642172572fdf8090d6c9115dd1193/element'
12:37:08.475 [Forwarding findElement on session 319642172572fdf8090d6c9115dd1193 to remote] DEBUG org.asynchttpclient.netty.request.NettyRequestSender - Using open Channel [id: 0x807b5911, L:/127.0.0.1:56618 - R:localhost/127.0.0.1:49921] for POST '/session/319642172572fdf8090d6c9115dd1193/element'
12:37:08.493 [AsyncHttpClient-1-2] DEBUG org.asynchttpclient.netty.handler.HttpHandler - 

Request DefaultHttpRequest(decodeResult: success, version: HTTP/1.1)
POST /session/319642172572fdf8090d6c9115dd1193/element HTTP/1.1
User-Agent: selenium/4.4.0 (java windows)
Content-Length: 118
Content-Type: application/json; charset=utf-8
host: localhost:49921
accept: */*

Response DefaultHttpResponse(decodeResult: success, version: HTTP/1.1)
HTTP/1.1 200 OK
Content-Type: application/json; charset=utf-8
cache-control: no-cache
content-length: 127

12:37:08.493 [AsyncHttpClient-1-2] DEBUG org.asynchttpclient.netty.channel.ChannelManager - Adding key: http://localhost:49921 for channel [id: 0x807b5911, L:/127.0.0.1:56618 - R:localhost/127.0.0.1:49921]
12:37:08.502 [Forwarding executeScript on session 319642172572fdf8090d6c9115dd1193 to remote] DEBUG org.asynchttpclient.netty.request.NettyRequestSender - Using pooled Channel '[id: 0x807b5911, L:/127.0.0.1:56618 - R:localhost/127.0.0.1:49921]' for 'POST' to 'http://localhost:49921/session/319642172572fdf8090d6c9115dd1193/execute/sync'
12:37:08.502 [Forwarding executeScript on session 319642172572fdf8090d6c9115dd1193 to remote] DEBUG org.asynchttpclient.netty.request.NettyRequestSender - Using open Channel [id: 0x807b5911, L:/127.0.0.1:56618 - R:localhost/127.0.0.1:49921] for POST '/session/319642172572fdf8090d6c9115dd1193/execute/sync'
12:37:08.517 [AsyncHttpClient-1-2] DEBUG org.asynchttpclient.netty.handler.HttpHandler - 

Request DefaultHttpRequest(decodeResult: success, version: HTTP/1.1)
POST /session/319642172572fdf8090d6c9115dd1193/execute/sync HTTP/1.1
User-Agent: selenium/4.4.0 (java windows)
Content-Length: 318
Content-Type: application/json; charset=utf-8
host: localhost:49921
accept: */*

Response DefaultHttpResponse(decodeResult: success, version: HTTP/1.1)
HTTP/1.1 200 OK
Content-Type: application/json; charset=utf-8
cache-control: no-cache
content-length: 14

12:37:08.517 [AsyncHttpClient-1-2] DEBUG org.asynchttpclient.netty.channel.ChannelManager - Adding key: http://localhost:49921 for channel [id: 0x807b5911, L:/127.0.0.1:56618 - R:localhost/127.0.0.1:49921]
12:37:08.546 [Test worker] DEBUG net.serenitybdd.screenplay.targets.IFrameSwitcher - default content already selected for AGREGAR AL CARRITO
12:37:08.556 [Forwarding findElements on session 319642172572fdf8090d6c9115dd1193 to remote] DEBUG org.asynchttpclient.netty.request.NettyRequestSender - Using pooled Channel '[id: 0x807b5911, L:/127.0.0.1:56618 - R:localhost/127.0.0.1:49921]' for 'POST' to 'http://localhost:49921/session/319642172572fdf8090d6c9115dd1193/elements'
12:37:08.556 [Forwarding findElements on session 319642172572fdf8090d6c9115dd1193 to remote] DEBUG org.asynchttpclient.netty.request.NettyRequestSender - Using open Channel [id: 0x807b5911, L:/127.0.0.1:56618 - R:localhost/127.0.0.1:49921] for POST '/session/319642172572fdf8090d6c9115dd1193/elements'
12:37:08.572 [AsyncHttpClient-1-2] DEBUG org.asynchttpclient.netty.handler.HttpHandler - 

Request DefaultHttpRequest(decodeResult: success, version: HTTP/1.1)
POST /session/319642172572fdf8090d6c9115dd1193/elements HTTP/1.1
User-Agent: selenium/4.4.0 (java windows)
Content-Length: 118
Content-Type: application/json; charset=utf-8
host: localhost:49921
accept: */*

Response DefaultHttpResponse(decodeResult: success, version: HTTP/1.1)
HTTP/1.1 200 OK
Content-Type: application/json; charset=utf-8
cache-control: no-cache
content-length: 129

12:37:08.572 [AsyncHttpClient-1-2] DEBUG org.asynchttpclient.netty.channel.ChannelManager - Adding key: http://localhost:49921 for channel [id: 0x807b5911, L:/127.0.0.1:56618 - R:localhost/127.0.0.1:49921]
12:37:08.607 [Forwarding isElementEnabled on session 319642172572fdf8090d6c9115dd1193 to remote] DEBUG org.asynchttpclient.netty.request.NettyRequestSender - Using pooled Channel '[id: 0x807b5911, L:/127.0.0.1:56618 - R:localhost/127.0.0.1:49921]' for 'GET' to 'http://localhost:49921/session/319642172572fdf8090d6c9115dd1193/element/f.77D77E48C717A5F8144E3521F6891EC1.d.8BD62FCC4E88F9744441D63C0528F046.e.237/enabled'
12:37:08.607 [Forwarding isElementEnabled on session 319642172572fdf8090d6c9115dd1193 to remote] DEBUG org.asynchttpclient.netty.request.NettyRequestSender - Using open Channel [id: 0x807b5911, L:/127.0.0.1:56618 - R:localhost/127.0.0.1:49921] for GET '/session/319642172572fdf8090d6c9115dd1193/element/f.77D77E48C717A5F8144E3521F6891EC1.d.8BD62FCC4E88F9744441D63C0528F046.e.237/enabled'
12:37:08.638 [AsyncHttpClient-1-2] DEBUG org.asynchttpclient.netty.handler.HttpHandler - 

Request DefaultFullHttpRequest(decodeResult: success, version: HTTP/1.1, content: EmptyByteBufBE)
GET /session/319642172572fdf8090d6c9115dd1193/element/f.77D77E48C717A5F8144E3521F6891EC1.d.8BD62FCC4E88F9744441D63C0528F046.e.237/enabled HTTP/1.1
User-Agent: selenium/4.4.0 (java windows)
Cache-Control: no-cache
Content-Type: application/json; charset=utf-8
host: localhost:49921
accept: */*

Response DefaultHttpResponse(decodeResult: success, version: HTTP/1.1)
HTTP/1.1 200 OK
Content-Type: application/json; charset=utf-8
cache-control: no-cache
content-length: 14

12:37:08.638 [AsyncHttpClient-1-2] DEBUG org.asynchttpclient.netty.channel.ChannelManager - Adding key: http://localhost:49921 for channel [id: 0x807b5911, L:/127.0.0.1:56618 - R:localhost/127.0.0.1:49921]
12:37:08.651 [Forwarding isElementEnabled on session 319642172572fdf8090d6c9115dd1193 to remote] DEBUG org.asynchttpclient.netty.request.NettyRequestSender - Using pooled Channel '[id: 0x807b5911, L:/127.0.0.1:56618 - R:localhost/127.0.0.1:49921]' for 'GET' to 'http://localhost:49921/session/319642172572fdf8090d6c9115dd1193/element/f.77D77E48C717A5F8144E3521F6891EC1.d.8BD62FCC4E88F9744441D63C0528F046.e.237/enabled'
12:37:08.651 [Forwarding isElementEnabled on session 319642172572fdf8090d6c9115dd1193 to remote] DEBUG org.asynchttpclient.netty.request.NettyRequestSender - Using open Channel [id: 0x807b5911, L:/127.0.0.1:56618 - R:localhost/127.0.0.1:49921] for GET '/session/319642172572fdf8090d6c9115dd1193/element/f.77D77E48C717A5F8144E3521F6891EC1.d.8BD62FCC4E88F9744441D63C0528F046.e.237/enabled'
12:37:08.671 [AsyncHttpClient-1-2] DEBUG org.asynchttpclient.netty.handler.HttpHandler - 

Request DefaultFullHttpRequest(decodeResult: success, version: HTTP/1.1, content: EmptyByteBufBE)
GET /session/319642172572fdf8090d6c9115dd1193/element/f.77D77E48C717A5F8144E3521F6891EC1.d.8BD62FCC4E88F9744441D63C0528F046.e.237/enabled HTTP/1.1
User-Agent: selenium/4.4.0 (java windows)
Cache-Control: no-cache
Content-Type: application/json; charset=utf-8
host: localhost:49921
accept: */*

Response DefaultHttpResponse(decodeResult: success, version: HTTP/1.1)
HTTP/1.1 200 OK
Content-Type: application/json; charset=utf-8
cache-control: no-cache
content-length: 14

12:37:08.671 [AsyncHttpClient-1-2] DEBUG org.asynchttpclient.netty.channel.ChannelManager - Adding key: http://localhost:49921 for channel [id: 0x807b5911, L:/127.0.0.1:56618 - R:localhost/127.0.0.1:49921]
12:37:08.722 [Forwarding getCurrentWindowHandle on session 319642172572fdf8090d6c9115dd1193 to remote] DEBUG org.asynchttpclient.netty.request.NettyRequestSender - Using pooled Channel '[id: 0x807b5911, L:/127.0.0.1:56618 - R:localhost/127.0.0.1:49921]' for 'GET' to 'http://localhost:49921/session/319642172572fdf8090d6c9115dd1193/window'
12:37:08.722 [Forwarding getCurrentWindowHandle on session 319642172572fdf8090d6c9115dd1193 to remote] DEBUG org.asynchttpclient.netty.request.NettyRequestSender - Using open Channel [id: 0x807b5911, L:/127.0.0.1:56618 - R:localhost/127.0.0.1:49921] for GET '/session/319642172572fdf8090d6c9115dd1193/window'
12:37:08.725 [AsyncHttpClient-1-2] DEBUG org.asynchttpclient.netty.handler.HttpHandler - 

Request DefaultFullHttpRequest(decodeResult: success, version: HTTP/1.1, content: EmptyByteBufBE)
GET /session/319642172572fdf8090d6c9115dd1193/window HTTP/1.1
User-Agent: selenium/4.4.0 (java windows)
Cache-Control: no-cache
Content-Type: application/json; charset=utf-8
host: localhost:49921
accept: */*

Response DefaultHttpResponse(decodeResult: success, version: HTTP/1.1)
HTTP/1.1 200 OK
Content-Type: application/json; charset=utf-8
cache-control: no-cache
content-length: 44

12:37:08.725 [AsyncHttpClient-1-2] DEBUG org.asynchttpclient.netty.channel.ChannelManager - Adding key: http://localhost:49921 for channel [id: 0x807b5911, L:/127.0.0.1:56618 - R:localhost/127.0.0.1:49921]
12:37:08.737 [Forwarding getAlertText on session 319642172572fdf8090d6c9115dd1193 to remote] DEBUG org.asynchttpclient.netty.request.NettyRequestSender - Using pooled Channel '[id: 0x807b5911, L:/127.0.0.1:56618 - R:localhost/127.0.0.1:49921]' for 'GET' to 'http://localhost:49921/session/319642172572fdf8090d6c9115dd1193/alert/text'
12:37:08.737 [Forwarding getAlertText on session 319642172572fdf8090d6c9115dd1193 to remote] DEBUG org.asynchttpclient.netty.request.NettyRequestSender - Using open Channel [id: 0x807b5911, L:/127.0.0.1:56618 - R:localhost/127.0.0.1:49921] for GET '/session/319642172572fdf8090d6c9115dd1193/alert/text'
12:37:08.743 [AsyncHttpClient-1-2] DEBUG org.asynchttpclient.netty.handler.HttpHandler - 

Request DefaultFullHttpRequest(decodeResult: success, version: HTTP/1.1, content: EmptyByteBufBE)
GET /session/319642172572fdf8090d6c9115dd1193/alert/text HTTP/1.1
User-Agent: selenium/4.4.0 (java windows)
Cache-Control: no-cache
Content-Type: application/json; charset=utf-8
host: localhost:49921
accept: */*

Response DefaultHttpResponse(decodeResult: success, version: HTTP/1.1)
HTTP/1.1 404 Not Found
Content-Type: application/json; charset=utf-8
cache-control: no-cache
content-length: 1045

12:37:08.743 [AsyncHttpClient-1-2] DEBUG org.asynchttpclient.netty.channel.ChannelManager - Adding key: http://localhost:49921 for channel [id: 0x807b5911, L:/127.0.0.1:56618 - R:localhost/127.0.0.1:49921]
12:37:08.757 [Forwarding switchToWindow on session 319642172572fdf8090d6c9115dd1193 to remote] DEBUG org.asynchttpclient.netty.request.NettyRequestSender - Using pooled Channel '[id: 0x807b5911, L:/127.0.0.1:56618 - R:localhost/127.0.0.1:49921]' for 'POST' to 'http://localhost:49921/session/319642172572fdf8090d6c9115dd1193/window'
12:37:08.757 [Forwarding switchToWindow on session 319642172572fdf8090d6c9115dd1193 to remote] DEBUG org.asynchttpclient.netty.request.NettyRequestSender - Using open Channel [id: 0x807b5911, L:/127.0.0.1:56618 - R:localhost/127.0.0.1:49921] for POST '/session/319642172572fdf8090d6c9115dd1193/window'
12:37:08.761 [AsyncHttpClient-1-2] DEBUG org.asynchttpclient.netty.handler.HttpHandler - 

Request DefaultHttpRequest(decodeResult: success, version: HTTP/1.1)
POST /session/319642172572fdf8090d6c9115dd1193/window HTTP/1.1
User-Agent: selenium/4.4.0 (java windows)
Content-Length: 50
Content-Type: application/json; charset=utf-8
host: localhost:49921
accept: */*

Response DefaultHttpResponse(decodeResult: success, version: HTTP/1.1)
HTTP/1.1 200 OK
Content-Type: application/json; charset=utf-8
cache-control: no-cache
content-length: 14

12:37:08.761 [AsyncHttpClient-1-2] DEBUG org.asynchttpclient.netty.channel.ChannelManager - Adding key: http://localhost:49921 for channel [id: 0x807b5911, L:/127.0.0.1:56618 - R:localhost/127.0.0.1:49921]
12:37:08.762 [Forwarding getCurrentUrl on session 319642172572fdf8090d6c9115dd1193 to remote] DEBUG org.asynchttpclient.netty.request.NettyRequestSender - Using pooled Channel '[id: 0x807b5911, L:/127.0.0.1:56618 - R:localhost/127.0.0.1:49921]' for 'GET' to 'http://localhost:49921/session/319642172572fdf8090d6c9115dd1193/url'
12:37:08.762 [Forwarding getCurrentUrl on session 319642172572fdf8090d6c9115dd1193 to remote] DEBUG org.asynchttpclient.netty.request.NettyRequestSender - Using open Channel [id: 0x807b5911, L:/127.0.0.1:56618 - R:localhost/127.0.0.1:49921] for GET '/session/319642172572fdf8090d6c9115dd1193/url'
12:37:08.779 [AsyncHttpClient-1-2] DEBUG org.asynchttpclient.netty.handler.HttpHandler - 

Request DefaultFullHttpRequest(decodeResult: success, version: HTTP/1.1, content: EmptyByteBufBE)
GET /session/319642172572fdf8090d6c9115dd1193/url HTTP/1.1
User-Agent: selenium/4.4.0 (java windows)
Cache-Control: no-cache
Content-Type: application/json; charset=utf-8
host: localhost:49921
accept: */*

Response DefaultHttpResponse(decodeResult: success, version: HTTP/1.1)
HTTP/1.1 200 OK
Content-Type: application/json; charset=utf-8
cache-control: no-cache
content-length: 54

12:37:08.779 [AsyncHttpClient-1-2] DEBUG org.asynchttpclient.netty.channel.ChannelManager - Adding key: http://localhost:49921 for channel [id: 0x807b5911, L:/127.0.0.1:56618 - R:localhost/127.0.0.1:49921]
12:37:08.781 [Forwarding screenshot on session 319642172572fdf8090d6c9115dd1193 to remote] DEBUG org.asynchttpclient.netty.request.NettyRequestSender - Using pooled Channel '[id: 0x807b5911, L:/127.0.0.1:56618 - R:localhost/127.0.0.1:49921]' for 'GET' to 'http://localhost:49921/session/319642172572fdf8090d6c9115dd1193/screenshot'
12:37:08.781 [Forwarding screenshot on session 319642172572fdf8090d6c9115dd1193 to remote] DEBUG org.asynchttpclient.netty.request.NettyRequestSender - Using open Channel [id: 0x807b5911, L:/127.0.0.1:56618 - R:localhost/127.0.0.1:49921] for GET '/session/319642172572fdf8090d6c9115dd1193/screenshot'
12:37:08.962 [AsyncHttpClient-1-2] DEBUG org.asynchttpclient.netty.handler.HttpHandler - 

Request DefaultFullHttpRequest(decodeResult: success, version: HTTP/1.1, content: EmptyByteBufBE)
GET /session/319642172572fdf8090d6c9115dd1193/screenshot HTTP/1.1
User-Agent: selenium/4.4.0 (java windows)
Cache-Control: no-cache
Content-Type: application/json; charset=utf-8
host: localhost:49921
accept: */*

Response DefaultHttpResponse(decodeResult: success, version: HTTP/1.1)
HTTP/1.1 200 OK
Content-Type: application/json; charset=utf-8
cache-control: no-cache
content-length: 560312

12:37:08.966 [AsyncHttpClient-1-2] DEBUG org.asynchttpclient.netty.channel.ChannelManager - Adding key: http://localhost:49921 for channel [id: 0x807b5911, L:/127.0.0.1:56618 - R:localhost/127.0.0.1:49921]
12:37:08.983 [Test worker] DEBUG net.serenitybdd.core.photography.Darkroom - Send negative for processing for C:\Users\pcnit\Downloads\TestE2E\target\site\serenity\a91e4bc76bb4b17de275d017e1a385a65fa55e8dec59b87824c2f6ef2057ae36.png
12:37:08.994 [Forwarding getPageSource on session 319642172572fdf8090d6c9115dd1193 to remote] DEBUG org.asynchttpclient.netty.request.NettyRequestSender - Using pooled Channel '[id: 0x807b5911, L:/127.0.0.1:56618 - R:localhost/127.0.0.1:49921]' for 'POST' to 'http://localhost:49921/session/319642172572fdf8090d6c9115dd1193/execute/sync'
12:37:08.994 [Forwarding getPageSource on session 319642172572fdf8090d6c9115dd1193 to remote] DEBUG org.asynchttpclient.netty.request.NettyRequestSender - Using open Channel [id: 0x807b5911, L:/127.0.0.1:56618 - R:localhost/127.0.0.1:49921] for POST '/session/319642172572fdf8090d6c9115dd1193/execute/sync'
12:37:09.004 [AsyncHttpClient-1-2] DEBUG org.asynchttpclient.netty.handler.HttpHandler - 

Request DefaultHttpRequest(decodeResult: success, version: HTTP/1.1)
POST /session/319642172572fdf8090d6c9115dd1193/execute/sync HTTP/1.1
User-Agent: selenium/4.4.0 (java windows)
Content-Length: 176
Content-Type: application/json; charset=utf-8
host: localhost:49921
accept: */*

Response DefaultHttpResponse(decodeResult: success, version: HTTP/1.1)
HTTP/1.1 200 OK
Content-Type: application/json; charset=utf-8
cache-control: no-cache
content-length: 54496

12:37:09.005 [AsyncHttpClient-1-2] DEBUG org.asynchttpclient.netty.channel.ChannelManager - Adding key: http://localhost:49921 for channel [id: 0x807b5911, L:/127.0.0.1:56618 - R:localhost/127.0.0.1:49921]
12:37:09.013 [Forwarding getCurrentUrl on session 319642172572fdf8090d6c9115dd1193 to remote] DEBUG org.asynchttpclient.netty.request.NettyRequestSender - Using pooled Channel '[id: 0x807b5911, L:/127.0.0.1:56618 - R:localhost/127.0.0.1:49921]' for 'GET' to 'http://localhost:49921/session/319642172572fdf8090d6c9115dd1193/url'
12:37:09.013 [Forwarding getCurrentUrl on session 319642172572fdf8090d6c9115dd1193 to remote] DEBUG org.asynchttpclient.netty.request.NettyRequestSender - Using open Channel [id: 0x807b5911, L:/127.0.0.1:56618 - R:localhost/127.0.0.1:49921] for GET '/session/319642172572fdf8090d6c9115dd1193/url'
12:37:09.024 [AsyncHttpClient-1-2] DEBUG org.asynchttpclient.netty.handler.HttpHandler - 

Request DefaultFullHttpRequest(decodeResult: success, version: HTTP/1.1, content: EmptyByteBufBE)
GET /session/319642172572fdf8090d6c9115dd1193/url HTTP/1.1
User-Agent: selenium/4.4.0 (java windows)
Cache-Control: no-cache
Content-Type: application/json; charset=utf-8
host: localhost:49921
accept: */*

Response DefaultHttpResponse(decodeResult: success, version: HTTP/1.1)
HTTP/1.1 200 OK
Content-Type: application/json; charset=utf-8
cache-control: no-cache
content-length: 54

12:37:09.025 [AsyncHttpClient-1-2] DEBUG org.asynchttpclient.netty.channel.ChannelManager - Adding key: http://localhost:49921 for channel [id: 0x807b5911, L:/127.0.0.1:56618 - R:localhost/127.0.0.1:49921]
12:37:09.028 [Test worker] DEBUG net.thucydides.core.steps.StepInterceptor - STARTING STEP: Product.performAs - {0} clicks on #target
12:37:09.028 [Test worker] DEBUG net.serenitybdd.screenplay.targets.IFrameSwitcher - default content already selected for AGREGAR AL CARRITO
12:37:09.091 [Forwarding findElement on session 319642172572fdf8090d6c9115dd1193 to remote] DEBUG org.asynchttpclient.netty.request.NettyRequestSender - Using pooled Channel '[id: 0x807b5911, L:/127.0.0.1:56618 - R:localhost/127.0.0.1:49921]' for 'POST' to 'http://localhost:49921/session/319642172572fdf8090d6c9115dd1193/element'
12:37:09.091 [Forwarding findElement on session 319642172572fdf8090d6c9115dd1193 to remote] DEBUG org.asynchttpclient.netty.request.NettyRequestSender - Using open Channel [id: 0x807b5911, L:/127.0.0.1:56618 - R:localhost/127.0.0.1:49921] for POST '/session/319642172572fdf8090d6c9115dd1193/element'
12:37:09.110 [AsyncHttpClient-1-2] DEBUG org.asynchttpclient.netty.handler.HttpHandler - 

Request DefaultHttpRequest(decodeResult: success, version: HTTP/1.1)
POST /session/319642172572fdf8090d6c9115dd1193/element HTTP/1.1
User-Agent: selenium/4.4.0 (java windows)
Content-Length: 118
Content-Type: application/json; charset=utf-8
host: localhost:49921
accept: */*

Response DefaultHttpResponse(decodeResult: success, version: HTTP/1.1)
HTTP/1.1 200 OK
Content-Type: application/json; charset=utf-8
cache-control: no-cache
content-length: 127

12:37:09.110 [AsyncHttpClient-1-2] DEBUG org.asynchttpclient.netty.channel.ChannelManager - Adding key: http://localhost:49921 for channel [id: 0x807b5911, L:/127.0.0.1:56618 - R:localhost/127.0.0.1:49921]
12:37:09.132 [Forwarding isElementDisplayed on session 319642172572fdf8090d6c9115dd1193 to remote] DEBUG org.asynchttpclient.netty.request.NettyRequestSender - Using pooled Channel '[id: 0x807b5911, L:/127.0.0.1:56618 - R:localhost/127.0.0.1:49921]' for 'POST' to 'http://localhost:49921/session/319642172572fdf8090d6c9115dd1193/execute/sync'
12:37:09.132 [Forwarding isElementDisplayed on session 319642172572fdf8090d6c9115dd1193 to remote] DEBUG org.asynchttpclient.netty.request.NettyRequestSender - Using open Channel [id: 0x807b5911, L:/127.0.0.1:56618 - R:localhost/127.0.0.1:49921] for POST '/session/319642172572fdf8090d6c9115dd1193/execute/sync'
12:37:09.151 [AsyncHttpClient-1-2] DEBUG org.asynchttpclient.netty.handler.HttpHandler - 

Request DefaultHttpRequest(decodeResult: success, version: HTTP/1.1)
POST /session/319642172572fdf8090d6c9115dd1193/execute/sync HTTP/1.1
User-Agent: selenium/4.4.0 (java windows)
Content-Length: 48819
Content-Type: application/json; charset=utf-8
host: localhost:49921
accept: */*

Response DefaultHttpResponse(decodeResult: success, version: HTTP/1.1)
HTTP/1.1 200 OK
Content-Type: application/json; charset=utf-8
cache-control: no-cache
content-length: 14

12:37:09.151 [AsyncHttpClient-1-2] DEBUG org.asynchttpclient.netty.channel.ChannelManager - Adding key: http://localhost:49921 for channel [id: 0x807b5911, L:/127.0.0.1:56618 - R:localhost/127.0.0.1:49921]
12:37:09.170 [Forwarding findElement on session 319642172572fdf8090d6c9115dd1193 to remote] DEBUG org.asynchttpclient.netty.request.NettyRequestSender - Using pooled Channel '[id: 0x807b5911, L:/127.0.0.1:56618 - R:localhost/127.0.0.1:49921]' for 'POST' to 'http://localhost:49921/session/319642172572fdf8090d6c9115dd1193/element'
12:37:09.170 [Forwarding findElement on session 319642172572fdf8090d6c9115dd1193 to remote] DEBUG org.asynchttpclient.netty.request.NettyRequestSender - Using open Channel [id: 0x807b5911, L:/127.0.0.1:56618 - R:localhost/127.0.0.1:49921] for POST '/session/319642172572fdf8090d6c9115dd1193/element'
12:37:09.183 [AsyncHttpClient-1-2] DEBUG org.asynchttpclient.netty.handler.HttpHandler - 

Request DefaultHttpRequest(decodeResult: success, version: HTTP/1.1)
POST /session/319642172572fdf8090d6c9115dd1193/element HTTP/1.1
User-Agent: selenium/4.4.0 (java windows)
Content-Length: 118
Content-Type: application/json; charset=utf-8
host: localhost:49921
accept: */*

Response DefaultHttpResponse(decodeResult: success, version: HTTP/1.1)
HTTP/1.1 200 OK
Content-Type: application/json; charset=utf-8
cache-control: no-cache
content-length: 127

12:37:09.184 [AsyncHttpClient-1-2] DEBUG org.asynchttpclient.netty.channel.ChannelManager - Adding key: http://localhost:49921 for channel [id: 0x807b5911, L:/127.0.0.1:56618 - R:localhost/127.0.0.1:49921]
12:37:09.186 [Forwarding clickElement on session 319642172572fdf8090d6c9115dd1193 to remote] DEBUG org.asynchttpclient.netty.request.NettyRequestSender - Using pooled Channel '[id: 0x807b5911, L:/127.0.0.1:56618 - R:localhost/127.0.0.1:49921]' for 'POST' to 'http://localhost:49921/session/319642172572fdf8090d6c9115dd1193/element/f.77D77E48C717A5F8144E3521F6891EC1.d.8BD62FCC4E88F9744441D63C0528F046.e.237/click'
12:37:09.186 [Forwarding clickElement on session 319642172572fdf8090d6c9115dd1193 to remote] DEBUG org.asynchttpclient.netty.request.NettyRequestSender - Using open Channel [id: 0x807b5911, L:/127.0.0.1:56618 - R:localhost/127.0.0.1:49921] for POST '/session/319642172572fdf8090d6c9115dd1193/element/f.77D77E48C717A5F8144E3521F6891EC1.d.8BD62FCC4E88F9744441D63C0528F046.e.237/click'
12:37:09.192 [AsyncHttpClient-1-1] DEBUG org.asynchttpclient.netty.channel.DefaultChannelPool - Entry count for : http://localhost:56619 : 1
12:37:09.280 [AsyncHttpClient-1-2] DEBUG org.asynchttpclient.netty.handler.HttpHandler - 

Request DefaultHttpRequest(decodeResult: success, version: HTTP/1.1)
POST /session/319642172572fdf8090d6c9115dd1193/element/f.77D77E48C717A5F8144E3521F6891EC1.d.8BD62FCC4E88F9744441D63C0528F046.e.237/click HTTP/1.1
User-Agent: selenium/4.4.0 (java windows)
Content-Length: 89
Content-Type: application/json; charset=utf-8
host: localhost:49921
accept: */*

Response DefaultHttpResponse(decodeResult: success, version: HTTP/1.1)
HTTP/1.1 200 OK
Content-Type: application/json; charset=utf-8
cache-control: no-cache
content-length: 14

12:37:09.281 [AsyncHttpClient-1-2] DEBUG org.asynchttpclient.netty.channel.ChannelManager - Adding key: http://localhost:49921 for channel [id: 0x807b5911, L:/127.0.0.1:56618 - R:localhost/127.0.0.1:49921]
12:37:09.326 [Forwarding getCurrentWindowHandle on session 319642172572fdf8090d6c9115dd1193 to remote] DEBUG org.asynchttpclient.netty.request.NettyRequestSender - Using pooled Channel '[id: 0x807b5911, L:/127.0.0.1:56618 - R:localhost/127.0.0.1:49921]' for 'GET' to 'http://localhost:49921/session/319642172572fdf8090d6c9115dd1193/window'
12:37:09.326 [Forwarding getCurrentWindowHandle on session 319642172572fdf8090d6c9115dd1193 to remote] DEBUG org.asynchttpclient.netty.request.NettyRequestSender - Using open Channel [id: 0x807b5911, L:/127.0.0.1:56618 - R:localhost/127.0.0.1:49921] for GET '/session/319642172572fdf8090d6c9115dd1193/window'
12:37:09.331 [AsyncHttpClient-1-2] DEBUG org.asynchttpclient.netty.handler.HttpHandler - 

Request DefaultFullHttpRequest(decodeResult: success, version: HTTP/1.1, content: EmptyByteBufBE)
GET /session/319642172572fdf8090d6c9115dd1193/window HTTP/1.1
User-Agent: selenium/4.4.0 (java windows)
Cache-Control: no-cache
Content-Type: application/json; charset=utf-8
host: localhost:49921
accept: */*

Response DefaultHttpResponse(decodeResult: success, version: HTTP/1.1)
HTTP/1.1 200 OK
Content-Type: application/json; charset=utf-8
cache-control: no-cache
content-length: 44

12:37:09.331 [AsyncHttpClient-1-2] DEBUG org.asynchttpclient.netty.channel.ChannelManager - Adding key: http://localhost:49921 for channel [id: 0x807b5911, L:/127.0.0.1:56618 - R:localhost/127.0.0.1:49921]
12:37:09.342 [Forwarding getAlertText on session 319642172572fdf8090d6c9115dd1193 to remote] DEBUG org.asynchttpclient.netty.request.NettyRequestSender - Using pooled Channel '[id: 0x807b5911, L:/127.0.0.1:56618 - R:localhost/127.0.0.1:49921]' for 'GET' to 'http://localhost:49921/session/319642172572fdf8090d6c9115dd1193/alert/text'
12:37:09.342 [Forwarding getAlertText on session 319642172572fdf8090d6c9115dd1193 to remote] DEBUG org.asynchttpclient.netty.request.NettyRequestSender - Using open Channel [id: 0x807b5911, L:/127.0.0.1:56618 - R:localhost/127.0.0.1:49921] for GET '/session/319642172572fdf8090d6c9115dd1193/alert/text'
12:37:09.347 [AsyncHttpClient-1-2] DEBUG org.asynchttpclient.netty.handler.HttpHandler - 

Request DefaultFullHttpRequest(decodeResult: success, version: HTTP/1.1, content: EmptyByteBufBE)
GET /session/319642172572fdf8090d6c9115dd1193/alert/text HTTP/1.1
User-Agent: selenium/4.4.0 (java windows)
Cache-Control: no-cache
Content-Type: application/json; charset=utf-8
host: localhost:49921
accept: */*

Response DefaultHttpResponse(decodeResult: success, version: HTTP/1.1)
HTTP/1.1 404 Not Found
Content-Type: application/json; charset=utf-8
cache-control: no-cache
content-length: 1045

12:37:09.347 [AsyncHttpClient-1-2] DEBUG org.asynchttpclient.netty.channel.ChannelManager - Adding key: http://localhost:49921 for channel [id: 0x807b5911, L:/127.0.0.1:56618 - R:localhost/127.0.0.1:49921]
12:37:09.361 [Forwarding switchToWindow on session 319642172572fdf8090d6c9115dd1193 to remote] DEBUG org.asynchttpclient.netty.request.NettyRequestSender - Using pooled Channel '[id: 0x807b5911, L:/127.0.0.1:56618 - R:localhost/127.0.0.1:49921]' for 'POST' to 'http://localhost:49921/session/319642172572fdf8090d6c9115dd1193/window'
12:37:09.361 [Forwarding switchToWindow on session 319642172572fdf8090d6c9115dd1193 to remote] DEBUG org.asynchttpclient.netty.request.NettyRequestSender - Using open Channel [id: 0x807b5911, L:/127.0.0.1:56618 - R:localhost/127.0.0.1:49921] for POST '/session/319642172572fdf8090d6c9115dd1193/window'
12:37:09.366 [AsyncHttpClient-1-2] DEBUG org.asynchttpclient.netty.handler.HttpHandler - 

Request DefaultHttpRequest(decodeResult: success, version: HTTP/1.1)
POST /session/319642172572fdf8090d6c9115dd1193/window HTTP/1.1
User-Agent: selenium/4.4.0 (java windows)
Content-Length: 50
Content-Type: application/json; charset=utf-8
host: localhost:49921
accept: */*

Response DefaultHttpResponse(decodeResult: success, version: HTTP/1.1)
HTTP/1.1 200 OK
Content-Type: application/json; charset=utf-8
cache-control: no-cache
content-length: 14

12:37:09.366 [AsyncHttpClient-1-2] DEBUG org.asynchttpclient.netty.channel.ChannelManager - Adding key: http://localhost:49921 for channel [id: 0x807b5911, L:/127.0.0.1:56618 - R:localhost/127.0.0.1:49921]
12:37:09.367 [Forwarding getCurrentUrl on session 319642172572fdf8090d6c9115dd1193 to remote] DEBUG org.asynchttpclient.netty.request.NettyRequestSender - Using pooled Channel '[id: 0x807b5911, L:/127.0.0.1:56618 - R:localhost/127.0.0.1:49921]' for 'GET' to 'http://localhost:49921/session/319642172572fdf8090d6c9115dd1193/url'
12:37:09.367 [Forwarding getCurrentUrl on session 319642172572fdf8090d6c9115dd1193 to remote] DEBUG org.asynchttpclient.netty.request.NettyRequestSender - Using open Channel [id: 0x807b5911, L:/127.0.0.1:56618 - R:localhost/127.0.0.1:49921] for GET '/session/319642172572fdf8090d6c9115dd1193/url'
12:37:09.381 [AsyncHttpClient-1-2] DEBUG org.asynchttpclient.netty.handler.HttpHandler - 

Request DefaultFullHttpRequest(decodeResult: success, version: HTTP/1.1, content: EmptyByteBufBE)
GET /session/319642172572fdf8090d6c9115dd1193/url HTTP/1.1
User-Agent: selenium/4.4.0 (java windows)
Cache-Control: no-cache
Content-Type: application/json; charset=utf-8
host: localhost:49921
accept: */*

Response DefaultHttpResponse(decodeResult: success, version: HTTP/1.1)
HTTP/1.1 200 OK
Content-Type: application/json; charset=utf-8
cache-control: no-cache
content-length: 55

12:37:09.381 [AsyncHttpClient-1-2] DEBUG org.asynchttpclient.netty.channel.ChannelManager - Adding key: http://localhost:49921 for channel [id: 0x807b5911, L:/127.0.0.1:56618 - R:localhost/127.0.0.1:49921]
12:37:09.383 [Forwarding screenshot on session 319642172572fdf8090d6c9115dd1193 to remote] DEBUG org.asynchttpclient.netty.request.NettyRequestSender - Using pooled Channel '[id: 0x807b5911, L:/127.0.0.1:56618 - R:localhost/127.0.0.1:49921]' for 'GET' to 'http://localhost:49921/session/319642172572fdf8090d6c9115dd1193/screenshot'
12:37:09.383 [Forwarding screenshot on session 319642172572fdf8090d6c9115dd1193 to remote] DEBUG org.asynchttpclient.netty.request.NettyRequestSender - Using open Channel [id: 0x807b5911, L:/127.0.0.1:56618 - R:localhost/127.0.0.1:49921] for GET '/session/319642172572fdf8090d6c9115dd1193/screenshot'
12:37:09.594 [AsyncHttpClient-1-2] DEBUG org.asynchttpclient.netty.handler.HttpHandler - 

Request DefaultFullHttpRequest(decodeResult: success, version: HTTP/1.1, content: EmptyByteBufBE)
GET /session/319642172572fdf8090d6c9115dd1193/screenshot HTTP/1.1
User-Agent: selenium/4.4.0 (java windows)
Cache-Control: no-cache
Content-Type: application/json; charset=utf-8
host: localhost:49921
accept: */*

Response DefaultHttpResponse(decodeResult: success, version: HTTP/1.1)
HTTP/1.1 200 OK
Content-Type: application/json; charset=utf-8
cache-control: no-cache
content-length: 583248

12:37:09.597 [AsyncHttpClient-1-2] DEBUG org.asynchttpclient.netty.channel.ChannelManager - Adding key: http://localhost:49921 for channel [id: 0x807b5911, L:/127.0.0.1:56618 - R:localhost/127.0.0.1:49921]
12:37:09.620 [Test worker] DEBUG net.serenitybdd.core.photography.Darkroom - Send negative for processing for C:\Users\pcnit\Downloads\TestE2E\target\site\serenity\98eb2c36d55af1f5447ec12f72d4de5ca537f38a0cad524bd3d000ee9ebc5909.png
12:37:09.620 [Darkroom Processing Line] DEBUG net.serenitybdd.core.photography.DarkroomProcessingLine - Processing screenshot image in /var/screenshots/screenshot-1616322461710738060
12:37:09.620 [Darkroom Processing Line] DEBUG net.serenitybdd.core.photography.DarkroomProcessingLine - Saving screenshot to C:\Users\pcnit\Downloads\TestE2E\target\site\serenity\98eb2c36d55af1f5447ec12f72d4de5ca537f38a0cad524bd3d000ee9ebc5909.png
12:37:09.635 [Forwarding getPageSource on session 319642172572fdf8090d6c9115dd1193 to remote] DEBUG org.asynchttpclient.netty.request.NettyRequestSender - Using pooled Channel '[id: 0x807b5911, L:/127.0.0.1:56618 - R:localhost/127.0.0.1:49921]' for 'POST' to 'http://localhost:49921/session/319642172572fdf8090d6c9115dd1193/execute/sync'
12:37:09.635 [Forwarding getPageSource on session 319642172572fdf8090d6c9115dd1193 to remote] DEBUG org.asynchttpclient.netty.request.NettyRequestSender - Using open Channel [id: 0x807b5911, L:/127.0.0.1:56618 - R:localhost/127.0.0.1:49921] for POST '/session/319642172572fdf8090d6c9115dd1193/execute/sync'
12:37:09.642 [AsyncHttpClient-1-2] DEBUG org.asynchttpclient.netty.handler.HttpHandler - 

Request DefaultHttpRequest(decodeResult: success, version: HTTP/1.1)
POST /session/319642172572fdf8090d6c9115dd1193/execute/sync HTTP/1.1
User-Agent: selenium/4.4.0 (java windows)
Content-Length: 176
Content-Type: application/json; charset=utf-8
host: localhost:49921
accept: */*

Response DefaultHttpResponse(decodeResult: success, version: HTTP/1.1)
HTTP/1.1 500 Internal Server Error
Content-Type: application/json; charset=utf-8
cache-control: no-cache
content-length: 1009

12:37:09.642 [AsyncHttpClient-1-2] DEBUG org.asynchttpclient.netty.channel.ChannelManager - Adding key: http://localhost:49921 for channel [id: 0x807b5911, L:/127.0.0.1:56618 - R:localhost/127.0.0.1:49921]
12:37:09.646 [Forwarding getCurrentUrl on session 319642172572fdf8090d6c9115dd1193 to remote] DEBUG org.asynchttpclient.netty.request.NettyRequestSender - Using pooled Channel '[id: 0x807b5911, L:/127.0.0.1:56618 - R:localhost/127.0.0.1:49921]' for 'GET' to 'http://localhost:49921/session/319642172572fdf8090d6c9115dd1193/url'
12:37:09.646 [Forwarding getCurrentUrl on session 319642172572fdf8090d6c9115dd1193 to remote] DEBUG org.asynchttpclient.netty.request.NettyRequestSender - Using open Channel [id: 0x807b5911, L:/127.0.0.1:56618 - R:localhost/127.0.0.1:49921] for GET '/session/319642172572fdf8090d6c9115dd1193/url'
12:37:09.659 [AsyncHttpClient-1-2] DEBUG org.asynchttpclient.netty.handler.HttpHandler - 

Request DefaultFullHttpRequest(decodeResult: success, version: HTTP/1.1, content: EmptyByteBufBE)
GET /session/319642172572fdf8090d6c9115dd1193/url HTTP/1.1
User-Agent: selenium/4.4.0 (java windows)
Cache-Control: no-cache
Content-Type: application/json; charset=utf-8
host: localhost:49921
accept: */*

Response DefaultHttpResponse(decodeResult: success, version: HTTP/1.1)
HTTP/1.1 200 OK
Content-Type: application/json; charset=utf-8
cache-control: no-cache
content-length: 55

12:37:09.659 [AsyncHttpClient-1-2] DEBUG org.asynchttpclient.netty.channel.ChannelManager - Adding key: http://localhost:49921 for channel [id: 0x807b5911, L:/127.0.0.1:56618 - R:localhost/127.0.0.1:49921]
12:37:09.712 [Forwarding getCurrentWindowHandle on session 319642172572fdf8090d6c9115dd1193 to remote] DEBUG org.asynchttpclient.netty.request.NettyRequestSender - Using pooled Channel '[id: 0x807b5911, L:/127.0.0.1:56618 - R:localhost/127.0.0.1:49921]' for 'GET' to 'http://localhost:49921/session/319642172572fdf8090d6c9115dd1193/window'
12:37:09.713 [Forwarding getCurrentWindowHandle on session 319642172572fdf8090d6c9115dd1193 to remote] DEBUG org.asynchttpclient.netty.request.NettyRequestSender - Using open Channel [id: 0x807b5911, L:/127.0.0.1:56618 - R:localhost/127.0.0.1:49921] for GET '/session/319642172572fdf8090d6c9115dd1193/window'
12:37:09.719 [AsyncHttpClient-1-2] DEBUG org.asynchttpclient.netty.handler.HttpHandler - 

Request DefaultFullHttpRequest(decodeResult: success, version: HTTP/1.1, content: EmptyByteBufBE)
GET /session/319642172572fdf8090d6c9115dd1193/window HTTP/1.1
User-Agent: selenium/4.4.0 (java windows)
Cache-Control: no-cache
Content-Type: application/json; charset=utf-8
host: localhost:49921
accept: */*

Response DefaultHttpResponse(decodeResult: success, version: HTTP/1.1)
HTTP/1.1 200 OK
Content-Type: application/json; charset=utf-8
cache-control: no-cache
content-length: 44

12:37:09.720 [AsyncHttpClient-1-2] DEBUG org.asynchttpclient.netty.channel.ChannelManager - Adding key: http://localhost:49921 for channel [id: 0x807b5911, L:/127.0.0.1:56618 - R:localhost/127.0.0.1:49921]
12:37:09.732 [Forwarding getAlertText on session 319642172572fdf8090d6c9115dd1193 to remote] DEBUG org.asynchttpclient.netty.request.NettyRequestSender - Using pooled Channel '[id: 0x807b5911, L:/127.0.0.1:56618 - R:localhost/127.0.0.1:49921]' for 'GET' to 'http://localhost:49921/session/319642172572fdf8090d6c9115dd1193/alert/text'
12:37:09.732 [Forwarding getAlertText on session 319642172572fdf8090d6c9115dd1193 to remote] DEBUG org.asynchttpclient.netty.request.NettyRequestSender - Using open Channel [id: 0x807b5911, L:/127.0.0.1:56618 - R:localhost/127.0.0.1:49921] for GET '/session/319642172572fdf8090d6c9115dd1193/alert/text'
12:37:09.740 [AsyncHttpClient-1-2] DEBUG org.asynchttpclient.netty.handler.HttpHandler - 

Request DefaultFullHttpRequest(decodeResult: success, version: HTTP/1.1, content: EmptyByteBufBE)
GET /session/319642172572fdf8090d6c9115dd1193/alert/text HTTP/1.1
User-Agent: selenium/4.4.0 (java windows)
Cache-Control: no-cache
Content-Type: application/json; charset=utf-8
host: localhost:49921
accept: */*

Response DefaultHttpResponse(decodeResult: success, version: HTTP/1.1)
HTTP/1.1 404 Not Found
Content-Type: application/json; charset=utf-8
cache-control: no-cache
content-length: 1045

12:37:09.742 [AsyncHttpClient-1-2] DEBUG org.asynchttpclient.netty.channel.ChannelManager - Adding key: http://localhost:49921 for channel [id: 0x807b5911, L:/127.0.0.1:56618 - R:localhost/127.0.0.1:49921]
12:37:09.758 [Forwarding switchToWindow on session 319642172572fdf8090d6c9115dd1193 to remote] DEBUG org.asynchttpclient.netty.request.NettyRequestSender - Using pooled Channel '[id: 0x807b5911, L:/127.0.0.1:56618 - R:localhost/127.0.0.1:49921]' for 'POST' to 'http://localhost:49921/session/319642172572fdf8090d6c9115dd1193/window'
12:37:09.758 [Forwarding switchToWindow on session 319642172572fdf8090d6c9115dd1193 to remote] DEBUG org.asynchttpclient.netty.request.NettyRequestSender - Using open Channel [id: 0x807b5911, L:/127.0.0.1:56618 - R:localhost/127.0.0.1:49921] for POST '/session/319642172572fdf8090d6c9115dd1193/window'
12:37:09.762 [AsyncHttpClient-1-2] DEBUG org.asynchttpclient.netty.handler.HttpHandler - 

Request DefaultHttpRequest(decodeResult: success, version: HTTP/1.1)
POST /session/319642172572fdf8090d6c9115dd1193/window HTTP/1.1
User-Agent: selenium/4.4.0 (java windows)
Content-Length: 50
Content-Type: application/json; charset=utf-8
host: localhost:49921
accept: */*

Response DefaultHttpResponse(decodeResult: success, version: HTTP/1.1)
HTTP/1.1 200 OK
Content-Type: application/json; charset=utf-8
cache-control: no-cache
content-length: 14

12:37:09.762 [AsyncHttpClient-1-2] DEBUG org.asynchttpclient.netty.channel.ChannelManager - Adding key: http://localhost:49921 for channel [id: 0x807b5911, L:/127.0.0.1:56618 - R:localhost/127.0.0.1:49921]
12:37:09.763 [Forwarding getCurrentUrl on session 319642172572fdf8090d6c9115dd1193 to remote] DEBUG org.asynchttpclient.netty.request.NettyRequestSender - Using pooled Channel '[id: 0x807b5911, L:/127.0.0.1:56618 - R:localhost/127.0.0.1:49921]' for 'GET' to 'http://localhost:49921/session/319642172572fdf8090d6c9115dd1193/url'
12:37:09.764 [Forwarding getCurrentUrl on session 319642172572fdf8090d6c9115dd1193 to remote] DEBUG org.asynchttpclient.netty.request.NettyRequestSender - Using open Channel [id: 0x807b5911, L:/127.0.0.1:56618 - R:localhost/127.0.0.1:49921] for GET '/session/319642172572fdf8090d6c9115dd1193/url'
12:37:09.776 [AsyncHttpClient-1-2] DEBUG org.asynchttpclient.netty.handler.HttpHandler - 

Request DefaultFullHttpRequest(decodeResult: success, version: HTTP/1.1, content: EmptyByteBufBE)
GET /session/319642172572fdf8090d6c9115dd1193/url HTTP/1.1
User-Agent: selenium/4.4.0 (java windows)
Cache-Control: no-cache
Content-Type: application/json; charset=utf-8
host: localhost:49921
accept: */*

Response DefaultHttpResponse(decodeResult: success, version: HTTP/1.1)
HTTP/1.1 200 OK
Content-Type: application/json; charset=utf-8
cache-control: no-cache
content-length: 55

12:37:09.777 [AsyncHttpClient-1-2] DEBUG org.asynchttpclient.netty.channel.ChannelManager - Adding key: http://localhost:49921 for channel [id: 0x807b5911, L:/127.0.0.1:56618 - R:localhost/127.0.0.1:49921]
12:37:09.779 [Forwarding screenshot on session 319642172572fdf8090d6c9115dd1193 to remote] DEBUG org.asynchttpclient.netty.request.NettyRequestSender - Using pooled Channel '[id: 0x807b5911, L:/127.0.0.1:56618 - R:localhost/127.0.0.1:49921]' for 'GET' to 'http://localhost:49921/session/319642172572fdf8090d6c9115dd1193/screenshot'
12:37:09.779 [Forwarding screenshot on session 319642172572fdf8090d6c9115dd1193 to remote] DEBUG org.asynchttpclient.netty.request.NettyRequestSender - Using open Channel [id: 0x807b5911, L:/127.0.0.1:56618 - R:localhost/127.0.0.1:49921] for GET '/session/319642172572fdf8090d6c9115dd1193/screenshot'
12:37:09.990 [AsyncHttpClient-1-2] DEBUG org.asynchttpclient.netty.handler.HttpHandler - 

Request DefaultFullHttpRequest(decodeResult: success, version: HTTP/1.1, content: EmptyByteBufBE)
GET /session/319642172572fdf8090d6c9115dd1193/screenshot HTTP/1.1
User-Agent: selenium/4.4.0 (java windows)
Cache-Control: no-cache
Content-Type: application/json; charset=utf-8
host: localhost:49921
accept: */*

Response DefaultHttpResponse(decodeResult: success, version: HTTP/1.1)
HTTP/1.1 200 OK
Content-Type: application/json; charset=utf-8
cache-control: no-cache
content-length: 583252

12:37:09.994 [AsyncHttpClient-1-2] DEBUG org.asynchttpclient.netty.channel.ChannelManager - Adding key: http://localhost:49921 for channel [id: 0x807b5911, L:/127.0.0.1:56618 - R:localhost/127.0.0.1:49921]
12:37:10.016 [Test worker] DEBUG net.serenitybdd.core.photography.Darkroom - Send negative for processing for C:\Users\pcnit\Downloads\TestE2E\target\site\serenity\76dbfbd18da4fcec5e58cdcccd7bf67bdab4ca4f2146e7f0db671011f2020173.png
12:37:10.018 [Test worker] DEBUG net.thucydides.core.steps.StepInterceptor - STEP DONE: {0} clicks on #target
12:37:10.030 [Test worker] DEBUG net.serenitybdd.screenplay.targets.IFrameSwitcher - default content already selected for REGRESO AL HOME
12:37:10.042 [Forwarding getCurrentUrl on session 319642172572fdf8090d6c9115dd1193 to remote] DEBUG org.asynchttpclient.netty.request.NettyRequestSender - Using pooled Channel '[id: 0x807b5911, L:/127.0.0.1:56618 - R:localhost/127.0.0.1:49921]' for 'GET' to 'http://localhost:49921/session/319642172572fdf8090d6c9115dd1193/url'
12:37:10.042 [Forwarding getCurrentUrl on session 319642172572fdf8090d6c9115dd1193 to remote] DEBUG org.asynchttpclient.netty.request.NettyRequestSender - Using open Channel [id: 0x807b5911, L:/127.0.0.1:56618 - R:localhost/127.0.0.1:49921] for GET '/session/319642172572fdf8090d6c9115dd1193/url'
12:37:10.052 [AsyncHttpClient-1-2] DEBUG org.asynchttpclient.netty.handler.HttpHandler - 

Request DefaultFullHttpRequest(decodeResult: success, version: HTTP/1.1, content: EmptyByteBufBE)
GET /session/319642172572fdf8090d6c9115dd1193/url HTTP/1.1
User-Agent: selenium/4.4.0 (java windows)
Cache-Control: no-cache
Content-Type: application/json; charset=utf-8
host: localhost:49921
accept: */*

Response DefaultHttpResponse(decodeResult: success, version: HTTP/1.1)
HTTP/1.1 200 OK
Content-Type: application/json; charset=utf-8
cache-control: no-cache
content-length: 55

12:37:10.053 [AsyncHttpClient-1-2] DEBUG org.asynchttpclient.netty.channel.ChannelManager - Adding key: http://localhost:49921 for channel [id: 0x807b5911, L:/127.0.0.1:56618 - R:localhost/127.0.0.1:49921]
12:37:10.070 [Forwarding findElement on session 319642172572fdf8090d6c9115dd1193 to remote] DEBUG org.asynchttpclient.netty.request.NettyRequestSender - Using pooled Channel '[id: 0x807b5911, L:/127.0.0.1:56618 - R:localhost/127.0.0.1:49921]' for 'POST' to 'http://localhost:49921/session/319642172572fdf8090d6c9115dd1193/element'
12:37:10.071 [Forwarding findElement on session 319642172572fdf8090d6c9115dd1193 to remote] DEBUG org.asynchttpclient.netty.request.NettyRequestSender - Using open Channel [id: 0x807b5911, L:/127.0.0.1:56618 - R:localhost/127.0.0.1:49921] for POST '/session/319642172572fdf8090d6c9115dd1193/element'
12:37:10.093 [AsyncHttpClient-1-2] DEBUG org.asynchttpclient.netty.handler.HttpHandler - 

Request DefaultHttpRequest(decodeResult: success, version: HTTP/1.1)
POST /session/319642172572fdf8090d6c9115dd1193/element HTTP/1.1
User-Agent: selenium/4.4.0 (java windows)
Content-Length: 110
Content-Type: application/json; charset=utf-8
host: localhost:49921
accept: */*

Response DefaultHttpResponse(decodeResult: success, version: HTTP/1.1)
HTTP/1.1 200 OK
Content-Type: application/json; charset=utf-8
cache-control: no-cache
content-length: 127

12:37:10.094 [AsyncHttpClient-1-2] DEBUG org.asynchttpclient.netty.channel.ChannelManager - Adding key: http://localhost:49921 for channel [id: 0x807b5911, L:/127.0.0.1:56618 - R:localhost/127.0.0.1:49921]
12:37:10.110 [Forwarding executeScript on session 319642172572fdf8090d6c9115dd1193 to remote] DEBUG org.asynchttpclient.netty.request.NettyRequestSender - Using pooled Channel '[id: 0x807b5911, L:/127.0.0.1:56618 - R:localhost/127.0.0.1:49921]' for 'POST' to 'http://localhost:49921/session/319642172572fdf8090d6c9115dd1193/execute/sync'
12:37:10.110 [Forwarding executeScript on session 319642172572fdf8090d6c9115dd1193 to remote] DEBUG org.asynchttpclient.netty.request.NettyRequestSender - Using open Channel [id: 0x807b5911, L:/127.0.0.1:56618 - R:localhost/127.0.0.1:49921] for POST '/session/319642172572fdf8090d6c9115dd1193/execute/sync'
12:37:10.123 [AsyncHttpClient-1-2] DEBUG org.asynchttpclient.netty.handler.HttpHandler - 

Request DefaultHttpRequest(decodeResult: success, version: HTTP/1.1)
POST /session/319642172572fdf8090d6c9115dd1193/execute/sync HTTP/1.1
User-Agent: selenium/4.4.0 (java windows)
Content-Length: 318
Content-Type: application/json; charset=utf-8
host: localhost:49921
accept: */*

Response DefaultHttpResponse(decodeResult: success, version: HTTP/1.1)
HTTP/1.1 200 OK
Content-Type: application/json; charset=utf-8
cache-control: no-cache
content-length: 14

12:37:10.124 [AsyncHttpClient-1-2] DEBUG org.asynchttpclient.netty.channel.ChannelManager - Adding key: http://localhost:49921 for channel [id: 0x807b5911, L:/127.0.0.1:56618 - R:localhost/127.0.0.1:49921]
12:37:10.161 [Test worker] DEBUG net.serenitybdd.screenplay.targets.IFrameSwitcher - default content already selected for REGRESO AL HOME
12:37:10.170 [Forwarding findElements on session 319642172572fdf8090d6c9115dd1193 to remote] DEBUG org.asynchttpclient.netty.request.NettyRequestSender - Using pooled Channel '[id: 0x807b5911, L:/127.0.0.1:56618 - R:localhost/127.0.0.1:49921]' for 'POST' to 'http://localhost:49921/session/319642172572fdf8090d6c9115dd1193/elements'
12:37:10.170 [Forwarding findElements on session 319642172572fdf8090d6c9115dd1193 to remote] DEBUG org.asynchttpclient.netty.request.NettyRequestSender - Using open Channel [id: 0x807b5911, L:/127.0.0.1:56618 - R:localhost/127.0.0.1:49921] for POST '/session/319642172572fdf8090d6c9115dd1193/elements'
12:37:10.187 [AsyncHttpClient-1-2] DEBUG org.asynchttpclient.netty.handler.HttpHandler - 

Request DefaultHttpRequest(decodeResult: success, version: HTTP/1.1)
POST /session/319642172572fdf8090d6c9115dd1193/elements HTTP/1.1
User-Agent: selenium/4.4.0 (java windows)
Content-Length: 110
Content-Type: application/json; charset=utf-8
host: localhost:49921
accept: */*

Response DefaultHttpResponse(decodeResult: success, version: HTTP/1.1)
HTTP/1.1 200 OK
Content-Type: application/json; charset=utf-8
cache-control: no-cache
content-length: 129

12:37:10.188 [AsyncHttpClient-1-2] DEBUG org.asynchttpclient.netty.channel.ChannelManager - Adding key: http://localhost:49921 for channel [id: 0x807b5911, L:/127.0.0.1:56618 - R:localhost/127.0.0.1:49921]
12:37:10.215 [Forwarding isElementEnabled on session 319642172572fdf8090d6c9115dd1193 to remote] DEBUG org.asynchttpclient.netty.request.NettyRequestSender - Using pooled Channel '[id: 0x807b5911, L:/127.0.0.1:56618 - R:localhost/127.0.0.1:49921]' for 'GET' to 'http://localhost:49921/session/319642172572fdf8090d6c9115dd1193/element/f.77D77E48C717A5F8144E3521F6891EC1.d.8BD62FCC4E88F9744441D63C0528F046.e.241/enabled'
12:37:10.215 [Forwarding isElementEnabled on session 319642172572fdf8090d6c9115dd1193 to remote] DEBUG org.asynchttpclient.netty.request.NettyRequestSender - Using open Channel [id: 0x807b5911, L:/127.0.0.1:56618 - R:localhost/127.0.0.1:49921] for GET '/session/319642172572fdf8090d6c9115dd1193/element/f.77D77E48C717A5F8144E3521F6891EC1.d.8BD62FCC4E88F9744441D63C0528F046.e.241/enabled'
12:37:10.238 [AsyncHttpClient-1-2] DEBUG org.asynchttpclient.netty.handler.HttpHandler - 

Request DefaultFullHttpRequest(decodeResult: success, version: HTTP/1.1, content: EmptyByteBufBE)
GET /session/319642172572fdf8090d6c9115dd1193/element/f.77D77E48C717A5F8144E3521F6891EC1.d.8BD62FCC4E88F9744441D63C0528F046.e.241/enabled HTTP/1.1
User-Agent: selenium/4.4.0 (java windows)
Cache-Control: no-cache
Content-Type: application/json; charset=utf-8
host: localhost:49921
accept: */*

Response DefaultHttpResponse(decodeResult: success, version: HTTP/1.1)
HTTP/1.1 200 OK
Content-Type: application/json; charset=utf-8
cache-control: no-cache
content-length: 14

12:37:10.238 [AsyncHttpClient-1-2] DEBUG org.asynchttpclient.netty.channel.ChannelManager - Adding key: http://localhost:49921 for channel [id: 0x807b5911, L:/127.0.0.1:56618 - R:localhost/127.0.0.1:49921]
12:37:10.251 [Forwarding isElementEnabled on session 319642172572fdf8090d6c9115dd1193 to remote] DEBUG org.asynchttpclient.netty.request.NettyRequestSender - Using pooled Channel '[id: 0x807b5911, L:/127.0.0.1:56618 - R:localhost/127.0.0.1:49921]' for 'GET' to 'http://localhost:49921/session/319642172572fdf8090d6c9115dd1193/element/f.77D77E48C717A5F8144E3521F6891EC1.d.8BD62FCC4E88F9744441D63C0528F046.e.241/enabled'
12:37:10.251 [Forwarding isElementEnabled on session 319642172572fdf8090d6c9115dd1193 to remote] DEBUG org.asynchttpclient.netty.request.NettyRequestSender - Using open Channel [id: 0x807b5911, L:/127.0.0.1:56618 - R:localhost/127.0.0.1:49921] for GET '/session/319642172572fdf8090d6c9115dd1193/element/f.77D77E48C717A5F8144E3521F6891EC1.d.8BD62FCC4E88F9744441D63C0528F046.e.241/enabled'
12:37:10.286 [AsyncHttpClient-1-2] DEBUG org.asynchttpclient.netty.handler.HttpHandler - 

Request DefaultFullHttpRequest(decodeResult: success, version: HTTP/1.1, content: EmptyByteBufBE)
GET /session/319642172572fdf8090d6c9115dd1193/element/f.77D77E48C717A5F8144E3521F6891EC1.d.8BD62FCC4E88F9744441D63C0528F046.e.241/enabled HTTP/1.1
User-Agent: selenium/4.4.0 (java windows)
Cache-Control: no-cache
Content-Type: application/json; charset=utf-8
host: localhost:49921
accept: */*

Response DefaultHttpResponse(decodeResult: success, version: HTTP/1.1)
HTTP/1.1 200 OK
Content-Type: application/json; charset=utf-8
cache-control: no-cache
content-length: 14

12:37:10.287 [AsyncHttpClient-1-2] DEBUG org.asynchttpclient.netty.channel.ChannelManager - Adding key: http://localhost:49921 for channel [id: 0x807b5911, L:/127.0.0.1:56618 - R:localhost/127.0.0.1:49921]
12:37:10.289 [AsyncHttpClient-1-1] DEBUG org.asynchttpclient.netty.channel.DefaultChannelPool - Entry count for : http://localhost:56619 : 1
12:37:10.289 [AsyncHttpClient-1-1] DEBUG org.asynchttpclient.netty.channel.DefaultChannelPool - Entry count for : http://localhost:49921 : 1
12:37:10.335 [Forwarding getCurrentWindowHandle on session 319642172572fdf8090d6c9115dd1193 to remote] DEBUG org.asynchttpclient.netty.request.NettyRequestSender - Using pooled Channel '[id: 0x807b5911, L:/127.0.0.1:56618 - R:localhost/127.0.0.1:49921]' for 'GET' to 'http://localhost:49921/session/319642172572fdf8090d6c9115dd1193/window'
12:37:10.335 [Forwarding getCurrentWindowHandle on session 319642172572fdf8090d6c9115dd1193 to remote] DEBUG org.asynchttpclient.netty.request.NettyRequestSender - Using open Channel [id: 0x807b5911, L:/127.0.0.1:56618 - R:localhost/127.0.0.1:49921] for GET '/session/319642172572fdf8090d6c9115dd1193/window'
12:37:10.340 [AsyncHttpClient-1-2] DEBUG org.asynchttpclient.netty.handler.HttpHandler - 

Request DefaultFullHttpRequest(decodeResult: success, version: HTTP/1.1, content: EmptyByteBufBE)
GET /session/319642172572fdf8090d6c9115dd1193/window HTTP/1.1
User-Agent: selenium/4.4.0 (java windows)
Cache-Control: no-cache
Content-Type: application/json; charset=utf-8
host: localhost:49921
accept: */*

Response DefaultHttpResponse(decodeResult: success, version: HTTP/1.1)
HTTP/1.1 200 OK
Content-Type: application/json; charset=utf-8
cache-control: no-cache
content-length: 44

12:37:10.341 [AsyncHttpClient-1-2] DEBUG org.asynchttpclient.netty.channel.ChannelManager - Adding key: http://localhost:49921 for channel [id: 0x807b5911, L:/127.0.0.1:56618 - R:localhost/127.0.0.1:49921]
12:37:10.353 [Forwarding getAlertText on session 319642172572fdf8090d6c9115dd1193 to remote] DEBUG org.asynchttpclient.netty.request.NettyRequestSender - Using pooled Channel '[id: 0x807b5911, L:/127.0.0.1:56618 - R:localhost/127.0.0.1:49921]' for 'GET' to 'http://localhost:49921/session/319642172572fdf8090d6c9115dd1193/alert/text'
12:37:10.353 [Forwarding getAlertText on session 319642172572fdf8090d6c9115dd1193 to remote] DEBUG org.asynchttpclient.netty.request.NettyRequestSender - Using open Channel [id: 0x807b5911, L:/127.0.0.1:56618 - R:localhost/127.0.0.1:49921] for GET '/session/319642172572fdf8090d6c9115dd1193/alert/text'
12:37:10.361 [AsyncHttpClient-1-2] DEBUG org.asynchttpclient.netty.handler.HttpHandler - 

Request DefaultFullHttpRequest(decodeResult: success, version: HTTP/1.1, content: EmptyByteBufBE)
GET /session/319642172572fdf8090d6c9115dd1193/alert/text HTTP/1.1
User-Agent: selenium/4.4.0 (java windows)
Cache-Control: no-cache
Content-Type: application/json; charset=utf-8
host: localhost:49921
accept: */*

Response DefaultHttpResponse(decodeResult: success, version: HTTP/1.1)
HTTP/1.1 404 Not Found
Content-Type: application/json; charset=utf-8
cache-control: no-cache
content-length: 1045

12:37:10.362 [AsyncHttpClient-1-2] DEBUG org.asynchttpclient.netty.channel.ChannelManager - Adding key: http://localhost:49921 for channel [id: 0x807b5911, L:/127.0.0.1:56618 - R:localhost/127.0.0.1:49921]
12:37:10.375 [Forwarding switchToWindow on session 319642172572fdf8090d6c9115dd1193 to remote] DEBUG org.asynchttpclient.netty.request.NettyRequestSender - Using pooled Channel '[id: 0x807b5911, L:/127.0.0.1:56618 - R:localhost/127.0.0.1:49921]' for 'POST' to 'http://localhost:49921/session/319642172572fdf8090d6c9115dd1193/window'
12:37:10.375 [Forwarding switchToWindow on session 319642172572fdf8090d6c9115dd1193 to remote] DEBUG org.asynchttpclient.netty.request.NettyRequestSender - Using open Channel [id: 0x807b5911, L:/127.0.0.1:56618 - R:localhost/127.0.0.1:49921] for POST '/session/319642172572fdf8090d6c9115dd1193/window'
12:37:10.380 [AsyncHttpClient-1-2] DEBUG org.asynchttpclient.netty.handler.HttpHandler - 

Request DefaultHttpRequest(decodeResult: success, version: HTTP/1.1)
POST /session/319642172572fdf8090d6c9115dd1193/window HTTP/1.1
User-Agent: selenium/4.4.0 (java windows)
Content-Length: 50
Content-Type: application/json; charset=utf-8
host: localhost:49921
accept: */*

Response DefaultHttpResponse(decodeResult: success, version: HTTP/1.1)
HTTP/1.1 200 OK
Content-Type: application/json; charset=utf-8
cache-control: no-cache
content-length: 14

12:37:10.380 [AsyncHttpClient-1-2] DEBUG org.asynchttpclient.netty.channel.ChannelManager - Adding key: http://localhost:49921 for channel [id: 0x807b5911, L:/127.0.0.1:56618 - R:localhost/127.0.0.1:49921]
12:37:10.383 [Forwarding getCurrentUrl on session 319642172572fdf8090d6c9115dd1193 to remote] DEBUG org.asynchttpclient.netty.request.NettyRequestSender - Using pooled Channel '[id: 0x807b5911, L:/127.0.0.1:56618 - R:localhost/127.0.0.1:49921]' for 'GET' to 'http://localhost:49921/session/319642172572fdf8090d6c9115dd1193/url'
12:37:10.383 [Forwarding getCurrentUrl on session 319642172572fdf8090d6c9115dd1193 to remote] DEBUG org.asynchttpclient.netty.request.NettyRequestSender - Using open Channel [id: 0x807b5911, L:/127.0.0.1:56618 - R:localhost/127.0.0.1:49921] for GET '/session/319642172572fdf8090d6c9115dd1193/url'
12:37:10.395 [AsyncHttpClient-1-2] DEBUG org.asynchttpclient.netty.handler.HttpHandler - 

Request DefaultFullHttpRequest(decodeResult: success, version: HTTP/1.1, content: EmptyByteBufBE)
GET /session/319642172572fdf8090d6c9115dd1193/url HTTP/1.1
User-Agent: selenium/4.4.0 (java windows)
Cache-Control: no-cache
Content-Type: application/json; charset=utf-8
host: localhost:49921
accept: */*

Response DefaultHttpResponse(decodeResult: success, version: HTTP/1.1)
HTTP/1.1 200 OK
Content-Type: application/json; charset=utf-8
cache-control: no-cache
content-length: 55

12:37:10.397 [AsyncHttpClient-1-2] DEBUG org.asynchttpclient.netty.channel.ChannelManager - Adding key: http://localhost:49921 for channel [id: 0x807b5911, L:/127.0.0.1:56618 - R:localhost/127.0.0.1:49921]
12:37:10.397 [Forwarding screenshot on session 319642172572fdf8090d6c9115dd1193 to remote] DEBUG org.asynchttpclient.netty.request.NettyRequestSender - Using pooled Channel '[id: 0x807b5911, L:/127.0.0.1:56618 - R:localhost/127.0.0.1:49921]' for 'GET' to 'http://localhost:49921/session/319642172572fdf8090d6c9115dd1193/screenshot'
12:37:10.398 [Forwarding screenshot on session 319642172572fdf8090d6c9115dd1193 to remote] DEBUG org.asynchttpclient.netty.request.NettyRequestSender - Using open Channel [id: 0x807b5911, L:/127.0.0.1:56618 - R:localhost/127.0.0.1:49921] for GET '/session/319642172572fdf8090d6c9115dd1193/screenshot'
12:37:10.584 [AsyncHttpClient-1-2] DEBUG org.asynchttpclient.netty.handler.HttpHandler - 

Request DefaultFullHttpRequest(decodeResult: success, version: HTTP/1.1, content: EmptyByteBufBE)
GET /session/319642172572fdf8090d6c9115dd1193/screenshot HTTP/1.1
User-Agent: selenium/4.4.0 (java windows)
Cache-Control: no-cache
Content-Type: application/json; charset=utf-8
host: localhost:49921
accept: */*

Response DefaultHttpResponse(decodeResult: success, version: HTTP/1.1)
HTTP/1.1 200 OK
Content-Type: application/json; charset=utf-8
cache-control: no-cache
content-length: 583304

12:37:10.601 [AsyncHttpClient-1-2] DEBUG org.asynchttpclient.netty.channel.ChannelManager - Adding key: http://localhost:49921 for channel [id: 0x807b5911, L:/127.0.0.1:56618 - R:localhost/127.0.0.1:49921]
12:37:10.619 [Test worker] DEBUG net.serenitybdd.core.photography.Darkroom - Send negative for processing for C:\Users\pcnit\Downloads\TestE2E\target\site\serenity\895102df21ad664f6c1a49f0a46bee4568bf457ef92b63210ac25408a33343d0.png
12:37:10.629 [Forwarding getPageSource on session 319642172572fdf8090d6c9115dd1193 to remote] DEBUG org.asynchttpclient.netty.request.NettyRequestSender - Using pooled Channel '[id: 0x807b5911, L:/127.0.0.1:56618 - R:localhost/127.0.0.1:49921]' for 'POST' to 'http://localhost:49921/session/319642172572fdf8090d6c9115dd1193/execute/sync'
12:37:10.629 [Forwarding getPageSource on session 319642172572fdf8090d6c9115dd1193 to remote] DEBUG org.asynchttpclient.netty.request.NettyRequestSender - Using open Channel [id: 0x807b5911, L:/127.0.0.1:56618 - R:localhost/127.0.0.1:49921] for POST '/session/319642172572fdf8090d6c9115dd1193/execute/sync'
12:37:10.641 [AsyncHttpClient-1-2] DEBUG org.asynchttpclient.netty.handler.HttpHandler - 

Request DefaultHttpRequest(decodeResult: success, version: HTTP/1.1)
POST /session/319642172572fdf8090d6c9115dd1193/execute/sync HTTP/1.1
User-Agent: selenium/4.4.0 (java windows)
Content-Length: 176
Content-Type: application/json; charset=utf-8
host: localhost:49921
accept: */*

Response DefaultHttpResponse(decodeResult: success, version: HTTP/1.1)
HTTP/1.1 200 OK
Content-Type: application/json; charset=utf-8
cache-control: no-cache
content-length: 54496

12:37:10.642 [AsyncHttpClient-1-2] DEBUG org.asynchttpclient.netty.channel.ChannelManager - Adding key: http://localhost:49921 for channel [id: 0x807b5911, L:/127.0.0.1:56618 - R:localhost/127.0.0.1:49921]
12:37:10.648 [Forwarding getCurrentUrl on session 319642172572fdf8090d6c9115dd1193 to remote] DEBUG org.asynchttpclient.netty.request.NettyRequestSender - Using pooled Channel '[id: 0x807b5911, L:/127.0.0.1:56618 - R:localhost/127.0.0.1:49921]' for 'GET' to 'http://localhost:49921/session/319642172572fdf8090d6c9115dd1193/url'
12:37:10.649 [Forwarding getCurrentUrl on session 319642172572fdf8090d6c9115dd1193 to remote] DEBUG org.asynchttpclient.netty.request.NettyRequestSender - Using open Channel [id: 0x807b5911, L:/127.0.0.1:56618 - R:localhost/127.0.0.1:49921] for GET '/session/319642172572fdf8090d6c9115dd1193/url'
12:37:10.659 [AsyncHttpClient-1-2] DEBUG org.asynchttpclient.netty.handler.HttpHandler - 

Request DefaultFullHttpRequest(decodeResult: success, version: HTTP/1.1, content: EmptyByteBufBE)
GET /session/319642172572fdf8090d6c9115dd1193/url HTTP/1.1
User-Agent: selenium/4.4.0 (java windows)
Cache-Control: no-cache
Content-Type: application/json; charset=utf-8
host: localhost:49921
accept: */*

Response DefaultHttpResponse(decodeResult: success, version: HTTP/1.1)
HTTP/1.1 200 OK
Content-Type: application/json; charset=utf-8
cache-control: no-cache
content-length: 55

12:37:10.660 [AsyncHttpClient-1-2] DEBUG org.asynchttpclient.netty.channel.ChannelManager - Adding key: http://localhost:49921 for channel [id: 0x807b5911, L:/127.0.0.1:56618 - R:localhost/127.0.0.1:49921]
12:37:10.666 [Test worker] DEBUG net.thucydides.core.steps.StepInterceptor - STARTING STEP: Product.performAs - {0} clicks on #target
12:37:10.667 [Test worker] DEBUG net.serenitybdd.screenplay.targets.IFrameSwitcher - default content already selected for REGRESO AL HOME
12:37:10.731 [Forwarding findElement on session 319642172572fdf8090d6c9115dd1193 to remote] DEBUG org.asynchttpclient.netty.request.NettyRequestSender - Using pooled Channel '[id: 0x807b5911, L:/127.0.0.1:56618 - R:localhost/127.0.0.1:49921]' for 'POST' to 'http://localhost:49921/session/319642172572fdf8090d6c9115dd1193/element'
12:37:10.731 [Forwarding findElement on session 319642172572fdf8090d6c9115dd1193 to remote] DEBUG org.asynchttpclient.netty.request.NettyRequestSender - Using open Channel [id: 0x807b5911, L:/127.0.0.1:56618 - R:localhost/127.0.0.1:49921] for POST '/session/319642172572fdf8090d6c9115dd1193/element'
12:37:10.765 [AsyncHttpClient-1-2] DEBUG org.asynchttpclient.netty.handler.HttpHandler - 

Request DefaultHttpRequest(decodeResult: success, version: HTTP/1.1)
POST /session/319642172572fdf8090d6c9115dd1193/element HTTP/1.1
User-Agent: selenium/4.4.0 (java windows)
Content-Length: 110
Content-Type: application/json; charset=utf-8
host: localhost:49921
accept: */*

Response DefaultHttpResponse(decodeResult: success, version: HTTP/1.1)
HTTP/1.1 200 OK
Content-Type: application/json; charset=utf-8
cache-control: no-cache
content-length: 127

12:37:10.766 [AsyncHttpClient-1-2] DEBUG org.asynchttpclient.netty.channel.ChannelManager - Adding key: http://localhost:49921 for channel [id: 0x807b5911, L:/127.0.0.1:56618 - R:localhost/127.0.0.1:49921]
12:37:10.789 [Forwarding isElementDisplayed on session 319642172572fdf8090d6c9115dd1193 to remote] DEBUG org.asynchttpclient.netty.request.NettyRequestSender - Using pooled Channel '[id: 0x807b5911, L:/127.0.0.1:56618 - R:localhost/127.0.0.1:49921]' for 'POST' to 'http://localhost:49921/session/319642172572fdf8090d6c9115dd1193/execute/sync'
12:37:10.789 [Forwarding isElementDisplayed on session 319642172572fdf8090d6c9115dd1193 to remote] DEBUG org.asynchttpclient.netty.request.NettyRequestSender - Using open Channel [id: 0x807b5911, L:/127.0.0.1:56618 - R:localhost/127.0.0.1:49921] for POST '/session/319642172572fdf8090d6c9115dd1193/execute/sync'
12:37:10.819 [AsyncHttpClient-1-2] DEBUG org.asynchttpclient.netty.handler.HttpHandler - 

Request DefaultHttpRequest(decodeResult: success, version: HTTP/1.1)
POST /session/319642172572fdf8090d6c9115dd1193/execute/sync HTTP/1.1
User-Agent: selenium/4.4.0 (java windows)
Content-Length: 48819
Content-Type: application/json; charset=utf-8
host: localhost:49921
accept: */*

Response DefaultHttpResponse(decodeResult: success, version: HTTP/1.1)
HTTP/1.1 200 OK
Content-Type: application/json; charset=utf-8
cache-control: no-cache
content-length: 14

12:37:10.819 [AsyncHttpClient-1-2] DEBUG org.asynchttpclient.netty.channel.ChannelManager - Adding key: http://localhost:49921 for channel [id: 0x807b5911, L:/127.0.0.1:56618 - R:localhost/127.0.0.1:49921]
12:37:10.848 [Forwarding findElement on session 319642172572fdf8090d6c9115dd1193 to remote] DEBUG org.asynchttpclient.netty.request.NettyRequestSender - Using pooled Channel '[id: 0x807b5911, L:/127.0.0.1:56618 - R:localhost/127.0.0.1:49921]' for 'POST' to 'http://localhost:49921/session/319642172572fdf8090d6c9115dd1193/element'
12:37:10.848 [Forwarding findElement on session 319642172572fdf8090d6c9115dd1193 to remote] DEBUG org.asynchttpclient.netty.request.NettyRequestSender - Using open Channel [id: 0x807b5911, L:/127.0.0.1:56618 - R:localhost/127.0.0.1:49921] for POST '/session/319642172572fdf8090d6c9115dd1193/element'
12:37:10.862 [AsyncHttpClient-1-2] DEBUG org.asynchttpclient.netty.handler.HttpHandler - 

Request DefaultHttpRequest(decodeResult: success, version: HTTP/1.1)
POST /session/319642172572fdf8090d6c9115dd1193/element HTTP/1.1
User-Agent: selenium/4.4.0 (java windows)
Content-Length: 110
Content-Type: application/json; charset=utf-8
host: localhost:49921
accept: */*

Response DefaultHttpResponse(decodeResult: success, version: HTTP/1.1)
HTTP/1.1 200 OK
Content-Type: application/json; charset=utf-8
cache-control: no-cache
content-length: 127

12:37:10.862 [AsyncHttpClient-1-2] DEBUG org.asynchttpclient.netty.channel.ChannelManager - Adding key: http://localhost:49921 for channel [id: 0x807b5911, L:/127.0.0.1:56618 - R:localhost/127.0.0.1:49921]
12:37:10.864 [Forwarding clickElement on session 319642172572fdf8090d6c9115dd1193 to remote] DEBUG org.asynchttpclient.netty.request.NettyRequestSender - Using pooled Channel '[id: 0x807b5911, L:/127.0.0.1:56618 - R:localhost/127.0.0.1:49921]' for 'POST' to 'http://localhost:49921/session/319642172572fdf8090d6c9115dd1193/element/f.77D77E48C717A5F8144E3521F6891EC1.d.8BD62FCC4E88F9744441D63C0528F046.e.241/click'
12:37:10.864 [Forwarding clickElement on session 319642172572fdf8090d6c9115dd1193 to remote] DEBUG org.asynchttpclient.netty.request.NettyRequestSender - Using open Channel [id: 0x807b5911, L:/127.0.0.1:56618 - R:localhost/127.0.0.1:49921] for POST '/session/319642172572fdf8090d6c9115dd1193/element/f.77D77E48C717A5F8144E3521F6891EC1.d.8BD62FCC4E88F9744441D63C0528F046.e.241/click'
12:37:11.160 [AsyncHttpClient-1-2] DEBUG org.asynchttpclient.netty.handler.HttpHandler - 

Request DefaultHttpRequest(decodeResult: success, version: HTTP/1.1)
POST /session/319642172572fdf8090d6c9115dd1193/element/f.77D77E48C717A5F8144E3521F6891EC1.d.8BD62FCC4E88F9744441D63C0528F046.e.241/click HTTP/1.1
User-Agent: selenium/4.4.0 (java windows)
Content-Length: 89
Content-Type: application/json; charset=utf-8
host: localhost:49921
accept: */*

Response DefaultHttpResponse(decodeResult: success, version: HTTP/1.1)
HTTP/1.1 200 OK
Content-Type: application/json; charset=utf-8
cache-control: no-cache
content-length: 14

12:37:11.160 [AsyncHttpClient-1-2] DEBUG org.asynchttpclient.netty.channel.ChannelManager - Adding key: http://localhost:49921 for channel [id: 0x807b5911, L:/127.0.0.1:56618 - R:localhost/127.0.0.1:49921]
12:37:11.200 [Forwarding getCurrentWindowHandle on session 319642172572fdf8090d6c9115dd1193 to remote] DEBUG org.asynchttpclient.netty.request.NettyRequestSender - Using pooled Channel '[id: 0x807b5911, L:/127.0.0.1:56618 - R:localhost/127.0.0.1:49921]' for 'GET' to 'http://localhost:49921/session/319642172572fdf8090d6c9115dd1193/window'
12:37:11.201 [Forwarding getCurrentWindowHandle on session 319642172572fdf8090d6c9115dd1193 to remote] DEBUG org.asynchttpclient.netty.request.NettyRequestSender - Using open Channel [id: 0x807b5911, L:/127.0.0.1:56618 - R:localhost/127.0.0.1:49921] for GET '/session/319642172572fdf8090d6c9115dd1193/window'
12:37:11.208 [AsyncHttpClient-1-2] DEBUG org.asynchttpclient.netty.handler.HttpHandler - 

Request DefaultFullHttpRequest(decodeResult: success, version: HTTP/1.1, content: EmptyByteBufBE)
GET /session/319642172572fdf8090d6c9115dd1193/window HTTP/1.1
User-Agent: selenium/4.4.0 (java windows)
Cache-Control: no-cache
Content-Type: application/json; charset=utf-8
host: localhost:49921
accept: */*

Response DefaultHttpResponse(decodeResult: success, version: HTTP/1.1)
HTTP/1.1 200 OK
Content-Type: application/json; charset=utf-8
cache-control: no-cache
content-length: 44

12:37:11.208 [AsyncHttpClient-1-2] DEBUG org.asynchttpclient.netty.channel.ChannelManager - Adding key: http://localhost:49921 for channel [id: 0x807b5911, L:/127.0.0.1:56618 - R:localhost/127.0.0.1:49921]
12:37:11.220 [Forwarding getAlertText on session 319642172572fdf8090d6c9115dd1193 to remote] DEBUG org.asynchttpclient.netty.request.NettyRequestSender - Using pooled Channel '[id: 0x807b5911, L:/127.0.0.1:56618 - R:localhost/127.0.0.1:49921]' for 'GET' to 'http://localhost:49921/session/319642172572fdf8090d6c9115dd1193/alert/text'
12:37:11.221 [Forwarding getAlertText on session 319642172572fdf8090d6c9115dd1193 to remote] DEBUG org.asynchttpclient.netty.request.NettyRequestSender - Using open Channel [id: 0x807b5911, L:/127.0.0.1:56618 - R:localhost/127.0.0.1:49921] for GET '/session/319642172572fdf8090d6c9115dd1193/alert/text'
12:37:11.228 [AsyncHttpClient-1-2] DEBUG org.asynchttpclient.netty.handler.HttpHandler - 

Request DefaultFullHttpRequest(decodeResult: success, version: HTTP/1.1, content: EmptyByteBufBE)
GET /session/319642172572fdf8090d6c9115dd1193/alert/text HTTP/1.1
User-Agent: selenium/4.4.0 (java windows)
Cache-Control: no-cache
Content-Type: application/json; charset=utf-8
host: localhost:49921
accept: */*

Response DefaultHttpResponse(decodeResult: success, version: HTTP/1.1)
HTTP/1.1 404 Not Found
Content-Type: application/json; charset=utf-8
cache-control: no-cache
content-length: 1045

12:37:11.228 [AsyncHttpClient-1-2] DEBUG org.asynchttpclient.netty.channel.ChannelManager - Adding key: http://localhost:49921 for channel [id: 0x807b5911, L:/127.0.0.1:56618 - R:localhost/127.0.0.1:49921]
12:37:11.242 [Forwarding switchToWindow on session 319642172572fdf8090d6c9115dd1193 to remote] DEBUG org.asynchttpclient.netty.request.NettyRequestSender - Using pooled Channel '[id: 0x807b5911, L:/127.0.0.1:56618 - R:localhost/127.0.0.1:49921]' for 'POST' to 'http://localhost:49921/session/319642172572fdf8090d6c9115dd1193/window'
12:37:11.243 [Forwarding switchToWindow on session 319642172572fdf8090d6c9115dd1193 to remote] DEBUG org.asynchttpclient.netty.request.NettyRequestSender - Using open Channel [id: 0x807b5911, L:/127.0.0.1:56618 - R:localhost/127.0.0.1:49921] for POST '/session/319642172572fdf8090d6c9115dd1193/window'
12:37:11.246 [AsyncHttpClient-1-2] DEBUG org.asynchttpclient.netty.handler.HttpHandler - 

Request DefaultHttpRequest(decodeResult: success, version: HTTP/1.1)
POST /session/319642172572fdf8090d6c9115dd1193/window HTTP/1.1
User-Agent: selenium/4.4.0 (java windows)
Content-Length: 50
Content-Type: application/json; charset=utf-8
host: localhost:49921
accept: */*

Response DefaultHttpResponse(decodeResult: success, version: HTTP/1.1)
HTTP/1.1 200 OK
Content-Type: application/json; charset=utf-8
cache-control: no-cache
content-length: 14

12:37:11.246 [AsyncHttpClient-1-2] DEBUG org.asynchttpclient.netty.channel.ChannelManager - Adding key: http://localhost:49921 for channel [id: 0x807b5911, L:/127.0.0.1:56618 - R:localhost/127.0.0.1:49921]
12:37:11.248 [Forwarding getCurrentUrl on session 319642172572fdf8090d6c9115dd1193 to remote] DEBUG org.asynchttpclient.netty.request.NettyRequestSender - Using pooled Channel '[id: 0x807b5911, L:/127.0.0.1:56618 - R:localhost/127.0.0.1:49921]' for 'GET' to 'http://localhost:49921/session/319642172572fdf8090d6c9115dd1193/url'
12:37:11.248 [Forwarding getCurrentUrl on session 319642172572fdf8090d6c9115dd1193 to remote] DEBUG org.asynchttpclient.netty.request.NettyRequestSender - Using open Channel [id: 0x807b5911, L:/127.0.0.1:56618 - R:localhost/127.0.0.1:49921] for GET '/session/319642172572fdf8090d6c9115dd1193/url'
12:37:11.263 [AsyncHttpClient-1-2] DEBUG org.asynchttpclient.netty.handler.HttpHandler - 

Request DefaultFullHttpRequest(decodeResult: success, version: HTTP/1.1, content: EmptyByteBufBE)
GET /session/319642172572fdf8090d6c9115dd1193/url HTTP/1.1
User-Agent: selenium/4.4.0 (java windows)
Cache-Control: no-cache
Content-Type: application/json; charset=utf-8
host: localhost:49921
accept: */*

Response DefaultHttpResponse(decodeResult: success, version: HTTP/1.1)
HTTP/1.1 200 OK
Content-Type: application/json; charset=utf-8
cache-control: no-cache
content-length: 48

12:37:11.263 [AsyncHttpClient-1-2] DEBUG org.asynchttpclient.netty.channel.ChannelManager - Adding key: http://localhost:49921 for channel [id: 0x807b5911, L:/127.0.0.1:56618 - R:localhost/127.0.0.1:49921]
12:37:11.265 [Forwarding screenshot on session 319642172572fdf8090d6c9115dd1193 to remote] DEBUG org.asynchttpclient.netty.request.NettyRequestSender - Using pooled Channel '[id: 0x807b5911, L:/127.0.0.1:56618 - R:localhost/127.0.0.1:49921]' for 'GET' to 'http://localhost:49921/session/319642172572fdf8090d6c9115dd1193/screenshot'
12:37:11.265 [Forwarding screenshot on session 319642172572fdf8090d6c9115dd1193 to remote] DEBUG org.asynchttpclient.netty.request.NettyRequestSender - Using open Channel [id: 0x807b5911, L:/127.0.0.1:56618 - R:localhost/127.0.0.1:49921] for GET '/session/319642172572fdf8090d6c9115dd1193/screenshot'
12:37:11.393 [AsyncHttpClient-1-1] DEBUG org.asynchttpclient.netty.channel.DefaultChannelPool - Entry count for : http://localhost:56619 : 1
12:37:11.443 [AsyncHttpClient-1-2] DEBUG org.asynchttpclient.netty.handler.HttpHandler - 

Request DefaultFullHttpRequest(decodeResult: success, version: HTTP/1.1, content: EmptyByteBufBE)
GET /session/319642172572fdf8090d6c9115dd1193/screenshot HTTP/1.1
User-Agent: selenium/4.4.0 (java windows)
Cache-Control: no-cache
Content-Type: application/json; charset=utf-8
host: localhost:49921
accept: */*

Response DefaultHttpResponse(decodeResult: success, version: HTTP/1.1)
HTTP/1.1 200 OK
Content-Type: application/json; charset=utf-8
cache-control: no-cache
content-length: 464800

12:37:11.445 [AsyncHttpClient-1-2] DEBUG org.asynchttpclient.netty.channel.ChannelManager - Adding key: http://localhost:49921 for channel [id: 0x807b5911, L:/127.0.0.1:56618 - R:localhost/127.0.0.1:49921]
12:37:11.460 [Test worker] DEBUG net.serenitybdd.core.photography.Darkroom - Send negative for processing for C:\Users\pcnit\Downloads\TestE2E\target\site\serenity\2ac14f3503aa4f4136ded81e93839c1aca58772ca25c1a176432768d65e0997c.png
12:37:11.469 [Forwarding getPageSource on session 319642172572fdf8090d6c9115dd1193 to remote] DEBUG org.asynchttpclient.netty.request.NettyRequestSender - Using pooled Channel '[id: 0x807b5911, L:/127.0.0.1:56618 - R:localhost/127.0.0.1:49921]' for 'POST' to 'http://localhost:49921/session/319642172572fdf8090d6c9115dd1193/execute/sync'
12:37:11.469 [Forwarding getPageSource on session 319642172572fdf8090d6c9115dd1193 to remote] DEBUG org.asynchttpclient.netty.request.NettyRequestSender - Using open Channel [id: 0x807b5911, L:/127.0.0.1:56618 - R:localhost/127.0.0.1:49921] for POST '/session/319642172572fdf8090d6c9115dd1193/execute/sync'
12:37:11.481 [AsyncHttpClient-1-2] DEBUG org.asynchttpclient.netty.handler.HttpHandler - 

Request DefaultHttpRequest(decodeResult: success, version: HTTP/1.1)
POST /session/319642172572fdf8090d6c9115dd1193/execute/sync HTTP/1.1
User-Agent: selenium/4.4.0 (java windows)
Content-Length: 176
Content-Type: application/json; charset=utf-8
host: localhost:49921
accept: */*

Response DefaultHttpResponse(decodeResult: success, version: HTTP/1.1)
HTTP/1.1 200 OK
Content-Type: application/json; charset=utf-8
cache-control: no-cache
content-length: 57322

12:37:11.481 [AsyncHttpClient-1-2] DEBUG org.asynchttpclient.netty.channel.ChannelManager - Adding key: http://localhost:49921 for channel [id: 0x807b5911, L:/127.0.0.1:56618 - R:localhost/127.0.0.1:49921]
12:37:11.492 [Forwarding getCurrentUrl on session 319642172572fdf8090d6c9115dd1193 to remote] DEBUG org.asynchttpclient.netty.request.NettyRequestSender - Using pooled Channel '[id: 0x807b5911, L:/127.0.0.1:56618 - R:localhost/127.0.0.1:49921]' for 'GET' to 'http://localhost:49921/session/319642172572fdf8090d6c9115dd1193/url'
12:37:11.492 [Forwarding getCurrentUrl on session 319642172572fdf8090d6c9115dd1193 to remote] DEBUG org.asynchttpclient.netty.request.NettyRequestSender - Using open Channel [id: 0x807b5911, L:/127.0.0.1:56618 - R:localhost/127.0.0.1:49921] for GET '/session/319642172572fdf8090d6c9115dd1193/url'
12:37:11.501 [AsyncHttpClient-1-2] DEBUG org.asynchttpclient.netty.handler.HttpHandler - 

Request DefaultFullHttpRequest(decodeResult: success, version: HTTP/1.1, content: EmptyByteBufBE)
GET /session/319642172572fdf8090d6c9115dd1193/url HTTP/1.1
User-Agent: selenium/4.4.0 (java windows)
Cache-Control: no-cache
Content-Type: application/json; charset=utf-8
host: localhost:49921
accept: */*

Response DefaultHttpResponse(decodeResult: success, version: HTTP/1.1)
HTTP/1.1 200 OK
Content-Type: application/json; charset=utf-8
cache-control: no-cache
content-length: 48

12:37:11.502 [AsyncHttpClient-1-2] DEBUG org.asynchttpclient.netty.channel.ChannelManager - Adding key: http://localhost:49921 for channel [id: 0x807b5911, L:/127.0.0.1:56618 - R:localhost/127.0.0.1:49921]
12:37:11.546 [Forwarding getCurrentWindowHandle on session 319642172572fdf8090d6c9115dd1193 to remote] DEBUG org.asynchttpclient.netty.request.NettyRequestSender - Using pooled Channel '[id: 0x807b5911, L:/127.0.0.1:56618 - R:localhost/127.0.0.1:49921]' for 'GET' to 'http://localhost:49921/session/319642172572fdf8090d6c9115dd1193/window'
12:37:11.546 [Forwarding getCurrentWindowHandle on session 319642172572fdf8090d6c9115dd1193 to remote] DEBUG org.asynchttpclient.netty.request.NettyRequestSender - Using open Channel [id: 0x807b5911, L:/127.0.0.1:56618 - R:localhost/127.0.0.1:49921] for GET '/session/319642172572fdf8090d6c9115dd1193/window'
12:37:11.553 [AsyncHttpClient-1-2] DEBUG org.asynchttpclient.netty.handler.HttpHandler - 

Request DefaultFullHttpRequest(decodeResult: success, version: HTTP/1.1, content: EmptyByteBufBE)
GET /session/319642172572fdf8090d6c9115dd1193/window HTTP/1.1
User-Agent: selenium/4.4.0 (java windows)
Cache-Control: no-cache
Content-Type: application/json; charset=utf-8
host: localhost:49921
accept: */*

Response DefaultHttpResponse(decodeResult: success, version: HTTP/1.1)
HTTP/1.1 200 OK
Content-Type: application/json; charset=utf-8
cache-control: no-cache
content-length: 44

12:37:11.553 [AsyncHttpClient-1-2] DEBUG org.asynchttpclient.netty.channel.ChannelManager - Adding key: http://localhost:49921 for channel [id: 0x807b5911, L:/127.0.0.1:56618 - R:localhost/127.0.0.1:49921]
12:37:11.564 [Forwarding getAlertText on session 319642172572fdf8090d6c9115dd1193 to remote] DEBUG org.asynchttpclient.netty.request.NettyRequestSender - Using pooled Channel '[id: 0x807b5911, L:/127.0.0.1:56618 - R:localhost/127.0.0.1:49921]' for 'GET' to 'http://localhost:49921/session/319642172572fdf8090d6c9115dd1193/alert/text'
12:37:11.564 [Forwarding getAlertText on session 319642172572fdf8090d6c9115dd1193 to remote] DEBUG org.asynchttpclient.netty.request.NettyRequestSender - Using open Channel [id: 0x807b5911, L:/127.0.0.1:56618 - R:localhost/127.0.0.1:49921] for GET '/session/319642172572fdf8090d6c9115dd1193/alert/text'
12:37:11.570 [AsyncHttpClient-1-2] DEBUG org.asynchttpclient.netty.handler.HttpHandler - 

Request DefaultFullHttpRequest(decodeResult: success, version: HTTP/1.1, content: EmptyByteBufBE)
GET /session/319642172572fdf8090d6c9115dd1193/alert/text HTTP/1.1
User-Agent: selenium/4.4.0 (java windows)
Cache-Control: no-cache
Content-Type: application/json; charset=utf-8
host: localhost:49921
accept: */*

Response DefaultHttpResponse(decodeResult: success, version: HTTP/1.1)
HTTP/1.1 404 Not Found
Content-Type: application/json; charset=utf-8
cache-control: no-cache
content-length: 1045

12:37:11.570 [AsyncHttpClient-1-2] DEBUG org.asynchttpclient.netty.channel.ChannelManager - Adding key: http://localhost:49921 for channel [id: 0x807b5911, L:/127.0.0.1:56618 - R:localhost/127.0.0.1:49921]
12:37:11.582 [Forwarding switchToWindow on session 319642172572fdf8090d6c9115dd1193 to remote] DEBUG org.asynchttpclient.netty.request.NettyRequestSender - Using pooled Channel '[id: 0x807b5911, L:/127.0.0.1:56618 - R:localhost/127.0.0.1:49921]' for 'POST' to 'http://localhost:49921/session/319642172572fdf8090d6c9115dd1193/window'
12:37:11.582 [Forwarding switchToWindow on session 319642172572fdf8090d6c9115dd1193 to remote] DEBUG org.asynchttpclient.netty.request.NettyRequestSender - Using open Channel [id: 0x807b5911, L:/127.0.0.1:56618 - R:localhost/127.0.0.1:49921] for POST '/session/319642172572fdf8090d6c9115dd1193/window'
12:37:11.586 [AsyncHttpClient-1-2] DEBUG org.asynchttpclient.netty.handler.HttpHandler - 

Request DefaultHttpRequest(decodeResult: success, version: HTTP/1.1)
POST /session/319642172572fdf8090d6c9115dd1193/window HTTP/1.1
User-Agent: selenium/4.4.0 (java windows)
Content-Length: 50
Content-Type: application/json; charset=utf-8
host: localhost:49921
accept: */*

Response DefaultHttpResponse(decodeResult: success, version: HTTP/1.1)
HTTP/1.1 200 OK
Content-Type: application/json; charset=utf-8
cache-control: no-cache
content-length: 14

12:37:11.586 [AsyncHttpClient-1-2] DEBUG org.asynchttpclient.netty.channel.ChannelManager - Adding key: http://localhost:49921 for channel [id: 0x807b5911, L:/127.0.0.1:56618 - R:localhost/127.0.0.1:49921]
12:37:11.587 [Forwarding getCurrentUrl on session 319642172572fdf8090d6c9115dd1193 to remote] DEBUG org.asynchttpclient.netty.request.NettyRequestSender - Using pooled Channel '[id: 0x807b5911, L:/127.0.0.1:56618 - R:localhost/127.0.0.1:49921]' for 'GET' to 'http://localhost:49921/session/319642172572fdf8090d6c9115dd1193/url'
12:37:11.588 [Forwarding getCurrentUrl on session 319642172572fdf8090d6c9115dd1193 to remote] DEBUG org.asynchttpclient.netty.request.NettyRequestSender - Using open Channel [id: 0x807b5911, L:/127.0.0.1:56618 - R:localhost/127.0.0.1:49921] for GET '/session/319642172572fdf8090d6c9115dd1193/url'
12:37:11.602 [AsyncHttpClient-1-2] DEBUG org.asynchttpclient.netty.handler.HttpHandler - 

Request DefaultFullHttpRequest(decodeResult: success, version: HTTP/1.1, content: EmptyByteBufBE)
GET /session/319642172572fdf8090d6c9115dd1193/url HTTP/1.1
User-Agent: selenium/4.4.0 (java windows)
Cache-Control: no-cache
Content-Type: application/json; charset=utf-8
host: localhost:49921
accept: */*

Response DefaultHttpResponse(decodeResult: success, version: HTTP/1.1)
HTTP/1.1 200 OK
Content-Type: application/json; charset=utf-8
cache-control: no-cache
content-length: 48

12:37:11.602 [AsyncHttpClient-1-2] DEBUG org.asynchttpclient.netty.channel.ChannelManager - Adding key: http://localhost:49921 for channel [id: 0x807b5911, L:/127.0.0.1:56618 - R:localhost/127.0.0.1:49921]
12:37:11.604 [Forwarding screenshot on session 319642172572fdf8090d6c9115dd1193 to remote] DEBUG org.asynchttpclient.netty.request.NettyRequestSender - Using pooled Channel '[id: 0x807b5911, L:/127.0.0.1:56618 - R:localhost/127.0.0.1:49921]' for 'GET' to 'http://localhost:49921/session/319642172572fdf8090d6c9115dd1193/screenshot'
12:37:11.604 [Forwarding screenshot on session 319642172572fdf8090d6c9115dd1193 to remote] DEBUG org.asynchttpclient.netty.request.NettyRequestSender - Using open Channel [id: 0x807b5911, L:/127.0.0.1:56618 - R:localhost/127.0.0.1:49921] for GET '/session/319642172572fdf8090d6c9115dd1193/screenshot'
12:37:11.789 [AsyncHttpClient-1-2] DEBUG org.asynchttpclient.netty.handler.HttpHandler - 

Request DefaultFullHttpRequest(decodeResult: success, version: HTTP/1.1, content: EmptyByteBufBE)
GET /session/319642172572fdf8090d6c9115dd1193/screenshot HTTP/1.1
User-Agent: selenium/4.4.0 (java windows)
Cache-Control: no-cache
Content-Type: application/json; charset=utf-8
host: localhost:49921
accept: */*

Response DefaultHttpResponse(decodeResult: success, version: HTTP/1.1)
HTTP/1.1 200 OK
Content-Type: application/json; charset=utf-8
cache-control: no-cache
content-length: 664392

12:37:11.790 [AsyncHttpClient-1-2] DEBUG org.asynchttpclient.netty.channel.ChannelManager - Adding key: http://localhost:49921 for channel [id: 0x807b5911, L:/127.0.0.1:56618 - R:localhost/127.0.0.1:49921]
12:37:11.806 [Test worker] DEBUG net.serenitybdd.core.photography.Darkroom - Send negative for processing for C:\Users\pcnit\Downloads\TestE2E\target\site\serenity\f09f06bd7b2f3a9a14e7b58525a6579fdb5e69be9fcd371002bc1c7cc0b51f9b.png
12:37:11.806 [Test worker] DEBUG net.thucydides.core.steps.StepInterceptor - STEP DONE: {0} clicks on #target
12:37:11.814 [Test worker] DEBUG net.serenitybdd.screenplay.targets.IFrameSwitcher - default content already selected for selecciona EL CATEGORIA
12:37:11.837 [Forwarding getCurrentUrl on session 319642172572fdf8090d6c9115dd1193 to remote] DEBUG org.asynchttpclient.netty.request.NettyRequestSender - Using pooled Channel '[id: 0x807b5911, L:/127.0.0.1:56618 - R:localhost/127.0.0.1:49921]' for 'GET' to 'http://localhost:49921/session/319642172572fdf8090d6c9115dd1193/url'
12:37:11.837 [Forwarding getCurrentUrl on session 319642172572fdf8090d6c9115dd1193 to remote] DEBUG org.asynchttpclient.netty.request.NettyRequestSender - Using open Channel [id: 0x807b5911, L:/127.0.0.1:56618 - R:localhost/127.0.0.1:49921] for GET '/session/319642172572fdf8090d6c9115dd1193/url'
12:37:11.853 [AsyncHttpClient-1-2] DEBUG org.asynchttpclient.netty.handler.HttpHandler - 

Request DefaultFullHttpRequest(decodeResult: success, version: HTTP/1.1, content: EmptyByteBufBE)
GET /session/319642172572fdf8090d6c9115dd1193/url HTTP/1.1
User-Agent: selenium/4.4.0 (java windows)
Cache-Control: no-cache
Content-Type: application/json; charset=utf-8
host: localhost:49921
accept: */*

Response DefaultHttpResponse(decodeResult: success, version: HTTP/1.1)
HTTP/1.1 200 OK
Content-Type: application/json; charset=utf-8
cache-control: no-cache
content-length: 48

12:37:11.854 [AsyncHttpClient-1-2] DEBUG org.asynchttpclient.netty.channel.ChannelManager - Adding key: http://localhost:49921 for channel [id: 0x807b5911, L:/127.0.0.1:56618 - R:localhost/127.0.0.1:49921]
12:37:11.873 [Forwarding findElement on session 319642172572fdf8090d6c9115dd1193 to remote] DEBUG org.asynchttpclient.netty.request.NettyRequestSender - Using pooled Channel '[id: 0x807b5911, L:/127.0.0.1:56618 - R:localhost/127.0.0.1:49921]' for 'POST' to 'http://localhost:49921/session/319642172572fdf8090d6c9115dd1193/element'
12:37:11.873 [Forwarding findElement on session 319642172572fdf8090d6c9115dd1193 to remote] DEBUG org.asynchttpclient.netty.request.NettyRequestSender - Using open Channel [id: 0x807b5911, L:/127.0.0.1:56618 - R:localhost/127.0.0.1:49921] for POST '/session/319642172572fdf8090d6c9115dd1193/element'
12:37:11.924 [AsyncHttpClient-1-2] DEBUG org.asynchttpclient.netty.handler.HttpHandler - 

Request DefaultHttpRequest(decodeResult: success, version: HTTP/1.1)
POST /session/319642172572fdf8090d6c9115dd1193/element HTTP/1.1
User-Agent: selenium/4.4.0 (java windows)
Content-Length: 109
Content-Type: application/json; charset=utf-8
host: localhost:49921
accept: */*

Response DefaultHttpResponse(decodeResult: success, version: HTTP/1.1)
HTTP/1.1 200 OK
Content-Type: application/json; charset=utf-8
cache-control: no-cache
content-length: 127

12:37:11.924 [AsyncHttpClient-1-2] DEBUG org.asynchttpclient.netty.channel.ChannelManager - Adding key: http://localhost:49921 for channel [id: 0x807b5911, L:/127.0.0.1:56618 - R:localhost/127.0.0.1:49921]
12:37:11.935 [Forwarding executeScript on session 319642172572fdf8090d6c9115dd1193 to remote] DEBUG org.asynchttpclient.netty.request.NettyRequestSender - Using pooled Channel '[id: 0x807b5911, L:/127.0.0.1:56618 - R:localhost/127.0.0.1:49921]' for 'POST' to 'http://localhost:49921/session/319642172572fdf8090d6c9115dd1193/execute/sync'
12:37:11.935 [Forwarding executeScript on session 319642172572fdf8090d6c9115dd1193 to remote] DEBUG org.asynchttpclient.netty.request.NettyRequestSender - Using open Channel [id: 0x807b5911, L:/127.0.0.1:56618 - R:localhost/127.0.0.1:49921] for POST '/session/319642172572fdf8090d6c9115dd1193/execute/sync'
12:37:11.946 [AsyncHttpClient-1-2] DEBUG org.asynchttpclient.netty.handler.HttpHandler - 

Request DefaultHttpRequest(decodeResult: success, version: HTTP/1.1)
POST /session/319642172572fdf8090d6c9115dd1193/execute/sync HTTP/1.1
User-Agent: selenium/4.4.0 (java windows)
Content-Length: 318
Content-Type: application/json; charset=utf-8
host: localhost:49921
accept: */*

Response DefaultHttpResponse(decodeResult: success, version: HTTP/1.1)
HTTP/1.1 200 OK
Content-Type: application/json; charset=utf-8
cache-control: no-cache
content-length: 14

12:37:11.946 [AsyncHttpClient-1-2] DEBUG org.asynchttpclient.netty.channel.ChannelManager - Adding key: http://localhost:49921 for channel [id: 0x807b5911, L:/127.0.0.1:56618 - R:localhost/127.0.0.1:49921]
12:37:11.983 [Test worker] DEBUG net.serenitybdd.screenplay.targets.IFrameSwitcher - default content already selected for selecciona EL CATEGORIA
12:37:11.991 [Forwarding findElements on session 319642172572fdf8090d6c9115dd1193 to remote] DEBUG org.asynchttpclient.netty.request.NettyRequestSender - Using pooled Channel '[id: 0x807b5911, L:/127.0.0.1:56618 - R:localhost/127.0.0.1:49921]' for 'POST' to 'http://localhost:49921/session/319642172572fdf8090d6c9115dd1193/elements'
12:37:11.991 [Forwarding findElements on session 319642172572fdf8090d6c9115dd1193 to remote] DEBUG org.asynchttpclient.netty.request.NettyRequestSender - Using open Channel [id: 0x807b5911, L:/127.0.0.1:56618 - R:localhost/127.0.0.1:49921] for POST '/session/319642172572fdf8090d6c9115dd1193/elements'
12:37:12.012 [AsyncHttpClient-1-2] DEBUG org.asynchttpclient.netty.handler.HttpHandler - 

Request DefaultHttpRequest(decodeResult: success, version: HTTP/1.1)
POST /session/319642172572fdf8090d6c9115dd1193/elements HTTP/1.1
User-Agent: selenium/4.4.0 (java windows)
Content-Length: 109
Content-Type: application/json; charset=utf-8
host: localhost:49921
accept: */*

Response DefaultHttpResponse(decodeResult: success, version: HTTP/1.1)
HTTP/1.1 200 OK
Content-Type: application/json; charset=utf-8
cache-control: no-cache
content-length: 129

12:37:12.012 [AsyncHttpClient-1-2] DEBUG org.asynchttpclient.netty.channel.ChannelManager - Adding key: http://localhost:49921 for channel [id: 0x807b5911, L:/127.0.0.1:56618 - R:localhost/127.0.0.1:49921]
12:37:12.041 [Forwarding isElementEnabled on session 319642172572fdf8090d6c9115dd1193 to remote] DEBUG org.asynchttpclient.netty.request.NettyRequestSender - Using pooled Channel '[id: 0x807b5911, L:/127.0.0.1:56618 - R:localhost/127.0.0.1:49921]' for 'GET' to 'http://localhost:49921/session/319642172572fdf8090d6c9115dd1193/element/f.77D77E48C717A5F8144E3521F6891EC1.d.98F93C9F71D506324D6F1DC3E719B433.e.287/enabled'
12:37:12.041 [Forwarding isElementEnabled on session 319642172572fdf8090d6c9115dd1193 to remote] DEBUG org.asynchttpclient.netty.request.NettyRequestSender - Using open Channel [id: 0x807b5911, L:/127.0.0.1:56618 - R:localhost/127.0.0.1:49921] for GET '/session/319642172572fdf8090d6c9115dd1193/element/f.77D77E48C717A5F8144E3521F6891EC1.d.98F93C9F71D506324D6F1DC3E719B433.e.287/enabled'
12:37:12.068 [AsyncHttpClient-1-2] DEBUG org.asynchttpclient.netty.handler.HttpHandler - 

Request DefaultFullHttpRequest(decodeResult: success, version: HTTP/1.1, content: EmptyByteBufBE)
GET /session/319642172572fdf8090d6c9115dd1193/element/f.77D77E48C717A5F8144E3521F6891EC1.d.98F93C9F71D506324D6F1DC3E719B433.e.287/enabled HTTP/1.1
User-Agent: selenium/4.4.0 (java windows)
Cache-Control: no-cache
Content-Type: application/json; charset=utf-8
host: localhost:49921
accept: */*

Response DefaultHttpResponse(decodeResult: success, version: HTTP/1.1)
HTTP/1.1 200 OK
Content-Type: application/json; charset=utf-8
cache-control: no-cache
content-length: 14

12:37:12.068 [AsyncHttpClient-1-2] DEBUG org.asynchttpclient.netty.channel.ChannelManager - Adding key: http://localhost:49921 for channel [id: 0x807b5911, L:/127.0.0.1:56618 - R:localhost/127.0.0.1:49921]
12:37:12.078 [Forwarding isElementEnabled on session 319642172572fdf8090d6c9115dd1193 to remote] DEBUG org.asynchttpclient.netty.request.NettyRequestSender - Using pooled Channel '[id: 0x807b5911, L:/127.0.0.1:56618 - R:localhost/127.0.0.1:49921]' for 'GET' to 'http://localhost:49921/session/319642172572fdf8090d6c9115dd1193/element/f.77D77E48C717A5F8144E3521F6891EC1.d.98F93C9F71D506324D6F1DC3E719B433.e.287/enabled'
12:37:12.078 [Forwarding isElementEnabled on session 319642172572fdf8090d6c9115dd1193 to remote] DEBUG org.asynchttpclient.netty.request.NettyRequestSender - Using open Channel [id: 0x807b5911, L:/127.0.0.1:56618 - R:localhost/127.0.0.1:49921] for GET '/session/319642172572fdf8090d6c9115dd1193/element/f.77D77E48C717A5F8144E3521F6891EC1.d.98F93C9F71D506324D6F1DC3E719B433.e.287/enabled'
12:37:12.100 [AsyncHttpClient-1-2] DEBUG org.asynchttpclient.netty.handler.HttpHandler - 

Request DefaultFullHttpRequest(decodeResult: success, version: HTTP/1.1, content: EmptyByteBufBE)
GET /session/319642172572fdf8090d6c9115dd1193/element/f.77D77E48C717A5F8144E3521F6891EC1.d.98F93C9F71D506324D6F1DC3E719B433.e.287/enabled HTTP/1.1
User-Agent: selenium/4.4.0 (java windows)
Cache-Control: no-cache
Content-Type: application/json; charset=utf-8
host: localhost:49921
accept: */*

Response DefaultHttpResponse(decodeResult: success, version: HTTP/1.1)
HTTP/1.1 200 OK
Content-Type: application/json; charset=utf-8
cache-control: no-cache
content-length: 14

12:37:12.100 [AsyncHttpClient-1-2] DEBUG org.asynchttpclient.netty.channel.ChannelManager - Adding key: http://localhost:49921 for channel [id: 0x807b5911, L:/127.0.0.1:56618 - R:localhost/127.0.0.1:49921]
12:37:12.155 [Forwarding getCurrentWindowHandle on session 319642172572fdf8090d6c9115dd1193 to remote] DEBUG org.asynchttpclient.netty.request.NettyRequestSender - Using pooled Channel '[id: 0x807b5911, L:/127.0.0.1:56618 - R:localhost/127.0.0.1:49921]' for 'GET' to 'http://localhost:49921/session/319642172572fdf8090d6c9115dd1193/window'
12:37:12.155 [Forwarding getCurrentWindowHandle on session 319642172572fdf8090d6c9115dd1193 to remote] DEBUG org.asynchttpclient.netty.request.NettyRequestSender - Using open Channel [id: 0x807b5911, L:/127.0.0.1:56618 - R:localhost/127.0.0.1:49921] for GET '/session/319642172572fdf8090d6c9115dd1193/window'
12:37:12.161 [AsyncHttpClient-1-2] DEBUG org.asynchttpclient.netty.handler.HttpHandler - 

Request DefaultFullHttpRequest(decodeResult: success, version: HTTP/1.1, content: EmptyByteBufBE)
GET /session/319642172572fdf8090d6c9115dd1193/window HTTP/1.1
User-Agent: selenium/4.4.0 (java windows)
Cache-Control: no-cache
Content-Type: application/json; charset=utf-8
host: localhost:49921
accept: */*

Response DefaultHttpResponse(decodeResult: success, version: HTTP/1.1)
HTTP/1.1 200 OK
Content-Type: application/json; charset=utf-8
cache-control: no-cache
content-length: 44

12:37:12.161 [AsyncHttpClient-1-2] DEBUG org.asynchttpclient.netty.channel.ChannelManager - Adding key: http://localhost:49921 for channel [id: 0x807b5911, L:/127.0.0.1:56618 - R:localhost/127.0.0.1:49921]
12:37:12.174 [Forwarding getAlertText on session 319642172572fdf8090d6c9115dd1193 to remote] DEBUG org.asynchttpclient.netty.request.NettyRequestSender - Using pooled Channel '[id: 0x807b5911, L:/127.0.0.1:56618 - R:localhost/127.0.0.1:49921]' for 'GET' to 'http://localhost:49921/session/319642172572fdf8090d6c9115dd1193/alert/text'
12:37:12.174 [Forwarding getAlertText on session 319642172572fdf8090d6c9115dd1193 to remote] DEBUG org.asynchttpclient.netty.request.NettyRequestSender - Using open Channel [id: 0x807b5911, L:/127.0.0.1:56618 - R:localhost/127.0.0.1:49921] for GET '/session/319642172572fdf8090d6c9115dd1193/alert/text'
12:37:12.178 [AsyncHttpClient-1-2] DEBUG org.asynchttpclient.netty.handler.HttpHandler - 

Request DefaultFullHttpRequest(decodeResult: success, version: HTTP/1.1, content: EmptyByteBufBE)
GET /session/319642172572fdf8090d6c9115dd1193/alert/text HTTP/1.1
User-Agent: selenium/4.4.0 (java windows)
Cache-Control: no-cache
Content-Type: application/json; charset=utf-8
host: localhost:49921
accept: */*

Response DefaultHttpResponse(decodeResult: success, version: HTTP/1.1)
HTTP/1.1 404 Not Found
Content-Type: application/json; charset=utf-8
cache-control: no-cache
content-length: 1045

12:37:12.179 [AsyncHttpClient-1-2] DEBUG org.asynchttpclient.netty.channel.ChannelManager - Adding key: http://localhost:49921 for channel [id: 0x807b5911, L:/127.0.0.1:56618 - R:localhost/127.0.0.1:49921]
12:37:12.188 [Forwarding switchToWindow on session 319642172572fdf8090d6c9115dd1193 to remote] DEBUG org.asynchttpclient.netty.request.NettyRequestSender - Using pooled Channel '[id: 0x807b5911, L:/127.0.0.1:56618 - R:localhost/127.0.0.1:49921]' for 'POST' to 'http://localhost:49921/session/319642172572fdf8090d6c9115dd1193/window'
12:37:12.188 [Forwarding switchToWindow on session 319642172572fdf8090d6c9115dd1193 to remote] DEBUG org.asynchttpclient.netty.request.NettyRequestSender - Using open Channel [id: 0x807b5911, L:/127.0.0.1:56618 - R:localhost/127.0.0.1:49921] for POST '/session/319642172572fdf8090d6c9115dd1193/window'
12:37:12.193 [AsyncHttpClient-1-2] DEBUG org.asynchttpclient.netty.handler.HttpHandler - 

Request DefaultHttpRequest(decodeResult: success, version: HTTP/1.1)
POST /session/319642172572fdf8090d6c9115dd1193/window HTTP/1.1
User-Agent: selenium/4.4.0 (java windows)
Content-Length: 50
Content-Type: application/json; charset=utf-8
host: localhost:49921
accept: */*

Response DefaultHttpResponse(decodeResult: success, version: HTTP/1.1)
HTTP/1.1 200 OK
Content-Type: application/json; charset=utf-8
cache-control: no-cache
content-length: 14

12:37:12.194 [AsyncHttpClient-1-2] DEBUG org.asynchttpclient.netty.channel.ChannelManager - Adding key: http://localhost:49921 for channel [id: 0x807b5911, L:/127.0.0.1:56618 - R:localhost/127.0.0.1:49921]
12:37:12.195 [Forwarding getCurrentUrl on session 319642172572fdf8090d6c9115dd1193 to remote] DEBUG org.asynchttpclient.netty.request.NettyRequestSender - Using pooled Channel '[id: 0x807b5911, L:/127.0.0.1:56618 - R:localhost/127.0.0.1:49921]' for 'GET' to 'http://localhost:49921/session/319642172572fdf8090d6c9115dd1193/url'
12:37:12.195 [Forwarding getCurrentUrl on session 319642172572fdf8090d6c9115dd1193 to remote] DEBUG org.asynchttpclient.netty.request.NettyRequestSender - Using open Channel [id: 0x807b5911, L:/127.0.0.1:56618 - R:localhost/127.0.0.1:49921] for GET '/session/319642172572fdf8090d6c9115dd1193/url'
12:37:12.206 [AsyncHttpClient-1-2] DEBUG org.asynchttpclient.netty.handler.HttpHandler - 

Request DefaultFullHttpRequest(decodeResult: success, version: HTTP/1.1, content: EmptyByteBufBE)
GET /session/319642172572fdf8090d6c9115dd1193/url HTTP/1.1
User-Agent: selenium/4.4.0 (java windows)
Cache-Control: no-cache
Content-Type: application/json; charset=utf-8
host: localhost:49921
accept: */*

Response DefaultHttpResponse(decodeResult: success, version: HTTP/1.1)
HTTP/1.1 200 OK
Content-Type: application/json; charset=utf-8
cache-control: no-cache
content-length: 48

12:37:12.206 [AsyncHttpClient-1-2] DEBUG org.asynchttpclient.netty.channel.ChannelManager - Adding key: http://localhost:49921 for channel [id: 0x807b5911, L:/127.0.0.1:56618 - R:localhost/127.0.0.1:49921]
12:37:12.207 [Forwarding screenshot on session 319642172572fdf8090d6c9115dd1193 to remote] DEBUG org.asynchttpclient.netty.request.NettyRequestSender - Using pooled Channel '[id: 0x807b5911, L:/127.0.0.1:56618 - R:localhost/127.0.0.1:49921]' for 'GET' to 'http://localhost:49921/session/319642172572fdf8090d6c9115dd1193/screenshot'
12:37:12.207 [Forwarding screenshot on session 319642172572fdf8090d6c9115dd1193 to remote] DEBUG org.asynchttpclient.netty.request.NettyRequestSender - Using open Channel [id: 0x807b5911, L:/127.0.0.1:56618 - R:localhost/127.0.0.1:49921] for GET '/session/319642172572fdf8090d6c9115dd1193/screenshot'
12:37:12.333 [AsyncHttpClient-1-2] DEBUG org.asynchttpclient.netty.handler.HttpHandler - 

Request DefaultFullHttpRequest(decodeResult: success, version: HTTP/1.1, content: EmptyByteBufBE)
GET /session/319642172572fdf8090d6c9115dd1193/screenshot HTTP/1.1
User-Agent: selenium/4.4.0 (java windows)
Cache-Control: no-cache
Content-Type: application/json; charset=utf-8
host: localhost:49921
accept: */*

Response DefaultHttpResponse(decodeResult: success, version: HTTP/1.1)
HTTP/1.1 200 OK
Content-Type: application/json; charset=utf-8
cache-control: no-cache
content-length: 372412

12:37:12.345 [AsyncHttpClient-1-2] DEBUG org.asynchttpclient.netty.channel.ChannelManager - Adding key: http://localhost:49921 for channel [id: 0x807b5911, L:/127.0.0.1:56618 - R:localhost/127.0.0.1:49921]
12:37:12.357 [Test worker] DEBUG net.serenitybdd.core.photography.Darkroom - Send negative for processing for C:\Users\pcnit\Downloads\TestE2E\target\site\serenity\3cc9278e08d0d8daa5afd99f4cca0ae6ebba91e2537cd74e3203323bdcbe07f7.png
12:37:12.368 [Forwarding getPageSource on session 319642172572fdf8090d6c9115dd1193 to remote] DEBUG org.asynchttpclient.netty.request.NettyRequestSender - Using pooled Channel '[id: 0x807b5911, L:/127.0.0.1:56618 - R:localhost/127.0.0.1:49921]' for 'POST' to 'http://localhost:49921/session/319642172572fdf8090d6c9115dd1193/execute/sync'
12:37:12.368 [Forwarding getPageSource on session 319642172572fdf8090d6c9115dd1193 to remote] DEBUG org.asynchttpclient.netty.request.NettyRequestSender - Using open Channel [id: 0x807b5911, L:/127.0.0.1:56618 - R:localhost/127.0.0.1:49921] for POST '/session/319642172572fdf8090d6c9115dd1193/execute/sync'
12:37:12.384 [AsyncHttpClient-1-2] DEBUG org.asynchttpclient.netty.handler.HttpHandler - 

Request DefaultHttpRequest(decodeResult: success, version: HTTP/1.1)
POST /session/319642172572fdf8090d6c9115dd1193/execute/sync HTTP/1.1
User-Agent: selenium/4.4.0 (java windows)
Content-Length: 176
Content-Type: application/json; charset=utf-8
host: localhost:49921
accept: */*

Response DefaultHttpResponse(decodeResult: success, version: HTTP/1.1)
HTTP/1.1 200 OK
Content-Type: application/json; charset=utf-8
cache-control: no-cache
content-length: 57322

12:37:12.384 [AsyncHttpClient-1-2] DEBUG org.asynchttpclient.netty.channel.ChannelManager - Adding key: http://localhost:49921 for channel [id: 0x807b5911, L:/127.0.0.1:56618 - R:localhost/127.0.0.1:49921]
12:37:12.393 [Forwarding getCurrentUrl on session 319642172572fdf8090d6c9115dd1193 to remote] DEBUG org.asynchttpclient.netty.request.NettyRequestSender - Using pooled Channel '[id: 0x807b5911, L:/127.0.0.1:56618 - R:localhost/127.0.0.1:49921]' for 'GET' to 'http://localhost:49921/session/319642172572fdf8090d6c9115dd1193/url'
12:37:12.394 [Forwarding getCurrentUrl on session 319642172572fdf8090d6c9115dd1193 to remote] DEBUG org.asynchttpclient.netty.request.NettyRequestSender - Using open Channel [id: 0x807b5911, L:/127.0.0.1:56618 - R:localhost/127.0.0.1:49921] for GET '/session/319642172572fdf8090d6c9115dd1193/url'
12:37:12.424 [AsyncHttpClient-1-2] DEBUG org.asynchttpclient.netty.handler.HttpHandler - 

Request DefaultFullHttpRequest(decodeResult: success, version: HTTP/1.1, content: EmptyByteBufBE)
GET /session/319642172572fdf8090d6c9115dd1193/url HTTP/1.1
User-Agent: selenium/4.4.0 (java windows)
Cache-Control: no-cache
Content-Type: application/json; charset=utf-8
host: localhost:49921
accept: */*

Response DefaultHttpResponse(decodeResult: success, version: HTTP/1.1)
HTTP/1.1 200 OK
Content-Type: application/json; charset=utf-8
cache-control: no-cache
content-length: 48

12:37:12.424 [AsyncHttpClient-1-2] DEBUG org.asynchttpclient.netty.channel.ChannelManager - Adding key: http://localhost:49921 for channel [id: 0x807b5911, L:/127.0.0.1:56618 - R:localhost/127.0.0.1:49921]
12:37:12.431 [Test worker] DEBUG net.thucydides.core.steps.StepInterceptor - STARTING STEP: Product.performAs - {0} clicks on #target
12:37:12.431 [Test worker] DEBUG net.serenitybdd.screenplay.targets.IFrameSwitcher - default content already selected for selecciona EL CATEGORIA
12:37:12.484 [AsyncHttpClient-1-1] DEBUG org.asynchttpclient.netty.channel.DefaultChannelPool - Entry count for : http://localhost:56619 : 1
12:37:12.484 [AsyncHttpClient-1-1] DEBUG org.asynchttpclient.netty.channel.DefaultChannelPool - Entry count for : http://localhost:49921 : 1
12:37:12.531 [Forwarding findElement on session 319642172572fdf8090d6c9115dd1193 to remote] DEBUG org.asynchttpclient.netty.request.NettyRequestSender - Using pooled Channel '[id: 0x807b5911, L:/127.0.0.1:56618 - R:localhost/127.0.0.1:49921]' for 'POST' to 'http://localhost:49921/session/319642172572fdf8090d6c9115dd1193/element'
12:37:12.531 [Forwarding findElement on session 319642172572fdf8090d6c9115dd1193 to remote] DEBUG org.asynchttpclient.netty.request.NettyRequestSender - Using open Channel [id: 0x807b5911, L:/127.0.0.1:56618 - R:localhost/127.0.0.1:49921] for POST '/session/319642172572fdf8090d6c9115dd1193/element'
12:37:12.552 [AsyncHttpClient-1-2] DEBUG org.asynchttpclient.netty.handler.HttpHandler - 

Request DefaultHttpRequest(decodeResult: success, version: HTTP/1.1)
POST /session/319642172572fdf8090d6c9115dd1193/element HTTP/1.1
User-Agent: selenium/4.4.0 (java windows)
Content-Length: 109
Content-Type: application/json; charset=utf-8
host: localhost:49921
accept: */*

Response DefaultHttpResponse(decodeResult: success, version: HTTP/1.1)
HTTP/1.1 200 OK
Content-Type: application/json; charset=utf-8
cache-control: no-cache
content-length: 127

12:37:12.552 [AsyncHttpClient-1-2] DEBUG org.asynchttpclient.netty.channel.ChannelManager - Adding key: http://localhost:49921 for channel [id: 0x807b5911, L:/127.0.0.1:56618 - R:localhost/127.0.0.1:49921]
12:37:12.567 [Forwarding isElementDisplayed on session 319642172572fdf8090d6c9115dd1193 to remote] DEBUG org.asynchttpclient.netty.request.NettyRequestSender - Using pooled Channel '[id: 0x807b5911, L:/127.0.0.1:56618 - R:localhost/127.0.0.1:49921]' for 'POST' to 'http://localhost:49921/session/319642172572fdf8090d6c9115dd1193/execute/sync'
12:37:12.567 [Forwarding isElementDisplayed on session 319642172572fdf8090d6c9115dd1193 to remote] DEBUG org.asynchttpclient.netty.request.NettyRequestSender - Using open Channel [id: 0x807b5911, L:/127.0.0.1:56618 - R:localhost/127.0.0.1:49921] for POST '/session/319642172572fdf8090d6c9115dd1193/execute/sync'
12:37:12.600 [AsyncHttpClient-1-2] DEBUG org.asynchttpclient.netty.handler.HttpHandler - 

Request DefaultHttpRequest(decodeResult: success, version: HTTP/1.1)
POST /session/319642172572fdf8090d6c9115dd1193/execute/sync HTTP/1.1
User-Agent: selenium/4.4.0 (java windows)
Content-Length: 48819
Content-Type: application/json; charset=utf-8
host: localhost:49921
accept: */*

Response DefaultHttpResponse(decodeResult: success, version: HTTP/1.1)
HTTP/1.1 200 OK
Content-Type: application/json; charset=utf-8
cache-control: no-cache
content-length: 14

12:37:12.601 [AsyncHttpClient-1-2] DEBUG org.asynchttpclient.netty.channel.ChannelManager - Adding key: http://localhost:49921 for channel [id: 0x807b5911, L:/127.0.0.1:56618 - R:localhost/127.0.0.1:49921]
12:37:12.617 [Forwarding findElement on session 319642172572fdf8090d6c9115dd1193 to remote] DEBUG org.asynchttpclient.netty.request.NettyRequestSender - Using pooled Channel '[id: 0x807b5911, L:/127.0.0.1:56618 - R:localhost/127.0.0.1:49921]' for 'POST' to 'http://localhost:49921/session/319642172572fdf8090d6c9115dd1193/element'
12:37:12.617 [Forwarding findElement on session 319642172572fdf8090d6c9115dd1193 to remote] DEBUG org.asynchttpclient.netty.request.NettyRequestSender - Using open Channel [id: 0x807b5911, L:/127.0.0.1:56618 - R:localhost/127.0.0.1:49921] for POST '/session/319642172572fdf8090d6c9115dd1193/element'
12:37:12.647 [AsyncHttpClient-1-2] DEBUG org.asynchttpclient.netty.handler.HttpHandler - 

Request DefaultHttpRequest(decodeResult: success, version: HTTP/1.1)
POST /session/319642172572fdf8090d6c9115dd1193/element HTTP/1.1
User-Agent: selenium/4.4.0 (java windows)
Content-Length: 109
Content-Type: application/json; charset=utf-8
host: localhost:49921
accept: */*

Response DefaultHttpResponse(decodeResult: success, version: HTTP/1.1)
HTTP/1.1 200 OK
Content-Type: application/json; charset=utf-8
cache-control: no-cache
content-length: 127

12:37:12.648 [AsyncHttpClient-1-2] DEBUG org.asynchttpclient.netty.channel.ChannelManager - Adding key: http://localhost:49921 for channel [id: 0x807b5911, L:/127.0.0.1:56618 - R:localhost/127.0.0.1:49921]
12:37:12.649 [Forwarding clickElement on session 319642172572fdf8090d6c9115dd1193 to remote] DEBUG org.asynchttpclient.netty.request.NettyRequestSender - Using pooled Channel '[id: 0x807b5911, L:/127.0.0.1:56618 - R:localhost/127.0.0.1:49921]' for 'POST' to 'http://localhost:49921/session/319642172572fdf8090d6c9115dd1193/element/f.77D77E48C717A5F8144E3521F6891EC1.d.98F93C9F71D506324D6F1DC3E719B433.e.287/click'
12:37:12.650 [Forwarding clickElement on session 319642172572fdf8090d6c9115dd1193 to remote] DEBUG org.asynchttpclient.netty.request.NettyRequestSender - Using open Channel [id: 0x807b5911, L:/127.0.0.1:56618 - R:localhost/127.0.0.1:49921] for POST '/session/319642172572fdf8090d6c9115dd1193/element/f.77D77E48C717A5F8144E3521F6891EC1.d.98F93C9F71D506324D6F1DC3E719B433.e.287/click'
12:37:12.896 [AsyncHttpClient-1-2] DEBUG org.asynchttpclient.netty.handler.HttpHandler - 

Request DefaultHttpRequest(decodeResult: success, version: HTTP/1.1)
POST /session/319642172572fdf8090d6c9115dd1193/element/f.77D77E48C717A5F8144E3521F6891EC1.d.98F93C9F71D506324D6F1DC3E719B433.e.287/click HTTP/1.1
User-Agent: selenium/4.4.0 (java windows)
Content-Length: 89
Content-Type: application/json; charset=utf-8
host: localhost:49921
accept: */*

Response DefaultHttpResponse(decodeResult: success, version: HTTP/1.1)
HTTP/1.1 200 OK
Content-Type: application/json; charset=utf-8
cache-control: no-cache
content-length: 14

12:37:12.897 [AsyncHttpClient-1-2] DEBUG org.asynchttpclient.netty.channel.ChannelManager - Adding key: http://localhost:49921 for channel [id: 0x807b5911, L:/127.0.0.1:56618 - R:localhost/127.0.0.1:49921]
12:37:12.935 [Forwarding getCurrentWindowHandle on session 319642172572fdf8090d6c9115dd1193 to remote] DEBUG org.asynchttpclient.netty.request.NettyRequestSender - Using pooled Channel '[id: 0x807b5911, L:/127.0.0.1:56618 - R:localhost/127.0.0.1:49921]' for 'GET' to 'http://localhost:49921/session/319642172572fdf8090d6c9115dd1193/window'
12:37:12.936 [Forwarding getCurrentWindowHandle on session 319642172572fdf8090d6c9115dd1193 to remote] DEBUG org.asynchttpclient.netty.request.NettyRequestSender - Using open Channel [id: 0x807b5911, L:/127.0.0.1:56618 - R:localhost/127.0.0.1:49921] for GET '/session/319642172572fdf8090d6c9115dd1193/window'
12:37:12.941 [AsyncHttpClient-1-2] DEBUG org.asynchttpclient.netty.handler.HttpHandler - 

Request DefaultFullHttpRequest(decodeResult: success, version: HTTP/1.1, content: EmptyByteBufBE)
GET /session/319642172572fdf8090d6c9115dd1193/window HTTP/1.1
User-Agent: selenium/4.4.0 (java windows)
Cache-Control: no-cache
Content-Type: application/json; charset=utf-8
host: localhost:49921
accept: */*

Response DefaultHttpResponse(decodeResult: success, version: HTTP/1.1)
HTTP/1.1 200 OK
Content-Type: application/json; charset=utf-8
cache-control: no-cache
content-length: 44

12:37:12.942 [AsyncHttpClient-1-2] DEBUG org.asynchttpclient.netty.channel.ChannelManager - Adding key: http://localhost:49921 for channel [id: 0x807b5911, L:/127.0.0.1:56618 - R:localhost/127.0.0.1:49921]
12:37:12.952 [Forwarding getAlertText on session 319642172572fdf8090d6c9115dd1193 to remote] DEBUG org.asynchttpclient.netty.request.NettyRequestSender - Using pooled Channel '[id: 0x807b5911, L:/127.0.0.1:56618 - R:localhost/127.0.0.1:49921]' for 'GET' to 'http://localhost:49921/session/319642172572fdf8090d6c9115dd1193/alert/text'
12:37:12.952 [Forwarding getAlertText on session 319642172572fdf8090d6c9115dd1193 to remote] DEBUG org.asynchttpclient.netty.request.NettyRequestSender - Using open Channel [id: 0x807b5911, L:/127.0.0.1:56618 - R:localhost/127.0.0.1:49921] for GET '/session/319642172572fdf8090d6c9115dd1193/alert/text'
12:37:12.960 [AsyncHttpClient-1-2] DEBUG org.asynchttpclient.netty.handler.HttpHandler - 

Request DefaultFullHttpRequest(decodeResult: success, version: HTTP/1.1, content: EmptyByteBufBE)
GET /session/319642172572fdf8090d6c9115dd1193/alert/text HTTP/1.1
User-Agent: selenium/4.4.0 (java windows)
Cache-Control: no-cache
Content-Type: application/json; charset=utf-8
host: localhost:49921
accept: */*

Response DefaultHttpResponse(decodeResult: success, version: HTTP/1.1)
HTTP/1.1 404 Not Found
Content-Type: application/json; charset=utf-8
cache-control: no-cache
content-length: 1045

12:37:12.960 [AsyncHttpClient-1-2] DEBUG org.asynchttpclient.netty.channel.ChannelManager - Adding key: http://localhost:49921 for channel [id: 0x807b5911, L:/127.0.0.1:56618 - R:localhost/127.0.0.1:49921]
12:37:12.970 [Forwarding switchToWindow on session 319642172572fdf8090d6c9115dd1193 to remote] DEBUG org.asynchttpclient.netty.request.NettyRequestSender - Using pooled Channel '[id: 0x807b5911, L:/127.0.0.1:56618 - R:localhost/127.0.0.1:49921]' for 'POST' to 'http://localhost:49921/session/319642172572fdf8090d6c9115dd1193/window'
12:37:12.970 [Forwarding switchToWindow on session 319642172572fdf8090d6c9115dd1193 to remote] DEBUG org.asynchttpclient.netty.request.NettyRequestSender - Using open Channel [id: 0x807b5911, L:/127.0.0.1:56618 - R:localhost/127.0.0.1:49921] for POST '/session/319642172572fdf8090d6c9115dd1193/window'
12:37:12.974 [AsyncHttpClient-1-2] DEBUG org.asynchttpclient.netty.handler.HttpHandler - 

Request DefaultHttpRequest(decodeResult: success, version: HTTP/1.1)
POST /session/319642172572fdf8090d6c9115dd1193/window HTTP/1.1
User-Agent: selenium/4.4.0 (java windows)
Content-Length: 50
Content-Type: application/json; charset=utf-8
host: localhost:49921
accept: */*

Response DefaultHttpResponse(decodeResult: success, version: HTTP/1.1)
HTTP/1.1 200 OK
Content-Type: application/json; charset=utf-8
cache-control: no-cache
content-length: 14

12:37:12.975 [AsyncHttpClient-1-2] DEBUG org.asynchttpclient.netty.channel.ChannelManager - Adding key: http://localhost:49921 for channel [id: 0x807b5911, L:/127.0.0.1:56618 - R:localhost/127.0.0.1:49921]
12:37:12.976 [Forwarding getCurrentUrl on session 319642172572fdf8090d6c9115dd1193 to remote] DEBUG org.asynchttpclient.netty.request.NettyRequestSender - Using pooled Channel '[id: 0x807b5911, L:/127.0.0.1:56618 - R:localhost/127.0.0.1:49921]' for 'GET' to 'http://localhost:49921/session/319642172572fdf8090d6c9115dd1193/url'
12:37:12.976 [Forwarding getCurrentUrl on session 319642172572fdf8090d6c9115dd1193 to remote] DEBUG org.asynchttpclient.netty.request.NettyRequestSender - Using open Channel [id: 0x807b5911, L:/127.0.0.1:56618 - R:localhost/127.0.0.1:49921] for GET '/session/319642172572fdf8090d6c9115dd1193/url'
12:37:13.000 [AsyncHttpClient-1-2] DEBUG org.asynchttpclient.netty.handler.HttpHandler - 

Request DefaultFullHttpRequest(decodeResult: success, version: HTTP/1.1, content: EmptyByteBufBE)
GET /session/319642172572fdf8090d6c9115dd1193/url HTTP/1.1
User-Agent: selenium/4.4.0 (java windows)
Cache-Control: no-cache
Content-Type: application/json; charset=utf-8
host: localhost:49921
accept: */*

Response DefaultHttpResponse(decodeResult: success, version: HTTP/1.1)
HTTP/1.1 200 OK
Content-Type: application/json; charset=utf-8
cache-control: no-cache
content-length: 49

12:37:13.000 [AsyncHttpClient-1-2] DEBUG org.asynchttpclient.netty.channel.ChannelManager - Adding key: http://localhost:49921 for channel [id: 0x807b5911, L:/127.0.0.1:56618 - R:localhost/127.0.0.1:49921]
12:37:13.001 [Forwarding screenshot on session 319642172572fdf8090d6c9115dd1193 to remote] DEBUG org.asynchttpclient.netty.request.NettyRequestSender - Using pooled Channel '[id: 0x807b5911, L:/127.0.0.1:56618 - R:localhost/127.0.0.1:49921]' for 'GET' to 'http://localhost:49921/session/319642172572fdf8090d6c9115dd1193/screenshot'
12:37:13.001 [Forwarding screenshot on session 319642172572fdf8090d6c9115dd1193 to remote] DEBUG org.asynchttpclient.netty.request.NettyRequestSender - Using open Channel [id: 0x807b5911, L:/127.0.0.1:56618 - R:localhost/127.0.0.1:49921] for GET '/session/319642172572fdf8090d6c9115dd1193/screenshot'
12:37:13.181 [AsyncHttpClient-1-2] DEBUG org.asynchttpclient.netty.handler.HttpHandler - 

Request DefaultFullHttpRequest(decodeResult: success, version: HTTP/1.1, content: EmptyByteBufBE)
GET /session/319642172572fdf8090d6c9115dd1193/screenshot HTTP/1.1
User-Agent: selenium/4.4.0 (java windows)
Cache-Control: no-cache
Content-Type: application/json; charset=utf-8
host: localhost:49921
accept: */*

Response DefaultHttpResponse(decodeResult: success, version: HTTP/1.1)
HTTP/1.1 200 OK
Content-Type: application/json; charset=utf-8
cache-control: no-cache
content-length: 664392

12:37:13.184 [AsyncHttpClient-1-2] DEBUG org.asynchttpclient.netty.channel.ChannelManager - Adding key: http://localhost:49921 for channel [id: 0x807b5911, L:/127.0.0.1:56618 - R:localhost/127.0.0.1:49921]
12:37:13.200 [Test worker] DEBUG net.serenitybdd.core.photography.Darkroom - Send negative for processing for C:\Users\pcnit\Downloads\TestE2E\target\site\serenity\f09f06bd7b2f3a9a14e7b58525a6579fdb5e69be9fcd371002bc1c7cc0b51f9b.png
12:37:13.212 [Forwarding getPageSource on session 319642172572fdf8090d6c9115dd1193 to remote] DEBUG org.asynchttpclient.netty.request.NettyRequestSender - Using pooled Channel '[id: 0x807b5911, L:/127.0.0.1:56618 - R:localhost/127.0.0.1:49921]' for 'POST' to 'http://localhost:49921/session/319642172572fdf8090d6c9115dd1193/execute/sync'
12:37:13.212 [Forwarding getPageSource on session 319642172572fdf8090d6c9115dd1193 to remote] DEBUG org.asynchttpclient.netty.request.NettyRequestSender - Using open Channel [id: 0x807b5911, L:/127.0.0.1:56618 - R:localhost/127.0.0.1:49921] for POST '/session/319642172572fdf8090d6c9115dd1193/execute/sync'
12:37:13.228 [AsyncHttpClient-1-2] DEBUG org.asynchttpclient.netty.handler.HttpHandler - 

Request DefaultHttpRequest(decodeResult: success, version: HTTP/1.1)
POST /session/319642172572fdf8090d6c9115dd1193/execute/sync HTTP/1.1
User-Agent: selenium/4.4.0 (java windows)
Content-Length: 176
Content-Type: application/json; charset=utf-8
host: localhost:49921
accept: */*

Response DefaultHttpResponse(decodeResult: success, version: HTTP/1.1)
HTTP/1.1 200 OK
Content-Type: application/json; charset=utf-8
cache-control: no-cache
content-length: 52718

12:37:13.228 [AsyncHttpClient-1-2] DEBUG org.asynchttpclient.netty.channel.ChannelManager - Adding key: http://localhost:49921 for channel [id: 0x807b5911, L:/127.0.0.1:56618 - R:localhost/127.0.0.1:49921]
12:37:13.235 [Forwarding getCurrentUrl on session 319642172572fdf8090d6c9115dd1193 to remote] DEBUG org.asynchttpclient.netty.request.NettyRequestSender - Using pooled Channel '[id: 0x807b5911, L:/127.0.0.1:56618 - R:localhost/127.0.0.1:49921]' for 'GET' to 'http://localhost:49921/session/319642172572fdf8090d6c9115dd1193/url'
12:37:13.235 [Forwarding getCurrentUrl on session 319642172572fdf8090d6c9115dd1193 to remote] DEBUG org.asynchttpclient.netty.request.NettyRequestSender - Using open Channel [id: 0x807b5911, L:/127.0.0.1:56618 - R:localhost/127.0.0.1:49921] for GET '/session/319642172572fdf8090d6c9115dd1193/url'
12:37:13.248 [AsyncHttpClient-1-2] DEBUG org.asynchttpclient.netty.handler.HttpHandler - 

Request DefaultFullHttpRequest(decodeResult: success, version: HTTP/1.1, content: EmptyByteBufBE)
GET /session/319642172572fdf8090d6c9115dd1193/url HTTP/1.1
User-Agent: selenium/4.4.0 (java windows)
Cache-Control: no-cache
Content-Type: application/json; charset=utf-8
host: localhost:49921
accept: */*

Response DefaultHttpResponse(decodeResult: success, version: HTTP/1.1)
HTTP/1.1 200 OK
Content-Type: application/json; charset=utf-8
cache-control: no-cache
content-length: 49

12:37:13.248 [AsyncHttpClient-1-2] DEBUG org.asynchttpclient.netty.channel.ChannelManager - Adding key: http://localhost:49921 for channel [id: 0x807b5911, L:/127.0.0.1:56618 - R:localhost/127.0.0.1:49921]
12:37:13.286 [Forwarding getCurrentWindowHandle on session 319642172572fdf8090d6c9115dd1193 to remote] DEBUG org.asynchttpclient.netty.request.NettyRequestSender - Using pooled Channel '[id: 0x807b5911, L:/127.0.0.1:56618 - R:localhost/127.0.0.1:49921]' for 'GET' to 'http://localhost:49921/session/319642172572fdf8090d6c9115dd1193/window'
12:37:13.286 [Forwarding getCurrentWindowHandle on session 319642172572fdf8090d6c9115dd1193 to remote] DEBUG org.asynchttpclient.netty.request.NettyRequestSender - Using open Channel [id: 0x807b5911, L:/127.0.0.1:56618 - R:localhost/127.0.0.1:49921] for GET '/session/319642172572fdf8090d6c9115dd1193/window'
12:37:13.293 [AsyncHttpClient-1-2] DEBUG org.asynchttpclient.netty.handler.HttpHandler - 

Request DefaultFullHttpRequest(decodeResult: success, version: HTTP/1.1, content: EmptyByteBufBE)
GET /session/319642172572fdf8090d6c9115dd1193/window HTTP/1.1
User-Agent: selenium/4.4.0 (java windows)
Cache-Control: no-cache
Content-Type: application/json; charset=utf-8
host: localhost:49921
accept: */*

Response DefaultHttpResponse(decodeResult: success, version: HTTP/1.1)
HTTP/1.1 200 OK
Content-Type: application/json; charset=utf-8
cache-control: no-cache
content-length: 44

12:37:13.293 [AsyncHttpClient-1-2] DEBUG org.asynchttpclient.netty.channel.ChannelManager - Adding key: http://localhost:49921 for channel [id: 0x807b5911, L:/127.0.0.1:56618 - R:localhost/127.0.0.1:49921]
12:37:13.299 [Forwarding getAlertText on session 319642172572fdf8090d6c9115dd1193 to remote] DEBUG org.asynchttpclient.netty.request.NettyRequestSender - Using pooled Channel '[id: 0x807b5911, L:/127.0.0.1:56618 - R:localhost/127.0.0.1:49921]' for 'GET' to 'http://localhost:49921/session/319642172572fdf8090d6c9115dd1193/alert/text'
12:37:13.300 [Forwarding getAlertText on session 319642172572fdf8090d6c9115dd1193 to remote] DEBUG org.asynchttpclient.netty.request.NettyRequestSender - Using open Channel [id: 0x807b5911, L:/127.0.0.1:56618 - R:localhost/127.0.0.1:49921] for GET '/session/319642172572fdf8090d6c9115dd1193/alert/text'
12:37:13.311 [AsyncHttpClient-1-2] DEBUG org.asynchttpclient.netty.handler.HttpHandler - 

Request DefaultFullHttpRequest(decodeResult: success, version: HTTP/1.1, content: EmptyByteBufBE)
GET /session/319642172572fdf8090d6c9115dd1193/alert/text HTTP/1.1
User-Agent: selenium/4.4.0 (java windows)
Cache-Control: no-cache
Content-Type: application/json; charset=utf-8
host: localhost:49921
accept: */*

Response DefaultHttpResponse(decodeResult: success, version: HTTP/1.1)
HTTP/1.1 404 Not Found
Content-Type: application/json; charset=utf-8
cache-control: no-cache
content-length: 1045

12:37:13.311 [AsyncHttpClient-1-2] DEBUG org.asynchttpclient.netty.channel.ChannelManager - Adding key: http://localhost:49921 for channel [id: 0x807b5911, L:/127.0.0.1:56618 - R:localhost/127.0.0.1:49921]
12:37:13.325 [Forwarding switchToWindow on session 319642172572fdf8090d6c9115dd1193 to remote] DEBUG org.asynchttpclient.netty.request.NettyRequestSender - Using pooled Channel '[id: 0x807b5911, L:/127.0.0.1:56618 - R:localhost/127.0.0.1:49921]' for 'POST' to 'http://localhost:49921/session/319642172572fdf8090d6c9115dd1193/window'
12:37:13.325 [Forwarding switchToWindow on session 319642172572fdf8090d6c9115dd1193 to remote] DEBUG org.asynchttpclient.netty.request.NettyRequestSender - Using open Channel [id: 0x807b5911, L:/127.0.0.1:56618 - R:localhost/127.0.0.1:49921] for POST '/session/319642172572fdf8090d6c9115dd1193/window'
12:37:13.329 [AsyncHttpClient-1-2] DEBUG org.asynchttpclient.netty.handler.HttpHandler - 

Request DefaultHttpRequest(decodeResult: success, version: HTTP/1.1)
POST /session/319642172572fdf8090d6c9115dd1193/window HTTP/1.1
User-Agent: selenium/4.4.0 (java windows)
Content-Length: 50
Content-Type: application/json; charset=utf-8
host: localhost:49921
accept: */*

Response DefaultHttpResponse(decodeResult: success, version: HTTP/1.1)
HTTP/1.1 200 OK
Content-Type: application/json; charset=utf-8
cache-control: no-cache
content-length: 14

12:37:13.330 [AsyncHttpClient-1-2] DEBUG org.asynchttpclient.netty.channel.ChannelManager - Adding key: http://localhost:49921 for channel [id: 0x807b5911, L:/127.0.0.1:56618 - R:localhost/127.0.0.1:49921]
12:37:13.331 [Forwarding getCurrentUrl on session 319642172572fdf8090d6c9115dd1193 to remote] DEBUG org.asynchttpclient.netty.request.NettyRequestSender - Using pooled Channel '[id: 0x807b5911, L:/127.0.0.1:56618 - R:localhost/127.0.0.1:49921]' for 'GET' to 'http://localhost:49921/session/319642172572fdf8090d6c9115dd1193/url'
12:37:13.331 [Forwarding getCurrentUrl on session 319642172572fdf8090d6c9115dd1193 to remote] DEBUG org.asynchttpclient.netty.request.NettyRequestSender - Using open Channel [id: 0x807b5911, L:/127.0.0.1:56618 - R:localhost/127.0.0.1:49921] for GET '/session/319642172572fdf8090d6c9115dd1193/url'
12:37:13.348 [AsyncHttpClient-1-2] DEBUG org.asynchttpclient.netty.handler.HttpHandler - 

Request DefaultFullHttpRequest(decodeResult: success, version: HTTP/1.1, content: EmptyByteBufBE)
GET /session/319642172572fdf8090d6c9115dd1193/url HTTP/1.1
User-Agent: selenium/4.4.0 (java windows)
Cache-Control: no-cache
Content-Type: application/json; charset=utf-8
host: localhost:49921
accept: */*

Response DefaultHttpResponse(decodeResult: success, version: HTTP/1.1)
HTTP/1.1 200 OK
Content-Type: application/json; charset=utf-8
cache-control: no-cache
content-length: 49

12:37:13.348 [AsyncHttpClient-1-2] DEBUG org.asynchttpclient.netty.channel.ChannelManager - Adding key: http://localhost:49921 for channel [id: 0x807b5911, L:/127.0.0.1:56618 - R:localhost/127.0.0.1:49921]
12:37:13.349 [Forwarding screenshot on session 319642172572fdf8090d6c9115dd1193 to remote] DEBUG org.asynchttpclient.netty.request.NettyRequestSender - Using pooled Channel '[id: 0x807b5911, L:/127.0.0.1:56618 - R:localhost/127.0.0.1:49921]' for 'GET' to 'http://localhost:49921/session/319642172572fdf8090d6c9115dd1193/screenshot'
12:37:13.349 [Forwarding screenshot on session 319642172572fdf8090d6c9115dd1193 to remote] DEBUG org.asynchttpclient.netty.request.NettyRequestSender - Using open Channel [id: 0x807b5911, L:/127.0.0.1:56618 - R:localhost/127.0.0.1:49921] for GET '/session/319642172572fdf8090d6c9115dd1193/screenshot'
12:37:13.537 [AsyncHttpClient-1-2] DEBUG org.asynchttpclient.netty.handler.HttpHandler - 

Request DefaultFullHttpRequest(decodeResult: success, version: HTTP/1.1, content: EmptyByteBufBE)
GET /session/319642172572fdf8090d6c9115dd1193/screenshot HTTP/1.1
User-Agent: selenium/4.4.0 (java windows)
Cache-Control: no-cache
Content-Type: application/json; charset=utf-8
host: localhost:49921
accept: */*

Response DefaultHttpResponse(decodeResult: success, version: HTTP/1.1)
HTTP/1.1 200 OK
Content-Type: application/json; charset=utf-8
cache-control: no-cache
content-length: 508408

12:37:13.539 [AsyncHttpClient-1-2] DEBUG org.asynchttpclient.netty.channel.ChannelManager - Adding key: http://localhost:49921 for channel [id: 0x807b5911, L:/127.0.0.1:56618 - R:localhost/127.0.0.1:49921]
12:37:13.553 [Test worker] DEBUG net.serenitybdd.core.photography.Darkroom - Send negative for processing for C:\Users\pcnit\Downloads\TestE2E\target\site\serenity\a728970843f34075edbaa21574d69128a47f49a5a73e27022fd00c0f10d4d9e5.png
12:37:13.553 [Darkroom Processing Line] DEBUG net.serenitybdd.core.photography.DarkroomProcessingLine - Processing screenshot image in /var/screenshots/screenshot-14543524584710317139
12:37:13.554 [Darkroom Processing Line] DEBUG net.serenitybdd.core.photography.DarkroomProcessingLine - Saving screenshot to C:\Users\pcnit\Downloads\TestE2E\target\site\serenity\a728970843f34075edbaa21574d69128a47f49a5a73e27022fd00c0f10d4d9e5.png
12:37:13.554 [Test worker] DEBUG net.thucydides.core.steps.StepInterceptor - STEP DONE: {0} clicks on #target
12:37:13.563 [Test worker] DEBUG net.serenitybdd.screenplay.targets.IFrameSwitcher - default content already selected for selecciona EL PRODUCTO
12:37:13.579 [Forwarding getCurrentUrl on session 319642172572fdf8090d6c9115dd1193 to remote] DEBUG org.asynchttpclient.netty.request.NettyRequestSender - Using pooled Channel '[id: 0x807b5911, L:/127.0.0.1:56618 - R:localhost/127.0.0.1:49921]' for 'GET' to 'http://localhost:49921/session/319642172572fdf8090d6c9115dd1193/url'
12:37:13.580 [Forwarding getCurrentUrl on session 319642172572fdf8090d6c9115dd1193 to remote] DEBUG org.asynchttpclient.netty.request.NettyRequestSender - Using open Channel [id: 0x807b5911, L:/127.0.0.1:56618 - R:localhost/127.0.0.1:49921] for GET '/session/319642172572fdf8090d6c9115dd1193/url'
12:37:13.590 [AsyncHttpClient-1-1] DEBUG org.asynchttpclient.netty.channel.DefaultChannelPool - Entry count for : http://localhost:56619 : 1
12:37:13.592 [AsyncHttpClient-1-2] DEBUG org.asynchttpclient.netty.handler.HttpHandler - 

Request DefaultFullHttpRequest(decodeResult: success, version: HTTP/1.1, content: EmptyByteBufBE)
GET /session/319642172572fdf8090d6c9115dd1193/url HTTP/1.1
User-Agent: selenium/4.4.0 (java windows)
Cache-Control: no-cache
Content-Type: application/json; charset=utf-8
host: localhost:49921
accept: */*

Response DefaultHttpResponse(decodeResult: success, version: HTTP/1.1)
HTTP/1.1 200 OK
Content-Type: application/json; charset=utf-8
cache-control: no-cache
content-length: 49

12:37:13.592 [AsyncHttpClient-1-2] DEBUG org.asynchttpclient.netty.channel.ChannelManager - Adding key: http://localhost:49921 for channel [id: 0x807b5911, L:/127.0.0.1:56618 - R:localhost/127.0.0.1:49921]
12:37:13.613 [Forwarding findElement on session 319642172572fdf8090d6c9115dd1193 to remote] DEBUG org.asynchttpclient.netty.request.NettyRequestSender - Using pooled Channel '[id: 0x807b5911, L:/127.0.0.1:56618 - R:localhost/127.0.0.1:49921]' for 'POST' to 'http://localhost:49921/session/319642172572fdf8090d6c9115dd1193/element'
12:37:13.613 [Forwarding findElement on session 319642172572fdf8090d6c9115dd1193 to remote] DEBUG org.asynchttpclient.netty.request.NettyRequestSender - Using open Channel [id: 0x807b5911, L:/127.0.0.1:56618 - R:localhost/127.0.0.1:49921] for POST '/session/319642172572fdf8090d6c9115dd1193/element'
12:37:13.629 [AsyncHttpClient-1-2] DEBUG org.asynchttpclient.netty.handler.HttpHandler - 

Request DefaultHttpRequest(decodeResult: success, version: HTTP/1.1)
POST /session/319642172572fdf8090d6c9115dd1193/element HTTP/1.1
User-Agent: selenium/4.4.0 (java windows)
Content-Length: 112
Content-Type: application/json; charset=utf-8
host: localhost:49921
accept: */*

Response DefaultHttpResponse(decodeResult: success, version: HTTP/1.1)
HTTP/1.1 200 OK
Content-Type: application/json; charset=utf-8
cache-control: no-cache
content-length: 127

12:37:13.630 [AsyncHttpClient-1-2] DEBUG org.asynchttpclient.netty.channel.ChannelManager - Adding key: http://localhost:49921 for channel [id: 0x807b5911, L:/127.0.0.1:56618 - R:localhost/127.0.0.1:49921]
12:37:13.640 [Forwarding executeScript on session 319642172572fdf8090d6c9115dd1193 to remote] DEBUG org.asynchttpclient.netty.request.NettyRequestSender - Using pooled Channel '[id: 0x807b5911, L:/127.0.0.1:56618 - R:localhost/127.0.0.1:49921]' for 'POST' to 'http://localhost:49921/session/319642172572fdf8090d6c9115dd1193/execute/sync'
12:37:13.640 [Forwarding executeScript on session 319642172572fdf8090d6c9115dd1193 to remote] DEBUG org.asynchttpclient.netty.request.NettyRequestSender - Using open Channel [id: 0x807b5911, L:/127.0.0.1:56618 - R:localhost/127.0.0.1:49921] for POST '/session/319642172572fdf8090d6c9115dd1193/execute/sync'
12:37:13.658 [AsyncHttpClient-1-2] DEBUG org.asynchttpclient.netty.handler.HttpHandler - 

Request DefaultHttpRequest(decodeResult: success, version: HTTP/1.1)
POST /session/319642172572fdf8090d6c9115dd1193/execute/sync HTTP/1.1
User-Agent: selenium/4.4.0 (java windows)
Content-Length: 318
Content-Type: application/json; charset=utf-8
host: localhost:49921
accept: */*

Response DefaultHttpResponse(decodeResult: success, version: HTTP/1.1)
HTTP/1.1 200 OK
Content-Type: application/json; charset=utf-8
cache-control: no-cache
content-length: 14

12:37:13.658 [AsyncHttpClient-1-2] DEBUG org.asynchttpclient.netty.channel.ChannelManager - Adding key: http://localhost:49921 for channel [id: 0x807b5911, L:/127.0.0.1:56618 - R:localhost/127.0.0.1:49921]
12:37:13.710 [Test worker] DEBUG net.serenitybdd.screenplay.targets.IFrameSwitcher - default content already selected for selecciona EL PRODUCTO
12:37:13.718 [Forwarding findElements on session 319642172572fdf8090d6c9115dd1193 to remote] DEBUG org.asynchttpclient.netty.request.NettyRequestSender - Using pooled Channel '[id: 0x807b5911, L:/127.0.0.1:56618 - R:localhost/127.0.0.1:49921]' for 'POST' to 'http://localhost:49921/session/319642172572fdf8090d6c9115dd1193/elements'
12:37:13.719 [Forwarding findElements on session 319642172572fdf8090d6c9115dd1193 to remote] DEBUG org.asynchttpclient.netty.request.NettyRequestSender - Using open Channel [id: 0x807b5911, L:/127.0.0.1:56618 - R:localhost/127.0.0.1:49921] for POST '/session/319642172572fdf8090d6c9115dd1193/elements'
12:37:13.733 [AsyncHttpClient-1-2] DEBUG org.asynchttpclient.netty.handler.HttpHandler - 

Request DefaultHttpRequest(decodeResult: success, version: HTTP/1.1)
POST /session/319642172572fdf8090d6c9115dd1193/elements HTTP/1.1
User-Agent: selenium/4.4.0 (java windows)
Content-Length: 112
Content-Type: application/json; charset=utf-8
host: localhost:49921
accept: */*

Response DefaultHttpResponse(decodeResult: success, version: HTTP/1.1)
HTTP/1.1 200 OK
Content-Type: application/json; charset=utf-8
cache-control: no-cache
content-length: 129

12:37:13.733 [AsyncHttpClient-1-2] DEBUG org.asynchttpclient.netty.channel.ChannelManager - Adding key: http://localhost:49921 for channel [id: 0x807b5911, L:/127.0.0.1:56618 - R:localhost/127.0.0.1:49921]
12:37:13.763 [Forwarding isElementEnabled on session 319642172572fdf8090d6c9115dd1193 to remote] DEBUG org.asynchttpclient.netty.request.NettyRequestSender - Using pooled Channel '[id: 0x807b5911, L:/127.0.0.1:56618 - R:localhost/127.0.0.1:49921]' for 'GET' to 'http://localhost:49921/session/319642172572fdf8090d6c9115dd1193/element/f.77D77E48C717A5F8144E3521F6891EC1.d.98F93C9F71D506324D6F1DC3E719B433.e.293/enabled'
12:37:13.763 [Forwarding isElementEnabled on session 319642172572fdf8090d6c9115dd1193 to remote] DEBUG org.asynchttpclient.netty.request.NettyRequestSender - Using open Channel [id: 0x807b5911, L:/127.0.0.1:56618 - R:localhost/127.0.0.1:49921] for GET '/session/319642172572fdf8090d6c9115dd1193/element/f.77D77E48C717A5F8144E3521F6891EC1.d.98F93C9F71D506324D6F1DC3E719B433.e.293/enabled'
12:37:13.780 [AsyncHttpClient-1-2] DEBUG org.asynchttpclient.netty.handler.HttpHandler - 

Request DefaultFullHttpRequest(decodeResult: success, version: HTTP/1.1, content: EmptyByteBufBE)
GET /session/319642172572fdf8090d6c9115dd1193/element/f.77D77E48C717A5F8144E3521F6891EC1.d.98F93C9F71D506324D6F1DC3E719B433.e.293/enabled HTTP/1.1
User-Agent: selenium/4.4.0 (java windows)
Cache-Control: no-cache
Content-Type: application/json; charset=utf-8
host: localhost:49921
accept: */*

Response DefaultHttpResponse(decodeResult: success, version: HTTP/1.1)
HTTP/1.1 200 OK
Content-Type: application/json; charset=utf-8
cache-control: no-cache
content-length: 14

12:37:13.781 [AsyncHttpClient-1-2] DEBUG org.asynchttpclient.netty.channel.ChannelManager - Adding key: http://localhost:49921 for channel [id: 0x807b5911, L:/127.0.0.1:56618 - R:localhost/127.0.0.1:49921]
12:37:13.795 [Forwarding isElementEnabled on session 319642172572fdf8090d6c9115dd1193 to remote] DEBUG org.asynchttpclient.netty.request.NettyRequestSender - Using pooled Channel '[id: 0x807b5911, L:/127.0.0.1:56618 - R:localhost/127.0.0.1:49921]' for 'GET' to 'http://localhost:49921/session/319642172572fdf8090d6c9115dd1193/element/f.77D77E48C717A5F8144E3521F6891EC1.d.98F93C9F71D506324D6F1DC3E719B433.e.293/enabled'
12:37:13.795 [Forwarding isElementEnabled on session 319642172572fdf8090d6c9115dd1193 to remote] DEBUG org.asynchttpclient.netty.request.NettyRequestSender - Using open Channel [id: 0x807b5911, L:/127.0.0.1:56618 - R:localhost/127.0.0.1:49921] for GET '/session/319642172572fdf8090d6c9115dd1193/element/f.77D77E48C717A5F8144E3521F6891EC1.d.98F93C9F71D506324D6F1DC3E719B433.e.293/enabled'
12:37:13.817 [AsyncHttpClient-1-2] DEBUG org.asynchttpclient.netty.handler.HttpHandler - 

Request DefaultFullHttpRequest(decodeResult: success, version: HTTP/1.1, content: EmptyByteBufBE)
GET /session/319642172572fdf8090d6c9115dd1193/element/f.77D77E48C717A5F8144E3521F6891EC1.d.98F93C9F71D506324D6F1DC3E719B433.e.293/enabled HTTP/1.1
User-Agent: selenium/4.4.0 (java windows)
Cache-Control: no-cache
Content-Type: application/json; charset=utf-8
host: localhost:49921
accept: */*

Response DefaultHttpResponse(decodeResult: success, version: HTTP/1.1)
HTTP/1.1 200 OK
Content-Type: application/json; charset=utf-8
cache-control: no-cache
content-length: 14

12:37:13.818 [AsyncHttpClient-1-2] DEBUG org.asynchttpclient.netty.channel.ChannelManager - Adding key: http://localhost:49921 for channel [id: 0x807b5911, L:/127.0.0.1:56618 - R:localhost/127.0.0.1:49921]
12:37:13.875 [Forwarding getCurrentWindowHandle on session 319642172572fdf8090d6c9115dd1193 to remote] DEBUG org.asynchttpclient.netty.request.NettyRequestSender - Using pooled Channel '[id: 0x807b5911, L:/127.0.0.1:56618 - R:localhost/127.0.0.1:49921]' for 'GET' to 'http://localhost:49921/session/319642172572fdf8090d6c9115dd1193/window'
12:37:13.875 [Forwarding getCurrentWindowHandle on session 319642172572fdf8090d6c9115dd1193 to remote] DEBUG org.asynchttpclient.netty.request.NettyRequestSender - Using open Channel [id: 0x807b5911, L:/127.0.0.1:56618 - R:localhost/127.0.0.1:49921] for GET '/session/319642172572fdf8090d6c9115dd1193/window'
12:37:13.881 [AsyncHttpClient-1-2] DEBUG org.asynchttpclient.netty.handler.HttpHandler - 

Request DefaultFullHttpRequest(decodeResult: success, version: HTTP/1.1, content: EmptyByteBufBE)
GET /session/319642172572fdf8090d6c9115dd1193/window HTTP/1.1
User-Agent: selenium/4.4.0 (java windows)
Cache-Control: no-cache
Content-Type: application/json; charset=utf-8
host: localhost:49921
accept: */*

Response DefaultHttpResponse(decodeResult: success, version: HTTP/1.1)
HTTP/1.1 200 OK
Content-Type: application/json; charset=utf-8
cache-control: no-cache
content-length: 44

12:37:13.881 [AsyncHttpClient-1-2] DEBUG org.asynchttpclient.netty.channel.ChannelManager - Adding key: http://localhost:49921 for channel [id: 0x807b5911, L:/127.0.0.1:56618 - R:localhost/127.0.0.1:49921]
12:37:13.893 [Forwarding getAlertText on session 319642172572fdf8090d6c9115dd1193 to remote] DEBUG org.asynchttpclient.netty.request.NettyRequestSender - Using pooled Channel '[id: 0x807b5911, L:/127.0.0.1:56618 - R:localhost/127.0.0.1:49921]' for 'GET' to 'http://localhost:49921/session/319642172572fdf8090d6c9115dd1193/alert/text'
12:37:13.894 [Forwarding getAlertText on session 319642172572fdf8090d6c9115dd1193 to remote] DEBUG org.asynchttpclient.netty.request.NettyRequestSender - Using open Channel [id: 0x807b5911, L:/127.0.0.1:56618 - R:localhost/127.0.0.1:49921] for GET '/session/319642172572fdf8090d6c9115dd1193/alert/text'
12:37:13.900 [AsyncHttpClient-1-2] DEBUG org.asynchttpclient.netty.handler.HttpHandler - 

Request DefaultFullHttpRequest(decodeResult: success, version: HTTP/1.1, content: EmptyByteBufBE)
GET /session/319642172572fdf8090d6c9115dd1193/alert/text HTTP/1.1
User-Agent: selenium/4.4.0 (java windows)
Cache-Control: no-cache
Content-Type: application/json; charset=utf-8
host: localhost:49921
accept: */*

Response DefaultHttpResponse(decodeResult: success, version: HTTP/1.1)
HTTP/1.1 404 Not Found
Content-Type: application/json; charset=utf-8
cache-control: no-cache
content-length: 1045

12:37:13.901 [AsyncHttpClient-1-2] DEBUG org.asynchttpclient.netty.channel.ChannelManager - Adding key: http://localhost:49921 for channel [id: 0x807b5911, L:/127.0.0.1:56618 - R:localhost/127.0.0.1:49921]
12:37:13.916 [Forwarding switchToWindow on session 319642172572fdf8090d6c9115dd1193 to remote] DEBUG org.asynchttpclient.netty.request.NettyRequestSender - Using pooled Channel '[id: 0x807b5911, L:/127.0.0.1:56618 - R:localhost/127.0.0.1:49921]' for 'POST' to 'http://localhost:49921/session/319642172572fdf8090d6c9115dd1193/window'
12:37:13.916 [Forwarding switchToWindow on session 319642172572fdf8090d6c9115dd1193 to remote] DEBUG org.asynchttpclient.netty.request.NettyRequestSender - Using open Channel [id: 0x807b5911, L:/127.0.0.1:56618 - R:localhost/127.0.0.1:49921] for POST '/session/319642172572fdf8090d6c9115dd1193/window'
12:37:13.919 [AsyncHttpClient-1-2] DEBUG org.asynchttpclient.netty.handler.HttpHandler - 

Request DefaultHttpRequest(decodeResult: success, version: HTTP/1.1)
POST /session/319642172572fdf8090d6c9115dd1193/window HTTP/1.1
User-Agent: selenium/4.4.0 (java windows)
Content-Length: 50
Content-Type: application/json; charset=utf-8
host: localhost:49921
accept: */*

Response DefaultHttpResponse(decodeResult: success, version: HTTP/1.1)
HTTP/1.1 200 OK
Content-Type: application/json; charset=utf-8
cache-control: no-cache
content-length: 14

12:37:13.920 [AsyncHttpClient-1-2] DEBUG org.asynchttpclient.netty.channel.ChannelManager - Adding key: http://localhost:49921 for channel [id: 0x807b5911, L:/127.0.0.1:56618 - R:localhost/127.0.0.1:49921]
12:37:13.920 [Forwarding getCurrentUrl on session 319642172572fdf8090d6c9115dd1193 to remote] DEBUG org.asynchttpclient.netty.request.NettyRequestSender - Using pooled Channel '[id: 0x807b5911, L:/127.0.0.1:56618 - R:localhost/127.0.0.1:49921]' for 'GET' to 'http://localhost:49921/session/319642172572fdf8090d6c9115dd1193/url'
12:37:13.920 [Forwarding getCurrentUrl on session 319642172572fdf8090d6c9115dd1193 to remote] DEBUG org.asynchttpclient.netty.request.NettyRequestSender - Using open Channel [id: 0x807b5911, L:/127.0.0.1:56618 - R:localhost/127.0.0.1:49921] for GET '/session/319642172572fdf8090d6c9115dd1193/url'
12:37:13.940 [AsyncHttpClient-1-2] DEBUG org.asynchttpclient.netty.handler.HttpHandler - 

Request DefaultFullHttpRequest(decodeResult: success, version: HTTP/1.1, content: EmptyByteBufBE)
GET /session/319642172572fdf8090d6c9115dd1193/url HTTP/1.1
User-Agent: selenium/4.4.0 (java windows)
Cache-Control: no-cache
Content-Type: application/json; charset=utf-8
host: localhost:49921
accept: */*

Response DefaultHttpResponse(decodeResult: success, version: HTTP/1.1)
HTTP/1.1 200 OK
Content-Type: application/json; charset=utf-8
cache-control: no-cache
content-length: 49

12:37:13.940 [AsyncHttpClient-1-2] DEBUG org.asynchttpclient.netty.channel.ChannelManager - Adding key: http://localhost:49921 for channel [id: 0x807b5911, L:/127.0.0.1:56618 - R:localhost/127.0.0.1:49921]
12:37:13.942 [Forwarding screenshot on session 319642172572fdf8090d6c9115dd1193 to remote] DEBUG org.asynchttpclient.netty.request.NettyRequestSender - Using pooled Channel '[id: 0x807b5911, L:/127.0.0.1:56618 - R:localhost/127.0.0.1:49921]' for 'GET' to 'http://localhost:49921/session/319642172572fdf8090d6c9115dd1193/screenshot'
12:37:13.942 [Forwarding screenshot on session 319642172572fdf8090d6c9115dd1193 to remote] DEBUG org.asynchttpclient.netty.request.NettyRequestSender - Using open Channel [id: 0x807b5911, L:/127.0.0.1:56618 - R:localhost/127.0.0.1:49921] for GET '/session/319642172572fdf8090d6c9115dd1193/screenshot'
12:37:14.145 [AsyncHttpClient-1-2] DEBUG org.asynchttpclient.netty.handler.HttpHandler - 

Request DefaultFullHttpRequest(decodeResult: success, version: HTTP/1.1, content: EmptyByteBufBE)
GET /session/319642172572fdf8090d6c9115dd1193/screenshot HTTP/1.1
User-Agent: selenium/4.4.0 (java windows)
Cache-Control: no-cache
Content-Type: application/json; charset=utf-8
host: localhost:49921
accept: */*

Response DefaultHttpResponse(decodeResult: success, version: HTTP/1.1)
HTTP/1.1 200 OK
Content-Type: application/json; charset=utf-8
cache-control: no-cache
content-length: 487420

12:37:14.147 [AsyncHttpClient-1-2] DEBUG org.asynchttpclient.netty.channel.ChannelManager - Adding key: http://localhost:49921 for channel [id: 0x807b5911, L:/127.0.0.1:56618 - R:localhost/127.0.0.1:49921]
12:37:14.158 [Test worker] DEBUG net.serenitybdd.core.photography.Darkroom - Send negative for processing for C:\Users\pcnit\Downloads\TestE2E\target\site\serenity\bca90077828de234bc18c64ef98cb611460bbb3cc1a74ab694ac10f1bd7bab75.png
12:37:14.169 [Forwarding getPageSource on session 319642172572fdf8090d6c9115dd1193 to remote] DEBUG org.asynchttpclient.netty.request.NettyRequestSender - Using pooled Channel '[id: 0x807b5911, L:/127.0.0.1:56618 - R:localhost/127.0.0.1:49921]' for 'POST' to 'http://localhost:49921/session/319642172572fdf8090d6c9115dd1193/execute/sync'
12:37:14.169 [Forwarding getPageSource on session 319642172572fdf8090d6c9115dd1193 to remote] DEBUG org.asynchttpclient.netty.request.NettyRequestSender - Using open Channel [id: 0x807b5911, L:/127.0.0.1:56618 - R:localhost/127.0.0.1:49921] for POST '/session/319642172572fdf8090d6c9115dd1193/execute/sync'
12:37:14.179 [AsyncHttpClient-1-2] DEBUG org.asynchttpclient.netty.handler.HttpHandler - 

Request DefaultHttpRequest(decodeResult: success, version: HTTP/1.1)
POST /session/319642172572fdf8090d6c9115dd1193/execute/sync HTTP/1.1
User-Agent: selenium/4.4.0 (java windows)
Content-Length: 176
Content-Type: application/json; charset=utf-8
host: localhost:49921
accept: */*

Response DefaultHttpResponse(decodeResult: success, version: HTTP/1.1)
HTTP/1.1 200 OK
Content-Type: application/json; charset=utf-8
cache-control: no-cache
content-length: 52718

12:37:14.179 [AsyncHttpClient-1-2] DEBUG org.asynchttpclient.netty.channel.ChannelManager - Adding key: http://localhost:49921 for channel [id: 0x807b5911, L:/127.0.0.1:56618 - R:localhost/127.0.0.1:49921]
12:37:14.187 [Forwarding getCurrentUrl on session 319642172572fdf8090d6c9115dd1193 to remote] DEBUG org.asynchttpclient.netty.request.NettyRequestSender - Using pooled Channel '[id: 0x807b5911, L:/127.0.0.1:56618 - R:localhost/127.0.0.1:49921]' for 'GET' to 'http://localhost:49921/session/319642172572fdf8090d6c9115dd1193/url'
12:37:14.187 [Forwarding getCurrentUrl on session 319642172572fdf8090d6c9115dd1193 to remote] DEBUG org.asynchttpclient.netty.request.NettyRequestSender - Using open Channel [id: 0x807b5911, L:/127.0.0.1:56618 - R:localhost/127.0.0.1:49921] for GET '/session/319642172572fdf8090d6c9115dd1193/url'
12:37:14.204 [AsyncHttpClient-1-2] DEBUG org.asynchttpclient.netty.handler.HttpHandler - 

Request DefaultFullHttpRequest(decodeResult: success, version: HTTP/1.1, content: EmptyByteBufBE)
GET /session/319642172572fdf8090d6c9115dd1193/url HTTP/1.1
User-Agent: selenium/4.4.0 (java windows)
Cache-Control: no-cache
Content-Type: application/json; charset=utf-8
host: localhost:49921
accept: */*

Response DefaultHttpResponse(decodeResult: success, version: HTTP/1.1)
HTTP/1.1 200 OK
Content-Type: application/json; charset=utf-8
cache-control: no-cache
content-length: 49

12:37:14.205 [AsyncHttpClient-1-2] DEBUG org.asynchttpclient.netty.channel.ChannelManager - Adding key: http://localhost:49921 for channel [id: 0x807b5911, L:/127.0.0.1:56618 - R:localhost/127.0.0.1:49921]
12:37:14.213 [Test worker] DEBUG net.thucydides.core.steps.StepInterceptor - STARTING STEP: Product.performAs - {0} clicks on #target
12:37:14.214 [Test worker] DEBUG net.serenitybdd.screenplay.targets.IFrameSwitcher - default content already selected for selecciona EL PRODUCTO
12:37:14.272 [Forwarding findElement on session 319642172572fdf8090d6c9115dd1193 to remote] DEBUG org.asynchttpclient.netty.request.NettyRequestSender - Using pooled Channel '[id: 0x807b5911, L:/127.0.0.1:56618 - R:localhost/127.0.0.1:49921]' for 'POST' to 'http://localhost:49921/session/319642172572fdf8090d6c9115dd1193/element'
12:37:14.272 [Forwarding findElement on session 319642172572fdf8090d6c9115dd1193 to remote] DEBUG org.asynchttpclient.netty.request.NettyRequestSender - Using open Channel [id: 0x807b5911, L:/127.0.0.1:56618 - R:localhost/127.0.0.1:49921] for POST '/session/319642172572fdf8090d6c9115dd1193/element'
12:37:14.285 [AsyncHttpClient-1-2] DEBUG org.asynchttpclient.netty.handler.HttpHandler - 

Request DefaultHttpRequest(decodeResult: success, version: HTTP/1.1)
POST /session/319642172572fdf8090d6c9115dd1193/element HTTP/1.1
User-Agent: selenium/4.4.0 (java windows)
Content-Length: 112
Content-Type: application/json; charset=utf-8
host: localhost:49921
accept: */*

Response DefaultHttpResponse(decodeResult: success, version: HTTP/1.1)
HTTP/1.1 200 OK
Content-Type: application/json; charset=utf-8
cache-control: no-cache
content-length: 127

12:37:14.286 [AsyncHttpClient-1-2] DEBUG org.asynchttpclient.netty.channel.ChannelManager - Adding key: http://localhost:49921 for channel [id: 0x807b5911, L:/127.0.0.1:56618 - R:localhost/127.0.0.1:49921]
12:37:14.302 [Forwarding isElementDisplayed on session 319642172572fdf8090d6c9115dd1193 to remote] DEBUG org.asynchttpclient.netty.request.NettyRequestSender - Using pooled Channel '[id: 0x807b5911, L:/127.0.0.1:56618 - R:localhost/127.0.0.1:49921]' for 'POST' to 'http://localhost:49921/session/319642172572fdf8090d6c9115dd1193/execute/sync'
12:37:14.302 [Forwarding isElementDisplayed on session 319642172572fdf8090d6c9115dd1193 to remote] DEBUG org.asynchttpclient.netty.request.NettyRequestSender - Using open Channel [id: 0x807b5911, L:/127.0.0.1:56618 - R:localhost/127.0.0.1:49921] for POST '/session/319642172572fdf8090d6c9115dd1193/execute/sync'
12:37:14.330 [AsyncHttpClient-1-2] DEBUG org.asynchttpclient.netty.handler.HttpHandler - 

Request DefaultHttpRequest(decodeResult: success, version: HTTP/1.1)
POST /session/319642172572fdf8090d6c9115dd1193/execute/sync HTTP/1.1
User-Agent: selenium/4.4.0 (java windows)
Content-Length: 48819
Content-Type: application/json; charset=utf-8
host: localhost:49921
accept: */*

Response DefaultHttpResponse(decodeResult: success, version: HTTP/1.1)
HTTP/1.1 200 OK
Content-Type: application/json; charset=utf-8
cache-control: no-cache
content-length: 14

12:37:14.330 [AsyncHttpClient-1-2] DEBUG org.asynchttpclient.netty.channel.ChannelManager - Adding key: http://localhost:49921 for channel [id: 0x807b5911, L:/127.0.0.1:56618 - R:localhost/127.0.0.1:49921]
12:37:14.356 [Forwarding findElement on session 319642172572fdf8090d6c9115dd1193 to remote] DEBUG org.asynchttpclient.netty.request.NettyRequestSender - Using pooled Channel '[id: 0x807b5911, L:/127.0.0.1:56618 - R:localhost/127.0.0.1:49921]' for 'POST' to 'http://localhost:49921/session/319642172572fdf8090d6c9115dd1193/element'
12:37:14.356 [Forwarding findElement on session 319642172572fdf8090d6c9115dd1193 to remote] DEBUG org.asynchttpclient.netty.request.NettyRequestSender - Using open Channel [id: 0x807b5911, L:/127.0.0.1:56618 - R:localhost/127.0.0.1:49921] for POST '/session/319642172572fdf8090d6c9115dd1193/element'
12:37:14.379 [AsyncHttpClient-1-2] DEBUG org.asynchttpclient.netty.handler.HttpHandler - 

Request DefaultHttpRequest(decodeResult: success, version: HTTP/1.1)
POST /session/319642172572fdf8090d6c9115dd1193/element HTTP/1.1
User-Agent: selenium/4.4.0 (java windows)
Content-Length: 112
Content-Type: application/json; charset=utf-8
host: localhost:49921
accept: */*

Response DefaultHttpResponse(decodeResult: success, version: HTTP/1.1)
HTTP/1.1 200 OK
Content-Type: application/json; charset=utf-8
cache-control: no-cache
content-length: 127

12:37:14.380 [AsyncHttpClient-1-2] DEBUG org.asynchttpclient.netty.channel.ChannelManager - Adding key: http://localhost:49921 for channel [id: 0x807b5911, L:/127.0.0.1:56618 - R:localhost/127.0.0.1:49921]
12:37:14.386 [Forwarding clickElement on session 319642172572fdf8090d6c9115dd1193 to remote] DEBUG org.asynchttpclient.netty.request.NettyRequestSender - Using pooled Channel '[id: 0x807b5911, L:/127.0.0.1:56618 - R:localhost/127.0.0.1:49921]' for 'POST' to 'http://localhost:49921/session/319642172572fdf8090d6c9115dd1193/element/f.77D77E48C717A5F8144E3521F6891EC1.d.98F93C9F71D506324D6F1DC3E719B433.e.293/click'
12:37:14.386 [Forwarding clickElement on session 319642172572fdf8090d6c9115dd1193 to remote] DEBUG org.asynchttpclient.netty.request.NettyRequestSender - Using open Channel [id: 0x807b5911, L:/127.0.0.1:56618 - R:localhost/127.0.0.1:49921] for POST '/session/319642172572fdf8090d6c9115dd1193/element/f.77D77E48C717A5F8144E3521F6891EC1.d.98F93C9F71D506324D6F1DC3E719B433.e.293/click'
12:37:14.695 [AsyncHttpClient-1-1] DEBUG org.asynchttpclient.netty.channel.DefaultChannelPool - Entry count for : http://localhost:56619 : 1
12:37:14.771 [AsyncHttpClient-1-2] DEBUG org.asynchttpclient.netty.handler.HttpHandler - 

Request DefaultHttpRequest(decodeResult: success, version: HTTP/1.1)
POST /session/319642172572fdf8090d6c9115dd1193/element/f.77D77E48C717A5F8144E3521F6891EC1.d.98F93C9F71D506324D6F1DC3E719B433.e.293/click HTTP/1.1
User-Agent: selenium/4.4.0 (java windows)
Content-Length: 89
Content-Type: application/json; charset=utf-8
host: localhost:49921
accept: */*

Response DefaultHttpResponse(decodeResult: success, version: HTTP/1.1)
HTTP/1.1 200 OK
Content-Type: application/json; charset=utf-8
cache-control: no-cache
content-length: 14

12:37:14.771 [AsyncHttpClient-1-2] DEBUG org.asynchttpclient.netty.channel.ChannelManager - Adding key: http://localhost:49921 for channel [id: 0x807b5911, L:/127.0.0.1:56618 - R:localhost/127.0.0.1:49921]
12:37:14.812 [Forwarding getCurrentWindowHandle on session 319642172572fdf8090d6c9115dd1193 to remote] DEBUG org.asynchttpclient.netty.request.NettyRequestSender - Using pooled Channel '[id: 0x807b5911, L:/127.0.0.1:56618 - R:localhost/127.0.0.1:49921]' for 'GET' to 'http://localhost:49921/session/319642172572fdf8090d6c9115dd1193/window'
12:37:14.812 [Forwarding getCurrentWindowHandle on session 319642172572fdf8090d6c9115dd1193 to remote] DEBUG org.asynchttpclient.netty.request.NettyRequestSender - Using open Channel [id: 0x807b5911, L:/127.0.0.1:56618 - R:localhost/127.0.0.1:49921] for GET '/session/319642172572fdf8090d6c9115dd1193/window'
12:37:14.820 [AsyncHttpClient-1-2] DEBUG org.asynchttpclient.netty.handler.HttpHandler - 

Request DefaultFullHttpRequest(decodeResult: success, version: HTTP/1.1, content: EmptyByteBufBE)
GET /session/319642172572fdf8090d6c9115dd1193/window HTTP/1.1
User-Agent: selenium/4.4.0 (java windows)
Cache-Control: no-cache
Content-Type: application/json; charset=utf-8
host: localhost:49921
accept: */*

Response DefaultHttpResponse(decodeResult: success, version: HTTP/1.1)
HTTP/1.1 200 OK
Content-Type: application/json; charset=utf-8
cache-control: no-cache
content-length: 44

12:37:14.820 [AsyncHttpClient-1-2] DEBUG org.asynchttpclient.netty.channel.ChannelManager - Adding key: http://localhost:49921 for channel [id: 0x807b5911, L:/127.0.0.1:56618 - R:localhost/127.0.0.1:49921]
12:37:14.836 [Forwarding getAlertText on session 319642172572fdf8090d6c9115dd1193 to remote] DEBUG org.asynchttpclient.netty.request.NettyRequestSender - Using pooled Channel '[id: 0x807b5911, L:/127.0.0.1:56618 - R:localhost/127.0.0.1:49921]' for 'GET' to 'http://localhost:49921/session/319642172572fdf8090d6c9115dd1193/alert/text'
12:37:14.836 [Forwarding getAlertText on session 319642172572fdf8090d6c9115dd1193 to remote] DEBUG org.asynchttpclient.netty.request.NettyRequestSender - Using open Channel [id: 0x807b5911, L:/127.0.0.1:56618 - R:localhost/127.0.0.1:49921] for GET '/session/319642172572fdf8090d6c9115dd1193/alert/text'
12:37:14.843 [AsyncHttpClient-1-2] DEBUG org.asynchttpclient.netty.handler.HttpHandler - 

Request DefaultFullHttpRequest(decodeResult: success, version: HTTP/1.1, content: EmptyByteBufBE)
GET /session/319642172572fdf8090d6c9115dd1193/alert/text HTTP/1.1
User-Agent: selenium/4.4.0 (java windows)
Cache-Control: no-cache
Content-Type: application/json; charset=utf-8
host: localhost:49921
accept: */*

Response DefaultHttpResponse(decodeResult: success, version: HTTP/1.1)
HTTP/1.1 404 Not Found
Content-Type: application/json; charset=utf-8
cache-control: no-cache
content-length: 1045

12:37:14.844 [AsyncHttpClient-1-2] DEBUG org.asynchttpclient.netty.channel.ChannelManager - Adding key: http://localhost:49921 for channel [id: 0x807b5911, L:/127.0.0.1:56618 - R:localhost/127.0.0.1:49921]
12:37:14.862 [Forwarding switchToWindow on session 319642172572fdf8090d6c9115dd1193 to remote] DEBUG org.asynchttpclient.netty.request.NettyRequestSender - Using pooled Channel '[id: 0x807b5911, L:/127.0.0.1:56618 - R:localhost/127.0.0.1:49921]' for 'POST' to 'http://localhost:49921/session/319642172572fdf8090d6c9115dd1193/window'
12:37:14.862 [Forwarding switchToWindow on session 319642172572fdf8090d6c9115dd1193 to remote] DEBUG org.asynchttpclient.netty.request.NettyRequestSender - Using open Channel [id: 0x807b5911, L:/127.0.0.1:56618 - R:localhost/127.0.0.1:49921] for POST '/session/319642172572fdf8090d6c9115dd1193/window'
12:37:14.867 [AsyncHttpClient-1-2] DEBUG org.asynchttpclient.netty.handler.HttpHandler - 

Request DefaultHttpRequest(decodeResult: success, version: HTTP/1.1)
POST /session/319642172572fdf8090d6c9115dd1193/window HTTP/1.1
User-Agent: selenium/4.4.0 (java windows)
Content-Length: 50
Content-Type: application/json; charset=utf-8
host: localhost:49921
accept: */*

Response DefaultHttpResponse(decodeResult: success, version: HTTP/1.1)
HTTP/1.1 200 OK
Content-Type: application/json; charset=utf-8
cache-control: no-cache
content-length: 14

12:37:14.868 [AsyncHttpClient-1-2] DEBUG org.asynchttpclient.netty.channel.ChannelManager - Adding key: http://localhost:49921 for channel [id: 0x807b5911, L:/127.0.0.1:56618 - R:localhost/127.0.0.1:49921]
12:37:14.869 [Forwarding getCurrentUrl on session 319642172572fdf8090d6c9115dd1193 to remote] DEBUG org.asynchttpclient.netty.request.NettyRequestSender - Using pooled Channel '[id: 0x807b5911, L:/127.0.0.1:56618 - R:localhost/127.0.0.1:49921]' for 'GET' to 'http://localhost:49921/session/319642172572fdf8090d6c9115dd1193/url'
12:37:14.869 [Forwarding getCurrentUrl on session 319642172572fdf8090d6c9115dd1193 to remote] DEBUG org.asynchttpclient.netty.request.NettyRequestSender - Using open Channel [id: 0x807b5911, L:/127.0.0.1:56618 - R:localhost/127.0.0.1:49921] for GET '/session/319642172572fdf8090d6c9115dd1193/url'
12:37:14.882 [AsyncHttpClient-1-2] DEBUG org.asynchttpclient.netty.handler.HttpHandler - 

Request DefaultFullHttpRequest(decodeResult: success, version: HTTP/1.1, content: EmptyByteBufBE)
GET /session/319642172572fdf8090d6c9115dd1193/url HTTP/1.1
User-Agent: selenium/4.4.0 (java windows)
Cache-Control: no-cache
Content-Type: application/json; charset=utf-8
host: localhost:49921
accept: */*

Response DefaultHttpResponse(decodeResult: success, version: HTTP/1.1)
HTTP/1.1 200 OK
Content-Type: application/json; charset=utf-8
cache-control: no-cache
content-length: 55

12:37:14.882 [AsyncHttpClient-1-2] DEBUG org.asynchttpclient.netty.channel.ChannelManager - Adding key: http://localhost:49921 for channel [id: 0x807b5911, L:/127.0.0.1:56618 - R:localhost/127.0.0.1:49921]
12:37:14.884 [Forwarding screenshot on session 319642172572fdf8090d6c9115dd1193 to remote] DEBUG org.asynchttpclient.netty.request.NettyRequestSender - Using pooled Channel '[id: 0x807b5911, L:/127.0.0.1:56618 - R:localhost/127.0.0.1:49921]' for 'GET' to 'http://localhost:49921/session/319642172572fdf8090d6c9115dd1193/screenshot'
12:37:14.884 [Forwarding screenshot on session 319642172572fdf8090d6c9115dd1193 to remote] DEBUG org.asynchttpclient.netty.request.NettyRequestSender - Using open Channel [id: 0x807b5911, L:/127.0.0.1:56618 - R:localhost/127.0.0.1:49921] for GET '/session/319642172572fdf8090d6c9115dd1193/screenshot'
12:37:15.079 [AsyncHttpClient-1-2] DEBUG org.asynchttpclient.netty.handler.HttpHandler - 

Request DefaultFullHttpRequest(decodeResult: success, version: HTTP/1.1, content: EmptyByteBufBE)
GET /session/319642172572fdf8090d6c9115dd1193/screenshot HTTP/1.1
User-Agent: selenium/4.4.0 (java windows)
Cache-Control: no-cache
Content-Type: application/json; charset=utf-8
host: localhost:49921
accept: */*

Response DefaultHttpResponse(decodeResult: success, version: HTTP/1.1)
HTTP/1.1 200 OK
Content-Type: application/json; charset=utf-8
cache-control: no-cache
content-length: 444972

12:37:15.082 [AsyncHttpClient-1-2] DEBUG org.asynchttpclient.netty.channel.ChannelManager - Adding key: http://localhost:49921 for channel [id: 0x807b5911, L:/127.0.0.1:56618 - R:localhost/127.0.0.1:49921]
12:37:15.098 [Test worker] DEBUG net.serenitybdd.core.photography.Darkroom - Send negative for processing for C:\Users\pcnit\Downloads\TestE2E\target\site\serenity\d475569ccaa3473b6fba14e1dbf334a10ecac6b77bcf4019dc01d0ff6c719a49.png
12:37:15.114 [Forwarding getPageSource on session 319642172572fdf8090d6c9115dd1193 to remote] DEBUG org.asynchttpclient.netty.request.NettyRequestSender - Using pooled Channel '[id: 0x807b5911, L:/127.0.0.1:56618 - R:localhost/127.0.0.1:49921]' for 'POST' to 'http://localhost:49921/session/319642172572fdf8090d6c9115dd1193/execute/sync'
12:37:15.114 [Forwarding getPageSource on session 319642172572fdf8090d6c9115dd1193 to remote] DEBUG org.asynchttpclient.netty.request.NettyRequestSender - Using open Channel [id: 0x807b5911, L:/127.0.0.1:56618 - R:localhost/127.0.0.1:49921] for POST '/session/319642172572fdf8090d6c9115dd1193/execute/sync'
12:37:15.130 [AsyncHttpClient-1-2] DEBUG org.asynchttpclient.netty.handler.HttpHandler - 

Request DefaultHttpRequest(decodeResult: success, version: HTTP/1.1)
POST /session/319642172572fdf8090d6c9115dd1193/execute/sync HTTP/1.1
User-Agent: selenium/4.4.0 (java windows)
Content-Length: 176
Content-Type: application/json; charset=utf-8
host: localhost:49921
accept: */*

Response DefaultHttpResponse(decodeResult: success, version: HTTP/1.1)
HTTP/1.1 200 OK
Content-Type: application/json; charset=utf-8
cache-control: no-cache
content-length: 53477

12:37:15.131 [AsyncHttpClient-1-2] DEBUG org.asynchttpclient.netty.channel.ChannelManager - Adding key: http://localhost:49921 for channel [id: 0x807b5911, L:/127.0.0.1:56618 - R:localhost/127.0.0.1:49921]
12:37:15.138 [Forwarding getCurrentUrl on session 319642172572fdf8090d6c9115dd1193 to remote] DEBUG org.asynchttpclient.netty.request.NettyRequestSender - Using pooled Channel '[id: 0x807b5911, L:/127.0.0.1:56618 - R:localhost/127.0.0.1:49921]' for 'GET' to 'http://localhost:49921/session/319642172572fdf8090d6c9115dd1193/url'
12:37:15.138 [Forwarding getCurrentUrl on session 319642172572fdf8090d6c9115dd1193 to remote] DEBUG org.asynchttpclient.netty.request.NettyRequestSender - Using open Channel [id: 0x807b5911, L:/127.0.0.1:56618 - R:localhost/127.0.0.1:49921] for GET '/session/319642172572fdf8090d6c9115dd1193/url'
12:37:15.161 [AsyncHttpClient-1-2] DEBUG org.asynchttpclient.netty.handler.HttpHandler - 

Request DefaultFullHttpRequest(decodeResult: success, version: HTTP/1.1, content: EmptyByteBufBE)
GET /session/319642172572fdf8090d6c9115dd1193/url HTTP/1.1
User-Agent: selenium/4.4.0 (java windows)
Cache-Control: no-cache
Content-Type: application/json; charset=utf-8
host: localhost:49921
accept: */*

Response DefaultHttpResponse(decodeResult: success, version: HTTP/1.1)
HTTP/1.1 200 OK
Content-Type: application/json; charset=utf-8
cache-control: no-cache
content-length: 55

12:37:15.161 [AsyncHttpClient-1-2] DEBUG org.asynchttpclient.netty.channel.ChannelManager - Adding key: http://localhost:49921 for channel [id: 0x807b5911, L:/127.0.0.1:56618 - R:localhost/127.0.0.1:49921]
12:37:15.198 [Forwarding getCurrentWindowHandle on session 319642172572fdf8090d6c9115dd1193 to remote] DEBUG org.asynchttpclient.netty.request.NettyRequestSender - Using pooled Channel '[id: 0x807b5911, L:/127.0.0.1:56618 - R:localhost/127.0.0.1:49921]' for 'GET' to 'http://localhost:49921/session/319642172572fdf8090d6c9115dd1193/window'
12:37:15.198 [Forwarding getCurrentWindowHandle on session 319642172572fdf8090d6c9115dd1193 to remote] DEBUG org.asynchttpclient.netty.request.NettyRequestSender - Using open Channel [id: 0x807b5911, L:/127.0.0.1:56618 - R:localhost/127.0.0.1:49921] for GET '/session/319642172572fdf8090d6c9115dd1193/window'
12:37:15.203 [AsyncHttpClient-1-2] DEBUG org.asynchttpclient.netty.handler.HttpHandler - 

Request DefaultFullHttpRequest(decodeResult: success, version: HTTP/1.1, content: EmptyByteBufBE)
GET /session/319642172572fdf8090d6c9115dd1193/window HTTP/1.1
User-Agent: selenium/4.4.0 (java windows)
Cache-Control: no-cache
Content-Type: application/json; charset=utf-8
host: localhost:49921
accept: */*

Response DefaultHttpResponse(decodeResult: success, version: HTTP/1.1)
HTTP/1.1 200 OK
Content-Type: application/json; charset=utf-8
cache-control: no-cache
content-length: 44

12:37:15.203 [AsyncHttpClient-1-2] DEBUG org.asynchttpclient.netty.channel.ChannelManager - Adding key: http://localhost:49921 for channel [id: 0x807b5911, L:/127.0.0.1:56618 - R:localhost/127.0.0.1:49921]
12:37:15.215 [Forwarding getAlertText on session 319642172572fdf8090d6c9115dd1193 to remote] DEBUG org.asynchttpclient.netty.request.NettyRequestSender - Using pooled Channel '[id: 0x807b5911, L:/127.0.0.1:56618 - R:localhost/127.0.0.1:49921]' for 'GET' to 'http://localhost:49921/session/319642172572fdf8090d6c9115dd1193/alert/text'
12:37:15.215 [Forwarding getAlertText on session 319642172572fdf8090d6c9115dd1193 to remote] DEBUG org.asynchttpclient.netty.request.NettyRequestSender - Using open Channel [id: 0x807b5911, L:/127.0.0.1:56618 - R:localhost/127.0.0.1:49921] for GET '/session/319642172572fdf8090d6c9115dd1193/alert/text'
12:37:15.222 [AsyncHttpClient-1-2] DEBUG org.asynchttpclient.netty.handler.HttpHandler - 

Request DefaultFullHttpRequest(decodeResult: success, version: HTTP/1.1, content: EmptyByteBufBE)
GET /session/319642172572fdf8090d6c9115dd1193/alert/text HTTP/1.1
User-Agent: selenium/4.4.0 (java windows)
Cache-Control: no-cache
Content-Type: application/json; charset=utf-8
host: localhost:49921
accept: */*

Response DefaultHttpResponse(decodeResult: success, version: HTTP/1.1)
HTTP/1.1 404 Not Found
Content-Type: application/json; charset=utf-8
cache-control: no-cache
content-length: 1045

12:37:15.222 [AsyncHttpClient-1-2] DEBUG org.asynchttpclient.netty.channel.ChannelManager - Adding key: http://localhost:49921 for channel [id: 0x807b5911, L:/127.0.0.1:56618 - R:localhost/127.0.0.1:49921]
12:37:15.234 [Forwarding switchToWindow on session 319642172572fdf8090d6c9115dd1193 to remote] DEBUG org.asynchttpclient.netty.request.NettyRequestSender - Using pooled Channel '[id: 0x807b5911, L:/127.0.0.1:56618 - R:localhost/127.0.0.1:49921]' for 'POST' to 'http://localhost:49921/session/319642172572fdf8090d6c9115dd1193/window'
12:37:15.234 [Forwarding switchToWindow on session 319642172572fdf8090d6c9115dd1193 to remote] DEBUG org.asynchttpclient.netty.request.NettyRequestSender - Using open Channel [id: 0x807b5911, L:/127.0.0.1:56618 - R:localhost/127.0.0.1:49921] for POST '/session/319642172572fdf8090d6c9115dd1193/window'
12:37:15.237 [AsyncHttpClient-1-2] DEBUG org.asynchttpclient.netty.handler.HttpHandler - 

Request DefaultHttpRequest(decodeResult: success, version: HTTP/1.1)
POST /session/319642172572fdf8090d6c9115dd1193/window HTTP/1.1
User-Agent: selenium/4.4.0 (java windows)
Content-Length: 50
Content-Type: application/json; charset=utf-8
host: localhost:49921
accept: */*

Response DefaultHttpResponse(decodeResult: success, version: HTTP/1.1)
HTTP/1.1 200 OK
Content-Type: application/json; charset=utf-8
cache-control: no-cache
content-length: 14

12:37:15.237 [AsyncHttpClient-1-2] DEBUG org.asynchttpclient.netty.channel.ChannelManager - Adding key: http://localhost:49921 for channel [id: 0x807b5911, L:/127.0.0.1:56618 - R:localhost/127.0.0.1:49921]
12:37:15.238 [Forwarding getCurrentUrl on session 319642172572fdf8090d6c9115dd1193 to remote] DEBUG org.asynchttpclient.netty.request.NettyRequestSender - Using pooled Channel '[id: 0x807b5911, L:/127.0.0.1:56618 - R:localhost/127.0.0.1:49921]' for 'GET' to 'http://localhost:49921/session/319642172572fdf8090d6c9115dd1193/url'
12:37:15.238 [Forwarding getCurrentUrl on session 319642172572fdf8090d6c9115dd1193 to remote] DEBUG org.asynchttpclient.netty.request.NettyRequestSender - Using open Channel [id: 0x807b5911, L:/127.0.0.1:56618 - R:localhost/127.0.0.1:49921] for GET '/session/319642172572fdf8090d6c9115dd1193/url'
12:37:15.254 [AsyncHttpClient-1-2] DEBUG org.asynchttpclient.netty.handler.HttpHandler - 

Request DefaultFullHttpRequest(decodeResult: success, version: HTTP/1.1, content: EmptyByteBufBE)
GET /session/319642172572fdf8090d6c9115dd1193/url HTTP/1.1
User-Agent: selenium/4.4.0 (java windows)
Cache-Control: no-cache
Content-Type: application/json; charset=utf-8
host: localhost:49921
accept: */*

Response DefaultHttpResponse(decodeResult: success, version: HTTP/1.1)
HTTP/1.1 200 OK
Content-Type: application/json; charset=utf-8
cache-control: no-cache
content-length: 55

12:37:15.254 [AsyncHttpClient-1-2] DEBUG org.asynchttpclient.netty.channel.ChannelManager - Adding key: http://localhost:49921 for channel [id: 0x807b5911, L:/127.0.0.1:56618 - R:localhost/127.0.0.1:49921]
12:37:15.255 [Forwarding screenshot on session 319642172572fdf8090d6c9115dd1193 to remote] DEBUG org.asynchttpclient.netty.request.NettyRequestSender - Using pooled Channel '[id: 0x807b5911, L:/127.0.0.1:56618 - R:localhost/127.0.0.1:49921]' for 'GET' to 'http://localhost:49921/session/319642172572fdf8090d6c9115dd1193/screenshot'
12:37:15.256 [Forwarding screenshot on session 319642172572fdf8090d6c9115dd1193 to remote] DEBUG org.asynchttpclient.netty.request.NettyRequestSender - Using open Channel [id: 0x807b5911, L:/127.0.0.1:56618 - R:localhost/127.0.0.1:49921] for GET '/session/319642172572fdf8090d6c9115dd1193/screenshot'
12:37:15.442 [AsyncHttpClient-1-2] DEBUG org.asynchttpclient.netty.handler.HttpHandler - 

Request DefaultFullHttpRequest(decodeResult: success, version: HTTP/1.1, content: EmptyByteBufBE)
GET /session/319642172572fdf8090d6c9115dd1193/screenshot HTTP/1.1
User-Agent: selenium/4.4.0 (java windows)
Cache-Control: no-cache
Content-Type: application/json; charset=utf-8
host: localhost:49921
accept: */*

Response DefaultHttpResponse(decodeResult: success, version: HTTP/1.1)
HTTP/1.1 200 OK
Content-Type: application/json; charset=utf-8
cache-control: no-cache
content-length: 522084

12:37:15.455 [AsyncHttpClient-1-2] DEBUG org.asynchttpclient.netty.channel.ChannelManager - Adding key: http://localhost:49921 for channel [id: 0x807b5911, L:/127.0.0.1:56618 - R:localhost/127.0.0.1:49921]
12:37:15.469 [Test worker] DEBUG net.serenitybdd.core.photography.Darkroom - Send negative for processing for C:\Users\pcnit\Downloads\TestE2E\target\site\serenity\c456af9f869bab45872cfe03e297630bf251dd791b10205bec6606a27861738c.png
12:37:15.469 [Test worker] DEBUG net.thucydides.core.steps.StepInterceptor - STEP DONE: {0} clicks on #target
12:37:15.477 [Test worker] DEBUG net.serenitybdd.screenplay.targets.IFrameSwitcher - default content already selected for AGREGAR AL CARRITO
12:37:15.492 [Forwarding getCurrentUrl on session 319642172572fdf8090d6c9115dd1193 to remote] DEBUG org.asynchttpclient.netty.request.NettyRequestSender - Using pooled Channel '[id: 0x807b5911, L:/127.0.0.1:56618 - R:localhost/127.0.0.1:49921]' for 'GET' to 'http://localhost:49921/session/319642172572fdf8090d6c9115dd1193/url'
12:37:15.492 [Forwarding getCurrentUrl on session 319642172572fdf8090d6c9115dd1193 to remote] DEBUG org.asynchttpclient.netty.request.NettyRequestSender - Using open Channel [id: 0x807b5911, L:/127.0.0.1:56618 - R:localhost/127.0.0.1:49921] for GET '/session/319642172572fdf8090d6c9115dd1193/url'
12:37:15.504 [AsyncHttpClient-1-2] DEBUG org.asynchttpclient.netty.handler.HttpHandler - 

Request DefaultFullHttpRequest(decodeResult: success, version: HTTP/1.1, content: EmptyByteBufBE)
GET /session/319642172572fdf8090d6c9115dd1193/url HTTP/1.1
User-Agent: selenium/4.4.0 (java windows)
Cache-Control: no-cache
Content-Type: application/json; charset=utf-8
host: localhost:49921
accept: */*

Response DefaultHttpResponse(decodeResult: success, version: HTTP/1.1)
HTTP/1.1 200 OK
Content-Type: application/json; charset=utf-8
cache-control: no-cache
content-length: 55

12:37:15.505 [AsyncHttpClient-1-2] DEBUG org.asynchttpclient.netty.channel.ChannelManager - Adding key: http://localhost:49921 for channel [id: 0x807b5911, L:/127.0.0.1:56618 - R:localhost/127.0.0.1:49921]
12:37:15.526 [Forwarding findElement on session 319642172572fdf8090d6c9115dd1193 to remote] DEBUG org.asynchttpclient.netty.request.NettyRequestSender - Using pooled Channel '[id: 0x807b5911, L:/127.0.0.1:56618 - R:localhost/127.0.0.1:49921]' for 'POST' to 'http://localhost:49921/session/319642172572fdf8090d6c9115dd1193/element'
12:37:15.526 [Forwarding findElement on session 319642172572fdf8090d6c9115dd1193 to remote] DEBUG org.asynchttpclient.netty.request.NettyRequestSender - Using open Channel [id: 0x807b5911, L:/127.0.0.1:56618 - R:localhost/127.0.0.1:49921] for POST '/session/319642172572fdf8090d6c9115dd1193/element'
12:37:15.551 [AsyncHttpClient-1-2] DEBUG org.asynchttpclient.netty.handler.HttpHandler - 

Request DefaultHttpRequest(decodeResult: success, version: HTTP/1.1)
POST /session/319642172572fdf8090d6c9115dd1193/element HTTP/1.1
User-Agent: selenium/4.4.0 (java windows)
Content-Length: 118
Content-Type: application/json; charset=utf-8
host: localhost:49921
accept: */*

Response DefaultHttpResponse(decodeResult: success, version: HTTP/1.1)
HTTP/1.1 200 OK
Content-Type: application/json; charset=utf-8
cache-control: no-cache
content-length: 127

12:37:15.552 [AsyncHttpClient-1-2] DEBUG org.asynchttpclient.netty.channel.ChannelManager - Adding key: http://localhost:49921 for channel [id: 0x807b5911, L:/127.0.0.1:56618 - R:localhost/127.0.0.1:49921]
12:37:15.567 [Forwarding executeScript on session 319642172572fdf8090d6c9115dd1193 to remote] DEBUG org.asynchttpclient.netty.request.NettyRequestSender - Using pooled Channel '[id: 0x807b5911, L:/127.0.0.1:56618 - R:localhost/127.0.0.1:49921]' for 'POST' to 'http://localhost:49921/session/319642172572fdf8090d6c9115dd1193/execute/sync'
12:37:15.567 [Forwarding executeScript on session 319642172572fdf8090d6c9115dd1193 to remote] DEBUG org.asynchttpclient.netty.request.NettyRequestSender - Using open Channel [id: 0x807b5911, L:/127.0.0.1:56618 - R:localhost/127.0.0.1:49921] for POST '/session/319642172572fdf8090d6c9115dd1193/execute/sync'
12:37:15.579 [AsyncHttpClient-1-2] DEBUG org.asynchttpclient.netty.handler.HttpHandler - 

Request DefaultHttpRequest(decodeResult: success, version: HTTP/1.1)
POST /session/319642172572fdf8090d6c9115dd1193/execute/sync HTTP/1.1
User-Agent: selenium/4.4.0 (java windows)
Content-Length: 318
Content-Type: application/json; charset=utf-8
host: localhost:49921
accept: */*

Response DefaultHttpResponse(decodeResult: success, version: HTTP/1.1)
HTTP/1.1 200 OK
Content-Type: application/json; charset=utf-8
cache-control: no-cache
content-length: 14

12:37:15.580 [AsyncHttpClient-1-2] DEBUG org.asynchttpclient.netty.channel.ChannelManager - Adding key: http://localhost:49921 for channel [id: 0x807b5911, L:/127.0.0.1:56618 - R:localhost/127.0.0.1:49921]
12:37:15.610 [Test worker] DEBUG net.serenitybdd.screenplay.targets.IFrameSwitcher - default content already selected for AGREGAR AL CARRITO
12:37:15.614 [Forwarding findElements on session 319642172572fdf8090d6c9115dd1193 to remote] DEBUG org.asynchttpclient.netty.request.NettyRequestSender - Using pooled Channel '[id: 0x807b5911, L:/127.0.0.1:56618 - R:localhost/127.0.0.1:49921]' for 'POST' to 'http://localhost:49921/session/319642172572fdf8090d6c9115dd1193/elements'
12:37:15.615 [Forwarding findElements on session 319642172572fdf8090d6c9115dd1193 to remote] DEBUG org.asynchttpclient.netty.request.NettyRequestSender - Using open Channel [id: 0x807b5911, L:/127.0.0.1:56618 - R:localhost/127.0.0.1:49921] for POST '/session/319642172572fdf8090d6c9115dd1193/elements'
12:37:15.626 [AsyncHttpClient-1-2] DEBUG org.asynchttpclient.netty.handler.HttpHandler - 

Request DefaultHttpRequest(decodeResult: success, version: HTTP/1.1)
POST /session/319642172572fdf8090d6c9115dd1193/elements HTTP/1.1
User-Agent: selenium/4.4.0 (java windows)
Content-Length: 118
Content-Type: application/json; charset=utf-8
host: localhost:49921
accept: */*

Response DefaultHttpResponse(decodeResult: success, version: HTTP/1.1)
HTTP/1.1 200 OK
Content-Type: application/json; charset=utf-8
cache-control: no-cache
content-length: 129

12:37:15.627 [AsyncHttpClient-1-2] DEBUG org.asynchttpclient.netty.channel.ChannelManager - Adding key: http://localhost:49921 for channel [id: 0x807b5911, L:/127.0.0.1:56618 - R:localhost/127.0.0.1:49921]
12:37:15.644 [Forwarding isElementEnabled on session 319642172572fdf8090d6c9115dd1193 to remote] DEBUG org.asynchttpclient.netty.request.NettyRequestSender - Using pooled Channel '[id: 0x807b5911, L:/127.0.0.1:56618 - R:localhost/127.0.0.1:49921]' for 'GET' to 'http://localhost:49921/session/319642172572fdf8090d6c9115dd1193/element/f.77D77E48C717A5F8144E3521F6891EC1.d.05CFD560F267E99649E32B4CF6CE252F.e.351/enabled'
12:37:15.645 [Forwarding isElementEnabled on session 319642172572fdf8090d6c9115dd1193 to remote] DEBUG org.asynchttpclient.netty.request.NettyRequestSender - Using open Channel [id: 0x807b5911, L:/127.0.0.1:56618 - R:localhost/127.0.0.1:49921] for GET '/session/319642172572fdf8090d6c9115dd1193/element/f.77D77E48C717A5F8144E3521F6891EC1.d.05CFD560F267E99649E32B4CF6CE252F.e.351/enabled'
12:37:15.659 [AsyncHttpClient-1-2] DEBUG org.asynchttpclient.netty.handler.HttpHandler - 

Request DefaultFullHttpRequest(decodeResult: success, version: HTTP/1.1, content: EmptyByteBufBE)
GET /session/319642172572fdf8090d6c9115dd1193/element/f.77D77E48C717A5F8144E3521F6891EC1.d.05CFD560F267E99649E32B4CF6CE252F.e.351/enabled HTTP/1.1
User-Agent: selenium/4.4.0 (java windows)
Cache-Control: no-cache
Content-Type: application/json; charset=utf-8
host: localhost:49921
accept: */*

Response DefaultHttpResponse(decodeResult: success, version: HTTP/1.1)
HTTP/1.1 200 OK
Content-Type: application/json; charset=utf-8
cache-control: no-cache
content-length: 14

12:37:15.660 [AsyncHttpClient-1-2] DEBUG org.asynchttpclient.netty.channel.ChannelManager - Adding key: http://localhost:49921 for channel [id: 0x807b5911, L:/127.0.0.1:56618 - R:localhost/127.0.0.1:49921]
12:37:15.668 [Forwarding isElementEnabled on session 319642172572fdf8090d6c9115dd1193 to remote] DEBUG org.asynchttpclient.netty.request.NettyRequestSender - Using pooled Channel '[id: 0x807b5911, L:/127.0.0.1:56618 - R:localhost/127.0.0.1:49921]' for 'GET' to 'http://localhost:49921/session/319642172572fdf8090d6c9115dd1193/element/f.77D77E48C717A5F8144E3521F6891EC1.d.05CFD560F267E99649E32B4CF6CE252F.e.351/enabled'
12:37:15.668 [Forwarding isElementEnabled on session 319642172572fdf8090d6c9115dd1193 to remote] DEBUG org.asynchttpclient.netty.request.NettyRequestSender - Using open Channel [id: 0x807b5911, L:/127.0.0.1:56618 - R:localhost/127.0.0.1:49921] for GET '/session/319642172572fdf8090d6c9115dd1193/element/f.77D77E48C717A5F8144E3521F6891EC1.d.05CFD560F267E99649E32B4CF6CE252F.e.351/enabled'
12:37:15.684 [AsyncHttpClient-1-2] DEBUG org.asynchttpclient.netty.handler.HttpHandler - 

Request DefaultFullHttpRequest(decodeResult: success, version: HTTP/1.1, content: EmptyByteBufBE)
GET /session/319642172572fdf8090d6c9115dd1193/element/f.77D77E48C717A5F8144E3521F6891EC1.d.05CFD560F267E99649E32B4CF6CE252F.e.351/enabled HTTP/1.1
User-Agent: selenium/4.4.0 (java windows)
Cache-Control: no-cache
Content-Type: application/json; charset=utf-8
host: localhost:49921
accept: */*

Response DefaultHttpResponse(decodeResult: success, version: HTTP/1.1)
HTTP/1.1 200 OK
Content-Type: application/json; charset=utf-8
cache-control: no-cache
content-length: 14

12:37:15.684 [AsyncHttpClient-1-2] DEBUG org.asynchttpclient.netty.channel.ChannelManager - Adding key: http://localhost:49921 for channel [id: 0x807b5911, L:/127.0.0.1:56618 - R:localhost/127.0.0.1:49921]
12:37:15.727 [Forwarding getCurrentWindowHandle on session 319642172572fdf8090d6c9115dd1193 to remote] DEBUG org.asynchttpclient.netty.request.NettyRequestSender - Using pooled Channel '[id: 0x807b5911, L:/127.0.0.1:56618 - R:localhost/127.0.0.1:49921]' for 'GET' to 'http://localhost:49921/session/319642172572fdf8090d6c9115dd1193/window'
12:37:15.727 [Forwarding getCurrentWindowHandle on session 319642172572fdf8090d6c9115dd1193 to remote] DEBUG org.asynchttpclient.netty.request.NettyRequestSender - Using open Channel [id: 0x807b5911, L:/127.0.0.1:56618 - R:localhost/127.0.0.1:49921] for GET '/session/319642172572fdf8090d6c9115dd1193/window'
12:37:15.731 [AsyncHttpClient-1-2] DEBUG org.asynchttpclient.netty.handler.HttpHandler - 

Request DefaultFullHttpRequest(decodeResult: success, version: HTTP/1.1, content: EmptyByteBufBE)
GET /session/319642172572fdf8090d6c9115dd1193/window HTTP/1.1
User-Agent: selenium/4.4.0 (java windows)
Cache-Control: no-cache
Content-Type: application/json; charset=utf-8
host: localhost:49921
accept: */*

Response DefaultHttpResponse(decodeResult: success, version: HTTP/1.1)
HTTP/1.1 200 OK
Content-Type: application/json; charset=utf-8
cache-control: no-cache
content-length: 44

12:37:15.731 [AsyncHttpClient-1-2] DEBUG org.asynchttpclient.netty.channel.ChannelManager - Adding key: http://localhost:49921 for channel [id: 0x807b5911, L:/127.0.0.1:56618 - R:localhost/127.0.0.1:49921]
12:37:15.742 [Forwarding getAlertText on session 319642172572fdf8090d6c9115dd1193 to remote] DEBUG org.asynchttpclient.netty.request.NettyRequestSender - Using pooled Channel '[id: 0x807b5911, L:/127.0.0.1:56618 - R:localhost/127.0.0.1:49921]' for 'GET' to 'http://localhost:49921/session/319642172572fdf8090d6c9115dd1193/alert/text'
12:37:15.743 [Forwarding getAlertText on session 319642172572fdf8090d6c9115dd1193 to remote] DEBUG org.asynchttpclient.netty.request.NettyRequestSender - Using open Channel [id: 0x807b5911, L:/127.0.0.1:56618 - R:localhost/127.0.0.1:49921] for GET '/session/319642172572fdf8090d6c9115dd1193/alert/text'
12:37:15.750 [AsyncHttpClient-1-2] DEBUG org.asynchttpclient.netty.handler.HttpHandler - 

Request DefaultFullHttpRequest(decodeResult: success, version: HTTP/1.1, content: EmptyByteBufBE)
GET /session/319642172572fdf8090d6c9115dd1193/alert/text HTTP/1.1
User-Agent: selenium/4.4.0 (java windows)
Cache-Control: no-cache
Content-Type: application/json; charset=utf-8
host: localhost:49921
accept: */*

Response DefaultHttpResponse(decodeResult: success, version: HTTP/1.1)
HTTP/1.1 404 Not Found
Content-Type: application/json; charset=utf-8
cache-control: no-cache
content-length: 1045

12:37:15.750 [AsyncHttpClient-1-2] DEBUG org.asynchttpclient.netty.channel.ChannelManager - Adding key: http://localhost:49921 for channel [id: 0x807b5911, L:/127.0.0.1:56618 - R:localhost/127.0.0.1:49921]
12:37:15.760 [Forwarding switchToWindow on session 319642172572fdf8090d6c9115dd1193 to remote] DEBUG org.asynchttpclient.netty.request.NettyRequestSender - Using pooled Channel '[id: 0x807b5911, L:/127.0.0.1:56618 - R:localhost/127.0.0.1:49921]' for 'POST' to 'http://localhost:49921/session/319642172572fdf8090d6c9115dd1193/window'
12:37:15.760 [Forwarding switchToWindow on session 319642172572fdf8090d6c9115dd1193 to remote] DEBUG org.asynchttpclient.netty.request.NettyRequestSender - Using open Channel [id: 0x807b5911, L:/127.0.0.1:56618 - R:localhost/127.0.0.1:49921] for POST '/session/319642172572fdf8090d6c9115dd1193/window'
12:37:15.766 [AsyncHttpClient-1-2] DEBUG org.asynchttpclient.netty.handler.HttpHandler - 

Request DefaultHttpRequest(decodeResult: success, version: HTTP/1.1)
POST /session/319642172572fdf8090d6c9115dd1193/window HTTP/1.1
User-Agent: selenium/4.4.0 (java windows)
Content-Length: 50
Content-Type: application/json; charset=utf-8
host: localhost:49921
accept: */*

Response DefaultHttpResponse(decodeResult: success, version: HTTP/1.1)
HTTP/1.1 200 OK
Content-Type: application/json; charset=utf-8
cache-control: no-cache
content-length: 14

12:37:15.766 [AsyncHttpClient-1-2] DEBUG org.asynchttpclient.netty.channel.ChannelManager - Adding key: http://localhost:49921 for channel [id: 0x807b5911, L:/127.0.0.1:56618 - R:localhost/127.0.0.1:49921]
12:37:15.767 [Forwarding getCurrentUrl on session 319642172572fdf8090d6c9115dd1193 to remote] DEBUG org.asynchttpclient.netty.request.NettyRequestSender - Using pooled Channel '[id: 0x807b5911, L:/127.0.0.1:56618 - R:localhost/127.0.0.1:49921]' for 'GET' to 'http://localhost:49921/session/319642172572fdf8090d6c9115dd1193/url'
12:37:15.768 [Forwarding getCurrentUrl on session 319642172572fdf8090d6c9115dd1193 to remote] DEBUG org.asynchttpclient.netty.request.NettyRequestSender - Using open Channel [id: 0x807b5911, L:/127.0.0.1:56618 - R:localhost/127.0.0.1:49921] for GET '/session/319642172572fdf8090d6c9115dd1193/url'
12:37:15.778 [AsyncHttpClient-1-2] DEBUG org.asynchttpclient.netty.handler.HttpHandler - 

Request DefaultFullHttpRequest(decodeResult: success, version: HTTP/1.1, content: EmptyByteBufBE)
GET /session/319642172572fdf8090d6c9115dd1193/url HTTP/1.1
User-Agent: selenium/4.4.0 (java windows)
Cache-Control: no-cache
Content-Type: application/json; charset=utf-8
host: localhost:49921
accept: */*

Response DefaultHttpResponse(decodeResult: success, version: HTTP/1.1)
HTTP/1.1 200 OK
Content-Type: application/json; charset=utf-8
cache-control: no-cache
content-length: 55

12:37:15.778 [AsyncHttpClient-1-2] DEBUG org.asynchttpclient.netty.channel.ChannelManager - Adding key: http://localhost:49921 for channel [id: 0x807b5911, L:/127.0.0.1:56618 - R:localhost/127.0.0.1:49921]
12:37:15.780 [Forwarding screenshot on session 319642172572fdf8090d6c9115dd1193 to remote] DEBUG org.asynchttpclient.netty.request.NettyRequestSender - Using pooled Channel '[id: 0x807b5911, L:/127.0.0.1:56618 - R:localhost/127.0.0.1:49921]' for 'GET' to 'http://localhost:49921/session/319642172572fdf8090d6c9115dd1193/screenshot'
12:37:15.780 [Forwarding screenshot on session 319642172572fdf8090d6c9115dd1193 to remote] DEBUG org.asynchttpclient.netty.request.NettyRequestSender - Using open Channel [id: 0x807b5911, L:/127.0.0.1:56618 - R:localhost/127.0.0.1:49921] for GET '/session/319642172572fdf8090d6c9115dd1193/screenshot'
12:37:15.798 [AsyncHttpClient-1-1] DEBUG org.asynchttpclient.netty.channel.DefaultChannelPool - Entry count for : http://localhost:56619 : 1
12:37:15.972 [AsyncHttpClient-1-2] DEBUG org.asynchttpclient.netty.handler.HttpHandler - 

Request DefaultFullHttpRequest(decodeResult: success, version: HTTP/1.1, content: EmptyByteBufBE)
GET /session/319642172572fdf8090d6c9115dd1193/screenshot HTTP/1.1
User-Agent: selenium/4.4.0 (java windows)
Cache-Control: no-cache
Content-Type: application/json; charset=utf-8
host: localhost:49921
accept: */*

Response DefaultHttpResponse(decodeResult: success, version: HTTP/1.1)
HTTP/1.1 200 OK
Content-Type: application/json; charset=utf-8
cache-control: no-cache
content-length: 497788

12:37:15.974 [AsyncHttpClient-1-2] DEBUG org.asynchttpclient.netty.channel.ChannelManager - Adding key: http://localhost:49921 for channel [id: 0x807b5911, L:/127.0.0.1:56618 - R:localhost/127.0.0.1:49921]
12:37:15.988 [Test worker] DEBUG net.serenitybdd.core.photography.Darkroom - Send negative for processing for C:\Users\pcnit\Downloads\TestE2E\target\site\serenity\5f083c89269020fe9a05b00aa98cb406138a14691e84f6a375ee5bc7cff4aa7c.png
12:37:15.999 [Forwarding getPageSource on session 319642172572fdf8090d6c9115dd1193 to remote] DEBUG org.asynchttpclient.netty.request.NettyRequestSender - Using pooled Channel '[id: 0x807b5911, L:/127.0.0.1:56618 - R:localhost/127.0.0.1:49921]' for 'POST' to 'http://localhost:49921/session/319642172572fdf8090d6c9115dd1193/execute/sync'
12:37:15.999 [Forwarding getPageSource on session 319642172572fdf8090d6c9115dd1193 to remote] DEBUG org.asynchttpclient.netty.request.NettyRequestSender - Using open Channel [id: 0x807b5911, L:/127.0.0.1:56618 - R:localhost/127.0.0.1:49921] for POST '/session/319642172572fdf8090d6c9115dd1193/execute/sync'
12:37:16.012 [AsyncHttpClient-1-2] DEBUG org.asynchttpclient.netty.handler.HttpHandler - 

Request DefaultHttpRequest(decodeResult: success, version: HTTP/1.1)
POST /session/319642172572fdf8090d6c9115dd1193/execute/sync HTTP/1.1
User-Agent: selenium/4.4.0 (java windows)
Content-Length: 176
Content-Type: application/json; charset=utf-8
host: localhost:49921
accept: */*

Response DefaultHttpResponse(decodeResult: success, version: HTTP/1.1)
HTTP/1.1 200 OK
Content-Type: application/json; charset=utf-8
cache-control: no-cache
content-length: 54626

12:37:16.013 [AsyncHttpClient-1-2] DEBUG org.asynchttpclient.netty.channel.ChannelManager - Adding key: http://localhost:49921 for channel [id: 0x807b5911, L:/127.0.0.1:56618 - R:localhost/127.0.0.1:49921]
12:37:16.022 [Forwarding getCurrentUrl on session 319642172572fdf8090d6c9115dd1193 to remote] DEBUG org.asynchttpclient.netty.request.NettyRequestSender - Using pooled Channel '[id: 0x807b5911, L:/127.0.0.1:56618 - R:localhost/127.0.0.1:49921]' for 'GET' to 'http://localhost:49921/session/319642172572fdf8090d6c9115dd1193/url'
12:37:16.022 [Forwarding getCurrentUrl on session 319642172572fdf8090d6c9115dd1193 to remote] DEBUG org.asynchttpclient.netty.request.NettyRequestSender - Using open Channel [id: 0x807b5911, L:/127.0.0.1:56618 - R:localhost/127.0.0.1:49921] for GET '/session/319642172572fdf8090d6c9115dd1193/url'
12:37:16.035 [AsyncHttpClient-1-2] DEBUG org.asynchttpclient.netty.handler.HttpHandler - 

Request DefaultFullHttpRequest(decodeResult: success, version: HTTP/1.1, content: EmptyByteBufBE)
GET /session/319642172572fdf8090d6c9115dd1193/url HTTP/1.1
User-Agent: selenium/4.4.0 (java windows)
Cache-Control: no-cache
Content-Type: application/json; charset=utf-8
host: localhost:49921
accept: */*

Response DefaultHttpResponse(decodeResult: success, version: HTTP/1.1)
HTTP/1.1 200 OK
Content-Type: application/json; charset=utf-8
cache-control: no-cache
content-length: 55

12:37:16.035 [AsyncHttpClient-1-2] DEBUG org.asynchttpclient.netty.channel.ChannelManager - Adding key: http://localhost:49921 for channel [id: 0x807b5911, L:/127.0.0.1:56618 - R:localhost/127.0.0.1:49921]
12:37:16.038 [Test worker] DEBUG net.thucydides.core.steps.StepInterceptor - STARTING STEP: Product.performAs - {0} clicks on #target
12:37:16.038 [Test worker] DEBUG net.serenitybdd.screenplay.targets.IFrameSwitcher - default content already selected for AGREGAR AL CARRITO
12:37:16.098 [Forwarding findElement on session 319642172572fdf8090d6c9115dd1193 to remote] DEBUG org.asynchttpclient.netty.request.NettyRequestSender - Using pooled Channel '[id: 0x807b5911, L:/127.0.0.1:56618 - R:localhost/127.0.0.1:49921]' for 'POST' to 'http://localhost:49921/session/319642172572fdf8090d6c9115dd1193/element'
12:37:16.098 [Forwarding findElement on session 319642172572fdf8090d6c9115dd1193 to remote] DEBUG org.asynchttpclient.netty.request.NettyRequestSender - Using open Channel [id: 0x807b5911, L:/127.0.0.1:56618 - R:localhost/127.0.0.1:49921] for POST '/session/319642172572fdf8090d6c9115dd1193/element'
12:37:16.110 [AsyncHttpClient-1-2] DEBUG org.asynchttpclient.netty.handler.HttpHandler - 

Request DefaultHttpRequest(decodeResult: success, version: HTTP/1.1)
POST /session/319642172572fdf8090d6c9115dd1193/element HTTP/1.1
User-Agent: selenium/4.4.0 (java windows)
Content-Length: 118
Content-Type: application/json; charset=utf-8
host: localhost:49921
accept: */*

Response DefaultHttpResponse(decodeResult: success, version: HTTP/1.1)
HTTP/1.1 200 OK
Content-Type: application/json; charset=utf-8
cache-control: no-cache
content-length: 127

12:37:16.110 [AsyncHttpClient-1-2] DEBUG org.asynchttpclient.netty.channel.ChannelManager - Adding key: http://localhost:49921 for channel [id: 0x807b5911, L:/127.0.0.1:56618 - R:localhost/127.0.0.1:49921]
12:37:16.122 [Forwarding isElementDisplayed on session 319642172572fdf8090d6c9115dd1193 to remote] DEBUG org.asynchttpclient.netty.request.NettyRequestSender - Using pooled Channel '[id: 0x807b5911, L:/127.0.0.1:56618 - R:localhost/127.0.0.1:49921]' for 'POST' to 'http://localhost:49921/session/319642172572fdf8090d6c9115dd1193/execute/sync'
12:37:16.122 [Forwarding isElementDisplayed on session 319642172572fdf8090d6c9115dd1193 to remote] DEBUG org.asynchttpclient.netty.request.NettyRequestSender - Using open Channel [id: 0x807b5911, L:/127.0.0.1:56618 - R:localhost/127.0.0.1:49921] for POST '/session/319642172572fdf8090d6c9115dd1193/execute/sync'
12:37:16.136 [AsyncHttpClient-1-2] DEBUG org.asynchttpclient.netty.handler.HttpHandler - 

Request DefaultHttpRequest(decodeResult: success, version: HTTP/1.1)
POST /session/319642172572fdf8090d6c9115dd1193/execute/sync HTTP/1.1
User-Agent: selenium/4.4.0 (java windows)
Content-Length: 48819
Content-Type: application/json; charset=utf-8
host: localhost:49921
accept: */*

Response DefaultHttpResponse(decodeResult: success, version: HTTP/1.1)
HTTP/1.1 200 OK
Content-Type: application/json; charset=utf-8
cache-control: no-cache
content-length: 14

12:37:16.137 [AsyncHttpClient-1-2] DEBUG org.asynchttpclient.netty.channel.ChannelManager - Adding key: http://localhost:49921 for channel [id: 0x807b5911, L:/127.0.0.1:56618 - R:localhost/127.0.0.1:49921]
12:37:16.155 [Forwarding findElement on session 319642172572fdf8090d6c9115dd1193 to remote] DEBUG org.asynchttpclient.netty.request.NettyRequestSender - Using pooled Channel '[id: 0x807b5911, L:/127.0.0.1:56618 - R:localhost/127.0.0.1:49921]' for 'POST' to 'http://localhost:49921/session/319642172572fdf8090d6c9115dd1193/element'
12:37:16.155 [Forwarding findElement on session 319642172572fdf8090d6c9115dd1193 to remote] DEBUG org.asynchttpclient.netty.request.NettyRequestSender - Using open Channel [id: 0x807b5911, L:/127.0.0.1:56618 - R:localhost/127.0.0.1:49921] for POST '/session/319642172572fdf8090d6c9115dd1193/element'
12:37:16.168 [AsyncHttpClient-1-2] DEBUG org.asynchttpclient.netty.handler.HttpHandler - 

Request DefaultHttpRequest(decodeResult: success, version: HTTP/1.1)
POST /session/319642172572fdf8090d6c9115dd1193/element HTTP/1.1
User-Agent: selenium/4.4.0 (java windows)
Content-Length: 118
Content-Type: application/json; charset=utf-8
host: localhost:49921
accept: */*

Response DefaultHttpResponse(decodeResult: success, version: HTTP/1.1)
HTTP/1.1 200 OK
Content-Type: application/json; charset=utf-8
cache-control: no-cache
content-length: 127

12:37:16.168 [AsyncHttpClient-1-2] DEBUG org.asynchttpclient.netty.channel.ChannelManager - Adding key: http://localhost:49921 for channel [id: 0x807b5911, L:/127.0.0.1:56618 - R:localhost/127.0.0.1:49921]
12:37:16.171 [Forwarding clickElement on session 319642172572fdf8090d6c9115dd1193 to remote] DEBUG org.asynchttpclient.netty.request.NettyRequestSender - Using pooled Channel '[id: 0x807b5911, L:/127.0.0.1:56618 - R:localhost/127.0.0.1:49921]' for 'POST' to 'http://localhost:49921/session/319642172572fdf8090d6c9115dd1193/element/f.77D77E48C717A5F8144E3521F6891EC1.d.05CFD560F267E99649E32B4CF6CE252F.e.351/click'
12:37:16.171 [Forwarding clickElement on session 319642172572fdf8090d6c9115dd1193 to remote] DEBUG org.asynchttpclient.netty.request.NettyRequestSender - Using open Channel [id: 0x807b5911, L:/127.0.0.1:56618 - R:localhost/127.0.0.1:49921] for POST '/session/319642172572fdf8090d6c9115dd1193/element/f.77D77E48C717A5F8144E3521F6891EC1.d.05CFD560F267E99649E32B4CF6CE252F.e.351/click'
12:37:16.294 [AsyncHttpClient-1-2] DEBUG org.asynchttpclient.netty.handler.HttpHandler - 

Request DefaultHttpRequest(decodeResult: success, version: HTTP/1.1)
POST /session/319642172572fdf8090d6c9115dd1193/element/f.77D77E48C717A5F8144E3521F6891EC1.d.05CFD560F267E99649E32B4CF6CE252F.e.351/click HTTP/1.1
User-Agent: selenium/4.4.0 (java windows)
Content-Length: 89
Content-Type: application/json; charset=utf-8
host: localhost:49921
accept: */*

Response DefaultHttpResponse(decodeResult: success, version: HTTP/1.1)
HTTP/1.1 200 OK
Content-Type: application/json; charset=utf-8
cache-control: no-cache
content-length: 14

12:37:16.295 [AsyncHttpClient-1-2] DEBUG org.asynchttpclient.netty.channel.ChannelManager - Adding key: http://localhost:49921 for channel [id: 0x807b5911, L:/127.0.0.1:56618 - R:localhost/127.0.0.1:49921]
12:37:16.345 [Forwarding getCurrentWindowHandle on session 319642172572fdf8090d6c9115dd1193 to remote] DEBUG org.asynchttpclient.netty.request.NettyRequestSender - Using pooled Channel '[id: 0x807b5911, L:/127.0.0.1:56618 - R:localhost/127.0.0.1:49921]' for 'GET' to 'http://localhost:49921/session/319642172572fdf8090d6c9115dd1193/window'
12:37:16.345 [Forwarding getCurrentWindowHandle on session 319642172572fdf8090d6c9115dd1193 to remote] DEBUG org.asynchttpclient.netty.request.NettyRequestSender - Using open Channel [id: 0x807b5911, L:/127.0.0.1:56618 - R:localhost/127.0.0.1:49921] for GET '/session/319642172572fdf8090d6c9115dd1193/window'
12:37:16.352 [AsyncHttpClient-1-2] DEBUG org.asynchttpclient.netty.handler.HttpHandler - 

Request DefaultFullHttpRequest(decodeResult: success, version: HTTP/1.1, content: EmptyByteBufBE)
GET /session/319642172572fdf8090d6c9115dd1193/window HTTP/1.1
User-Agent: selenium/4.4.0 (java windows)
Cache-Control: no-cache
Content-Type: application/json; charset=utf-8
host: localhost:49921
accept: */*

Response DefaultHttpResponse(decodeResult: success, version: HTTP/1.1)
HTTP/1.1 200 OK
Content-Type: application/json; charset=utf-8
cache-control: no-cache
content-length: 44

12:37:16.352 [AsyncHttpClient-1-2] DEBUG org.asynchttpclient.netty.channel.ChannelManager - Adding key: http://localhost:49921 for channel [id: 0x807b5911, L:/127.0.0.1:56618 - R:localhost/127.0.0.1:49921]
12:37:16.366 [Forwarding getAlertText on session 319642172572fdf8090d6c9115dd1193 to remote] DEBUG org.asynchttpclient.netty.request.NettyRequestSender - Using pooled Channel '[id: 0x807b5911, L:/127.0.0.1:56618 - R:localhost/127.0.0.1:49921]' for 'GET' to 'http://localhost:49921/session/319642172572fdf8090d6c9115dd1193/alert/text'
12:37:16.366 [Forwarding getAlertText on session 319642172572fdf8090d6c9115dd1193 to remote] DEBUG org.asynchttpclient.netty.request.NettyRequestSender - Using open Channel [id: 0x807b5911, L:/127.0.0.1:56618 - R:localhost/127.0.0.1:49921] for GET '/session/319642172572fdf8090d6c9115dd1193/alert/text'
12:37:16.374 [AsyncHttpClient-1-2] DEBUG org.asynchttpclient.netty.handler.HttpHandler - 

Request DefaultFullHttpRequest(decodeResult: success, version: HTTP/1.1, content: EmptyByteBufBE)
GET /session/319642172572fdf8090d6c9115dd1193/alert/text HTTP/1.1
User-Agent: selenium/4.4.0 (java windows)
Cache-Control: no-cache
Content-Type: application/json; charset=utf-8
host: localhost:49921
accept: */*

Response DefaultHttpResponse(decodeResult: success, version: HTTP/1.1)
HTTP/1.1 404 Not Found
Content-Type: application/json; charset=utf-8
cache-control: no-cache
content-length: 1045

12:37:16.374 [AsyncHttpClient-1-2] DEBUG org.asynchttpclient.netty.channel.ChannelManager - Adding key: http://localhost:49921 for channel [id: 0x807b5911, L:/127.0.0.1:56618 - R:localhost/127.0.0.1:49921]
12:37:16.390 [Forwarding switchToWindow on session 319642172572fdf8090d6c9115dd1193 to remote] DEBUG org.asynchttpclient.netty.request.NettyRequestSender - Using pooled Channel '[id: 0x807b5911, L:/127.0.0.1:56618 - R:localhost/127.0.0.1:49921]' for 'POST' to 'http://localhost:49921/session/319642172572fdf8090d6c9115dd1193/window'
12:37:16.390 [Forwarding switchToWindow on session 319642172572fdf8090d6c9115dd1193 to remote] DEBUG org.asynchttpclient.netty.request.NettyRequestSender - Using open Channel [id: 0x807b5911, L:/127.0.0.1:56618 - R:localhost/127.0.0.1:49921] for POST '/session/319642172572fdf8090d6c9115dd1193/window'
12:37:16.395 [AsyncHttpClient-1-2] DEBUG org.asynchttpclient.netty.handler.HttpHandler - 

Request DefaultHttpRequest(decodeResult: success, version: HTTP/1.1)
POST /session/319642172572fdf8090d6c9115dd1193/window HTTP/1.1
User-Agent: selenium/4.4.0 (java windows)
Content-Length: 50
Content-Type: application/json; charset=utf-8
host: localhost:49921
accept: */*

Response DefaultHttpResponse(decodeResult: success, version: HTTP/1.1)
HTTP/1.1 200 OK
Content-Type: application/json; charset=utf-8
cache-control: no-cache
content-length: 14

12:37:16.396 [AsyncHttpClient-1-2] DEBUG org.asynchttpclient.netty.channel.ChannelManager - Adding key: http://localhost:49921 for channel [id: 0x807b5911, L:/127.0.0.1:56618 - R:localhost/127.0.0.1:49921]
12:37:16.398 [Forwarding getCurrentUrl on session 319642172572fdf8090d6c9115dd1193 to remote] DEBUG org.asynchttpclient.netty.request.NettyRequestSender - Using pooled Channel '[id: 0x807b5911, L:/127.0.0.1:56618 - R:localhost/127.0.0.1:49921]' for 'GET' to 'http://localhost:49921/session/319642172572fdf8090d6c9115dd1193/url'
12:37:16.398 [Forwarding getCurrentUrl on session 319642172572fdf8090d6c9115dd1193 to remote] DEBUG org.asynchttpclient.netty.request.NettyRequestSender - Using open Channel [id: 0x807b5911, L:/127.0.0.1:56618 - R:localhost/127.0.0.1:49921] for GET '/session/319642172572fdf8090d6c9115dd1193/url'
12:37:16.415 [AsyncHttpClient-1-2] DEBUG org.asynchttpclient.netty.handler.HttpHandler - 

Request DefaultFullHttpRequest(decodeResult: success, version: HTTP/1.1, content: EmptyByteBufBE)
GET /session/319642172572fdf8090d6c9115dd1193/url HTTP/1.1
User-Agent: selenium/4.4.0 (java windows)
Cache-Control: no-cache
Content-Type: application/json; charset=utf-8
host: localhost:49921
accept: */*

Response DefaultHttpResponse(decodeResult: success, version: HTTP/1.1)
HTTP/1.1 200 OK
Content-Type: application/json; charset=utf-8
cache-control: no-cache
content-length: 56

12:37:16.415 [AsyncHttpClient-1-2] DEBUG org.asynchttpclient.netty.channel.ChannelManager - Adding key: http://localhost:49921 for channel [id: 0x807b5911, L:/127.0.0.1:56618 - R:localhost/127.0.0.1:49921]
12:37:16.417 [Forwarding screenshot on session 319642172572fdf8090d6c9115dd1193 to remote] DEBUG org.asynchttpclient.netty.request.NettyRequestSender - Using pooled Channel '[id: 0x807b5911, L:/127.0.0.1:56618 - R:localhost/127.0.0.1:49921]' for 'GET' to 'http://localhost:49921/session/319642172572fdf8090d6c9115dd1193/screenshot'
12:37:16.417 [Forwarding screenshot on session 319642172572fdf8090d6c9115dd1193 to remote] DEBUG org.asynchttpclient.netty.request.NettyRequestSender - Using open Channel [id: 0x807b5911, L:/127.0.0.1:56618 - R:localhost/127.0.0.1:49921] for GET '/session/319642172572fdf8090d6c9115dd1193/screenshot'
12:37:16.623 [AsyncHttpClient-1-2] DEBUG org.asynchttpclient.netty.handler.HttpHandler - 

Request DefaultFullHttpRequest(decodeResult: success, version: HTTP/1.1, content: EmptyByteBufBE)
GET /session/319642172572fdf8090d6c9115dd1193/screenshot HTTP/1.1
User-Agent: selenium/4.4.0 (java windows)
Cache-Control: no-cache
Content-Type: application/json; charset=utf-8
host: localhost:49921
accept: */*

Response DefaultHttpResponse(decodeResult: success, version: HTTP/1.1)
HTTP/1.1 200 OK
Content-Type: application/json; charset=utf-8
cache-control: no-cache
content-length: 522424

12:37:16.635 [AsyncHttpClient-1-2] DEBUG org.asynchttpclient.netty.channel.ChannelManager - Adding key: http://localhost:49921 for channel [id: 0x807b5911, L:/127.0.0.1:56618 - R:localhost/127.0.0.1:49921]
12:37:16.661 [Test worker] DEBUG net.serenitybdd.core.photography.Darkroom - Send negative for processing for C:\Users\pcnit\Downloads\TestE2E\target\site\serenity\561fea060458b4759e30b977dcc04c7f1d937dec867c18ca212db7fe667cde06.png
12:37:16.675 [Forwarding getPageSource on session 319642172572fdf8090d6c9115dd1193 to remote] DEBUG org.asynchttpclient.netty.request.NettyRequestSender - Using pooled Channel '[id: 0x807b5911, L:/127.0.0.1:56618 - R:localhost/127.0.0.1:49921]' for 'POST' to 'http://localhost:49921/session/319642172572fdf8090d6c9115dd1193/execute/sync'
12:37:16.675 [Forwarding getPageSource on session 319642172572fdf8090d6c9115dd1193 to remote] DEBUG org.asynchttpclient.netty.request.NettyRequestSender - Using open Channel [id: 0x807b5911, L:/127.0.0.1:56618 - R:localhost/127.0.0.1:49921] for POST '/session/319642172572fdf8090d6c9115dd1193/execute/sync'
12:37:16.681 [AsyncHttpClient-1-2] DEBUG org.asynchttpclient.netty.handler.HttpHandler - 

Request DefaultHttpRequest(decodeResult: success, version: HTTP/1.1)
POST /session/319642172572fdf8090d6c9115dd1193/execute/sync HTTP/1.1
User-Agent: selenium/4.4.0 (java windows)
Content-Length: 176
Content-Type: application/json; charset=utf-8
host: localhost:49921
accept: */*

Response DefaultHttpResponse(decodeResult: success, version: HTTP/1.1)
HTTP/1.1 500 Internal Server Error
Content-Type: application/json; charset=utf-8
cache-control: no-cache
content-length: 1009

12:37:16.681 [AsyncHttpClient-1-2] DEBUG org.asynchttpclient.netty.channel.ChannelManager - Adding key: http://localhost:49921 for channel [id: 0x807b5911, L:/127.0.0.1:56618 - R:localhost/127.0.0.1:49921]
12:37:16.687 [Forwarding getCurrentUrl on session 319642172572fdf8090d6c9115dd1193 to remote] DEBUG org.asynchttpclient.netty.request.NettyRequestSender - Using pooled Channel '[id: 0x807b5911, L:/127.0.0.1:56618 - R:localhost/127.0.0.1:49921]' for 'GET' to 'http://localhost:49921/session/319642172572fdf8090d6c9115dd1193/url'
12:37:16.687 [Forwarding getCurrentUrl on session 319642172572fdf8090d6c9115dd1193 to remote] DEBUG org.asynchttpclient.netty.request.NettyRequestSender - Using open Channel [id: 0x807b5911, L:/127.0.0.1:56618 - R:localhost/127.0.0.1:49921] for GET '/session/319642172572fdf8090d6c9115dd1193/url'
12:37:16.705 [AsyncHttpClient-1-2] DEBUG org.asynchttpclient.netty.handler.HttpHandler - 

Request DefaultFullHttpRequest(decodeResult: success, version: HTTP/1.1, content: EmptyByteBufBE)
GET /session/319642172572fdf8090d6c9115dd1193/url HTTP/1.1
User-Agent: selenium/4.4.0 (java windows)
Cache-Control: no-cache
Content-Type: application/json; charset=utf-8
host: localhost:49921
accept: */*

Response DefaultHttpResponse(decodeResult: success, version: HTTP/1.1)
HTTP/1.1 200 OK
Content-Type: application/json; charset=utf-8
cache-control: no-cache
content-length: 56

12:37:16.705 [AsyncHttpClient-1-2] DEBUG org.asynchttpclient.netty.channel.ChannelManager - Adding key: http://localhost:49921 for channel [id: 0x807b5911, L:/127.0.0.1:56618 - R:localhost/127.0.0.1:49921]
12:37:16.755 [Forwarding getCurrentWindowHandle on session 319642172572fdf8090d6c9115dd1193 to remote] DEBUG org.asynchttpclient.netty.request.NettyRequestSender - Using pooled Channel '[id: 0x807b5911, L:/127.0.0.1:56618 - R:localhost/127.0.0.1:49921]' for 'GET' to 'http://localhost:49921/session/319642172572fdf8090d6c9115dd1193/window'
12:37:16.755 [Forwarding getCurrentWindowHandle on session 319642172572fdf8090d6c9115dd1193 to remote] DEBUG org.asynchttpclient.netty.request.NettyRequestSender - Using open Channel [id: 0x807b5911, L:/127.0.0.1:56618 - R:localhost/127.0.0.1:49921] for GET '/session/319642172572fdf8090d6c9115dd1193/window'
12:37:16.761 [AsyncHttpClient-1-2] DEBUG org.asynchttpclient.netty.handler.HttpHandler - 

Request DefaultFullHttpRequest(decodeResult: success, version: HTTP/1.1, content: EmptyByteBufBE)
GET /session/319642172572fdf8090d6c9115dd1193/window HTTP/1.1
User-Agent: selenium/4.4.0 (java windows)
Cache-Control: no-cache
Content-Type: application/json; charset=utf-8
host: localhost:49921
accept: */*

Response DefaultHttpResponse(decodeResult: success, version: HTTP/1.1)
HTTP/1.1 200 OK
Content-Type: application/json; charset=utf-8
cache-control: no-cache
content-length: 44

12:37:16.761 [AsyncHttpClient-1-2] DEBUG org.asynchttpclient.netty.channel.ChannelManager - Adding key: http://localhost:49921 for channel [id: 0x807b5911, L:/127.0.0.1:56618 - R:localhost/127.0.0.1:49921]
12:37:16.773 [Forwarding getAlertText on session 319642172572fdf8090d6c9115dd1193 to remote] DEBUG org.asynchttpclient.netty.request.NettyRequestSender - Using pooled Channel '[id: 0x807b5911, L:/127.0.0.1:56618 - R:localhost/127.0.0.1:49921]' for 'GET' to 'http://localhost:49921/session/319642172572fdf8090d6c9115dd1193/alert/text'
12:37:16.773 [Forwarding getAlertText on session 319642172572fdf8090d6c9115dd1193 to remote] DEBUG org.asynchttpclient.netty.request.NettyRequestSender - Using open Channel [id: 0x807b5911, L:/127.0.0.1:56618 - R:localhost/127.0.0.1:49921] for GET '/session/319642172572fdf8090d6c9115dd1193/alert/text'
12:37:16.782 [AsyncHttpClient-1-2] DEBUG org.asynchttpclient.netty.handler.HttpHandler - 

Request DefaultFullHttpRequest(decodeResult: success, version: HTTP/1.1, content: EmptyByteBufBE)
GET /session/319642172572fdf8090d6c9115dd1193/alert/text HTTP/1.1
User-Agent: selenium/4.4.0 (java windows)
Cache-Control: no-cache
Content-Type: application/json; charset=utf-8
host: localhost:49921
accept: */*

Response DefaultHttpResponse(decodeResult: success, version: HTTP/1.1)
HTTP/1.1 404 Not Found
Content-Type: application/json; charset=utf-8
cache-control: no-cache
content-length: 1045

12:37:16.783 [AsyncHttpClient-1-2] DEBUG org.asynchttpclient.netty.channel.ChannelManager - Adding key: http://localhost:49921 for channel [id: 0x807b5911, L:/127.0.0.1:56618 - R:localhost/127.0.0.1:49921]
12:37:16.798 [Forwarding switchToWindow on session 319642172572fdf8090d6c9115dd1193 to remote] DEBUG org.asynchttpclient.netty.request.NettyRequestSender - Using pooled Channel '[id: 0x807b5911, L:/127.0.0.1:56618 - R:localhost/127.0.0.1:49921]' for 'POST' to 'http://localhost:49921/session/319642172572fdf8090d6c9115dd1193/window'
12:37:16.798 [Forwarding switchToWindow on session 319642172572fdf8090d6c9115dd1193 to remote] DEBUG org.asynchttpclient.netty.request.NettyRequestSender - Using open Channel [id: 0x807b5911, L:/127.0.0.1:56618 - R:localhost/127.0.0.1:49921] for POST '/session/319642172572fdf8090d6c9115dd1193/window'
12:37:16.806 [AsyncHttpClient-1-2] DEBUG org.asynchttpclient.netty.handler.HttpHandler - 

Request DefaultHttpRequest(decodeResult: success, version: HTTP/1.1)
POST /session/319642172572fdf8090d6c9115dd1193/window HTTP/1.1
User-Agent: selenium/4.4.0 (java windows)
Content-Length: 50
Content-Type: application/json; charset=utf-8
host: localhost:49921
accept: */*

Response DefaultHttpResponse(decodeResult: success, version: HTTP/1.1)
HTTP/1.1 200 OK
Content-Type: application/json; charset=utf-8
cache-control: no-cache
content-length: 14

12:37:16.806 [AsyncHttpClient-1-2] DEBUG org.asynchttpclient.netty.channel.ChannelManager - Adding key: http://localhost:49921 for channel [id: 0x807b5911, L:/127.0.0.1:56618 - R:localhost/127.0.0.1:49921]
12:37:16.807 [Forwarding getCurrentUrl on session 319642172572fdf8090d6c9115dd1193 to remote] DEBUG org.asynchttpclient.netty.request.NettyRequestSender - Using pooled Channel '[id: 0x807b5911, L:/127.0.0.1:56618 - R:localhost/127.0.0.1:49921]' for 'GET' to 'http://localhost:49921/session/319642172572fdf8090d6c9115dd1193/url'
12:37:16.807 [Forwarding getCurrentUrl on session 319642172572fdf8090d6c9115dd1193 to remote] DEBUG org.asynchttpclient.netty.request.NettyRequestSender - Using open Channel [id: 0x807b5911, L:/127.0.0.1:56618 - R:localhost/127.0.0.1:49921] for GET '/session/319642172572fdf8090d6c9115dd1193/url'
12:37:16.823 [AsyncHttpClient-1-2] DEBUG org.asynchttpclient.netty.handler.HttpHandler - 

Request DefaultFullHttpRequest(decodeResult: success, version: HTTP/1.1, content: EmptyByteBufBE)
GET /session/319642172572fdf8090d6c9115dd1193/url HTTP/1.1
User-Agent: selenium/4.4.0 (java windows)
Cache-Control: no-cache
Content-Type: application/json; charset=utf-8
host: localhost:49921
accept: */*

Response DefaultHttpResponse(decodeResult: success, version: HTTP/1.1)
HTTP/1.1 200 OK
Content-Type: application/json; charset=utf-8
cache-control: no-cache
content-length: 56

12:37:16.823 [AsyncHttpClient-1-2] DEBUG org.asynchttpclient.netty.channel.ChannelManager - Adding key: http://localhost:49921 for channel [id: 0x807b5911, L:/127.0.0.1:56618 - R:localhost/127.0.0.1:49921]
12:37:16.826 [Forwarding screenshot on session 319642172572fdf8090d6c9115dd1193 to remote] DEBUG org.asynchttpclient.netty.request.NettyRequestSender - Using pooled Channel '[id: 0x807b5911, L:/127.0.0.1:56618 - R:localhost/127.0.0.1:49921]' for 'GET' to 'http://localhost:49921/session/319642172572fdf8090d6c9115dd1193/screenshot'
12:37:16.826 [Forwarding screenshot on session 319642172572fdf8090d6c9115dd1193 to remote] DEBUG org.asynchttpclient.netty.request.NettyRequestSender - Using open Channel [id: 0x807b5911, L:/127.0.0.1:56618 - R:localhost/127.0.0.1:49921] for GET '/session/319642172572fdf8090d6c9115dd1193/screenshot'
12:37:16.883 [AsyncHttpClient-1-1] DEBUG org.asynchttpclient.netty.channel.DefaultChannelPool - Entry count for : http://localhost:56619 : 1
12:37:17.048 [AsyncHttpClient-1-2] DEBUG org.asynchttpclient.netty.handler.HttpHandler - 

Request DefaultFullHttpRequest(decodeResult: success, version: HTTP/1.1, content: EmptyByteBufBE)
GET /session/319642172572fdf8090d6c9115dd1193/screenshot HTTP/1.1
User-Agent: selenium/4.4.0 (java windows)
Cache-Control: no-cache
Content-Type: application/json; charset=utf-8
host: localhost:49921
accept: */*

Response DefaultHttpResponse(decodeResult: success, version: HTTP/1.1)
HTTP/1.1 200 OK
Content-Type: application/json; charset=utf-8
cache-control: no-cache
content-length: 522424

12:37:17.049 [AsyncHttpClient-1-2] DEBUG org.asynchttpclient.netty.channel.ChannelManager - Adding key: http://localhost:49921 for channel [id: 0x807b5911, L:/127.0.0.1:56618 - R:localhost/127.0.0.1:49921]
12:37:17.064 [Test worker] DEBUG net.serenitybdd.core.photography.Darkroom - Send negative for processing for C:\Users\pcnit\Downloads\TestE2E\target\site\serenity\561fea060458b4759e30b977dcc04c7f1d937dec867c18ca212db7fe667cde06.png
12:37:17.065 [Test worker] DEBUG net.thucydides.core.steps.StepInterceptor - STEP DONE: {0} clicks on #target
12:37:17.107 [Test worker] DEBUG net.thucydides.core.steps.StepInterceptor - STEP DONE: performAs
  ?[32mEntonces ?[0m?[32mCompra producto?[0m                               ?[90m# co.com.screemplay.project.stepdefinition.CompleteStep.buyProduct()?[0m
12:37:17.142 [Forwarding getCurrentWindowHandle on session 319642172572fdf8090d6c9115dd1193 to remote] DEBUG org.asynchttpclient.netty.request.NettyRequestSender - Using pooled Channel '[id: 0x807b5911, L:/127.0.0.1:56618 - R:localhost/127.0.0.1:49921]' for 'GET' to 'http://localhost:49921/session/319642172572fdf8090d6c9115dd1193/window'
12:37:17.142 [Forwarding getCurrentWindowHandle on session 319642172572fdf8090d6c9115dd1193 to remote] DEBUG org.asynchttpclient.netty.request.NettyRequestSender - Using open Channel [id: 0x807b5911, L:/127.0.0.1:56618 - R:localhost/127.0.0.1:49921] for GET '/session/319642172572fdf8090d6c9115dd1193/window'
12:37:17.149 [AsyncHttpClient-1-2] DEBUG org.asynchttpclient.netty.handler.HttpHandler - 

Request DefaultFullHttpRequest(decodeResult: success, version: HTTP/1.1, content: EmptyByteBufBE)
GET /session/319642172572fdf8090d6c9115dd1193/window HTTP/1.1
User-Agent: selenium/4.4.0 (java windows)
Cache-Control: no-cache
Content-Type: application/json; charset=utf-8
host: localhost:49921
accept: */*

Response DefaultHttpResponse(decodeResult: success, version: HTTP/1.1)
HTTP/1.1 200 OK
Content-Type: application/json; charset=utf-8
cache-control: no-cache
content-length: 44

12:37:17.149 [AsyncHttpClient-1-2] DEBUG org.asynchttpclient.netty.channel.ChannelManager - Adding key: http://localhost:49921 for channel [id: 0x807b5911, L:/127.0.0.1:56618 - R:localhost/127.0.0.1:49921]
12:37:17.162 [Forwarding getAlertText on session 319642172572fdf8090d6c9115dd1193 to remote] DEBUG org.asynchttpclient.netty.request.NettyRequestSender - Using pooled Channel '[id: 0x807b5911, L:/127.0.0.1:56618 - R:localhost/127.0.0.1:49921]' for 'GET' to 'http://localhost:49921/session/319642172572fdf8090d6c9115dd1193/alert/text'
12:37:17.162 [Forwarding getAlertText on session 319642172572fdf8090d6c9115dd1193 to remote] DEBUG org.asynchttpclient.netty.request.NettyRequestSender - Using open Channel [id: 0x807b5911, L:/127.0.0.1:56618 - R:localhost/127.0.0.1:49921] for GET '/session/319642172572fdf8090d6c9115dd1193/alert/text'
12:37:17.169 [AsyncHttpClient-1-2] DEBUG org.asynchttpclient.netty.handler.HttpHandler - 

Request DefaultFullHttpRequest(decodeResult: success, version: HTTP/1.1, content: EmptyByteBufBE)
GET /session/319642172572fdf8090d6c9115dd1193/alert/text HTTP/1.1
User-Agent: selenium/4.4.0 (java windows)
Cache-Control: no-cache
Content-Type: application/json; charset=utf-8
host: localhost:49921
accept: */*

Response DefaultHttpResponse(decodeResult: success, version: HTTP/1.1)
HTTP/1.1 404 Not Found
Content-Type: application/json; charset=utf-8
cache-control: no-cache
content-length: 1045

12:37:17.169 [AsyncHttpClient-1-2] DEBUG org.asynchttpclient.netty.channel.ChannelManager - Adding key: http://localhost:49921 for channel [id: 0x807b5911, L:/127.0.0.1:56618 - R:localhost/127.0.0.1:49921]
12:37:17.180 [Forwarding switchToWindow on session 319642172572fdf8090d6c9115dd1193 to remote] DEBUG org.asynchttpclient.netty.request.NettyRequestSender - Using pooled Channel '[id: 0x807b5911, L:/127.0.0.1:56618 - R:localhost/127.0.0.1:49921]' for 'POST' to 'http://localhost:49921/session/319642172572fdf8090d6c9115dd1193/window'
12:37:17.180 [Forwarding switchToWindow on session 319642172572fdf8090d6c9115dd1193 to remote] DEBUG org.asynchttpclient.netty.request.NettyRequestSender - Using open Channel [id: 0x807b5911, L:/127.0.0.1:56618 - R:localhost/127.0.0.1:49921] for POST '/session/319642172572fdf8090d6c9115dd1193/window'
12:37:17.183 [AsyncHttpClient-1-2] DEBUG org.asynchttpclient.netty.handler.HttpHandler - 

Request DefaultHttpRequest(decodeResult: success, version: HTTP/1.1)
POST /session/319642172572fdf8090d6c9115dd1193/window HTTP/1.1
User-Agent: selenium/4.4.0 (java windows)
Content-Length: 50
Content-Type: application/json; charset=utf-8
host: localhost:49921
accept: */*

Response DefaultHttpResponse(decodeResult: success, version: HTTP/1.1)
HTTP/1.1 200 OK
Content-Type: application/json; charset=utf-8
cache-control: no-cache
content-length: 14

12:37:17.183 [AsyncHttpClient-1-2] DEBUG org.asynchttpclient.netty.channel.ChannelManager - Adding key: http://localhost:49921 for channel [id: 0x807b5911, L:/127.0.0.1:56618 - R:localhost/127.0.0.1:49921]
12:37:17.184 [Forwarding getCurrentUrl on session 319642172572fdf8090d6c9115dd1193 to remote] DEBUG org.asynchttpclient.netty.request.NettyRequestSender - Using pooled Channel '[id: 0x807b5911, L:/127.0.0.1:56618 - R:localhost/127.0.0.1:49921]' for 'GET' to 'http://localhost:49921/session/319642172572fdf8090d6c9115dd1193/url'
12:37:17.184 [Forwarding getCurrentUrl on session 319642172572fdf8090d6c9115dd1193 to remote] DEBUG org.asynchttpclient.netty.request.NettyRequestSender - Using open Channel [id: 0x807b5911, L:/127.0.0.1:56618 - R:localhost/127.0.0.1:49921] for GET '/session/319642172572fdf8090d6c9115dd1193/url'
12:37:17.209 [AsyncHttpClient-1-2] DEBUG org.asynchttpclient.netty.handler.HttpHandler - 

Request DefaultFullHttpRequest(decodeResult: success, version: HTTP/1.1, content: EmptyByteBufBE)
GET /session/319642172572fdf8090d6c9115dd1193/url HTTP/1.1
User-Agent: selenium/4.4.0 (java windows)
Cache-Control: no-cache
Content-Type: application/json; charset=utf-8
host: localhost:49921
accept: */*

Response DefaultHttpResponse(decodeResult: success, version: HTTP/1.1)
HTTP/1.1 200 OK
Content-Type: application/json; charset=utf-8
cache-control: no-cache
content-length: 56

12:37:17.210 [AsyncHttpClient-1-2] DEBUG org.asynchttpclient.netty.channel.ChannelManager - Adding key: http://localhost:49921 for channel [id: 0x807b5911, L:/127.0.0.1:56618 - R:localhost/127.0.0.1:49921]
12:37:17.214 [Forwarding screenshot on session 319642172572fdf8090d6c9115dd1193 to remote] DEBUG org.asynchttpclient.netty.request.NettyRequestSender - Using pooled Channel '[id: 0x807b5911, L:/127.0.0.1:56618 - R:localhost/127.0.0.1:49921]' for 'GET' to 'http://localhost:49921/session/319642172572fdf8090d6c9115dd1193/screenshot'
12:37:17.214 [Forwarding screenshot on session 319642172572fdf8090d6c9115dd1193 to remote] DEBUG org.asynchttpclient.netty.request.NettyRequestSender - Using open Channel [id: 0x807b5911, L:/127.0.0.1:56618 - R:localhost/127.0.0.1:49921] for GET '/session/319642172572fdf8090d6c9115dd1193/screenshot'
12:37:17.405 [AsyncHttpClient-1-2] DEBUG org.asynchttpclient.netty.handler.HttpHandler - 

Request DefaultFullHttpRequest(decodeResult: success, version: HTTP/1.1, content: EmptyByteBufBE)
GET /session/319642172572fdf8090d6c9115dd1193/screenshot HTTP/1.1
User-Agent: selenium/4.4.0 (java windows)
Cache-Control: no-cache
Content-Type: application/json; charset=utf-8
host: localhost:49921
accept: */*

Response DefaultHttpResponse(decodeResult: success, version: HTTP/1.1)
HTTP/1.1 200 OK
Content-Type: application/json; charset=utf-8
cache-control: no-cache
content-length: 522424

12:37:17.407 [AsyncHttpClient-1-2] DEBUG org.asynchttpclient.netty.channel.ChannelManager - Adding key: http://localhost:49921 for channel [id: 0x807b5911, L:/127.0.0.1:56618 - R:localhost/127.0.0.1:49921]
12:37:17.421 [Test worker] DEBUG net.serenitybdd.core.photography.Darkroom - Send negative for processing for C:\Users\pcnit\Downloads\TestE2E\target\site\serenity\561fea060458b4759e30b977dcc04c7f1d937dec867c18ca212db7fe667cde06.png
12:37:17.442 [Forwarding getPageSource on session 319642172572fdf8090d6c9115dd1193 to remote] DEBUG org.asynchttpclient.netty.request.NettyRequestSender - Using pooled Channel '[id: 0x807b5911, L:/127.0.0.1:56618 - R:localhost/127.0.0.1:49921]' for 'POST' to 'http://localhost:49921/session/319642172572fdf8090d6c9115dd1193/execute/sync'
12:37:17.442 [Forwarding getPageSource on session 319642172572fdf8090d6c9115dd1193 to remote] DEBUG org.asynchttpclient.netty.request.NettyRequestSender - Using open Channel [id: 0x807b5911, L:/127.0.0.1:56618 - R:localhost/127.0.0.1:49921] for POST '/session/319642172572fdf8090d6c9115dd1193/execute/sync'
12:37:17.458 [AsyncHttpClient-1-2] DEBUG org.asynchttpclient.netty.handler.HttpHandler - 

Request DefaultHttpRequest(decodeResult: success, version: HTTP/1.1)
POST /session/319642172572fdf8090d6c9115dd1193/execute/sync HTTP/1.1
User-Agent: selenium/4.4.0 (java windows)
Content-Length: 176
Content-Type: application/json; charset=utf-8
host: localhost:49921
accept: */*

Response DefaultHttpResponse(decodeResult: success, version: HTTP/1.1)
HTTP/1.1 200 OK
Content-Type: application/json; charset=utf-8
cache-control: no-cache
content-length: 54626

12:37:17.458 [AsyncHttpClient-1-2] DEBUG org.asynchttpclient.netty.channel.ChannelManager - Adding key: http://localhost:49921 for channel [id: 0x807b5911, L:/127.0.0.1:56618 - R:localhost/127.0.0.1:49921]
12:37:17.463 [Forwarding getCurrentUrl on session 319642172572fdf8090d6c9115dd1193 to remote] DEBUG org.asynchttpclient.netty.request.NettyRequestSender - Using pooled Channel '[id: 0x807b5911, L:/127.0.0.1:56618 - R:localhost/127.0.0.1:49921]' for 'GET' to 'http://localhost:49921/session/319642172572fdf8090d6c9115dd1193/url'
12:37:17.463 [Forwarding getCurrentUrl on session 319642172572fdf8090d6c9115dd1193 to remote] DEBUG org.asynchttpclient.netty.request.NettyRequestSender - Using open Channel [id: 0x807b5911, L:/127.0.0.1:56618 - R:localhost/127.0.0.1:49921] for GET '/session/319642172572fdf8090d6c9115dd1193/url'
12:37:17.477 [AsyncHttpClient-1-2] DEBUG org.asynchttpclient.netty.handler.HttpHandler - 

Request DefaultFullHttpRequest(decodeResult: success, version: HTTP/1.1, content: EmptyByteBufBE)
GET /session/319642172572fdf8090d6c9115dd1193/url HTTP/1.1
User-Agent: selenium/4.4.0 (java windows)
Cache-Control: no-cache
Content-Type: application/json; charset=utf-8
host: localhost:49921
accept: */*

Response DefaultHttpResponse(decodeResult: success, version: HTTP/1.1)
HTTP/1.1 200 OK
Content-Type: application/json; charset=utf-8
cache-control: no-cache
content-length: 56

12:37:17.478 [AsyncHttpClient-1-2] DEBUG org.asynchttpclient.netty.channel.ChannelManager - Adding key: http://localhost:49921 for channel [id: 0x807b5911, L:/127.0.0.1:56618 - R:localhost/127.0.0.1:49921]
12:37:17.528 [Forwarding getCurrentWindowHandle on session 319642172572fdf8090d6c9115dd1193 to remote] DEBUG org.asynchttpclient.netty.request.NettyRequestSender - Using pooled Channel '[id: 0x807b5911, L:/127.0.0.1:56618 - R:localhost/127.0.0.1:49921]' for 'GET' to 'http://localhost:49921/session/319642172572fdf8090d6c9115dd1193/window'
12:37:17.529 [Forwarding getCurrentWindowHandle on session 319642172572fdf8090d6c9115dd1193 to remote] DEBUG org.asynchttpclient.netty.request.NettyRequestSender - Using open Channel [id: 0x807b5911, L:/127.0.0.1:56618 - R:localhost/127.0.0.1:49921] for GET '/session/319642172572fdf8090d6c9115dd1193/window'
12:37:17.537 [AsyncHttpClient-1-2] DEBUG org.asynchttpclient.netty.handler.HttpHandler - 

Request DefaultFullHttpRequest(decodeResult: success, version: HTTP/1.1, content: EmptyByteBufBE)
GET /session/319642172572fdf8090d6c9115dd1193/window HTTP/1.1
User-Agent: selenium/4.4.0 (java windows)
Cache-Control: no-cache
Content-Type: application/json; charset=utf-8
host: localhost:49921
accept: */*

Response DefaultHttpResponse(decodeResult: success, version: HTTP/1.1)
HTTP/1.1 200 OK
Content-Type: application/json; charset=utf-8
cache-control: no-cache
content-length: 44

12:37:17.537 [AsyncHttpClient-1-2] DEBUG org.asynchttpclient.netty.channel.ChannelManager - Adding key: http://localhost:49921 for channel [id: 0x807b5911, L:/127.0.0.1:56618 - R:localhost/127.0.0.1:49921]
12:37:17.543 [Forwarding getAlertText on session 319642172572fdf8090d6c9115dd1193 to remote] DEBUG org.asynchttpclient.netty.request.NettyRequestSender - Using pooled Channel '[id: 0x807b5911, L:/127.0.0.1:56618 - R:localhost/127.0.0.1:49921]' for 'GET' to 'http://localhost:49921/session/319642172572fdf8090d6c9115dd1193/alert/text'
12:37:17.543 [Forwarding getAlertText on session 319642172572fdf8090d6c9115dd1193 to remote] DEBUG org.asynchttpclient.netty.request.NettyRequestSender - Using open Channel [id: 0x807b5911, L:/127.0.0.1:56618 - R:localhost/127.0.0.1:49921] for GET '/session/319642172572fdf8090d6c9115dd1193/alert/text'
12:37:17.553 [AsyncHttpClient-1-2] DEBUG org.asynchttpclient.netty.handler.HttpHandler - 

Request DefaultFullHttpRequest(decodeResult: success, version: HTTP/1.1, content: EmptyByteBufBE)
GET /session/319642172572fdf8090d6c9115dd1193/alert/text HTTP/1.1
User-Agent: selenium/4.4.0 (java windows)
Cache-Control: no-cache
Content-Type: application/json; charset=utf-8
host: localhost:49921
accept: */*

Response DefaultHttpResponse(decodeResult: success, version: HTTP/1.1)
HTTP/1.1 404 Not Found
Content-Type: application/json; charset=utf-8
cache-control: no-cache
content-length: 1045

12:37:17.553 [AsyncHttpClient-1-2] DEBUG org.asynchttpclient.netty.channel.ChannelManager - Adding key: http://localhost:49921 for channel [id: 0x807b5911, L:/127.0.0.1:56618 - R:localhost/127.0.0.1:49921]
12:37:17.573 [Forwarding switchToWindow on session 319642172572fdf8090d6c9115dd1193 to remote] DEBUG org.asynchttpclient.netty.request.NettyRequestSender - Using pooled Channel '[id: 0x807b5911, L:/127.0.0.1:56618 - R:localhost/127.0.0.1:49921]' for 'POST' to 'http://localhost:49921/session/319642172572fdf8090d6c9115dd1193/window'
12:37:17.573 [Forwarding switchToWindow on session 319642172572fdf8090d6c9115dd1193 to remote] DEBUG org.asynchttpclient.netty.request.NettyRequestSender - Using open Channel [id: 0x807b5911, L:/127.0.0.1:56618 - R:localhost/127.0.0.1:49921] for POST '/session/319642172572fdf8090d6c9115dd1193/window'
12:37:17.579 [AsyncHttpClient-1-2] DEBUG org.asynchttpclient.netty.handler.HttpHandler - 

Request DefaultHttpRequest(decodeResult: success, version: HTTP/1.1)
POST /session/319642172572fdf8090d6c9115dd1193/window HTTP/1.1
User-Agent: selenium/4.4.0 (java windows)
Content-Length: 50
Content-Type: application/json; charset=utf-8
host: localhost:49921
accept: */*

Response DefaultHttpResponse(decodeResult: success, version: HTTP/1.1)
HTTP/1.1 200 OK
Content-Type: application/json; charset=utf-8
cache-control: no-cache
content-length: 14

12:37:17.579 [AsyncHttpClient-1-2] DEBUG org.asynchttpclient.netty.channel.ChannelManager - Adding key: http://localhost:49921 for channel [id: 0x807b5911, L:/127.0.0.1:56618 - R:localhost/127.0.0.1:49921]
12:37:17.579 [Forwarding getCurrentUrl on session 319642172572fdf8090d6c9115dd1193 to remote] DEBUG org.asynchttpclient.netty.request.NettyRequestSender - Using pooled Channel '[id: 0x807b5911, L:/127.0.0.1:56618 - R:localhost/127.0.0.1:49921]' for 'GET' to 'http://localhost:49921/session/319642172572fdf8090d6c9115dd1193/url'
12:37:17.579 [Forwarding getCurrentUrl on session 319642172572fdf8090d6c9115dd1193 to remote] DEBUG org.asynchttpclient.netty.request.NettyRequestSender - Using open Channel [id: 0x807b5911, L:/127.0.0.1:56618 - R:localhost/127.0.0.1:49921] for GET '/session/319642172572fdf8090d6c9115dd1193/url'
12:37:17.619 [AsyncHttpClient-1-2] DEBUG org.asynchttpclient.netty.handler.HttpHandler - 

Request DefaultFullHttpRequest(decodeResult: success, version: HTTP/1.1, content: EmptyByteBufBE)
GET /session/319642172572fdf8090d6c9115dd1193/url HTTP/1.1
User-Agent: selenium/4.4.0 (java windows)
Cache-Control: no-cache
Content-Type: application/json; charset=utf-8
host: localhost:49921
accept: */*

Response DefaultHttpResponse(decodeResult: success, version: HTTP/1.1)
HTTP/1.1 200 OK
Content-Type: application/json; charset=utf-8
cache-control: no-cache
content-length: 56

12:37:17.620 [AsyncHttpClient-1-2] DEBUG org.asynchttpclient.netty.channel.ChannelManager - Adding key: http://localhost:49921 for channel [id: 0x807b5911, L:/127.0.0.1:56618 - R:localhost/127.0.0.1:49921]
12:37:17.621 [Forwarding screenshot on session 319642172572fdf8090d6c9115dd1193 to remote] DEBUG org.asynchttpclient.netty.request.NettyRequestSender - Using pooled Channel '[id: 0x807b5911, L:/127.0.0.1:56618 - R:localhost/127.0.0.1:49921]' for 'GET' to 'http://localhost:49921/session/319642172572fdf8090d6c9115dd1193/screenshot'
12:37:17.621 [Forwarding screenshot on session 319642172572fdf8090d6c9115dd1193 to remote] DEBUG org.asynchttpclient.netty.request.NettyRequestSender - Using open Channel [id: 0x807b5911, L:/127.0.0.1:56618 - R:localhost/127.0.0.1:49921] for GET '/session/319642172572fdf8090d6c9115dd1193/screenshot'
12:37:17.799 [AsyncHttpClient-1-2] DEBUG org.asynchttpclient.netty.handler.HttpHandler - 

Request DefaultFullHttpRequest(decodeResult: success, version: HTTP/1.1, content: EmptyByteBufBE)
GET /session/319642172572fdf8090d6c9115dd1193/screenshot HTTP/1.1
User-Agent: selenium/4.4.0 (java windows)
Cache-Control: no-cache
Content-Type: application/json; charset=utf-8
host: localhost:49921
accept: */*

Response DefaultHttpResponse(decodeResult: success, version: HTTP/1.1)
HTTP/1.1 200 OK
Content-Type: application/json; charset=utf-8
cache-control: no-cache
content-length: 522424

12:37:17.799 [AsyncHttpClient-1-2] DEBUG org.asynchttpclient.netty.channel.ChannelManager - Adding key: http://localhost:49921 for channel [id: 0x807b5911, L:/127.0.0.1:56618 - R:localhost/127.0.0.1:49921]
12:37:17.813 [Test worker] DEBUG net.serenitybdd.core.photography.Darkroom - Send negative for processing for C:\Users\pcnit\Downloads\TestE2E\target\site\serenity\561fea060458b4759e30b977dcc04c7f1d937dec867c18ca212db7fe667cde06.png
12:37:17.825 [Forwarding getPageSource on session 319642172572fdf8090d6c9115dd1193 to remote] DEBUG org.asynchttpclient.netty.request.NettyRequestSender - Using pooled Channel '[id: 0x807b5911, L:/127.0.0.1:56618 - R:localhost/127.0.0.1:49921]' for 'POST' to 'http://localhost:49921/session/319642172572fdf8090d6c9115dd1193/execute/sync'
12:37:17.826 [Forwarding getPageSource on session 319642172572fdf8090d6c9115dd1193 to remote] DEBUG org.asynchttpclient.netty.request.NettyRequestSender - Using open Channel [id: 0x807b5911, L:/127.0.0.1:56618 - R:localhost/127.0.0.1:49921] for POST '/session/319642172572fdf8090d6c9115dd1193/execute/sync'
12:37:17.837 [AsyncHttpClient-1-2] DEBUG org.asynchttpclient.netty.handler.HttpHandler - 

Request DefaultHttpRequest(decodeResult: success, version: HTTP/1.1)
POST /session/319642172572fdf8090d6c9115dd1193/execute/sync HTTP/1.1
User-Agent: selenium/4.4.0 (java windows)
Content-Length: 176
Content-Type: application/json; charset=utf-8
host: localhost:49921
accept: */*

Response DefaultHttpResponse(decodeResult: success, version: HTTP/1.1)
HTTP/1.1 200 OK
Content-Type: application/json; charset=utf-8
cache-control: no-cache
content-length: 54626

12:37:17.837 [AsyncHttpClient-1-2] DEBUG org.asynchttpclient.netty.channel.ChannelManager - Adding key: http://localhost:49921 for channel [id: 0x807b5911, L:/127.0.0.1:56618 - R:localhost/127.0.0.1:49921]
12:37:17.844 [Forwarding getCurrentUrl on session 319642172572fdf8090d6c9115dd1193 to remote] DEBUG org.asynchttpclient.netty.request.NettyRequestSender - Using pooled Channel '[id: 0x807b5911, L:/127.0.0.1:56618 - R:localhost/127.0.0.1:49921]' for 'GET' to 'http://localhost:49921/session/319642172572fdf8090d6c9115dd1193/url'
12:37:17.844 [Forwarding getCurrentUrl on session 319642172572fdf8090d6c9115dd1193 to remote] DEBUG org.asynchttpclient.netty.request.NettyRequestSender - Using open Channel [id: 0x807b5911, L:/127.0.0.1:56618 - R:localhost/127.0.0.1:49921] for GET '/session/319642172572fdf8090d6c9115dd1193/url'
12:37:17.864 [AsyncHttpClient-1-2] DEBUG org.asynchttpclient.netty.handler.HttpHandler - 

Request DefaultFullHttpRequest(decodeResult: success, version: HTTP/1.1, content: EmptyByteBufBE)
GET /session/319642172572fdf8090d6c9115dd1193/url HTTP/1.1
User-Agent: selenium/4.4.0 (java windows)
Cache-Control: no-cache
Content-Type: application/json; charset=utf-8
host: localhost:49921
accept: */*

Response DefaultHttpResponse(decodeResult: success, version: HTTP/1.1)
HTTP/1.1 200 OK
Content-Type: application/json; charset=utf-8
cache-control: no-cache
content-length: 56

12:37:17.864 [AsyncHttpClient-1-2] DEBUG org.asynchttpclient.netty.channel.ChannelManager - Adding key: http://localhost:49921 for channel [id: 0x807b5911, L:/127.0.0.1:56618 - R:localhost/127.0.0.1:49921]
12:37:17.871 [Test worker] DEBUG net.thucydides.core.steps.StepInterceptor - STARTING STEP: CompleteStep.addCar - performAs
12:37:17.926 [Test worker] DEBUG net.serenitybdd.screenplay.targets.IFrameSwitcher - default content already selected for selecciona EL CARRITO
12:37:17.937 [Forwarding findElements on session 319642172572fdf8090d6c9115dd1193 to remote] DEBUG org.asynchttpclient.netty.request.NettyRequestSender - Using pooled Channel '[id: 0x807b5911, L:/127.0.0.1:56618 - R:localhost/127.0.0.1:49921]' for 'POST' to 'http://localhost:49921/session/319642172572fdf8090d6c9115dd1193/elements'
12:37:17.937 [Forwarding findElements on session 319642172572fdf8090d6c9115dd1193 to remote] DEBUG org.asynchttpclient.netty.request.NettyRequestSender - Using open Channel [id: 0x807b5911, L:/127.0.0.1:56618 - R:localhost/127.0.0.1:49921] for POST '/session/319642172572fdf8090d6c9115dd1193/elements'
12:37:17.953 [AsyncHttpClient-1-2] DEBUG org.asynchttpclient.netty.handler.HttpHandler - 

Request DefaultHttpRequest(decodeResult: success, version: HTTP/1.1)
POST /session/319642172572fdf8090d6c9115dd1193/elements HTTP/1.1
User-Agent: selenium/4.4.0 (java windows)
Content-Length: 110
Content-Type: application/json; charset=utf-8
host: localhost:49921
accept: */*

Response DefaultHttpResponse(decodeResult: success, version: HTTP/1.1)
HTTP/1.1 200 OK
Content-Type: application/json; charset=utf-8
cache-control: no-cache
content-length: 129

12:37:17.953 [AsyncHttpClient-1-2] DEBUG org.asynchttpclient.netty.channel.ChannelManager - Adding key: http://localhost:49921 for channel [id: 0x807b5911, L:/127.0.0.1:56618 - R:localhost/127.0.0.1:49921]
12:37:17.972 [Forwarding isElementDisplayed on session 319642172572fdf8090d6c9115dd1193 to remote] DEBUG org.asynchttpclient.netty.request.NettyRequestSender - Using pooled Channel '[id: 0x807b5911, L:/127.0.0.1:56618 - R:localhost/127.0.0.1:49921]' for 'POST' to 'http://localhost:49921/session/319642172572fdf8090d6c9115dd1193/execute/sync'
12:37:17.972 [Forwarding isElementDisplayed on session 319642172572fdf8090d6c9115dd1193 to remote] DEBUG org.asynchttpclient.netty.request.NettyRequestSender - Using open Channel [id: 0x807b5911, L:/127.0.0.1:56618 - R:localhost/127.0.0.1:49921] for POST '/session/319642172572fdf8090d6c9115dd1193/execute/sync'
12:37:17.987 [AsyncHttpClient-1-2] DEBUG org.asynchttpclient.netty.handler.HttpHandler - 

Request DefaultHttpRequest(decodeResult: success, version: HTTP/1.1)
POST /session/319642172572fdf8090d6c9115dd1193/execute/sync HTTP/1.1
User-Agent: selenium/4.4.0 (java windows)
Content-Length: 48819
Content-Type: application/json; charset=utf-8
host: localhost:49921
accept: */*

Response DefaultHttpResponse(decodeResult: success, version: HTTP/1.1)
HTTP/1.1 200 OK
Content-Type: application/json; charset=utf-8
cache-control: no-cache
content-length: 14

12:37:17.987 [AsyncHttpClient-1-2] DEBUG org.asynchttpclient.netty.channel.ChannelManager - Adding key: http://localhost:49921 for channel [id: 0x807b5911, L:/127.0.0.1:56618 - R:localhost/127.0.0.1:49921]
12:37:17.991 [AsyncHttpClient-1-1] DEBUG org.asynchttpclient.netty.channel.DefaultChannelPool - Entry count for : http://localhost:56619 : 1
12:37:17.991 [AsyncHttpClient-1-1] DEBUG org.asynchttpclient.netty.channel.DefaultChannelPool - Entry count for : http://localhost:49921 : 1
12:37:17.993 [Forwarding isElementDisplayed on session 319642172572fdf8090d6c9115dd1193 to remote] DEBUG org.asynchttpclient.netty.request.NettyRequestSender - Using pooled Channel '[id: 0x807b5911, L:/127.0.0.1:56618 - R:localhost/127.0.0.1:49921]' for 'POST' to 'http://localhost:49921/session/319642172572fdf8090d6c9115dd1193/execute/sync'
12:37:17.993 [Forwarding isElementDisplayed on session 319642172572fdf8090d6c9115dd1193 to remote] DEBUG org.asynchttpclient.netty.request.NettyRequestSender - Using open Channel [id: 0x807b5911, L:/127.0.0.1:56618 - R:localhost/127.0.0.1:49921] for POST '/session/319642172572fdf8090d6c9115dd1193/execute/sync'
12:37:18.012 [AsyncHttpClient-1-2] DEBUG org.asynchttpclient.netty.handler.HttpHandler - 

Request DefaultHttpRequest(decodeResult: success, version: HTTP/1.1)
POST /session/319642172572fdf8090d6c9115dd1193/execute/sync HTTP/1.1
User-Agent: selenium/4.4.0 (java windows)
Content-Length: 48819
Content-Type: application/json; charset=utf-8
host: localhost:49921
accept: */*

Response DefaultHttpResponse(decodeResult: success, version: HTTP/1.1)
HTTP/1.1 200 OK
Content-Type: application/json; charset=utf-8
cache-control: no-cache
content-length: 14

12:37:18.012 [AsyncHttpClient-1-2] DEBUG org.asynchttpclient.netty.channel.ChannelManager - Adding key: http://localhost:49921 for channel [id: 0x807b5911, L:/127.0.0.1:56618 - R:localhost/127.0.0.1:49921]
12:37:18.081 [Forwarding getCurrentWindowHandle on session 319642172572fdf8090d6c9115dd1193 to remote] DEBUG org.asynchttpclient.netty.request.NettyRequestSender - Using pooled Channel '[id: 0x807b5911, L:/127.0.0.1:56618 - R:localhost/127.0.0.1:49921]' for 'GET' to 'http://localhost:49921/session/319642172572fdf8090d6c9115dd1193/window'
12:37:18.081 [Forwarding getCurrentWindowHandle on session 319642172572fdf8090d6c9115dd1193 to remote] DEBUG org.asynchttpclient.netty.request.NettyRequestSender - Using open Channel [id: 0x807b5911, L:/127.0.0.1:56618 - R:localhost/127.0.0.1:49921] for GET '/session/319642172572fdf8090d6c9115dd1193/window'
12:37:18.086 [AsyncHttpClient-1-2] DEBUG org.asynchttpclient.netty.handler.HttpHandler - 

Request DefaultFullHttpRequest(decodeResult: success, version: HTTP/1.1, content: EmptyByteBufBE)
GET /session/319642172572fdf8090d6c9115dd1193/window HTTP/1.1
User-Agent: selenium/4.4.0 (java windows)
Cache-Control: no-cache
Content-Type: application/json; charset=utf-8
host: localhost:49921
accept: */*

Response DefaultHttpResponse(decodeResult: success, version: HTTP/1.1)
HTTP/1.1 200 OK
Content-Type: application/json; charset=utf-8
cache-control: no-cache
content-length: 44

12:37:18.086 [AsyncHttpClient-1-2] DEBUG org.asynchttpclient.netty.channel.ChannelManager - Adding key: http://localhost:49921 for channel [id: 0x807b5911, L:/127.0.0.1:56618 - R:localhost/127.0.0.1:49921]
12:37:18.097 [Forwarding getAlertText on session 319642172572fdf8090d6c9115dd1193 to remote] DEBUG org.asynchttpclient.netty.request.NettyRequestSender - Using pooled Channel '[id: 0x807b5911, L:/127.0.0.1:56618 - R:localhost/127.0.0.1:49921]' for 'GET' to 'http://localhost:49921/session/319642172572fdf8090d6c9115dd1193/alert/text'
12:37:18.097 [Forwarding getAlertText on session 319642172572fdf8090d6c9115dd1193 to remote] DEBUG org.asynchttpclient.netty.request.NettyRequestSender - Using open Channel [id: 0x807b5911, L:/127.0.0.1:56618 - R:localhost/127.0.0.1:49921] for GET '/session/319642172572fdf8090d6c9115dd1193/alert/text'
12:37:18.104 [AsyncHttpClient-1-2] DEBUG org.asynchttpclient.netty.handler.HttpHandler - 

Request DefaultFullHttpRequest(decodeResult: success, version: HTTP/1.1, content: EmptyByteBufBE)
GET /session/319642172572fdf8090d6c9115dd1193/alert/text HTTP/1.1
User-Agent: selenium/4.4.0 (java windows)
Cache-Control: no-cache
Content-Type: application/json; charset=utf-8
host: localhost:49921
accept: */*

Response DefaultHttpResponse(decodeResult: success, version: HTTP/1.1)
HTTP/1.1 404 Not Found
Content-Type: application/json; charset=utf-8
cache-control: no-cache
content-length: 1045

12:37:18.104 [AsyncHttpClient-1-2] DEBUG org.asynchttpclient.netty.channel.ChannelManager - Adding key: http://localhost:49921 for channel [id: 0x807b5911, L:/127.0.0.1:56618 - R:localhost/127.0.0.1:49921]
12:37:18.112 [Forwarding switchToWindow on session 319642172572fdf8090d6c9115dd1193 to remote] DEBUG org.asynchttpclient.netty.request.NettyRequestSender - Using pooled Channel '[id: 0x807b5911, L:/127.0.0.1:56618 - R:localhost/127.0.0.1:49921]' for 'POST' to 'http://localhost:49921/session/319642172572fdf8090d6c9115dd1193/window'
12:37:18.112 [Forwarding switchToWindow on session 319642172572fdf8090d6c9115dd1193 to remote] DEBUG org.asynchttpclient.netty.request.NettyRequestSender - Using open Channel [id: 0x807b5911, L:/127.0.0.1:56618 - R:localhost/127.0.0.1:49921] for POST '/session/319642172572fdf8090d6c9115dd1193/window'
12:37:18.117 [AsyncHttpClient-1-2] DEBUG org.asynchttpclient.netty.handler.HttpHandler - 

Request DefaultHttpRequest(decodeResult: success, version: HTTP/1.1)
POST /session/319642172572fdf8090d6c9115dd1193/window HTTP/1.1
User-Agent: selenium/4.4.0 (java windows)
Content-Length: 50
Content-Type: application/json; charset=utf-8
host: localhost:49921
accept: */*

Response DefaultHttpResponse(decodeResult: success, version: HTTP/1.1)
HTTP/1.1 200 OK
Content-Type: application/json; charset=utf-8
cache-control: no-cache
content-length: 14

12:37:18.117 [AsyncHttpClient-1-2] DEBUG org.asynchttpclient.netty.channel.ChannelManager - Adding key: http://localhost:49921 for channel [id: 0x807b5911, L:/127.0.0.1:56618 - R:localhost/127.0.0.1:49921]
12:37:18.118 [Forwarding getCurrentUrl on session 319642172572fdf8090d6c9115dd1193 to remote] DEBUG org.asynchttpclient.netty.request.NettyRequestSender - Using pooled Channel '[id: 0x807b5911, L:/127.0.0.1:56618 - R:localhost/127.0.0.1:49921]' for 'GET' to 'http://localhost:49921/session/319642172572fdf8090d6c9115dd1193/url'
12:37:18.118 [Forwarding getCurrentUrl on session 319642172572fdf8090d6c9115dd1193 to remote] DEBUG org.asynchttpclient.netty.request.NettyRequestSender - Using open Channel [id: 0x807b5911, L:/127.0.0.1:56618 - R:localhost/127.0.0.1:49921] for GET '/session/319642172572fdf8090d6c9115dd1193/url'
12:37:18.132 [AsyncHttpClient-1-2] DEBUG org.asynchttpclient.netty.handler.HttpHandler - 

Request DefaultFullHttpRequest(decodeResult: success, version: HTTP/1.1, content: EmptyByteBufBE)
GET /session/319642172572fdf8090d6c9115dd1193/url HTTP/1.1
User-Agent: selenium/4.4.0 (java windows)
Cache-Control: no-cache
Content-Type: application/json; charset=utf-8
host: localhost:49921
accept: */*

Response DefaultHttpResponse(decodeResult: success, version: HTTP/1.1)
HTTP/1.1 200 OK
Content-Type: application/json; charset=utf-8
cache-control: no-cache
content-length: 56

12:37:18.132 [AsyncHttpClient-1-2] DEBUG org.asynchttpclient.netty.channel.ChannelManager - Adding key: http://localhost:49921 for channel [id: 0x807b5911, L:/127.0.0.1:56618 - R:localhost/127.0.0.1:49921]
12:37:18.133 [Forwarding screenshot on session 319642172572fdf8090d6c9115dd1193 to remote] DEBUG org.asynchttpclient.netty.request.NettyRequestSender - Using pooled Channel '[id: 0x807b5911, L:/127.0.0.1:56618 - R:localhost/127.0.0.1:49921]' for 'GET' to 'http://localhost:49921/session/319642172572fdf8090d6c9115dd1193/screenshot'
12:37:18.133 [Forwarding screenshot on session 319642172572fdf8090d6c9115dd1193 to remote] DEBUG org.asynchttpclient.netty.request.NettyRequestSender - Using open Channel [id: 0x807b5911, L:/127.0.0.1:56618 - R:localhost/127.0.0.1:49921] for GET '/session/319642172572fdf8090d6c9115dd1193/screenshot'
12:37:18.369 [AsyncHttpClient-1-2] DEBUG org.asynchttpclient.netty.handler.HttpHandler - 

Request DefaultFullHttpRequest(decodeResult: success, version: HTTP/1.1, content: EmptyByteBufBE)
GET /session/319642172572fdf8090d6c9115dd1193/screenshot HTTP/1.1
User-Agent: selenium/4.4.0 (java windows)
Cache-Control: no-cache
Content-Type: application/json; charset=utf-8
host: localhost:49921
accept: */*

Response DefaultHttpResponse(decodeResult: success, version: HTTP/1.1)
HTTP/1.1 200 OK
Content-Type: application/json; charset=utf-8
cache-control: no-cache
content-length: 522424

12:37:18.390 [AsyncHttpClient-1-2] DEBUG org.asynchttpclient.netty.channel.ChannelManager - Adding key: http://localhost:49921 for channel [id: 0x807b5911, L:/127.0.0.1:56618 - R:localhost/127.0.0.1:49921]
12:37:18.415 [Test worker] DEBUG net.serenitybdd.core.photography.Darkroom - Send negative for processing for C:\Users\pcnit\Downloads\TestE2E\target\site\serenity\561fea060458b4759e30b977dcc04c7f1d937dec867c18ca212db7fe667cde06.png
12:37:18.479 [Forwarding getPageSource on session 319642172572fdf8090d6c9115dd1193 to remote] DEBUG org.asynchttpclient.netty.request.NettyRequestSender - Using pooled Channel '[id: 0x807b5911, L:/127.0.0.1:56618 - R:localhost/127.0.0.1:49921]' for 'POST' to 'http://localhost:49921/session/319642172572fdf8090d6c9115dd1193/execute/sync'
12:37:18.480 [Forwarding getPageSource on session 319642172572fdf8090d6c9115dd1193 to remote] DEBUG org.asynchttpclient.netty.request.NettyRequestSender - Using open Channel [id: 0x807b5911, L:/127.0.0.1:56618 - R:localhost/127.0.0.1:49921] for POST '/session/319642172572fdf8090d6c9115dd1193/execute/sync'
12:37:18.525 [AsyncHttpClient-1-2] DEBUG org.asynchttpclient.netty.handler.HttpHandler - 

Request DefaultHttpRequest(decodeResult: success, version: HTTP/1.1)
POST /session/319642172572fdf8090d6c9115dd1193/execute/sync HTTP/1.1
User-Agent: selenium/4.4.0 (java windows)
Content-Length: 176
Content-Type: application/json; charset=utf-8
host: localhost:49921
accept: */*

Response DefaultHttpResponse(decodeResult: success, version: HTTP/1.1)
HTTP/1.1 200 OK
Content-Type: application/json; charset=utf-8
cache-control: no-cache
content-length: 54626

12:37:18.525 [AsyncHttpClient-1-2] DEBUG org.asynchttpclient.netty.channel.ChannelManager - Adding key: http://localhost:49921 for channel [id: 0x807b5911, L:/127.0.0.1:56618 - R:localhost/127.0.0.1:49921]
12:37:18.540 [Forwarding getCurrentUrl on session 319642172572fdf8090d6c9115dd1193 to remote] DEBUG org.asynchttpclient.netty.request.NettyRequestSender - Using pooled Channel '[id: 0x807b5911, L:/127.0.0.1:56618 - R:localhost/127.0.0.1:49921]' for 'GET' to 'http://localhost:49921/session/319642172572fdf8090d6c9115dd1193/url'
12:37:18.540 [Forwarding getCurrentUrl on session 319642172572fdf8090d6c9115dd1193 to remote] DEBUG org.asynchttpclient.netty.request.NettyRequestSender - Using open Channel [id: 0x807b5911, L:/127.0.0.1:56618 - R:localhost/127.0.0.1:49921] for GET '/session/319642172572fdf8090d6c9115dd1193/url'
12:37:18.553 [AsyncHttpClient-1-2] DEBUG org.asynchttpclient.netty.handler.HttpHandler - 

Request DefaultFullHttpRequest(decodeResult: success, version: HTTP/1.1, content: EmptyByteBufBE)
GET /session/319642172572fdf8090d6c9115dd1193/url HTTP/1.1
User-Agent: selenium/4.4.0 (java windows)
Cache-Control: no-cache
Content-Type: application/json; charset=utf-8
host: localhost:49921
accept: */*

Response DefaultHttpResponse(decodeResult: success, version: HTTP/1.1)
HTTP/1.1 200 OK
Content-Type: application/json; charset=utf-8
cache-control: no-cache
content-length: 56

12:37:18.553 [AsyncHttpClient-1-2] DEBUG org.asynchttpclient.netty.channel.ChannelManager - Adding key: http://localhost:49921 for channel [id: 0x807b5911, L:/127.0.0.1:56618 - R:localhost/127.0.0.1:49921]
12:37:18.559 [Test worker] DEBUG net.thucydides.core.steps.StepInterceptor - STARTING STEP: PlaceOrder.performAs - {0} clicks on #target
12:37:18.560 [Test worker] DEBUG net.serenitybdd.screenplay.targets.IFrameSwitcher - default content already selected for selecciona EL CARRITO
12:37:18.648 [Forwarding findElement on session 319642172572fdf8090d6c9115dd1193 to remote] DEBUG org.asynchttpclient.netty.request.NettyRequestSender - Using pooled Channel '[id: 0x807b5911, L:/127.0.0.1:56618 - R:localhost/127.0.0.1:49921]' for 'POST' to 'http://localhost:49921/session/319642172572fdf8090d6c9115dd1193/element'
12:37:18.648 [Forwarding findElement on session 319642172572fdf8090d6c9115dd1193 to remote] DEBUG org.asynchttpclient.netty.request.NettyRequestSender - Using open Channel [id: 0x807b5911, L:/127.0.0.1:56618 - R:localhost/127.0.0.1:49921] for POST '/session/319642172572fdf8090d6c9115dd1193/element'
12:37:18.675 [AsyncHttpClient-1-2] DEBUG org.asynchttpclient.netty.handler.HttpHandler - 

Request DefaultHttpRequest(decodeResult: success, version: HTTP/1.1)
POST /session/319642172572fdf8090d6c9115dd1193/element HTTP/1.1
User-Agent: selenium/4.4.0 (java windows)
Content-Length: 110
Content-Type: application/json; charset=utf-8
host: localhost:49921
accept: */*

Response DefaultHttpResponse(decodeResult: success, version: HTTP/1.1)
HTTP/1.1 200 OK
Content-Type: application/json; charset=utf-8
cache-control: no-cache
content-length: 127

12:37:18.675 [AsyncHttpClient-1-2] DEBUG org.asynchttpclient.netty.channel.ChannelManager - Adding key: http://localhost:49921 for channel [id: 0x807b5911, L:/127.0.0.1:56618 - R:localhost/127.0.0.1:49921]
12:37:18.690 [Forwarding isElementDisplayed on session 319642172572fdf8090d6c9115dd1193 to remote] DEBUG org.asynchttpclient.netty.request.NettyRequestSender - Using pooled Channel '[id: 0x807b5911, L:/127.0.0.1:56618 - R:localhost/127.0.0.1:49921]' for 'POST' to 'http://localhost:49921/session/319642172572fdf8090d6c9115dd1193/execute/sync'
12:37:18.690 [Forwarding isElementDisplayed on session 319642172572fdf8090d6c9115dd1193 to remote] DEBUG org.asynchttpclient.netty.request.NettyRequestSender - Using open Channel [id: 0x807b5911, L:/127.0.0.1:56618 - R:localhost/127.0.0.1:49921] for POST '/session/319642172572fdf8090d6c9115dd1193/execute/sync'
12:37:18.704 [AsyncHttpClient-1-2] DEBUG org.asynchttpclient.netty.handler.HttpHandler - 

Request DefaultHttpRequest(decodeResult: success, version: HTTP/1.1)
POST /session/319642172572fdf8090d6c9115dd1193/execute/sync HTTP/1.1
User-Agent: selenium/4.4.0 (java windows)
Content-Length: 48819
Content-Type: application/json; charset=utf-8
host: localhost:49921
accept: */*

Response DefaultHttpResponse(decodeResult: success, version: HTTP/1.1)
HTTP/1.1 200 OK
Content-Type: application/json; charset=utf-8
cache-control: no-cache
content-length: 14

12:37:18.705 [AsyncHttpClient-1-2] DEBUG org.asynchttpclient.netty.channel.ChannelManager - Adding key: http://localhost:49921 for channel [id: 0x807b5911, L:/127.0.0.1:56618 - R:localhost/127.0.0.1:49921]
12:37:18.727 [Forwarding findElement on session 319642172572fdf8090d6c9115dd1193 to remote] DEBUG org.asynchttpclient.netty.request.NettyRequestSender - Using pooled Channel '[id: 0x807b5911, L:/127.0.0.1:56618 - R:localhost/127.0.0.1:49921]' for 'POST' to 'http://localhost:49921/session/319642172572fdf8090d6c9115dd1193/element'
12:37:18.727 [Forwarding findElement on session 319642172572fdf8090d6c9115dd1193 to remote] DEBUG org.asynchttpclient.netty.request.NettyRequestSender - Using open Channel [id: 0x807b5911, L:/127.0.0.1:56618 - R:localhost/127.0.0.1:49921] for POST '/session/319642172572fdf8090d6c9115dd1193/element'
12:37:18.739 [AsyncHttpClient-1-2] DEBUG org.asynchttpclient.netty.handler.HttpHandler - 

Request DefaultHttpRequest(decodeResult: success, version: HTTP/1.1)
POST /session/319642172572fdf8090d6c9115dd1193/element HTTP/1.1
User-Agent: selenium/4.4.0 (java windows)
Content-Length: 110
Content-Type: application/json; charset=utf-8
host: localhost:49921
accept: */*

Response DefaultHttpResponse(decodeResult: success, version: HTTP/1.1)
HTTP/1.1 200 OK
Content-Type: application/json; charset=utf-8
cache-control: no-cache
content-length: 127

12:37:18.740 [AsyncHttpClient-1-2] DEBUG org.asynchttpclient.netty.channel.ChannelManager - Adding key: http://localhost:49921 for channel [id: 0x807b5911, L:/127.0.0.1:56618 - R:localhost/127.0.0.1:49921]
12:37:18.742 [Forwarding clickElement on session 319642172572fdf8090d6c9115dd1193 to remote] DEBUG org.asynchttpclient.netty.request.NettyRequestSender - Using pooled Channel '[id: 0x807b5911, L:/127.0.0.1:56618 - R:localhost/127.0.0.1:49921]' for 'POST' to 'http://localhost:49921/session/319642172572fdf8090d6c9115dd1193/element/f.77D77E48C717A5F8144E3521F6891EC1.d.05CFD560F267E99649E32B4CF6CE252F.e.297/click'
12:37:18.742 [Forwarding clickElement on session 319642172572fdf8090d6c9115dd1193 to remote] DEBUG org.asynchttpclient.netty.request.NettyRequestSender - Using open Channel [id: 0x807b5911, L:/127.0.0.1:56618 - R:localhost/127.0.0.1:49921] for POST '/session/319642172572fdf8090d6c9115dd1193/element/f.77D77E48C717A5F8144E3521F6891EC1.d.05CFD560F267E99649E32B4CF6CE252F.e.297/click'
12:37:19.089 [AsyncHttpClient-1-1] DEBUG org.asynchttpclient.netty.channel.DefaultChannelPool - Entry count for : http://localhost:56619 : 1
12:37:19.168 [AsyncHttpClient-1-2] DEBUG org.asynchttpclient.netty.handler.HttpHandler - 

Request DefaultHttpRequest(decodeResult: success, version: HTTP/1.1)
POST /session/319642172572fdf8090d6c9115dd1193/element/f.77D77E48C717A5F8144E3521F6891EC1.d.05CFD560F267E99649E32B4CF6CE252F.e.297/click HTTP/1.1
User-Agent: selenium/4.4.0 (java windows)
Content-Length: 89
Content-Type: application/json; charset=utf-8
host: localhost:49921
accept: */*

Response DefaultHttpResponse(decodeResult: success, version: HTTP/1.1)
HTTP/1.1 200 OK
Content-Type: application/json; charset=utf-8
cache-control: no-cache
content-length: 14

12:37:19.168 [AsyncHttpClient-1-2] DEBUG org.asynchttpclient.netty.channel.ChannelManager - Adding key: http://localhost:49921 for channel [id: 0x807b5911, L:/127.0.0.1:56618 - R:localhost/127.0.0.1:49921]
12:37:19.206 [Forwarding getCurrentWindowHandle on session 319642172572fdf8090d6c9115dd1193 to remote] DEBUG org.asynchttpclient.netty.request.NettyRequestSender - Using pooled Channel '[id: 0x807b5911, L:/127.0.0.1:56618 - R:localhost/127.0.0.1:49921]' for 'GET' to 'http://localhost:49921/session/319642172572fdf8090d6c9115dd1193/window'
12:37:19.206 [Forwarding getCurrentWindowHandle on session 319642172572fdf8090d6c9115dd1193 to remote] DEBUG org.asynchttpclient.netty.request.NettyRequestSender - Using open Channel [id: 0x807b5911, L:/127.0.0.1:56618 - R:localhost/127.0.0.1:49921] for GET '/session/319642172572fdf8090d6c9115dd1193/window'
12:37:19.211 [AsyncHttpClient-1-2] DEBUG org.asynchttpclient.netty.handler.HttpHandler - 

Request DefaultFullHttpRequest(decodeResult: success, version: HTTP/1.1, content: EmptyByteBufBE)
GET /session/319642172572fdf8090d6c9115dd1193/window HTTP/1.1
User-Agent: selenium/4.4.0 (java windows)
Cache-Control: no-cache
Content-Type: application/json; charset=utf-8
host: localhost:49921
accept: */*

Response DefaultHttpResponse(decodeResult: success, version: HTTP/1.1)
HTTP/1.1 200 OK
Content-Type: application/json; charset=utf-8
cache-control: no-cache
content-length: 44

12:37:19.211 [AsyncHttpClient-1-2] DEBUG org.asynchttpclient.netty.channel.ChannelManager - Adding key: http://localhost:49921 for channel [id: 0x807b5911, L:/127.0.0.1:56618 - R:localhost/127.0.0.1:49921]
12:37:19.222 [Forwarding getAlertText on session 319642172572fdf8090d6c9115dd1193 to remote] DEBUG org.asynchttpclient.netty.request.NettyRequestSender - Using pooled Channel '[id: 0x807b5911, L:/127.0.0.1:56618 - R:localhost/127.0.0.1:49921]' for 'GET' to 'http://localhost:49921/session/319642172572fdf8090d6c9115dd1193/alert/text'
12:37:19.223 [Forwarding getAlertText on session 319642172572fdf8090d6c9115dd1193 to remote] DEBUG org.asynchttpclient.netty.request.NettyRequestSender - Using open Channel [id: 0x807b5911, L:/127.0.0.1:56618 - R:localhost/127.0.0.1:49921] for GET '/session/319642172572fdf8090d6c9115dd1193/alert/text'
12:37:19.229 [AsyncHttpClient-1-2] DEBUG org.asynchttpclient.netty.handler.HttpHandler - 

Request DefaultFullHttpRequest(decodeResult: success, version: HTTP/1.1, content: EmptyByteBufBE)
GET /session/319642172572fdf8090d6c9115dd1193/alert/text HTTP/1.1
User-Agent: selenium/4.4.0 (java windows)
Cache-Control: no-cache
Content-Type: application/json; charset=utf-8
host: localhost:49921
accept: */*

Response DefaultHttpResponse(decodeResult: success, version: HTTP/1.1)
HTTP/1.1 404 Not Found
Content-Type: application/json; charset=utf-8
cache-control: no-cache
content-length: 1045

12:37:19.229 [AsyncHttpClient-1-2] DEBUG org.asynchttpclient.netty.channel.ChannelManager - Adding key: http://localhost:49921 for channel [id: 0x807b5911, L:/127.0.0.1:56618 - R:localhost/127.0.0.1:49921]
12:37:19.245 [Forwarding switchToWindow on session 319642172572fdf8090d6c9115dd1193 to remote] DEBUG org.asynchttpclient.netty.request.NettyRequestSender - Using pooled Channel '[id: 0x807b5911, L:/127.0.0.1:56618 - R:localhost/127.0.0.1:49921]' for 'POST' to 'http://localhost:49921/session/319642172572fdf8090d6c9115dd1193/window'
12:37:19.245 [Forwarding switchToWindow on session 319642172572fdf8090d6c9115dd1193 to remote] DEBUG org.asynchttpclient.netty.request.NettyRequestSender - Using open Channel [id: 0x807b5911, L:/127.0.0.1:56618 - R:localhost/127.0.0.1:49921] for POST '/session/319642172572fdf8090d6c9115dd1193/window'
12:37:19.248 [AsyncHttpClient-1-2] DEBUG org.asynchttpclient.netty.handler.HttpHandler - 

Request DefaultHttpRequest(decodeResult: success, version: HTTP/1.1)
POST /session/319642172572fdf8090d6c9115dd1193/window HTTP/1.1
User-Agent: selenium/4.4.0 (java windows)
Content-Length: 50
Content-Type: application/json; charset=utf-8
host: localhost:49921
accept: */*

Response DefaultHttpResponse(decodeResult: success, version: HTTP/1.1)
HTTP/1.1 200 OK
Content-Type: application/json; charset=utf-8
cache-control: no-cache
content-length: 14

12:37:19.249 [AsyncHttpClient-1-2] DEBUG org.asynchttpclient.netty.channel.ChannelManager - Adding key: http://localhost:49921 for channel [id: 0x807b5911, L:/127.0.0.1:56618 - R:localhost/127.0.0.1:49921]
12:37:19.250 [Forwarding getCurrentUrl on session 319642172572fdf8090d6c9115dd1193 to remote] DEBUG org.asynchttpclient.netty.request.NettyRequestSender - Using pooled Channel '[id: 0x807b5911, L:/127.0.0.1:56618 - R:localhost/127.0.0.1:49921]' for 'GET' to 'http://localhost:49921/session/319642172572fdf8090d6c9115dd1193/url'
12:37:19.250 [Forwarding getCurrentUrl on session 319642172572fdf8090d6c9115dd1193 to remote] DEBUG org.asynchttpclient.netty.request.NettyRequestSender - Using open Channel [id: 0x807b5911, L:/127.0.0.1:56618 - R:localhost/127.0.0.1:49921] for GET '/session/319642172572fdf8090d6c9115dd1193/url'
12:37:19.263 [AsyncHttpClient-1-2] DEBUG org.asynchttpclient.netty.handler.HttpHandler - 

Request DefaultFullHttpRequest(decodeResult: success, version: HTTP/1.1, content: EmptyByteBufBE)
GET /session/319642172572fdf8090d6c9115dd1193/url HTTP/1.1
User-Agent: selenium/4.4.0 (java windows)
Cache-Control: no-cache
Content-Type: application/json; charset=utf-8
host: localhost:49921
accept: */*

Response DefaultHttpResponse(decodeResult: success, version: HTTP/1.1)
HTTP/1.1 200 OK
Content-Type: application/json; charset=utf-8
cache-control: no-cache
content-length: 47

12:37:19.263 [AsyncHttpClient-1-2] DEBUG org.asynchttpclient.netty.channel.ChannelManager - Adding key: http://localhost:49921 for channel [id: 0x807b5911, L:/127.0.0.1:56618 - R:localhost/127.0.0.1:49921]
12:37:19.264 [Forwarding screenshot on session 319642172572fdf8090d6c9115dd1193 to remote] DEBUG org.asynchttpclient.netty.request.NettyRequestSender - Using pooled Channel '[id: 0x807b5911, L:/127.0.0.1:56618 - R:localhost/127.0.0.1:49921]' for 'GET' to 'http://localhost:49921/session/319642172572fdf8090d6c9115dd1193/screenshot'
12:37:19.264 [Forwarding screenshot on session 319642172572fdf8090d6c9115dd1193 to remote] DEBUG org.asynchttpclient.netty.request.NettyRequestSender - Using open Channel [id: 0x807b5911, L:/127.0.0.1:56618 - R:localhost/127.0.0.1:49921] for GET '/session/319642172572fdf8090d6c9115dd1193/screenshot'
12:37:19.465 [AsyncHttpClient-1-2] DEBUG org.asynchttpclient.netty.handler.HttpHandler - 

Request DefaultFullHttpRequest(decodeResult: success, version: HTTP/1.1, content: EmptyByteBufBE)
GET /session/319642172572fdf8090d6c9115dd1193/screenshot HTTP/1.1
User-Agent: selenium/4.4.0 (java windows)
Cache-Control: no-cache
Content-Type: application/json; charset=utf-8
host: localhost:49921
accept: */*

Response DefaultHttpResponse(decodeResult: success, version: HTTP/1.1)
HTTP/1.1 200 OK
Content-Type: application/json; charset=utf-8
cache-control: no-cache
content-length: 463568

12:37:19.467 [AsyncHttpClient-1-2] DEBUG org.asynchttpclient.netty.channel.ChannelManager - Adding key: http://localhost:49921 for channel [id: 0x807b5911, L:/127.0.0.1:56618 - R:localhost/127.0.0.1:49921]
12:37:19.478 [Test worker] DEBUG net.serenitybdd.core.photography.Darkroom - Send negative for processing for C:\Users\pcnit\Downloads\TestE2E\target\site\serenity\b51da862bcdaf014d13238ea3b23208c8af8d24877aba56917b341e9c9148e43.png
12:37:19.491 [Forwarding getPageSource on session 319642172572fdf8090d6c9115dd1193 to remote] DEBUG org.asynchttpclient.netty.request.NettyRequestSender - Using pooled Channel '[id: 0x807b5911, L:/127.0.0.1:56618 - R:localhost/127.0.0.1:49921]' for 'POST' to 'http://localhost:49921/session/319642172572fdf8090d6c9115dd1193/execute/sync'
12:37:19.491 [Forwarding getPageSource on session 319642172572fdf8090d6c9115dd1193 to remote] DEBUG org.asynchttpclient.netty.request.NettyRequestSender - Using open Channel [id: 0x807b5911, L:/127.0.0.1:56618 - R:localhost/127.0.0.1:49921] for POST '/session/319642172572fdf8090d6c9115dd1193/execute/sync'
12:37:19.504 [AsyncHttpClient-1-2] DEBUG org.asynchttpclient.netty.handler.HttpHandler - 

Request DefaultHttpRequest(decodeResult: success, version: HTTP/1.1)
POST /session/319642172572fdf8090d6c9115dd1193/execute/sync HTTP/1.1
User-Agent: selenium/4.4.0 (java windows)
Content-Length: 176
Content-Type: application/json; charset=utf-8
host: localhost:49921
accept: */*

Response DefaultHttpResponse(decodeResult: success, version: HTTP/1.1)
HTTP/1.1 200 OK
Content-Type: application/json; charset=utf-8
cache-control: no-cache
content-length: 56612

12:37:19.504 [AsyncHttpClient-1-2] DEBUG org.asynchttpclient.netty.channel.ChannelManager - Adding key: http://localhost:49921 for channel [id: 0x807b5911, L:/127.0.0.1:56618 - R:localhost/127.0.0.1:49921]
12:37:19.515 [Forwarding getCurrentUrl on session 319642172572fdf8090d6c9115dd1193 to remote] DEBUG org.asynchttpclient.netty.request.NettyRequestSender - Using pooled Channel '[id: 0x807b5911, L:/127.0.0.1:56618 - R:localhost/127.0.0.1:49921]' for 'GET' to 'http://localhost:49921/session/319642172572fdf8090d6c9115dd1193/url'
12:37:19.515 [Forwarding getCurrentUrl on session 319642172572fdf8090d6c9115dd1193 to remote] DEBUG org.asynchttpclient.netty.request.NettyRequestSender - Using open Channel [id: 0x807b5911, L:/127.0.0.1:56618 - R:localhost/127.0.0.1:49921] for GET '/session/319642172572fdf8090d6c9115dd1193/url'
12:37:19.538 [AsyncHttpClient-1-2] DEBUG org.asynchttpclient.netty.handler.HttpHandler - 

Request DefaultFullHttpRequest(decodeResult: success, version: HTTP/1.1, content: EmptyByteBufBE)
GET /session/319642172572fdf8090d6c9115dd1193/url HTTP/1.1
User-Agent: selenium/4.4.0 (java windows)
Cache-Control: no-cache
Content-Type: application/json; charset=utf-8
host: localhost:49921
accept: */*

Response DefaultHttpResponse(decodeResult: success, version: HTTP/1.1)
HTTP/1.1 200 OK
Content-Type: application/json; charset=utf-8
cache-control: no-cache
content-length: 47

12:37:19.538 [AsyncHttpClient-1-2] DEBUG org.asynchttpclient.netty.channel.ChannelManager - Adding key: http://localhost:49921 for channel [id: 0x807b5911, L:/127.0.0.1:56618 - R:localhost/127.0.0.1:49921]
12:37:19.590 [Forwarding getCurrentWindowHandle on session 319642172572fdf8090d6c9115dd1193 to remote] DEBUG org.asynchttpclient.netty.request.NettyRequestSender - Using pooled Channel '[id: 0x807b5911, L:/127.0.0.1:56618 - R:localhost/127.0.0.1:49921]' for 'GET' to 'http://localhost:49921/session/319642172572fdf8090d6c9115dd1193/window'
12:37:19.591 [Forwarding getCurrentWindowHandle on session 319642172572fdf8090d6c9115dd1193 to remote] DEBUG org.asynchttpclient.netty.request.NettyRequestSender - Using open Channel [id: 0x807b5911, L:/127.0.0.1:56618 - R:localhost/127.0.0.1:49921] for GET '/session/319642172572fdf8090d6c9115dd1193/window'
12:37:19.598 [AsyncHttpClient-1-2] DEBUG org.asynchttpclient.netty.handler.HttpHandler - 

Request DefaultFullHttpRequest(decodeResult: success, version: HTTP/1.1, content: EmptyByteBufBE)
GET /session/319642172572fdf8090d6c9115dd1193/window HTTP/1.1
User-Agent: selenium/4.4.0 (java windows)
Cache-Control: no-cache
Content-Type: application/json; charset=utf-8
host: localhost:49921
accept: */*

Response DefaultHttpResponse(decodeResult: success, version: HTTP/1.1)
HTTP/1.1 200 OK
Content-Type: application/json; charset=utf-8
cache-control: no-cache
content-length: 44

12:37:19.598 [AsyncHttpClient-1-2] DEBUG org.asynchttpclient.netty.channel.ChannelManager - Adding key: http://localhost:49921 for channel [id: 0x807b5911, L:/127.0.0.1:56618 - R:localhost/127.0.0.1:49921]
12:37:19.611 [Forwarding getAlertText on session 319642172572fdf8090d6c9115dd1193 to remote] DEBUG org.asynchttpclient.netty.request.NettyRequestSender - Using pooled Channel '[id: 0x807b5911, L:/127.0.0.1:56618 - R:localhost/127.0.0.1:49921]' for 'GET' to 'http://localhost:49921/session/319642172572fdf8090d6c9115dd1193/alert/text'
12:37:19.611 [Forwarding getAlertText on session 319642172572fdf8090d6c9115dd1193 to remote] DEBUG org.asynchttpclient.netty.request.NettyRequestSender - Using open Channel [id: 0x807b5911, L:/127.0.0.1:56618 - R:localhost/127.0.0.1:49921] for GET '/session/319642172572fdf8090d6c9115dd1193/alert/text'
12:37:19.620 [AsyncHttpClient-1-2] DEBUG org.asynchttpclient.netty.handler.HttpHandler - 

Request DefaultFullHttpRequest(decodeResult: success, version: HTTP/1.1, content: EmptyByteBufBE)
GET /session/319642172572fdf8090d6c9115dd1193/alert/text HTTP/1.1
User-Agent: selenium/4.4.0 (java windows)
Cache-Control: no-cache
Content-Type: application/json; charset=utf-8
host: localhost:49921
accept: */*

Response DefaultHttpResponse(decodeResult: success, version: HTTP/1.1)
HTTP/1.1 404 Not Found
Content-Type: application/json; charset=utf-8
cache-control: no-cache
content-length: 1045

12:37:19.620 [AsyncHttpClient-1-2] DEBUG org.asynchttpclient.netty.channel.ChannelManager - Adding key: http://localhost:49921 for channel [id: 0x807b5911, L:/127.0.0.1:56618 - R:localhost/127.0.0.1:49921]
12:37:19.631 [Forwarding switchToWindow on session 319642172572fdf8090d6c9115dd1193 to remote] DEBUG org.asynchttpclient.netty.request.NettyRequestSender - Using pooled Channel '[id: 0x807b5911, L:/127.0.0.1:56618 - R:localhost/127.0.0.1:49921]' for 'POST' to 'http://localhost:49921/session/319642172572fdf8090d6c9115dd1193/window'
12:37:19.632 [Forwarding switchToWindow on session 319642172572fdf8090d6c9115dd1193 to remote] DEBUG org.asynchttpclient.netty.request.NettyRequestSender - Using open Channel [id: 0x807b5911, L:/127.0.0.1:56618 - R:localhost/127.0.0.1:49921] for POST '/session/319642172572fdf8090d6c9115dd1193/window'
12:37:19.638 [AsyncHttpClient-1-2] DEBUG org.asynchttpclient.netty.handler.HttpHandler - 

Request DefaultHttpRequest(decodeResult: success, version: HTTP/1.1)
POST /session/319642172572fdf8090d6c9115dd1193/window HTTP/1.1
User-Agent: selenium/4.4.0 (java windows)
Content-Length: 50
Content-Type: application/json; charset=utf-8
host: localhost:49921
accept: */*

Response DefaultHttpResponse(decodeResult: success, version: HTTP/1.1)
HTTP/1.1 200 OK
Content-Type: application/json; charset=utf-8
cache-control: no-cache
content-length: 14

12:37:19.639 [AsyncHttpClient-1-2] DEBUG org.asynchttpclient.netty.channel.ChannelManager - Adding key: http://localhost:49921 for channel [id: 0x807b5911, L:/127.0.0.1:56618 - R:localhost/127.0.0.1:49921]
12:37:19.640 [Forwarding getCurrentUrl on session 319642172572fdf8090d6c9115dd1193 to remote] DEBUG org.asynchttpclient.netty.request.NettyRequestSender - Using pooled Channel '[id: 0x807b5911, L:/127.0.0.1:56618 - R:localhost/127.0.0.1:49921]' for 'GET' to 'http://localhost:49921/session/319642172572fdf8090d6c9115dd1193/url'
12:37:19.640 [Forwarding getCurrentUrl on session 319642172572fdf8090d6c9115dd1193 to remote] DEBUG org.asynchttpclient.netty.request.NettyRequestSender - Using open Channel [id: 0x807b5911, L:/127.0.0.1:56618 - R:localhost/127.0.0.1:49921] for GET '/session/319642172572fdf8090d6c9115dd1193/url'
12:37:19.653 [AsyncHttpClient-1-2] DEBUG org.asynchttpclient.netty.handler.HttpHandler - 

Request DefaultFullHttpRequest(decodeResult: success, version: HTTP/1.1, content: EmptyByteBufBE)
GET /session/319642172572fdf8090d6c9115dd1193/url HTTP/1.1
User-Agent: selenium/4.4.0 (java windows)
Cache-Control: no-cache
Content-Type: application/json; charset=utf-8
host: localhost:49921
accept: */*

Response DefaultHttpResponse(decodeResult: success, version: HTTP/1.1)
HTTP/1.1 200 OK
Content-Type: application/json; charset=utf-8
cache-control: no-cache
content-length: 47

12:37:19.653 [AsyncHttpClient-1-2] DEBUG org.asynchttpclient.netty.channel.ChannelManager - Adding key: http://localhost:49921 for channel [id: 0x807b5911, L:/127.0.0.1:56618 - R:localhost/127.0.0.1:49921]
12:37:19.654 [Forwarding screenshot on session 319642172572fdf8090d6c9115dd1193 to remote] DEBUG org.asynchttpclient.netty.request.NettyRequestSender - Using pooled Channel '[id: 0x807b5911, L:/127.0.0.1:56618 - R:localhost/127.0.0.1:49921]' for 'GET' to 'http://localhost:49921/session/319642172572fdf8090d6c9115dd1193/screenshot'
12:37:19.654 [Forwarding screenshot on session 319642172572fdf8090d6c9115dd1193 to remote] DEBUG org.asynchttpclient.netty.request.NettyRequestSender - Using open Channel [id: 0x807b5911, L:/127.0.0.1:56618 - R:localhost/127.0.0.1:49921] for GET '/session/319642172572fdf8090d6c9115dd1193/screenshot'
12:37:19.858 [AsyncHttpClient-1-2] DEBUG org.asynchttpclient.netty.handler.HttpHandler - 

Request DefaultFullHttpRequest(decodeResult: success, version: HTTP/1.1, content: EmptyByteBufBE)
GET /session/319642172572fdf8090d6c9115dd1193/screenshot HTTP/1.1
User-Agent: selenium/4.4.0 (java windows)
Cache-Control: no-cache
Content-Type: application/json; charset=utf-8
host: localhost:49921
accept: */*

Response DefaultHttpResponse(decodeResult: success, version: HTTP/1.1)
HTTP/1.1 200 OK
Content-Type: application/json; charset=utf-8
cache-control: no-cache
content-length: 505864

12:37:19.882 [AsyncHttpClient-1-2] DEBUG org.asynchttpclient.netty.channel.ChannelManager - Adding key: http://localhost:49921 for channel [id: 0x807b5911, L:/127.0.0.1:56618 - R:localhost/127.0.0.1:49921]
12:37:19.897 [Test worker] DEBUG net.serenitybdd.core.photography.Darkroom - Send negative for processing for C:\Users\pcnit\Downloads\TestE2E\target\site\serenity\e2c10d3ad665a895d97ef8fd9b3b8aceebe668643e9da21dda1ab2b80f65ac68.png
12:37:19.898 [Darkroom Processing Line] DEBUG net.serenitybdd.core.photography.DarkroomProcessingLine - Processing screenshot image in /var/screenshots/screenshot-8398540850238352160
12:37:19.898 [Darkroom Processing Line] DEBUG net.serenitybdd.core.photography.DarkroomProcessingLine - Saving screenshot to C:\Users\pcnit\Downloads\TestE2E\target\site\serenity\e2c10d3ad665a895d97ef8fd9b3b8aceebe668643e9da21dda1ab2b80f65ac68.png
12:37:19.898 [Test worker] DEBUG net.thucydides.core.steps.StepInterceptor - STEP DONE: {0} clicks on #target
12:37:19.925 [Test worker] DEBUG net.serenitybdd.screenplay.targets.IFrameSwitcher - default content already selected for selecciona PLACE ORDER
12:37:19.938 [Forwarding findElements on session 319642172572fdf8090d6c9115dd1193 to remote] DEBUG org.asynchttpclient.netty.request.NettyRequestSender - Using pooled Channel '[id: 0x807b5911, L:/127.0.0.1:56618 - R:localhost/127.0.0.1:49921]' for 'POST' to 'http://localhost:49921/session/319642172572fdf8090d6c9115dd1193/elements'
12:37:19.938 [Forwarding findElements on session 319642172572fdf8090d6c9115dd1193 to remote] DEBUG org.asynchttpclient.netty.request.NettyRequestSender - Using open Channel [id: 0x807b5911, L:/127.0.0.1:56618 - R:localhost/127.0.0.1:49921] for POST '/session/319642172572fdf8090d6c9115dd1193/elements'
12:37:19.965 [AsyncHttpClient-1-2] DEBUG org.asynchttpclient.netty.handler.HttpHandler - 

Request DefaultHttpRequest(decodeResult: success, version: HTTP/1.1)
POST /session/319642172572fdf8090d6c9115dd1193/elements HTTP/1.1
User-Agent: selenium/4.4.0 (java windows)
Content-Length: 102
Content-Type: application/json; charset=utf-8
host: localhost:49921
accept: */*

Response DefaultHttpResponse(decodeResult: success, version: HTTP/1.1)
HTTP/1.1 200 OK
Content-Type: application/json; charset=utf-8
cache-control: no-cache
content-length: 129

12:37:19.965 [AsyncHttpClient-1-2] DEBUG org.asynchttpclient.netty.channel.ChannelManager - Adding key: http://localhost:49921 for channel [id: 0x807b5911, L:/127.0.0.1:56618 - R:localhost/127.0.0.1:49921]
12:37:19.993 [Forwarding isElementDisplayed on session 319642172572fdf8090d6c9115dd1193 to remote] DEBUG org.asynchttpclient.netty.request.NettyRequestSender - Using pooled Channel '[id: 0x807b5911, L:/127.0.0.1:56618 - R:localhost/127.0.0.1:49921]' for 'POST' to 'http://localhost:49921/session/319642172572fdf8090d6c9115dd1193/execute/sync'
12:37:19.993 [Forwarding isElementDisplayed on session 319642172572fdf8090d6c9115dd1193 to remote] DEBUG org.asynchttpclient.netty.request.NettyRequestSender - Using open Channel [id: 0x807b5911, L:/127.0.0.1:56618 - R:localhost/127.0.0.1:49921] for POST '/session/319642172572fdf8090d6c9115dd1193/execute/sync'
12:37:20.023 [AsyncHttpClient-1-2] DEBUG org.asynchttpclient.netty.handler.HttpHandler - 

Request DefaultHttpRequest(decodeResult: success, version: HTTP/1.1)
POST /session/319642172572fdf8090d6c9115dd1193/execute/sync HTTP/1.1
User-Agent: selenium/4.4.0 (java windows)
Content-Length: 48819
Content-Type: application/json; charset=utf-8
host: localhost:49921
accept: */*

Response DefaultHttpResponse(decodeResult: success, version: HTTP/1.1)
HTTP/1.1 200 OK
Content-Type: application/json; charset=utf-8
cache-control: no-cache
content-length: 14

12:37:20.024 [AsyncHttpClient-1-2] DEBUG org.asynchttpclient.netty.channel.ChannelManager - Adding key: http://localhost:49921 for channel [id: 0x807b5911, L:/127.0.0.1:56618 - R:localhost/127.0.0.1:49921]
12:37:20.033 [Forwarding isElementDisplayed on session 319642172572fdf8090d6c9115dd1193 to remote] DEBUG org.asynchttpclient.netty.request.NettyRequestSender - Using pooled Channel '[id: 0x807b5911, L:/127.0.0.1:56618 - R:localhost/127.0.0.1:49921]' for 'POST' to 'http://localhost:49921/session/319642172572fdf8090d6c9115dd1193/execute/sync'
12:37:20.033 [Forwarding isElementDisplayed on session 319642172572fdf8090d6c9115dd1193 to remote] DEBUG org.asynchttpclient.netty.request.NettyRequestSender - Using open Channel [id: 0x807b5911, L:/127.0.0.1:56618 - R:localhost/127.0.0.1:49921] for POST '/session/319642172572fdf8090d6c9115dd1193/execute/sync'
12:37:20.050 [AsyncHttpClient-1-2] DEBUG org.asynchttpclient.netty.handler.HttpHandler - 

Request DefaultHttpRequest(decodeResult: success, version: HTTP/1.1)
POST /session/319642172572fdf8090d6c9115dd1193/execute/sync HTTP/1.1
User-Agent: selenium/4.4.0 (java windows)
Content-Length: 48819
Content-Type: application/json; charset=utf-8
host: localhost:49921
accept: */*

Response DefaultHttpResponse(decodeResult: success, version: HTTP/1.1)
HTTP/1.1 200 OK
Content-Type: application/json; charset=utf-8
cache-control: no-cache
content-length: 14

12:37:20.051 [AsyncHttpClient-1-2] DEBUG org.asynchttpclient.netty.channel.ChannelManager - Adding key: http://localhost:49921 for channel [id: 0x807b5911, L:/127.0.0.1:56618 - R:localhost/127.0.0.1:49921]
12:37:20.108 [Forwarding getCurrentWindowHandle on session 319642172572fdf8090d6c9115dd1193 to remote] DEBUG org.asynchttpclient.netty.request.NettyRequestSender - Using pooled Channel '[id: 0x807b5911, L:/127.0.0.1:56618 - R:localhost/127.0.0.1:49921]' for 'GET' to 'http://localhost:49921/session/319642172572fdf8090d6c9115dd1193/window'
12:37:20.108 [Forwarding getCurrentWindowHandle on session 319642172572fdf8090d6c9115dd1193 to remote] DEBUG org.asynchttpclient.netty.request.NettyRequestSender - Using open Channel [id: 0x807b5911, L:/127.0.0.1:56618 - R:localhost/127.0.0.1:49921] for GET '/session/319642172572fdf8090d6c9115dd1193/window'
12:37:20.115 [AsyncHttpClient-1-2] DEBUG org.asynchttpclient.netty.handler.HttpHandler - 

Request DefaultFullHttpRequest(decodeResult: success, version: HTTP/1.1, content: EmptyByteBufBE)
GET /session/319642172572fdf8090d6c9115dd1193/window HTTP/1.1
User-Agent: selenium/4.4.0 (java windows)
Cache-Control: no-cache
Content-Type: application/json; charset=utf-8
host: localhost:49921
accept: */*

Response DefaultHttpResponse(decodeResult: success, version: HTTP/1.1)
HTTP/1.1 200 OK
Content-Type: application/json; charset=utf-8
cache-control: no-cache
content-length: 44

12:37:20.115 [AsyncHttpClient-1-2] DEBUG org.asynchttpclient.netty.channel.ChannelManager - Adding key: http://localhost:49921 for channel [id: 0x807b5911, L:/127.0.0.1:56618 - R:localhost/127.0.0.1:49921]
12:37:20.126 [Forwarding getAlertText on session 319642172572fdf8090d6c9115dd1193 to remote] DEBUG org.asynchttpclient.netty.request.NettyRequestSender - Using pooled Channel '[id: 0x807b5911, L:/127.0.0.1:56618 - R:localhost/127.0.0.1:49921]' for 'GET' to 'http://localhost:49921/session/319642172572fdf8090d6c9115dd1193/alert/text'
12:37:20.126 [Forwarding getAlertText on session 319642172572fdf8090d6c9115dd1193 to remote] DEBUG org.asynchttpclient.netty.request.NettyRequestSender - Using open Channel [id: 0x807b5911, L:/127.0.0.1:56618 - R:localhost/127.0.0.1:49921] for GET '/session/319642172572fdf8090d6c9115dd1193/alert/text'
12:37:20.135 [AsyncHttpClient-1-2] DEBUG org.asynchttpclient.netty.handler.HttpHandler - 

Request DefaultFullHttpRequest(decodeResult: success, version: HTTP/1.1, content: EmptyByteBufBE)
GET /session/319642172572fdf8090d6c9115dd1193/alert/text HTTP/1.1
User-Agent: selenium/4.4.0 (java windows)
Cache-Control: no-cache
Content-Type: application/json; charset=utf-8
host: localhost:49921
accept: */*

Response DefaultHttpResponse(decodeResult: success, version: HTTP/1.1)
HTTP/1.1 404 Not Found
Content-Type: application/json; charset=utf-8
cache-control: no-cache
content-length: 1045

12:37:20.135 [AsyncHttpClient-1-2] DEBUG org.asynchttpclient.netty.channel.ChannelManager - Adding key: http://localhost:49921 for channel [id: 0x807b5911, L:/127.0.0.1:56618 - R:localhost/127.0.0.1:49921]
12:37:20.148 [Forwarding switchToWindow on session 319642172572fdf8090d6c9115dd1193 to remote] DEBUG org.asynchttpclient.netty.request.NettyRequestSender - Using pooled Channel '[id: 0x807b5911, L:/127.0.0.1:56618 - R:localhost/127.0.0.1:49921]' for 'POST' to 'http://localhost:49921/session/319642172572fdf8090d6c9115dd1193/window'
12:37:20.148 [Forwarding switchToWindow on session 319642172572fdf8090d6c9115dd1193 to remote] DEBUG org.asynchttpclient.netty.request.NettyRequestSender - Using open Channel [id: 0x807b5911, L:/127.0.0.1:56618 - R:localhost/127.0.0.1:49921] for POST '/session/319642172572fdf8090d6c9115dd1193/window'
12:37:20.152 [AsyncHttpClient-1-2] DEBUG org.asynchttpclient.netty.handler.HttpHandler - 

Request DefaultHttpRequest(decodeResult: success, version: HTTP/1.1)
POST /session/319642172572fdf8090d6c9115dd1193/window HTTP/1.1
User-Agent: selenium/4.4.0 (java windows)
Content-Length: 50
Content-Type: application/json; charset=utf-8
host: localhost:49921
accept: */*

Response DefaultHttpResponse(decodeResult: success, version: HTTP/1.1)
HTTP/1.1 200 OK
Content-Type: application/json; charset=utf-8
cache-control: no-cache
content-length: 14

12:37:20.152 [AsyncHttpClient-1-2] DEBUG org.asynchttpclient.netty.channel.ChannelManager - Adding key: http://localhost:49921 for channel [id: 0x807b5911, L:/127.0.0.1:56618 - R:localhost/127.0.0.1:49921]
12:37:20.153 [Forwarding getCurrentUrl on session 319642172572fdf8090d6c9115dd1193 to remote] DEBUG org.asynchttpclient.netty.request.NettyRequestSender - Using pooled Channel '[id: 0x807b5911, L:/127.0.0.1:56618 - R:localhost/127.0.0.1:49921]' for 'GET' to 'http://localhost:49921/session/319642172572fdf8090d6c9115dd1193/url'
12:37:20.153 [Forwarding getCurrentUrl on session 319642172572fdf8090d6c9115dd1193 to remote] DEBUG org.asynchttpclient.netty.request.NettyRequestSender - Using open Channel [id: 0x807b5911, L:/127.0.0.1:56618 - R:localhost/127.0.0.1:49921] for GET '/session/319642172572fdf8090d6c9115dd1193/url'
12:37:20.169 [AsyncHttpClient-1-2] DEBUG org.asynchttpclient.netty.handler.HttpHandler - 

Request DefaultFullHttpRequest(decodeResult: success, version: HTTP/1.1, content: EmptyByteBufBE)
GET /session/319642172572fdf8090d6c9115dd1193/url HTTP/1.1
User-Agent: selenium/4.4.0 (java windows)
Cache-Control: no-cache
Content-Type: application/json; charset=utf-8
host: localhost:49921
accept: */*

Response DefaultHttpResponse(decodeResult: success, version: HTTP/1.1)
HTTP/1.1 200 OK
Content-Type: application/json; charset=utf-8
cache-control: no-cache
content-length: 47

12:37:20.170 [AsyncHttpClient-1-2] DEBUG org.asynchttpclient.netty.channel.ChannelManager - Adding key: http://localhost:49921 for channel [id: 0x807b5911, L:/127.0.0.1:56618 - R:localhost/127.0.0.1:49921]
12:37:20.171 [Forwarding screenshot on session 319642172572fdf8090d6c9115dd1193 to remote] DEBUG org.asynchttpclient.netty.request.NettyRequestSender - Using pooled Channel '[id: 0x807b5911, L:/127.0.0.1:56618 - R:localhost/127.0.0.1:49921]' for 'GET' to 'http://localhost:49921/session/319642172572fdf8090d6c9115dd1193/screenshot'
12:37:20.171 [Forwarding screenshot on session 319642172572fdf8090d6c9115dd1193 to remote] DEBUG org.asynchttpclient.netty.request.NettyRequestSender - Using open Channel [id: 0x807b5911, L:/127.0.0.1:56618 - R:localhost/127.0.0.1:49921] for GET '/session/319642172572fdf8090d6c9115dd1193/screenshot'
12:37:20.190 [AsyncHttpClient-1-1] DEBUG org.asynchttpclient.netty.channel.DefaultChannelPool - Entry count for : http://localhost:56619 : 1
12:37:20.370 [AsyncHttpClient-1-2] DEBUG org.asynchttpclient.netty.handler.HttpHandler - 

Request DefaultFullHttpRequest(decodeResult: success, version: HTTP/1.1, content: EmptyByteBufBE)
GET /session/319642172572fdf8090d6c9115dd1193/screenshot HTTP/1.1
User-Agent: selenium/4.4.0 (java windows)
Cache-Control: no-cache
Content-Type: application/json; charset=utf-8
host: localhost:49921
accept: */*

Response DefaultHttpResponse(decodeResult: success, version: HTTP/1.1)
HTTP/1.1 200 OK
Content-Type: application/json; charset=utf-8
cache-control: no-cache
content-length: 525728

12:37:20.372 [AsyncHttpClient-1-2] DEBUG org.asynchttpclient.netty.channel.ChannelManager - Adding key: http://localhost:49921 for channel [id: 0x807b5911, L:/127.0.0.1:56618 - R:localhost/127.0.0.1:49921]
12:37:20.384 [Test worker] DEBUG net.serenitybdd.core.photography.Darkroom - Send negative for processing for C:\Users\pcnit\Downloads\TestE2E\target\site\serenity\70c09d3fbfddfa99d9f5e7a78222b1e5c414ccf5ada5eb45137a5b4b19b418eb.png
12:37:20.385 [Darkroom Processing Line] DEBUG net.serenitybdd.core.photography.DarkroomProcessingLine - Processing screenshot image in /var/screenshots/screenshot-18378526352393054114
12:37:20.385 [Darkroom Processing Line] DEBUG net.serenitybdd.core.photography.DarkroomProcessingLine - Saving screenshot to C:\Users\pcnit\Downloads\TestE2E\target\site\serenity\70c09d3fbfddfa99d9f5e7a78222b1e5c414ccf5ada5eb45137a5b4b19b418eb.png
12:37:20.400 [Forwarding getPageSource on session 319642172572fdf8090d6c9115dd1193 to remote] DEBUG org.asynchttpclient.netty.request.NettyRequestSender - Using pooled Channel '[id: 0x807b5911, L:/127.0.0.1:56618 - R:localhost/127.0.0.1:49921]' for 'POST' to 'http://localhost:49921/session/319642172572fdf8090d6c9115dd1193/execute/sync'
12:37:20.400 [Forwarding getPageSource on session 319642172572fdf8090d6c9115dd1193 to remote] DEBUG org.asynchttpclient.netty.request.NettyRequestSender - Using open Channel [id: 0x807b5911, L:/127.0.0.1:56618 - R:localhost/127.0.0.1:49921] for POST '/session/319642172572fdf8090d6c9115dd1193/execute/sync'
12:37:20.414 [AsyncHttpClient-1-2] DEBUG org.asynchttpclient.netty.handler.HttpHandler - 

Request DefaultHttpRequest(decodeResult: success, version: HTTP/1.1)
POST /session/319642172572fdf8090d6c9115dd1193/execute/sync HTTP/1.1
User-Agent: selenium/4.4.0 (java windows)
Content-Length: 176
Content-Type: application/json; charset=utf-8
host: localhost:49921
accept: */*

Response DefaultHttpResponse(decodeResult: success, version: HTTP/1.1)
HTTP/1.1 200 OK
Content-Type: application/json; charset=utf-8
cache-control: no-cache
content-length: 57213

12:37:20.415 [AsyncHttpClient-1-2] DEBUG org.asynchttpclient.netty.channel.ChannelManager - Adding key: http://localhost:49921 for channel [id: 0x807b5911, L:/127.0.0.1:56618 - R:localhost/127.0.0.1:49921]
12:37:20.424 [Forwarding getCurrentUrl on session 319642172572fdf8090d6c9115dd1193 to remote] DEBUG org.asynchttpclient.netty.request.NettyRequestSender - Using pooled Channel '[id: 0x807b5911, L:/127.0.0.1:56618 - R:localhost/127.0.0.1:49921]' for 'GET' to 'http://localhost:49921/session/319642172572fdf8090d6c9115dd1193/url'
12:37:20.425 [Forwarding getCurrentUrl on session 319642172572fdf8090d6c9115dd1193 to remote] DEBUG org.asynchttpclient.netty.request.NettyRequestSender - Using open Channel [id: 0x807b5911, L:/127.0.0.1:56618 - R:localhost/127.0.0.1:49921] for GET '/session/319642172572fdf8090d6c9115dd1193/url'
12:37:20.438 [AsyncHttpClient-1-2] DEBUG org.asynchttpclient.netty.handler.HttpHandler - 

Request DefaultFullHttpRequest(decodeResult: success, version: HTTP/1.1, content: EmptyByteBufBE)
GET /session/319642172572fdf8090d6c9115dd1193/url HTTP/1.1
User-Agent: selenium/4.4.0 (java windows)
Cache-Control: no-cache
Content-Type: application/json; charset=utf-8
host: localhost:49921
accept: */*

Response DefaultHttpResponse(decodeResult: success, version: HTTP/1.1)
HTTP/1.1 200 OK
Content-Type: application/json; charset=utf-8
cache-control: no-cache
content-length: 47

12:37:20.438 [AsyncHttpClient-1-2] DEBUG org.asynchttpclient.netty.channel.ChannelManager - Adding key: http://localhost:49921 for channel [id: 0x807b5911, L:/127.0.0.1:56618 - R:localhost/127.0.0.1:49921]
12:37:20.445 [Test worker] DEBUG net.thucydides.core.steps.StepInterceptor - STARTING STEP: PlaceOrder.performAs - {0} clicks on #target
12:37:20.446 [Test worker] DEBUG net.serenitybdd.screenplay.targets.IFrameSwitcher - default content already selected for selecciona PLACE ORDER
12:37:20.528 [Forwarding findElement on session 319642172572fdf8090d6c9115dd1193 to remote] DEBUG org.asynchttpclient.netty.request.NettyRequestSender - Using pooled Channel '[id: 0x807b5911, L:/127.0.0.1:56618 - R:localhost/127.0.0.1:49921]' for 'POST' to 'http://localhost:49921/session/319642172572fdf8090d6c9115dd1193/element'
12:37:20.528 [Forwarding findElement on session 319642172572fdf8090d6c9115dd1193 to remote] DEBUG org.asynchttpclient.netty.request.NettyRequestSender - Using open Channel [id: 0x807b5911, L:/127.0.0.1:56618 - R:localhost/127.0.0.1:49921] for POST '/session/319642172572fdf8090d6c9115dd1193/element'
12:37:20.579 [AsyncHttpClient-1-2] DEBUG org.asynchttpclient.netty.handler.HttpHandler - 

Request DefaultHttpRequest(decodeResult: success, version: HTTP/1.1)
POST /session/319642172572fdf8090d6c9115dd1193/element HTTP/1.1
User-Agent: selenium/4.4.0 (java windows)
Content-Length: 102
Content-Type: application/json; charset=utf-8
host: localhost:49921
accept: */*

Response DefaultHttpResponse(decodeResult: success, version: HTTP/1.1)
HTTP/1.1 200 OK
Content-Type: application/json; charset=utf-8
cache-control: no-cache
content-length: 127

12:37:20.579 [AsyncHttpClient-1-2] DEBUG org.asynchttpclient.netty.channel.ChannelManager - Adding key: http://localhost:49921 for channel [id: 0x807b5911, L:/127.0.0.1:56618 - R:localhost/127.0.0.1:49921]
12:37:20.587 [Forwarding isElementDisplayed on session 319642172572fdf8090d6c9115dd1193 to remote] DEBUG org.asynchttpclient.netty.request.NettyRequestSender - Using pooled Channel '[id: 0x807b5911, L:/127.0.0.1:56618 - R:localhost/127.0.0.1:49921]' for 'POST' to 'http://localhost:49921/session/319642172572fdf8090d6c9115dd1193/execute/sync'
12:37:20.587 [Forwarding isElementDisplayed on session 319642172572fdf8090d6c9115dd1193 to remote] DEBUG org.asynchttpclient.netty.request.NettyRequestSender - Using open Channel [id: 0x807b5911, L:/127.0.0.1:56618 - R:localhost/127.0.0.1:49921] for POST '/session/319642172572fdf8090d6c9115dd1193/execute/sync'
12:37:20.610 [AsyncHttpClient-1-2] DEBUG org.asynchttpclient.netty.handler.HttpHandler - 

Request DefaultHttpRequest(decodeResult: success, version: HTTP/1.1)
POST /session/319642172572fdf8090d6c9115dd1193/execute/sync HTTP/1.1
User-Agent: selenium/4.4.0 (java windows)
Content-Length: 48819
Content-Type: application/json; charset=utf-8
host: localhost:49921
accept: */*

Response DefaultHttpResponse(decodeResult: success, version: HTTP/1.1)
HTTP/1.1 200 OK
Content-Type: application/json; charset=utf-8
cache-control: no-cache
content-length: 14

12:37:20.610 [AsyncHttpClient-1-2] DEBUG org.asynchttpclient.netty.channel.ChannelManager - Adding key: http://localhost:49921 for channel [id: 0x807b5911, L:/127.0.0.1:56618 - R:localhost/127.0.0.1:49921]
12:37:20.637 [Forwarding findElement on session 319642172572fdf8090d6c9115dd1193 to remote] DEBUG org.asynchttpclient.netty.request.NettyRequestSender - Using pooled Channel '[id: 0x807b5911, L:/127.0.0.1:56618 - R:localhost/127.0.0.1:49921]' for 'POST' to 'http://localhost:49921/session/319642172572fdf8090d6c9115dd1193/element'
12:37:20.637 [Forwarding findElement on session 319642172572fdf8090d6c9115dd1193 to remote] DEBUG org.asynchttpclient.netty.request.NettyRequestSender - Using open Channel [id: 0x807b5911, L:/127.0.0.1:56618 - R:localhost/127.0.0.1:49921] for POST '/session/319642172572fdf8090d6c9115dd1193/element'
12:37:20.651 [AsyncHttpClient-1-2] DEBUG org.asynchttpclient.netty.handler.HttpHandler - 

Request DefaultHttpRequest(decodeResult: success, version: HTTP/1.1)
POST /session/319642172572fdf8090d6c9115dd1193/element HTTP/1.1
User-Agent: selenium/4.4.0 (java windows)
Content-Length: 102
Content-Type: application/json; charset=utf-8
host: localhost:49921
accept: */*

Response DefaultHttpResponse(decodeResult: success, version: HTTP/1.1)
HTTP/1.1 200 OK
Content-Type: application/json; charset=utf-8
cache-control: no-cache
content-length: 127

12:37:20.651 [AsyncHttpClient-1-2] DEBUG org.asynchttpclient.netty.channel.ChannelManager - Adding key: http://localhost:49921 for channel [id: 0x807b5911, L:/127.0.0.1:56618 - R:localhost/127.0.0.1:49921]
12:37:20.653 [Forwarding clickElement on session 319642172572fdf8090d6c9115dd1193 to remote] DEBUG org.asynchttpclient.netty.request.NettyRequestSender - Using pooled Channel '[id: 0x807b5911, L:/127.0.0.1:56618 - R:localhost/127.0.0.1:49921]' for 'POST' to 'http://localhost:49921/session/319642172572fdf8090d6c9115dd1193/element/f.77D77E48C717A5F8144E3521F6891EC1.d.8C715979609D122D0F50FF40744A4ED1.e.406/click'
12:37:20.653 [Forwarding clickElement on session 319642172572fdf8090d6c9115dd1193 to remote] DEBUG org.asynchttpclient.netty.request.NettyRequestSender - Using open Channel [id: 0x807b5911, L:/127.0.0.1:56618 - R:localhost/127.0.0.1:49921] for POST '/session/319642172572fdf8090d6c9115dd1193/element/f.77D77E48C717A5F8144E3521F6891EC1.d.8C715979609D122D0F50FF40744A4ED1.e.406/click'
12:37:20.740 [AsyncHttpClient-1-2] DEBUG org.asynchttpclient.netty.handler.HttpHandler - 

Request DefaultHttpRequest(decodeResult: success, version: HTTP/1.1)
POST /session/319642172572fdf8090d6c9115dd1193/element/f.77D77E48C717A5F8144E3521F6891EC1.d.8C715979609D122D0F50FF40744A4ED1.e.406/click HTTP/1.1
User-Agent: selenium/4.4.0 (java windows)
Content-Length: 89
Content-Type: application/json; charset=utf-8
host: localhost:49921
accept: */*

Response DefaultHttpResponse(decodeResult: success, version: HTTP/1.1)
HTTP/1.1 200 OK
Content-Type: application/json; charset=utf-8
cache-control: no-cache
content-length: 14

12:37:20.741 [AsyncHttpClient-1-2] DEBUG org.asynchttpclient.netty.channel.ChannelManager - Adding key: http://localhost:49921 for channel [id: 0x807b5911, L:/127.0.0.1:56618 - R:localhost/127.0.0.1:49921]
12:37:20.782 [Forwarding getCurrentWindowHandle on session 319642172572fdf8090d6c9115dd1193 to remote] DEBUG org.asynchttpclient.netty.request.NettyRequestSender - Using pooled Channel '[id: 0x807b5911, L:/127.0.0.1:56618 - R:localhost/127.0.0.1:49921]' for 'GET' to 'http://localhost:49921/session/319642172572fdf8090d6c9115dd1193/window'
12:37:20.782 [Forwarding getCurrentWindowHandle on session 319642172572fdf8090d6c9115dd1193 to remote] DEBUG org.asynchttpclient.netty.request.NettyRequestSender - Using open Channel [id: 0x807b5911, L:/127.0.0.1:56618 - R:localhost/127.0.0.1:49921] for GET '/session/319642172572fdf8090d6c9115dd1193/window'
12:37:20.792 [AsyncHttpClient-1-2] DEBUG org.asynchttpclient.netty.handler.HttpHandler - 

Request DefaultFullHttpRequest(decodeResult: success, version: HTTP/1.1, content: EmptyByteBufBE)
GET /session/319642172572fdf8090d6c9115dd1193/window HTTP/1.1
User-Agent: selenium/4.4.0 (java windows)
Cache-Control: no-cache
Content-Type: application/json; charset=utf-8
host: localhost:49921
accept: */*

Response DefaultHttpResponse(decodeResult: success, version: HTTP/1.1)
HTTP/1.1 200 OK
Content-Type: application/json; charset=utf-8
cache-control: no-cache
content-length: 44

12:37:20.792 [AsyncHttpClient-1-2] DEBUG org.asynchttpclient.netty.channel.ChannelManager - Adding key: http://localhost:49921 for channel [id: 0x807b5911, L:/127.0.0.1:56618 - R:localhost/127.0.0.1:49921]
12:37:20.809 [Forwarding getAlertText on session 319642172572fdf8090d6c9115dd1193 to remote] DEBUG org.asynchttpclient.netty.request.NettyRequestSender - Using pooled Channel '[id: 0x807b5911, L:/127.0.0.1:56618 - R:localhost/127.0.0.1:49921]' for 'GET' to 'http://localhost:49921/session/319642172572fdf8090d6c9115dd1193/alert/text'
12:37:20.810 [Forwarding getAlertText on session 319642172572fdf8090d6c9115dd1193 to remote] DEBUG org.asynchttpclient.netty.request.NettyRequestSender - Using open Channel [id: 0x807b5911, L:/127.0.0.1:56618 - R:localhost/127.0.0.1:49921] for GET '/session/319642172572fdf8090d6c9115dd1193/alert/text'
12:37:20.824 [AsyncHttpClient-1-2] DEBUG org.asynchttpclient.netty.handler.HttpHandler - 

Request DefaultFullHttpRequest(decodeResult: success, version: HTTP/1.1, content: EmptyByteBufBE)
GET /session/319642172572fdf8090d6c9115dd1193/alert/text HTTP/1.1
User-Agent: selenium/4.4.0 (java windows)
Cache-Control: no-cache
Content-Type: application/json; charset=utf-8
host: localhost:49921
accept: */*

Response DefaultHttpResponse(decodeResult: success, version: HTTP/1.1)
HTTP/1.1 404 Not Found
Content-Type: application/json; charset=utf-8
cache-control: no-cache
content-length: 1045

12:37:20.825 [AsyncHttpClient-1-2] DEBUG org.asynchttpclient.netty.channel.ChannelManager - Adding key: http://localhost:49921 for channel [id: 0x807b5911, L:/127.0.0.1:56618 - R:localhost/127.0.0.1:49921]
12:37:20.838 [Forwarding switchToWindow on session 319642172572fdf8090d6c9115dd1193 to remote] DEBUG org.asynchttpclient.netty.request.NettyRequestSender - Using pooled Channel '[id: 0x807b5911, L:/127.0.0.1:56618 - R:localhost/127.0.0.1:49921]' for 'POST' to 'http://localhost:49921/session/319642172572fdf8090d6c9115dd1193/window'
12:37:20.838 [Forwarding switchToWindow on session 319642172572fdf8090d6c9115dd1193 to remote] DEBUG org.asynchttpclient.netty.request.NettyRequestSender - Using open Channel [id: 0x807b5911, L:/127.0.0.1:56618 - R:localhost/127.0.0.1:49921] for POST '/session/319642172572fdf8090d6c9115dd1193/window'
12:37:20.843 [AsyncHttpClient-1-2] DEBUG org.asynchttpclient.netty.handler.HttpHandler - 

Request DefaultHttpRequest(decodeResult: success, version: HTTP/1.1)
POST /session/319642172572fdf8090d6c9115dd1193/window HTTP/1.1
User-Agent: selenium/4.4.0 (java windows)
Content-Length: 50
Content-Type: application/json; charset=utf-8
host: localhost:49921
accept: */*

Response DefaultHttpResponse(decodeResult: success, version: HTTP/1.1)
HTTP/1.1 200 OK
Content-Type: application/json; charset=utf-8
cache-control: no-cache
content-length: 14

12:37:20.844 [AsyncHttpClient-1-2] DEBUG org.asynchttpclient.netty.channel.ChannelManager - Adding key: http://localhost:49921 for channel [id: 0x807b5911, L:/127.0.0.1:56618 - R:localhost/127.0.0.1:49921]
12:37:20.845 [Forwarding getCurrentUrl on session 319642172572fdf8090d6c9115dd1193 to remote] DEBUG org.asynchttpclient.netty.request.NettyRequestSender - Using pooled Channel '[id: 0x807b5911, L:/127.0.0.1:56618 - R:localhost/127.0.0.1:49921]' for 'GET' to 'http://localhost:49921/session/319642172572fdf8090d6c9115dd1193/url'
12:37:20.846 [Forwarding getCurrentUrl on session 319642172572fdf8090d6c9115dd1193 to remote] DEBUG org.asynchttpclient.netty.request.NettyRequestSender - Using open Channel [id: 0x807b5911, L:/127.0.0.1:56618 - R:localhost/127.0.0.1:49921] for GET '/session/319642172572fdf8090d6c9115dd1193/url'
12:37:20.867 [AsyncHttpClient-1-2] DEBUG org.asynchttpclient.netty.handler.HttpHandler - 

Request DefaultFullHttpRequest(decodeResult: success, version: HTTP/1.1, content: EmptyByteBufBE)
GET /session/319642172572fdf8090d6c9115dd1193/url HTTP/1.1
User-Agent: selenium/4.4.0 (java windows)
Cache-Control: no-cache
Content-Type: application/json; charset=utf-8
host: localhost:49921
accept: */*

Response DefaultHttpResponse(decodeResult: success, version: HTTP/1.1)
HTTP/1.1 200 OK
Content-Type: application/json; charset=utf-8
cache-control: no-cache
content-length: 47

12:37:20.867 [AsyncHttpClient-1-2] DEBUG org.asynchttpclient.netty.channel.ChannelManager - Adding key: http://localhost:49921 for channel [id: 0x807b5911, L:/127.0.0.1:56618 - R:localhost/127.0.0.1:49921]
12:37:20.869 [Forwarding screenshot on session 319642172572fdf8090d6c9115dd1193 to remote] DEBUG org.asynchttpclient.netty.request.NettyRequestSender - Using pooled Channel '[id: 0x807b5911, L:/127.0.0.1:56618 - R:localhost/127.0.0.1:49921]' for 'GET' to 'http://localhost:49921/session/319642172572fdf8090d6c9115dd1193/screenshot'
12:37:20.869 [Forwarding screenshot on session 319642172572fdf8090d6c9115dd1193 to remote] DEBUG org.asynchttpclient.netty.request.NettyRequestSender - Using open Channel [id: 0x807b5911, L:/127.0.0.1:56618 - R:localhost/127.0.0.1:49921] for GET '/session/319642172572fdf8090d6c9115dd1193/screenshot'
12:37:21.048 [AsyncHttpClient-1-2] DEBUG org.asynchttpclient.netty.handler.HttpHandler - 

Request DefaultFullHttpRequest(decodeResult: success, version: HTTP/1.1, content: EmptyByteBufBE)
GET /session/319642172572fdf8090d6c9115dd1193/screenshot HTTP/1.1
User-Agent: selenium/4.4.0 (java windows)
Cache-Control: no-cache
Content-Type: application/json; charset=utf-8
host: localhost:49921
accept: */*

Response DefaultHttpResponse(decodeResult: success, version: HTTP/1.1)
HTTP/1.1 200 OK
Content-Type: application/json; charset=utf-8
cache-control: no-cache
content-length: 386668

12:37:21.050 [AsyncHttpClient-1-2] DEBUG org.asynchttpclient.netty.channel.ChannelManager - Adding key: http://localhost:49921 for channel [id: 0x807b5911, L:/127.0.0.1:56618 - R:localhost/127.0.0.1:49921]
12:37:21.066 [Test worker] DEBUG net.serenitybdd.core.photography.Darkroom - Send negative for processing for C:\Users\pcnit\Downloads\TestE2E\target\site\serenity\5c1be1626cf5c5afc2ec6f68dab5d7b4e0df3b29debc53c6d8ebea76101fdf14.png
12:37:21.066 [Darkroom Processing Line] DEBUG net.serenitybdd.core.photography.DarkroomProcessingLine - Processing screenshot image in /var/screenshots/screenshot-9840912833908104508
12:37:21.066 [Darkroom Processing Line] DEBUG net.serenitybdd.core.photography.DarkroomProcessingLine - Saving screenshot to C:\Users\pcnit\Downloads\TestE2E\target\site\serenity\5c1be1626cf5c5afc2ec6f68dab5d7b4e0df3b29debc53c6d8ebea76101fdf14.png
12:37:21.081 [Forwarding getPageSource on session 319642172572fdf8090d6c9115dd1193 to remote] DEBUG org.asynchttpclient.netty.request.NettyRequestSender - Using pooled Channel '[id: 0x807b5911, L:/127.0.0.1:56618 - R:localhost/127.0.0.1:49921]' for 'POST' to 'http://localhost:49921/session/319642172572fdf8090d6c9115dd1193/execute/sync'
12:37:21.081 [Forwarding getPageSource on session 319642172572fdf8090d6c9115dd1193 to remote] DEBUG org.asynchttpclient.netty.request.NettyRequestSender - Using open Channel [id: 0x807b5911, L:/127.0.0.1:56618 - R:localhost/127.0.0.1:49921] for POST '/session/319642172572fdf8090d6c9115dd1193/execute/sync'
12:37:21.094 [AsyncHttpClient-1-2] DEBUG org.asynchttpclient.netty.handler.HttpHandler - 

Request DefaultHttpRequest(decodeResult: success, version: HTTP/1.1)
POST /session/319642172572fdf8090d6c9115dd1193/execute/sync HTTP/1.1
User-Agent: selenium/4.4.0 (java windows)
Content-Length: 176
Content-Type: application/json; charset=utf-8
host: localhost:49921
accept: */*

Response DefaultHttpResponse(decodeResult: success, version: HTTP/1.1)
HTTP/1.1 200 OK
Content-Type: application/json; charset=utf-8
cache-control: no-cache
content-length: 57331

12:37:21.094 [AsyncHttpClient-1-2] DEBUG org.asynchttpclient.netty.channel.ChannelManager - Adding key: http://localhost:49921 for channel [id: 0x807b5911, L:/127.0.0.1:56618 - R:localhost/127.0.0.1:49921]
12:37:21.105 [Forwarding getCurrentUrl on session 319642172572fdf8090d6c9115dd1193 to remote] DEBUG org.asynchttpclient.netty.request.NettyRequestSender - Using pooled Channel '[id: 0x807b5911, L:/127.0.0.1:56618 - R:localhost/127.0.0.1:49921]' for 'GET' to 'http://localhost:49921/session/319642172572fdf8090d6c9115dd1193/url'
12:37:21.105 [Forwarding getCurrentUrl on session 319642172572fdf8090d6c9115dd1193 to remote] DEBUG org.asynchttpclient.netty.request.NettyRequestSender - Using open Channel [id: 0x807b5911, L:/127.0.0.1:56618 - R:localhost/127.0.0.1:49921] for GET '/session/319642172572fdf8090d6c9115dd1193/url'
12:37:21.122 [AsyncHttpClient-1-2] DEBUG org.asynchttpclient.netty.handler.HttpHandler - 

Request DefaultFullHttpRequest(decodeResult: success, version: HTTP/1.1, content: EmptyByteBufBE)
GET /session/319642172572fdf8090d6c9115dd1193/url HTTP/1.1
User-Agent: selenium/4.4.0 (java windows)
Cache-Control: no-cache
Content-Type: application/json; charset=utf-8
host: localhost:49921
accept: */*

Response DefaultHttpResponse(decodeResult: success, version: HTTP/1.1)
HTTP/1.1 200 OK
Content-Type: application/json; charset=utf-8
cache-control: no-cache
content-length: 47

12:37:21.122 [AsyncHttpClient-1-2] DEBUG org.asynchttpclient.netty.channel.ChannelManager - Adding key: http://localhost:49921 for channel [id: 0x807b5911, L:/127.0.0.1:56618 - R:localhost/127.0.0.1:49921]
12:37:21.162 [Forwarding getCurrentWindowHandle on session 319642172572fdf8090d6c9115dd1193 to remote] DEBUG org.asynchttpclient.netty.request.NettyRequestSender - Using pooled Channel '[id: 0x807b5911, L:/127.0.0.1:56618 - R:localhost/127.0.0.1:49921]' for 'GET' to 'http://localhost:49921/session/319642172572fdf8090d6c9115dd1193/window'
12:37:21.162 [Forwarding getCurrentWindowHandle on session 319642172572fdf8090d6c9115dd1193 to remote] DEBUG org.asynchttpclient.netty.request.NettyRequestSender - Using open Channel [id: 0x807b5911, L:/127.0.0.1:56618 - R:localhost/127.0.0.1:49921] for GET '/session/319642172572fdf8090d6c9115dd1193/window'
12:37:21.173 [AsyncHttpClient-1-2] DEBUG org.asynchttpclient.netty.handler.HttpHandler - 

Request DefaultFullHttpRequest(decodeResult: success, version: HTTP/1.1, content: EmptyByteBufBE)
GET /session/319642172572fdf8090d6c9115dd1193/window HTTP/1.1
User-Agent: selenium/4.4.0 (java windows)
Cache-Control: no-cache
Content-Type: application/json; charset=utf-8
host: localhost:49921
accept: */*

Response DefaultHttpResponse(decodeResult: success, version: HTTP/1.1)
HTTP/1.1 200 OK
Content-Type: application/json; charset=utf-8
cache-control: no-cache
content-length: 44

12:37:21.173 [AsyncHttpClient-1-2] DEBUG org.asynchttpclient.netty.channel.ChannelManager - Adding key: http://localhost:49921 for channel [id: 0x807b5911, L:/127.0.0.1:56618 - R:localhost/127.0.0.1:49921]
12:37:21.182 [Forwarding getAlertText on session 319642172572fdf8090d6c9115dd1193 to remote] DEBUG org.asynchttpclient.netty.request.NettyRequestSender - Using pooled Channel '[id: 0x807b5911, L:/127.0.0.1:56618 - R:localhost/127.0.0.1:49921]' for 'GET' to 'http://localhost:49921/session/319642172572fdf8090d6c9115dd1193/alert/text'
12:37:21.182 [Forwarding getAlertText on session 319642172572fdf8090d6c9115dd1193 to remote] DEBUG org.asynchttpclient.netty.request.NettyRequestSender - Using open Channel [id: 0x807b5911, L:/127.0.0.1:56618 - R:localhost/127.0.0.1:49921] for GET '/session/319642172572fdf8090d6c9115dd1193/alert/text'
12:37:21.193 [AsyncHttpClient-1-2] DEBUG org.asynchttpclient.netty.handler.HttpHandler - 

Request DefaultFullHttpRequest(decodeResult: success, version: HTTP/1.1, content: EmptyByteBufBE)
GET /session/319642172572fdf8090d6c9115dd1193/alert/text HTTP/1.1
User-Agent: selenium/4.4.0 (java windows)
Cache-Control: no-cache
Content-Type: application/json; charset=utf-8
host: localhost:49921
accept: */*

Response DefaultHttpResponse(decodeResult: success, version: HTTP/1.1)
HTTP/1.1 404 Not Found
Content-Type: application/json; charset=utf-8
cache-control: no-cache
content-length: 1045

12:37:21.193 [AsyncHttpClient-1-2] DEBUG org.asynchttpclient.netty.channel.ChannelManager - Adding key: http://localhost:49921 for channel [id: 0x807b5911, L:/127.0.0.1:56618 - R:localhost/127.0.0.1:49921]
12:37:21.208 [Forwarding switchToWindow on session 319642172572fdf8090d6c9115dd1193 to remote] DEBUG org.asynchttpclient.netty.request.NettyRequestSender - Using pooled Channel '[id: 0x807b5911, L:/127.0.0.1:56618 - R:localhost/127.0.0.1:49921]' for 'POST' to 'http://localhost:49921/session/319642172572fdf8090d6c9115dd1193/window'
12:37:21.208 [Forwarding switchToWindow on session 319642172572fdf8090d6c9115dd1193 to remote] DEBUG org.asynchttpclient.netty.request.NettyRequestSender - Using open Channel [id: 0x807b5911, L:/127.0.0.1:56618 - R:localhost/127.0.0.1:49921] for POST '/session/319642172572fdf8090d6c9115dd1193/window'
12:37:21.213 [AsyncHttpClient-1-2] DEBUG org.asynchttpclient.netty.handler.HttpHandler - 

Request DefaultHttpRequest(decodeResult: success, version: HTTP/1.1)
POST /session/319642172572fdf8090d6c9115dd1193/window HTTP/1.1
User-Agent: selenium/4.4.0 (java windows)
Content-Length: 50
Content-Type: application/json; charset=utf-8
host: localhost:49921
accept: */*

Response DefaultHttpResponse(decodeResult: success, version: HTTP/1.1)
HTTP/1.1 200 OK
Content-Type: application/json; charset=utf-8
cache-control: no-cache
content-length: 14

12:37:21.213 [AsyncHttpClient-1-2] DEBUG org.asynchttpclient.netty.channel.ChannelManager - Adding key: http://localhost:49921 for channel [id: 0x807b5911, L:/127.0.0.1:56618 - R:localhost/127.0.0.1:49921]
12:37:21.214 [Forwarding getCurrentUrl on session 319642172572fdf8090d6c9115dd1193 to remote] DEBUG org.asynchttpclient.netty.request.NettyRequestSender - Using pooled Channel '[id: 0x807b5911, L:/127.0.0.1:56618 - R:localhost/127.0.0.1:49921]' for 'GET' to 'http://localhost:49921/session/319642172572fdf8090d6c9115dd1193/url'
12:37:21.214 [Forwarding getCurrentUrl on session 319642172572fdf8090d6c9115dd1193 to remote] DEBUG org.asynchttpclient.netty.request.NettyRequestSender - Using open Channel [id: 0x807b5911, L:/127.0.0.1:56618 - R:localhost/127.0.0.1:49921] for GET '/session/319642172572fdf8090d6c9115dd1193/url'
12:37:21.229 [AsyncHttpClient-1-2] DEBUG org.asynchttpclient.netty.handler.HttpHandler - 

Request DefaultFullHttpRequest(decodeResult: success, version: HTTP/1.1, content: EmptyByteBufBE)
GET /session/319642172572fdf8090d6c9115dd1193/url HTTP/1.1
User-Agent: selenium/4.4.0 (java windows)
Cache-Control: no-cache
Content-Type: application/json; charset=utf-8
host: localhost:49921
accept: */*

Response DefaultHttpResponse(decodeResult: success, version: HTTP/1.1)
HTTP/1.1 200 OK
Content-Type: application/json; charset=utf-8
cache-control: no-cache
content-length: 47

12:37:21.229 [AsyncHttpClient-1-2] DEBUG org.asynchttpclient.netty.channel.ChannelManager - Adding key: http://localhost:49921 for channel [id: 0x807b5911, L:/127.0.0.1:56618 - R:localhost/127.0.0.1:49921]
12:37:21.230 [Forwarding screenshot on session 319642172572fdf8090d6c9115dd1193 to remote] DEBUG org.asynchttpclient.netty.request.NettyRequestSender - Using pooled Channel '[id: 0x807b5911, L:/127.0.0.1:56618 - R:localhost/127.0.0.1:49921]' for 'GET' to 'http://localhost:49921/session/319642172572fdf8090d6c9115dd1193/screenshot'
12:37:21.230 [Forwarding screenshot on session 319642172572fdf8090d6c9115dd1193 to remote] DEBUG org.asynchttpclient.netty.request.NettyRequestSender - Using open Channel [id: 0x807b5911, L:/127.0.0.1:56618 - R:localhost/127.0.0.1:49921] for GET '/session/319642172572fdf8090d6c9115dd1193/screenshot'
12:37:21.283 [AsyncHttpClient-1-1] DEBUG org.asynchttpclient.netty.channel.DefaultChannelPool - Entry count for : http://localhost:56619 : 1
12:37:21.394 [AsyncHttpClient-1-2] DEBUG org.asynchttpclient.netty.handler.HttpHandler - 

Request DefaultFullHttpRequest(decodeResult: success, version: HTTP/1.1, content: EmptyByteBufBE)
GET /session/319642172572fdf8090d6c9115dd1193/screenshot HTTP/1.1
User-Agent: selenium/4.4.0 (java windows)
Cache-Control: no-cache
Content-Type: application/json; charset=utf-8
host: localhost:49921
accept: */*

Response DefaultHttpResponse(decodeResult: success, version: HTTP/1.1)
HTTP/1.1 200 OK
Content-Type: application/json; charset=utf-8
cache-control: no-cache
content-length: 291512

12:37:21.395 [AsyncHttpClient-1-2] DEBUG org.asynchttpclient.netty.channel.ChannelManager - Adding key: http://localhost:49921 for channel [id: 0x807b5911, L:/127.0.0.1:56618 - R:localhost/127.0.0.1:49921]
12:37:21.405 [Test worker] DEBUG net.serenitybdd.core.photography.Darkroom - Send negative for processing for C:\Users\pcnit\Downloads\TestE2E\target\site\serenity\8dc50c4d63ad0076b848134da6bbea55a698073525923c07b27530034263c7c8.png
12:37:21.405 [Darkroom Processing Line] DEBUG net.serenitybdd.core.photography.DarkroomProcessingLine - Processing screenshot image in /var/screenshots/screenshot-2975142396369839996
12:37:21.405 [Darkroom Processing Line] DEBUG net.serenitybdd.core.photography.DarkroomProcessingLine - Saving screenshot to C:\Users\pcnit\Downloads\TestE2E\target\site\serenity\8dc50c4d63ad0076b848134da6bbea55a698073525923c07b27530034263c7c8.png
12:37:21.405 [Test worker] DEBUG net.thucydides.core.steps.StepInterceptor - STEP DONE: {0} clicks on #target
12:37:21.439 [Forwarding getPageSource on session 319642172572fdf8090d6c9115dd1193 to remote] DEBUG org.asynchttpclient.netty.request.NettyRequestSender - Using pooled Channel '[id: 0x807b5911, L:/127.0.0.1:56618 - R:localhost/127.0.0.1:49921]' for 'POST' to 'http://localhost:49921/session/319642172572fdf8090d6c9115dd1193/execute/sync'
12:37:21.439 [Forwarding getPageSource on session 319642172572fdf8090d6c9115dd1193 to remote] DEBUG org.asynchttpclient.netty.request.NettyRequestSender - Using open Channel [id: 0x807b5911, L:/127.0.0.1:56618 - R:localhost/127.0.0.1:49921] for POST '/session/319642172572fdf8090d6c9115dd1193/execute/sync'
12:37:21.459 [AsyncHttpClient-1-2] DEBUG org.asynchttpclient.netty.handler.HttpHandler - 

Request DefaultHttpRequest(decodeResult: success, version: HTTP/1.1)
POST /session/319642172572fdf8090d6c9115dd1193/execute/sync HTTP/1.1
User-Agent: selenium/4.4.0 (java windows)
Content-Length: 176
Content-Type: application/json; charset=utf-8
host: localhost:49921
accept: */*

Response DefaultHttpResponse(decodeResult: success, version: HTTP/1.1)
HTTP/1.1 200 OK
Content-Type: application/json; charset=utf-8
cache-control: no-cache
content-length: 57331

12:37:21.459 [AsyncHttpClient-1-2] DEBUG org.asynchttpclient.netty.channel.ChannelManager - Adding key: http://localhost:49921 for channel [id: 0x807b5911, L:/127.0.0.1:56618 - R:localhost/127.0.0.1:49921]
12:37:21.469 [Forwarding getCurrentUrl on session 319642172572fdf8090d6c9115dd1193 to remote] DEBUG org.asynchttpclient.netty.request.NettyRequestSender - Using pooled Channel '[id: 0x807b5911, L:/127.0.0.1:56618 - R:localhost/127.0.0.1:49921]' for 'GET' to 'http://localhost:49921/session/319642172572fdf8090d6c9115dd1193/url'
12:37:21.469 [Forwarding getCurrentUrl on session 319642172572fdf8090d6c9115dd1193 to remote] DEBUG org.asynchttpclient.netty.request.NettyRequestSender - Using open Channel [id: 0x807b5911, L:/127.0.0.1:56618 - R:localhost/127.0.0.1:49921] for GET '/session/319642172572fdf8090d6c9115dd1193/url'
12:37:21.482 [AsyncHttpClient-1-2] DEBUG org.asynchttpclient.netty.handler.HttpHandler - 

Request DefaultFullHttpRequest(decodeResult: success, version: HTTP/1.1, content: EmptyByteBufBE)
GET /session/319642172572fdf8090d6c9115dd1193/url HTTP/1.1
User-Agent: selenium/4.4.0 (java windows)
Cache-Control: no-cache
Content-Type: application/json; charset=utf-8
host: localhost:49921
accept: */*

Response DefaultHttpResponse(decodeResult: success, version: HTTP/1.1)
HTTP/1.1 200 OK
Content-Type: application/json; charset=utf-8
cache-control: no-cache
content-length: 47

12:37:21.482 [AsyncHttpClient-1-2] DEBUG org.asynchttpclient.netty.channel.ChannelManager - Adding key: http://localhost:49921 for channel [id: 0x807b5911, L:/127.0.0.1:56618 - R:localhost/127.0.0.1:49921]
12:37:21.486 [Test worker] DEBUG net.thucydides.core.steps.StepInterceptor - STARTING STEP: PlaceOrder.performAs - {0} enters #theTextAsAString into #target
12:37:21.497 [Test worker] DEBUG net.serenitybdd.screenplay.targets.IFrameSwitcher - default content already selected for selecciona PLACE ORDER
12:37:21.532 [Forwarding findElement on session 319642172572fdf8090d6c9115dd1193 to remote] DEBUG org.asynchttpclient.netty.request.NettyRequestSender - Using pooled Channel '[id: 0x807b5911, L:/127.0.0.1:56618 - R:localhost/127.0.0.1:49921]' for 'POST' to 'http://localhost:49921/session/319642172572fdf8090d6c9115dd1193/element'
12:37:21.532 [Forwarding findElement on session 319642172572fdf8090d6c9115dd1193 to remote] DEBUG org.asynchttpclient.netty.request.NettyRequestSender - Using open Channel [id: 0x807b5911, L:/127.0.0.1:56618 - R:localhost/127.0.0.1:49921] for POST '/session/319642172572fdf8090d6c9115dd1193/element'
12:37:21.554 [AsyncHttpClient-1-2] DEBUG org.asynchttpclient.netty.handler.HttpHandler - 

Request DefaultHttpRequest(decodeResult: success, version: HTTP/1.1)
POST /session/319642172572fdf8090d6c9115dd1193/element HTTP/1.1
User-Agent: selenium/4.4.0 (java windows)
Content-Length: 64
Content-Type: application/json; charset=utf-8
host: localhost:49921
accept: */*

Response DefaultHttpResponse(decodeResult: success, version: HTTP/1.1)
HTTP/1.1 200 OK
Content-Type: application/json; charset=utf-8
cache-control: no-cache
content-length: 127

12:37:21.554 [AsyncHttpClient-1-2] DEBUG org.asynchttpclient.netty.channel.ChannelManager - Adding key: http://localhost:49921 for channel [id: 0x807b5911, L:/127.0.0.1:56618 - R:localhost/127.0.0.1:49921]
12:37:21.556 [Forwarding clearElement on session 319642172572fdf8090d6c9115dd1193 to remote] DEBUG org.asynchttpclient.netty.request.NettyRequestSender - Using pooled Channel '[id: 0x807b5911, L:/127.0.0.1:56618 - R:localhost/127.0.0.1:49921]' for 'POST' to 'http://localhost:49921/session/319642172572fdf8090d6c9115dd1193/element/f.77D77E48C717A5F8144E3521F6891EC1.d.8C715979609D122D0F50FF40744A4ED1.e.365/clear'
12:37:21.556 [Forwarding clearElement on session 319642172572fdf8090d6c9115dd1193 to remote] DEBUG org.asynchttpclient.netty.request.NettyRequestSender - Using open Channel [id: 0x807b5911, L:/127.0.0.1:56618 - R:localhost/127.0.0.1:49921] for POST '/session/319642172572fdf8090d6c9115dd1193/element/f.77D77E48C717A5F8144E3521F6891EC1.d.8C715979609D122D0F50FF40744A4ED1.e.365/clear'
12:37:21.593 [AsyncHttpClient-1-2] DEBUG org.asynchttpclient.netty.handler.HttpHandler - 

Request DefaultHttpRequest(decodeResult: success, version: HTTP/1.1)
POST /session/319642172572fdf8090d6c9115dd1193/element/f.77D77E48C717A5F8144E3521F6891EC1.d.8C715979609D122D0F50FF40744A4ED1.e.365/clear HTTP/1.1
User-Agent: selenium/4.4.0 (java windows)
Content-Length: 89
Content-Type: application/json; charset=utf-8
host: localhost:49921
accept: */*

Response DefaultHttpResponse(decodeResult: success, version: HTTP/1.1)
HTTP/1.1 200 OK
Content-Type: application/json; charset=utf-8
cache-control: no-cache
content-length: 14

12:37:21.593 [AsyncHttpClient-1-2] DEBUG org.asynchttpclient.netty.channel.ChannelManager - Adding key: http://localhost:49921 for channel [id: 0x807b5911, L:/127.0.0.1:56618 - R:localhost/127.0.0.1:49921]
12:37:21.606 [Forwarding sendKeysToElement on session 319642172572fdf8090d6c9115dd1193 to remote] DEBUG org.asynchttpclient.netty.request.NettyRequestSender - Using pooled Channel '[id: 0x807b5911, L:/127.0.0.1:56618 - R:localhost/127.0.0.1:49921]' for 'POST' to 'http://localhost:49921/session/319642172572fdf8090d6c9115dd1193/element/f.77D77E48C717A5F8144E3521F6891EC1.d.8C715979609D122D0F50FF40744A4ED1.e.365/value'
12:37:21.607 [Forwarding sendKeysToElement on session 319642172572fdf8090d6c9115dd1193 to remote] DEBUG org.asynchttpclient.netty.request.NettyRequestSender - Using open Channel [id: 0x807b5911, L:/127.0.0.1:56618 - R:localhost/127.0.0.1:49921] for POST '/session/319642172572fdf8090d6c9115dd1193/element/f.77D77E48C717A5F8144E3521F6891EC1.d.8C715979609D122D0F50FF40744A4ED1.e.365/value'
12:37:21.730 [AsyncHttpClient-1-2] DEBUG org.asynchttpclient.netty.handler.HttpHandler - 

Request DefaultHttpRequest(decodeResult: success, version: HTTP/1.1)
POST /session/319642172572fdf8090d6c9115dd1193/element/f.77D77E48C717A5F8144E3521F6891EC1.d.8C715979609D122D0F50FF40744A4ED1.e.365/value HTTP/1.1
User-Agent: selenium/4.4.0 (java windows)
Content-Length: 250
Content-Type: application/json; charset=utf-8
host: localhost:49921
accept: */*

Response DefaultHttpResponse(decodeResult: success, version: HTTP/1.1)
HTTP/1.1 200 OK
Content-Type: application/json; charset=utf-8
cache-control: no-cache
content-length: 14

12:37:21.730 [AsyncHttpClient-1-2] DEBUG org.asynchttpclient.netty.channel.ChannelManager - Adding key: http://localhost:49921 for channel [id: 0x807b5911, L:/127.0.0.1:56618 - R:localhost/127.0.0.1:49921]
12:37:21.781 [Forwarding getCurrentWindowHandle on session 319642172572fdf8090d6c9115dd1193 to remote] DEBUG org.asynchttpclient.netty.request.NettyRequestSender - Using pooled Channel '[id: 0x807b5911, L:/127.0.0.1:56618 - R:localhost/127.0.0.1:49921]' for 'GET' to 'http://localhost:49921/session/319642172572fdf8090d6c9115dd1193/window'
12:37:21.781 [Forwarding getCurrentWindowHandle on session 319642172572fdf8090d6c9115dd1193 to remote] DEBUG org.asynchttpclient.netty.request.NettyRequestSender - Using open Channel [id: 0x807b5911, L:/127.0.0.1:56618 - R:localhost/127.0.0.1:49921] for GET '/session/319642172572fdf8090d6c9115dd1193/window'
12:37:21.790 [AsyncHttpClient-1-2] DEBUG org.asynchttpclient.netty.handler.HttpHandler - 

Request DefaultFullHttpRequest(decodeResult: success, version: HTTP/1.1, content: EmptyByteBufBE)
GET /session/319642172572fdf8090d6c9115dd1193/window HTTP/1.1
User-Agent: selenium/4.4.0 (java windows)
Cache-Control: no-cache
Content-Type: application/json; charset=utf-8
host: localhost:49921
accept: */*

Response DefaultHttpResponse(decodeResult: success, version: HTTP/1.1)
HTTP/1.1 200 OK
Content-Type: application/json; charset=utf-8
cache-control: no-cache
content-length: 44

12:37:21.790 [AsyncHttpClient-1-2] DEBUG org.asynchttpclient.netty.channel.ChannelManager - Adding key: http://localhost:49921 for channel [id: 0x807b5911, L:/127.0.0.1:56618 - R:localhost/127.0.0.1:49921]
12:37:21.801 [Forwarding getAlertText on session 319642172572fdf8090d6c9115dd1193 to remote] DEBUG org.asynchttpclient.netty.request.NettyRequestSender - Using pooled Channel '[id: 0x807b5911, L:/127.0.0.1:56618 - R:localhost/127.0.0.1:49921]' for 'GET' to 'http://localhost:49921/session/319642172572fdf8090d6c9115dd1193/alert/text'
12:37:21.801 [Forwarding getAlertText on session 319642172572fdf8090d6c9115dd1193 to remote] DEBUG org.asynchttpclient.netty.request.NettyRequestSender - Using open Channel [id: 0x807b5911, L:/127.0.0.1:56618 - R:localhost/127.0.0.1:49921] for GET '/session/319642172572fdf8090d6c9115dd1193/alert/text'
12:37:21.812 [AsyncHttpClient-1-2] DEBUG org.asynchttpclient.netty.handler.HttpHandler - 

Request DefaultFullHttpRequest(decodeResult: success, version: HTTP/1.1, content: EmptyByteBufBE)
GET /session/319642172572fdf8090d6c9115dd1193/alert/text HTTP/1.1
User-Agent: selenium/4.4.0 (java windows)
Cache-Control: no-cache
Content-Type: application/json; charset=utf-8
host: localhost:49921
accept: */*

Response DefaultHttpResponse(decodeResult: success, version: HTTP/1.1)
HTTP/1.1 404 Not Found
Content-Type: application/json; charset=utf-8
cache-control: no-cache
content-length: 1045

12:37:21.812 [AsyncHttpClient-1-2] DEBUG org.asynchttpclient.netty.channel.ChannelManager - Adding key: http://localhost:49921 for channel [id: 0x807b5911, L:/127.0.0.1:56618 - R:localhost/127.0.0.1:49921]
12:37:21.826 [Forwarding switchToWindow on session 319642172572fdf8090d6c9115dd1193 to remote] DEBUG org.asynchttpclient.netty.request.NettyRequestSender - Using pooled Channel '[id: 0x807b5911, L:/127.0.0.1:56618 - R:localhost/127.0.0.1:49921]' for 'POST' to 'http://localhost:49921/session/319642172572fdf8090d6c9115dd1193/window'
12:37:21.826 [Forwarding switchToWindow on session 319642172572fdf8090d6c9115dd1193 to remote] DEBUG org.asynchttpclient.netty.request.NettyRequestSender - Using open Channel [id: 0x807b5911, L:/127.0.0.1:56618 - R:localhost/127.0.0.1:49921] for POST '/session/319642172572fdf8090d6c9115dd1193/window'
12:37:21.831 [AsyncHttpClient-1-2] DEBUG org.asynchttpclient.netty.handler.HttpHandler - 

Request DefaultHttpRequest(decodeResult: success, version: HTTP/1.1)
POST /session/319642172572fdf8090d6c9115dd1193/window HTTP/1.1
User-Agent: selenium/4.4.0 (java windows)
Content-Length: 50
Content-Type: application/json; charset=utf-8
host: localhost:49921
accept: */*

Response DefaultHttpResponse(decodeResult: success, version: HTTP/1.1)
HTTP/1.1 200 OK
Content-Type: application/json; charset=utf-8
cache-control: no-cache
content-length: 14

12:37:21.831 [AsyncHttpClient-1-2] DEBUG org.asynchttpclient.netty.channel.ChannelManager - Adding key: http://localhost:49921 for channel [id: 0x807b5911, L:/127.0.0.1:56618 - R:localhost/127.0.0.1:49921]
12:37:21.832 [Forwarding getCurrentUrl on session 319642172572fdf8090d6c9115dd1193 to remote] DEBUG org.asynchttpclient.netty.request.NettyRequestSender - Using pooled Channel '[id: 0x807b5911, L:/127.0.0.1:56618 - R:localhost/127.0.0.1:49921]' for 'GET' to 'http://localhost:49921/session/319642172572fdf8090d6c9115dd1193/url'
12:37:21.832 [Forwarding getCurrentUrl on session 319642172572fdf8090d6c9115dd1193 to remote] DEBUG org.asynchttpclient.netty.request.NettyRequestSender - Using open Channel [id: 0x807b5911, L:/127.0.0.1:56618 - R:localhost/127.0.0.1:49921] for GET '/session/319642172572fdf8090d6c9115dd1193/url'
12:37:21.843 [AsyncHttpClient-1-2] DEBUG org.asynchttpclient.netty.handler.HttpHandler - 

Request DefaultFullHttpRequest(decodeResult: success, version: HTTP/1.1, content: EmptyByteBufBE)
GET /session/319642172572fdf8090d6c9115dd1193/url HTTP/1.1
User-Agent: selenium/4.4.0 (java windows)
Cache-Control: no-cache
Content-Type: application/json; charset=utf-8
host: localhost:49921
accept: */*

Response DefaultHttpResponse(decodeResult: success, version: HTTP/1.1)
HTTP/1.1 200 OK
Content-Type: application/json; charset=utf-8
cache-control: no-cache
content-length: 47

12:37:21.843 [AsyncHttpClient-1-2] DEBUG org.asynchttpclient.netty.channel.ChannelManager - Adding key: http://localhost:49921 for channel [id: 0x807b5911, L:/127.0.0.1:56618 - R:localhost/127.0.0.1:49921]
12:37:21.847 [Forwarding screenshot on session 319642172572fdf8090d6c9115dd1193 to remote] DEBUG org.asynchttpclient.netty.request.NettyRequestSender - Using pooled Channel '[id: 0x807b5911, L:/127.0.0.1:56618 - R:localhost/127.0.0.1:49921]' for 'GET' to 'http://localhost:49921/session/319642172572fdf8090d6c9115dd1193/screenshot'
12:37:21.847 [Forwarding screenshot on session 319642172572fdf8090d6c9115dd1193 to remote] DEBUG org.asynchttpclient.netty.request.NettyRequestSender - Using open Channel [id: 0x807b5911, L:/127.0.0.1:56618 - R:localhost/127.0.0.1:49921] for GET '/session/319642172572fdf8090d6c9115dd1193/screenshot'
12:37:21.968 [AsyncHttpClient-1-2] DEBUG org.asynchttpclient.netty.handler.HttpHandler - 

Request DefaultFullHttpRequest(decodeResult: success, version: HTTP/1.1, content: EmptyByteBufBE)
GET /session/319642172572fdf8090d6c9115dd1193/screenshot HTTP/1.1
User-Agent: selenium/4.4.0 (java windows)
Cache-Control: no-cache
Content-Type: application/json; charset=utf-8
host: localhost:49921
accept: */*

Response DefaultHttpResponse(decodeResult: success, version: HTTP/1.1)
HTTP/1.1 200 OK
Content-Type: application/json; charset=utf-8
cache-control: no-cache
content-length: 295124

12:37:21.981 [AsyncHttpClient-1-2] DEBUG org.asynchttpclient.netty.channel.ChannelManager - Adding key: http://localhost:49921 for channel [id: 0x807b5911, L:/127.0.0.1:56618 - R:localhost/127.0.0.1:49921]
12:37:21.991 [Test worker] DEBUG net.serenitybdd.core.photography.Darkroom - Send negative for processing for C:\Users\pcnit\Downloads\TestE2E\target\site\serenity\590fdf126e792a59ba04622e71d736f71050779d51f1dcf74b5b39618226c8dc.png
12:37:22.005 [Forwarding getPageSource on session 319642172572fdf8090d6c9115dd1193 to remote] DEBUG org.asynchttpclient.netty.request.NettyRequestSender - Using pooled Channel '[id: 0x807b5911, L:/127.0.0.1:56618 - R:localhost/127.0.0.1:49921]' for 'POST' to 'http://localhost:49921/session/319642172572fdf8090d6c9115dd1193/execute/sync'
12:37:22.005 [Forwarding getPageSource on session 319642172572fdf8090d6c9115dd1193 to remote] DEBUG org.asynchttpclient.netty.request.NettyRequestSender - Using open Channel [id: 0x807b5911, L:/127.0.0.1:56618 - R:localhost/127.0.0.1:49921] for POST '/session/319642172572fdf8090d6c9115dd1193/execute/sync'
12:37:22.022 [AsyncHttpClient-1-2] DEBUG org.asynchttpclient.netty.handler.HttpHandler - 

Request DefaultHttpRequest(decodeResult: success, version: HTTP/1.1)
POST /session/319642172572fdf8090d6c9115dd1193/execute/sync HTTP/1.1
User-Agent: selenium/4.4.0 (java windows)
Content-Length: 176
Content-Type: application/json; charset=utf-8
host: localhost:49921
accept: */*

Response DefaultHttpResponse(decodeResult: success, version: HTTP/1.1)
HTTP/1.1 200 OK
Content-Type: application/json; charset=utf-8
cache-control: no-cache
content-length: 57331

12:37:22.022 [AsyncHttpClient-1-2] DEBUG org.asynchttpclient.netty.channel.ChannelManager - Adding key: http://localhost:49921 for channel [id: 0x807b5911, L:/127.0.0.1:56618 - R:localhost/127.0.0.1:49921]
12:37:22.031 [Forwarding getCurrentUrl on session 319642172572fdf8090d6c9115dd1193 to remote] DEBUG org.asynchttpclient.netty.request.NettyRequestSender - Using pooled Channel '[id: 0x807b5911, L:/127.0.0.1:56618 - R:localhost/127.0.0.1:49921]' for 'GET' to 'http://localhost:49921/session/319642172572fdf8090d6c9115dd1193/url'
12:37:22.031 [Forwarding getCurrentUrl on session 319642172572fdf8090d6c9115dd1193 to remote] DEBUG org.asynchttpclient.netty.request.NettyRequestSender - Using open Channel [id: 0x807b5911, L:/127.0.0.1:56618 - R:localhost/127.0.0.1:49921] for GET '/session/319642172572fdf8090d6c9115dd1193/url'
12:37:22.049 [AsyncHttpClient-1-2] DEBUG org.asynchttpclient.netty.handler.HttpHandler - 

Request DefaultFullHttpRequest(decodeResult: success, version: HTTP/1.1, content: EmptyByteBufBE)
GET /session/319642172572fdf8090d6c9115dd1193/url HTTP/1.1
User-Agent: selenium/4.4.0 (java windows)
Cache-Control: no-cache
Content-Type: application/json; charset=utf-8
host: localhost:49921
accept: */*

Response DefaultHttpResponse(decodeResult: success, version: HTTP/1.1)
HTTP/1.1 200 OK
Content-Type: application/json; charset=utf-8
cache-control: no-cache
content-length: 47

12:37:22.049 [AsyncHttpClient-1-2] DEBUG org.asynchttpclient.netty.channel.ChannelManager - Adding key: http://localhost:49921 for channel [id: 0x807b5911, L:/127.0.0.1:56618 - R:localhost/127.0.0.1:49921]
12:37:22.102 [Forwarding getCurrentWindowHandle on session 319642172572fdf8090d6c9115dd1193 to remote] DEBUG org.asynchttpclient.netty.request.NettyRequestSender - Using pooled Channel '[id: 0x807b5911, L:/127.0.0.1:56618 - R:localhost/127.0.0.1:49921]' for 'GET' to 'http://localhost:49921/session/319642172572fdf8090d6c9115dd1193/window'
12:37:22.102 [Forwarding getCurrentWindowHandle on session 319642172572fdf8090d6c9115dd1193 to remote] DEBUG org.asynchttpclient.netty.request.NettyRequestSender - Using open Channel [id: 0x807b5911, L:/127.0.0.1:56618 - R:localhost/127.0.0.1:49921] for GET '/session/319642172572fdf8090d6c9115dd1193/window'
12:37:22.109 [AsyncHttpClient-1-2] DEBUG org.asynchttpclient.netty.handler.HttpHandler - 

Request DefaultFullHttpRequest(decodeResult: success, version: HTTP/1.1, content: EmptyByteBufBE)
GET /session/319642172572fdf8090d6c9115dd1193/window HTTP/1.1
User-Agent: selenium/4.4.0 (java windows)
Cache-Control: no-cache
Content-Type: application/json; charset=utf-8
host: localhost:49921
accept: */*

Response DefaultHttpResponse(decodeResult: success, version: HTTP/1.1)
HTTP/1.1 200 OK
Content-Type: application/json; charset=utf-8
cache-control: no-cache
content-length: 44

12:37:22.109 [AsyncHttpClient-1-2] DEBUG org.asynchttpclient.netty.channel.ChannelManager - Adding key: http://localhost:49921 for channel [id: 0x807b5911, L:/127.0.0.1:56618 - R:localhost/127.0.0.1:49921]
12:37:22.118 [Forwarding getAlertText on session 319642172572fdf8090d6c9115dd1193 to remote] DEBUG org.asynchttpclient.netty.request.NettyRequestSender - Using pooled Channel '[id: 0x807b5911, L:/127.0.0.1:56618 - R:localhost/127.0.0.1:49921]' for 'GET' to 'http://localhost:49921/session/319642172572fdf8090d6c9115dd1193/alert/text'
12:37:22.119 [Forwarding getAlertText on session 319642172572fdf8090d6c9115dd1193 to remote] DEBUG org.asynchttpclient.netty.request.NettyRequestSender - Using open Channel [id: 0x807b5911, L:/127.0.0.1:56618 - R:localhost/127.0.0.1:49921] for GET '/session/319642172572fdf8090d6c9115dd1193/alert/text'
12:37:22.128 [AsyncHttpClient-1-2] DEBUG org.asynchttpclient.netty.handler.HttpHandler - 

Request DefaultFullHttpRequest(decodeResult: success, version: HTTP/1.1, content: EmptyByteBufBE)
GET /session/319642172572fdf8090d6c9115dd1193/alert/text HTTP/1.1
User-Agent: selenium/4.4.0 (java windows)
Cache-Control: no-cache
Content-Type: application/json; charset=utf-8
host: localhost:49921
accept: */*

Response DefaultHttpResponse(decodeResult: success, version: HTTP/1.1)
HTTP/1.1 404 Not Found
Content-Type: application/json; charset=utf-8
cache-control: no-cache
content-length: 1045

12:37:22.128 [AsyncHttpClient-1-2] DEBUG org.asynchttpclient.netty.channel.ChannelManager - Adding key: http://localhost:49921 for channel [id: 0x807b5911, L:/127.0.0.1:56618 - R:localhost/127.0.0.1:49921]
12:37:22.137 [Forwarding switchToWindow on session 319642172572fdf8090d6c9115dd1193 to remote] DEBUG org.asynchttpclient.netty.request.NettyRequestSender - Using pooled Channel '[id: 0x807b5911, L:/127.0.0.1:56618 - R:localhost/127.0.0.1:49921]' for 'POST' to 'http://localhost:49921/session/319642172572fdf8090d6c9115dd1193/window'
12:37:22.137 [Forwarding switchToWindow on session 319642172572fdf8090d6c9115dd1193 to remote] DEBUG org.asynchttpclient.netty.request.NettyRequestSender - Using open Channel [id: 0x807b5911, L:/127.0.0.1:56618 - R:localhost/127.0.0.1:49921] for POST '/session/319642172572fdf8090d6c9115dd1193/window'
12:37:22.142 [AsyncHttpClient-1-2] DEBUG org.asynchttpclient.netty.handler.HttpHandler - 

Request DefaultHttpRequest(decodeResult: success, version: HTTP/1.1)
POST /session/319642172572fdf8090d6c9115dd1193/window HTTP/1.1
User-Agent: selenium/4.4.0 (java windows)
Content-Length: 50
Content-Type: application/json; charset=utf-8
host: localhost:49921
accept: */*

Response DefaultHttpResponse(decodeResult: success, version: HTTP/1.1)
HTTP/1.1 200 OK
Content-Type: application/json; charset=utf-8
cache-control: no-cache
content-length: 14

12:37:22.142 [AsyncHttpClient-1-2] DEBUG org.asynchttpclient.netty.channel.ChannelManager - Adding key: http://localhost:49921 for channel [id: 0x807b5911, L:/127.0.0.1:56618 - R:localhost/127.0.0.1:49921]
12:37:22.143 [Forwarding getCurrentUrl on session 319642172572fdf8090d6c9115dd1193 to remote] DEBUG org.asynchttpclient.netty.request.NettyRequestSender - Using pooled Channel '[id: 0x807b5911, L:/127.0.0.1:56618 - R:localhost/127.0.0.1:49921]' for 'GET' to 'http://localhost:49921/session/319642172572fdf8090d6c9115dd1193/url'
12:37:22.143 [Forwarding getCurrentUrl on session 319642172572fdf8090d6c9115dd1193 to remote] DEBUG org.asynchttpclient.netty.request.NettyRequestSender - Using open Channel [id: 0x807b5911, L:/127.0.0.1:56618 - R:localhost/127.0.0.1:49921] for GET '/session/319642172572fdf8090d6c9115dd1193/url'
12:37:22.181 [AsyncHttpClient-1-2] DEBUG org.asynchttpclient.netty.handler.HttpHandler - 

Request DefaultFullHttpRequest(decodeResult: success, version: HTTP/1.1, content: EmptyByteBufBE)
GET /session/319642172572fdf8090d6c9115dd1193/url HTTP/1.1
User-Agent: selenium/4.4.0 (java windows)
Cache-Control: no-cache
Content-Type: application/json; charset=utf-8
host: localhost:49921
accept: */*

Response DefaultHttpResponse(decodeResult: success, version: HTTP/1.1)
HTTP/1.1 200 OK
Content-Type: application/json; charset=utf-8
cache-control: no-cache
content-length: 47

12:37:22.181 [AsyncHttpClient-1-2] DEBUG org.asynchttpclient.netty.channel.ChannelManager - Adding key: http://localhost:49921 for channel [id: 0x807b5911, L:/127.0.0.1:56618 - R:localhost/127.0.0.1:49921]
12:37:22.182 [Forwarding screenshot on session 319642172572fdf8090d6c9115dd1193 to remote] DEBUG org.asynchttpclient.netty.request.NettyRequestSender - Using pooled Channel '[id: 0x807b5911, L:/127.0.0.1:56618 - R:localhost/127.0.0.1:49921]' for 'GET' to 'http://localhost:49921/session/319642172572fdf8090d6c9115dd1193/screenshot'
12:37:22.183 [Forwarding screenshot on session 319642172572fdf8090d6c9115dd1193 to remote] DEBUG org.asynchttpclient.netty.request.NettyRequestSender - Using open Channel [id: 0x807b5911, L:/127.0.0.1:56618 - R:localhost/127.0.0.1:49921] for GET '/session/319642172572fdf8090d6c9115dd1193/screenshot'
12:37:22.312 [AsyncHttpClient-1-2] DEBUG org.asynchttpclient.netty.handler.HttpHandler - 

Request DefaultFullHttpRequest(decodeResult: success, version: HTTP/1.1, content: EmptyByteBufBE)
GET /session/319642172572fdf8090d6c9115dd1193/screenshot HTTP/1.1
User-Agent: selenium/4.4.0 (java windows)
Cache-Control: no-cache
Content-Type: application/json; charset=utf-8
host: localhost:49921
accept: */*

Response DefaultHttpResponse(decodeResult: success, version: HTTP/1.1)
HTTP/1.1 200 OK
Content-Type: application/json; charset=utf-8
cache-control: no-cache
content-length: 295124

12:37:22.314 [AsyncHttpClient-1-2] DEBUG org.asynchttpclient.netty.channel.ChannelManager - Adding key: http://localhost:49921 for channel [id: 0x807b5911, L:/127.0.0.1:56618 - R:localhost/127.0.0.1:49921]
12:37:22.325 [Test worker] DEBUG net.serenitybdd.core.photography.Darkroom - Send negative for processing for C:\Users\pcnit\Downloads\TestE2E\target\site\serenity\590fdf126e792a59ba04622e71d736f71050779d51f1dcf74b5b39618226c8dc.png
12:37:22.326 [Test worker] DEBUG net.thucydides.core.steps.StepInterceptor - STEP DONE: {0} enters #theTextAsAString into #target
12:37:22.358 [Forwarding getPageSource on session 319642172572fdf8090d6c9115dd1193 to remote] DEBUG org.asynchttpclient.netty.request.NettyRequestSender - Using pooled Channel '[id: 0x807b5911, L:/127.0.0.1:56618 - R:localhost/127.0.0.1:49921]' for 'POST' to 'http://localhost:49921/session/319642172572fdf8090d6c9115dd1193/execute/sync'
12:37:22.358 [Forwarding getPageSource on session 319642172572fdf8090d6c9115dd1193 to remote] DEBUG org.asynchttpclient.netty.request.NettyRequestSender - Using open Channel [id: 0x807b5911, L:/127.0.0.1:56618 - R:localhost/127.0.0.1:49921] for POST '/session/319642172572fdf8090d6c9115dd1193/execute/sync'
12:37:22.372 [AsyncHttpClient-1-2] DEBUG org.asynchttpclient.netty.handler.HttpHandler - 

Request DefaultHttpRequest(decodeResult: success, version: HTTP/1.1)
POST /session/319642172572fdf8090d6c9115dd1193/execute/sync HTTP/1.1
User-Agent: selenium/4.4.0 (java windows)
Content-Length: 176
Content-Type: application/json; charset=utf-8
host: localhost:49921
accept: */*

Response DefaultHttpResponse(decodeResult: success, version: HTTP/1.1)
HTTP/1.1 200 OK
Content-Type: application/json; charset=utf-8
cache-control: no-cache
content-length: 57331

12:37:22.372 [AsyncHttpClient-1-2] DEBUG org.asynchttpclient.netty.channel.ChannelManager - Adding key: http://localhost:49921 for channel [id: 0x807b5911, L:/127.0.0.1:56618 - R:localhost/127.0.0.1:49921]
12:37:22.383 [AsyncHttpClient-1-1] DEBUG org.asynchttpclient.netty.channel.DefaultChannelPool - Entry count for : http://localhost:56619 : 1
12:37:22.383 [AsyncHttpClient-1-1] DEBUG org.asynchttpclient.netty.channel.DefaultChannelPool - Entry count for : http://localhost:49921 : 1
12:37:22.383 [Forwarding getCurrentUrl on session 319642172572fdf8090d6c9115dd1193 to remote] DEBUG org.asynchttpclient.netty.request.NettyRequestSender - Using pooled Channel '[id: 0x807b5911, L:/127.0.0.1:56618 - R:localhost/127.0.0.1:49921]' for 'GET' to 'http://localhost:49921/session/319642172572fdf8090d6c9115dd1193/url'
12:37:22.384 [Forwarding getCurrentUrl on session 319642172572fdf8090d6c9115dd1193 to remote] DEBUG org.asynchttpclient.netty.request.NettyRequestSender - Using open Channel [id: 0x807b5911, L:/127.0.0.1:56618 - R:localhost/127.0.0.1:49921] for GET '/session/319642172572fdf8090d6c9115dd1193/url'
12:37:22.406 [AsyncHttpClient-1-2] DEBUG org.asynchttpclient.netty.handler.HttpHandler - 

Request DefaultFullHttpRequest(decodeResult: success, version: HTTP/1.1, content: EmptyByteBufBE)
GET /session/319642172572fdf8090d6c9115dd1193/url HTTP/1.1
User-Agent: selenium/4.4.0 (java windows)
Cache-Control: no-cache
Content-Type: application/json; charset=utf-8
host: localhost:49921
accept: */*

Response DefaultHttpResponse(decodeResult: success, version: HTTP/1.1)
HTTP/1.1 200 OK
Content-Type: application/json; charset=utf-8
cache-control: no-cache
content-length: 47

12:37:22.406 [AsyncHttpClient-1-2] DEBUG org.asynchttpclient.netty.channel.ChannelManager - Adding key: http://localhost:49921 for channel [id: 0x807b5911, L:/127.0.0.1:56618 - R:localhost/127.0.0.1:49921]
12:37:22.410 [Test worker] DEBUG net.thucydides.core.steps.StepInterceptor - STARTING STEP: PlaceOrder.performAs - {0} enters #theTextAsAString into #target
12:37:22.423 [Test worker] DEBUG net.serenitybdd.screenplay.targets.IFrameSwitcher - default content already selected for selecciona PLACE ORDER
12:37:22.463 [Forwarding findElement on session 319642172572fdf8090d6c9115dd1193 to remote] DEBUG org.asynchttpclient.netty.request.NettyRequestSender - Using pooled Channel '[id: 0x807b5911, L:/127.0.0.1:56618 - R:localhost/127.0.0.1:49921]' for 'POST' to 'http://localhost:49921/session/319642172572fdf8090d6c9115dd1193/element'
12:37:22.463 [Forwarding findElement on session 319642172572fdf8090d6c9115dd1193 to remote] DEBUG org.asynchttpclient.netty.request.NettyRequestSender - Using open Channel [id: 0x807b5911, L:/127.0.0.1:56618 - R:localhost/127.0.0.1:49921] for POST '/session/319642172572fdf8090d6c9115dd1193/element'
12:37:22.490 [AsyncHttpClient-1-2] DEBUG org.asynchttpclient.netty.handler.HttpHandler - 

Request DefaultHttpRequest(decodeResult: success, version: HTTP/1.1)
POST /session/319642172572fdf8090d6c9115dd1193/element HTTP/1.1
User-Agent: selenium/4.4.0 (java windows)
Content-Length: 67
Content-Type: application/json; charset=utf-8
host: localhost:49921
accept: */*

Response DefaultHttpResponse(decodeResult: success, version: HTTP/1.1)
HTTP/1.1 200 OK
Content-Type: application/json; charset=utf-8
cache-control: no-cache
content-length: 127

12:37:22.491 [AsyncHttpClient-1-2] DEBUG org.asynchttpclient.netty.channel.ChannelManager - Adding key: http://localhost:49921 for channel [id: 0x807b5911, L:/127.0.0.1:56618 - R:localhost/127.0.0.1:49921]
12:37:22.497 [Forwarding clearElement on session 319642172572fdf8090d6c9115dd1193 to remote] DEBUG org.asynchttpclient.netty.request.NettyRequestSender - Using pooled Channel '[id: 0x807b5911, L:/127.0.0.1:56618 - R:localhost/127.0.0.1:49921]' for 'POST' to 'http://localhost:49921/session/319642172572fdf8090d6c9115dd1193/element/f.77D77E48C717A5F8144E3521F6891EC1.d.8C715979609D122D0F50FF40744A4ED1.e.366/clear'
12:37:22.497 [Forwarding clearElement on session 319642172572fdf8090d6c9115dd1193 to remote] DEBUG org.asynchttpclient.netty.request.NettyRequestSender - Using open Channel [id: 0x807b5911, L:/127.0.0.1:56618 - R:localhost/127.0.0.1:49921] for POST '/session/319642172572fdf8090d6c9115dd1193/element/f.77D77E48C717A5F8144E3521F6891EC1.d.8C715979609D122D0F50FF40744A4ED1.e.366/clear'
12:37:22.535 [AsyncHttpClient-1-2] DEBUG org.asynchttpclient.netty.handler.HttpHandler - 

Request DefaultHttpRequest(decodeResult: success, version: HTTP/1.1)
POST /session/319642172572fdf8090d6c9115dd1193/element/f.77D77E48C717A5F8144E3521F6891EC1.d.8C715979609D122D0F50FF40744A4ED1.e.366/clear HTTP/1.1
User-Agent: selenium/4.4.0 (java windows)
Content-Length: 89
Content-Type: application/json; charset=utf-8
host: localhost:49921
accept: */*

Response DefaultHttpResponse(decodeResult: success, version: HTTP/1.1)
HTTP/1.1 200 OK
Content-Type: application/json; charset=utf-8
cache-control: no-cache
content-length: 14

12:37:22.535 [AsyncHttpClient-1-2] DEBUG org.asynchttpclient.netty.channel.ChannelManager - Adding key: http://localhost:49921 for channel [id: 0x807b5911, L:/127.0.0.1:56618 - R:localhost/127.0.0.1:49921]
12:37:22.556 [Forwarding sendKeysToElement on session 319642172572fdf8090d6c9115dd1193 to remote] DEBUG org.asynchttpclient.netty.request.NettyRequestSender - Using pooled Channel '[id: 0x807b5911, L:/127.0.0.1:56618 - R:localhost/127.0.0.1:49921]' for 'POST' to 'http://localhost:49921/session/319642172572fdf8090d6c9115dd1193/element/f.77D77E48C717A5F8144E3521F6891EC1.d.8C715979609D122D0F50FF40744A4ED1.e.366/value'
12:37:22.556 [Forwarding sendKeysToElement on session 319642172572fdf8090d6c9115dd1193 to remote] DEBUG org.asynchttpclient.netty.request.NettyRequestSender - Using open Channel [id: 0x807b5911, L:/127.0.0.1:56618 - R:localhost/127.0.0.1:49921] for POST '/session/319642172572fdf8090d6c9115dd1193/element/f.77D77E48C717A5F8144E3521F6891EC1.d.8C715979609D122D0F50FF40744A4ED1.e.366/value'
12:37:22.672 [AsyncHttpClient-1-2] DEBUG org.asynchttpclient.netty.handler.HttpHandler - 

Request DefaultHttpRequest(decodeResult: success, version: HTTP/1.1)
POST /session/319642172572fdf8090d6c9115dd1193/element/f.77D77E48C717A5F8144E3521F6891EC1.d.8C715979609D122D0F50FF40744A4ED1.e.366/value HTTP/1.1
User-Agent: selenium/4.4.0 (java windows)
Content-Length: 190
Content-Type: application/json; charset=utf-8
host: localhost:49921
accept: */*

Response DefaultHttpResponse(decodeResult: success, version: HTTP/1.1)
HTTP/1.1 200 OK
Content-Type: application/json; charset=utf-8
cache-control: no-cache
content-length: 14

12:37:22.673 [AsyncHttpClient-1-2] DEBUG org.asynchttpclient.netty.channel.ChannelManager - Adding key: http://localhost:49921 for channel [id: 0x807b5911, L:/127.0.0.1:56618 - R:localhost/127.0.0.1:49921]
12:37:22.721 [Forwarding getCurrentWindowHandle on session 319642172572fdf8090d6c9115dd1193 to remote] DEBUG org.asynchttpclient.netty.request.NettyRequestSender - Using pooled Channel '[id: 0x807b5911, L:/127.0.0.1:56618 - R:localhost/127.0.0.1:49921]' for 'GET' to 'http://localhost:49921/session/319642172572fdf8090d6c9115dd1193/window'
12:37:22.721 [Forwarding getCurrentWindowHandle on session 319642172572fdf8090d6c9115dd1193 to remote] DEBUG org.asynchttpclient.netty.request.NettyRequestSender - Using open Channel [id: 0x807b5911, L:/127.0.0.1:56618 - R:localhost/127.0.0.1:49921] for GET '/session/319642172572fdf8090d6c9115dd1193/window'
12:37:22.728 [AsyncHttpClient-1-2] DEBUG org.asynchttpclient.netty.handler.HttpHandler - 

Request DefaultFullHttpRequest(decodeResult: success, version: HTTP/1.1, content: EmptyByteBufBE)
GET /session/319642172572fdf8090d6c9115dd1193/window HTTP/1.1
User-Agent: selenium/4.4.0 (java windows)
Cache-Control: no-cache
Content-Type: application/json; charset=utf-8
host: localhost:49921
accept: */*

Response DefaultHttpResponse(decodeResult: success, version: HTTP/1.1)
HTTP/1.1 200 OK
Content-Type: application/json; charset=utf-8
cache-control: no-cache
content-length: 44

12:37:22.728 [AsyncHttpClient-1-2] DEBUG org.asynchttpclient.netty.channel.ChannelManager - Adding key: http://localhost:49921 for channel [id: 0x807b5911, L:/127.0.0.1:56618 - R:localhost/127.0.0.1:49921]
12:37:22.747 [Forwarding getAlertText on session 319642172572fdf8090d6c9115dd1193 to remote] DEBUG org.asynchttpclient.netty.request.NettyRequestSender - Using pooled Channel '[id: 0x807b5911, L:/127.0.0.1:56618 - R:localhost/127.0.0.1:49921]' for 'GET' to 'http://localhost:49921/session/319642172572fdf8090d6c9115dd1193/alert/text'
12:37:22.747 [Forwarding getAlertText on session 319642172572fdf8090d6c9115dd1193 to remote] DEBUG org.asynchttpclient.netty.request.NettyRequestSender - Using open Channel [id: 0x807b5911, L:/127.0.0.1:56618 - R:localhost/127.0.0.1:49921] for GET '/session/319642172572fdf8090d6c9115dd1193/alert/text'
12:37:22.756 [AsyncHttpClient-1-2] DEBUG org.asynchttpclient.netty.handler.HttpHandler - 

Request DefaultFullHttpRequest(decodeResult: success, version: HTTP/1.1, content: EmptyByteBufBE)
GET /session/319642172572fdf8090d6c9115dd1193/alert/text HTTP/1.1
User-Agent: selenium/4.4.0 (java windows)
Cache-Control: no-cache
Content-Type: application/json; charset=utf-8
host: localhost:49921
accept: */*

Response DefaultHttpResponse(decodeResult: success, version: HTTP/1.1)
HTTP/1.1 404 Not Found
Content-Type: application/json; charset=utf-8
cache-control: no-cache
content-length: 1045

12:37:22.757 [AsyncHttpClient-1-2] DEBUG org.asynchttpclient.netty.channel.ChannelManager - Adding key: http://localhost:49921 for channel [id: 0x807b5911, L:/127.0.0.1:56618 - R:localhost/127.0.0.1:49921]
12:37:22.768 [Forwarding switchToWindow on session 319642172572fdf8090d6c9115dd1193 to remote] DEBUG org.asynchttpclient.netty.request.NettyRequestSender - Using pooled Channel '[id: 0x807b5911, L:/127.0.0.1:56618 - R:localhost/127.0.0.1:49921]' for 'POST' to 'http://localhost:49921/session/319642172572fdf8090d6c9115dd1193/window'
12:37:22.768 [Forwarding switchToWindow on session 319642172572fdf8090d6c9115dd1193 to remote] DEBUG org.asynchttpclient.netty.request.NettyRequestSender - Using open Channel [id: 0x807b5911, L:/127.0.0.1:56618 - R:localhost/127.0.0.1:49921] for POST '/session/319642172572fdf8090d6c9115dd1193/window'
12:37:22.773 [AsyncHttpClient-1-2] DEBUG org.asynchttpclient.netty.handler.HttpHandler - 

Request DefaultHttpRequest(decodeResult: success, version: HTTP/1.1)
POST /session/319642172572fdf8090d6c9115dd1193/window HTTP/1.1
User-Agent: selenium/4.4.0 (java windows)
Content-Length: 50
Content-Type: application/json; charset=utf-8
host: localhost:49921
accept: */*

Response DefaultHttpResponse(decodeResult: success, version: HTTP/1.1)
HTTP/1.1 200 OK
Content-Type: application/json; charset=utf-8
cache-control: no-cache
content-length: 14

12:37:22.774 [AsyncHttpClient-1-2] DEBUG org.asynchttpclient.netty.channel.ChannelManager - Adding key: http://localhost:49921 for channel [id: 0x807b5911, L:/127.0.0.1:56618 - R:localhost/127.0.0.1:49921]
12:37:22.776 [Forwarding getCurrentUrl on session 319642172572fdf8090d6c9115dd1193 to remote] DEBUG org.asynchttpclient.netty.request.NettyRequestSender - Using pooled Channel '[id: 0x807b5911, L:/127.0.0.1:56618 - R:localhost/127.0.0.1:49921]' for 'GET' to 'http://localhost:49921/session/319642172572fdf8090d6c9115dd1193/url'
12:37:22.776 [Forwarding getCurrentUrl on session 319642172572fdf8090d6c9115dd1193 to remote] DEBUG org.asynchttpclient.netty.request.NettyRequestSender - Using open Channel [id: 0x807b5911, L:/127.0.0.1:56618 - R:localhost/127.0.0.1:49921] for GET '/session/319642172572fdf8090d6c9115dd1193/url'
12:37:22.796 [AsyncHttpClient-1-2] DEBUG org.asynchttpclient.netty.handler.HttpHandler - 

Request DefaultFullHttpRequest(decodeResult: success, version: HTTP/1.1, content: EmptyByteBufBE)
GET /session/319642172572fdf8090d6c9115dd1193/url HTTP/1.1
User-Agent: selenium/4.4.0 (java windows)
Cache-Control: no-cache
Content-Type: application/json; charset=utf-8
host: localhost:49921
accept: */*

Response DefaultHttpResponse(decodeResult: success, version: HTTP/1.1)
HTTP/1.1 200 OK
Content-Type: application/json; charset=utf-8
cache-control: no-cache
content-length: 47

12:37:22.796 [AsyncHttpClient-1-2] DEBUG org.asynchttpclient.netty.channel.ChannelManager - Adding key: http://localhost:49921 for channel [id: 0x807b5911, L:/127.0.0.1:56618 - R:localhost/127.0.0.1:49921]
12:37:22.797 [Forwarding screenshot on session 319642172572fdf8090d6c9115dd1193 to remote] DEBUG org.asynchttpclient.netty.request.NettyRequestSender - Using pooled Channel '[id: 0x807b5911, L:/127.0.0.1:56618 - R:localhost/127.0.0.1:49921]' for 'GET' to 'http://localhost:49921/session/319642172572fdf8090d6c9115dd1193/screenshot'
12:37:22.797 [Forwarding screenshot on session 319642172572fdf8090d6c9115dd1193 to remote] DEBUG org.asynchttpclient.netty.request.NettyRequestSender - Using open Channel [id: 0x807b5911, L:/127.0.0.1:56618 - R:localhost/127.0.0.1:49921] for GET '/session/319642172572fdf8090d6c9115dd1193/screenshot'
12:37:22.923 [AsyncHttpClient-1-2] DEBUG org.asynchttpclient.netty.handler.HttpHandler - 

Request DefaultFullHttpRequest(decodeResult: success, version: HTTP/1.1, content: EmptyByteBufBE)
GET /session/319642172572fdf8090d6c9115dd1193/screenshot HTTP/1.1
User-Agent: selenium/4.4.0 (java windows)
Cache-Control: no-cache
Content-Type: application/json; charset=utf-8
host: localhost:49921
accept: */*

Response DefaultHttpResponse(decodeResult: success, version: HTTP/1.1)
HTTP/1.1 200 OK
Content-Type: application/json; charset=utf-8
cache-control: no-cache
content-length: 297556

12:37:22.924 [AsyncHttpClient-1-2] DEBUG org.asynchttpclient.netty.channel.ChannelManager - Adding key: http://localhost:49921 for channel [id: 0x807b5911, L:/127.0.0.1:56618 - R:localhost/127.0.0.1:49921]
12:37:22.932 [Test worker] DEBUG net.serenitybdd.core.photography.Darkroom - Send negative for processing for C:\Users\pcnit\Downloads\TestE2E\target\site\serenity\1c67f94865be74c456e525a3b856b10f3cf1c565ffba9d67b6127082d2e7cf25.png
12:37:22.948 [Forwarding getPageSource on session 319642172572fdf8090d6c9115dd1193 to remote] DEBUG org.asynchttpclient.netty.request.NettyRequestSender - Using pooled Channel '[id: 0x807b5911, L:/127.0.0.1:56618 - R:localhost/127.0.0.1:49921]' for 'POST' to 'http://localhost:49921/session/319642172572fdf8090d6c9115dd1193/execute/sync'
12:37:22.948 [Forwarding getPageSource on session 319642172572fdf8090d6c9115dd1193 to remote] DEBUG org.asynchttpclient.netty.request.NettyRequestSender - Using open Channel [id: 0x807b5911, L:/127.0.0.1:56618 - R:localhost/127.0.0.1:49921] for POST '/session/319642172572fdf8090d6c9115dd1193/execute/sync'
12:37:22.970 [AsyncHttpClient-1-2] DEBUG org.asynchttpclient.netty.handler.HttpHandler - 

Request DefaultHttpRequest(decodeResult: success, version: HTTP/1.1)
POST /session/319642172572fdf8090d6c9115dd1193/execute/sync HTTP/1.1
User-Agent: selenium/4.4.0 (java windows)
Content-Length: 176
Content-Type: application/json; charset=utf-8
host: localhost:49921
accept: */*

Response DefaultHttpResponse(decodeResult: success, version: HTTP/1.1)
HTTP/1.1 200 OK
Content-Type: application/json; charset=utf-8
cache-control: no-cache
content-length: 57331

12:37:22.970 [AsyncHttpClient-1-2] DEBUG org.asynchttpclient.netty.channel.ChannelManager - Adding key: http://localhost:49921 for channel [id: 0x807b5911, L:/127.0.0.1:56618 - R:localhost/127.0.0.1:49921]
12:37:22.989 [Forwarding getCurrentUrl on session 319642172572fdf8090d6c9115dd1193 to remote] DEBUG org.asynchttpclient.netty.request.NettyRequestSender - Using pooled Channel '[id: 0x807b5911, L:/127.0.0.1:56618 - R:localhost/127.0.0.1:49921]' for 'GET' to 'http://localhost:49921/session/319642172572fdf8090d6c9115dd1193/url'
12:37:22.989 [Forwarding getCurrentUrl on session 319642172572fdf8090d6c9115dd1193 to remote] DEBUG org.asynchttpclient.netty.request.NettyRequestSender - Using open Channel [id: 0x807b5911, L:/127.0.0.1:56618 - R:localhost/127.0.0.1:49921] for GET '/session/319642172572fdf8090d6c9115dd1193/url'
12:37:23.008 [AsyncHttpClient-1-2] DEBUG org.asynchttpclient.netty.handler.HttpHandler - 

Request DefaultFullHttpRequest(decodeResult: success, version: HTTP/1.1, content: EmptyByteBufBE)
GET /session/319642172572fdf8090d6c9115dd1193/url HTTP/1.1
User-Agent: selenium/4.4.0 (java windows)
Cache-Control: no-cache
Content-Type: application/json; charset=utf-8
host: localhost:49921
accept: */*

Response DefaultHttpResponse(decodeResult: success, version: HTTP/1.1)
HTTP/1.1 200 OK
Content-Type: application/json; charset=utf-8
cache-control: no-cache
content-length: 47

12:37:23.008 [AsyncHttpClient-1-2] DEBUG org.asynchttpclient.netty.channel.ChannelManager - Adding key: http://localhost:49921 for channel [id: 0x807b5911, L:/127.0.0.1:56618 - R:localhost/127.0.0.1:49921]
12:37:23.053 [Forwarding getCurrentWindowHandle on session 319642172572fdf8090d6c9115dd1193 to remote] DEBUG org.asynchttpclient.netty.request.NettyRequestSender - Using pooled Channel '[id: 0x807b5911, L:/127.0.0.1:56618 - R:localhost/127.0.0.1:49921]' for 'GET' to 'http://localhost:49921/session/319642172572fdf8090d6c9115dd1193/window'
12:37:23.053 [Forwarding getCurrentWindowHandle on session 319642172572fdf8090d6c9115dd1193 to remote] DEBUG org.asynchttpclient.netty.request.NettyRequestSender - Using open Channel [id: 0x807b5911, L:/127.0.0.1:56618 - R:localhost/127.0.0.1:49921] for GET '/session/319642172572fdf8090d6c9115dd1193/window'
12:37:23.062 [AsyncHttpClient-1-2] DEBUG org.asynchttpclient.netty.handler.HttpHandler - 

Request DefaultFullHttpRequest(decodeResult: success, version: HTTP/1.1, content: EmptyByteBufBE)
GET /session/319642172572fdf8090d6c9115dd1193/window HTTP/1.1
User-Agent: selenium/4.4.0 (java windows)
Cache-Control: no-cache
Content-Type: application/json; charset=utf-8
host: localhost:49921
accept: */*

Response DefaultHttpResponse(decodeResult: success, version: HTTP/1.1)
HTTP/1.1 200 OK
Content-Type: application/json; charset=utf-8
cache-control: no-cache
content-length: 44

12:37:23.063 [AsyncHttpClient-1-2] DEBUG org.asynchttpclient.netty.channel.ChannelManager - Adding key: http://localhost:49921 for channel [id: 0x807b5911, L:/127.0.0.1:56618 - R:localhost/127.0.0.1:49921]
12:37:23.074 [Forwarding getAlertText on session 319642172572fdf8090d6c9115dd1193 to remote] DEBUG org.asynchttpclient.netty.request.NettyRequestSender - Using pooled Channel '[id: 0x807b5911, L:/127.0.0.1:56618 - R:localhost/127.0.0.1:49921]' for 'GET' to 'http://localhost:49921/session/319642172572fdf8090d6c9115dd1193/alert/text'
12:37:23.075 [Forwarding getAlertText on session 319642172572fdf8090d6c9115dd1193 to remote] DEBUG org.asynchttpclient.netty.request.NettyRequestSender - Using open Channel [id: 0x807b5911, L:/127.0.0.1:56618 - R:localhost/127.0.0.1:49921] for GET '/session/319642172572fdf8090d6c9115dd1193/alert/text'
12:37:23.088 [AsyncHttpClient-1-2] DEBUG org.asynchttpclient.netty.handler.HttpHandler - 

Request DefaultFullHttpRequest(decodeResult: success, version: HTTP/1.1, content: EmptyByteBufBE)
GET /session/319642172572fdf8090d6c9115dd1193/alert/text HTTP/1.1
User-Agent: selenium/4.4.0 (java windows)
Cache-Control: no-cache
Content-Type: application/json; charset=utf-8
host: localhost:49921
accept: */*

Response DefaultHttpResponse(decodeResult: success, version: HTTP/1.1)
HTTP/1.1 404 Not Found
Content-Type: application/json; charset=utf-8
cache-control: no-cache
content-length: 1045

12:37:23.088 [AsyncHttpClient-1-2] DEBUG org.asynchttpclient.netty.channel.ChannelManager - Adding key: http://localhost:49921 for channel [id: 0x807b5911, L:/127.0.0.1:56618 - R:localhost/127.0.0.1:49921]
12:37:23.095 [Forwarding switchToWindow on session 319642172572fdf8090d6c9115dd1193 to remote] DEBUG org.asynchttpclient.netty.request.NettyRequestSender - Using pooled Channel '[id: 0x807b5911, L:/127.0.0.1:56618 - R:localhost/127.0.0.1:49921]' for 'POST' to 'http://localhost:49921/session/319642172572fdf8090d6c9115dd1193/window'
12:37:23.095 [Forwarding switchToWindow on session 319642172572fdf8090d6c9115dd1193 to remote] DEBUG org.asynchttpclient.netty.request.NettyRequestSender - Using open Channel [id: 0x807b5911, L:/127.0.0.1:56618 - R:localhost/127.0.0.1:49921] for POST '/session/319642172572fdf8090d6c9115dd1193/window'
12:37:23.101 [AsyncHttpClient-1-2] DEBUG org.asynchttpclient.netty.handler.HttpHandler - 

Request DefaultHttpRequest(decodeResult: success, version: HTTP/1.1)
POST /session/319642172572fdf8090d6c9115dd1193/window HTTP/1.1
User-Agent: selenium/4.4.0 (java windows)
Content-Length: 50
Content-Type: application/json; charset=utf-8
host: localhost:49921
accept: */*

Response DefaultHttpResponse(decodeResult: success, version: HTTP/1.1)
HTTP/1.1 200 OK
Content-Type: application/json; charset=utf-8
cache-control: no-cache
content-length: 14

12:37:23.101 [AsyncHttpClient-1-2] DEBUG org.asynchttpclient.netty.channel.ChannelManager - Adding key: http://localhost:49921 for channel [id: 0x807b5911, L:/127.0.0.1:56618 - R:localhost/127.0.0.1:49921]
12:37:23.102 [Forwarding getCurrentUrl on session 319642172572fdf8090d6c9115dd1193 to remote] DEBUG org.asynchttpclient.netty.request.NettyRequestSender - Using pooled Channel '[id: 0x807b5911, L:/127.0.0.1:56618 - R:localhost/127.0.0.1:49921]' for 'GET' to 'http://localhost:49921/session/319642172572fdf8090d6c9115dd1193/url'
12:37:23.102 [Forwarding getCurrentUrl on session 319642172572fdf8090d6c9115dd1193 to remote] DEBUG org.asynchttpclient.netty.request.NettyRequestSender - Using open Channel [id: 0x807b5911, L:/127.0.0.1:56618 - R:localhost/127.0.0.1:49921] for GET '/session/319642172572fdf8090d6c9115dd1193/url'
12:37:23.121 [AsyncHttpClient-1-2] DEBUG org.asynchttpclient.netty.handler.HttpHandler - 

Request DefaultFullHttpRequest(decodeResult: success, version: HTTP/1.1, content: EmptyByteBufBE)
GET /session/319642172572fdf8090d6c9115dd1193/url HTTP/1.1
User-Agent: selenium/4.4.0 (java windows)
Cache-Control: no-cache
Content-Type: application/json; charset=utf-8
host: localhost:49921
accept: */*

Response DefaultHttpResponse(decodeResult: success, version: HTTP/1.1)
HTTP/1.1 200 OK
Content-Type: application/json; charset=utf-8
cache-control: no-cache
content-length: 47

12:37:23.122 [AsyncHttpClient-1-2] DEBUG org.asynchttpclient.netty.channel.ChannelManager - Adding key: http://localhost:49921 for channel [id: 0x807b5911, L:/127.0.0.1:56618 - R:localhost/127.0.0.1:49921]
12:37:23.123 [Forwarding screenshot on session 319642172572fdf8090d6c9115dd1193 to remote] DEBUG org.asynchttpclient.netty.request.NettyRequestSender - Using pooled Channel '[id: 0x807b5911, L:/127.0.0.1:56618 - R:localhost/127.0.0.1:49921]' for 'GET' to 'http://localhost:49921/session/319642172572fdf8090d6c9115dd1193/screenshot'
12:37:23.123 [Forwarding screenshot on session 319642172572fdf8090d6c9115dd1193 to remote] DEBUG org.asynchttpclient.netty.request.NettyRequestSender - Using open Channel [id: 0x807b5911, L:/127.0.0.1:56618 - R:localhost/127.0.0.1:49921] for GET '/session/319642172572fdf8090d6c9115dd1193/screenshot'
12:37:23.253 [AsyncHttpClient-1-2] DEBUG org.asynchttpclient.netty.handler.HttpHandler - 

Request DefaultFullHttpRequest(decodeResult: success, version: HTTP/1.1, content: EmptyByteBufBE)
GET /session/319642172572fdf8090d6c9115dd1193/screenshot HTTP/1.1
User-Agent: selenium/4.4.0 (java windows)
Cache-Control: no-cache
Content-Type: application/json; charset=utf-8
host: localhost:49921
accept: */*

Response DefaultHttpResponse(decodeResult: success, version: HTTP/1.1)
HTTP/1.1 200 OK
Content-Type: application/json; charset=utf-8
cache-control: no-cache
content-length: 297556

12:37:23.258 [AsyncHttpClient-1-2] DEBUG org.asynchttpclient.netty.channel.ChannelManager - Adding key: http://localhost:49921 for channel [id: 0x807b5911, L:/127.0.0.1:56618 - R:localhost/127.0.0.1:49921]
12:37:23.269 [Test worker] DEBUG net.serenitybdd.core.photography.Darkroom - Send negative for processing for C:\Users\pcnit\Downloads\TestE2E\target\site\serenity\1c67f94865be74c456e525a3b856b10f3cf1c565ffba9d67b6127082d2e7cf25.png
12:37:23.270 [Test worker] DEBUG net.thucydides.core.steps.StepInterceptor - STEP DONE: {0} enters #theTextAsAString into #target
12:37:23.302 [Forwarding getPageSource on session 319642172572fdf8090d6c9115dd1193 to remote] DEBUG org.asynchttpclient.netty.request.NettyRequestSender - Using pooled Channel '[id: 0x807b5911, L:/127.0.0.1:56618 - R:localhost/127.0.0.1:49921]' for 'POST' to 'http://localhost:49921/session/319642172572fdf8090d6c9115dd1193/execute/sync'
12:37:23.302 [Forwarding getPageSource on session 319642172572fdf8090d6c9115dd1193 to remote] DEBUG org.asynchttpclient.netty.request.NettyRequestSender - Using open Channel [id: 0x807b5911, L:/127.0.0.1:56618 - R:localhost/127.0.0.1:49921] for POST '/session/319642172572fdf8090d6c9115dd1193/execute/sync'
12:37:23.313 [AsyncHttpClient-1-2] DEBUG org.asynchttpclient.netty.handler.HttpHandler - 

Request DefaultHttpRequest(decodeResult: success, version: HTTP/1.1)
POST /session/319642172572fdf8090d6c9115dd1193/execute/sync HTTP/1.1
User-Agent: selenium/4.4.0 (java windows)
Content-Length: 176
Content-Type: application/json; charset=utf-8
host: localhost:49921
accept: */*

Response DefaultHttpResponse(decodeResult: success, version: HTTP/1.1)
HTTP/1.1 200 OK
Content-Type: application/json; charset=utf-8
cache-control: no-cache
content-length: 57331

12:37:23.313 [AsyncHttpClient-1-2] DEBUG org.asynchttpclient.netty.channel.ChannelManager - Adding key: http://localhost:49921 for channel [id: 0x807b5911, L:/127.0.0.1:56618 - R:localhost/127.0.0.1:49921]
12:37:23.319 [Forwarding getCurrentUrl on session 319642172572fdf8090d6c9115dd1193 to remote] DEBUG org.asynchttpclient.netty.request.NettyRequestSender - Using pooled Channel '[id: 0x807b5911, L:/127.0.0.1:56618 - R:localhost/127.0.0.1:49921]' for 'GET' to 'http://localhost:49921/session/319642172572fdf8090d6c9115dd1193/url'
12:37:23.320 [Forwarding getCurrentUrl on session 319642172572fdf8090d6c9115dd1193 to remote] DEBUG org.asynchttpclient.netty.request.NettyRequestSender - Using open Channel [id: 0x807b5911, L:/127.0.0.1:56618 - R:localhost/127.0.0.1:49921] for GET '/session/319642172572fdf8090d6c9115dd1193/url'
12:37:23.331 [AsyncHttpClient-1-2] DEBUG org.asynchttpclient.netty.handler.HttpHandler - 

Request DefaultFullHttpRequest(decodeResult: success, version: HTTP/1.1, content: EmptyByteBufBE)
GET /session/319642172572fdf8090d6c9115dd1193/url HTTP/1.1
User-Agent: selenium/4.4.0 (java windows)
Cache-Control: no-cache
Content-Type: application/json; charset=utf-8
host: localhost:49921
accept: */*

Response DefaultHttpResponse(decodeResult: success, version: HTTP/1.1)
HTTP/1.1 200 OK
Content-Type: application/json; charset=utf-8
cache-control: no-cache
content-length: 47

12:37:23.332 [AsyncHttpClient-1-2] DEBUG org.asynchttpclient.netty.channel.ChannelManager - Adding key: http://localhost:49921 for channel [id: 0x807b5911, L:/127.0.0.1:56618 - R:localhost/127.0.0.1:49921]
12:37:23.337 [Test worker] DEBUG net.thucydides.core.steps.StepInterceptor - STARTING STEP: PlaceOrder.performAs - {0} enters #theTextAsAString into #target
12:37:23.343 [Test worker] DEBUG net.serenitybdd.screenplay.targets.IFrameSwitcher - default content already selected for selecciona PLACE ORDER
12:37:23.383 [Forwarding findElement on session 319642172572fdf8090d6c9115dd1193 to remote] DEBUG org.asynchttpclient.netty.request.NettyRequestSender - Using pooled Channel '[id: 0x807b5911, L:/127.0.0.1:56618 - R:localhost/127.0.0.1:49921]' for 'POST' to 'http://localhost:49921/session/319642172572fdf8090d6c9115dd1193/element'
12:37:23.383 [Forwarding findElement on session 319642172572fdf8090d6c9115dd1193 to remote] DEBUG org.asynchttpclient.netty.request.NettyRequestSender - Using open Channel [id: 0x807b5911, L:/127.0.0.1:56618 - R:localhost/127.0.0.1:49921] for POST '/session/319642172572fdf8090d6c9115dd1193/element'
12:37:23.425 [AsyncHttpClient-1-2] DEBUG org.asynchttpclient.netty.handler.HttpHandler - 

Request DefaultHttpRequest(decodeResult: success, version: HTTP/1.1)
POST /session/319642172572fdf8090d6c9115dd1193/element HTTP/1.1
User-Agent: selenium/4.4.0 (java windows)
Content-Length: 64
Content-Type: application/json; charset=utf-8
host: localhost:49921
accept: */*

Response DefaultHttpResponse(decodeResult: success, version: HTTP/1.1)
HTTP/1.1 200 OK
Content-Type: application/json; charset=utf-8
cache-control: no-cache
content-length: 127

12:37:23.426 [AsyncHttpClient-1-2] DEBUG org.asynchttpclient.netty.channel.ChannelManager - Adding key: http://localhost:49921 for channel [id: 0x807b5911, L:/127.0.0.1:56618 - R:localhost/127.0.0.1:49921]
12:37:23.429 [Forwarding clearElement on session 319642172572fdf8090d6c9115dd1193 to remote] DEBUG org.asynchttpclient.netty.request.NettyRequestSender - Using pooled Channel '[id: 0x807b5911, L:/127.0.0.1:56618 - R:localhost/127.0.0.1:49921]' for 'POST' to 'http://localhost:49921/session/319642172572fdf8090d6c9115dd1193/element/f.77D77E48C717A5F8144E3521F6891EC1.d.8C715979609D122D0F50FF40744A4ED1.e.367/clear'
12:37:23.429 [Forwarding clearElement on session 319642172572fdf8090d6c9115dd1193 to remote] DEBUG org.asynchttpclient.netty.request.NettyRequestSender - Using open Channel [id: 0x807b5911, L:/127.0.0.1:56618 - R:localhost/127.0.0.1:49921] for POST '/session/319642172572fdf8090d6c9115dd1193/element/f.77D77E48C717A5F8144E3521F6891EC1.d.8C715979609D122D0F50FF40744A4ED1.e.367/clear'
12:37:23.465 [AsyncHttpClient-1-2] DEBUG org.asynchttpclient.netty.handler.HttpHandler - 

Request DefaultHttpRequest(decodeResult: success, version: HTTP/1.1)
POST /session/319642172572fdf8090d6c9115dd1193/element/f.77D77E48C717A5F8144E3521F6891EC1.d.8C715979609D122D0F50FF40744A4ED1.e.367/clear HTTP/1.1
User-Agent: selenium/4.4.0 (java windows)
Content-Length: 89
Content-Type: application/json; charset=utf-8
host: localhost:49921
accept: */*

Response DefaultHttpResponse(decodeResult: success, version: HTTP/1.1)
HTTP/1.1 200 OK
Content-Type: application/json; charset=utf-8
cache-control: no-cache
content-length: 14

12:37:23.465 [AsyncHttpClient-1-2] DEBUG org.asynchttpclient.netty.channel.ChannelManager - Adding key: http://localhost:49921 for channel [id: 0x807b5911, L:/127.0.0.1:56618 - R:localhost/127.0.0.1:49921]
12:37:23.477 [Forwarding sendKeysToElement on session 319642172572fdf8090d6c9115dd1193 to remote] DEBUG org.asynchttpclient.netty.request.NettyRequestSender - Using pooled Channel '[id: 0x807b5911, L:/127.0.0.1:56618 - R:localhost/127.0.0.1:49921]' for 'POST' to 'http://localhost:49921/session/319642172572fdf8090d6c9115dd1193/element/f.77D77E48C717A5F8144E3521F6891EC1.d.8C715979609D122D0F50FF40744A4ED1.e.367/value'
12:37:23.477 [Forwarding sendKeysToElement on session 319642172572fdf8090d6c9115dd1193 to remote] DEBUG org.asynchttpclient.netty.request.NettyRequestSender - Using open Channel [id: 0x807b5911, L:/127.0.0.1:56618 - R:localhost/127.0.0.1:49921] for POST '/session/319642172572fdf8090d6c9115dd1193/element/f.77D77E48C717A5F8144E3521F6891EC1.d.8C715979609D122D0F50FF40744A4ED1.e.367/value'
12:37:23.484 [AsyncHttpClient-1-1] DEBUG org.asynchttpclient.netty.channel.DefaultChannelPool - Entry count for : http://localhost:56619 : 1
12:37:23.552 [AsyncHttpClient-1-2] DEBUG org.asynchttpclient.netty.handler.HttpHandler - 

Request DefaultHttpRequest(decodeResult: success, version: HTTP/1.1)
POST /session/319642172572fdf8090d6c9115dd1193/element/f.77D77E48C717A5F8144E3521F6891EC1.d.8C715979609D122D0F50FF40744A4ED1.e.367/value HTTP/1.1
User-Agent: selenium/4.4.0 (java windows)
Content-Length: 170
Content-Type: application/json; charset=utf-8
host: localhost:49921
accept: */*

Response DefaultHttpResponse(decodeResult: success, version: HTTP/1.1)
HTTP/1.1 200 OK
Content-Type: application/json; charset=utf-8
cache-control: no-cache
content-length: 14

12:37:23.552 [AsyncHttpClient-1-2] DEBUG org.asynchttpclient.netty.channel.ChannelManager - Adding key: http://localhost:49921 for channel [id: 0x807b5911, L:/127.0.0.1:56618 - R:localhost/127.0.0.1:49921]
12:37:23.592 [Forwarding getCurrentWindowHandle on session 319642172572fdf8090d6c9115dd1193 to remote] DEBUG org.asynchttpclient.netty.request.NettyRequestSender - Using pooled Channel '[id: 0x807b5911, L:/127.0.0.1:56618 - R:localhost/127.0.0.1:49921]' for 'GET' to 'http://localhost:49921/session/319642172572fdf8090d6c9115dd1193/window'
12:37:23.593 [Forwarding getCurrentWindowHandle on session 319642172572fdf8090d6c9115dd1193 to remote] DEBUG org.asynchttpclient.netty.request.NettyRequestSender - Using open Channel [id: 0x807b5911, L:/127.0.0.1:56618 - R:localhost/127.0.0.1:49921] for GET '/session/319642172572fdf8090d6c9115dd1193/window'
12:37:23.600 [AsyncHttpClient-1-2] DEBUG org.asynchttpclient.netty.handler.HttpHandler - 

Request DefaultFullHttpRequest(decodeResult: success, version: HTTP/1.1, content: EmptyByteBufBE)
GET /session/319642172572fdf8090d6c9115dd1193/window HTTP/1.1
User-Agent: selenium/4.4.0 (java windows)
Cache-Control: no-cache
Content-Type: application/json; charset=utf-8
host: localhost:49921
accept: */*

Response DefaultHttpResponse(decodeResult: success, version: HTTP/1.1)
HTTP/1.1 200 OK
Content-Type: application/json; charset=utf-8
cache-control: no-cache
content-length: 44

12:37:23.601 [AsyncHttpClient-1-2] DEBUG org.asynchttpclient.netty.channel.ChannelManager - Adding key: http://localhost:49921 for channel [id: 0x807b5911, L:/127.0.0.1:56618 - R:localhost/127.0.0.1:49921]
12:37:23.615 [Forwarding getAlertText on session 319642172572fdf8090d6c9115dd1193 to remote] DEBUG org.asynchttpclient.netty.request.NettyRequestSender - Using pooled Channel '[id: 0x807b5911, L:/127.0.0.1:56618 - R:localhost/127.0.0.1:49921]' for 'GET' to 'http://localhost:49921/session/319642172572fdf8090d6c9115dd1193/alert/text'
12:37:23.615 [Forwarding getAlertText on session 319642172572fdf8090d6c9115dd1193 to remote] DEBUG org.asynchttpclient.netty.request.NettyRequestSender - Using open Channel [id: 0x807b5911, L:/127.0.0.1:56618 - R:localhost/127.0.0.1:49921] for GET '/session/319642172572fdf8090d6c9115dd1193/alert/text'
12:37:23.623 [AsyncHttpClient-1-2] DEBUG org.asynchttpclient.netty.handler.HttpHandler - 

Request DefaultFullHttpRequest(decodeResult: success, version: HTTP/1.1, content: EmptyByteBufBE)
GET /session/319642172572fdf8090d6c9115dd1193/alert/text HTTP/1.1
User-Agent: selenium/4.4.0 (java windows)
Cache-Control: no-cache
Content-Type: application/json; charset=utf-8
host: localhost:49921
accept: */*

Response DefaultHttpResponse(decodeResult: success, version: HTTP/1.1)
HTTP/1.1 404 Not Found
Content-Type: application/json; charset=utf-8
cache-control: no-cache
content-length: 1045

12:37:23.624 [AsyncHttpClient-1-2] DEBUG org.asynchttpclient.netty.channel.ChannelManager - Adding key: http://localhost:49921 for channel [id: 0x807b5911, L:/127.0.0.1:56618 - R:localhost/127.0.0.1:49921]
12:37:23.638 [Forwarding switchToWindow on session 319642172572fdf8090d6c9115dd1193 to remote] DEBUG org.asynchttpclient.netty.request.NettyRequestSender - Using pooled Channel '[id: 0x807b5911, L:/127.0.0.1:56618 - R:localhost/127.0.0.1:49921]' for 'POST' to 'http://localhost:49921/session/319642172572fdf8090d6c9115dd1193/window'
12:37:23.639 [Forwarding switchToWindow on session 319642172572fdf8090d6c9115dd1193 to remote] DEBUG org.asynchttpclient.netty.request.NettyRequestSender - Using open Channel [id: 0x807b5911, L:/127.0.0.1:56618 - R:localhost/127.0.0.1:49921] for POST '/session/319642172572fdf8090d6c9115dd1193/window'
12:37:23.644 [AsyncHttpClient-1-2] DEBUG org.asynchttpclient.netty.handler.HttpHandler - 

Request DefaultHttpRequest(decodeResult: success, version: HTTP/1.1)
POST /session/319642172572fdf8090d6c9115dd1193/window HTTP/1.1
User-Agent: selenium/4.4.0 (java windows)
Content-Length: 50
Content-Type: application/json; charset=utf-8
host: localhost:49921
accept: */*

Response DefaultHttpResponse(decodeResult: success, version: HTTP/1.1)
HTTP/1.1 200 OK
Content-Type: application/json; charset=utf-8
cache-control: no-cache
content-length: 14

12:37:23.644 [AsyncHttpClient-1-2] DEBUG org.asynchttpclient.netty.channel.ChannelManager - Adding key: http://localhost:49921 for channel [id: 0x807b5911, L:/127.0.0.1:56618 - R:localhost/127.0.0.1:49921]
12:37:23.645 [Forwarding getCurrentUrl on session 319642172572fdf8090d6c9115dd1193 to remote] DEBUG org.asynchttpclient.netty.request.NettyRequestSender - Using pooled Channel '[id: 0x807b5911, L:/127.0.0.1:56618 - R:localhost/127.0.0.1:49921]' for 'GET' to 'http://localhost:49921/session/319642172572fdf8090d6c9115dd1193/url'
12:37:23.645 [Forwarding getCurrentUrl on session 319642172572fdf8090d6c9115dd1193 to remote] DEBUG org.asynchttpclient.netty.request.NettyRequestSender - Using open Channel [id: 0x807b5911, L:/127.0.0.1:56618 - R:localhost/127.0.0.1:49921] for GET '/session/319642172572fdf8090d6c9115dd1193/url'
12:37:23.666 [AsyncHttpClient-1-2] DEBUG org.asynchttpclient.netty.handler.HttpHandler - 

Request DefaultFullHttpRequest(decodeResult: success, version: HTTP/1.1, content: EmptyByteBufBE)
GET /session/319642172572fdf8090d6c9115dd1193/url HTTP/1.1
User-Agent: selenium/4.4.0 (java windows)
Cache-Control: no-cache
Content-Type: application/json; charset=utf-8
host: localhost:49921
accept: */*

Response DefaultHttpResponse(decodeResult: success, version: HTTP/1.1)
HTTP/1.1 200 OK
Content-Type: application/json; charset=utf-8
cache-control: no-cache
content-length: 47

12:37:23.666 [AsyncHttpClient-1-2] DEBUG org.asynchttpclient.netty.channel.ChannelManager - Adding key: http://localhost:49921 for channel [id: 0x807b5911, L:/127.0.0.1:56618 - R:localhost/127.0.0.1:49921]
12:37:23.668 [Forwarding screenshot on session 319642172572fdf8090d6c9115dd1193 to remote] DEBUG org.asynchttpclient.netty.request.NettyRequestSender - Using pooled Channel '[id: 0x807b5911, L:/127.0.0.1:56618 - R:localhost/127.0.0.1:49921]' for 'GET' to 'http://localhost:49921/session/319642172572fdf8090d6c9115dd1193/screenshot'
12:37:23.668 [Forwarding screenshot on session 319642172572fdf8090d6c9115dd1193 to remote] DEBUG org.asynchttpclient.netty.request.NettyRequestSender - Using open Channel [id: 0x807b5911, L:/127.0.0.1:56618 - R:localhost/127.0.0.1:49921] for GET '/session/319642172572fdf8090d6c9115dd1193/screenshot'
12:37:23.798 [AsyncHttpClient-1-2] DEBUG org.asynchttpclient.netty.handler.HttpHandler - 

Request DefaultFullHttpRequest(decodeResult: success, version: HTTP/1.1, content: EmptyByteBufBE)
GET /session/319642172572fdf8090d6c9115dd1193/screenshot HTTP/1.1
User-Agent: selenium/4.4.0 (java windows)
Cache-Control: no-cache
Content-Type: application/json; charset=utf-8
host: localhost:49921
accept: */*

Response DefaultHttpResponse(decodeResult: success, version: HTTP/1.1)
HTTP/1.1 200 OK
Content-Type: application/json; charset=utf-8
cache-control: no-cache
content-length: 299052

12:37:23.800 [AsyncHttpClient-1-2] DEBUG org.asynchttpclient.netty.channel.ChannelManager - Adding key: http://localhost:49921 for channel [id: 0x807b5911, L:/127.0.0.1:56618 - R:localhost/127.0.0.1:49921]
12:37:23.807 [Test worker] DEBUG net.serenitybdd.core.photography.Darkroom - Send negative for processing for C:\Users\pcnit\Downloads\TestE2E\target\site\serenity\8de6a9db6bb388be991b939e433fe4e6865c2c5a849bbba12de38e07b1b664d6.png
12:37:23.818 [Forwarding getPageSource on session 319642172572fdf8090d6c9115dd1193 to remote] DEBUG org.asynchttpclient.netty.request.NettyRequestSender - Using pooled Channel '[id: 0x807b5911, L:/127.0.0.1:56618 - R:localhost/127.0.0.1:49921]' for 'POST' to 'http://localhost:49921/session/319642172572fdf8090d6c9115dd1193/execute/sync'
12:37:23.818 [Forwarding getPageSource on session 319642172572fdf8090d6c9115dd1193 to remote] DEBUG org.asynchttpclient.netty.request.NettyRequestSender - Using open Channel [id: 0x807b5911, L:/127.0.0.1:56618 - R:localhost/127.0.0.1:49921] for POST '/session/319642172572fdf8090d6c9115dd1193/execute/sync'
12:37:23.832 [AsyncHttpClient-1-2] DEBUG org.asynchttpclient.netty.handler.HttpHandler - 

Request DefaultHttpRequest(decodeResult: success, version: HTTP/1.1)
POST /session/319642172572fdf8090d6c9115dd1193/execute/sync HTTP/1.1
User-Agent: selenium/4.4.0 (java windows)
Content-Length: 176
Content-Type: application/json; charset=utf-8
host: localhost:49921
accept: */*

Response DefaultHttpResponse(decodeResult: success, version: HTTP/1.1)
HTTP/1.1 200 OK
Content-Type: application/json; charset=utf-8
cache-control: no-cache
content-length: 57331

12:37:23.833 [AsyncHttpClient-1-2] DEBUG org.asynchttpclient.netty.channel.ChannelManager - Adding key: http://localhost:49921 for channel [id: 0x807b5911, L:/127.0.0.1:56618 - R:localhost/127.0.0.1:49921]
12:37:23.841 [Forwarding getCurrentUrl on session 319642172572fdf8090d6c9115dd1193 to remote] DEBUG org.asynchttpclient.netty.request.NettyRequestSender - Using pooled Channel '[id: 0x807b5911, L:/127.0.0.1:56618 - R:localhost/127.0.0.1:49921]' for 'GET' to 'http://localhost:49921/session/319642172572fdf8090d6c9115dd1193/url'
12:37:23.841 [Forwarding getCurrentUrl on session 319642172572fdf8090d6c9115dd1193 to remote] DEBUG org.asynchttpclient.netty.request.NettyRequestSender - Using open Channel [id: 0x807b5911, L:/127.0.0.1:56618 - R:localhost/127.0.0.1:49921] for GET '/session/319642172572fdf8090d6c9115dd1193/url'
12:37:23.861 [AsyncHttpClient-1-2] DEBUG org.asynchttpclient.netty.handler.HttpHandler - 

Request DefaultFullHttpRequest(decodeResult: success, version: HTTP/1.1, content: EmptyByteBufBE)
GET /session/319642172572fdf8090d6c9115dd1193/url HTTP/1.1
User-Agent: selenium/4.4.0 (java windows)
Cache-Control: no-cache
Content-Type: application/json; charset=utf-8
host: localhost:49921
accept: */*

Response DefaultHttpResponse(decodeResult: success, version: HTTP/1.1)
HTTP/1.1 200 OK
Content-Type: application/json; charset=utf-8
cache-control: no-cache
content-length: 47

12:37:23.861 [AsyncHttpClient-1-2] DEBUG org.asynchttpclient.netty.channel.ChannelManager - Adding key: http://localhost:49921 for channel [id: 0x807b5911, L:/127.0.0.1:56618 - R:localhost/127.0.0.1:49921]
12:37:23.913 [Forwarding getCurrentWindowHandle on session 319642172572fdf8090d6c9115dd1193 to remote] DEBUG org.asynchttpclient.netty.request.NettyRequestSender - Using pooled Channel '[id: 0x807b5911, L:/127.0.0.1:56618 - R:localhost/127.0.0.1:49921]' for 'GET' to 'http://localhost:49921/session/319642172572fdf8090d6c9115dd1193/window'
12:37:23.914 [Forwarding getCurrentWindowHandle on session 319642172572fdf8090d6c9115dd1193 to remote] DEBUG org.asynchttpclient.netty.request.NettyRequestSender - Using open Channel [id: 0x807b5911, L:/127.0.0.1:56618 - R:localhost/127.0.0.1:49921] for GET '/session/319642172572fdf8090d6c9115dd1193/window'
12:37:23.920 [AsyncHttpClient-1-2] DEBUG org.asynchttpclient.netty.handler.HttpHandler - 

Request DefaultFullHttpRequest(decodeResult: success, version: HTTP/1.1, content: EmptyByteBufBE)
GET /session/319642172572fdf8090d6c9115dd1193/window HTTP/1.1
User-Agent: selenium/4.4.0 (java windows)
Cache-Control: no-cache
Content-Type: application/json; charset=utf-8
host: localhost:49921
accept: */*

Response DefaultHttpResponse(decodeResult: success, version: HTTP/1.1)
HTTP/1.1 200 OK
Content-Type: application/json; charset=utf-8
cache-control: no-cache
content-length: 44

12:37:23.921 [AsyncHttpClient-1-2] DEBUG org.asynchttpclient.netty.channel.ChannelManager - Adding key: http://localhost:49921 for channel [id: 0x807b5911, L:/127.0.0.1:56618 - R:localhost/127.0.0.1:49921]
12:37:23.931 [Forwarding getAlertText on session 319642172572fdf8090d6c9115dd1193 to remote] DEBUG org.asynchttpclient.netty.request.NettyRequestSender - Using pooled Channel '[id: 0x807b5911, L:/127.0.0.1:56618 - R:localhost/127.0.0.1:49921]' for 'GET' to 'http://localhost:49921/session/319642172572fdf8090d6c9115dd1193/alert/text'
12:37:23.931 [Forwarding getAlertText on session 319642172572fdf8090d6c9115dd1193 to remote] DEBUG org.asynchttpclient.netty.request.NettyRequestSender - Using open Channel [id: 0x807b5911, L:/127.0.0.1:56618 - R:localhost/127.0.0.1:49921] for GET '/session/319642172572fdf8090d6c9115dd1193/alert/text'
12:37:23.942 [AsyncHttpClient-1-2] DEBUG org.asynchttpclient.netty.handler.HttpHandler - 

Request DefaultFullHttpRequest(decodeResult: success, version: HTTP/1.1, content: EmptyByteBufBE)
GET /session/319642172572fdf8090d6c9115dd1193/alert/text HTTP/1.1
User-Agent: selenium/4.4.0 (java windows)
Cache-Control: no-cache
Content-Type: application/json; charset=utf-8
host: localhost:49921
accept: */*

Response DefaultHttpResponse(decodeResult: success, version: HTTP/1.1)
HTTP/1.1 404 Not Found
Content-Type: application/json; charset=utf-8
cache-control: no-cache
content-length: 1045

12:37:23.942 [AsyncHttpClient-1-2] DEBUG org.asynchttpclient.netty.channel.ChannelManager - Adding key: http://localhost:49921 for channel [id: 0x807b5911, L:/127.0.0.1:56618 - R:localhost/127.0.0.1:49921]
12:37:23.953 [Forwarding switchToWindow on session 319642172572fdf8090d6c9115dd1193 to remote] DEBUG org.asynchttpclient.netty.request.NettyRequestSender - Using pooled Channel '[id: 0x807b5911, L:/127.0.0.1:56618 - R:localhost/127.0.0.1:49921]' for 'POST' to 'http://localhost:49921/session/319642172572fdf8090d6c9115dd1193/window'
12:37:23.954 [Forwarding switchToWindow on session 319642172572fdf8090d6c9115dd1193 to remote] DEBUG org.asynchttpclient.netty.request.NettyRequestSender - Using open Channel [id: 0x807b5911, L:/127.0.0.1:56618 - R:localhost/127.0.0.1:49921] for POST '/session/319642172572fdf8090d6c9115dd1193/window'
12:37:23.968 [AsyncHttpClient-1-2] DEBUG org.asynchttpclient.netty.handler.HttpHandler - 

Request DefaultHttpRequest(decodeResult: success, version: HTTP/1.1)
POST /session/319642172572fdf8090d6c9115dd1193/window HTTP/1.1
User-Agent: selenium/4.4.0 (java windows)
Content-Length: 50
Content-Type: application/json; charset=utf-8
host: localhost:49921
accept: */*

Response DefaultHttpResponse(decodeResult: success, version: HTTP/1.1)
HTTP/1.1 200 OK
Content-Type: application/json; charset=utf-8
cache-control: no-cache
content-length: 14

12:37:23.968 [AsyncHttpClient-1-2] DEBUG org.asynchttpclient.netty.channel.ChannelManager - Adding key: http://localhost:49921 for channel [id: 0x807b5911, L:/127.0.0.1:56618 - R:localhost/127.0.0.1:49921]
12:37:23.968 [Forwarding getCurrentUrl on session 319642172572fdf8090d6c9115dd1193 to remote] DEBUG org.asynchttpclient.netty.request.NettyRequestSender - Using pooled Channel '[id: 0x807b5911, L:/127.0.0.1:56618 - R:localhost/127.0.0.1:49921]' for 'GET' to 'http://localhost:49921/session/319642172572fdf8090d6c9115dd1193/url'
12:37:23.968 [Forwarding getCurrentUrl on session 319642172572fdf8090d6c9115dd1193 to remote] DEBUG org.asynchttpclient.netty.request.NettyRequestSender - Using open Channel [id: 0x807b5911, L:/127.0.0.1:56618 - R:localhost/127.0.0.1:49921] for GET '/session/319642172572fdf8090d6c9115dd1193/url'
12:37:23.983 [AsyncHttpClient-1-2] DEBUG org.asynchttpclient.netty.handler.HttpHandler - 

Request DefaultFullHttpRequest(decodeResult: success, version: HTTP/1.1, content: EmptyByteBufBE)
GET /session/319642172572fdf8090d6c9115dd1193/url HTTP/1.1
User-Agent: selenium/4.4.0 (java windows)
Cache-Control: no-cache
Content-Type: application/json; charset=utf-8
host: localhost:49921
accept: */*

Response DefaultHttpResponse(decodeResult: success, version: HTTP/1.1)
HTTP/1.1 200 OK
Content-Type: application/json; charset=utf-8
cache-control: no-cache
content-length: 47

12:37:23.983 [AsyncHttpClient-1-2] DEBUG org.asynchttpclient.netty.channel.ChannelManager - Adding key: http://localhost:49921 for channel [id: 0x807b5911, L:/127.0.0.1:56618 - R:localhost/127.0.0.1:49921]
12:37:23.984 [Forwarding screenshot on session 319642172572fdf8090d6c9115dd1193 to remote] DEBUG org.asynchttpclient.netty.request.NettyRequestSender - Using pooled Channel '[id: 0x807b5911, L:/127.0.0.1:56618 - R:localhost/127.0.0.1:49921]' for 'GET' to 'http://localhost:49921/session/319642172572fdf8090d6c9115dd1193/screenshot'
12:37:23.984 [Forwarding screenshot on session 319642172572fdf8090d6c9115dd1193 to remote] DEBUG org.asynchttpclient.netty.request.NettyRequestSender - Using open Channel [id: 0x807b5911, L:/127.0.0.1:56618 - R:localhost/127.0.0.1:49921] for GET '/session/319642172572fdf8090d6c9115dd1193/screenshot'
12:37:24.105 [AsyncHttpClient-1-2] DEBUG org.asynchttpclient.netty.handler.HttpHandler - 

Request DefaultFullHttpRequest(decodeResult: success, version: HTTP/1.1, content: EmptyByteBufBE)
GET /session/319642172572fdf8090d6c9115dd1193/screenshot HTTP/1.1
User-Agent: selenium/4.4.0 (java windows)
Cache-Control: no-cache
Content-Type: application/json; charset=utf-8
host: localhost:49921
accept: */*

Response DefaultHttpResponse(decodeResult: success, version: HTTP/1.1)
HTTP/1.1 200 OK
Content-Type: application/json; charset=utf-8
cache-control: no-cache
content-length: 299052

12:37:24.105 [AsyncHttpClient-1-2] DEBUG org.asynchttpclient.netty.channel.ChannelManager - Adding key: http://localhost:49921 for channel [id: 0x807b5911, L:/127.0.0.1:56618 - R:localhost/127.0.0.1:49921]
12:37:24.113 [Test worker] DEBUG net.serenitybdd.core.photography.Darkroom - Send negative for processing for C:\Users\pcnit\Downloads\TestE2E\target\site\serenity\8de6a9db6bb388be991b939e433fe4e6865c2c5a849bbba12de38e07b1b664d6.png
12:37:24.114 [Test worker] DEBUG net.thucydides.core.steps.StepInterceptor - STEP DONE: {0} enters #theTextAsAString into #target
12:37:24.160 [Forwarding getPageSource on session 319642172572fdf8090d6c9115dd1193 to remote] DEBUG org.asynchttpclient.netty.request.NettyRequestSender - Using pooled Channel '[id: 0x807b5911, L:/127.0.0.1:56618 - R:localhost/127.0.0.1:49921]' for 'POST' to 'http://localhost:49921/session/319642172572fdf8090d6c9115dd1193/execute/sync'
12:37:24.160 [Forwarding getPageSource on session 319642172572fdf8090d6c9115dd1193 to remote] DEBUG org.asynchttpclient.netty.request.NettyRequestSender - Using open Channel [id: 0x807b5911, L:/127.0.0.1:56618 - R:localhost/127.0.0.1:49921] for POST '/session/319642172572fdf8090d6c9115dd1193/execute/sync'
12:37:24.173 [AsyncHttpClient-1-2] DEBUG org.asynchttpclient.netty.handler.HttpHandler - 

Request DefaultHttpRequest(decodeResult: success, version: HTTP/1.1)
POST /session/319642172572fdf8090d6c9115dd1193/execute/sync HTTP/1.1
User-Agent: selenium/4.4.0 (java windows)
Content-Length: 176
Content-Type: application/json; charset=utf-8
host: localhost:49921
accept: */*

Response DefaultHttpResponse(decodeResult: success, version: HTTP/1.1)
HTTP/1.1 200 OK
Content-Type: application/json; charset=utf-8
cache-control: no-cache
content-length: 57331

12:37:24.173 [AsyncHttpClient-1-2] DEBUG org.asynchttpclient.netty.channel.ChannelManager - Adding key: http://localhost:49921 for channel [id: 0x807b5911, L:/127.0.0.1:56618 - R:localhost/127.0.0.1:49921]
12:37:24.186 [Forwarding getCurrentUrl on session 319642172572fdf8090d6c9115dd1193 to remote] DEBUG org.asynchttpclient.netty.request.NettyRequestSender - Using pooled Channel '[id: 0x807b5911, L:/127.0.0.1:56618 - R:localhost/127.0.0.1:49921]' for 'GET' to 'http://localhost:49921/session/319642172572fdf8090d6c9115dd1193/url'
12:37:24.186 [Forwarding getCurrentUrl on session 319642172572fdf8090d6c9115dd1193 to remote] DEBUG org.asynchttpclient.netty.request.NettyRequestSender - Using open Channel [id: 0x807b5911, L:/127.0.0.1:56618 - R:localhost/127.0.0.1:49921] for GET '/session/319642172572fdf8090d6c9115dd1193/url'
12:37:24.210 [AsyncHttpClient-1-2] DEBUG org.asynchttpclient.netty.handler.HttpHandler - 

Request DefaultFullHttpRequest(decodeResult: success, version: HTTP/1.1, content: EmptyByteBufBE)
GET /session/319642172572fdf8090d6c9115dd1193/url HTTP/1.1
User-Agent: selenium/4.4.0 (java windows)
Cache-Control: no-cache
Content-Type: application/json; charset=utf-8
host: localhost:49921
accept: */*

Response DefaultHttpResponse(decodeResult: success, version: HTTP/1.1)
HTTP/1.1 200 OK
Content-Type: application/json; charset=utf-8
cache-control: no-cache
content-length: 47

12:37:24.210 [AsyncHttpClient-1-2] DEBUG org.asynchttpclient.netty.channel.ChannelManager - Adding key: http://localhost:49921 for channel [id: 0x807b5911, L:/127.0.0.1:56618 - R:localhost/127.0.0.1:49921]
12:37:24.213 [Test worker] DEBUG net.thucydides.core.steps.StepInterceptor - STARTING STEP: PlaceOrder.performAs - {0} enters #theTextAsAString into #target
12:37:24.229 [Test worker] DEBUG net.serenitybdd.screenplay.targets.IFrameSwitcher - default content already selected for selecciona PLACE ORDER
12:37:24.250 [Forwarding findElement on session 319642172572fdf8090d6c9115dd1193 to remote] DEBUG org.asynchttpclient.netty.request.NettyRequestSender - Using pooled Channel '[id: 0x807b5911, L:/127.0.0.1:56618 - R:localhost/127.0.0.1:49921]' for 'POST' to 'http://localhost:49921/session/319642172572fdf8090d6c9115dd1193/element'
12:37:24.250 [Forwarding findElement on session 319642172572fdf8090d6c9115dd1193 to remote] DEBUG org.asynchttpclient.netty.request.NettyRequestSender - Using open Channel [id: 0x807b5911, L:/127.0.0.1:56618 - R:localhost/127.0.0.1:49921] for POST '/session/319642172572fdf8090d6c9115dd1193/element'
12:37:24.265 [AsyncHttpClient-1-2] DEBUG org.asynchttpclient.netty.handler.HttpHandler - 

Request DefaultHttpRequest(decodeResult: success, version: HTTP/1.1)
POST /session/319642172572fdf8090d6c9115dd1193/element HTTP/1.1
User-Agent: selenium/4.4.0 (java windows)
Content-Length: 64
Content-Type: application/json; charset=utf-8
host: localhost:49921
accept: */*

Response DefaultHttpResponse(decodeResult: success, version: HTTP/1.1)
HTTP/1.1 200 OK
Content-Type: application/json; charset=utf-8
cache-control: no-cache
content-length: 127

12:37:24.265 [AsyncHttpClient-1-2] DEBUG org.asynchttpclient.netty.channel.ChannelManager - Adding key: http://localhost:49921 for channel [id: 0x807b5911, L:/127.0.0.1:56618 - R:localhost/127.0.0.1:49921]
12:37:24.267 [Forwarding clearElement on session 319642172572fdf8090d6c9115dd1193 to remote] DEBUG org.asynchttpclient.netty.request.NettyRequestSender - Using pooled Channel '[id: 0x807b5911, L:/127.0.0.1:56618 - R:localhost/127.0.0.1:49921]' for 'POST' to 'http://localhost:49921/session/319642172572fdf8090d6c9115dd1193/element/f.77D77E48C717A5F8144E3521F6891EC1.d.8C715979609D122D0F50FF40744A4ED1.e.368/clear'
12:37:24.267 [Forwarding clearElement on session 319642172572fdf8090d6c9115dd1193 to remote] DEBUG org.asynchttpclient.netty.request.NettyRequestSender - Using open Channel [id: 0x807b5911, L:/127.0.0.1:56618 - R:localhost/127.0.0.1:49921] for POST '/session/319642172572fdf8090d6c9115dd1193/element/f.77D77E48C717A5F8144E3521F6891EC1.d.8C715979609D122D0F50FF40744A4ED1.e.368/clear'
12:37:24.311 [AsyncHttpClient-1-2] DEBUG org.asynchttpclient.netty.handler.HttpHandler - 

Request DefaultHttpRequest(decodeResult: success, version: HTTP/1.1)
POST /session/319642172572fdf8090d6c9115dd1193/element/f.77D77E48C717A5F8144E3521F6891EC1.d.8C715979609D122D0F50FF40744A4ED1.e.368/clear HTTP/1.1
User-Agent: selenium/4.4.0 (java windows)
Content-Length: 89
Content-Type: application/json; charset=utf-8
host: localhost:49921
accept: */*

Response DefaultHttpResponse(decodeResult: success, version: HTTP/1.1)
HTTP/1.1 200 OK
Content-Type: application/json; charset=utf-8
cache-control: no-cache
content-length: 14

12:37:24.312 [AsyncHttpClient-1-2] DEBUG org.asynchttpclient.netty.channel.ChannelManager - Adding key: http://localhost:49921 for channel [id: 0x807b5911, L:/127.0.0.1:56618 - R:localhost/127.0.0.1:49921]
12:37:24.329 [Forwarding sendKeysToElement on session 319642172572fdf8090d6c9115dd1193 to remote] DEBUG org.asynchttpclient.netty.request.NettyRequestSender - Using pooled Channel '[id: 0x807b5911, L:/127.0.0.1:56618 - R:localhost/127.0.0.1:49921]' for 'POST' to 'http://localhost:49921/session/319642172572fdf8090d6c9115dd1193/element/f.77D77E48C717A5F8144E3521F6891EC1.d.8C715979609D122D0F50FF40744A4ED1.e.368/value'
12:37:24.329 [Forwarding sendKeysToElement on session 319642172572fdf8090d6c9115dd1193 to remote] DEBUG org.asynchttpclient.netty.request.NettyRequestSender - Using open Channel [id: 0x807b5911, L:/127.0.0.1:56618 - R:localhost/127.0.0.1:49921] for POST '/session/319642172572fdf8090d6c9115dd1193/element/f.77D77E48C717A5F8144E3521F6891EC1.d.8C715979609D122D0F50FF40744A4ED1.e.368/value'
12:37:24.449 [AsyncHttpClient-1-2] DEBUG org.asynchttpclient.netty.handler.HttpHandler - 

Request DefaultHttpRequest(decodeResult: success, version: HTTP/1.1)
POST /session/319642172572fdf8090d6c9115dd1193/element/f.77D77E48C717A5F8144E3521F6891EC1.d.8C715979609D122D0F50FF40744A4ED1.e.368/value HTTP/1.1
User-Agent: selenium/4.4.0 (java windows)
Content-Length: 180
Content-Type: application/json; charset=utf-8
host: localhost:49921
accept: */*

Response DefaultHttpResponse(decodeResult: success, version: HTTP/1.1)
HTTP/1.1 200 OK
Content-Type: application/json; charset=utf-8
cache-control: no-cache
content-length: 14

12:37:24.450 [AsyncHttpClient-1-2] DEBUG org.asynchttpclient.netty.channel.ChannelManager - Adding key: http://localhost:49921 for channel [id: 0x807b5911, L:/127.0.0.1:56618 - R:localhost/127.0.0.1:49921]
12:37:24.492 [Forwarding getCurrentWindowHandle on session 319642172572fdf8090d6c9115dd1193 to remote] DEBUG org.asynchttpclient.netty.request.NettyRequestSender - Using pooled Channel '[id: 0x807b5911, L:/127.0.0.1:56618 - R:localhost/127.0.0.1:49921]' for 'GET' to 'http://localhost:49921/session/319642172572fdf8090d6c9115dd1193/window'
12:37:24.492 [Forwarding getCurrentWindowHandle on session 319642172572fdf8090d6c9115dd1193 to remote] DEBUG org.asynchttpclient.netty.request.NettyRequestSender - Using open Channel [id: 0x807b5911, L:/127.0.0.1:56618 - R:localhost/127.0.0.1:49921] for GET '/session/319642172572fdf8090d6c9115dd1193/window'
12:37:24.502 [AsyncHttpClient-1-2] DEBUG org.asynchttpclient.netty.handler.HttpHandler - 

Request DefaultFullHttpRequest(decodeResult: success, version: HTTP/1.1, content: EmptyByteBufBE)
GET /session/319642172572fdf8090d6c9115dd1193/window HTTP/1.1
User-Agent: selenium/4.4.0 (java windows)
Cache-Control: no-cache
Content-Type: application/json; charset=utf-8
host: localhost:49921
accept: */*

Response DefaultHttpResponse(decodeResult: success, version: HTTP/1.1)
HTTP/1.1 200 OK
Content-Type: application/json; charset=utf-8
cache-control: no-cache
content-length: 44

12:37:24.502 [AsyncHttpClient-1-2] DEBUG org.asynchttpclient.netty.channel.ChannelManager - Adding key: http://localhost:49921 for channel [id: 0x807b5911, L:/127.0.0.1:56618 - R:localhost/127.0.0.1:49921]
12:37:24.511 [Forwarding getAlertText on session 319642172572fdf8090d6c9115dd1193 to remote] DEBUG org.asynchttpclient.netty.request.NettyRequestSender - Using pooled Channel '[id: 0x807b5911, L:/127.0.0.1:56618 - R:localhost/127.0.0.1:49921]' for 'GET' to 'http://localhost:49921/session/319642172572fdf8090d6c9115dd1193/alert/text'
12:37:24.511 [Forwarding getAlertText on session 319642172572fdf8090d6c9115dd1193 to remote] DEBUG org.asynchttpclient.netty.request.NettyRequestSender - Using open Channel [id: 0x807b5911, L:/127.0.0.1:56618 - R:localhost/127.0.0.1:49921] for GET '/session/319642172572fdf8090d6c9115dd1193/alert/text'
12:37:24.521 [AsyncHttpClient-1-2] DEBUG org.asynchttpclient.netty.handler.HttpHandler - 

Request DefaultFullHttpRequest(decodeResult: success, version: HTTP/1.1, content: EmptyByteBufBE)
GET /session/319642172572fdf8090d6c9115dd1193/alert/text HTTP/1.1
User-Agent: selenium/4.4.0 (java windows)
Cache-Control: no-cache
Content-Type: application/json; charset=utf-8
host: localhost:49921
accept: */*

Response DefaultHttpResponse(decodeResult: success, version: HTTP/1.1)
HTTP/1.1 404 Not Found
Content-Type: application/json; charset=utf-8
cache-control: no-cache
content-length: 1045

12:37:24.521 [AsyncHttpClient-1-2] DEBUG org.asynchttpclient.netty.channel.ChannelManager - Adding key: http://localhost:49921 for channel [id: 0x807b5911, L:/127.0.0.1:56618 - R:localhost/127.0.0.1:49921]
12:37:24.541 [Forwarding switchToWindow on session 319642172572fdf8090d6c9115dd1193 to remote] DEBUG org.asynchttpclient.netty.request.NettyRequestSender - Using pooled Channel '[id: 0x807b5911, L:/127.0.0.1:56618 - R:localhost/127.0.0.1:49921]' for 'POST' to 'http://localhost:49921/session/319642172572fdf8090d6c9115dd1193/window'
12:37:24.541 [Forwarding switchToWindow on session 319642172572fdf8090d6c9115dd1193 to remote] DEBUG org.asynchttpclient.netty.request.NettyRequestSender - Using open Channel [id: 0x807b5911, L:/127.0.0.1:56618 - R:localhost/127.0.0.1:49921] for POST '/session/319642172572fdf8090d6c9115dd1193/window'
12:37:24.545 [AsyncHttpClient-1-2] DEBUG org.asynchttpclient.netty.handler.HttpHandler - 

Request DefaultHttpRequest(decodeResult: success, version: HTTP/1.1)
POST /session/319642172572fdf8090d6c9115dd1193/window HTTP/1.1
User-Agent: selenium/4.4.0 (java windows)
Content-Length: 50
Content-Type: application/json; charset=utf-8
host: localhost:49921
accept: */*

Response DefaultHttpResponse(decodeResult: success, version: HTTP/1.1)
HTTP/1.1 200 OK
Content-Type: application/json; charset=utf-8
cache-control: no-cache
content-length: 14

12:37:24.545 [AsyncHttpClient-1-2] DEBUG org.asynchttpclient.netty.channel.ChannelManager - Adding key: http://localhost:49921 for channel [id: 0x807b5911, L:/127.0.0.1:56618 - R:localhost/127.0.0.1:49921]
12:37:24.548 [Forwarding getCurrentUrl on session 319642172572fdf8090d6c9115dd1193 to remote] DEBUG org.asynchttpclient.netty.request.NettyRequestSender - Using pooled Channel '[id: 0x807b5911, L:/127.0.0.1:56618 - R:localhost/127.0.0.1:49921]' for 'GET' to 'http://localhost:49921/session/319642172572fdf8090d6c9115dd1193/url'
12:37:24.549 [Forwarding getCurrentUrl on session 319642172572fdf8090d6c9115dd1193 to remote] DEBUG org.asynchttpclient.netty.request.NettyRequestSender - Using open Channel [id: 0x807b5911, L:/127.0.0.1:56618 - R:localhost/127.0.0.1:49921] for GET '/session/319642172572fdf8090d6c9115dd1193/url'
12:37:24.566 [AsyncHttpClient-1-2] DEBUG org.asynchttpclient.netty.handler.HttpHandler - 

Request DefaultFullHttpRequest(decodeResult: success, version: HTTP/1.1, content: EmptyByteBufBE)
GET /session/319642172572fdf8090d6c9115dd1193/url HTTP/1.1
User-Agent: selenium/4.4.0 (java windows)
Cache-Control: no-cache
Content-Type: application/json; charset=utf-8
host: localhost:49921
accept: */*

Response DefaultHttpResponse(decodeResult: success, version: HTTP/1.1)
HTTP/1.1 200 OK
Content-Type: application/json; charset=utf-8
cache-control: no-cache
content-length: 47

12:37:24.566 [AsyncHttpClient-1-2] DEBUG org.asynchttpclient.netty.channel.ChannelManager - Adding key: http://localhost:49921 for channel [id: 0x807b5911, L:/127.0.0.1:56618 - R:localhost/127.0.0.1:49921]
12:37:24.568 [Forwarding screenshot on session 319642172572fdf8090d6c9115dd1193 to remote] DEBUG org.asynchttpclient.netty.request.NettyRequestSender - Using pooled Channel '[id: 0x807b5911, L:/127.0.0.1:56618 - R:localhost/127.0.0.1:49921]' for 'GET' to 'http://localhost:49921/session/319642172572fdf8090d6c9115dd1193/screenshot'
12:37:24.568 [Forwarding screenshot on session 319642172572fdf8090d6c9115dd1193 to remote] DEBUG org.asynchttpclient.netty.request.NettyRequestSender - Using open Channel [id: 0x807b5911, L:/127.0.0.1:56618 - R:localhost/127.0.0.1:49921] for GET '/session/319642172572fdf8090d6c9115dd1193/screenshot'
12:37:24.592 [AsyncHttpClient-1-1] DEBUG org.asynchttpclient.netty.channel.DefaultChannelPool - Entry count for : http://localhost:56619 : 1
12:37:24.693 [AsyncHttpClient-1-2] DEBUG org.asynchttpclient.netty.handler.HttpHandler - 

Request DefaultFullHttpRequest(decodeResult: success, version: HTTP/1.1, content: EmptyByteBufBE)
GET /session/319642172572fdf8090d6c9115dd1193/screenshot HTTP/1.1
User-Agent: selenium/4.4.0 (java windows)
Cache-Control: no-cache
Content-Type: application/json; charset=utf-8
host: localhost:49921
accept: */*

Response DefaultHttpResponse(decodeResult: success, version: HTTP/1.1)
HTTP/1.1 200 OK
Content-Type: application/json; charset=utf-8
cache-control: no-cache
content-length: 301368

12:37:24.694 [AsyncHttpClient-1-2] DEBUG org.asynchttpclient.netty.channel.ChannelManager - Adding key: http://localhost:49921 for channel [id: 0x807b5911, L:/127.0.0.1:56618 - R:localhost/127.0.0.1:49921]
12:37:24.705 [Test worker] DEBUG net.serenitybdd.core.photography.Darkroom - Send negative for processing for C:\Users\pcnit\Downloads\TestE2E\target\site\serenity\f3603382ebd9a62015f5417b5e43c0d246ab10f6f6acc9bc257143514a752160.png
12:37:24.717 [Forwarding getPageSource on session 319642172572fdf8090d6c9115dd1193 to remote] DEBUG org.asynchttpclient.netty.request.NettyRequestSender - Using pooled Channel '[id: 0x807b5911, L:/127.0.0.1:56618 - R:localhost/127.0.0.1:49921]' for 'POST' to 'http://localhost:49921/session/319642172572fdf8090d6c9115dd1193/execute/sync'
12:37:24.717 [Forwarding getPageSource on session 319642172572fdf8090d6c9115dd1193 to remote] DEBUG org.asynchttpclient.netty.request.NettyRequestSender - Using open Channel [id: 0x807b5911, L:/127.0.0.1:56618 - R:localhost/127.0.0.1:49921] for POST '/session/319642172572fdf8090d6c9115dd1193/execute/sync'
12:37:24.744 [AsyncHttpClient-1-2] DEBUG org.asynchttpclient.netty.handler.HttpHandler - 

Request DefaultHttpRequest(decodeResult: success, version: HTTP/1.1)
POST /session/319642172572fdf8090d6c9115dd1193/execute/sync HTTP/1.1
User-Agent: selenium/4.4.0 (java windows)
Content-Length: 176
Content-Type: application/json; charset=utf-8
host: localhost:49921
accept: */*

Response DefaultHttpResponse(decodeResult: success, version: HTTP/1.1)
HTTP/1.1 200 OK
Content-Type: application/json; charset=utf-8
cache-control: no-cache
content-length: 57331

12:37:24.745 [AsyncHttpClient-1-2] DEBUG org.asynchttpclient.netty.channel.ChannelManager - Adding key: http://localhost:49921 for channel [id: 0x807b5911, L:/127.0.0.1:56618 - R:localhost/127.0.0.1:49921]
12:37:24.753 [Forwarding getCurrentUrl on session 319642172572fdf8090d6c9115dd1193 to remote] DEBUG org.asynchttpclient.netty.request.NettyRequestSender - Using pooled Channel '[id: 0x807b5911, L:/127.0.0.1:56618 - R:localhost/127.0.0.1:49921]' for 'GET' to 'http://localhost:49921/session/319642172572fdf8090d6c9115dd1193/url'
12:37:24.754 [Forwarding getCurrentUrl on session 319642172572fdf8090d6c9115dd1193 to remote] DEBUG org.asynchttpclient.netty.request.NettyRequestSender - Using open Channel [id: 0x807b5911, L:/127.0.0.1:56618 - R:localhost/127.0.0.1:49921] for GET '/session/319642172572fdf8090d6c9115dd1193/url'
12:37:24.781 [AsyncHttpClient-1-2] DEBUG org.asynchttpclient.netty.handler.HttpHandler - 

Request DefaultFullHttpRequest(decodeResult: success, version: HTTP/1.1, content: EmptyByteBufBE)
GET /session/319642172572fdf8090d6c9115dd1193/url HTTP/1.1
User-Agent: selenium/4.4.0 (java windows)
Cache-Control: no-cache
Content-Type: application/json; charset=utf-8
host: localhost:49921
accept: */*

Response DefaultHttpResponse(decodeResult: success, version: HTTP/1.1)
HTTP/1.1 200 OK
Content-Type: application/json; charset=utf-8
cache-control: no-cache
content-length: 47

12:37:24.781 [AsyncHttpClient-1-2] DEBUG org.asynchttpclient.netty.channel.ChannelManager - Adding key: http://localhost:49921 for channel [id: 0x807b5911, L:/127.0.0.1:56618 - R:localhost/127.0.0.1:49921]
12:37:24.834 [Forwarding getCurrentWindowHandle on session 319642172572fdf8090d6c9115dd1193 to remote] DEBUG org.asynchttpclient.netty.request.NettyRequestSender - Using pooled Channel '[id: 0x807b5911, L:/127.0.0.1:56618 - R:localhost/127.0.0.1:49921]' for 'GET' to 'http://localhost:49921/session/319642172572fdf8090d6c9115dd1193/window'
12:37:24.835 [Forwarding getCurrentWindowHandle on session 319642172572fdf8090d6c9115dd1193 to remote] DEBUG org.asynchttpclient.netty.request.NettyRequestSender - Using open Channel [id: 0x807b5911, L:/127.0.0.1:56618 - R:localhost/127.0.0.1:49921] for GET '/session/319642172572fdf8090d6c9115dd1193/window'
12:37:24.846 [AsyncHttpClient-1-2] DEBUG org.asynchttpclient.netty.handler.HttpHandler - 

Request DefaultFullHttpRequest(decodeResult: success, version: HTTP/1.1, content: EmptyByteBufBE)
GET /session/319642172572fdf8090d6c9115dd1193/window HTTP/1.1
User-Agent: selenium/4.4.0 (java windows)
Cache-Control: no-cache
Content-Type: application/json; charset=utf-8
host: localhost:49921
accept: */*

Response DefaultHttpResponse(decodeResult: success, version: HTTP/1.1)
HTTP/1.1 200 OK
Content-Type: application/json; charset=utf-8
cache-control: no-cache
content-length: 44

12:37:24.846 [AsyncHttpClient-1-2] DEBUG org.asynchttpclient.netty.channel.ChannelManager - Adding key: http://localhost:49921 for channel [id: 0x807b5911, L:/127.0.0.1:56618 - R:localhost/127.0.0.1:49921]
12:37:24.856 [Forwarding getAlertText on session 319642172572fdf8090d6c9115dd1193 to remote] DEBUG org.asynchttpclient.netty.request.NettyRequestSender - Using pooled Channel '[id: 0x807b5911, L:/127.0.0.1:56618 - R:localhost/127.0.0.1:49921]' for 'GET' to 'http://localhost:49921/session/319642172572fdf8090d6c9115dd1193/alert/text'
12:37:24.856 [Forwarding getAlertText on session 319642172572fdf8090d6c9115dd1193 to remote] DEBUG org.asynchttpclient.netty.request.NettyRequestSender - Using open Channel [id: 0x807b5911, L:/127.0.0.1:56618 - R:localhost/127.0.0.1:49921] for GET '/session/319642172572fdf8090d6c9115dd1193/alert/text'
12:37:24.867 [AsyncHttpClient-1-2] DEBUG org.asynchttpclient.netty.handler.HttpHandler - 

Request DefaultFullHttpRequest(decodeResult: success, version: HTTP/1.1, content: EmptyByteBufBE)
GET /session/319642172572fdf8090d6c9115dd1193/alert/text HTTP/1.1
User-Agent: selenium/4.4.0 (java windows)
Cache-Control: no-cache
Content-Type: application/json; charset=utf-8
host: localhost:49921
accept: */*

Response DefaultHttpResponse(decodeResult: success, version: HTTP/1.1)
HTTP/1.1 404 Not Found
Content-Type: application/json; charset=utf-8
cache-control: no-cache
content-length: 1045

12:37:24.867 [AsyncHttpClient-1-2] DEBUG org.asynchttpclient.netty.channel.ChannelManager - Adding key: http://localhost:49921 for channel [id: 0x807b5911, L:/127.0.0.1:56618 - R:localhost/127.0.0.1:49921]
12:37:24.872 [Forwarding switchToWindow on session 319642172572fdf8090d6c9115dd1193 to remote] DEBUG org.asynchttpclient.netty.request.NettyRequestSender - Using pooled Channel '[id: 0x807b5911, L:/127.0.0.1:56618 - R:localhost/127.0.0.1:49921]' for 'POST' to 'http://localhost:49921/session/319642172572fdf8090d6c9115dd1193/window'
12:37:24.872 [Forwarding switchToWindow on session 319642172572fdf8090d6c9115dd1193 to remote] DEBUG org.asynchttpclient.netty.request.NettyRequestSender - Using open Channel [id: 0x807b5911, L:/127.0.0.1:56618 - R:localhost/127.0.0.1:49921] for POST '/session/319642172572fdf8090d6c9115dd1193/window'
12:37:24.875 [AsyncHttpClient-1-2] DEBUG org.asynchttpclient.netty.handler.HttpHandler - 

Request DefaultHttpRequest(decodeResult: success, version: HTTP/1.1)
POST /session/319642172572fdf8090d6c9115dd1193/window HTTP/1.1
User-Agent: selenium/4.4.0 (java windows)
Content-Length: 50
Content-Type: application/json; charset=utf-8
host: localhost:49921
accept: */*

Response DefaultHttpResponse(decodeResult: success, version: HTTP/1.1)
HTTP/1.1 200 OK
Content-Type: application/json; charset=utf-8
cache-control: no-cache
content-length: 14

12:37:24.875 [AsyncHttpClient-1-2] DEBUG org.asynchttpclient.netty.channel.ChannelManager - Adding key: http://localhost:49921 for channel [id: 0x807b5911, L:/127.0.0.1:56618 - R:localhost/127.0.0.1:49921]
12:37:24.875 [Forwarding getCurrentUrl on session 319642172572fdf8090d6c9115dd1193 to remote] DEBUG org.asynchttpclient.netty.request.NettyRequestSender - Using pooled Channel '[id: 0x807b5911, L:/127.0.0.1:56618 - R:localhost/127.0.0.1:49921]' for 'GET' to 'http://localhost:49921/session/319642172572fdf8090d6c9115dd1193/url'
12:37:24.875 [Forwarding getCurrentUrl on session 319642172572fdf8090d6c9115dd1193 to remote] DEBUG org.asynchttpclient.netty.request.NettyRequestSender - Using open Channel [id: 0x807b5911, L:/127.0.0.1:56618 - R:localhost/127.0.0.1:49921] for GET '/session/319642172572fdf8090d6c9115dd1193/url'
12:37:24.887 [AsyncHttpClient-1-2] DEBUG org.asynchttpclient.netty.handler.HttpHandler - 

Request DefaultFullHttpRequest(decodeResult: success, version: HTTP/1.1, content: EmptyByteBufBE)
GET /session/319642172572fdf8090d6c9115dd1193/url HTTP/1.1
User-Agent: selenium/4.4.0 (java windows)
Cache-Control: no-cache
Content-Type: application/json; charset=utf-8
host: localhost:49921
accept: */*

Response DefaultHttpResponse(decodeResult: success, version: HTTP/1.1)
HTTP/1.1 200 OK
Content-Type: application/json; charset=utf-8
cache-control: no-cache
content-length: 47

12:37:24.887 [AsyncHttpClient-1-2] DEBUG org.asynchttpclient.netty.channel.ChannelManager - Adding key: http://localhost:49921 for channel [id: 0x807b5911, L:/127.0.0.1:56618 - R:localhost/127.0.0.1:49921]
12:37:24.888 [Forwarding screenshot on session 319642172572fdf8090d6c9115dd1193 to remote] DEBUG org.asynchttpclient.netty.request.NettyRequestSender - Using pooled Channel '[id: 0x807b5911, L:/127.0.0.1:56618 - R:localhost/127.0.0.1:49921]' for 'GET' to 'http://localhost:49921/session/319642172572fdf8090d6c9115dd1193/screenshot'
12:37:24.888 [Forwarding screenshot on session 319642172572fdf8090d6c9115dd1193 to remote] DEBUG org.asynchttpclient.netty.request.NettyRequestSender - Using open Channel [id: 0x807b5911, L:/127.0.0.1:56618 - R:localhost/127.0.0.1:49921] for GET '/session/319642172572fdf8090d6c9115dd1193/screenshot'
12:37:25.022 [AsyncHttpClient-1-2] DEBUG org.asynchttpclient.netty.handler.HttpHandler - 

Request DefaultFullHttpRequest(decodeResult: success, version: HTTP/1.1, content: EmptyByteBufBE)
GET /session/319642172572fdf8090d6c9115dd1193/screenshot HTTP/1.1
User-Agent: selenium/4.4.0 (java windows)
Cache-Control: no-cache
Content-Type: application/json; charset=utf-8
host: localhost:49921
accept: */*

Response DefaultHttpResponse(decodeResult: success, version: HTTP/1.1)
HTTP/1.1 200 OK
Content-Type: application/json; charset=utf-8
cache-control: no-cache
content-length: 301368

12:37:25.023 [AsyncHttpClient-1-2] DEBUG org.asynchttpclient.netty.channel.ChannelManager - Adding key: http://localhost:49921 for channel [id: 0x807b5911, L:/127.0.0.1:56618 - R:localhost/127.0.0.1:49921]
12:37:25.031 [Test worker] DEBUG net.serenitybdd.core.photography.Darkroom - Send negative for processing for C:\Users\pcnit\Downloads\TestE2E\target\site\serenity\f3603382ebd9a62015f5417b5e43c0d246ab10f6f6acc9bc257143514a752160.png
12:37:25.031 [Test worker] DEBUG net.thucydides.core.steps.StepInterceptor - STEP DONE: {0} enters #theTextAsAString into #target
12:37:25.064 [Forwarding getPageSource on session 319642172572fdf8090d6c9115dd1193 to remote] DEBUG org.asynchttpclient.netty.request.NettyRequestSender - Using pooled Channel '[id: 0x807b5911, L:/127.0.0.1:56618 - R:localhost/127.0.0.1:49921]' for 'POST' to 'http://localhost:49921/session/319642172572fdf8090d6c9115dd1193/execute/sync'
12:37:25.064 [Forwarding getPageSource on session 319642172572fdf8090d6c9115dd1193 to remote] DEBUG org.asynchttpclient.netty.request.NettyRequestSender - Using open Channel [id: 0x807b5911, L:/127.0.0.1:56618 - R:localhost/127.0.0.1:49921] for POST '/session/319642172572fdf8090d6c9115dd1193/execute/sync'
12:37:25.079 [AsyncHttpClient-1-2] DEBUG org.asynchttpclient.netty.handler.HttpHandler - 

Request DefaultHttpRequest(decodeResult: success, version: HTTP/1.1)
POST /session/319642172572fdf8090d6c9115dd1193/execute/sync HTTP/1.1
User-Agent: selenium/4.4.0 (java windows)
Content-Length: 176
Content-Type: application/json; charset=utf-8
host: localhost:49921
accept: */*

Response DefaultHttpResponse(decodeResult: success, version: HTTP/1.1)
HTTP/1.1 200 OK
Content-Type: application/json; charset=utf-8
cache-control: no-cache
content-length: 57331

12:37:25.079 [AsyncHttpClient-1-2] DEBUG org.asynchttpclient.netty.channel.ChannelManager - Adding key: http://localhost:49921 for channel [id: 0x807b5911, L:/127.0.0.1:56618 - R:localhost/127.0.0.1:49921]
12:37:25.085 [Forwarding getCurrentUrl on session 319642172572fdf8090d6c9115dd1193 to remote] DEBUG org.asynchttpclient.netty.request.NettyRequestSender - Using pooled Channel '[id: 0x807b5911, L:/127.0.0.1:56618 - R:localhost/127.0.0.1:49921]' for 'GET' to 'http://localhost:49921/session/319642172572fdf8090d6c9115dd1193/url'
12:37:25.085 [Forwarding getCurrentUrl on session 319642172572fdf8090d6c9115dd1193 to remote] DEBUG org.asynchttpclient.netty.request.NettyRequestSender - Using open Channel [id: 0x807b5911, L:/127.0.0.1:56618 - R:localhost/127.0.0.1:49921] for GET '/session/319642172572fdf8090d6c9115dd1193/url'
12:37:25.103 [AsyncHttpClient-1-2] DEBUG org.asynchttpclient.netty.handler.HttpHandler - 

Request DefaultFullHttpRequest(decodeResult: success, version: HTTP/1.1, content: EmptyByteBufBE)
GET /session/319642172572fdf8090d6c9115dd1193/url HTTP/1.1
User-Agent: selenium/4.4.0 (java windows)
Cache-Control: no-cache
Content-Type: application/json; charset=utf-8
host: localhost:49921
accept: */*

Response DefaultHttpResponse(decodeResult: success, version: HTTP/1.1)
HTTP/1.1 200 OK
Content-Type: application/json; charset=utf-8
cache-control: no-cache
content-length: 47

12:37:25.103 [AsyncHttpClient-1-2] DEBUG org.asynchttpclient.netty.channel.ChannelManager - Adding key: http://localhost:49921 for channel [id: 0x807b5911, L:/127.0.0.1:56618 - R:localhost/127.0.0.1:49921]
12:37:25.106 [Test worker] DEBUG net.thucydides.core.steps.StepInterceptor - STARTING STEP: PlaceOrder.performAs - {0} enters #theTextAsAString into #target
12:37:25.117 [Test worker] DEBUG net.serenitybdd.screenplay.targets.IFrameSwitcher - default content already selected for selecciona PLACE ORDER
12:37:25.147 [Forwarding findElement on session 319642172572fdf8090d6c9115dd1193 to remote] DEBUG org.asynchttpclient.netty.request.NettyRequestSender - Using pooled Channel '[id: 0x807b5911, L:/127.0.0.1:56618 - R:localhost/127.0.0.1:49921]' for 'POST' to 'http://localhost:49921/session/319642172572fdf8090d6c9115dd1193/element'
12:37:25.147 [Forwarding findElement on session 319642172572fdf8090d6c9115dd1193 to remote] DEBUG org.asynchttpclient.netty.request.NettyRequestSender - Using open Channel [id: 0x807b5911, L:/127.0.0.1:56618 - R:localhost/127.0.0.1:49921] for POST '/session/319642172572fdf8090d6c9115dd1193/element'
12:37:25.169 [AsyncHttpClient-1-2] DEBUG org.asynchttpclient.netty.handler.HttpHandler - 

Request DefaultHttpRequest(decodeResult: success, version: HTTP/1.1)
POST /session/319642172572fdf8090d6c9115dd1193/element HTTP/1.1
User-Agent: selenium/4.4.0 (java windows)
Content-Length: 65
Content-Type: application/json; charset=utf-8
host: localhost:49921
accept: */*

Response DefaultHttpResponse(decodeResult: success, version: HTTP/1.1)
HTTP/1.1 200 OK
Content-Type: application/json; charset=utf-8
cache-control: no-cache
content-length: 127

12:37:25.169 [AsyncHttpClient-1-2] DEBUG org.asynchttpclient.netty.channel.ChannelManager - Adding key: http://localhost:49921 for channel [id: 0x807b5911, L:/127.0.0.1:56618 - R:localhost/127.0.0.1:49921]
12:37:25.170 [Forwarding clearElement on session 319642172572fdf8090d6c9115dd1193 to remote] DEBUG org.asynchttpclient.netty.request.NettyRequestSender - Using pooled Channel '[id: 0x807b5911, L:/127.0.0.1:56618 - R:localhost/127.0.0.1:49921]' for 'POST' to 'http://localhost:49921/session/319642172572fdf8090d6c9115dd1193/element/f.77D77E48C717A5F8144E3521F6891EC1.d.8C715979609D122D0F50FF40744A4ED1.e.369/clear'
12:37:25.170 [Forwarding clearElement on session 319642172572fdf8090d6c9115dd1193 to remote] DEBUG org.asynchttpclient.netty.request.NettyRequestSender - Using open Channel [id: 0x807b5911, L:/127.0.0.1:56618 - R:localhost/127.0.0.1:49921] for POST '/session/319642172572fdf8090d6c9115dd1193/element/f.77D77E48C717A5F8144E3521F6891EC1.d.8C715979609D122D0F50FF40744A4ED1.e.369/clear'
12:37:25.198 [AsyncHttpClient-1-2] DEBUG org.asynchttpclient.netty.handler.HttpHandler - 

Request DefaultHttpRequest(decodeResult: success, version: HTTP/1.1)
POST /session/319642172572fdf8090d6c9115dd1193/element/f.77D77E48C717A5F8144E3521F6891EC1.d.8C715979609D122D0F50FF40744A4ED1.e.369/clear HTTP/1.1
User-Agent: selenium/4.4.0 (java windows)
Content-Length: 89
Content-Type: application/json; charset=utf-8
host: localhost:49921
accept: */*

Response DefaultHttpResponse(decodeResult: success, version: HTTP/1.1)
HTTP/1.1 200 OK
Content-Type: application/json; charset=utf-8
cache-control: no-cache
content-length: 14

12:37:25.198 [AsyncHttpClient-1-2] DEBUG org.asynchttpclient.netty.channel.ChannelManager - Adding key: http://localhost:49921 for channel [id: 0x807b5911, L:/127.0.0.1:56618 - R:localhost/127.0.0.1:49921]
12:37:25.206 [Forwarding sendKeysToElement on session 319642172572fdf8090d6c9115dd1193 to remote] DEBUG org.asynchttpclient.netty.request.NettyRequestSender - Using pooled Channel '[id: 0x807b5911, L:/127.0.0.1:56618 - R:localhost/127.0.0.1:49921]' for 'POST' to 'http://localhost:49921/session/319642172572fdf8090d6c9115dd1193/element/f.77D77E48C717A5F8144E3521F6891EC1.d.8C715979609D122D0F50FF40744A4ED1.e.369/value'
12:37:25.206 [Forwarding sendKeysToElement on session 319642172572fdf8090d6c9115dd1193 to remote] DEBUG org.asynchttpclient.netty.request.NettyRequestSender - Using open Channel [id: 0x807b5911, L:/127.0.0.1:56618 - R:localhost/127.0.0.1:49921] for POST '/session/319642172572fdf8090d6c9115dd1193/element/f.77D77E48C717A5F8144E3521F6891EC1.d.8C715979609D122D0F50FF40744A4ED1.e.369/value'
12:37:25.318 [AsyncHttpClient-1-2] DEBUG org.asynchttpclient.netty.handler.HttpHandler - 

Request DefaultHttpRequest(decodeResult: success, version: HTTP/1.1)
POST /session/319642172572fdf8090d6c9115dd1193/element/f.77D77E48C717A5F8144E3521F6891EC1.d.8C715979609D122D0F50FF40744A4ED1.e.369/value HTTP/1.1
User-Agent: selenium/4.4.0 (java windows)
Content-Length: 140
Content-Type: application/json; charset=utf-8
host: localhost:49921
accept: */*

Response DefaultHttpResponse(decodeResult: success, version: HTTP/1.1)
HTTP/1.1 200 OK
Content-Type: application/json; charset=utf-8
cache-control: no-cache
content-length: 14

12:37:25.318 [AsyncHttpClient-1-2] DEBUG org.asynchttpclient.netty.channel.ChannelManager - Adding key: http://localhost:49921 for channel [id: 0x807b5911, L:/127.0.0.1:56618 - R:localhost/127.0.0.1:49921]
12:37:25.357 [Forwarding getCurrentWindowHandle on session 319642172572fdf8090d6c9115dd1193 to remote] DEBUG org.asynchttpclient.netty.request.NettyRequestSender - Using pooled Channel '[id: 0x807b5911, L:/127.0.0.1:56618 - R:localhost/127.0.0.1:49921]' for 'GET' to 'http://localhost:49921/session/319642172572fdf8090d6c9115dd1193/window'
12:37:25.357 [Forwarding getCurrentWindowHandle on session 319642172572fdf8090d6c9115dd1193 to remote] DEBUG org.asynchttpclient.netty.request.NettyRequestSender - Using open Channel [id: 0x807b5911, L:/127.0.0.1:56618 - R:localhost/127.0.0.1:49921] for GET '/session/319642172572fdf8090d6c9115dd1193/window'
12:37:25.367 [AsyncHttpClient-1-2] DEBUG org.asynchttpclient.netty.handler.HttpHandler - 

Request DefaultFullHttpRequest(decodeResult: success, version: HTTP/1.1, content: EmptyByteBufBE)
GET /session/319642172572fdf8090d6c9115dd1193/window HTTP/1.1
User-Agent: selenium/4.4.0 (java windows)
Cache-Control: no-cache
Content-Type: application/json; charset=utf-8
host: localhost:49921
accept: */*

Response DefaultHttpResponse(decodeResult: success, version: HTTP/1.1)
HTTP/1.1 200 OK
Content-Type: application/json; charset=utf-8
cache-control: no-cache
content-length: 44

12:37:25.367 [AsyncHttpClient-1-2] DEBUG org.asynchttpclient.netty.channel.ChannelManager - Adding key: http://localhost:49921 for channel [id: 0x807b5911, L:/127.0.0.1:56618 - R:localhost/127.0.0.1:49921]
12:37:25.378 [Forwarding getAlertText on session 319642172572fdf8090d6c9115dd1193 to remote] DEBUG org.asynchttpclient.netty.request.NettyRequestSender - Using pooled Channel '[id: 0x807b5911, L:/127.0.0.1:56618 - R:localhost/127.0.0.1:49921]' for 'GET' to 'http://localhost:49921/session/319642172572fdf8090d6c9115dd1193/alert/text'
12:37:25.379 [Forwarding getAlertText on session 319642172572fdf8090d6c9115dd1193 to remote] DEBUG org.asynchttpclient.netty.request.NettyRequestSender - Using open Channel [id: 0x807b5911, L:/127.0.0.1:56618 - R:localhost/127.0.0.1:49921] for GET '/session/319642172572fdf8090d6c9115dd1193/alert/text'
12:37:25.392 [AsyncHttpClient-1-2] DEBUG org.asynchttpclient.netty.handler.HttpHandler - 

Request DefaultFullHttpRequest(decodeResult: success, version: HTTP/1.1, content: EmptyByteBufBE)
GET /session/319642172572fdf8090d6c9115dd1193/alert/text HTTP/1.1
User-Agent: selenium/4.4.0 (java windows)
Cache-Control: no-cache
Content-Type: application/json; charset=utf-8
host: localhost:49921
accept: */*

Response DefaultHttpResponse(decodeResult: success, version: HTTP/1.1)
HTTP/1.1 404 Not Found
Content-Type: application/json; charset=utf-8
cache-control: no-cache
content-length: 1045

12:37:25.393 [AsyncHttpClient-1-2] DEBUG org.asynchttpclient.netty.channel.ChannelManager - Adding key: http://localhost:49921 for channel [id: 0x807b5911, L:/127.0.0.1:56618 - R:localhost/127.0.0.1:49921]
12:37:25.408 [Forwarding switchToWindow on session 319642172572fdf8090d6c9115dd1193 to remote] DEBUG org.asynchttpclient.netty.request.NettyRequestSender - Using pooled Channel '[id: 0x807b5911, L:/127.0.0.1:56618 - R:localhost/127.0.0.1:49921]' for 'POST' to 'http://localhost:49921/session/319642172572fdf8090d6c9115dd1193/window'
12:37:25.408 [Forwarding switchToWindow on session 319642172572fdf8090d6c9115dd1193 to remote] DEBUG org.asynchttpclient.netty.request.NettyRequestSender - Using open Channel [id: 0x807b5911, L:/127.0.0.1:56618 - R:localhost/127.0.0.1:49921] for POST '/session/319642172572fdf8090d6c9115dd1193/window'
12:37:25.412 [AsyncHttpClient-1-2] DEBUG org.asynchttpclient.netty.handler.HttpHandler - 

Request DefaultHttpRequest(decodeResult: success, version: HTTP/1.1)
POST /session/319642172572fdf8090d6c9115dd1193/window HTTP/1.1
User-Agent: selenium/4.4.0 (java windows)
Content-Length: 50
Content-Type: application/json; charset=utf-8
host: localhost:49921
accept: */*

Response DefaultHttpResponse(decodeResult: success, version: HTTP/1.1)
HTTP/1.1 200 OK
Content-Type: application/json; charset=utf-8
cache-control: no-cache
content-length: 14

12:37:25.412 [AsyncHttpClient-1-2] DEBUG org.asynchttpclient.netty.channel.ChannelManager - Adding key: http://localhost:49921 for channel [id: 0x807b5911, L:/127.0.0.1:56618 - R:localhost/127.0.0.1:49921]
12:37:25.413 [Forwarding getCurrentUrl on session 319642172572fdf8090d6c9115dd1193 to remote] DEBUG org.asynchttpclient.netty.request.NettyRequestSender - Using pooled Channel '[id: 0x807b5911, L:/127.0.0.1:56618 - R:localhost/127.0.0.1:49921]' for 'GET' to 'http://localhost:49921/session/319642172572fdf8090d6c9115dd1193/url'
12:37:25.413 [Forwarding getCurrentUrl on session 319642172572fdf8090d6c9115dd1193 to remote] DEBUG org.asynchttpclient.netty.request.NettyRequestSender - Using open Channel [id: 0x807b5911, L:/127.0.0.1:56618 - R:localhost/127.0.0.1:49921] for GET '/session/319642172572fdf8090d6c9115dd1193/url'
12:37:25.431 [AsyncHttpClient-1-2] DEBUG org.asynchttpclient.netty.handler.HttpHandler - 

Request DefaultFullHttpRequest(decodeResult: success, version: HTTP/1.1, content: EmptyByteBufBE)
GET /session/319642172572fdf8090d6c9115dd1193/url HTTP/1.1
User-Agent: selenium/4.4.0 (java windows)
Cache-Control: no-cache
Content-Type: application/json; charset=utf-8
host: localhost:49921
accept: */*

Response DefaultHttpResponse(decodeResult: success, version: HTTP/1.1)
HTTP/1.1 200 OK
Content-Type: application/json; charset=utf-8
cache-control: no-cache
content-length: 47

12:37:25.432 [AsyncHttpClient-1-2] DEBUG org.asynchttpclient.netty.channel.ChannelManager - Adding key: http://localhost:49921 for channel [id: 0x807b5911, L:/127.0.0.1:56618 - R:localhost/127.0.0.1:49921]
12:37:25.433 [Forwarding screenshot on session 319642172572fdf8090d6c9115dd1193 to remote] DEBUG org.asynchttpclient.netty.request.NettyRequestSender - Using pooled Channel '[id: 0x807b5911, L:/127.0.0.1:56618 - R:localhost/127.0.0.1:49921]' for 'GET' to 'http://localhost:49921/session/319642172572fdf8090d6c9115dd1193/screenshot'
12:37:25.433 [Forwarding screenshot on session 319642172572fdf8090d6c9115dd1193 to remote] DEBUG org.asynchttpclient.netty.request.NettyRequestSender - Using open Channel [id: 0x807b5911, L:/127.0.0.1:56618 - R:localhost/127.0.0.1:49921] for GET '/session/319642172572fdf8090d6c9115dd1193/screenshot'
12:37:25.563 [AsyncHttpClient-1-2] DEBUG org.asynchttpclient.netty.handler.HttpHandler - 

Request DefaultFullHttpRequest(decodeResult: success, version: HTTP/1.1, content: EmptyByteBufBE)
GET /session/319642172572fdf8090d6c9115dd1193/screenshot HTTP/1.1
User-Agent: selenium/4.4.0 (java windows)
Cache-Control: no-cache
Content-Type: application/json; charset=utf-8
host: localhost:49921
accept: */*

Response DefaultHttpResponse(decodeResult: success, version: HTTP/1.1)
HTTP/1.1 200 OK
Content-Type: application/json; charset=utf-8
cache-control: no-cache
content-length: 302304

12:37:25.564 [AsyncHttpClient-1-2] DEBUG org.asynchttpclient.netty.channel.ChannelManager - Adding key: http://localhost:49921 for channel [id: 0x807b5911, L:/127.0.0.1:56618 - R:localhost/127.0.0.1:49921]
12:37:25.575 [Test worker] DEBUG net.serenitybdd.core.photography.Darkroom - Send negative for processing for C:\Users\pcnit\Downloads\TestE2E\target\site\serenity\3d236c062757a39a2cb753b96d2d00433ecb813c007ac8323d47f7d95e2f4340.png
12:37:25.589 [Forwarding getPageSource on session 319642172572fdf8090d6c9115dd1193 to remote] DEBUG org.asynchttpclient.netty.request.NettyRequestSender - Using pooled Channel '[id: 0x807b5911, L:/127.0.0.1:56618 - R:localhost/127.0.0.1:49921]' for 'POST' to 'http://localhost:49921/session/319642172572fdf8090d6c9115dd1193/execute/sync'
12:37:25.589 [Forwarding getPageSource on session 319642172572fdf8090d6c9115dd1193 to remote] DEBUG org.asynchttpclient.netty.request.NettyRequestSender - Using open Channel [id: 0x807b5911, L:/127.0.0.1:56618 - R:localhost/127.0.0.1:49921] for POST '/session/319642172572fdf8090d6c9115dd1193/execute/sync'
12:37:25.614 [AsyncHttpClient-1-2] DEBUG org.asynchttpclient.netty.handler.HttpHandler - 

Request DefaultHttpRequest(decodeResult: success, version: HTTP/1.1)
POST /session/319642172572fdf8090d6c9115dd1193/execute/sync HTTP/1.1
User-Agent: selenium/4.4.0 (java windows)
Content-Length: 176
Content-Type: application/json; charset=utf-8
host: localhost:49921
accept: */*

Response DefaultHttpResponse(decodeResult: success, version: HTTP/1.1)
HTTP/1.1 200 OK
Content-Type: application/json; charset=utf-8
cache-control: no-cache
content-length: 57331

12:37:25.614 [AsyncHttpClient-1-2] DEBUG org.asynchttpclient.netty.channel.ChannelManager - Adding key: http://localhost:49921 for channel [id: 0x807b5911, L:/127.0.0.1:56618 - R:localhost/127.0.0.1:49921]
12:37:25.622 [Forwarding getCurrentUrl on session 319642172572fdf8090d6c9115dd1193 to remote] DEBUG org.asynchttpclient.netty.request.NettyRequestSender - Using pooled Channel '[id: 0x807b5911, L:/127.0.0.1:56618 - R:localhost/127.0.0.1:49921]' for 'GET' to 'http://localhost:49921/session/319642172572fdf8090d6c9115dd1193/url'
12:37:25.622 [Forwarding getCurrentUrl on session 319642172572fdf8090d6c9115dd1193 to remote] DEBUG org.asynchttpclient.netty.request.NettyRequestSender - Using open Channel [id: 0x807b5911, L:/127.0.0.1:56618 - R:localhost/127.0.0.1:49921] for GET '/session/319642172572fdf8090d6c9115dd1193/url'
12:37:25.641 [AsyncHttpClient-1-2] DEBUG org.asynchttpclient.netty.handler.HttpHandler - 

Request DefaultFullHttpRequest(decodeResult: success, version: HTTP/1.1, content: EmptyByteBufBE)
GET /session/319642172572fdf8090d6c9115dd1193/url HTTP/1.1
User-Agent: selenium/4.4.0 (java windows)
Cache-Control: no-cache
Content-Type: application/json; charset=utf-8
host: localhost:49921
accept: */*

Response DefaultHttpResponse(decodeResult: success, version: HTTP/1.1)
HTTP/1.1 200 OK
Content-Type: application/json; charset=utf-8
cache-control: no-cache
content-length: 47

12:37:25.642 [AsyncHttpClient-1-2] DEBUG org.asynchttpclient.netty.channel.ChannelManager - Adding key: http://localhost:49921 for channel [id: 0x807b5911, L:/127.0.0.1:56618 - R:localhost/127.0.0.1:49921]
12:37:25.693 [AsyncHttpClient-1-1] DEBUG org.asynchttpclient.netty.channel.DefaultChannelPool - Entry count for : http://localhost:56619 : 1
12:37:25.693 [AsyncHttpClient-1-1] DEBUG org.asynchttpclient.netty.channel.DefaultChannelPool - Entry count for : http://localhost:49921 : 1
12:37:25.702 [Forwarding getCurrentWindowHandle on session 319642172572fdf8090d6c9115dd1193 to remote] DEBUG org.asynchttpclient.netty.request.NettyRequestSender - Using pooled Channel '[id: 0x807b5911, L:/127.0.0.1:56618 - R:localhost/127.0.0.1:49921]' for 'GET' to 'http://localhost:49921/session/319642172572fdf8090d6c9115dd1193/window'
12:37:25.702 [Forwarding getCurrentWindowHandle on session 319642172572fdf8090d6c9115dd1193 to remote] DEBUG org.asynchttpclient.netty.request.NettyRequestSender - Using open Channel [id: 0x807b5911, L:/127.0.0.1:56618 - R:localhost/127.0.0.1:49921] for GET '/session/319642172572fdf8090d6c9115dd1193/window'
12:37:25.713 [AsyncHttpClient-1-2] DEBUG org.asynchttpclient.netty.handler.HttpHandler - 

Request DefaultFullHttpRequest(decodeResult: success, version: HTTP/1.1, content: EmptyByteBufBE)
GET /session/319642172572fdf8090d6c9115dd1193/window HTTP/1.1
User-Agent: selenium/4.4.0 (java windows)
Cache-Control: no-cache
Content-Type: application/json; charset=utf-8
host: localhost:49921
accept: */*

Response DefaultHttpResponse(decodeResult: success, version: HTTP/1.1)
HTTP/1.1 200 OK
Content-Type: application/json; charset=utf-8
cache-control: no-cache
content-length: 44

12:37:25.713 [AsyncHttpClient-1-2] DEBUG org.asynchttpclient.netty.channel.ChannelManager - Adding key: http://localhost:49921 for channel [id: 0x807b5911, L:/127.0.0.1:56618 - R:localhost/127.0.0.1:49921]
12:37:25.726 [Forwarding getAlertText on session 319642172572fdf8090d6c9115dd1193 to remote] DEBUG org.asynchttpclient.netty.request.NettyRequestSender - Using pooled Channel '[id: 0x807b5911, L:/127.0.0.1:56618 - R:localhost/127.0.0.1:49921]' for 'GET' to 'http://localhost:49921/session/319642172572fdf8090d6c9115dd1193/alert/text'
12:37:25.726 [Forwarding getAlertText on session 319642172572fdf8090d6c9115dd1193 to remote] DEBUG org.asynchttpclient.netty.request.NettyRequestSender - Using open Channel [id: 0x807b5911, L:/127.0.0.1:56618 - R:localhost/127.0.0.1:49921] for GET '/session/319642172572fdf8090d6c9115dd1193/alert/text'
12:37:25.740 [AsyncHttpClient-1-2] DEBUG org.asynchttpclient.netty.handler.HttpHandler - 

Request DefaultFullHttpRequest(decodeResult: success, version: HTTP/1.1, content: EmptyByteBufBE)
GET /session/319642172572fdf8090d6c9115dd1193/alert/text HTTP/1.1
User-Agent: selenium/4.4.0 (java windows)
Cache-Control: no-cache
Content-Type: application/json; charset=utf-8
host: localhost:49921
accept: */*

Response DefaultHttpResponse(decodeResult: success, version: HTTP/1.1)
HTTP/1.1 404 Not Found
Content-Type: application/json; charset=utf-8
cache-control: no-cache
content-length: 1045

12:37:25.740 [AsyncHttpClient-1-2] DEBUG org.asynchttpclient.netty.channel.ChannelManager - Adding key: http://localhost:49921 for channel [id: 0x807b5911, L:/127.0.0.1:56618 - R:localhost/127.0.0.1:49921]
12:37:25.749 [Forwarding switchToWindow on session 319642172572fdf8090d6c9115dd1193 to remote] DEBUG org.asynchttpclient.netty.request.NettyRequestSender - Using pooled Channel '[id: 0x807b5911, L:/127.0.0.1:56618 - R:localhost/127.0.0.1:49921]' for 'POST' to 'http://localhost:49921/session/319642172572fdf8090d6c9115dd1193/window'
12:37:25.749 [Forwarding switchToWindow on session 319642172572fdf8090d6c9115dd1193 to remote] DEBUG org.asynchttpclient.netty.request.NettyRequestSender - Using open Channel [id: 0x807b5911, L:/127.0.0.1:56618 - R:localhost/127.0.0.1:49921] for POST '/session/319642172572fdf8090d6c9115dd1193/window'
12:37:25.757 [AsyncHttpClient-1-2] DEBUG org.asynchttpclient.netty.handler.HttpHandler - 

Request DefaultHttpRequest(decodeResult: success, version: HTTP/1.1)
POST /session/319642172572fdf8090d6c9115dd1193/window HTTP/1.1
User-Agent: selenium/4.4.0 (java windows)
Content-Length: 50
Content-Type: application/json; charset=utf-8
host: localhost:49921
accept: */*

Response DefaultHttpResponse(decodeResult: success, version: HTTP/1.1)
HTTP/1.1 200 OK
Content-Type: application/json; charset=utf-8
cache-control: no-cache
content-length: 14

12:37:25.757 [AsyncHttpClient-1-2] DEBUG org.asynchttpclient.netty.channel.ChannelManager - Adding key: http://localhost:49921 for channel [id: 0x807b5911, L:/127.0.0.1:56618 - R:localhost/127.0.0.1:49921]
12:37:25.759 [Forwarding getCurrentUrl on session 319642172572fdf8090d6c9115dd1193 to remote] DEBUG org.asynchttpclient.netty.request.NettyRequestSender - Using pooled Channel '[id: 0x807b5911, L:/127.0.0.1:56618 - R:localhost/127.0.0.1:49921]' for 'GET' to 'http://localhost:49921/session/319642172572fdf8090d6c9115dd1193/url'
12:37:25.759 [Forwarding getCurrentUrl on session 319642172572fdf8090d6c9115dd1193 to remote] DEBUG org.asynchttpclient.netty.request.NettyRequestSender - Using open Channel [id: 0x807b5911, L:/127.0.0.1:56618 - R:localhost/127.0.0.1:49921] for GET '/session/319642172572fdf8090d6c9115dd1193/url'
12:37:25.783 [AsyncHttpClient-1-2] DEBUG org.asynchttpclient.netty.handler.HttpHandler - 

Request DefaultFullHttpRequest(decodeResult: success, version: HTTP/1.1, content: EmptyByteBufBE)
GET /session/319642172572fdf8090d6c9115dd1193/url HTTP/1.1
User-Agent: selenium/4.4.0 (java windows)
Cache-Control: no-cache
Content-Type: application/json; charset=utf-8
host: localhost:49921
accept: */*

Response DefaultHttpResponse(decodeResult: success, version: HTTP/1.1)
HTTP/1.1 200 OK
Content-Type: application/json; charset=utf-8
cache-control: no-cache
content-length: 47

12:37:25.783 [AsyncHttpClient-1-2] DEBUG org.asynchttpclient.netty.channel.ChannelManager - Adding key: http://localhost:49921 for channel [id: 0x807b5911, L:/127.0.0.1:56618 - R:localhost/127.0.0.1:49921]
12:37:25.784 [Forwarding screenshot on session 319642172572fdf8090d6c9115dd1193 to remote] DEBUG org.asynchttpclient.netty.request.NettyRequestSender - Using pooled Channel '[id: 0x807b5911, L:/127.0.0.1:56618 - R:localhost/127.0.0.1:49921]' for 'GET' to 'http://localhost:49921/session/319642172572fdf8090d6c9115dd1193/screenshot'
12:37:25.784 [Forwarding screenshot on session 319642172572fdf8090d6c9115dd1193 to remote] DEBUG org.asynchttpclient.netty.request.NettyRequestSender - Using open Channel [id: 0x807b5911, L:/127.0.0.1:56618 - R:localhost/127.0.0.1:49921] for GET '/session/319642172572fdf8090d6c9115dd1193/screenshot'
12:37:25.914 [AsyncHttpClient-1-2] DEBUG org.asynchttpclient.netty.handler.HttpHandler - 

Request DefaultFullHttpRequest(decodeResult: success, version: HTTP/1.1, content: EmptyByteBufBE)
GET /session/319642172572fdf8090d6c9115dd1193/screenshot HTTP/1.1
User-Agent: selenium/4.4.0 (java windows)
Cache-Control: no-cache
Content-Type: application/json; charset=utf-8
host: localhost:49921
accept: */*

Response DefaultHttpResponse(decodeResult: success, version: HTTP/1.1)
HTTP/1.1 200 OK
Content-Type: application/json; charset=utf-8
cache-control: no-cache
content-length: 302304

12:37:25.914 [AsyncHttpClient-1-2] DEBUG org.asynchttpclient.netty.channel.ChannelManager - Adding key: http://localhost:49921 for channel [id: 0x807b5911, L:/127.0.0.1:56618 - R:localhost/127.0.0.1:49921]
12:37:25.919 [Test worker] DEBUG net.serenitybdd.core.photography.Darkroom - Send negative for processing for C:\Users\pcnit\Downloads\TestE2E\target\site\serenity\3d236c062757a39a2cb753b96d2d00433ecb813c007ac8323d47f7d95e2f4340.png
12:37:25.919 [Test worker] DEBUG net.thucydides.core.steps.StepInterceptor - STEP DONE: {0} enters #theTextAsAString into #target
12:37:25.959 [Forwarding getPageSource on session 319642172572fdf8090d6c9115dd1193 to remote] DEBUG org.asynchttpclient.netty.request.NettyRequestSender - Using pooled Channel '[id: 0x807b5911, L:/127.0.0.1:56618 - R:localhost/127.0.0.1:49921]' for 'POST' to 'http://localhost:49921/session/319642172572fdf8090d6c9115dd1193/execute/sync'
12:37:25.959 [Forwarding getPageSource on session 319642172572fdf8090d6c9115dd1193 to remote] DEBUG org.asynchttpclient.netty.request.NettyRequestSender - Using open Channel [id: 0x807b5911, L:/127.0.0.1:56618 - R:localhost/127.0.0.1:49921] for POST '/session/319642172572fdf8090d6c9115dd1193/execute/sync'
12:37:25.983 [AsyncHttpClient-1-2] DEBUG org.asynchttpclient.netty.handler.HttpHandler - 

Request DefaultHttpRequest(decodeResult: success, version: HTTP/1.1)
POST /session/319642172572fdf8090d6c9115dd1193/execute/sync HTTP/1.1
User-Agent: selenium/4.4.0 (java windows)
Content-Length: 176
Content-Type: application/json; charset=utf-8
host: localhost:49921
accept: */*

Response DefaultHttpResponse(decodeResult: success, version: HTTP/1.1)
HTTP/1.1 200 OK
Content-Type: application/json; charset=utf-8
cache-control: no-cache
content-length: 57331

12:37:25.983 [AsyncHttpClient-1-2] DEBUG org.asynchttpclient.netty.channel.ChannelManager - Adding key: http://localhost:49921 for channel [id: 0x807b5911, L:/127.0.0.1:56618 - R:localhost/127.0.0.1:49921]
12:37:25.990 [Forwarding getCurrentUrl on session 319642172572fdf8090d6c9115dd1193 to remote] DEBUG org.asynchttpclient.netty.request.NettyRequestSender - Using pooled Channel '[id: 0x807b5911, L:/127.0.0.1:56618 - R:localhost/127.0.0.1:49921]' for 'GET' to 'http://localhost:49921/session/319642172572fdf8090d6c9115dd1193/url'
12:37:25.990 [Forwarding getCurrentUrl on session 319642172572fdf8090d6c9115dd1193 to remote] DEBUG org.asynchttpclient.netty.request.NettyRequestSender - Using open Channel [id: 0x807b5911, L:/127.0.0.1:56618 - R:localhost/127.0.0.1:49921] for GET '/session/319642172572fdf8090d6c9115dd1193/url'
12:37:26.017 [AsyncHttpClient-1-2] DEBUG org.asynchttpclient.netty.handler.HttpHandler - 

Request DefaultFullHttpRequest(decodeResult: success, version: HTTP/1.1, content: EmptyByteBufBE)
GET /session/319642172572fdf8090d6c9115dd1193/url HTTP/1.1
User-Agent: selenium/4.4.0 (java windows)
Cache-Control: no-cache
Content-Type: application/json; charset=utf-8
host: localhost:49921
accept: */*

Response DefaultHttpResponse(decodeResult: success, version: HTTP/1.1)
HTTP/1.1 200 OK
Content-Type: application/json; charset=utf-8
cache-control: no-cache
content-length: 47

12:37:26.017 [AsyncHttpClient-1-2] DEBUG org.asynchttpclient.netty.channel.ChannelManager - Adding key: http://localhost:49921 for channel [id: 0x807b5911, L:/127.0.0.1:56618 - R:localhost/127.0.0.1:49921]
12:37:26.023 [Test worker] DEBUG net.thucydides.core.steps.StepInterceptor - STARTING STEP: PlaceOrder.performAs - {0} enters #theTextAsAString into #target
12:37:26.038 [Test worker] DEBUG net.serenitybdd.screenplay.targets.IFrameSwitcher - default content already selected for selecciona PLACE ORDER
12:37:26.075 [Forwarding findElement on session 319642172572fdf8090d6c9115dd1193 to remote] DEBUG org.asynchttpclient.netty.request.NettyRequestSender - Using pooled Channel '[id: 0x807b5911, L:/127.0.0.1:56618 - R:localhost/127.0.0.1:49921]' for 'POST' to 'http://localhost:49921/session/319642172572fdf8090d6c9115dd1193/element'
12:37:26.075 [Forwarding findElement on session 319642172572fdf8090d6c9115dd1193 to remote] DEBUG org.asynchttpclient.netty.request.NettyRequestSender - Using open Channel [id: 0x807b5911, L:/127.0.0.1:56618 - R:localhost/127.0.0.1:49921] for POST '/session/319642172572fdf8090d6c9115dd1193/element'
12:37:26.115 [AsyncHttpClient-1-2] DEBUG org.asynchttpclient.netty.handler.HttpHandler - 

Request DefaultHttpRequest(decodeResult: success, version: HTTP/1.1)
POST /session/319642172572fdf8090d6c9115dd1193/element HTTP/1.1
User-Agent: selenium/4.4.0 (java windows)
Content-Length: 64
Content-Type: application/json; charset=utf-8
host: localhost:49921
accept: */*

Response DefaultHttpResponse(decodeResult: success, version: HTTP/1.1)
HTTP/1.1 200 OK
Content-Type: application/json; charset=utf-8
cache-control: no-cache
content-length: 127

12:37:26.115 [AsyncHttpClient-1-2] DEBUG org.asynchttpclient.netty.channel.ChannelManager - Adding key: http://localhost:49921 for channel [id: 0x807b5911, L:/127.0.0.1:56618 - R:localhost/127.0.0.1:49921]
12:37:26.117 [Forwarding clearElement on session 319642172572fdf8090d6c9115dd1193 to remote] DEBUG org.asynchttpclient.netty.request.NettyRequestSender - Using pooled Channel '[id: 0x807b5911, L:/127.0.0.1:56618 - R:localhost/127.0.0.1:49921]' for 'POST' to 'http://localhost:49921/session/319642172572fdf8090d6c9115dd1193/element/f.77D77E48C717A5F8144E3521F6891EC1.d.8C715979609D122D0F50FF40744A4ED1.e.370/clear'
12:37:26.117 [Forwarding clearElement on session 319642172572fdf8090d6c9115dd1193 to remote] DEBUG org.asynchttpclient.netty.request.NettyRequestSender - Using open Channel [id: 0x807b5911, L:/127.0.0.1:56618 - R:localhost/127.0.0.1:49921] for POST '/session/319642172572fdf8090d6c9115dd1193/element/f.77D77E48C717A5F8144E3521F6891EC1.d.8C715979609D122D0F50FF40744A4ED1.e.370/clear'
12:37:26.158 [AsyncHttpClient-1-2] DEBUG org.asynchttpclient.netty.handler.HttpHandler - 

Request DefaultHttpRequest(decodeResult: success, version: HTTP/1.1)
POST /session/319642172572fdf8090d6c9115dd1193/element/f.77D77E48C717A5F8144E3521F6891EC1.d.8C715979609D122D0F50FF40744A4ED1.e.370/clear HTTP/1.1
User-Agent: selenium/4.4.0 (java windows)
Content-Length: 89
Content-Type: application/json; charset=utf-8
host: localhost:49921
accept: */*

Response DefaultHttpResponse(decodeResult: success, version: HTTP/1.1)
HTTP/1.1 200 OK
Content-Type: application/json; charset=utf-8
cache-control: no-cache
content-length: 14

12:37:26.159 [AsyncHttpClient-1-2] DEBUG org.asynchttpclient.netty.channel.ChannelManager - Adding key: http://localhost:49921 for channel [id: 0x807b5911, L:/127.0.0.1:56618 - R:localhost/127.0.0.1:49921]
12:37:26.174 [Forwarding sendKeysToElement on session 319642172572fdf8090d6c9115dd1193 to remote] DEBUG org.asynchttpclient.netty.request.NettyRequestSender - Using pooled Channel '[id: 0x807b5911, L:/127.0.0.1:56618 - R:localhost/127.0.0.1:49921]' for 'POST' to 'http://localhost:49921/session/319642172572fdf8090d6c9115dd1193/element/f.77D77E48C717A5F8144E3521F6891EC1.d.8C715979609D122D0F50FF40744A4ED1.e.370/value'
12:37:26.174 [Forwarding sendKeysToElement on session 319642172572fdf8090d6c9115dd1193 to remote] DEBUG org.asynchttpclient.netty.request.NettyRequestSender - Using open Channel [id: 0x807b5911, L:/127.0.0.1:56618 - R:localhost/127.0.0.1:49921] for POST '/session/319642172572fdf8090d6c9115dd1193/element/f.77D77E48C717A5F8144E3521F6891EC1.d.8C715979609D122D0F50FF40744A4ED1.e.370/value'
12:37:26.300 [AsyncHttpClient-1-2] DEBUG org.asynchttpclient.netty.handler.HttpHandler - 

Request DefaultHttpRequest(decodeResult: success, version: HTTP/1.1)
POST /session/319642172572fdf8090d6c9115dd1193/element/f.77D77E48C717A5F8144E3521F6891EC1.d.8C715979609D122D0F50FF40744A4ED1.e.370/value HTTP/1.1
User-Agent: selenium/4.4.0 (java windows)
Content-Length: 160
Content-Type: application/json; charset=utf-8
host: localhost:49921
accept: */*

Response DefaultHttpResponse(decodeResult: success, version: HTTP/1.1)
HTTP/1.1 200 OK
Content-Type: application/json; charset=utf-8
cache-control: no-cache
content-length: 14

12:37:26.300 [AsyncHttpClient-1-2] DEBUG org.asynchttpclient.netty.channel.ChannelManager - Adding key: http://localhost:49921 for channel [id: 0x807b5911, L:/127.0.0.1:56618 - R:localhost/127.0.0.1:49921]
12:37:26.341 [Forwarding getCurrentWindowHandle on session 319642172572fdf8090d6c9115dd1193 to remote] DEBUG org.asynchttpclient.netty.request.NettyRequestSender - Using pooled Channel '[id: 0x807b5911, L:/127.0.0.1:56618 - R:localhost/127.0.0.1:49921]' for 'GET' to 'http://localhost:49921/session/319642172572fdf8090d6c9115dd1193/window'
12:37:26.341 [Forwarding getCurrentWindowHandle on session 319642172572fdf8090d6c9115dd1193 to remote] DEBUG org.asynchttpclient.netty.request.NettyRequestSender - Using open Channel [id: 0x807b5911, L:/127.0.0.1:56618 - R:localhost/127.0.0.1:49921] for GET '/session/319642172572fdf8090d6c9115dd1193/window'
12:37:26.349 [AsyncHttpClient-1-2] DEBUG org.asynchttpclient.netty.handler.HttpHandler - 

Request DefaultFullHttpRequest(decodeResult: success, version: HTTP/1.1, content: EmptyByteBufBE)
GET /session/319642172572fdf8090d6c9115dd1193/window HTTP/1.1
User-Agent: selenium/4.4.0 (java windows)
Cache-Control: no-cache
Content-Type: application/json; charset=utf-8
host: localhost:49921
accept: */*

Response DefaultHttpResponse(decodeResult: success, version: HTTP/1.1)
HTTP/1.1 200 OK
Content-Type: application/json; charset=utf-8
cache-control: no-cache
content-length: 44

12:37:26.349 [AsyncHttpClient-1-2] DEBUG org.asynchttpclient.netty.channel.ChannelManager - Adding key: http://localhost:49921 for channel [id: 0x807b5911, L:/127.0.0.1:56618 - R:localhost/127.0.0.1:49921]
12:37:26.360 [Forwarding getAlertText on session 319642172572fdf8090d6c9115dd1193 to remote] DEBUG org.asynchttpclient.netty.request.NettyRequestSender - Using pooled Channel '[id: 0x807b5911, L:/127.0.0.1:56618 - R:localhost/127.0.0.1:49921]' for 'GET' to 'http://localhost:49921/session/319642172572fdf8090d6c9115dd1193/alert/text'
12:37:26.360 [Forwarding getAlertText on session 319642172572fdf8090d6c9115dd1193 to remote] DEBUG org.asynchttpclient.netty.request.NettyRequestSender - Using open Channel [id: 0x807b5911, L:/127.0.0.1:56618 - R:localhost/127.0.0.1:49921] for GET '/session/319642172572fdf8090d6c9115dd1193/alert/text'
12:37:26.371 [AsyncHttpClient-1-2] DEBUG org.asynchttpclient.netty.handler.HttpHandler - 

Request DefaultFullHttpRequest(decodeResult: success, version: HTTP/1.1, content: EmptyByteBufBE)
GET /session/319642172572fdf8090d6c9115dd1193/alert/text HTTP/1.1
User-Agent: selenium/4.4.0 (java windows)
Cache-Control: no-cache
Content-Type: application/json; charset=utf-8
host: localhost:49921
accept: */*

Response DefaultHttpResponse(decodeResult: success, version: HTTP/1.1)
HTTP/1.1 404 Not Found
Content-Type: application/json; charset=utf-8
cache-control: no-cache
content-length: 1045

12:37:26.371 [AsyncHttpClient-1-2] DEBUG org.asynchttpclient.netty.channel.ChannelManager - Adding key: http://localhost:49921 for channel [id: 0x807b5911, L:/127.0.0.1:56618 - R:localhost/127.0.0.1:49921]
12:37:26.384 [Forwarding switchToWindow on session 319642172572fdf8090d6c9115dd1193 to remote] DEBUG org.asynchttpclient.netty.request.NettyRequestSender - Using pooled Channel '[id: 0x807b5911, L:/127.0.0.1:56618 - R:localhost/127.0.0.1:49921]' for 'POST' to 'http://localhost:49921/session/319642172572fdf8090d6c9115dd1193/window'
12:37:26.384 [Forwarding switchToWindow on session 319642172572fdf8090d6c9115dd1193 to remote] DEBUG org.asynchttpclient.netty.request.NettyRequestSender - Using open Channel [id: 0x807b5911, L:/127.0.0.1:56618 - R:localhost/127.0.0.1:49921] for POST '/session/319642172572fdf8090d6c9115dd1193/window'
12:37:26.390 [AsyncHttpClient-1-2] DEBUG org.asynchttpclient.netty.handler.HttpHandler - 

Request DefaultHttpRequest(decodeResult: success, version: HTTP/1.1)
POST /session/319642172572fdf8090d6c9115dd1193/window HTTP/1.1
User-Agent: selenium/4.4.0 (java windows)
Content-Length: 50
Content-Type: application/json; charset=utf-8
host: localhost:49921
accept: */*

Response DefaultHttpResponse(decodeResult: success, version: HTTP/1.1)
HTTP/1.1 200 OK
Content-Type: application/json; charset=utf-8
cache-control: no-cache
content-length: 14

12:37:26.390 [AsyncHttpClient-1-2] DEBUG org.asynchttpclient.netty.channel.ChannelManager - Adding key: http://localhost:49921 for channel [id: 0x807b5911, L:/127.0.0.1:56618 - R:localhost/127.0.0.1:49921]
12:37:26.390 [Forwarding getCurrentUrl on session 319642172572fdf8090d6c9115dd1193 to remote] DEBUG org.asynchttpclient.netty.request.NettyRequestSender - Using pooled Channel '[id: 0x807b5911, L:/127.0.0.1:56618 - R:localhost/127.0.0.1:49921]' for 'GET' to 'http://localhost:49921/session/319642172572fdf8090d6c9115dd1193/url'
12:37:26.390 [Forwarding getCurrentUrl on session 319642172572fdf8090d6c9115dd1193 to remote] DEBUG org.asynchttpclient.netty.request.NettyRequestSender - Using open Channel [id: 0x807b5911, L:/127.0.0.1:56618 - R:localhost/127.0.0.1:49921] for GET '/session/319642172572fdf8090d6c9115dd1193/url'
12:37:26.407 [AsyncHttpClient-1-2] DEBUG org.asynchttpclient.netty.handler.HttpHandler - 

Request DefaultFullHttpRequest(decodeResult: success, version: HTTP/1.1, content: EmptyByteBufBE)
GET /session/319642172572fdf8090d6c9115dd1193/url HTTP/1.1
User-Agent: selenium/4.4.0 (java windows)
Cache-Control: no-cache
Content-Type: application/json; charset=utf-8
host: localhost:49921
accept: */*

Response DefaultHttpResponse(decodeResult: success, version: HTTP/1.1)
HTTP/1.1 200 OK
Content-Type: application/json; charset=utf-8
cache-control: no-cache
content-length: 47

12:37:26.408 [AsyncHttpClient-1-2] DEBUG org.asynchttpclient.netty.channel.ChannelManager - Adding key: http://localhost:49921 for channel [id: 0x807b5911, L:/127.0.0.1:56618 - R:localhost/127.0.0.1:49921]
12:37:26.410 [Forwarding screenshot on session 319642172572fdf8090d6c9115dd1193 to remote] DEBUG org.asynchttpclient.netty.request.NettyRequestSender - Using pooled Channel '[id: 0x807b5911, L:/127.0.0.1:56618 - R:localhost/127.0.0.1:49921]' for 'GET' to 'http://localhost:49921/session/319642172572fdf8090d6c9115dd1193/screenshot'
12:37:26.410 [Forwarding screenshot on session 319642172572fdf8090d6c9115dd1193 to remote] DEBUG org.asynchttpclient.netty.request.NettyRequestSender - Using open Channel [id: 0x807b5911, L:/127.0.0.1:56618 - R:localhost/127.0.0.1:49921] for GET '/session/319642172572fdf8090d6c9115dd1193/screenshot'
12:37:26.546 [AsyncHttpClient-1-2] DEBUG org.asynchttpclient.netty.handler.HttpHandler - 

Request DefaultFullHttpRequest(decodeResult: success, version: HTTP/1.1, content: EmptyByteBufBE)
GET /session/319642172572fdf8090d6c9115dd1193/screenshot HTTP/1.1
User-Agent: selenium/4.4.0 (java windows)
Cache-Control: no-cache
Content-Type: application/json; charset=utf-8
host: localhost:49921
accept: */*

Response DefaultHttpResponse(decodeResult: success, version: HTTP/1.1)
HTTP/1.1 200 OK
Content-Type: application/json; charset=utf-8
cache-control: no-cache
content-length: 294512

12:37:26.547 [AsyncHttpClient-1-2] DEBUG org.asynchttpclient.netty.channel.ChannelManager - Adding key: http://localhost:49921 for channel [id: 0x807b5911, L:/127.0.0.1:56618 - R:localhost/127.0.0.1:49921]
12:37:26.556 [Test worker] DEBUG net.serenitybdd.core.photography.Darkroom - Send negative for processing for C:\Users\pcnit\Downloads\TestE2E\target\site\serenity\a886edfe9462f6b66173c2c49c9452735f81ee658ef21247b676d51262169eaf.png
12:37:26.564 [Forwarding getPageSource on session 319642172572fdf8090d6c9115dd1193 to remote] DEBUG org.asynchttpclient.netty.request.NettyRequestSender - Using pooled Channel '[id: 0x807b5911, L:/127.0.0.1:56618 - R:localhost/127.0.0.1:49921]' for 'POST' to 'http://localhost:49921/session/319642172572fdf8090d6c9115dd1193/execute/sync'
12:37:26.566 [Forwarding getPageSource on session 319642172572fdf8090d6c9115dd1193 to remote] DEBUG org.asynchttpclient.netty.request.NettyRequestSender - Using open Channel [id: 0x807b5911, L:/127.0.0.1:56618 - R:localhost/127.0.0.1:49921] for POST '/session/319642172572fdf8090d6c9115dd1193/execute/sync'
12:37:26.578 [AsyncHttpClient-1-2] DEBUG org.asynchttpclient.netty.handler.HttpHandler - 

Request DefaultHttpRequest(decodeResult: success, version: HTTP/1.1)
POST /session/319642172572fdf8090d6c9115dd1193/execute/sync HTTP/1.1
User-Agent: selenium/4.4.0 (java windows)
Content-Length: 176
Content-Type: application/json; charset=utf-8
host: localhost:49921
accept: */*

Response DefaultHttpResponse(decodeResult: success, version: HTTP/1.1)
HTTP/1.1 200 OK
Content-Type: application/json; charset=utf-8
cache-control: no-cache
content-length: 57331

12:37:26.578 [AsyncHttpClient-1-2] DEBUG org.asynchttpclient.netty.channel.ChannelManager - Adding key: http://localhost:49921 for channel [id: 0x807b5911, L:/127.0.0.1:56618 - R:localhost/127.0.0.1:49921]
12:37:26.584 [Forwarding getCurrentUrl on session 319642172572fdf8090d6c9115dd1193 to remote] DEBUG org.asynchttpclient.netty.request.NettyRequestSender - Using pooled Channel '[id: 0x807b5911, L:/127.0.0.1:56618 - R:localhost/127.0.0.1:49921]' for 'GET' to 'http://localhost:49921/session/319642172572fdf8090d6c9115dd1193/url'
12:37:26.585 [Forwarding getCurrentUrl on session 319642172572fdf8090d6c9115dd1193 to remote] DEBUG org.asynchttpclient.netty.request.NettyRequestSender - Using open Channel [id: 0x807b5911, L:/127.0.0.1:56618 - R:localhost/127.0.0.1:49921] for GET '/session/319642172572fdf8090d6c9115dd1193/url'
12:37:26.604 [AsyncHttpClient-1-2] DEBUG org.asynchttpclient.netty.handler.HttpHandler - 

Request DefaultFullHttpRequest(decodeResult: success, version: HTTP/1.1, content: EmptyByteBufBE)
GET /session/319642172572fdf8090d6c9115dd1193/url HTTP/1.1
User-Agent: selenium/4.4.0 (java windows)
Cache-Control: no-cache
Content-Type: application/json; charset=utf-8
host: localhost:49921
accept: */*

Response DefaultHttpResponse(decodeResult: success, version: HTTP/1.1)
HTTP/1.1 200 OK
Content-Type: application/json; charset=utf-8
cache-control: no-cache
content-length: 47

12:37:26.604 [AsyncHttpClient-1-2] DEBUG org.asynchttpclient.netty.channel.ChannelManager - Adding key: http://localhost:49921 for channel [id: 0x807b5911, L:/127.0.0.1:56618 - R:localhost/127.0.0.1:49921]
12:37:26.644 [Forwarding getCurrentWindowHandle on session 319642172572fdf8090d6c9115dd1193 to remote] DEBUG org.asynchttpclient.netty.request.NettyRequestSender - Using pooled Channel '[id: 0x807b5911, L:/127.0.0.1:56618 - R:localhost/127.0.0.1:49921]' for 'GET' to 'http://localhost:49921/session/319642172572fdf8090d6c9115dd1193/window'
12:37:26.644 [Forwarding getCurrentWindowHandle on session 319642172572fdf8090d6c9115dd1193 to remote] DEBUG org.asynchttpclient.netty.request.NettyRequestSender - Using open Channel [id: 0x807b5911, L:/127.0.0.1:56618 - R:localhost/127.0.0.1:49921] for GET '/session/319642172572fdf8090d6c9115dd1193/window'
12:37:26.651 [AsyncHttpClient-1-2] DEBUG org.asynchttpclient.netty.handler.HttpHandler - 

Request DefaultFullHttpRequest(decodeResult: success, version: HTTP/1.1, content: EmptyByteBufBE)
GET /session/319642172572fdf8090d6c9115dd1193/window HTTP/1.1
User-Agent: selenium/4.4.0 (java windows)
Cache-Control: no-cache
Content-Type: application/json; charset=utf-8
host: localhost:49921
accept: */*

Response DefaultHttpResponse(decodeResult: success, version: HTTP/1.1)
HTTP/1.1 200 OK
Content-Type: application/json; charset=utf-8
cache-control: no-cache
content-length: 44

12:37:26.651 [AsyncHttpClient-1-2] DEBUG org.asynchttpclient.netty.channel.ChannelManager - Adding key: http://localhost:49921 for channel [id: 0x807b5911, L:/127.0.0.1:56618 - R:localhost/127.0.0.1:49921]
12:37:26.660 [Forwarding getAlertText on session 319642172572fdf8090d6c9115dd1193 to remote] DEBUG org.asynchttpclient.netty.request.NettyRequestSender - Using pooled Channel '[id: 0x807b5911, L:/127.0.0.1:56618 - R:localhost/127.0.0.1:49921]' for 'GET' to 'http://localhost:49921/session/319642172572fdf8090d6c9115dd1193/alert/text'
12:37:26.660 [Forwarding getAlertText on session 319642172572fdf8090d6c9115dd1193 to remote] DEBUG org.asynchttpclient.netty.request.NettyRequestSender - Using open Channel [id: 0x807b5911, L:/127.0.0.1:56618 - R:localhost/127.0.0.1:49921] for GET '/session/319642172572fdf8090d6c9115dd1193/alert/text'
12:37:26.666 [AsyncHttpClient-1-2] DEBUG org.asynchttpclient.netty.handler.HttpHandler - 

Request DefaultFullHttpRequest(decodeResult: success, version: HTTP/1.1, content: EmptyByteBufBE)
GET /session/319642172572fdf8090d6c9115dd1193/alert/text HTTP/1.1
User-Agent: selenium/4.4.0 (java windows)
Cache-Control: no-cache
Content-Type: application/json; charset=utf-8
host: localhost:49921
accept: */*

Response DefaultHttpResponse(decodeResult: success, version: HTTP/1.1)
HTTP/1.1 404 Not Found
Content-Type: application/json; charset=utf-8
cache-control: no-cache
content-length: 1045

12:37:26.666 [AsyncHttpClient-1-2] DEBUG org.asynchttpclient.netty.channel.ChannelManager - Adding key: http://localhost:49921 for channel [id: 0x807b5911, L:/127.0.0.1:56618 - R:localhost/127.0.0.1:49921]
12:37:26.676 [Forwarding switchToWindow on session 319642172572fdf8090d6c9115dd1193 to remote] DEBUG org.asynchttpclient.netty.request.NettyRequestSender - Using pooled Channel '[id: 0x807b5911, L:/127.0.0.1:56618 - R:localhost/127.0.0.1:49921]' for 'POST' to 'http://localhost:49921/session/319642172572fdf8090d6c9115dd1193/window'
12:37:26.676 [Forwarding switchToWindow on session 319642172572fdf8090d6c9115dd1193 to remote] DEBUG org.asynchttpclient.netty.request.NettyRequestSender - Using open Channel [id: 0x807b5911, L:/127.0.0.1:56618 - R:localhost/127.0.0.1:49921] for POST '/session/319642172572fdf8090d6c9115dd1193/window'
12:37:26.680 [AsyncHttpClient-1-2] DEBUG org.asynchttpclient.netty.handler.HttpHandler - 

Request DefaultHttpRequest(decodeResult: success, version: HTTP/1.1)
POST /session/319642172572fdf8090d6c9115dd1193/window HTTP/1.1
User-Agent: selenium/4.4.0 (java windows)
Content-Length: 50
Content-Type: application/json; charset=utf-8
host: localhost:49921
accept: */*

Response DefaultHttpResponse(decodeResult: success, version: HTTP/1.1)
HTTP/1.1 200 OK
Content-Type: application/json; charset=utf-8
cache-control: no-cache
content-length: 14

12:37:26.680 [AsyncHttpClient-1-2] DEBUG org.asynchttpclient.netty.channel.ChannelManager - Adding key: http://localhost:49921 for channel [id: 0x807b5911, L:/127.0.0.1:56618 - R:localhost/127.0.0.1:49921]
12:37:26.681 [Forwarding getCurrentUrl on session 319642172572fdf8090d6c9115dd1193 to remote] DEBUG org.asynchttpclient.netty.request.NettyRequestSender - Using pooled Channel '[id: 0x807b5911, L:/127.0.0.1:56618 - R:localhost/127.0.0.1:49921]' for 'GET' to 'http://localhost:49921/session/319642172572fdf8090d6c9115dd1193/url'
12:37:26.681 [Forwarding getCurrentUrl on session 319642172572fdf8090d6c9115dd1193 to remote] DEBUG org.asynchttpclient.netty.request.NettyRequestSender - Using open Channel [id: 0x807b5911, L:/127.0.0.1:56618 - R:localhost/127.0.0.1:49921] for GET '/session/319642172572fdf8090d6c9115dd1193/url'
12:37:26.695 [AsyncHttpClient-1-2] DEBUG org.asynchttpclient.netty.handler.HttpHandler - 

Request DefaultFullHttpRequest(decodeResult: success, version: HTTP/1.1, content: EmptyByteBufBE)
GET /session/319642172572fdf8090d6c9115dd1193/url HTTP/1.1
User-Agent: selenium/4.4.0 (java windows)
Cache-Control: no-cache
Content-Type: application/json; charset=utf-8
host: localhost:49921
accept: */*

Response DefaultHttpResponse(decodeResult: success, version: HTTP/1.1)
HTTP/1.1 200 OK
Content-Type: application/json; charset=utf-8
cache-control: no-cache
content-length: 47

12:37:26.695 [AsyncHttpClient-1-2] DEBUG org.asynchttpclient.netty.channel.ChannelManager - Adding key: http://localhost:49921 for channel [id: 0x807b5911, L:/127.0.0.1:56618 - R:localhost/127.0.0.1:49921]
12:37:26.696 [Forwarding screenshot on session 319642172572fdf8090d6c9115dd1193 to remote] DEBUG org.asynchttpclient.netty.request.NettyRequestSender - Using pooled Channel '[id: 0x807b5911, L:/127.0.0.1:56618 - R:localhost/127.0.0.1:49921]' for 'GET' to 'http://localhost:49921/session/319642172572fdf8090d6c9115dd1193/screenshot'
12:37:26.696 [Forwarding screenshot on session 319642172572fdf8090d6c9115dd1193 to remote] DEBUG org.asynchttpclient.netty.request.NettyRequestSender - Using open Channel [id: 0x807b5911, L:/127.0.0.1:56618 - R:localhost/127.0.0.1:49921] for GET '/session/319642172572fdf8090d6c9115dd1193/screenshot'
12:37:26.787 [AsyncHttpClient-1-1] DEBUG org.asynchttpclient.netty.channel.DefaultChannelPool - Entry count for : http://localhost:56619 : 1
12:37:26.821 [AsyncHttpClient-1-2] DEBUG org.asynchttpclient.netty.handler.HttpHandler - 

Request DefaultFullHttpRequest(decodeResult: success, version: HTTP/1.1, content: EmptyByteBufBE)
GET /session/319642172572fdf8090d6c9115dd1193/screenshot HTTP/1.1
User-Agent: selenium/4.4.0 (java windows)
Cache-Control: no-cache
Content-Type: application/json; charset=utf-8
host: localhost:49921
accept: */*

Response DefaultHttpResponse(decodeResult: success, version: HTTP/1.1)
HTTP/1.1 200 OK
Content-Type: application/json; charset=utf-8
cache-control: no-cache
content-length: 294512

12:37:26.822 [AsyncHttpClient-1-2] DEBUG org.asynchttpclient.netty.channel.ChannelManager - Adding key: http://localhost:49921 for channel [id: 0x807b5911, L:/127.0.0.1:56618 - R:localhost/127.0.0.1:49921]
12:37:26.829 [Test worker] DEBUG net.serenitybdd.core.photography.Darkroom - Send negative for processing for C:\Users\pcnit\Downloads\TestE2E\target\site\serenity\a886edfe9462f6b66173c2c49c9452735f81ee658ef21247b676d51262169eaf.png
12:37:26.830 [Test worker] DEBUG net.thucydides.core.steps.StepInterceptor - STEP DONE: {0} enters #theTextAsAString into #target
12:37:26.863 [Forwarding getPageSource on session 319642172572fdf8090d6c9115dd1193 to remote] DEBUG org.asynchttpclient.netty.request.NettyRequestSender - Using pooled Channel '[id: 0x807b5911, L:/127.0.0.1:56618 - R:localhost/127.0.0.1:49921]' for 'POST' to 'http://localhost:49921/session/319642172572fdf8090d6c9115dd1193/execute/sync'
12:37:26.863 [Forwarding getPageSource on session 319642172572fdf8090d6c9115dd1193 to remote] DEBUG org.asynchttpclient.netty.request.NettyRequestSender - Using open Channel [id: 0x807b5911, L:/127.0.0.1:56618 - R:localhost/127.0.0.1:49921] for POST '/session/319642172572fdf8090d6c9115dd1193/execute/sync'
12:37:26.875 [AsyncHttpClient-1-2] DEBUG org.asynchttpclient.netty.handler.HttpHandler - 

Request DefaultHttpRequest(decodeResult: success, version: HTTP/1.1)
POST /session/319642172572fdf8090d6c9115dd1193/execute/sync HTTP/1.1
User-Agent: selenium/4.4.0 (java windows)
Content-Length: 176
Content-Type: application/json; charset=utf-8
host: localhost:49921
accept: */*

Response DefaultHttpResponse(decodeResult: success, version: HTTP/1.1)
HTTP/1.1 200 OK
Content-Type: application/json; charset=utf-8
cache-control: no-cache
content-length: 57331

12:37:26.876 [AsyncHttpClient-1-2] DEBUG org.asynchttpclient.netty.channel.ChannelManager - Adding key: http://localhost:49921 for channel [id: 0x807b5911, L:/127.0.0.1:56618 - R:localhost/127.0.0.1:49921]
12:37:26.882 [Forwarding getCurrentUrl on session 319642172572fdf8090d6c9115dd1193 to remote] DEBUG org.asynchttpclient.netty.request.NettyRequestSender - Using pooled Channel '[id: 0x807b5911, L:/127.0.0.1:56618 - R:localhost/127.0.0.1:49921]' for 'GET' to 'http://localhost:49921/session/319642172572fdf8090d6c9115dd1193/url'
12:37:26.882 [Forwarding getCurrentUrl on session 319642172572fdf8090d6c9115dd1193 to remote] DEBUG org.asynchttpclient.netty.request.NettyRequestSender - Using open Channel [id: 0x807b5911, L:/127.0.0.1:56618 - R:localhost/127.0.0.1:49921] for GET '/session/319642172572fdf8090d6c9115dd1193/url'
12:37:26.897 [AsyncHttpClient-1-2] DEBUG org.asynchttpclient.netty.handler.HttpHandler - 

Request DefaultFullHttpRequest(decodeResult: success, version: HTTP/1.1, content: EmptyByteBufBE)
GET /session/319642172572fdf8090d6c9115dd1193/url HTTP/1.1
User-Agent: selenium/4.4.0 (java windows)
Cache-Control: no-cache
Content-Type: application/json; charset=utf-8
host: localhost:49921
accept: */*

Response DefaultHttpResponse(decodeResult: success, version: HTTP/1.1)
HTTP/1.1 200 OK
Content-Type: application/json; charset=utf-8
cache-control: no-cache
content-length: 47

12:37:26.897 [AsyncHttpClient-1-2] DEBUG org.asynchttpclient.netty.channel.ChannelManager - Adding key: http://localhost:49921 for channel [id: 0x807b5911, L:/127.0.0.1:56618 - R:localhost/127.0.0.1:49921]
12:37:26.902 [Test worker] DEBUG net.thucydides.core.steps.StepInterceptor - STARTING STEP: PlaceOrder.performAs - {0} clicks on #target
12:37:26.902 [Test worker] DEBUG net.serenitybdd.screenplay.targets.IFrameSwitcher - default content already selected for FIN PLACE ORDER
12:37:26.955 [Forwarding findElement on session 319642172572fdf8090d6c9115dd1193 to remote] DEBUG org.asynchttpclient.netty.request.NettyRequestSender - Using pooled Channel '[id: 0x807b5911, L:/127.0.0.1:56618 - R:localhost/127.0.0.1:49921]' for 'POST' to 'http://localhost:49921/session/319642172572fdf8090d6c9115dd1193/element'
12:37:26.955 [Forwarding findElement on session 319642172572fdf8090d6c9115dd1193 to remote] DEBUG org.asynchttpclient.netty.request.NettyRequestSender - Using open Channel [id: 0x807b5911, L:/127.0.0.1:56618 - R:localhost/127.0.0.1:49921] for POST '/session/319642172572fdf8090d6c9115dd1193/element'
12:37:26.985 [AsyncHttpClient-1-2] DEBUG org.asynchttpclient.netty.handler.HttpHandler - 

Request DefaultHttpRequest(decodeResult: success, version: HTTP/1.1)
POST /session/319642172572fdf8090d6c9115dd1193/element HTTP/1.1
User-Agent: selenium/4.4.0 (java windows)
Content-Length: 115
Content-Type: application/json; charset=utf-8
host: localhost:49921
accept: */*

Response DefaultHttpResponse(decodeResult: success, version: HTTP/1.1)
HTTP/1.1 200 OK
Content-Type: application/json; charset=utf-8
cache-control: no-cache
content-length: 127

12:37:26.985 [AsyncHttpClient-1-2] DEBUG org.asynchttpclient.netty.channel.ChannelManager - Adding key: http://localhost:49921 for channel [id: 0x807b5911, L:/127.0.0.1:56618 - R:localhost/127.0.0.1:49921]
12:37:26.994 [Forwarding isElementDisplayed on session 319642172572fdf8090d6c9115dd1193 to remote] DEBUG org.asynchttpclient.netty.request.NettyRequestSender - Using pooled Channel '[id: 0x807b5911, L:/127.0.0.1:56618 - R:localhost/127.0.0.1:49921]' for 'POST' to 'http://localhost:49921/session/319642172572fdf8090d6c9115dd1193/execute/sync'
12:37:26.994 [Forwarding isElementDisplayed on session 319642172572fdf8090d6c9115dd1193 to remote] DEBUG org.asynchttpclient.netty.request.NettyRequestSender - Using open Channel [id: 0x807b5911, L:/127.0.0.1:56618 - R:localhost/127.0.0.1:49921] for POST '/session/319642172572fdf8090d6c9115dd1193/execute/sync'
12:37:27.019 [AsyncHttpClient-1-2] DEBUG org.asynchttpclient.netty.handler.HttpHandler - 

Request DefaultHttpRequest(decodeResult: success, version: HTTP/1.1)
POST /session/319642172572fdf8090d6c9115dd1193/execute/sync HTTP/1.1
User-Agent: selenium/4.4.0 (java windows)
Content-Length: 48819
Content-Type: application/json; charset=utf-8
host: localhost:49921
accept: */*

Response DefaultHttpResponse(decodeResult: success, version: HTTP/1.1)
HTTP/1.1 200 OK
Content-Type: application/json; charset=utf-8
cache-control: no-cache
content-length: 14

12:37:27.019 [AsyncHttpClient-1-2] DEBUG org.asynchttpclient.netty.channel.ChannelManager - Adding key: http://localhost:49921 for channel [id: 0x807b5911, L:/127.0.0.1:56618 - R:localhost/127.0.0.1:49921]
12:37:27.049 [Forwarding findElement on session 319642172572fdf8090d6c9115dd1193 to remote] DEBUG org.asynchttpclient.netty.request.NettyRequestSender - Using pooled Channel '[id: 0x807b5911, L:/127.0.0.1:56618 - R:localhost/127.0.0.1:49921]' for 'POST' to 'http://localhost:49921/session/319642172572fdf8090d6c9115dd1193/element'
12:37:27.049 [Forwarding findElement on session 319642172572fdf8090d6c9115dd1193 to remote] DEBUG org.asynchttpclient.netty.request.NettyRequestSender - Using open Channel [id: 0x807b5911, L:/127.0.0.1:56618 - R:localhost/127.0.0.1:49921] for POST '/session/319642172572fdf8090d6c9115dd1193/element'
12:37:27.069 [AsyncHttpClient-1-2] DEBUG org.asynchttpclient.netty.handler.HttpHandler - 

Request DefaultHttpRequest(decodeResult: success, version: HTTP/1.1)
POST /session/319642172572fdf8090d6c9115dd1193/element HTTP/1.1
User-Agent: selenium/4.4.0 (java windows)
Content-Length: 115
Content-Type: application/json; charset=utf-8
host: localhost:49921
accept: */*

Response DefaultHttpResponse(decodeResult: success, version: HTTP/1.1)
HTTP/1.1 200 OK
Content-Type: application/json; charset=utf-8
cache-control: no-cache
content-length: 127

12:37:27.070 [AsyncHttpClient-1-2] DEBUG org.asynchttpclient.netty.channel.ChannelManager - Adding key: http://localhost:49921 for channel [id: 0x807b5911, L:/127.0.0.1:56618 - R:localhost/127.0.0.1:49921]
12:37:27.071 [Forwarding clickElement on session 319642172572fdf8090d6c9115dd1193 to remote] DEBUG org.asynchttpclient.netty.request.NettyRequestSender - Using pooled Channel '[id: 0x807b5911, L:/127.0.0.1:56618 - R:localhost/127.0.0.1:49921]' for 'POST' to 'http://localhost:49921/session/319642172572fdf8090d6c9115dd1193/element/f.77D77E48C717A5F8144E3521F6891EC1.d.8C715979609D122D0F50FF40744A4ED1.e.429/click'
12:37:27.071 [Forwarding clickElement on session 319642172572fdf8090d6c9115dd1193 to remote] DEBUG org.asynchttpclient.netty.request.NettyRequestSender - Using open Channel [id: 0x807b5911, L:/127.0.0.1:56618 - R:localhost/127.0.0.1:49921] for POST '/session/319642172572fdf8090d6c9115dd1193/element/f.77D77E48C717A5F8144E3521F6891EC1.d.8C715979609D122D0F50FF40744A4ED1.e.429/click'
12:37:27.195 [AsyncHttpClient-1-2] DEBUG org.asynchttpclient.netty.handler.HttpHandler - 

Request DefaultHttpRequest(decodeResult: success, version: HTTP/1.1)
POST /session/319642172572fdf8090d6c9115dd1193/element/f.77D77E48C717A5F8144E3521F6891EC1.d.8C715979609D122D0F50FF40744A4ED1.e.429/click HTTP/1.1
User-Agent: selenium/4.4.0 (java windows)
Content-Length: 89
Content-Type: application/json; charset=utf-8
host: localhost:49921
accept: */*

Response DefaultHttpResponse(decodeResult: success, version: HTTP/1.1)
HTTP/1.1 200 OK
Content-Type: application/json; charset=utf-8
cache-control: no-cache
content-length: 14

12:37:27.195 [AsyncHttpClient-1-2] DEBUG org.asynchttpclient.netty.channel.ChannelManager - Adding key: http://localhost:49921 for channel [id: 0x807b5911, L:/127.0.0.1:56618 - R:localhost/127.0.0.1:49921]
12:37:27.236 [Forwarding getCurrentWindowHandle on session 319642172572fdf8090d6c9115dd1193 to remote] DEBUG org.asynchttpclient.netty.request.NettyRequestSender - Using pooled Channel '[id: 0x807b5911, L:/127.0.0.1:56618 - R:localhost/127.0.0.1:49921]' for 'GET' to 'http://localhost:49921/session/319642172572fdf8090d6c9115dd1193/window'
12:37:27.236 [Forwarding getCurrentWindowHandle on session 319642172572fdf8090d6c9115dd1193 to remote] DEBUG org.asynchttpclient.netty.request.NettyRequestSender - Using open Channel [id: 0x807b5911, L:/127.0.0.1:56618 - R:localhost/127.0.0.1:49921] for GET '/session/319642172572fdf8090d6c9115dd1193/window'
12:37:27.246 [AsyncHttpClient-1-2] DEBUG org.asynchttpclient.netty.handler.HttpHandler - 

Request DefaultFullHttpRequest(decodeResult: success, version: HTTP/1.1, content: EmptyByteBufBE)
GET /session/319642172572fdf8090d6c9115dd1193/window HTTP/1.1
User-Agent: selenium/4.4.0 (java windows)
Cache-Control: no-cache
Content-Type: application/json; charset=utf-8
host: localhost:49921
accept: */*

Response DefaultHttpResponse(decodeResult: success, version: HTTP/1.1)
HTTP/1.1 200 OK
Content-Type: application/json; charset=utf-8
cache-control: no-cache
content-length: 44

12:37:27.246 [AsyncHttpClient-1-2] DEBUG org.asynchttpclient.netty.channel.ChannelManager - Adding key: http://localhost:49921 for channel [id: 0x807b5911, L:/127.0.0.1:56618 - R:localhost/127.0.0.1:49921]
12:37:27.259 [Forwarding getAlertText on session 319642172572fdf8090d6c9115dd1193 to remote] DEBUG org.asynchttpclient.netty.request.NettyRequestSender - Using pooled Channel '[id: 0x807b5911, L:/127.0.0.1:56618 - R:localhost/127.0.0.1:49921]' for 'GET' to 'http://localhost:49921/session/319642172572fdf8090d6c9115dd1193/alert/text'
12:37:27.259 [Forwarding getAlertText on session 319642172572fdf8090d6c9115dd1193 to remote] DEBUG org.asynchttpclient.netty.request.NettyRequestSender - Using open Channel [id: 0x807b5911, L:/127.0.0.1:56618 - R:localhost/127.0.0.1:49921] for GET '/session/319642172572fdf8090d6c9115dd1193/alert/text'
12:37:27.273 [AsyncHttpClient-1-2] DEBUG org.asynchttpclient.netty.handler.HttpHandler - 

Request DefaultFullHttpRequest(decodeResult: success, version: HTTP/1.1, content: EmptyByteBufBE)
GET /session/319642172572fdf8090d6c9115dd1193/alert/text HTTP/1.1
User-Agent: selenium/4.4.0 (java windows)
Cache-Control: no-cache
Content-Type: application/json; charset=utf-8
host: localhost:49921
accept: */*

Response DefaultHttpResponse(decodeResult: success, version: HTTP/1.1)
HTTP/1.1 404 Not Found
Content-Type: application/json; charset=utf-8
cache-control: no-cache
content-length: 1045

12:37:27.274 [AsyncHttpClient-1-2] DEBUG org.asynchttpclient.netty.channel.ChannelManager - Adding key: http://localhost:49921 for channel [id: 0x807b5911, L:/127.0.0.1:56618 - R:localhost/127.0.0.1:49921]
12:37:27.286 [Forwarding switchToWindow on session 319642172572fdf8090d6c9115dd1193 to remote] DEBUG org.asynchttpclient.netty.request.NettyRequestSender - Using pooled Channel '[id: 0x807b5911, L:/127.0.0.1:56618 - R:localhost/127.0.0.1:49921]' for 'POST' to 'http://localhost:49921/session/319642172572fdf8090d6c9115dd1193/window'
12:37:27.286 [Forwarding switchToWindow on session 319642172572fdf8090d6c9115dd1193 to remote] DEBUG org.asynchttpclient.netty.request.NettyRequestSender - Using open Channel [id: 0x807b5911, L:/127.0.0.1:56618 - R:localhost/127.0.0.1:49921] for POST '/session/319642172572fdf8090d6c9115dd1193/window'
12:37:27.291 [AsyncHttpClient-1-2] DEBUG org.asynchttpclient.netty.handler.HttpHandler - 

Request DefaultHttpRequest(decodeResult: success, version: HTTP/1.1)
POST /session/319642172572fdf8090d6c9115dd1193/window HTTP/1.1
User-Agent: selenium/4.4.0 (java windows)
Content-Length: 50
Content-Type: application/json; charset=utf-8
host: localhost:49921
accept: */*

Response DefaultHttpResponse(decodeResult: success, version: HTTP/1.1)
HTTP/1.1 200 OK
Content-Type: application/json; charset=utf-8
cache-control: no-cache
content-length: 14

12:37:27.291 [AsyncHttpClient-1-2] DEBUG org.asynchttpclient.netty.channel.ChannelManager - Adding key: http://localhost:49921 for channel [id: 0x807b5911, L:/127.0.0.1:56618 - R:localhost/127.0.0.1:49921]
12:37:27.294 [Forwarding getCurrentUrl on session 319642172572fdf8090d6c9115dd1193 to remote] DEBUG org.asynchttpclient.netty.request.NettyRequestSender - Using pooled Channel '[id: 0x807b5911, L:/127.0.0.1:56618 - R:localhost/127.0.0.1:49921]' for 'GET' to 'http://localhost:49921/session/319642172572fdf8090d6c9115dd1193/url'
12:37:27.294 [Forwarding getCurrentUrl on session 319642172572fdf8090d6c9115dd1193 to remote] DEBUG org.asynchttpclient.netty.request.NettyRequestSender - Using open Channel [id: 0x807b5911, L:/127.0.0.1:56618 - R:localhost/127.0.0.1:49921] for GET '/session/319642172572fdf8090d6c9115dd1193/url'
12:37:27.310 [AsyncHttpClient-1-2] DEBUG org.asynchttpclient.netty.handler.HttpHandler - 

Request DefaultFullHttpRequest(decodeResult: success, version: HTTP/1.1, content: EmptyByteBufBE)
GET /session/319642172572fdf8090d6c9115dd1193/url HTTP/1.1
User-Agent: selenium/4.4.0 (java windows)
Cache-Control: no-cache
Content-Type: application/json; charset=utf-8
host: localhost:49921
accept: */*

Response DefaultHttpResponse(decodeResult: success, version: HTTP/1.1)
HTTP/1.1 200 OK
Content-Type: application/json; charset=utf-8
cache-control: no-cache
content-length: 47

12:37:27.310 [AsyncHttpClient-1-2] DEBUG org.asynchttpclient.netty.channel.ChannelManager - Adding key: http://localhost:49921 for channel [id: 0x807b5911, L:/127.0.0.1:56618 - R:localhost/127.0.0.1:49921]
12:37:27.314 [Forwarding screenshot on session 319642172572fdf8090d6c9115dd1193 to remote] DEBUG org.asynchttpclient.netty.request.NettyRequestSender - Using pooled Channel '[id: 0x807b5911, L:/127.0.0.1:56618 - R:localhost/127.0.0.1:49921]' for 'GET' to 'http://localhost:49921/session/319642172572fdf8090d6c9115dd1193/screenshot'
12:37:27.314 [Forwarding screenshot on session 319642172572fdf8090d6c9115dd1193 to remote] DEBUG org.asynchttpclient.netty.request.NettyRequestSender - Using open Channel [id: 0x807b5911, L:/127.0.0.1:56618 - R:localhost/127.0.0.1:49921] for GET '/session/319642172572fdf8090d6c9115dd1193/screenshot'
12:37:27.470 [AsyncHttpClient-1-2] DEBUG org.asynchttpclient.netty.handler.HttpHandler - 

Request DefaultFullHttpRequest(decodeResult: success, version: HTTP/1.1, content: EmptyByteBufBE)
GET /session/319642172572fdf8090d6c9115dd1193/screenshot HTTP/1.1
User-Agent: selenium/4.4.0 (java windows)
Cache-Control: no-cache
Content-Type: application/json; charset=utf-8
host: localhost:49921
accept: */*

Response DefaultHttpResponse(decodeResult: success, version: HTTP/1.1)
HTTP/1.1 200 OK
Content-Type: application/json; charset=utf-8
cache-control: no-cache
content-length: 280468

12:37:27.473 [AsyncHttpClient-1-2] DEBUG org.asynchttpclient.netty.channel.ChannelManager - Adding key: http://localhost:49921 for channel [id: 0x807b5911, L:/127.0.0.1:56618 - R:localhost/127.0.0.1:49921]
12:37:27.480 [Test worker] DEBUG net.serenitybdd.core.photography.Darkroom - Send negative for processing for C:\Users\pcnit\Downloads\TestE2E\target\site\serenity\19ae2afdf1dd64de650f48e9822eb6a37a576a7692d4854f1b9789a4c938542e.png
12:37:27.480 [Darkroom Processing Line] DEBUG net.serenitybdd.core.photography.DarkroomProcessingLine - Processing screenshot image in /var/screenshots/screenshot-8583938633248613969
12:37:27.480 [Darkroom Processing Line] DEBUG net.serenitybdd.core.photography.DarkroomProcessingLine - Saving screenshot to C:\Users\pcnit\Downloads\TestE2E\target\site\serenity\19ae2afdf1dd64de650f48e9822eb6a37a576a7692d4854f1b9789a4c938542e.png
12:37:27.494 [Forwarding getPageSource on session 319642172572fdf8090d6c9115dd1193 to remote] DEBUG org.asynchttpclient.netty.request.NettyRequestSender - Using pooled Channel '[id: 0x807b5911, L:/127.0.0.1:56618 - R:localhost/127.0.0.1:49921]' for 'POST' to 'http://localhost:49921/session/319642172572fdf8090d6c9115dd1193/execute/sync'
12:37:27.494 [Forwarding getPageSource on session 319642172572fdf8090d6c9115dd1193 to remote] DEBUG org.asynchttpclient.netty.request.NettyRequestSender - Using open Channel [id: 0x807b5911, L:/127.0.0.1:56618 - R:localhost/127.0.0.1:49921] for POST '/session/319642172572fdf8090d6c9115dd1193/execute/sync'
12:37:27.512 [AsyncHttpClient-1-2] DEBUG org.asynchttpclient.netty.handler.HttpHandler - 

Request DefaultHttpRequest(decodeResult: success, version: HTTP/1.1)
POST /session/319642172572fdf8090d6c9115dd1193/execute/sync HTTP/1.1
User-Agent: selenium/4.4.0 (java windows)
Content-Length: 176
Content-Type: application/json; charset=utf-8
host: localhost:49921
accept: */*

Response DefaultHttpResponse(decodeResult: success, version: HTTP/1.1)
HTTP/1.1 200 OK
Content-Type: application/json; charset=utf-8
cache-control: no-cache
content-length: 59815

12:37:27.512 [AsyncHttpClient-1-2] DEBUG org.asynchttpclient.netty.channel.ChannelManager - Adding key: http://localhost:49921 for channel [id: 0x807b5911, L:/127.0.0.1:56618 - R:localhost/127.0.0.1:49921]
12:37:27.519 [Forwarding getCurrentUrl on session 319642172572fdf8090d6c9115dd1193 to remote] DEBUG org.asynchttpclient.netty.request.NettyRequestSender - Using pooled Channel '[id: 0x807b5911, L:/127.0.0.1:56618 - R:localhost/127.0.0.1:49921]' for 'GET' to 'http://localhost:49921/session/319642172572fdf8090d6c9115dd1193/url'
12:37:27.520 [Forwarding getCurrentUrl on session 319642172572fdf8090d6c9115dd1193 to remote] DEBUG org.asynchttpclient.netty.request.NettyRequestSender - Using open Channel [id: 0x807b5911, L:/127.0.0.1:56618 - R:localhost/127.0.0.1:49921] for GET '/session/319642172572fdf8090d6c9115dd1193/url'
12:37:27.541 [AsyncHttpClient-1-2] DEBUG org.asynchttpclient.netty.handler.HttpHandler - 

Request DefaultFullHttpRequest(decodeResult: success, version: HTTP/1.1, content: EmptyByteBufBE)
GET /session/319642172572fdf8090d6c9115dd1193/url HTTP/1.1
User-Agent: selenium/4.4.0 (java windows)
Cache-Control: no-cache
Content-Type: application/json; charset=utf-8
host: localhost:49921
accept: */*

Response DefaultHttpResponse(decodeResult: success, version: HTTP/1.1)
HTTP/1.1 200 OK
Content-Type: application/json; charset=utf-8
cache-control: no-cache
content-length: 47

12:37:27.541 [AsyncHttpClient-1-2] DEBUG org.asynchttpclient.netty.channel.ChannelManager - Adding key: http://localhost:49921 for channel [id: 0x807b5911, L:/127.0.0.1:56618 - R:localhost/127.0.0.1:49921]
12:37:27.586 [Forwarding getCurrentWindowHandle on session 319642172572fdf8090d6c9115dd1193 to remote] DEBUG org.asynchttpclient.netty.request.NettyRequestSender - Using pooled Channel '[id: 0x807b5911, L:/127.0.0.1:56618 - R:localhost/127.0.0.1:49921]' for 'GET' to 'http://localhost:49921/session/319642172572fdf8090d6c9115dd1193/window'
12:37:27.587 [Forwarding getCurrentWindowHandle on session 319642172572fdf8090d6c9115dd1193 to remote] DEBUG org.asynchttpclient.netty.request.NettyRequestSender - Using open Channel [id: 0x807b5911, L:/127.0.0.1:56618 - R:localhost/127.0.0.1:49921] for GET '/session/319642172572fdf8090d6c9115dd1193/window'
12:37:27.596 [AsyncHttpClient-1-2] DEBUG org.asynchttpclient.netty.handler.HttpHandler - 

Request DefaultFullHttpRequest(decodeResult: success, version: HTTP/1.1, content: EmptyByteBufBE)
GET /session/319642172572fdf8090d6c9115dd1193/window HTTP/1.1
User-Agent: selenium/4.4.0 (java windows)
Cache-Control: no-cache
Content-Type: application/json; charset=utf-8
host: localhost:49921
accept: */*

Response DefaultHttpResponse(decodeResult: success, version: HTTP/1.1)
HTTP/1.1 200 OK
Content-Type: application/json; charset=utf-8
cache-control: no-cache
content-length: 44

12:37:27.597 [AsyncHttpClient-1-2] DEBUG org.asynchttpclient.netty.channel.ChannelManager - Adding key: http://localhost:49921 for channel [id: 0x807b5911, L:/127.0.0.1:56618 - R:localhost/127.0.0.1:49921]
12:37:27.606 [Forwarding getAlertText on session 319642172572fdf8090d6c9115dd1193 to remote] DEBUG org.asynchttpclient.netty.request.NettyRequestSender - Using pooled Channel '[id: 0x807b5911, L:/127.0.0.1:56618 - R:localhost/127.0.0.1:49921]' for 'GET' to 'http://localhost:49921/session/319642172572fdf8090d6c9115dd1193/alert/text'
12:37:27.607 [Forwarding getAlertText on session 319642172572fdf8090d6c9115dd1193 to remote] DEBUG org.asynchttpclient.netty.request.NettyRequestSender - Using open Channel [id: 0x807b5911, L:/127.0.0.1:56618 - R:localhost/127.0.0.1:49921] for GET '/session/319642172572fdf8090d6c9115dd1193/alert/text'
12:37:27.624 [AsyncHttpClient-1-2] DEBUG org.asynchttpclient.netty.handler.HttpHandler - 

Request DefaultFullHttpRequest(decodeResult: success, version: HTTP/1.1, content: EmptyByteBufBE)
GET /session/319642172572fdf8090d6c9115dd1193/alert/text HTTP/1.1
User-Agent: selenium/4.4.0 (java windows)
Cache-Control: no-cache
Content-Type: application/json; charset=utf-8
host: localhost:49921
accept: */*

Response DefaultHttpResponse(decodeResult: success, version: HTTP/1.1)
HTTP/1.1 404 Not Found
Content-Type: application/json; charset=utf-8
cache-control: no-cache
content-length: 1045

12:37:27.624 [AsyncHttpClient-1-2] DEBUG org.asynchttpclient.netty.channel.ChannelManager - Adding key: http://localhost:49921 for channel [id: 0x807b5911, L:/127.0.0.1:56618 - R:localhost/127.0.0.1:49921]
12:37:27.640 [Forwarding switchToWindow on session 319642172572fdf8090d6c9115dd1193 to remote] DEBUG org.asynchttpclient.netty.request.NettyRequestSender - Using pooled Channel '[id: 0x807b5911, L:/127.0.0.1:56618 - R:localhost/127.0.0.1:49921]' for 'POST' to 'http://localhost:49921/session/319642172572fdf8090d6c9115dd1193/window'
12:37:27.640 [Forwarding switchToWindow on session 319642172572fdf8090d6c9115dd1193 to remote] DEBUG org.asynchttpclient.netty.request.NettyRequestSender - Using open Channel [id: 0x807b5911, L:/127.0.0.1:56618 - R:localhost/127.0.0.1:49921] for POST '/session/319642172572fdf8090d6c9115dd1193/window'
12:37:27.645 [AsyncHttpClient-1-2] DEBUG org.asynchttpclient.netty.handler.HttpHandler - 

Request DefaultHttpRequest(decodeResult: success, version: HTTP/1.1)
POST /session/319642172572fdf8090d6c9115dd1193/window HTTP/1.1
User-Agent: selenium/4.4.0 (java windows)
Content-Length: 50
Content-Type: application/json; charset=utf-8
host: localhost:49921
accept: */*

Response DefaultHttpResponse(decodeResult: success, version: HTTP/1.1)
HTTP/1.1 200 OK
Content-Type: application/json; charset=utf-8
cache-control: no-cache
content-length: 14

12:37:27.646 [AsyncHttpClient-1-2] DEBUG org.asynchttpclient.netty.channel.ChannelManager - Adding key: http://localhost:49921 for channel [id: 0x807b5911, L:/127.0.0.1:56618 - R:localhost/127.0.0.1:49921]
12:37:27.647 [Forwarding getCurrentUrl on session 319642172572fdf8090d6c9115dd1193 to remote] DEBUG org.asynchttpclient.netty.request.NettyRequestSender - Using pooled Channel '[id: 0x807b5911, L:/127.0.0.1:56618 - R:localhost/127.0.0.1:49921]' for 'GET' to 'http://localhost:49921/session/319642172572fdf8090d6c9115dd1193/url'
12:37:27.647 [Forwarding getCurrentUrl on session 319642172572fdf8090d6c9115dd1193 to remote] DEBUG org.asynchttpclient.netty.request.NettyRequestSender - Using open Channel [id: 0x807b5911, L:/127.0.0.1:56618 - R:localhost/127.0.0.1:49921] for GET '/session/319642172572fdf8090d6c9115dd1193/url'
12:37:27.663 [AsyncHttpClient-1-2] DEBUG org.asynchttpclient.netty.handler.HttpHandler - 

Request DefaultFullHttpRequest(decodeResult: success, version: HTTP/1.1, content: EmptyByteBufBE)
GET /session/319642172572fdf8090d6c9115dd1193/url HTTP/1.1
User-Agent: selenium/4.4.0 (java windows)
Cache-Control: no-cache
Content-Type: application/json; charset=utf-8
host: localhost:49921
accept: */*

Response DefaultHttpResponse(decodeResult: success, version: HTTP/1.1)
HTTP/1.1 200 OK
Content-Type: application/json; charset=utf-8
cache-control: no-cache
content-length: 47

12:37:27.664 [AsyncHttpClient-1-2] DEBUG org.asynchttpclient.netty.channel.ChannelManager - Adding key: http://localhost:49921 for channel [id: 0x807b5911, L:/127.0.0.1:56618 - R:localhost/127.0.0.1:49921]
12:37:27.665 [Forwarding screenshot on session 319642172572fdf8090d6c9115dd1193 to remote] DEBUG org.asynchttpclient.netty.request.NettyRequestSender - Using pooled Channel '[id: 0x807b5911, L:/127.0.0.1:56618 - R:localhost/127.0.0.1:49921]' for 'GET' to 'http://localhost:49921/session/319642172572fdf8090d6c9115dd1193/screenshot'
12:37:27.665 [Forwarding screenshot on session 319642172572fdf8090d6c9115dd1193 to remote] DEBUG org.asynchttpclient.netty.request.NettyRequestSender - Using open Channel [id: 0x807b5911, L:/127.0.0.1:56618 - R:localhost/127.0.0.1:49921] for GET '/session/319642172572fdf8090d6c9115dd1193/screenshot'
12:37:27.780 [AsyncHttpClient-1-2] DEBUG org.asynchttpclient.netty.handler.HttpHandler - 

Request DefaultFullHttpRequest(decodeResult: success, version: HTTP/1.1, content: EmptyByteBufBE)
GET /session/319642172572fdf8090d6c9115dd1193/screenshot HTTP/1.1
User-Agent: selenium/4.4.0 (java windows)
Cache-Control: no-cache
Content-Type: application/json; charset=utf-8
host: localhost:49921
accept: */*

Response DefaultHttpResponse(decodeResult: success, version: HTTP/1.1)
HTTP/1.1 200 OK
Content-Type: application/json; charset=utf-8
cache-control: no-cache
content-length: 258824

12:37:27.782 [AsyncHttpClient-1-2] DEBUG org.asynchttpclient.netty.channel.ChannelManager - Adding key: http://localhost:49921 for channel [id: 0x807b5911, L:/127.0.0.1:56618 - R:localhost/127.0.0.1:49921]
12:37:27.791 [Test worker] DEBUG net.serenitybdd.core.photography.Darkroom - Send negative for processing for C:\Users\pcnit\Downloads\TestE2E\target\site\serenity\f2ff5779d0956cf2f8b365950d0749a047e6f08d32b390e3fa9b411173027a5a.png
12:37:27.791 [Test worker] DEBUG net.thucydides.core.steps.StepInterceptor - STEP DONE: {0} clicks on #target
12:37:27.792 [Darkroom Processing Line] DEBUG net.serenitybdd.core.photography.DarkroomProcessingLine - Processing screenshot image in /var/screenshots/screenshot-744668704295493785
12:37:27.792 [Darkroom Processing Line] DEBUG net.serenitybdd.core.photography.DarkroomProcessingLine - Saving screenshot to C:\Users\pcnit\Downloads\TestE2E\target\site\serenity\f2ff5779d0956cf2f8b365950d0749a047e6f08d32b390e3fa9b411173027a5a.png
12:37:27.822 [Test worker] DEBUG net.thucydides.core.steps.StepInterceptor - STEP DONE: performAs
  ?[32mCuando ?[0m?[32mVayas al carrito de compras llena el formulario?[0m ?[90m# co.com.screemplay.project.stepdefinition.CompleteStep.addCar()?[0m
12:37:27.865 [Forwarding getCurrentWindowHandle on session 319642172572fdf8090d6c9115dd1193 to remote] DEBUG org.asynchttpclient.netty.request.NettyRequestSender - Using pooled Channel '[id: 0x807b5911, L:/127.0.0.1:56618 - R:localhost/127.0.0.1:49921]' for 'GET' to 'http://localhost:49921/session/319642172572fdf8090d6c9115dd1193/window'
12:37:27.865 [Forwarding getCurrentWindowHandle on session 319642172572fdf8090d6c9115dd1193 to remote] DEBUG org.asynchttpclient.netty.request.NettyRequestSender - Using open Channel [id: 0x807b5911, L:/127.0.0.1:56618 - R:localhost/127.0.0.1:49921] for GET '/session/319642172572fdf8090d6c9115dd1193/window'
12:37:27.874 [AsyncHttpClient-1-2] DEBUG org.asynchttpclient.netty.handler.HttpHandler - 

Request DefaultFullHttpRequest(decodeResult: success, version: HTTP/1.1, content: EmptyByteBufBE)
GET /session/319642172572fdf8090d6c9115dd1193/window HTTP/1.1
User-Agent: selenium/4.4.0 (java windows)
Cache-Control: no-cache
Content-Type: application/json; charset=utf-8
host: localhost:49921
accept: */*

Response DefaultHttpResponse(decodeResult: success, version: HTTP/1.1)
HTTP/1.1 200 OK
Content-Type: application/json; charset=utf-8
cache-control: no-cache
content-length: 44

12:37:27.874 [AsyncHttpClient-1-2] DEBUG org.asynchttpclient.netty.channel.ChannelManager - Adding key: http://localhost:49921 for channel [id: 0x807b5911, L:/127.0.0.1:56618 - R:localhost/127.0.0.1:49921]
12:37:27.884 [Forwarding getAlertText on session 319642172572fdf8090d6c9115dd1193 to remote] DEBUG org.asynchttpclient.netty.request.NettyRequestSender - Using pooled Channel '[id: 0x807b5911, L:/127.0.0.1:56618 - R:localhost/127.0.0.1:49921]' for 'GET' to 'http://localhost:49921/session/319642172572fdf8090d6c9115dd1193/alert/text'
12:37:27.884 [Forwarding getAlertText on session 319642172572fdf8090d6c9115dd1193 to remote] DEBUG org.asynchttpclient.netty.request.NettyRequestSender - Using open Channel [id: 0x807b5911, L:/127.0.0.1:56618 - R:localhost/127.0.0.1:49921] for GET '/session/319642172572fdf8090d6c9115dd1193/alert/text'
12:37:27.886 [AsyncHttpClient-1-1] DEBUG org.asynchttpclient.netty.channel.DefaultChannelPool - Entry count for : http://localhost:56619 : 1
12:37:27.896 [AsyncHttpClient-1-2] DEBUG org.asynchttpclient.netty.handler.HttpHandler - 

Request DefaultFullHttpRequest(decodeResult: success, version: HTTP/1.1, content: EmptyByteBufBE)
GET /session/319642172572fdf8090d6c9115dd1193/alert/text HTTP/1.1
User-Agent: selenium/4.4.0 (java windows)
Cache-Control: no-cache
Content-Type: application/json; charset=utf-8
host: localhost:49921
accept: */*

Response DefaultHttpResponse(decodeResult: success, version: HTTP/1.1)
HTTP/1.1 404 Not Found
Content-Type: application/json; charset=utf-8
cache-control: no-cache
content-length: 1045

12:37:27.896 [AsyncHttpClient-1-2] DEBUG org.asynchttpclient.netty.channel.ChannelManager - Adding key: http://localhost:49921 for channel [id: 0x807b5911, L:/127.0.0.1:56618 - R:localhost/127.0.0.1:49921]
12:37:27.907 [Forwarding switchToWindow on session 319642172572fdf8090d6c9115dd1193 to remote] DEBUG org.asynchttpclient.netty.request.NettyRequestSender - Using pooled Channel '[id: 0x807b5911, L:/127.0.0.1:56618 - R:localhost/127.0.0.1:49921]' for 'POST' to 'http://localhost:49921/session/319642172572fdf8090d6c9115dd1193/window'
12:37:27.907 [Forwarding switchToWindow on session 319642172572fdf8090d6c9115dd1193 to remote] DEBUG org.asynchttpclient.netty.request.NettyRequestSender - Using open Channel [id: 0x807b5911, L:/127.0.0.1:56618 - R:localhost/127.0.0.1:49921] for POST '/session/319642172572fdf8090d6c9115dd1193/window'
12:37:27.912 [AsyncHttpClient-1-2] DEBUG org.asynchttpclient.netty.handler.HttpHandler - 

Request DefaultHttpRequest(decodeResult: success, version: HTTP/1.1)
POST /session/319642172572fdf8090d6c9115dd1193/window HTTP/1.1
User-Agent: selenium/4.4.0 (java windows)
Content-Length: 50
Content-Type: application/json; charset=utf-8
host: localhost:49921
accept: */*

Response DefaultHttpResponse(decodeResult: success, version: HTTP/1.1)
HTTP/1.1 200 OK
Content-Type: application/json; charset=utf-8
cache-control: no-cache
content-length: 14

12:37:27.912 [AsyncHttpClient-1-2] DEBUG org.asynchttpclient.netty.channel.ChannelManager - Adding key: http://localhost:49921 for channel [id: 0x807b5911, L:/127.0.0.1:56618 - R:localhost/127.0.0.1:49921]
12:37:27.913 [Forwarding getCurrentUrl on session 319642172572fdf8090d6c9115dd1193 to remote] DEBUG org.asynchttpclient.netty.request.NettyRequestSender - Using pooled Channel '[id: 0x807b5911, L:/127.0.0.1:56618 - R:localhost/127.0.0.1:49921]' for 'GET' to 'http://localhost:49921/session/319642172572fdf8090d6c9115dd1193/url'
12:37:27.913 [Forwarding getCurrentUrl on session 319642172572fdf8090d6c9115dd1193 to remote] DEBUG org.asynchttpclient.netty.request.NettyRequestSender - Using open Channel [id: 0x807b5911, L:/127.0.0.1:56618 - R:localhost/127.0.0.1:49921] for GET '/session/319642172572fdf8090d6c9115dd1193/url'
12:37:27.931 [AsyncHttpClient-1-2] DEBUG org.asynchttpclient.netty.handler.HttpHandler - 

Request DefaultFullHttpRequest(decodeResult: success, version: HTTP/1.1, content: EmptyByteBufBE)
GET /session/319642172572fdf8090d6c9115dd1193/url HTTP/1.1
User-Agent: selenium/4.4.0 (java windows)
Cache-Control: no-cache
Content-Type: application/json; charset=utf-8
host: localhost:49921
accept: */*

Response DefaultHttpResponse(decodeResult: success, version: HTTP/1.1)
HTTP/1.1 200 OK
Content-Type: application/json; charset=utf-8
cache-control: no-cache
content-length: 47

12:37:27.931 [AsyncHttpClient-1-2] DEBUG org.asynchttpclient.netty.channel.ChannelManager - Adding key: http://localhost:49921 for channel [id: 0x807b5911, L:/127.0.0.1:56618 - R:localhost/127.0.0.1:49921]
12:37:27.932 [Forwarding screenshot on session 319642172572fdf8090d6c9115dd1193 to remote] DEBUG org.asynchttpclient.netty.request.NettyRequestSender - Using pooled Channel '[id: 0x807b5911, L:/127.0.0.1:56618 - R:localhost/127.0.0.1:49921]' for 'GET' to 'http://localhost:49921/session/319642172572fdf8090d6c9115dd1193/screenshot'
12:37:27.932 [Forwarding screenshot on session 319642172572fdf8090d6c9115dd1193 to remote] DEBUG org.asynchttpclient.netty.request.NettyRequestSender - Using open Channel [id: 0x807b5911, L:/127.0.0.1:56618 - R:localhost/127.0.0.1:49921] for GET '/session/319642172572fdf8090d6c9115dd1193/screenshot'
12:37:28.063 [AsyncHttpClient-1-2] DEBUG org.asynchttpclient.netty.handler.HttpHandler - 

Request DefaultFullHttpRequest(decodeResult: success, version: HTTP/1.1, content: EmptyByteBufBE)
GET /session/319642172572fdf8090d6c9115dd1193/screenshot HTTP/1.1
User-Agent: selenium/4.4.0 (java windows)
Cache-Control: no-cache
Content-Type: application/json; charset=utf-8
host: localhost:49921
accept: */*

Response DefaultHttpResponse(decodeResult: success, version: HTTP/1.1)
HTTP/1.1 200 OK
Content-Type: application/json; charset=utf-8
cache-control: no-cache
content-length: 259016

12:37:28.064 [AsyncHttpClient-1-2] DEBUG org.asynchttpclient.netty.channel.ChannelManager - Adding key: http://localhost:49921 for channel [id: 0x807b5911, L:/127.0.0.1:56618 - R:localhost/127.0.0.1:49921]
12:37:28.077 [Test worker] DEBUG net.serenitybdd.core.photography.Darkroom - Send negative for processing for C:\Users\pcnit\Downloads\TestE2E\target\site\serenity\d7f89bc4a88d9af0515d270873d884a7ef3d1b20879595f50d54d9cbc937668c.png
12:37:28.077 [Darkroom Processing Line] DEBUG net.serenitybdd.core.photography.DarkroomProcessingLine - Processing screenshot image in /var/screenshots/screenshot-6277838575950283028
12:37:28.078 [Darkroom Processing Line] DEBUG net.serenitybdd.core.photography.DarkroomProcessingLine - Saving screenshot to C:\Users\pcnit\Downloads\TestE2E\target\site\serenity\d7f89bc4a88d9af0515d270873d884a7ef3d1b20879595f50d54d9cbc937668c.png
12:37:28.117 [Forwarding getPageSource on session 319642172572fdf8090d6c9115dd1193 to remote] DEBUG org.asynchttpclient.netty.request.NettyRequestSender - Using pooled Channel '[id: 0x807b5911, L:/127.0.0.1:56618 - R:localhost/127.0.0.1:49921]' for 'POST' to 'http://localhost:49921/session/319642172572fdf8090d6c9115dd1193/execute/sync'
12:37:28.117 [Forwarding getPageSource on session 319642172572fdf8090d6c9115dd1193 to remote] DEBUG org.asynchttpclient.netty.request.NettyRequestSender - Using open Channel [id: 0x807b5911, L:/127.0.0.1:56618 - R:localhost/127.0.0.1:49921] for POST '/session/319642172572fdf8090d6c9115dd1193/execute/sync'
12:37:28.149 [AsyncHttpClient-1-2] DEBUG org.asynchttpclient.netty.handler.HttpHandler - 

Request DefaultHttpRequest(decodeResult: success, version: HTTP/1.1)
POST /session/319642172572fdf8090d6c9115dd1193/execute/sync HTTP/1.1
User-Agent: selenium/4.4.0 (java windows)
Content-Length: 176
Content-Type: application/json; charset=utf-8
host: localhost:49921
accept: */*

Response DefaultHttpResponse(decodeResult: success, version: HTTP/1.1)
HTTP/1.1 200 OK
Content-Type: application/json; charset=utf-8
cache-control: no-cache
content-length: 59823

12:37:28.150 [AsyncHttpClient-1-2] DEBUG org.asynchttpclient.netty.channel.ChannelManager - Adding key: http://localhost:49921 for channel [id: 0x807b5911, L:/127.0.0.1:56618 - R:localhost/127.0.0.1:49921]
12:37:28.163 [Forwarding getCurrentUrl on session 319642172572fdf8090d6c9115dd1193 to remote] DEBUG org.asynchttpclient.netty.request.NettyRequestSender - Using pooled Channel '[id: 0x807b5911, L:/127.0.0.1:56618 - R:localhost/127.0.0.1:49921]' for 'GET' to 'http://localhost:49921/session/319642172572fdf8090d6c9115dd1193/url'
12:37:28.163 [Forwarding getCurrentUrl on session 319642172572fdf8090d6c9115dd1193 to remote] DEBUG org.asynchttpclient.netty.request.NettyRequestSender - Using open Channel [id: 0x807b5911, L:/127.0.0.1:56618 - R:localhost/127.0.0.1:49921] for GET '/session/319642172572fdf8090d6c9115dd1193/url'
12:37:28.180 [AsyncHttpClient-1-2] DEBUG org.asynchttpclient.netty.handler.HttpHandler - 

Request DefaultFullHttpRequest(decodeResult: success, version: HTTP/1.1, content: EmptyByteBufBE)
GET /session/319642172572fdf8090d6c9115dd1193/url HTTP/1.1
User-Agent: selenium/4.4.0 (java windows)
Cache-Control: no-cache
Content-Type: application/json; charset=utf-8
host: localhost:49921
accept: */*

Response DefaultHttpResponse(decodeResult: success, version: HTTP/1.1)
HTTP/1.1 200 OK
Content-Type: application/json; charset=utf-8
cache-control: no-cache
content-length: 47

12:37:28.181 [AsyncHttpClient-1-2] DEBUG org.asynchttpclient.netty.channel.ChannelManager - Adding key: http://localhost:49921 for channel [id: 0x807b5911, L:/127.0.0.1:56618 - R:localhost/127.0.0.1:49921]
12:37:28.239 [Forwarding getCurrentWindowHandle on session 319642172572fdf8090d6c9115dd1193 to remote] DEBUG org.asynchttpclient.netty.request.NettyRequestSender - Using pooled Channel '[id: 0x807b5911, L:/127.0.0.1:56618 - R:localhost/127.0.0.1:49921]' for 'GET' to 'http://localhost:49921/session/319642172572fdf8090d6c9115dd1193/window'
12:37:28.240 [Forwarding getCurrentWindowHandle on session 319642172572fdf8090d6c9115dd1193 to remote] DEBUG org.asynchttpclient.netty.request.NettyRequestSender - Using open Channel [id: 0x807b5911, L:/127.0.0.1:56618 - R:localhost/127.0.0.1:49921] for GET '/session/319642172572fdf8090d6c9115dd1193/window'
12:37:28.251 [AsyncHttpClient-1-2] DEBUG org.asynchttpclient.netty.handler.HttpHandler - 

Request DefaultFullHttpRequest(decodeResult: success, version: HTTP/1.1, content: EmptyByteBufBE)
GET /session/319642172572fdf8090d6c9115dd1193/window HTTP/1.1
User-Agent: selenium/4.4.0 (java windows)
Cache-Control: no-cache
Content-Type: application/json; charset=utf-8
host: localhost:49921
accept: */*

Response DefaultHttpResponse(decodeResult: success, version: HTTP/1.1)
HTTP/1.1 200 OK
Content-Type: application/json; charset=utf-8
cache-control: no-cache
content-length: 44

12:37:28.251 [AsyncHttpClient-1-2] DEBUG org.asynchttpclient.netty.channel.ChannelManager - Adding key: http://localhost:49921 for channel [id: 0x807b5911, L:/127.0.0.1:56618 - R:localhost/127.0.0.1:49921]
12:37:28.267 [Forwarding getAlertText on session 319642172572fdf8090d6c9115dd1193 to remote] DEBUG org.asynchttpclient.netty.request.NettyRequestSender - Using pooled Channel '[id: 0x807b5911, L:/127.0.0.1:56618 - R:localhost/127.0.0.1:49921]' for 'GET' to 'http://localhost:49921/session/319642172572fdf8090d6c9115dd1193/alert/text'
12:37:28.267 [Forwarding getAlertText on session 319642172572fdf8090d6c9115dd1193 to remote] DEBUG org.asynchttpclient.netty.request.NettyRequestSender - Using open Channel [id: 0x807b5911, L:/127.0.0.1:56618 - R:localhost/127.0.0.1:49921] for GET '/session/319642172572fdf8090d6c9115dd1193/alert/text'
12:37:28.278 [AsyncHttpClient-1-2] DEBUG org.asynchttpclient.netty.handler.HttpHandler - 

Request DefaultFullHttpRequest(decodeResult: success, version: HTTP/1.1, content: EmptyByteBufBE)
GET /session/319642172572fdf8090d6c9115dd1193/alert/text HTTP/1.1
User-Agent: selenium/4.4.0 (java windows)
Cache-Control: no-cache
Content-Type: application/json; charset=utf-8
host: localhost:49921
accept: */*

Response DefaultHttpResponse(decodeResult: success, version: HTTP/1.1)
HTTP/1.1 404 Not Found
Content-Type: application/json; charset=utf-8
cache-control: no-cache
content-length: 1045

12:37:28.279 [AsyncHttpClient-1-2] DEBUG org.asynchttpclient.netty.channel.ChannelManager - Adding key: http://localhost:49921 for channel [id: 0x807b5911, L:/127.0.0.1:56618 - R:localhost/127.0.0.1:49921]
12:37:28.290 [Forwarding switchToWindow on session 319642172572fdf8090d6c9115dd1193 to remote] DEBUG org.asynchttpclient.netty.request.NettyRequestSender - Using pooled Channel '[id: 0x807b5911, L:/127.0.0.1:56618 - R:localhost/127.0.0.1:49921]' for 'POST' to 'http://localhost:49921/session/319642172572fdf8090d6c9115dd1193/window'
12:37:28.290 [Forwarding switchToWindow on session 319642172572fdf8090d6c9115dd1193 to remote] DEBUG org.asynchttpclient.netty.request.NettyRequestSender - Using open Channel [id: 0x807b5911, L:/127.0.0.1:56618 - R:localhost/127.0.0.1:49921] for POST '/session/319642172572fdf8090d6c9115dd1193/window'
12:37:28.296 [AsyncHttpClient-1-2] DEBUG org.asynchttpclient.netty.handler.HttpHandler - 

Request DefaultHttpRequest(decodeResult: success, version: HTTP/1.1)
POST /session/319642172572fdf8090d6c9115dd1193/window HTTP/1.1
User-Agent: selenium/4.4.0 (java windows)
Content-Length: 50
Content-Type: application/json; charset=utf-8
host: localhost:49921
accept: */*

Response DefaultHttpResponse(decodeResult: success, version: HTTP/1.1)
HTTP/1.1 200 OK
Content-Type: application/json; charset=utf-8
cache-control: no-cache
content-length: 14

12:37:28.296 [AsyncHttpClient-1-2] DEBUG org.asynchttpclient.netty.channel.ChannelManager - Adding key: http://localhost:49921 for channel [id: 0x807b5911, L:/127.0.0.1:56618 - R:localhost/127.0.0.1:49921]
12:37:28.297 [Forwarding getCurrentUrl on session 319642172572fdf8090d6c9115dd1193 to remote] DEBUG org.asynchttpclient.netty.request.NettyRequestSender - Using pooled Channel '[id: 0x807b5911, L:/127.0.0.1:56618 - R:localhost/127.0.0.1:49921]' for 'GET' to 'http://localhost:49921/session/319642172572fdf8090d6c9115dd1193/url'
12:37:28.297 [Forwarding getCurrentUrl on session 319642172572fdf8090d6c9115dd1193 to remote] DEBUG org.asynchttpclient.netty.request.NettyRequestSender - Using open Channel [id: 0x807b5911, L:/127.0.0.1:56618 - R:localhost/127.0.0.1:49921] for GET '/session/319642172572fdf8090d6c9115dd1193/url'
12:37:28.313 [AsyncHttpClient-1-2] DEBUG org.asynchttpclient.netty.handler.HttpHandler - 

Request DefaultFullHttpRequest(decodeResult: success, version: HTTP/1.1, content: EmptyByteBufBE)
GET /session/319642172572fdf8090d6c9115dd1193/url HTTP/1.1
User-Agent: selenium/4.4.0 (java windows)
Cache-Control: no-cache
Content-Type: application/json; charset=utf-8
host: localhost:49921
accept: */*

Response DefaultHttpResponse(decodeResult: success, version: HTTP/1.1)
HTTP/1.1 200 OK
Content-Type: application/json; charset=utf-8
cache-control: no-cache
content-length: 47

12:37:28.313 [AsyncHttpClient-1-2] DEBUG org.asynchttpclient.netty.channel.ChannelManager - Adding key: http://localhost:49921 for channel [id: 0x807b5911, L:/127.0.0.1:56618 - R:localhost/127.0.0.1:49921]
12:37:28.314 [Forwarding screenshot on session 319642172572fdf8090d6c9115dd1193 to remote] DEBUG org.asynchttpclient.netty.request.NettyRequestSender - Using pooled Channel '[id: 0x807b5911, L:/127.0.0.1:56618 - R:localhost/127.0.0.1:49921]' for 'GET' to 'http://localhost:49921/session/319642172572fdf8090d6c9115dd1193/screenshot'
12:37:28.314 [Forwarding screenshot on session 319642172572fdf8090d6c9115dd1193 to remote] DEBUG org.asynchttpclient.netty.request.NettyRequestSender - Using open Channel [id: 0x807b5911, L:/127.0.0.1:56618 - R:localhost/127.0.0.1:49921] for GET '/session/319642172572fdf8090d6c9115dd1193/screenshot'
12:37:28.430 [AsyncHttpClient-1-2] DEBUG org.asynchttpclient.netty.handler.HttpHandler - 

Request DefaultFullHttpRequest(decodeResult: success, version: HTTP/1.1, content: EmptyByteBufBE)
GET /session/319642172572fdf8090d6c9115dd1193/screenshot HTTP/1.1
User-Agent: selenium/4.4.0 (java windows)
Cache-Control: no-cache
Content-Type: application/json; charset=utf-8
host: localhost:49921
accept: */*

Response DefaultHttpResponse(decodeResult: success, version: HTTP/1.1)
HTTP/1.1 200 OK
Content-Type: application/json; charset=utf-8
cache-control: no-cache
content-length: 259016

12:37:28.431 [AsyncHttpClient-1-2] DEBUG org.asynchttpclient.netty.channel.ChannelManager - Adding key: http://localhost:49921 for channel [id: 0x807b5911, L:/127.0.0.1:56618 - R:localhost/127.0.0.1:49921]
12:37:28.437 [Test worker] DEBUG net.serenitybdd.core.photography.Darkroom - Send negative for processing for C:\Users\pcnit\Downloads\TestE2E\target\site\serenity\d7f89bc4a88d9af0515d270873d884a7ef3d1b20879595f50d54d9cbc937668c.png
12:37:28.448 [Forwarding getPageSource on session 319642172572fdf8090d6c9115dd1193 to remote] DEBUG org.asynchttpclient.netty.request.NettyRequestSender - Using pooled Channel '[id: 0x807b5911, L:/127.0.0.1:56618 - R:localhost/127.0.0.1:49921]' for 'POST' to 'http://localhost:49921/session/319642172572fdf8090d6c9115dd1193/execute/sync'
12:37:28.448 [Forwarding getPageSource on session 319642172572fdf8090d6c9115dd1193 to remote] DEBUG org.asynchttpclient.netty.request.NettyRequestSender - Using open Channel [id: 0x807b5911, L:/127.0.0.1:56618 - R:localhost/127.0.0.1:49921] for POST '/session/319642172572fdf8090d6c9115dd1193/execute/sync'
12:37:28.460 [AsyncHttpClient-1-2] DEBUG org.asynchttpclient.netty.handler.HttpHandler - 

Request DefaultHttpRequest(decodeResult: success, version: HTTP/1.1)
POST /session/319642172572fdf8090d6c9115dd1193/execute/sync HTTP/1.1
User-Agent: selenium/4.4.0 (java windows)
Content-Length: 176
Content-Type: application/json; charset=utf-8
host: localhost:49921
accept: */*

Response DefaultHttpResponse(decodeResult: success, version: HTTP/1.1)
HTTP/1.1 200 OK
Content-Type: application/json; charset=utf-8
cache-control: no-cache
content-length: 59823

12:37:28.461 [AsyncHttpClient-1-2] DEBUG org.asynchttpclient.netty.channel.ChannelManager - Adding key: http://localhost:49921 for channel [id: 0x807b5911, L:/127.0.0.1:56618 - R:localhost/127.0.0.1:49921]
12:37:28.476 [Forwarding getCurrentUrl on session 319642172572fdf8090d6c9115dd1193 to remote] DEBUG org.asynchttpclient.netty.request.NettyRequestSender - Using pooled Channel '[id: 0x807b5911, L:/127.0.0.1:56618 - R:localhost/127.0.0.1:49921]' for 'GET' to 'http://localhost:49921/session/319642172572fdf8090d6c9115dd1193/url'
12:37:28.477 [Forwarding getCurrentUrl on session 319642172572fdf8090d6c9115dd1193 to remote] DEBUG org.asynchttpclient.netty.request.NettyRequestSender - Using open Channel [id: 0x807b5911, L:/127.0.0.1:56618 - R:localhost/127.0.0.1:49921] for GET '/session/319642172572fdf8090d6c9115dd1193/url'
12:37:28.492 [AsyncHttpClient-1-2] DEBUG org.asynchttpclient.netty.handler.HttpHandler - 

Request DefaultFullHttpRequest(decodeResult: success, version: HTTP/1.1, content: EmptyByteBufBE)
GET /session/319642172572fdf8090d6c9115dd1193/url HTTP/1.1
User-Agent: selenium/4.4.0 (java windows)
Cache-Control: no-cache
Content-Type: application/json; charset=utf-8
host: localhost:49921
accept: */*

Response DefaultHttpResponse(decodeResult: success, version: HTTP/1.1)
HTTP/1.1 200 OK
Content-Type: application/json; charset=utf-8
cache-control: no-cache
content-length: 47

12:37:28.492 [AsyncHttpClient-1-2] DEBUG org.asynchttpclient.netty.channel.ChannelManager - Adding key: http://localhost:49921 for channel [id: 0x807b5911, L:/127.0.0.1:56618 - R:localhost/127.0.0.1:49921]
12:37:28.500 [Test worker] DEBUG net.thucydides.core.steps.StepInterceptor - STARTING STEP: CompleteStep.endBuy - performAs
12:37:28.501 [Test worker] DEBUG net.serenitybdd.screenplay.targets.IFrameSwitcher - default content already selected for Thank you for your purchase! 
12:37:28.534 [Forwarding findElement on session 319642172572fdf8090d6c9115dd1193 to remote] DEBUG org.asynchttpclient.netty.request.NettyRequestSender - Using pooled Channel '[id: 0x807b5911, L:/127.0.0.1:56618 - R:localhost/127.0.0.1:49921]' for 'POST' to 'http://localhost:49921/session/319642172572fdf8090d6c9115dd1193/element'
12:37:28.534 [Forwarding findElement on session 319642172572fdf8090d6c9115dd1193 to remote] DEBUG org.asynchttpclient.netty.request.NettyRequestSender - Using open Channel [id: 0x807b5911, L:/127.0.0.1:56618 - R:localhost/127.0.0.1:49921] for POST '/session/319642172572fdf8090d6c9115dd1193/element'
12:37:28.554 [AsyncHttpClient-1-2] DEBUG org.asynchttpclient.netty.handler.HttpHandler - 

Request DefaultHttpRequest(decodeResult: success, version: HTTP/1.1)
POST /session/319642172572fdf8090d6c9115dd1193/element HTTP/1.1
User-Agent: selenium/4.4.0 (java windows)
Content-Length: 78
Content-Type: application/json; charset=utf-8
host: localhost:49921
accept: */*

Response DefaultHttpResponse(decodeResult: success, version: HTTP/1.1)
HTTP/1.1 200 OK
Content-Type: application/json; charset=utf-8
cache-control: no-cache
content-length: 127

12:37:28.554 [AsyncHttpClient-1-2] DEBUG org.asynchttpclient.netty.channel.ChannelManager - Adding key: http://localhost:49921 for channel [id: 0x807b5911, L:/127.0.0.1:56618 - R:localhost/127.0.0.1:49921]
12:37:28.556 [Forwarding getElementText on session 319642172572fdf8090d6c9115dd1193 to remote] DEBUG org.asynchttpclient.netty.request.NettyRequestSender - Using pooled Channel '[id: 0x807b5911, L:/127.0.0.1:56618 - R:localhost/127.0.0.1:49921]' for 'GET' to 'http://localhost:49921/session/319642172572fdf8090d6c9115dd1193/element/f.77D77E48C717A5F8144E3521F6891EC1.d.8C715979609D122D0F50FF40744A4ED1.e.434/text'
12:37:28.556 [Forwarding getElementText on session 319642172572fdf8090d6c9115dd1193 to remote] DEBUG org.asynchttpclient.netty.request.NettyRequestSender - Using open Channel [id: 0x807b5911, L:/127.0.0.1:56618 - R:localhost/127.0.0.1:49921] for GET '/session/319642172572fdf8090d6c9115dd1193/element/f.77D77E48C717A5F8144E3521F6891EC1.d.8C715979609D122D0F50FF40744A4ED1.e.434/text'
12:37:28.583 [AsyncHttpClient-1-2] DEBUG org.asynchttpclient.netty.handler.HttpHandler - 

Request DefaultFullHttpRequest(decodeResult: success, version: HTTP/1.1, content: EmptyByteBufBE)
GET /session/319642172572fdf8090d6c9115dd1193/element/f.77D77E48C717A5F8144E3521F6891EC1.d.8C715979609D122D0F50FF40744A4ED1.e.434/text HTTP/1.1
User-Agent: selenium/4.4.0 (java windows)
Cache-Control: no-cache
Content-Type: application/json; charset=utf-8
host: localhost:49921
accept: */*

Response DefaultHttpResponse(decodeResult: success, version: HTTP/1.1)
HTTP/1.1 200 OK
Content-Type: application/json; charset=utf-8
cache-control: no-cache
content-length: 40

12:37:28.583 [AsyncHttpClient-1-2] DEBUG org.asynchttpclient.netty.channel.ChannelManager - Adding key: http://localhost:49921 for channel [id: 0x807b5911, L:/127.0.0.1:56618 - R:localhost/127.0.0.1:49921]
12:37:28.619 [Forwarding getCurrentWindowHandle on session 319642172572fdf8090d6c9115dd1193 to remote] DEBUG org.asynchttpclient.netty.request.NettyRequestSender - Using pooled Channel '[id: 0x807b5911, L:/127.0.0.1:56618 - R:localhost/127.0.0.1:49921]' for 'GET' to 'http://localhost:49921/session/319642172572fdf8090d6c9115dd1193/window'
12:37:28.619 [Forwarding getCurrentWindowHandle on session 319642172572fdf8090d6c9115dd1193 to remote] DEBUG org.asynchttpclient.netty.request.NettyRequestSender - Using open Channel [id: 0x807b5911, L:/127.0.0.1:56618 - R:localhost/127.0.0.1:49921] for GET '/session/319642172572fdf8090d6c9115dd1193/window'
12:37:28.630 [AsyncHttpClient-1-2] DEBUG org.asynchttpclient.netty.handler.HttpHandler - 

Request DefaultFullHttpRequest(decodeResult: success, version: HTTP/1.1, content: EmptyByteBufBE)
GET /session/319642172572fdf8090d6c9115dd1193/window HTTP/1.1
User-Agent: selenium/4.4.0 (java windows)
Cache-Control: no-cache
Content-Type: application/json; charset=utf-8
host: localhost:49921
accept: */*

Response DefaultHttpResponse(decodeResult: success, version: HTTP/1.1)
HTTP/1.1 200 OK
Content-Type: application/json; charset=utf-8
cache-control: no-cache
content-length: 44

12:37:28.630 [AsyncHttpClient-1-2] DEBUG org.asynchttpclient.netty.channel.ChannelManager - Adding key: http://localhost:49921 for channel [id: 0x807b5911, L:/127.0.0.1:56618 - R:localhost/127.0.0.1:49921]
12:37:28.638 [Forwarding getAlertText on session 319642172572fdf8090d6c9115dd1193 to remote] DEBUG org.asynchttpclient.netty.request.NettyRequestSender - Using pooled Channel '[id: 0x807b5911, L:/127.0.0.1:56618 - R:localhost/127.0.0.1:49921]' for 'GET' to 'http://localhost:49921/session/319642172572fdf8090d6c9115dd1193/alert/text'
12:37:28.638 [Forwarding getAlertText on session 319642172572fdf8090d6c9115dd1193 to remote] DEBUG org.asynchttpclient.netty.request.NettyRequestSender - Using open Channel [id: 0x807b5911, L:/127.0.0.1:56618 - R:localhost/127.0.0.1:49921] for GET '/session/319642172572fdf8090d6c9115dd1193/alert/text'
12:37:28.646 [AsyncHttpClient-1-2] DEBUG org.asynchttpclient.netty.handler.HttpHandler - 

Request DefaultFullHttpRequest(decodeResult: success, version: HTTP/1.1, content: EmptyByteBufBE)
GET /session/319642172572fdf8090d6c9115dd1193/alert/text HTTP/1.1
User-Agent: selenium/4.4.0 (java windows)
Cache-Control: no-cache
Content-Type: application/json; charset=utf-8
host: localhost:49921
accept: */*

Response DefaultHttpResponse(decodeResult: success, version: HTTP/1.1)
HTTP/1.1 404 Not Found
Content-Type: application/json; charset=utf-8
cache-control: no-cache
content-length: 1045

12:37:28.647 [AsyncHttpClient-1-2] DEBUG org.asynchttpclient.netty.channel.ChannelManager - Adding key: http://localhost:49921 for channel [id: 0x807b5911, L:/127.0.0.1:56618 - R:localhost/127.0.0.1:49921]
12:37:28.658 [Forwarding switchToWindow on session 319642172572fdf8090d6c9115dd1193 to remote] DEBUG org.asynchttpclient.netty.request.NettyRequestSender - Using pooled Channel '[id: 0x807b5911, L:/127.0.0.1:56618 - R:localhost/127.0.0.1:49921]' for 'POST' to 'http://localhost:49921/session/319642172572fdf8090d6c9115dd1193/window'
12:37:28.658 [Forwarding switchToWindow on session 319642172572fdf8090d6c9115dd1193 to remote] DEBUG org.asynchttpclient.netty.request.NettyRequestSender - Using open Channel [id: 0x807b5911, L:/127.0.0.1:56618 - R:localhost/127.0.0.1:49921] for POST '/session/319642172572fdf8090d6c9115dd1193/window'
12:37:28.662 [AsyncHttpClient-1-2] DEBUG org.asynchttpclient.netty.handler.HttpHandler - 

Request DefaultHttpRequest(decodeResult: success, version: HTTP/1.1)
POST /session/319642172572fdf8090d6c9115dd1193/window HTTP/1.1
User-Agent: selenium/4.4.0 (java windows)
Content-Length: 50
Content-Type: application/json; charset=utf-8
host: localhost:49921
accept: */*

Response DefaultHttpResponse(decodeResult: success, version: HTTP/1.1)
HTTP/1.1 200 OK
Content-Type: application/json; charset=utf-8
cache-control: no-cache
content-length: 14

12:37:28.662 [AsyncHttpClient-1-2] DEBUG org.asynchttpclient.netty.channel.ChannelManager - Adding key: http://localhost:49921 for channel [id: 0x807b5911, L:/127.0.0.1:56618 - R:localhost/127.0.0.1:49921]
12:37:28.663 [Forwarding getCurrentUrl on session 319642172572fdf8090d6c9115dd1193 to remote] DEBUG org.asynchttpclient.netty.request.NettyRequestSender - Using pooled Channel '[id: 0x807b5911, L:/127.0.0.1:56618 - R:localhost/127.0.0.1:49921]' for 'GET' to 'http://localhost:49921/session/319642172572fdf8090d6c9115dd1193/url'
12:37:28.663 [Forwarding getCurrentUrl on session 319642172572fdf8090d6c9115dd1193 to remote] DEBUG org.asynchttpclient.netty.request.NettyRequestSender - Using open Channel [id: 0x807b5911, L:/127.0.0.1:56618 - R:localhost/127.0.0.1:49921] for GET '/session/319642172572fdf8090d6c9115dd1193/url'
12:37:28.675 [AsyncHttpClient-1-2] DEBUG org.asynchttpclient.netty.handler.HttpHandler - 

Request DefaultFullHttpRequest(decodeResult: success, version: HTTP/1.1, content: EmptyByteBufBE)
GET /session/319642172572fdf8090d6c9115dd1193/url HTTP/1.1
User-Agent: selenium/4.4.0 (java windows)
Cache-Control: no-cache
Content-Type: application/json; charset=utf-8
host: localhost:49921
accept: */*

Response DefaultHttpResponse(decodeResult: success, version: HTTP/1.1)
HTTP/1.1 200 OK
Content-Type: application/json; charset=utf-8
cache-control: no-cache
content-length: 47

12:37:28.675 [AsyncHttpClient-1-2] DEBUG org.asynchttpclient.netty.channel.ChannelManager - Adding key: http://localhost:49921 for channel [id: 0x807b5911, L:/127.0.0.1:56618 - R:localhost/127.0.0.1:49921]
12:37:28.676 [Forwarding screenshot on session 319642172572fdf8090d6c9115dd1193 to remote] DEBUG org.asynchttpclient.netty.request.NettyRequestSender - Using pooled Channel '[id: 0x807b5911, L:/127.0.0.1:56618 - R:localhost/127.0.0.1:49921]' for 'GET' to 'http://localhost:49921/session/319642172572fdf8090d6c9115dd1193/screenshot'
12:37:28.676 [Forwarding screenshot on session 319642172572fdf8090d6c9115dd1193 to remote] DEBUG org.asynchttpclient.netty.request.NettyRequestSender - Using open Channel [id: 0x807b5911, L:/127.0.0.1:56618 - R:localhost/127.0.0.1:49921] for GET '/session/319642172572fdf8090d6c9115dd1193/screenshot'
12:37:28.804 [AsyncHttpClient-1-2] DEBUG org.asynchttpclient.netty.handler.HttpHandler - 

Request DefaultFullHttpRequest(decodeResult: success, version: HTTP/1.1, content: EmptyByteBufBE)
GET /session/319642172572fdf8090d6c9115dd1193/screenshot HTTP/1.1
User-Agent: selenium/4.4.0 (java windows)
Cache-Control: no-cache
Content-Type: application/json; charset=utf-8
host: localhost:49921
accept: */*

Response DefaultHttpResponse(decodeResult: success, version: HTTP/1.1)
HTTP/1.1 200 OK
Content-Type: application/json; charset=utf-8
cache-control: no-cache
content-length: 259016

12:37:28.804 [AsyncHttpClient-1-2] DEBUG org.asynchttpclient.netty.channel.ChannelManager - Adding key: http://localhost:49921 for channel [id: 0x807b5911, L:/127.0.0.1:56618 - R:localhost/127.0.0.1:49921]
12:37:28.809 [Test worker] DEBUG net.serenitybdd.core.photography.Darkroom - Send negative for processing for C:\Users\pcnit\Downloads\TestE2E\target\site\serenity\d7f89bc4a88d9af0515d270873d884a7ef3d1b20879595f50d54d9cbc937668c.png
12:37:28.809 [Test worker] DEBUG net.thucydides.core.steps.StepInterceptor - STEP DONE: performAs
12:37:28.819 [Test worker] INFO co.com.screemplay.project.stepdefinition.CompleteStep - Thank you for your purchase!
12:37:28.887 [Forwarding getCurrentWindowHandle on session 319642172572fdf8090d6c9115dd1193 to remote] DEBUG org.asynchttpclient.netty.request.NettyRequestSender - Using pooled Channel '[id: 0x807b5911, L:/127.0.0.1:56618 - R:localhost/127.0.0.1:49921]' for 'GET' to 'http://localhost:49921/session/319642172572fdf8090d6c9115dd1193/window'
12:37:28.887 [Forwarding getCurrentWindowHandle on session 319642172572fdf8090d6c9115dd1193 to remote] DEBUG org.asynchttpclient.netty.request.NettyRequestSender - Using open Channel [id: 0x807b5911, L:/127.0.0.1:56618 - R:localhost/127.0.0.1:49921] for GET '/session/319642172572fdf8090d6c9115dd1193/window'
12:37:28.898 [AsyncHttpClient-1-2] DEBUG org.asynchttpclient.netty.handler.HttpHandler - 

Request DefaultFullHttpRequest(decodeResult: success, version: HTTP/1.1, content: EmptyByteBufBE)
GET /session/319642172572fdf8090d6c9115dd1193/window HTTP/1.1
User-Agent: selenium/4.4.0 (java windows)
Cache-Control: no-cache
Content-Type: application/json; charset=utf-8
host: localhost:49921
accept: */*

Response DefaultHttpResponse(decodeResult: success, version: HTTP/1.1)
HTTP/1.1 200 OK
Content-Type: application/json; charset=utf-8
cache-control: no-cache
content-length: 44

12:37:28.898 [AsyncHttpClient-1-2] DEBUG org.asynchttpclient.netty.channel.ChannelManager - Adding key: http://localhost:49921 for channel [id: 0x807b5911, L:/127.0.0.1:56618 - R:localhost/127.0.0.1:49921]
12:37:28.909 [Forwarding getAlertText on session 319642172572fdf8090d6c9115dd1193 to remote] DEBUG org.asynchttpclient.netty.request.NettyRequestSender - Using pooled Channel '[id: 0x807b5911, L:/127.0.0.1:56618 - R:localhost/127.0.0.1:49921]' for 'GET' to 'http://localhost:49921/session/319642172572fdf8090d6c9115dd1193/alert/text'
12:37:28.909 [Forwarding getAlertText on session 319642172572fdf8090d6c9115dd1193 to remote] DEBUG org.asynchttpclient.netty.request.NettyRequestSender - Using open Channel [id: 0x807b5911, L:/127.0.0.1:56618 - R:localhost/127.0.0.1:49921] for GET '/session/319642172572fdf8090d6c9115dd1193/alert/text'
12:37:28.922 [AsyncHttpClient-1-2] DEBUG org.asynchttpclient.netty.handler.HttpHandler - 

Request DefaultFullHttpRequest(decodeResult: success, version: HTTP/1.1, content: EmptyByteBufBE)
GET /session/319642172572fdf8090d6c9115dd1193/alert/text HTTP/1.1
User-Agent: selenium/4.4.0 (java windows)
Cache-Control: no-cache
Content-Type: application/json; charset=utf-8
host: localhost:49921
accept: */*

Response DefaultHttpResponse(decodeResult: success, version: HTTP/1.1)
HTTP/1.1 404 Not Found
Content-Type: application/json; charset=utf-8
cache-control: no-cache
content-length: 1045

12:37:28.922 [AsyncHttpClient-1-2] DEBUG org.asynchttpclient.netty.channel.ChannelManager - Adding key: http://localhost:49921 for channel [id: 0x807b5911, L:/127.0.0.1:56618 - R:localhost/127.0.0.1:49921]
12:37:28.936 [Forwarding switchToWindow on session 319642172572fdf8090d6c9115dd1193 to remote] DEBUG org.asynchttpclient.netty.request.NettyRequestSender - Using pooled Channel '[id: 0x807b5911, L:/127.0.0.1:56618 - R:localhost/127.0.0.1:49921]' for 'POST' to 'http://localhost:49921/session/319642172572fdf8090d6c9115dd1193/window'
12:37:28.936 [Forwarding switchToWindow on session 319642172572fdf8090d6c9115dd1193 to remote] DEBUG org.asynchttpclient.netty.request.NettyRequestSender - Using open Channel [id: 0x807b5911, L:/127.0.0.1:56618 - R:localhost/127.0.0.1:49921] for POST '/session/319642172572fdf8090d6c9115dd1193/window'
12:37:28.942 [AsyncHttpClient-1-2] DEBUG org.asynchttpclient.netty.handler.HttpHandler - 

Request DefaultHttpRequest(decodeResult: success, version: HTTP/1.1)
POST /session/319642172572fdf8090d6c9115dd1193/window HTTP/1.1
User-Agent: selenium/4.4.0 (java windows)
Content-Length: 50
Content-Type: application/json; charset=utf-8
host: localhost:49921
accept: */*

Response DefaultHttpResponse(decodeResult: success, version: HTTP/1.1)
HTTP/1.1 200 OK
Content-Type: application/json; charset=utf-8
cache-control: no-cache
content-length: 14

12:37:28.942 [AsyncHttpClient-1-2] DEBUG org.asynchttpclient.netty.channel.ChannelManager - Adding key: http://localhost:49921 for channel [id: 0x807b5911, L:/127.0.0.1:56618 - R:localhost/127.0.0.1:49921]
12:37:28.944 [Forwarding getCurrentUrl on session 319642172572fdf8090d6c9115dd1193 to remote] DEBUG org.asynchttpclient.netty.request.NettyRequestSender - Using pooled Channel '[id: 0x807b5911, L:/127.0.0.1:56618 - R:localhost/127.0.0.1:49921]' for 'GET' to 'http://localhost:49921/session/319642172572fdf8090d6c9115dd1193/url'
12:37:28.944 [Forwarding getCurrentUrl on session 319642172572fdf8090d6c9115dd1193 to remote] DEBUG org.asynchttpclient.netty.request.NettyRequestSender - Using open Channel [id: 0x807b5911, L:/127.0.0.1:56618 - R:localhost/127.0.0.1:49921] for GET '/session/319642172572fdf8090d6c9115dd1193/url'
12:37:28.962 [AsyncHttpClient-1-2] DEBUG org.asynchttpclient.netty.handler.HttpHandler - 

Request DefaultFullHttpRequest(decodeResult: success, version: HTTP/1.1, content: EmptyByteBufBE)
GET /session/319642172572fdf8090d6c9115dd1193/url HTTP/1.1
User-Agent: selenium/4.4.0 (java windows)
Cache-Control: no-cache
Content-Type: application/json; charset=utf-8
host: localhost:49921
accept: */*

Response DefaultHttpResponse(decodeResult: success, version: HTTP/1.1)
HTTP/1.1 200 OK
Content-Type: application/json; charset=utf-8
cache-control: no-cache
content-length: 47

12:37:28.962 [AsyncHttpClient-1-2] DEBUG org.asynchttpclient.netty.channel.ChannelManager - Adding key: http://localhost:49921 for channel [id: 0x807b5911, L:/127.0.0.1:56618 - R:localhost/127.0.0.1:49921]
12:37:28.963 [Forwarding screenshot on session 319642172572fdf8090d6c9115dd1193 to remote] DEBUG org.asynchttpclient.netty.request.NettyRequestSender - Using pooled Channel '[id: 0x807b5911, L:/127.0.0.1:56618 - R:localhost/127.0.0.1:49921]' for 'GET' to 'http://localhost:49921/session/319642172572fdf8090d6c9115dd1193/screenshot'
12:37:28.963 [Forwarding screenshot on session 319642172572fdf8090d6c9115dd1193 to remote] DEBUG org.asynchttpclient.netty.request.NettyRequestSender - Using open Channel [id: 0x807b5911, L:/127.0.0.1:56618 - R:localhost/127.0.0.1:49921] for GET '/session/319642172572fdf8090d6c9115dd1193/screenshot'
12:37:28.990 [AsyncHttpClient-1-1] DEBUG org.asynchttpclient.netty.channel.DefaultChannelPool - Entry count for : http://localhost:56619 : 1
12:37:29.089 [AsyncHttpClient-1-2] DEBUG org.asynchttpclient.netty.handler.HttpHandler - 

Request DefaultFullHttpRequest(decodeResult: success, version: HTTP/1.1, content: EmptyByteBufBE)
GET /session/319642172572fdf8090d6c9115dd1193/screenshot HTTP/1.1
User-Agent: selenium/4.4.0 (java windows)
Cache-Control: no-cache
Content-Type: application/json; charset=utf-8
host: localhost:49921
accept: */*

Response DefaultHttpResponse(decodeResult: success, version: HTTP/1.1)
HTTP/1.1 200 OK
Content-Type: application/json; charset=utf-8
cache-control: no-cache
content-length: 259016

12:37:29.090 [AsyncHttpClient-1-2] DEBUG org.asynchttpclient.netty.channel.ChannelManager - Adding key: http://localhost:49921 for channel [id: 0x807b5911, L:/127.0.0.1:56618 - R:localhost/127.0.0.1:49921]
12:37:29.097 [Test worker] DEBUG net.serenitybdd.core.photography.Darkroom - Send negative for processing for C:\Users\pcnit\Downloads\TestE2E\target\site\serenity\d7f89bc4a88d9af0515d270873d884a7ef3d1b20879595f50d54d9cbc937668c.png
12:37:29.111 [Forwarding getPageSource on session 319642172572fdf8090d6c9115dd1193 to remote] DEBUG org.asynchttpclient.netty.request.NettyRequestSender - Using pooled Channel '[id: 0x807b5911, L:/127.0.0.1:56618 - R:localhost/127.0.0.1:49921]' for 'POST' to 'http://localhost:49921/session/319642172572fdf8090d6c9115dd1193/execute/sync'
12:37:29.113 [Forwarding getPageSource on session 319642172572fdf8090d6c9115dd1193 to remote] DEBUG org.asynchttpclient.netty.request.NettyRequestSender - Using open Channel [id: 0x807b5911, L:/127.0.0.1:56618 - R:localhost/127.0.0.1:49921] for POST '/session/319642172572fdf8090d6c9115dd1193/execute/sync'
12:37:29.132 [AsyncHttpClient-1-2] DEBUG org.asynchttpclient.netty.handler.HttpHandler - 

Request DefaultHttpRequest(decodeResult: success, version: HTTP/1.1)
POST /session/319642172572fdf8090d6c9115dd1193/execute/sync HTTP/1.1
User-Agent: selenium/4.4.0 (java windows)
Content-Length: 176
Content-Type: application/json; charset=utf-8
host: localhost:49921
accept: */*

Response DefaultHttpResponse(decodeResult: success, version: HTTP/1.1)
HTTP/1.1 200 OK
Content-Type: application/json; charset=utf-8
cache-control: no-cache
content-length: 59823

12:37:29.132 [AsyncHttpClient-1-2] DEBUG org.asynchttpclient.netty.channel.ChannelManager - Adding key: http://localhost:49921 for channel [id: 0x807b5911, L:/127.0.0.1:56618 - R:localhost/127.0.0.1:49921]
12:37:29.141 [Forwarding getCurrentUrl on session 319642172572fdf8090d6c9115dd1193 to remote] DEBUG org.asynchttpclient.netty.request.NettyRequestSender - Using pooled Channel '[id: 0x807b5911, L:/127.0.0.1:56618 - R:localhost/127.0.0.1:49921]' for 'GET' to 'http://localhost:49921/session/319642172572fdf8090d6c9115dd1193/url'
12:37:29.142 [Forwarding getCurrentUrl on session 319642172572fdf8090d6c9115dd1193 to remote] DEBUG org.asynchttpclient.netty.request.NettyRequestSender - Using open Channel [id: 0x807b5911, L:/127.0.0.1:56618 - R:localhost/127.0.0.1:49921] for GET '/session/319642172572fdf8090d6c9115dd1193/url'
12:37:29.163 [AsyncHttpClient-1-2] DEBUG org.asynchttpclient.netty.handler.HttpHandler - 

Request DefaultFullHttpRequest(decodeResult: success, version: HTTP/1.1, content: EmptyByteBufBE)
GET /session/319642172572fdf8090d6c9115dd1193/url HTTP/1.1
User-Agent: selenium/4.4.0 (java windows)
Cache-Control: no-cache
Content-Type: application/json; charset=utf-8
host: localhost:49921
accept: */*

Response DefaultHttpResponse(decodeResult: success, version: HTTP/1.1)
HTTP/1.1 200 OK
Content-Type: application/json; charset=utf-8
cache-control: no-cache
content-length: 47

12:37:29.163 [AsyncHttpClient-1-2] DEBUG org.asynchttpclient.netty.channel.ChannelManager - Adding key: http://localhost:49921 for channel [id: 0x807b5911, L:/127.0.0.1:56618 - R:localhost/127.0.0.1:49921]
12:37:29.180 [Test worker] DEBUG net.serenitybdd.screenplay.targets.IFrameSwitcher - default content already selected for Thank you for your purchase! 
12:37:29.211 [Forwarding findElement on session 319642172572fdf8090d6c9115dd1193 to remote] DEBUG org.asynchttpclient.netty.request.NettyRequestSender - Using pooled Channel '[id: 0x807b5911, L:/127.0.0.1:56618 - R:localhost/127.0.0.1:49921]' for 'POST' to 'http://localhost:49921/session/319642172572fdf8090d6c9115dd1193/element'
12:37:29.211 [Forwarding findElement on session 319642172572fdf8090d6c9115dd1193 to remote] DEBUG org.asynchttpclient.netty.request.NettyRequestSender - Using open Channel [id: 0x807b5911, L:/127.0.0.1:56618 - R:localhost/127.0.0.1:49921] for POST '/session/319642172572fdf8090d6c9115dd1193/element'
12:37:29.226 [AsyncHttpClient-1-2] DEBUG org.asynchttpclient.netty.handler.HttpHandler - 

Request DefaultHttpRequest(decodeResult: success, version: HTTP/1.1)
POST /session/319642172572fdf8090d6c9115dd1193/element HTTP/1.1
User-Agent: selenium/4.4.0 (java windows)
Content-Length: 78
Content-Type: application/json; charset=utf-8
host: localhost:49921
accept: */*

Response DefaultHttpResponse(decodeResult: success, version: HTTP/1.1)
HTTP/1.1 200 OK
Content-Type: application/json; charset=utf-8
cache-control: no-cache
content-length: 127

12:37:29.227 [AsyncHttpClient-1-2] DEBUG org.asynchttpclient.netty.channel.ChannelManager - Adding key: http://localhost:49921 for channel [id: 0x807b5911, L:/127.0.0.1:56618 - R:localhost/127.0.0.1:49921]
12:37:29.228 [Forwarding getElementText on session 319642172572fdf8090d6c9115dd1193 to remote] DEBUG org.asynchttpclient.netty.request.NettyRequestSender - Using pooled Channel '[id: 0x807b5911, L:/127.0.0.1:56618 - R:localhost/127.0.0.1:49921]' for 'GET' to 'http://localhost:49921/session/319642172572fdf8090d6c9115dd1193/element/f.77D77E48C717A5F8144E3521F6891EC1.d.8C715979609D122D0F50FF40744A4ED1.e.434/text'
12:37:29.228 [Forwarding getElementText on session 319642172572fdf8090d6c9115dd1193 to remote] DEBUG org.asynchttpclient.netty.request.NettyRequestSender - Using open Channel [id: 0x807b5911, L:/127.0.0.1:56618 - R:localhost/127.0.0.1:49921] for GET '/session/319642172572fdf8090d6c9115dd1193/element/f.77D77E48C717A5F8144E3521F6891EC1.d.8C715979609D122D0F50FF40744A4ED1.e.434/text'
12:37:29.248 [AsyncHttpClient-1-2] DEBUG org.asynchttpclient.netty.handler.HttpHandler - 

Request DefaultFullHttpRequest(decodeResult: success, version: HTTP/1.1, content: EmptyByteBufBE)
GET /session/319642172572fdf8090d6c9115dd1193/element/f.77D77E48C717A5F8144E3521F6891EC1.d.8C715979609D122D0F50FF40744A4ED1.e.434/text HTTP/1.1
User-Agent: selenium/4.4.0 (java windows)
Cache-Control: no-cache
Content-Type: application/json; charset=utf-8
host: localhost:49921
accept: */*

Response DefaultHttpResponse(decodeResult: success, version: HTTP/1.1)
HTTP/1.1 200 OK
Content-Type: application/json; charset=utf-8
cache-control: no-cache
content-length: 40

12:37:29.248 [AsyncHttpClient-1-2] DEBUG org.asynchttpclient.netty.channel.ChannelManager - Adding key: http://localhost:49921 for channel [id: 0x807b5911, L:/127.0.0.1:56618 - R:localhost/127.0.0.1:49921]
12:37:29.250 [Test worker] INFO co.com.screemplay.project.questions.ValitationText - Thank you for your purchase!
12:37:29.283 [Forwarding getCurrentWindowHandle on session 319642172572fdf8090d6c9115dd1193 to remote] DEBUG org.asynchttpclient.netty.request.NettyRequestSender - Using pooled Channel '[id: 0x807b5911, L:/127.0.0.1:56618 - R:localhost/127.0.0.1:49921]' for 'GET' to 'http://localhost:49921/session/319642172572fdf8090d6c9115dd1193/window'
12:37:29.283 [Forwarding getCurrentWindowHandle on session 319642172572fdf8090d6c9115dd1193 to remote] DEBUG org.asynchttpclient.netty.request.NettyRequestSender - Using open Channel [id: 0x807b5911, L:/127.0.0.1:56618 - R:localhost/127.0.0.1:49921] for GET '/session/319642172572fdf8090d6c9115dd1193/window'
12:37:29.291 [AsyncHttpClient-1-2] DEBUG org.asynchttpclient.netty.handler.HttpHandler - 

Request DefaultFullHttpRequest(decodeResult: success, version: HTTP/1.1, content: EmptyByteBufBE)
GET /session/319642172572fdf8090d6c9115dd1193/window HTTP/1.1
User-Agent: selenium/4.4.0 (java windows)
Cache-Control: no-cache
Content-Type: application/json; charset=utf-8
host: localhost:49921
accept: */*

Response DefaultHttpResponse(decodeResult: success, version: HTTP/1.1)
HTTP/1.1 200 OK
Content-Type: application/json; charset=utf-8
cache-control: no-cache
content-length: 44

12:37:29.291 [AsyncHttpClient-1-2] DEBUG org.asynchttpclient.netty.channel.ChannelManager - Adding key: http://localhost:49921 for channel [id: 0x807b5911, L:/127.0.0.1:56618 - R:localhost/127.0.0.1:49921]
12:37:29.300 [Forwarding getAlertText on session 319642172572fdf8090d6c9115dd1193 to remote] DEBUG org.asynchttpclient.netty.request.NettyRequestSender - Using pooled Channel '[id: 0x807b5911, L:/127.0.0.1:56618 - R:localhost/127.0.0.1:49921]' for 'GET' to 'http://localhost:49921/session/319642172572fdf8090d6c9115dd1193/alert/text'
12:37:29.301 [Forwarding getAlertText on session 319642172572fdf8090d6c9115dd1193 to remote] DEBUG org.asynchttpclient.netty.request.NettyRequestSender - Using open Channel [id: 0x807b5911, L:/127.0.0.1:56618 - R:localhost/127.0.0.1:49921] for GET '/session/319642172572fdf8090d6c9115dd1193/alert/text'
12:37:29.314 [AsyncHttpClient-1-2] DEBUG org.asynchttpclient.netty.handler.HttpHandler - 

Request DefaultFullHttpRequest(decodeResult: success, version: HTTP/1.1, content: EmptyByteBufBE)
GET /session/319642172572fdf8090d6c9115dd1193/alert/text HTTP/1.1
User-Agent: selenium/4.4.0 (java windows)
Cache-Control: no-cache
Content-Type: application/json; charset=utf-8
host: localhost:49921
accept: */*

Response DefaultHttpResponse(decodeResult: success, version: HTTP/1.1)
HTTP/1.1 404 Not Found
Content-Type: application/json; charset=utf-8
cache-control: no-cache
content-length: 1045

12:37:29.314 [AsyncHttpClient-1-2] DEBUG org.asynchttpclient.netty.channel.ChannelManager - Adding key: http://localhost:49921 for channel [id: 0x807b5911, L:/127.0.0.1:56618 - R:localhost/127.0.0.1:49921]
12:37:29.324 [Forwarding switchToWindow on session 319642172572fdf8090d6c9115dd1193 to remote] DEBUG org.asynchttpclient.netty.request.NettyRequestSender - Using pooled Channel '[id: 0x807b5911, L:/127.0.0.1:56618 - R:localhost/127.0.0.1:49921]' for 'POST' to 'http://localhost:49921/session/319642172572fdf8090d6c9115dd1193/window'
12:37:29.324 [Forwarding switchToWindow on session 319642172572fdf8090d6c9115dd1193 to remote] DEBUG org.asynchttpclient.netty.request.NettyRequestSender - Using open Channel [id: 0x807b5911, L:/127.0.0.1:56618 - R:localhost/127.0.0.1:49921] for POST '/session/319642172572fdf8090d6c9115dd1193/window'
12:37:29.328 [AsyncHttpClient-1-2] DEBUG org.asynchttpclient.netty.handler.HttpHandler - 

Request DefaultHttpRequest(decodeResult: success, version: HTTP/1.1)
POST /session/319642172572fdf8090d6c9115dd1193/window HTTP/1.1
User-Agent: selenium/4.4.0 (java windows)
Content-Length: 50
Content-Type: application/json; charset=utf-8
host: localhost:49921
accept: */*

Response DefaultHttpResponse(decodeResult: success, version: HTTP/1.1)
HTTP/1.1 200 OK
Content-Type: application/json; charset=utf-8
cache-control: no-cache
content-length: 14

12:37:29.329 [AsyncHttpClient-1-2] DEBUG org.asynchttpclient.netty.channel.ChannelManager - Adding key: http://localhost:49921 for channel [id: 0x807b5911, L:/127.0.0.1:56618 - R:localhost/127.0.0.1:49921]
12:37:29.330 [Forwarding getCurrentUrl on session 319642172572fdf8090d6c9115dd1193 to remote] DEBUG org.asynchttpclient.netty.request.NettyRequestSender - Using pooled Channel '[id: 0x807b5911, L:/127.0.0.1:56618 - R:localhost/127.0.0.1:49921]' for 'GET' to 'http://localhost:49921/session/319642172572fdf8090d6c9115dd1193/url'
12:37:29.330 [Forwarding getCurrentUrl on session 319642172572fdf8090d6c9115dd1193 to remote] DEBUG org.asynchttpclient.netty.request.NettyRequestSender - Using open Channel [id: 0x807b5911, L:/127.0.0.1:56618 - R:localhost/127.0.0.1:49921] for GET '/session/319642172572fdf8090d6c9115dd1193/url'
12:37:29.353 [AsyncHttpClient-1-2] DEBUG org.asynchttpclient.netty.handler.HttpHandler - 

Request DefaultFullHttpRequest(decodeResult: success, version: HTTP/1.1, content: EmptyByteBufBE)
GET /session/319642172572fdf8090d6c9115dd1193/url HTTP/1.1
User-Agent: selenium/4.4.0 (java windows)
Cache-Control: no-cache
Content-Type: application/json; charset=utf-8
host: localhost:49921
accept: */*

Response DefaultHttpResponse(decodeResult: success, version: HTTP/1.1)
HTTP/1.1 200 OK
Content-Type: application/json; charset=utf-8
cache-control: no-cache
content-length: 47

12:37:29.354 [AsyncHttpClient-1-2] DEBUG org.asynchttpclient.netty.channel.ChannelManager - Adding key: http://localhost:49921 for channel [id: 0x807b5911, L:/127.0.0.1:56618 - R:localhost/127.0.0.1:49921]
12:37:29.355 [Forwarding screenshot on session 319642172572fdf8090d6c9115dd1193 to remote] DEBUG org.asynchttpclient.netty.request.NettyRequestSender - Using pooled Channel '[id: 0x807b5911, L:/127.0.0.1:56618 - R:localhost/127.0.0.1:49921]' for 'GET' to 'http://localhost:49921/session/319642172572fdf8090d6c9115dd1193/screenshot'
12:37:29.355 [Forwarding screenshot on session 319642172572fdf8090d6c9115dd1193 to remote] DEBUG org.asynchttpclient.netty.request.NettyRequestSender - Using open Channel [id: 0x807b5911, L:/127.0.0.1:56618 - R:localhost/127.0.0.1:49921] for GET '/session/319642172572fdf8090d6c9115dd1193/screenshot'
12:37:29.470 [AsyncHttpClient-1-2] DEBUG org.asynchttpclient.netty.handler.HttpHandler - 

Request DefaultFullHttpRequest(decodeResult: success, version: HTTP/1.1, content: EmptyByteBufBE)
GET /session/319642172572fdf8090d6c9115dd1193/screenshot HTTP/1.1
User-Agent: selenium/4.4.0 (java windows)
Cache-Control: no-cache
Content-Type: application/json; charset=utf-8
host: localhost:49921
accept: */*

Response DefaultHttpResponse(decodeResult: success, version: HTTP/1.1)
HTTP/1.1 200 OK
Content-Type: application/json; charset=utf-8
cache-control: no-cache
content-length: 259016

12:37:29.470 [AsyncHttpClient-1-2] DEBUG org.asynchttpclient.netty.channel.ChannelManager - Adding key: http://localhost:49921 for channel [id: 0x807b5911, L:/127.0.0.1:56618 - R:localhost/127.0.0.1:49921]
12:37:29.477 [Test worker] DEBUG net.serenitybdd.core.photography.Darkroom - Send negative for processing for C:\Users\pcnit\Downloads\TestE2E\target\site\serenity\d7f89bc4a88d9af0515d270873d884a7ef3d1b20879595f50d54d9cbc937668c.png
  ?[32mEntonces ?[0m?[32mFinaliza la compra?[0m                            ?[90m# co.com.screemplay.project.stepdefinition.CompleteStep.endBuy()?[0m
12:37:29.504 [Test worker] INFO  - 
  _____   ___   ___   _____     ___     _     ___   ___   ___   ___  
 |_   _| | __| / __| |_   _|   | _ \   /_\   / __| / __| | __| |   \ 
   | |   | _|  \__ \   | |     |  _/  / _ \  \__ \ \__ \ | _|  | |) |
   |_|   |___| |___/   |_|     |_|   /_/ \_\ |___/ |___/ |___| |___/ 

Compra con Autenticación de usuario exitosa.
----------------------------------------------------------------------
12:37:29.612 [Driver Command Executor] DEBUG org.asynchttpclient.netty.request.NettyRequestSender - Using pooled Channel '[id: 0x807b5911, L:/127.0.0.1:56618 - R:localhost/127.0.0.1:49921]' for 'DELETE' to 'http://localhost:49921/session/319642172572fdf8090d6c9115dd1193'
12:37:29.612 [Driver Command Executor] DEBUG org.asynchttpclient.netty.request.NettyRequestSender - Using open Channel [id: 0x807b5911, L:/127.0.0.1:56618 - R:localhost/127.0.0.1:49921] for DELETE '/session/319642172572fdf8090d6c9115dd1193'
12:37:29.622 [AsyncHttpClient-1-4] DEBUG org.asynchttpclient.netty.handler.WebSocketHandler - Channel Closed: [id: 0xca483693, L:/127.0.0.1:56632 ! R:localhost/127.0.0.1:56619] with attribute DISCARD
12:37:29.685 [AsyncHttpClient-1-3] DEBUG org.asynchttpclient.netty.handler.HttpHandler - Unexpected I/O exception on channel [id: 0xb8995384, L:/127.0.0.1:56631 - R:localhost/127.0.0.1:56619]
java.net.SocketException: Connection reset
	at java.base/sun.nio.ch.SocketChannelImpl.throwConnectionReset(SocketChannelImpl.java:394)
	at java.base/sun.nio.ch.SocketChannelImpl.read(SocketChannelImpl.java:426)
	at io.netty.buffer.PooledByteBuf.setBytes(PooledByteBuf.java:258)
	at io.netty.buffer.AbstractByteBuf.writeBytes(AbstractByteBuf.java:1132)
	at io.netty.channel.socket.nio.NioSocketChannel.doReadBytes(NioSocketChannel.java:357)
	at io.netty.channel.nio.AbstractNioByteChannel$NioByteUnsafe.read(AbstractNioByteChannel.java:151)
	at io.netty.channel.nio.NioEventLoop.processSelectedKey(NioEventLoop.java:722)
	at io.netty.channel.nio.NioEventLoop.processSelectedKeysOptimized(NioEventLoop.java:658)
	at io.netty.channel.nio.NioEventLoop.processSelectedKeys(NioEventLoop.java:584)
	at io.netty.channel.nio.NioEventLoop.run(NioEventLoop.java:496)
	at io.netty.util.concurrent.SingleThreadEventExecutor$4.run(SingleThreadEventExecutor.java:997)
	at io.netty.util.internal.ThreadExecutorMap$2.run(ThreadExecutorMap.java:74)
	at io.netty.util.concurrent.FastThreadLocalRunnable.run(FastThreadLocalRunnable.java:30)
	at java.base/java.lang.Thread.run(Thread.java:840)
12:37:29.686 [AsyncHttpClient-1-3] DEBUG org.asynchttpclient.netty.channel.ChannelManager - Closing Channel [id: 0xb8995384, L:/127.0.0.1:56631 - R:localhost/127.0.0.1:56619] 
12:37:29.691 [AsyncHttpClient-1-3] DEBUG org.asynchttpclient.netty.handler.HttpHandler - Channel Closed: [id: 0xb8995384, L:/127.0.0.1:56631 ! R:localhost/127.0.0.1:56619] with attribute DISCARD
12:37:29.778 [AsyncHttpClient-1-2] DEBUG org.asynchttpclient.netty.handler.HttpHandler - 

Request DefaultFullHttpRequest(decodeResult: success, version: HTTP/1.1, content: EmptyByteBufBE)
DELETE /session/319642172572fdf8090d6c9115dd1193 HTTP/1.1
User-Agent: selenium/4.4.0 (java windows)
Content-Type: application/json; charset=utf-8
host: localhost:49921
accept: */*

Response DefaultHttpResponse(decodeResult: success, version: HTTP/1.1)
HTTP/1.1 200 OK
Content-Type: application/json; charset=utf-8
cache-control: no-cache
content-length: 14

12:37:29.778 [AsyncHttpClient-1-2] DEBUG org.asynchttpclient.netty.channel.ChannelManager - Adding key: http://localhost:49921 for channel [id: 0x807b5911, L:/127.0.0.1:56618 - R:localhost/127.0.0.1:49921]
12:37:29.938 [AsyncHttpClient-1-2] DEBUG org.asynchttpclient.netty.handler.HttpHandler - Channel Closed: [id: 0x807b5911, L:/127.0.0.1:56618 ! R:localhost/127.0.0.1:49921] with attribute DISCARD
12:37:30.083 [AsyncHttpClient-1-1] DEBUG org.asynchttpclient.netty.channel.DefaultChannelPool - Entry count for : http://localhost:56619 : 1
12:37:30.083 [AsyncHttpClient-1-1] DEBUG org.asynchttpclient.netty.channel.DefaultChannelPool - Entry count for : http://localhost:49921 : 1
12:37:30.083 [AsyncHttpClient-1-1] DEBUG org.asynchttpclient.netty.channel.DefaultChannelPool - Adding Candidate expired Channel [id: 0xb8995384, L:/127.0.0.1:56631 ! R:localhost/127.0.0.1:56619] isIdleTimeoutExpired=false isRemotelyClosed=true isTtlExpired=false
12:37:30.084 [AsyncHttpClient-1-1] DEBUG org.asynchttpclient.netty.channel.DefaultChannelPool - Closing Idle Channel [id: 0xb8995384, L:/127.0.0.1:56631 ! R:localhost/127.0.0.1:56619]
12:37:30.084 [AsyncHttpClient-1-1] DEBUG org.asynchttpclient.netty.channel.DefaultChannelPool - Adding Candidate expired Channel [id: 0x807b5911, L:/127.0.0.1:56618 ! R:localhost/127.0.0.1:49921] isIdleTimeoutExpired=false isRemotelyClosed=true isTtlExpired=false
12:37:30.084 [AsyncHttpClient-1-1] DEBUG org.asynchttpclient.netty.channel.DefaultChannelPool - Closing Idle Channel [id: 0x807b5911, L:/127.0.0.1:56618 ! R:localhost/127.0.0.1:49921]
12:37:30.084 [AsyncHttpClient-1-1] DEBUG org.asynchttpclient.netty.channel.DefaultChannelPool - Closed 2 connections out of 2 in 1 ms
12:37:30.089 [Test worker] DEBUG net.thucydides.core.reports.ReportService - Reporting formats: [JSON, HTML]
12:37:30.275 [Test worker] DEBUG net.thucydides.core.reports.ReportService - Reporting formats: [JSON, HTML]
12:37:30.287 [Test worker] DEBUG net.thucydides.core.reports.ReportService - Generating reports for 1 test outcomes using: net.thucydides.core.reports.json.JSONTestOutcomeReporter@2347a481
12:37:30.288 [pool-1-thread-1] DEBUG net.thucydides.core.reports.ReportService - Processing test outcome Compra con Autenticación exitosa:Compra con Autenticación de usuario exitosa.
12:37:30.289 [pool-1-thread-1] DEBUG net.thucydides.core.reports.ReportService - net.thucydides.core.reports.json.JSONTestOutcomeReporter@2347a481: Generating report for test outcome: Compra con Autenticación exitosa:Compra con Autenticación de usuario exitosa.
12:37:30.305 [pool-1-thread-1] DEBUG net.thucydides.core.reports.json.JSONTestOutcomeReporter - Generating JSON report for Compra con Autenticación de usuario exitosa. to file C:\Users\pcnit\Downloads\TestE2E\target\site\serenity\16dc86cc2f65e1ce339124686a6025c34ab2e6abe180c8aabe937996e9dfe632.json (using temp file C:\Users\pcnit\Downloads\TestE2E\target\site\serenity\16dc86cc2f65e1ce339124686a6025c34ab2e6abe180c8aabe937996e9dfe632.json991503f3-6c7f-4e71-bfe5-24c94fb7f430)
12:37:30.361 [pool-1-thread-1] DEBUG net.thucydides.core.reports.ReportService - Processing test outcome Compra con Autenticación exitosa:Compra con Autenticación de usuario exitosa. done
12:37:30.361 [Test worker] DEBUG net.thucydides.core.reports.ReportService - Shutting down executor service
12:37:30.361 [Test worker] DEBUG net.thucydides.core.reports.ReportService - Reports generated in: 74 ms
12:37:30.361 [Test worker] DEBUG net.thucydides.core.reports.ReportService - Generating reports for 1 test outcomes using: net.thucydides.core.reports.html.HtmlAcceptanceTestReporter@70eb3b36
12:37:30.362 [pool-2-thread-1] DEBUG net.thucydides.core.reports.ReportService - Processing test outcome Compra con Autenticación exitosa:Compra con Autenticación de usuario exitosa.
12:37:30.362 [pool-2-thread-1] DEBUG net.thucydides.core.reports.ReportService - net.thucydides.core.reports.html.HtmlAcceptanceTestReporter@70eb3b36: Generating report for test outcome: Compra con Autenticación exitosa:Compra con Autenticación de usuario exitosa.
12:37:33.135 [pool-2-thread-1] DEBUG net.thucydides.core.reports.ReportService - Processing test outcome Compra con Autenticación exitosa:Compra con Autenticación de usuario exitosa. done
12:37:33.136 [Test worker] DEBUG net.thucydides.core.reports.ReportService - Shutting down executor service
12:37:33.136 [Test worker] DEBUG net.thucydides.core.reports.ReportService - Reports generated in: 2775 ms
12:37:33.304 [Test worker] DEBUG net.serenitybdd.core.photography.Darkroom - Closing darkroom
12:37:33.304 [Darkroom Processing Line] DEBUG net.serenitybdd.core.photography.DarkroomProcessingLine - Darkroom processing line shutting down
12:37:33.319 [Test worker] DEBUG net.serenitybdd.core.photography.Darkroom - Closing darkroom
]]></system-out>
  <system-err><![CDATA[?[32m?[1m┌───────────────────────────────────────────────────────────────────────────────────┐?[0m
?[32m?[1m│?[0m Share your Cucumber Report with your team at ?[36m?[1m?[4mhttps://reports.cucumber.io?[0m          ?[32m?[1m│?[0m
?[32m?[1m│?[0m Activate publishing with one of the following:                                    ?[32m?[1m│?[0m
?[32m?[1m│?[0m                                                                                   ?[32m?[1m│?[0m
?[32m?[1m│?[0m src/test/resources/cucumber.properties:          ?[36mcucumber.publish.enabled?[0m=?[36mtrue?[0m    ?[32m?[1m│?[0m
?[32m?[1m│?[0m src/test/resources/junit-platform.properties:    ?[36mcucumber.publish.enabled?[0m=?[36mtrue?[0m    ?[32m?[1m│?[0m
?[32m?[1m│?[0m Environment variable:                            ?[36mCUCUMBER_PUBLISH_ENABLED?[0m=?[36mtrue?[0m    ?[32m?[1m│?[0m
?[32m?[1m│?[0m JUnit:                                           ?[36m@CucumberOptions?[0m(publish = ?[36mtrue?[0m) ?[32m?[1m│?[0m
?[32m?[1m│?[0m                                                                                   ?[32m?[1m│?[0m
?[32m?[1m│?[0m More information at ?[36mhttps://cucumber.io/docs/cucumber/environment-variables/?[0m      ?[32m?[1m│?[0m
?[32m?[1m│?[0m                                                                                   ?[32m?[1m│?[0m
?[32m?[1m│?[0m Disable this message with one of the following:                                   ?[32m?[1m│?[0m
?[32m?[1m│?[0m                                                                                   ?[32m?[1m│?[0m
?[32m?[1m│?[0m src/test/resources/cucumber.properties:          ?[36mcucumber.publish.quiet?[0m=?[36mtrue?[0m      ?[32m?[1m│?[0m
?[32m?[1m│?[0m src/test/resources/junit-platform.properties:    ?[36mcucumber.publish.quiet?[0m=?[36mtrue?[0m      ?[32m?[1m│?[0m
?[32m?[1m└───────────────────────────────────────────────────────────────────────────────────┘?[0m
]]></system-err>
</testsuite>
