<?xml version="1.0" encoding="UTF-8"?>
<testsuite name="co.com.screemplay.project.runners.RunnerTest" tests="1" skipped="0" failures="0" errors="0" timestamp="2025-06-26T17:25:04.673Z" hostname="PC_ROD" time="44.906">
  <properties/>
  <testcase name="Compra con Autenticación de usuario exitosa." classname="co.com.screemplay.project.runners.RunnerTest" time="44.906"/>
  <system-out><![CDATA[12:25:04.477 [Test worker] INFO io.cucumber.core.plugin.SerenityReporter - Running feature from file:///C:/Users/pcnit/Downloads/TestE2E/src/test/resources/features/test.feature
12:25:04.629 [Test worker] DEBUG net.thucydides.core.guice.Injectors - Created injector for module net.thucydides.core.guice.webdriver.WebDriverModule
12:25:04.648 [Test worker] INFO  - 

-------------------------------------------------------------------------------------
     _______. _______ .______       _______ .__   __.  __  .___________.____    ____ 
    /       ||   ____||   _  \     |   ____||  \ |  | |  | |           |\   \  /   / 
   |   (----`|  |__   |  |_)  |    |  |__   |   \|  | |  | `---|  |----` \   \/   /  
    \   \    |   __|  |      /     |   __|  |  . `  | |  |     |  |       \_    _/   
.----)   |   |  |____ |  |\  \----.|  |____ |  |\   | |  |     |  |         |  |     
|_______/    |_______|| _| `._____||_______||__| \__| |__|     |__|         |__|    
                                                                                     
 News and tutorials at http://www.serenity-bdd.info                                  
 Documentation at https://wakaleo.gitbooks.io/the-serenity-book/content/             
 Join the Serenity Community on Gitter: https://gitter.im/serenity-bdd/serenity-core 
 Serenity BDD Support and Training at http://serenity-bdd.info/#/trainingandsupport  
-------------------------------------------------------------------------------------

12:25:04.651 [Test worker] DEBUG net.thucydides.core.steps.StepEventBus - Test suite started for story net.thucydides.core.model.Story@88766345
12:25:04.653 [Test worker] INFO  - Test Suite Started: Compra con Autenticación exitosa
12:25:04.665 [Test worker] INFO io.cucumber.core.plugin.SerenityReporter - Running feature from file:///C:/Users/pcnit/Downloads/TestE2E/src/test/resources/features/test.feature
12:25:04.668 [Test worker] DEBUG net.thucydides.core.steps.StepEventBus - Test suite started for story net.thucydides.core.model.Story@88766345
12:25:04.668 [Test worker] INFO  - Test Suite Started: Compra con Autenticación exitosa

@test @test
Escenario: Compra con Autenticación de usuario exitosa.  ?[90m# src/test/resources/features/test.feature:18?[0m
12:25:04.722 [Test worker] INFO io.cucumber.core.plugin.SerenityReporter - Running feature from file:///C:/Users/pcnit/Downloads/TestE2E/src/test/resources/features/test.feature
12:25:04.734 [Test worker] INFO  - 
  _____   ___   ___   _____     ___   _____     _     ___   _____   ___   ___  
 |_   _| | __| / __| |_   _|   / __| |_   _|   /_\   | _ \ |_   _| | __| |   \ 
   | |   | _|  \__ \   | |     \__ \   | |    / _ \  |   /   | |   | _|  | |) |
   |_|   |___| |___/   |_|     |___/   |_|   /_/ \_\ |_|_\   |_|   |___| |___/ 

Compra con Autenticación de usuario exitosa.(compra-con-autenticación-exitosa;compra-con-autenticación-de-usuario-exitosa.)
--------------------------------------------------------------------------------
12:25:05.086 [Test worker] DEBUG net.thucydides.core.steps.StepInterceptor - STARTING STEP: Hook.openWebsite - performAs
12:25:05.102 [Test worker] DEBUG net.thucydides.core.steps.StepInterceptor - STARTING STEP: OpenWeb.performAs - {0} opens the browser at #url
12:25:05.134 [Test worker] INFO net.serenitybdd.core.webdriver.driverproviders.DriverProvider - Using WebDriverManager configuration for edge
12:25:05.446 [Test worker] DEBUG io.github.bonigarcia.wdm.cache.ResolutionCache - Resolution edge=137 in cache (valid until 12:48:50 26/06/2025 ECT)
12:25:05.446 [Test worker] DEBUG io.github.bonigarcia.wdm.cache.ResolutionCache - Resolution edge137=137.0.3296.93 in cache (valid until 10:27:03 27/06/2025 ECT)
12:25:05.449 [Test worker] INFO io.github.bonigarcia.wdm.WebDriverManager - Using msedgedriver 137.0.3296.93 (resolved driver for Edge 137)
12:25:05.475 [Test worker] DEBUG io.github.bonigarcia.wdm.WebDriverManager - Driver msedgedriver 137.0.3296.93 found in cache
12:25:05.476 [Test worker] INFO io.github.bonigarcia.wdm.WebDriverManager - Exporting webdriver.edge.driver as C:\Users\pcnit\.cache\selenium\msedgedriver\win64\137.0.3296.93\msedgedriver.exe
12:25:05.621 [Test worker] DEBUG io.netty.util.internal.logging.InternalLoggerFactory - Using SLF4J as the default logging framework
12:25:05.624 [Test worker] DEBUG io.netty.util.ResourceLeakDetector - -Dio.netty.leakDetection.level: simple
12:25:05.624 [Test worker] DEBUG io.netty.util.ResourceLeakDetector - -Dio.netty.leakDetection.targetRecords: 4
12:25:05.629 [Test worker] DEBUG io.netty.util.ResourceLeakDetectorFactory - Loaded default ResourceLeakDetector: io.netty.util.ResourceLeakDetector@2b7facc7
12:25:05.645 [Test worker] DEBUG io.netty.util.internal.PlatformDependent0 - -Dio.netty.noUnsafe: false
12:25:05.645 [Test worker] DEBUG io.netty.util.internal.PlatformDependent0 - Java version: 17
12:25:05.647 [Test worker] DEBUG io.netty.util.internal.PlatformDependent0 - sun.misc.Unsafe.theUnsafe: available
12:25:05.648 [Test worker] DEBUG io.netty.util.internal.PlatformDependent0 - sun.misc.Unsafe.copyMemory: available
12:25:05.648 [Test worker] DEBUG io.netty.util.internal.PlatformDependent0 - sun.misc.Unsafe.storeFence: available
12:25:05.649 [Test worker] DEBUG io.netty.util.internal.PlatformDependent0 - java.nio.Buffer.address: available
12:25:05.649 [Test worker] DEBUG io.netty.util.internal.PlatformDependent0 - direct buffer constructor: unavailable: Reflective setAccessible(true) disabled
12:25:05.650 [Test worker] DEBUG io.netty.util.internal.PlatformDependent0 - java.nio.Bits.unaligned: available, true
12:25:05.651 [Test worker] DEBUG io.netty.util.internal.PlatformDependent0 - jdk.internal.misc.Unsafe.allocateUninitializedArray(int): unavailable: class io.netty.util.internal.PlatformDependent0$7 cannot access class jdk.internal.misc.Unsafe (in module java.base) because module java.base does not export jdk.internal.misc to unnamed module @1c852c0f
12:25:05.652 [Test worker] DEBUG io.netty.util.internal.PlatformDependent0 - java.nio.DirectByteBuffer.<init>(long, int): unavailable
12:25:05.652 [Test worker] DEBUG io.netty.util.internal.PlatformDependent - sun.misc.Unsafe: available
12:25:05.659 [Test worker] DEBUG io.netty.util.internal.PlatformDependent - maxDirectMemory: 536870912 bytes (maybe)
12:25:05.659 [Test worker] DEBUG io.netty.util.internal.PlatformDependent - -Dio.netty.tmpdir: C:\Users\pcnit\AppData\Local\Temp (java.io.tmpdir)
12:25:05.659 [Test worker] DEBUG io.netty.util.internal.PlatformDependent - -Dio.netty.bitMode: 64 (sun.arch.data.model)
12:25:05.659 [Test worker] DEBUG io.netty.util.internal.PlatformDependent - Platform: Windows
12:25:05.660 [Test worker] DEBUG io.netty.util.internal.PlatformDependent - -Dio.netty.maxDirectMemory: -1 bytes
12:25:05.660 [Test worker] DEBUG io.netty.util.internal.PlatformDependent - -Dio.netty.uninitializedArrayAllocationThreshold: -1
12:25:05.661 [Test worker] DEBUG io.netty.util.internal.CleanerJava9 - java.nio.ByteBuffer.cleaner(): available
12:25:05.661 [Test worker] DEBUG io.netty.util.internal.PlatformDependent - -Dio.netty.noPreferDirect: false
12:25:05.667 [Test worker] DEBUG io.netty.util.internal.PlatformDependent - org.jctools-core.MpscChunkedArrayQueue: available
12:25:05.681 [Test worker] DEBUG io.netty.util.internal.InternalThreadLocalMap - -Dio.netty.threadLocalMap.stringBuilder.initialSize: 1024
12:25:05.681 [Test worker] DEBUG io.netty.util.internal.InternalThreadLocalMap - -Dio.netty.threadLocalMap.stringBuilder.maxSize: 4096
12:25:05.711 [Test worker] DEBUG io.netty.handler.ssl.JdkSslContext - Default protocols (JDK): [TLSv1.3, TLSv1.2] 
12:25:05.712 [Test worker] DEBUG io.netty.handler.ssl.JdkSslContext - Default cipher suites (JDK): [TLS_ECDHE_ECDSA_WITH_AES_256_GCM_SHA384, TLS_ECDHE_ECDSA_WITH_AES_128_GCM_SHA256, TLS_ECDHE_RSA_WITH_AES_128_GCM_SHA256, TLS_ECDHE_RSA_WITH_AES_256_GCM_SHA384, TLS_ECDHE_RSA_WITH_AES_128_CBC_SHA, TLS_ECDHE_RSA_WITH_AES_256_CBC_SHA, TLS_RSA_WITH_AES_128_GCM_SHA256, TLS_RSA_WITH_AES_128_CBC_SHA, TLS_RSA_WITH_AES_256_CBC_SHA, TLS_AES_128_GCM_SHA256, TLS_AES_256_GCM_SHA384]
12:25:05.731 [Test worker] DEBUG io.netty.channel.MultithreadEventLoopGroup - -Dio.netty.eventLoopThreads: 40
12:25:05.736 [Test worker] DEBUG io.netty.channel.nio.NioEventLoop - -Dio.netty.noKeySetOptimization: false
12:25:05.736 [Test worker] DEBUG io.netty.channel.nio.NioEventLoop - -Dio.netty.selectorAutoRebuildThreshold: 512
12:25:05.791 [Test worker] DEBUG io.netty.buffer.PooledByteBufAllocator - -Dio.netty.allocator.numHeapArenas: 21
12:25:05.791 [Test worker] DEBUG io.netty.buffer.PooledByteBufAllocator - -Dio.netty.allocator.numDirectArenas: 21
12:25:05.791 [Test worker] DEBUG io.netty.buffer.PooledByteBufAllocator - -Dio.netty.allocator.pageSize: 8192
12:25:05.791 [Test worker] DEBUG io.netty.buffer.PooledByteBufAllocator - -Dio.netty.allocator.maxOrder: 9
12:25:05.791 [Test worker] DEBUG io.netty.buffer.PooledByteBufAllocator - -Dio.netty.allocator.chunkSize: 4194304
12:25:05.792 [Test worker] DEBUG io.netty.buffer.PooledByteBufAllocator - -Dio.netty.allocator.smallCacheSize: 256
12:25:05.792 [Test worker] DEBUG io.netty.buffer.PooledByteBufAllocator - -Dio.netty.allocator.normalCacheSize: 64
12:25:05.792 [Test worker] DEBUG io.netty.buffer.PooledByteBufAllocator - -Dio.netty.allocator.maxCachedBufferCapacity: 32768
12:25:05.792 [Test worker] DEBUG io.netty.buffer.PooledByteBufAllocator - -Dio.netty.allocator.cacheTrimInterval: 8192
12:25:05.792 [Test worker] DEBUG io.netty.buffer.PooledByteBufAllocator - -Dio.netty.allocator.cacheTrimIntervalMillis: 0
12:25:05.792 [Test worker] DEBUG io.netty.buffer.PooledByteBufAllocator - -Dio.netty.allocator.useCacheForAllThreads: false
12:25:05.792 [Test worker] DEBUG io.netty.buffer.PooledByteBufAllocator - -Dio.netty.allocator.maxCachedByteBuffersPerChunk: 1023
12:25:05.801 [Test worker] DEBUG io.netty.buffer.ByteBufUtil - -Dio.netty.allocator.type: pooled
12:25:05.801 [Test worker] DEBUG io.netty.buffer.ByteBufUtil - -Dio.netty.threadLocalDirectBufferSize: 0
12:25:05.801 [Test worker] DEBUG io.netty.buffer.ByteBufUtil - -Dio.netty.maxThreadLocalCharBufferSize: 16384
12:25:06.089 [Forwarding newSession on session null to remote] DEBUG io.netty.channel.DefaultChannelId - -Dio.netty.processId: 46632 (auto-detected)
12:25:06.090 [Forwarding newSession on session null to remote] DEBUG io.netty.util.NetUtil - -Djava.net.preferIPv4Stack: false
12:25:06.091 [Forwarding newSession on session null to remote] DEBUG io.netty.util.NetUtil - -Djava.net.preferIPv6Addresses: false
12:25:06.099 [Forwarding newSession on session null to remote] DEBUG io.netty.util.NetUtilInitializations - Loopback interface: lo (Software Loopback Interface 1, 127.0.0.1)
12:25:06.100 [Forwarding newSession on session null to remote] DEBUG io.netty.util.NetUtil - Failed to get SOMAXCONN from sysctl and file \proc\sys\net\core\somaxconn. Default: 200
12:25:06.129 [Forwarding newSession on session null to remote] DEBUG io.netty.channel.DefaultChannelId - -Dio.netty.machineId: 14:75:5b:ff:fe:99:25:a5 (auto-detected)
12:25:06.163 [AsyncHttpClient-1-2] DEBUG io.netty.buffer.AbstractByteBuf - -Dio.netty.buffer.checkAccessible: true
12:25:06.164 [AsyncHttpClient-1-2] DEBUG io.netty.buffer.AbstractByteBuf - -Dio.netty.buffer.checkBounds: true
12:25:06.164 [AsyncHttpClient-1-2] DEBUG io.netty.util.ResourceLeakDetectorFactory - Loaded default ResourceLeakDetector: io.netty.util.ResourceLeakDetector@3d572bba
12:25:06.176 [AsyncHttpClient-1-2] DEBUG org.asynchttpclient.netty.channel.NettyConnectListener - Using new Channel '[id: 0xb083d4ec, L:/127.0.0.1:50937 - R:localhost/127.0.0.1:50685]' for 'POST' to '/session'
12:25:06.190 [AsyncHttpClient-1-2] DEBUG io.netty.util.Recycler - -Dio.netty.recycler.maxCapacityPerThread: 4096
12:25:06.191 [AsyncHttpClient-1-2] DEBUG io.netty.util.Recycler - -Dio.netty.recycler.ratio: 8
12:25:06.191 [AsyncHttpClient-1-2] DEBUG io.netty.util.Recycler - -Dio.netty.recycler.chunkSize: 32
12:25:06.191 [AsyncHttpClient-1-2] DEBUG io.netty.util.Recycler - -Dio.netty.recycler.blocking: false
12:25:06.831 [AsyncHttpClient-1-2] DEBUG io.netty.handler.codec.compression.Brotli - brotli4j not in the classpath; Brotli support will be unavailable.
12:25:06.831 [AsyncHttpClient-1-2] DEBUG org.asynchttpclient.netty.handler.HttpHandler - 

Request DefaultHttpRequest(decodeResult: success, version: HTTP/1.1)
POST /session HTTP/1.1
User-Agent: selenium/4.4.0 (java windows)
Content-Length: 991
Content-Type: application/json; charset=utf-8
host: localhost:50685
accept: */*

Response DefaultHttpResponse(decodeResult: success, version: HTTP/1.1)
HTTP/1.1 200 OK
Content-Type: application/json; charset=utf-8
cache-control: no-cache
content-length: 854

12:25:06.837 [AsyncHttpClient-1-2] DEBUG org.asynchttpclient.netty.channel.ChannelManager - Adding key: http://localhost:50685 for channel [id: 0xb083d4ec, L:/127.0.0.1:50937 - R:localhost/127.0.0.1:50685]
12:25:06.891 [AsyncHttpClient-1-3] DEBUG org.asynchttpclient.netty.channel.NettyConnectListener - Using new Channel '[id: 0x78251a8f, L:/127.0.0.1:50949 - R:localhost/127.0.0.1:50938]' for 'GET' to '/json/version'
12:25:06.894 [AsyncHttpClient-1-3] DEBUG org.asynchttpclient.netty.handler.HttpHandler - 

Request DefaultFullHttpRequest(decodeResult: success, version: HTTP/1.1, content: EmptyByteBufBE)
GET /json/version HTTP/1.1
User-Agent: selenium/4.4.0 (java windows)
host: localhost:50938
accept: */*

Response DefaultHttpResponse(decodeResult: success, version: HTTP/1.1)
HTTP/1.1 200 OK
Content-Security-Policy: frame-ancestors 'none'
Content-Type: application/json; charset=UTF-8
content-length: 432

12:25:06.895 [AsyncHttpClient-1-3] DEBUG org.asynchttpclient.netty.channel.ChannelManager - Adding key: http://localhost:50938 for channel [id: 0x78251a8f, L:/127.0.0.1:50949 - R:localhost/127.0.0.1:50938]
12:25:06.901 [Test worker] DEBUG io.netty.util.internal.ThreadLocalRandom - -Dio.netty.initialSeedUniquifier: 0x5cbc778de5d65c21
12:25:06.905 [AsyncHttpClient-1-4] DEBUG org.asynchttpclient.netty.channel.NettyConnectListener - Using new Channel '[id: 0x54ca282b, L:/127.0.0.1:50950 - R:localhost/127.0.0.1:50938]' for 'GET' to '/devtools/browser/947999c9-ddb9-4782-9acd-f6a76631c9fe'
12:25:06.908 [AsyncHttpClient-1-4] DEBUG org.asynchttpclient.netty.handler.WebSocketHandler - 

Request DefaultFullHttpRequest(decodeResult: success, version: HTTP/1.1, content: EmptyByteBufBE)
GET /devtools/browser/947999c9-ddb9-4782-9acd-f6a76631c9fe HTTP/1.1
upgrade: websocket
connection: upgrade
sec-websocket-key: p7mLMuTm4bXKxTetIIjuLQ==
sec-websocket-version: 13
origin: http://localhost:50938
host: localhost:50938
accept: */*
user-agent: AHC/2.1

Response DefaultHttpResponse(decodeResult: success, version: HTTP/1.1)
HTTP/1.1 101 WebSocket Protocol Handshake
Upgrade: WebSocket
Connection: Upgrade
Sec-WebSocket-Accept: RpGOEHHpLxFWr4V4J1JrYgoaO8Q=

12:25:07.382 [Test worker] DEBUG net.thucydides.core.reflection.ClassFinder - Could not load class .co.com.screemplay.project.hook.OpenWeb
12:25:07.382 [Test worker] DEBUG net.thucydides.core.reflection.ClassFinder - Could not load class .co.com.screemplay.project.questions.ValitationText
12:25:07.382 [Test worker] DEBUG net.thucydides.core.reflection.ClassFinder - Could not load class .co.com.screemplay.project.runners.RunnerTest
12:25:07.382 [Test worker] DEBUG net.thucydides.core.reflection.ClassFinder - Could not load class .co.com.screemplay.project.stepdefinition.CompleteStep
12:25:07.382 [Test worker] DEBUG net.thucydides.core.reflection.ClassFinder - Could not load class .co.com.screemplay.project.stepdefinition.hook.Hook
12:25:07.382 [Test worker] DEBUG net.thucydides.core.reflection.ClassFinder - Could not load class .co.com.screemplay.project.tasks.Login
12:25:07.382 [Test worker] DEBUG net.thucydides.core.reflection.ClassFinder - Could not load class .co.com.screemplay.project.tasks.PlaceOrder
12:25:07.382 [Test worker] DEBUG net.thucydides.core.reflection.ClassFinder - Could not load class .co.com.screemplay.project.tasks.Product
12:25:07.382 [Test worker] DEBUG net.thucydides.core.reflection.ClassFinder - Could not load class .co.com.screemplay.project.tasks.Purchase
12:25:07.382 [Test worker] DEBUG net.thucydides.core.reflection.ClassFinder - Could not load class .co.com.screemplay.project.ui.AddCarUI
12:25:07.382 [Test worker] DEBUG net.thucydides.core.reflection.ClassFinder - Could not load class .co.com.screemplay.project.ui.LoginUI
12:25:07.382 [Test worker] DEBUG net.thucydides.core.reflection.ClassFinder - Could not load class .co.com.screemplay.project.ui.ProductUI
12:25:07.382 [Test worker] DEBUG net.thucydides.core.reflection.ClassFinder - Could not load class .co.com.screemplay.project.utils.Constants
12:25:07.382 [Test worker] DEBUG net.thucydides.core.reflection.ClassFinder - Could not load class .co.com.screemplay.project.utils.Time
12:25:07.383 [Test worker] DEBUG net.thucydides.core.reflection.ClassFinder - Could not load class META-INF.versions.9.com.sun.istack.logging.StackHelper
12:25:07.383 [Test worker] DEBUG net.thucydides.core.reflection.ClassFinder - Could not load class META-INF.versions.9.com.sun.xml.bind.v2.runtime.reflect.opt.AccessorInjector
12:25:07.383 [Test worker] DEBUG net.thucydides.core.reflection.ClassFinder - Could not load class META-INF.versions.9.com.sun.xml.bind.v2.runtime.reflect.opt.Injector
12:25:07.384 [Test worker] DEBUG net.thucydides.core.reflection.ClassFinder - Could not load class META-INF.versions.9.com.sun.xml.bind.v2.runtime.reflect.opt.OptimizedAccessorFactory
12:25:07.384 [Test worker] DEBUG net.thucydides.core.reflection.ClassFinder - Could not load class META-INF.versions.9.com.sun.xml.bind.v2.runtime.reflect.opt.OptimizedTransducedAccessorFactory
12:25:07.384 [Test worker] DEBUG net.thucydides.core.reflection.ClassFinder - Could not load class META-INF.versions.9.io.opentelemetry.sdk.internal.CurrentJavaVersionSpecific
12:25:07.385 [Test worker] DEBUG net.thucydides.core.reflection.ClassFinder - Could not load class META-INF.versions.9.io.opentelemetry.sdk.internal.Java9VersionSpecific
12:25:07.385 [Test worker] DEBUG net.thucydides.core.reflection.ClassFinder - Could not load class META-INF.versions.9.javax.xml.bind.ModuleUtil
12:25:07.386 [Test worker] DEBUG net.thucydides.core.reflection.ClassFinder - Could not load class META-INF.versions.9.module-info
12:25:07.386 [Test worker] DEBUG net.thucydides.core.reflection.ClassFinder - Could not load class META-INF.versions.9.org.junit.platform.commons.util.ModuleUtils
12:25:07.681 [Test worker] DEBUG net.thucydides.core.reflection.ClassFinder - Could not load class com.google.gson.internal.
12:25:07.800 [Test worker] DEBUG net.thucydides.core.reflection.ClassFinder - Could not load class com.sun.xml.bind.v2.runtime.output.FastInfosetStreamWriterOutput
12:25:07.872 [AsyncHttpClient-1-1] DEBUG org.asynchttpclient.netty.channel.DefaultChannelPool - Entry count for : http://localhost:50938 : 1
12:25:07.872 [AsyncHttpClient-1-1] DEBUG org.asynchttpclient.netty.channel.DefaultChannelPool - Entry count for : http://localhost:50685 : 1
12:25:08.076 [Test worker] DEBUG net.thucydides.core.reflection.ClassFinder - Could not load class module-info
12:25:08.972 [AsyncHttpClient-1-1] DEBUG org.asynchttpclient.netty.channel.DefaultChannelPool - Entry count for : http://localhost:50938 : 1
12:25:08.972 [AsyncHttpClient-1-1] DEBUG org.asynchttpclient.netty.channel.DefaultChannelPool - Entry count for : http://localhost:50685 : 1
12:25:10.072 [AsyncHttpClient-1-1] DEBUG org.asynchttpclient.netty.channel.DefaultChannelPool - Entry count for : http://localhost:50938 : 1
12:25:10.072 [AsyncHttpClient-1-1] DEBUG org.asynchttpclient.netty.channel.DefaultChannelPool - Entry count for : http://localhost:50685 : 1
12:25:10.679 [Forwarding get on session fabb2ffb76c94dcf75e21125cc463c12 to remote] DEBUG org.asynchttpclient.netty.request.NettyRequestSender - Using pooled Channel '[id: 0xb083d4ec, L:/127.0.0.1:50937 - R:localhost/127.0.0.1:50685]' for 'POST' to 'http://localhost:50685/session/fabb2ffb76c94dcf75e21125cc463c12/url'
12:25:10.679 [Forwarding get on session fabb2ffb76c94dcf75e21125cc463c12 to remote] DEBUG org.asynchttpclient.netty.request.NettyRequestSender - Using open Channel [id: 0xb083d4ec, L:/127.0.0.1:50937 - R:localhost/127.0.0.1:50685] for POST '/session/fabb2ffb76c94dcf75e21125cc463c12/url'
12:25:11.178 [AsyncHttpClient-1-1] DEBUG org.asynchttpclient.netty.channel.DefaultChannelPool - Entry count for : http://localhost:50938 : 1
12:25:11.861 [AsyncHttpClient-1-2] DEBUG org.asynchttpclient.netty.handler.HttpHandler - 

Request DefaultHttpRequest(decodeResult: success, version: HTTP/1.1)
POST /session/fabb2ffb76c94dcf75e21125cc463c12/url HTTP/1.1
User-Agent: selenium/4.4.0 (java windows)
Content-Length: 56
Content-Type: application/json; charset=utf-8
host: localhost:50685
accept: */*

Response DefaultHttpResponse(decodeResult: success, version: HTTP/1.1)
HTTP/1.1 200 OK
Content-Type: application/json; charset=utf-8
cache-control: no-cache
content-length: 14

12:25:11.862 [AsyncHttpClient-1-2] DEBUG org.asynchttpclient.netty.channel.ChannelManager - Adding key: http://localhost:50685 for channel [id: 0xb083d4ec, L:/127.0.0.1:50937 - R:localhost/127.0.0.1:50685]
12:25:11.868 [Forwarding setTimeout on session fabb2ffb76c94dcf75e21125cc463c12 to remote] DEBUG org.asynchttpclient.netty.request.NettyRequestSender - Using pooled Channel '[id: 0xb083d4ec, L:/127.0.0.1:50937 - R:localhost/127.0.0.1:50685]' for 'POST' to 'http://localhost:50685/session/fabb2ffb76c94dcf75e21125cc463c12/timeouts'
12:25:11.868 [Forwarding setTimeout on session fabb2ffb76c94dcf75e21125cc463c12 to remote] DEBUG org.asynchttpclient.netty.request.NettyRequestSender - Using open Channel [id: 0xb083d4ec, L:/127.0.0.1:50937 - R:localhost/127.0.0.1:50685] for POST '/session/fabb2ffb76c94dcf75e21125cc463c12/timeouts'
12:25:11.870 [AsyncHttpClient-1-2] DEBUG org.asynchttpclient.netty.handler.HttpHandler - 

Request DefaultHttpRequest(decodeResult: success, version: HTTP/1.1)
POST /session/fabb2ffb76c94dcf75e21125cc463c12/timeouts HTTP/1.1
User-Agent: selenium/4.4.0 (java windows)
Content-Length: 22
Content-Type: application/json; charset=utf-8
host: localhost:50685
accept: */*

Response DefaultHttpResponse(decodeResult: success, version: HTTP/1.1)
HTTP/1.1 200 OK
Content-Type: application/json; charset=utf-8
cache-control: no-cache
content-length: 14

12:25:11.890 [AsyncHttpClient-1-2] DEBUG org.asynchttpclient.netty.channel.ChannelManager - Adding key: http://localhost:50685 for channel [id: 0xb083d4ec, L:/127.0.0.1:50937 - R:localhost/127.0.0.1:50685]
12:25:11.949 [Forwarding getCurrentUrl on session fabb2ffb76c94dcf75e21125cc463c12 to remote] DEBUG org.asynchttpclient.netty.request.NettyRequestSender - Using pooled Channel '[id: 0xb083d4ec, L:/127.0.0.1:50937 - R:localhost/127.0.0.1:50685]' for 'GET' to 'http://localhost:50685/session/fabb2ffb76c94dcf75e21125cc463c12/url'
12:25:11.949 [Forwarding getCurrentUrl on session fabb2ffb76c94dcf75e21125cc463c12 to remote] DEBUG org.asynchttpclient.netty.request.NettyRequestSender - Using open Channel [id: 0xb083d4ec, L:/127.0.0.1:50937 - R:localhost/127.0.0.1:50685] for GET '/session/fabb2ffb76c94dcf75e21125cc463c12/url'
12:25:11.961 [AsyncHttpClient-1-2] DEBUG org.asynchttpclient.netty.handler.HttpHandler - 

Request DefaultFullHttpRequest(decodeResult: success, version: HTTP/1.1, content: EmptyByteBufBE)
GET /session/fabb2ffb76c94dcf75e21125cc463c12/url HTTP/1.1
User-Agent: selenium/4.4.0 (java windows)
Cache-Control: no-cache
Content-Type: application/json; charset=utf-8
host: localhost:50685
accept: */*

Response DefaultHttpResponse(decodeResult: success, version: HTTP/1.1)
HTTP/1.1 200 OK
Content-Type: application/json; charset=utf-8
cache-control: no-cache
content-length: 38

12:25:11.961 [AsyncHttpClient-1-2] DEBUG org.asynchttpclient.netty.channel.ChannelManager - Adding key: http://localhost:50685 for channel [id: 0xb083d4ec, L:/127.0.0.1:50937 - R:localhost/127.0.0.1:50685]
12:25:12.040 [Test worker] DEBUG net.serenitybdd.core.photography.Darkroom - Opening darkroom
12:25:12.042 [Darkroom Processing Line] DEBUG net.serenitybdd.core.photography.DarkroomProcessingLine - Darkroom processing line starting up
12:25:12.069 [Forwarding getCurrentWindowHandle on session fabb2ffb76c94dcf75e21125cc463c12 to remote] DEBUG org.asynchttpclient.netty.request.NettyRequestSender - Using pooled Channel '[id: 0xb083d4ec, L:/127.0.0.1:50937 - R:localhost/127.0.0.1:50685]' for 'GET' to 'http://localhost:50685/session/fabb2ffb76c94dcf75e21125cc463c12/window'
12:25:12.069 [Forwarding getCurrentWindowHandle on session fabb2ffb76c94dcf75e21125cc463c12 to remote] DEBUG org.asynchttpclient.netty.request.NettyRequestSender - Using open Channel [id: 0xb083d4ec, L:/127.0.0.1:50937 - R:localhost/127.0.0.1:50685] for GET '/session/fabb2ffb76c94dcf75e21125cc463c12/window'
12:25:12.071 [AsyncHttpClient-1-2] DEBUG org.asynchttpclient.netty.handler.HttpHandler - 

Request DefaultFullHttpRequest(decodeResult: success, version: HTTP/1.1, content: EmptyByteBufBE)
GET /session/fabb2ffb76c94dcf75e21125cc463c12/window HTTP/1.1
User-Agent: selenium/4.4.0 (java windows)
Cache-Control: no-cache
Content-Type: application/json; charset=utf-8
host: localhost:50685
accept: */*

Response DefaultHttpResponse(decodeResult: success, version: HTTP/1.1)
HTTP/1.1 200 OK
Content-Type: application/json; charset=utf-8
cache-control: no-cache
content-length: 44

12:25:12.071 [AsyncHttpClient-1-2] DEBUG org.asynchttpclient.netty.channel.ChannelManager - Adding key: http://localhost:50685 for channel [id: 0xb083d4ec, L:/127.0.0.1:50937 - R:localhost/127.0.0.1:50685]
12:25:12.081 [Forwarding getAlertText on session fabb2ffb76c94dcf75e21125cc463c12 to remote] DEBUG org.asynchttpclient.netty.request.NettyRequestSender - Using pooled Channel '[id: 0xb083d4ec, L:/127.0.0.1:50937 - R:localhost/127.0.0.1:50685]' for 'GET' to 'http://localhost:50685/session/fabb2ffb76c94dcf75e21125cc463c12/alert/text'
12:25:12.081 [Forwarding getAlertText on session fabb2ffb76c94dcf75e21125cc463c12 to remote] DEBUG org.asynchttpclient.netty.request.NettyRequestSender - Using open Channel [id: 0xb083d4ec, L:/127.0.0.1:50937 - R:localhost/127.0.0.1:50685] for GET '/session/fabb2ffb76c94dcf75e21125cc463c12/alert/text'
12:25:12.085 [AsyncHttpClient-1-2] DEBUG org.asynchttpclient.netty.handler.HttpHandler - 

Request DefaultFullHttpRequest(decodeResult: success, version: HTTP/1.1, content: EmptyByteBufBE)
GET /session/fabb2ffb76c94dcf75e21125cc463c12/alert/text HTTP/1.1
User-Agent: selenium/4.4.0 (java windows)
Cache-Control: no-cache
Content-Type: application/json; charset=utf-8
host: localhost:50685
accept: */*

Response DefaultHttpResponse(decodeResult: success, version: HTTP/1.1)
HTTP/1.1 404 Not Found
Content-Type: application/json; charset=utf-8
cache-control: no-cache
content-length: 1045

12:25:12.087 [AsyncHttpClient-1-2] DEBUG org.asynchttpclient.netty.channel.ChannelManager - Adding key: http://localhost:50685 for channel [id: 0xb083d4ec, L:/127.0.0.1:50937 - R:localhost/127.0.0.1:50685]
12:25:12.112 [Forwarding switchToWindow on session fabb2ffb76c94dcf75e21125cc463c12 to remote] DEBUG org.asynchttpclient.netty.request.NettyRequestSender - Using pooled Channel '[id: 0xb083d4ec, L:/127.0.0.1:50937 - R:localhost/127.0.0.1:50685]' for 'POST' to 'http://localhost:50685/session/fabb2ffb76c94dcf75e21125cc463c12/window'
12:25:12.114 [Forwarding switchToWindow on session fabb2ffb76c94dcf75e21125cc463c12 to remote] DEBUG org.asynchttpclient.netty.request.NettyRequestSender - Using open Channel [id: 0xb083d4ec, L:/127.0.0.1:50937 - R:localhost/127.0.0.1:50685] for POST '/session/fabb2ffb76c94dcf75e21125cc463c12/window'
12:25:12.119 [AsyncHttpClient-1-2] DEBUG org.asynchttpclient.netty.handler.HttpHandler - 

Request DefaultHttpRequest(decodeResult: success, version: HTTP/1.1)
POST /session/fabb2ffb76c94dcf75e21125cc463c12/window HTTP/1.1
User-Agent: selenium/4.4.0 (java windows)
Content-Length: 50
Content-Type: application/json; charset=utf-8
host: localhost:50685
accept: */*

Response DefaultHttpResponse(decodeResult: success, version: HTTP/1.1)
HTTP/1.1 200 OK
Content-Type: application/json; charset=utf-8
cache-control: no-cache
content-length: 14

12:25:12.121 [AsyncHttpClient-1-2] DEBUG org.asynchttpclient.netty.channel.ChannelManager - Adding key: http://localhost:50685 for channel [id: 0xb083d4ec, L:/127.0.0.1:50937 - R:localhost/127.0.0.1:50685]
12:25:12.124 [Forwarding getCurrentUrl on session fabb2ffb76c94dcf75e21125cc463c12 to remote] DEBUG org.asynchttpclient.netty.request.NettyRequestSender - Using pooled Channel '[id: 0xb083d4ec, L:/127.0.0.1:50937 - R:localhost/127.0.0.1:50685]' for 'GET' to 'http://localhost:50685/session/fabb2ffb76c94dcf75e21125cc463c12/url'
12:25:12.124 [Forwarding getCurrentUrl on session fabb2ffb76c94dcf75e21125cc463c12 to remote] DEBUG org.asynchttpclient.netty.request.NettyRequestSender - Using open Channel [id: 0xb083d4ec, L:/127.0.0.1:50937 - R:localhost/127.0.0.1:50685] for GET '/session/fabb2ffb76c94dcf75e21125cc463c12/url'
12:25:12.139 [AsyncHttpClient-1-2] DEBUG org.asynchttpclient.netty.handler.HttpHandler - 

Request DefaultFullHttpRequest(decodeResult: success, version: HTTP/1.1, content: EmptyByteBufBE)
GET /session/fabb2ffb76c94dcf75e21125cc463c12/url HTTP/1.1
User-Agent: selenium/4.4.0 (java windows)
Cache-Control: no-cache
Content-Type: application/json; charset=utf-8
host: localhost:50685
accept: */*

Response DefaultHttpResponse(decodeResult: success, version: HTTP/1.1)
HTTP/1.1 200 OK
Content-Type: application/json; charset=utf-8
cache-control: no-cache
content-length: 38

12:25:12.140 [AsyncHttpClient-1-2] DEBUG org.asynchttpclient.netty.channel.ChannelManager - Adding key: http://localhost:50685 for channel [id: 0xb083d4ec, L:/127.0.0.1:50937 - R:localhost/127.0.0.1:50685]
12:25:12.144 [Forwarding screenshot on session fabb2ffb76c94dcf75e21125cc463c12 to remote] DEBUG org.asynchttpclient.netty.request.NettyRequestSender - Using pooled Channel '[id: 0xb083d4ec, L:/127.0.0.1:50937 - R:localhost/127.0.0.1:50685]' for 'GET' to 'http://localhost:50685/session/fabb2ffb76c94dcf75e21125cc463c12/screenshot'
12:25:12.145 [Forwarding screenshot on session fabb2ffb76c94dcf75e21125cc463c12 to remote] DEBUG org.asynchttpclient.netty.request.NettyRequestSender - Using open Channel [id: 0xb083d4ec, L:/127.0.0.1:50937 - R:localhost/127.0.0.1:50685] for GET '/session/fabb2ffb76c94dcf75e21125cc463c12/screenshot'
12:25:12.281 [AsyncHttpClient-1-1] DEBUG org.asynchttpclient.netty.channel.DefaultChannelPool - Entry count for : http://localhost:50938 : 1
12:25:12.299 [AsyncHttpClient-1-2] DEBUG org.asynchttpclient.netty.handler.HttpHandler - 

Request DefaultFullHttpRequest(decodeResult: success, version: HTTP/1.1, content: EmptyByteBufBE)
GET /session/fabb2ffb76c94dcf75e21125cc463c12/screenshot HTTP/1.1
User-Agent: selenium/4.4.0 (java windows)
Cache-Control: no-cache
Content-Type: application/json; charset=utf-8
host: localhost:50685
accept: */*

Response DefaultHttpResponse(decodeResult: success, version: HTTP/1.1)
HTTP/1.1 200 OK
Content-Type: application/json; charset=utf-8
cache-control: no-cache
content-length: 464852

12:25:12.318 [AsyncHttpClient-1-2] DEBUG org.asynchttpclient.netty.channel.ChannelManager - Adding key: http://localhost:50685 for channel [id: 0xb083d4ec, L:/127.0.0.1:50937 - R:localhost/127.0.0.1:50685]
12:25:12.479 [Test worker] DEBUG net.serenitybdd.core.photography.Darkroom - Send negative for processing for C:\Users\pcnit\Downloads\TestE2E\target\site\serenity\fdc7253f5d149834316565fed9455233c6aa86beb64a19ca53007d3f015166e3.png
12:25:12.487 [Test worker] DEBUG net.thucydides.core.steps.StepInterceptor - STEP DONE: {0} opens the browser at #url
12:25:12.531 [Test worker] DEBUG net.thucydides.core.steps.StepInterceptor - STEP DONE: performAs
12:25:13.376 [AsyncHttpClient-1-1] DEBUG org.asynchttpclient.netty.channel.DefaultChannelPool - Entry count for : http://localhost:50938 : 1
12:25:13.377 [AsyncHttpClient-1-1] DEBUG org.asynchttpclient.netty.channel.DefaultChannelPool - Entry count for : http://localhost:50685 : 1
12:25:14.475 [AsyncHttpClient-1-1] DEBUG org.asynchttpclient.netty.channel.DefaultChannelPool - Entry count for : http://localhost:50938 : 1
12:25:14.475 [AsyncHttpClient-1-1] DEBUG org.asynchttpclient.netty.channel.DefaultChannelPool - Entry count for : http://localhost:50685 : 1
12:25:15.582 [AsyncHttpClient-1-1] DEBUG org.asynchttpclient.netty.channel.DefaultChannelPool - Entry count for : http://localhost:50938 : 1
12:25:15.582 [AsyncHttpClient-1-1] DEBUG org.asynchttpclient.netty.channel.DefaultChannelPool - Entry count for : http://localhost:50685 : 1
12:25:16.684 [AsyncHttpClient-1-1] DEBUG org.asynchttpclient.netty.channel.DefaultChannelPool - Entry count for : http://localhost:50938 : 1
12:25:16.684 [AsyncHttpClient-1-1] DEBUG org.asynchttpclient.netty.channel.DefaultChannelPool - Entry count for : http://localhost:50685 : 1
12:25:17.774 [AsyncHttpClient-1-1] DEBUG org.asynchttpclient.netty.channel.DefaultChannelPool - Entry count for : http://localhost:50938 : 1
12:25:17.775 [AsyncHttpClient-1-1] DEBUG org.asynchttpclient.netty.channel.DefaultChannelPool - Entry count for : http://localhost:50685 : 1
12:25:17.812 [Forwarding getCurrentWindowHandle on session fabb2ffb76c94dcf75e21125cc463c12 to remote] DEBUG org.asynchttpclient.netty.request.NettyRequestSender - Using pooled Channel '[id: 0xb083d4ec, L:/127.0.0.1:50937 - R:localhost/127.0.0.1:50685]' for 'GET' to 'http://localhost:50685/session/fabb2ffb76c94dcf75e21125cc463c12/window'
12:25:17.815 [Forwarding getCurrentWindowHandle on session fabb2ffb76c94dcf75e21125cc463c12 to remote] DEBUG org.asynchttpclient.netty.request.NettyRequestSender - Using open Channel [id: 0xb083d4ec, L:/127.0.0.1:50937 - R:localhost/127.0.0.1:50685] for GET '/session/fabb2ffb76c94dcf75e21125cc463c12/window'
12:25:17.818 [AsyncHttpClient-1-2] DEBUG org.asynchttpclient.netty.handler.HttpHandler - 

Request DefaultFullHttpRequest(decodeResult: success, version: HTTP/1.1, content: EmptyByteBufBE)
GET /session/fabb2ffb76c94dcf75e21125cc463c12/window HTTP/1.1
User-Agent: selenium/4.4.0 (java windows)
Cache-Control: no-cache
Content-Type: application/json; charset=utf-8
host: localhost:50685
accept: */*

Response DefaultHttpResponse(decodeResult: success, version: HTTP/1.1)
HTTP/1.1 200 OK
Content-Type: application/json; charset=utf-8
cache-control: no-cache
content-length: 44

12:25:17.821 [AsyncHttpClient-1-2] DEBUG org.asynchttpclient.netty.channel.ChannelManager - Adding key: http://localhost:50685 for channel [id: 0xb083d4ec, L:/127.0.0.1:50937 - R:localhost/127.0.0.1:50685]
12:25:17.838 [Forwarding getAlertText on session fabb2ffb76c94dcf75e21125cc463c12 to remote] DEBUG org.asynchttpclient.netty.request.NettyRequestSender - Using pooled Channel '[id: 0xb083d4ec, L:/127.0.0.1:50937 - R:localhost/127.0.0.1:50685]' for 'GET' to 'http://localhost:50685/session/fabb2ffb76c94dcf75e21125cc463c12/alert/text'
12:25:17.839 [Forwarding getAlertText on session fabb2ffb76c94dcf75e21125cc463c12 to remote] DEBUG org.asynchttpclient.netty.request.NettyRequestSender - Using open Channel [id: 0xb083d4ec, L:/127.0.0.1:50937 - R:localhost/127.0.0.1:50685] for GET '/session/fabb2ffb76c94dcf75e21125cc463c12/alert/text'
12:25:17.853 [AsyncHttpClient-1-2] DEBUG org.asynchttpclient.netty.handler.HttpHandler - 

Request DefaultFullHttpRequest(decodeResult: success, version: HTTP/1.1, content: EmptyByteBufBE)
GET /session/fabb2ffb76c94dcf75e21125cc463c12/alert/text HTTP/1.1
User-Agent: selenium/4.4.0 (java windows)
Cache-Control: no-cache
Content-Type: application/json; charset=utf-8
host: localhost:50685
accept: */*

Response DefaultHttpResponse(decodeResult: success, version: HTTP/1.1)
HTTP/1.1 404 Not Found
Content-Type: application/json; charset=utf-8
cache-control: no-cache
content-length: 1045

12:25:17.853 [AsyncHttpClient-1-2] DEBUG org.asynchttpclient.netty.channel.ChannelManager - Adding key: http://localhost:50685 for channel [id: 0xb083d4ec, L:/127.0.0.1:50937 - R:localhost/127.0.0.1:50685]
12:25:17.865 [Forwarding switchToWindow on session fabb2ffb76c94dcf75e21125cc463c12 to remote] DEBUG org.asynchttpclient.netty.request.NettyRequestSender - Using pooled Channel '[id: 0xb083d4ec, L:/127.0.0.1:50937 - R:localhost/127.0.0.1:50685]' for 'POST' to 'http://localhost:50685/session/fabb2ffb76c94dcf75e21125cc463c12/window'
12:25:17.866 [Forwarding switchToWindow on session fabb2ffb76c94dcf75e21125cc463c12 to remote] DEBUG org.asynchttpclient.netty.request.NettyRequestSender - Using open Channel [id: 0xb083d4ec, L:/127.0.0.1:50937 - R:localhost/127.0.0.1:50685] for POST '/session/fabb2ffb76c94dcf75e21125cc463c12/window'
12:25:17.870 [AsyncHttpClient-1-2] DEBUG org.asynchttpclient.netty.handler.HttpHandler - 

Request DefaultHttpRequest(decodeResult: success, version: HTTP/1.1)
POST /session/fabb2ffb76c94dcf75e21125cc463c12/window HTTP/1.1
User-Agent: selenium/4.4.0 (java windows)
Content-Length: 50
Content-Type: application/json; charset=utf-8
host: localhost:50685
accept: */*

Response DefaultHttpResponse(decodeResult: success, version: HTTP/1.1)
HTTP/1.1 200 OK
Content-Type: application/json; charset=utf-8
cache-control: no-cache
content-length: 14

12:25:17.870 [AsyncHttpClient-1-2] DEBUG org.asynchttpclient.netty.channel.ChannelManager - Adding key: http://localhost:50685 for channel [id: 0xb083d4ec, L:/127.0.0.1:50937 - R:localhost/127.0.0.1:50685]
12:25:17.873 [Forwarding getCurrentUrl on session fabb2ffb76c94dcf75e21125cc463c12 to remote] DEBUG org.asynchttpclient.netty.request.NettyRequestSender - Using pooled Channel '[id: 0xb083d4ec, L:/127.0.0.1:50937 - R:localhost/127.0.0.1:50685]' for 'GET' to 'http://localhost:50685/session/fabb2ffb76c94dcf75e21125cc463c12/url'
12:25:17.874 [Forwarding getCurrentUrl on session fabb2ffb76c94dcf75e21125cc463c12 to remote] DEBUG org.asynchttpclient.netty.request.NettyRequestSender - Using open Channel [id: 0xb083d4ec, L:/127.0.0.1:50937 - R:localhost/127.0.0.1:50685] for GET '/session/fabb2ffb76c94dcf75e21125cc463c12/url'
12:25:17.883 [AsyncHttpClient-1-2] DEBUG org.asynchttpclient.netty.handler.HttpHandler - 

Request DefaultFullHttpRequest(decodeResult: success, version: HTTP/1.1, content: EmptyByteBufBE)
GET /session/fabb2ffb76c94dcf75e21125cc463c12/url HTTP/1.1
User-Agent: selenium/4.4.0 (java windows)
Cache-Control: no-cache
Content-Type: application/json; charset=utf-8
host: localhost:50685
accept: */*

Response DefaultHttpResponse(decodeResult: success, version: HTTP/1.1)
HTTP/1.1 200 OK
Content-Type: application/json; charset=utf-8
cache-control: no-cache
content-length: 38

12:25:17.884 [AsyncHttpClient-1-2] DEBUG org.asynchttpclient.netty.channel.ChannelManager - Adding key: http://localhost:50685 for channel [id: 0xb083d4ec, L:/127.0.0.1:50937 - R:localhost/127.0.0.1:50685]
12:25:17.886 [Forwarding screenshot on session fabb2ffb76c94dcf75e21125cc463c12 to remote] DEBUG org.asynchttpclient.netty.request.NettyRequestSender - Using pooled Channel '[id: 0xb083d4ec, L:/127.0.0.1:50937 - R:localhost/127.0.0.1:50685]' for 'GET' to 'http://localhost:50685/session/fabb2ffb76c94dcf75e21125cc463c12/screenshot'
12:25:17.887 [Forwarding screenshot on session fabb2ffb76c94dcf75e21125cc463c12 to remote] DEBUG org.asynchttpclient.netty.request.NettyRequestSender - Using open Channel [id: 0xb083d4ec, L:/127.0.0.1:50937 - R:localhost/127.0.0.1:50685] for GET '/session/fabb2ffb76c94dcf75e21125cc463c12/screenshot'
12:25:18.082 [AsyncHttpClient-1-2] DEBUG org.asynchttpclient.netty.handler.HttpHandler - 

Request DefaultFullHttpRequest(decodeResult: success, version: HTTP/1.1, content: EmptyByteBufBE)
GET /session/fabb2ffb76c94dcf75e21125cc463c12/screenshot HTTP/1.1
User-Agent: selenium/4.4.0 (java windows)
Cache-Control: no-cache
Content-Type: application/json; charset=utf-8
host: localhost:50685
accept: */*

Response DefaultHttpResponse(decodeResult: success, version: HTTP/1.1)
HTTP/1.1 200 OK
Content-Type: application/json; charset=utf-8
cache-control: no-cache
content-length: 720868

12:25:18.108 [AsyncHttpClient-1-2] DEBUG org.asynchttpclient.netty.channel.ChannelManager - Adding key: http://localhost:50685 for channel [id: 0xb083d4ec, L:/127.0.0.1:50937 - R:localhost/127.0.0.1:50685]
12:25:18.139 [Test worker] DEBUG net.serenitybdd.core.photography.Darkroom - Send negative for processing for C:\Users\pcnit\Downloads\TestE2E\target\site\serenity\c6cf8b507ebab78aed50666d11ada7a52374c38a669e8464d2652523096d2389.png
12:25:18.140 [Darkroom Processing Line] DEBUG net.serenitybdd.core.photography.DarkroomProcessingLine - Processing screenshot image in /var/screenshots/screenshot-6433534461220448152
12:25:18.140 [Darkroom Processing Line] DEBUG net.serenitybdd.core.photography.DarkroomProcessingLine - Saving screenshot to C:\Users\pcnit\Downloads\TestE2E\target\site\serenity\c6cf8b507ebab78aed50666d11ada7a52374c38a669e8464d2652523096d2389.png
12:25:18.153 [Forwarding getPageSource on session fabb2ffb76c94dcf75e21125cc463c12 to remote] DEBUG org.asynchttpclient.netty.request.NettyRequestSender - Using pooled Channel '[id: 0xb083d4ec, L:/127.0.0.1:50937 - R:localhost/127.0.0.1:50685]' for 'POST' to 'http://localhost:50685/session/fabb2ffb76c94dcf75e21125cc463c12/execute/sync'
12:25:18.155 [Forwarding getPageSource on session fabb2ffb76c94dcf75e21125cc463c12 to remote] DEBUG org.asynchttpclient.netty.request.NettyRequestSender - Using open Channel [id: 0xb083d4ec, L:/127.0.0.1:50937 - R:localhost/127.0.0.1:50685] for POST '/session/fabb2ffb76c94dcf75e21125cc463c12/execute/sync'
12:25:18.171 [AsyncHttpClient-1-2] DEBUG org.asynchttpclient.netty.handler.HttpHandler - 

Request DefaultHttpRequest(decodeResult: success, version: HTTP/1.1)
POST /session/fabb2ffb76c94dcf75e21125cc463c12/execute/sync HTTP/1.1
User-Agent: selenium/4.4.0 (java windows)
Content-Length: 176
Content-Type: application/json; charset=utf-8
host: localhost:50685
accept: */*

Response DefaultHttpResponse(decodeResult: success, version: HTTP/1.1)
HTTP/1.1 200 OK
Content-Type: application/json; charset=utf-8
cache-control: no-cache
content-length: 57308

12:25:18.173 [AsyncHttpClient-1-2] DEBUG org.asynchttpclient.netty.channel.ChannelManager - Adding key: http://localhost:50685 for channel [id: 0xb083d4ec, L:/127.0.0.1:50937 - R:localhost/127.0.0.1:50685]
12:25:18.424 [Forwarding getCurrentUrl on session fabb2ffb76c94dcf75e21125cc463c12 to remote] DEBUG org.asynchttpclient.netty.request.NettyRequestSender - Using pooled Channel '[id: 0xb083d4ec, L:/127.0.0.1:50937 - R:localhost/127.0.0.1:50685]' for 'GET' to 'http://localhost:50685/session/fabb2ffb76c94dcf75e21125cc463c12/url'
12:25:18.425 [Forwarding getCurrentUrl on session fabb2ffb76c94dcf75e21125cc463c12 to remote] DEBUG org.asynchttpclient.netty.request.NettyRequestSender - Using open Channel [id: 0xb083d4ec, L:/127.0.0.1:50937 - R:localhost/127.0.0.1:50685] for GET '/session/fabb2ffb76c94dcf75e21125cc463c12/url'
12:25:18.459 [AsyncHttpClient-1-2] DEBUG org.asynchttpclient.netty.handler.HttpHandler - 

Request DefaultFullHttpRequest(decodeResult: success, version: HTTP/1.1, content: EmptyByteBufBE)
GET /session/fabb2ffb76c94dcf75e21125cc463c12/url HTTP/1.1
User-Agent: selenium/4.4.0 (java windows)
Cache-Control: no-cache
Content-Type: application/json; charset=utf-8
host: localhost:50685
accept: */*

Response DefaultHttpResponse(decodeResult: success, version: HTTP/1.1)
HTTP/1.1 200 OK
Content-Type: application/json; charset=utf-8
cache-control: no-cache
content-length: 38

12:25:18.460 [AsyncHttpClient-1-2] DEBUG org.asynchttpclient.netty.channel.ChannelManager - Adding key: http://localhost:50685 for channel [id: 0xb083d4ec, L:/127.0.0.1:50937 - R:localhost/127.0.0.1:50685]
12:25:18.510 [Forwarding getTitle on session fabb2ffb76c94dcf75e21125cc463c12 to remote] DEBUG org.asynchttpclient.netty.request.NettyRequestSender - Using pooled Channel '[id: 0xb083d4ec, L:/127.0.0.1:50937 - R:localhost/127.0.0.1:50685]' for 'GET' to 'http://localhost:50685/session/fabb2ffb76c94dcf75e21125cc463c12/title'
12:25:18.510 [Forwarding getTitle on session fabb2ffb76c94dcf75e21125cc463c12 to remote] DEBUG org.asynchttpclient.netty.request.NettyRequestSender - Using open Channel [id: 0xb083d4ec, L:/127.0.0.1:50937 - R:localhost/127.0.0.1:50685] for GET '/session/fabb2ffb76c94dcf75e21125cc463c12/title'
12:25:18.523 [AsyncHttpClient-1-2] DEBUG org.asynchttpclient.netty.handler.HttpHandler - 

Request DefaultFullHttpRequest(decodeResult: success, version: HTTP/1.1, content: EmptyByteBufBE)
GET /session/fabb2ffb76c94dcf75e21125cc463c12/title HTTP/1.1
User-Agent: selenium/4.4.0 (java windows)
Cache-Control: no-cache
Content-Type: application/json; charset=utf-8
host: localhost:50685
accept: */*

Response DefaultHttpResponse(decodeResult: success, version: HTTP/1.1)
HTTP/1.1 200 OK
Content-Type: application/json; charset=utf-8
cache-control: no-cache
content-length: 17

12:25:18.523 [AsyncHttpClient-1-2] DEBUG org.asynchttpclient.netty.channel.ChannelManager - Adding key: http://localhost:50685 for channel [id: 0xb083d4ec, L:/127.0.0.1:50937 - R:localhost/127.0.0.1:50685]
12:25:18.623 [Forwarding getCurrentWindowHandle on session fabb2ffb76c94dcf75e21125cc463c12 to remote] DEBUG org.asynchttpclient.netty.request.NettyRequestSender - Using pooled Channel '[id: 0xb083d4ec, L:/127.0.0.1:50937 - R:localhost/127.0.0.1:50685]' for 'GET' to 'http://localhost:50685/session/fabb2ffb76c94dcf75e21125cc463c12/window'
12:25:18.623 [Forwarding getCurrentWindowHandle on session fabb2ffb76c94dcf75e21125cc463c12 to remote] DEBUG org.asynchttpclient.netty.request.NettyRequestSender - Using open Channel [id: 0xb083d4ec, L:/127.0.0.1:50937 - R:localhost/127.0.0.1:50685] for GET '/session/fabb2ffb76c94dcf75e21125cc463c12/window'
12:25:18.626 [AsyncHttpClient-1-2] DEBUG org.asynchttpclient.netty.handler.HttpHandler - 

Request DefaultFullHttpRequest(decodeResult: success, version: HTTP/1.1, content: EmptyByteBufBE)
GET /session/fabb2ffb76c94dcf75e21125cc463c12/window HTTP/1.1
User-Agent: selenium/4.4.0 (java windows)
Cache-Control: no-cache
Content-Type: application/json; charset=utf-8
host: localhost:50685
accept: */*

Response DefaultHttpResponse(decodeResult: success, version: HTTP/1.1)
HTTP/1.1 200 OK
Content-Type: application/json; charset=utf-8
cache-control: no-cache
content-length: 44

12:25:18.626 [AsyncHttpClient-1-2] DEBUG org.asynchttpclient.netty.channel.ChannelManager - Adding key: http://localhost:50685 for channel [id: 0xb083d4ec, L:/127.0.0.1:50937 - R:localhost/127.0.0.1:50685]
12:25:18.639 [Forwarding getAlertText on session fabb2ffb76c94dcf75e21125cc463c12 to remote] DEBUG org.asynchttpclient.netty.request.NettyRequestSender - Using pooled Channel '[id: 0xb083d4ec, L:/127.0.0.1:50937 - R:localhost/127.0.0.1:50685]' for 'GET' to 'http://localhost:50685/session/fabb2ffb76c94dcf75e21125cc463c12/alert/text'
12:25:18.640 [Forwarding getAlertText on session fabb2ffb76c94dcf75e21125cc463c12 to remote] DEBUG org.asynchttpclient.netty.request.NettyRequestSender - Using open Channel [id: 0xb083d4ec, L:/127.0.0.1:50937 - R:localhost/127.0.0.1:50685] for GET '/session/fabb2ffb76c94dcf75e21125cc463c12/alert/text'
12:25:18.651 [AsyncHttpClient-1-2] DEBUG org.asynchttpclient.netty.handler.HttpHandler - 

Request DefaultFullHttpRequest(decodeResult: success, version: HTTP/1.1, content: EmptyByteBufBE)
GET /session/fabb2ffb76c94dcf75e21125cc463c12/alert/text HTTP/1.1
User-Agent: selenium/4.4.0 (java windows)
Cache-Control: no-cache
Content-Type: application/json; charset=utf-8
host: localhost:50685
accept: */*

Response DefaultHttpResponse(decodeResult: success, version: HTTP/1.1)
HTTP/1.1 404 Not Found
Content-Type: application/json; charset=utf-8
cache-control: no-cache
content-length: 1045

12:25:18.652 [AsyncHttpClient-1-2] DEBUG org.asynchttpclient.netty.channel.ChannelManager - Adding key: http://localhost:50685 for channel [id: 0xb083d4ec, L:/127.0.0.1:50937 - R:localhost/127.0.0.1:50685]
12:25:18.668 [Forwarding switchToWindow on session fabb2ffb76c94dcf75e21125cc463c12 to remote] DEBUG org.asynchttpclient.netty.request.NettyRequestSender - Using pooled Channel '[id: 0xb083d4ec, L:/127.0.0.1:50937 - R:localhost/127.0.0.1:50685]' for 'POST' to 'http://localhost:50685/session/fabb2ffb76c94dcf75e21125cc463c12/window'
12:25:18.669 [Forwarding switchToWindow on session fabb2ffb76c94dcf75e21125cc463c12 to remote] DEBUG org.asynchttpclient.netty.request.NettyRequestSender - Using open Channel [id: 0xb083d4ec, L:/127.0.0.1:50937 - R:localhost/127.0.0.1:50685] for POST '/session/fabb2ffb76c94dcf75e21125cc463c12/window'
12:25:18.675 [AsyncHttpClient-1-2] DEBUG org.asynchttpclient.netty.handler.HttpHandler - 

Request DefaultHttpRequest(decodeResult: success, version: HTTP/1.1)
POST /session/fabb2ffb76c94dcf75e21125cc463c12/window HTTP/1.1
User-Agent: selenium/4.4.0 (java windows)
Content-Length: 50
Content-Type: application/json; charset=utf-8
host: localhost:50685
accept: */*

Response DefaultHttpResponse(decodeResult: success, version: HTTP/1.1)
HTTP/1.1 200 OK
Content-Type: application/json; charset=utf-8
cache-control: no-cache
content-length: 14

12:25:18.675 [AsyncHttpClient-1-2] DEBUG org.asynchttpclient.netty.channel.ChannelManager - Adding key: http://localhost:50685 for channel [id: 0xb083d4ec, L:/127.0.0.1:50937 - R:localhost/127.0.0.1:50685]
12:25:18.677 [Forwarding getCurrentUrl on session fabb2ffb76c94dcf75e21125cc463c12 to remote] DEBUG org.asynchttpclient.netty.request.NettyRequestSender - Using pooled Channel '[id: 0xb083d4ec, L:/127.0.0.1:50937 - R:localhost/127.0.0.1:50685]' for 'GET' to 'http://localhost:50685/session/fabb2ffb76c94dcf75e21125cc463c12/url'
12:25:18.677 [Forwarding getCurrentUrl on session fabb2ffb76c94dcf75e21125cc463c12 to remote] DEBUG org.asynchttpclient.netty.request.NettyRequestSender - Using open Channel [id: 0xb083d4ec, L:/127.0.0.1:50937 - R:localhost/127.0.0.1:50685] for GET '/session/fabb2ffb76c94dcf75e21125cc463c12/url'
12:25:18.691 [AsyncHttpClient-1-2] DEBUG org.asynchttpclient.netty.handler.HttpHandler - 

Request DefaultFullHttpRequest(decodeResult: success, version: HTTP/1.1, content: EmptyByteBufBE)
GET /session/fabb2ffb76c94dcf75e21125cc463c12/url HTTP/1.1
User-Agent: selenium/4.4.0 (java windows)
Cache-Control: no-cache
Content-Type: application/json; charset=utf-8
host: localhost:50685
accept: */*

Response DefaultHttpResponse(decodeResult: success, version: HTTP/1.1)
HTTP/1.1 200 OK
Content-Type: application/json; charset=utf-8
cache-control: no-cache
content-length: 38

12:25:18.691 [AsyncHttpClient-1-2] DEBUG org.asynchttpclient.netty.channel.ChannelManager - Adding key: http://localhost:50685 for channel [id: 0xb083d4ec, L:/127.0.0.1:50937 - R:localhost/127.0.0.1:50685]
12:25:18.694 [Forwarding screenshot on session fabb2ffb76c94dcf75e21125cc463c12 to remote] DEBUG org.asynchttpclient.netty.request.NettyRequestSender - Using pooled Channel '[id: 0xb083d4ec, L:/127.0.0.1:50937 - R:localhost/127.0.0.1:50685]' for 'GET' to 'http://localhost:50685/session/fabb2ffb76c94dcf75e21125cc463c12/screenshot'
12:25:18.694 [Forwarding screenshot on session fabb2ffb76c94dcf75e21125cc463c12 to remote] DEBUG org.asynchttpclient.netty.request.NettyRequestSender - Using open Channel [id: 0xb083d4ec, L:/127.0.0.1:50937 - R:localhost/127.0.0.1:50685] for GET '/session/fabb2ffb76c94dcf75e21125cc463c12/screenshot'
12:25:18.883 [AsyncHttpClient-1-1] DEBUG org.asynchttpclient.netty.channel.DefaultChannelPool - Entry count for : http://localhost:50938 : 1
12:25:18.894 [AsyncHttpClient-1-2] DEBUG org.asynchttpclient.netty.handler.HttpHandler - 

Request DefaultFullHttpRequest(decodeResult: success, version: HTTP/1.1, content: EmptyByteBufBE)
GET /session/fabb2ffb76c94dcf75e21125cc463c12/screenshot HTTP/1.1
User-Agent: selenium/4.4.0 (java windows)
Cache-Control: no-cache
Content-Type: application/json; charset=utf-8
host: localhost:50685
accept: */*

Response DefaultHttpResponse(decodeResult: success, version: HTTP/1.1)
HTTP/1.1 200 OK
Content-Type: application/json; charset=utf-8
cache-control: no-cache
content-length: 720868

12:25:18.928 [AsyncHttpClient-1-2] DEBUG org.asynchttpclient.netty.channel.ChannelManager - Adding key: http://localhost:50685 for channel [id: 0xb083d4ec, L:/127.0.0.1:50937 - R:localhost/127.0.0.1:50685]
12:25:18.971 [Test worker] DEBUG net.serenitybdd.core.photography.Darkroom - Send negative for processing for C:\Users\pcnit\Downloads\TestE2E\target\site\serenity\c6cf8b507ebab78aed50666d11ada7a52374c38a669e8464d2652523096d2389.png
  ?[32mDado ?[0m?[32m?[0m?[32m?[1m"Rodrigo"?[0m?[32m abre el sitio web de pruebas?[0m            ?[90m# co.com.screemplay.project.stepdefinition.hook.Hook.openWebsite(java.lang.String)?[0m
12:25:19.076 [Forwarding getCurrentWindowHandle on session fabb2ffb76c94dcf75e21125cc463c12 to remote] DEBUG org.asynchttpclient.netty.request.NettyRequestSender - Using pooled Channel '[id: 0xb083d4ec, L:/127.0.0.1:50937 - R:localhost/127.0.0.1:50685]' for 'GET' to 'http://localhost:50685/session/fabb2ffb76c94dcf75e21125cc463c12/window'
12:25:19.077 [Forwarding getCurrentWindowHandle on session fabb2ffb76c94dcf75e21125cc463c12 to remote] DEBUG org.asynchttpclient.netty.request.NettyRequestSender - Using open Channel [id: 0xb083d4ec, L:/127.0.0.1:50937 - R:localhost/127.0.0.1:50685] for GET '/session/fabb2ffb76c94dcf75e21125cc463c12/window'
12:25:19.080 [AsyncHttpClient-1-2] DEBUG org.asynchttpclient.netty.handler.HttpHandler - 

Request DefaultFullHttpRequest(decodeResult: success, version: HTTP/1.1, content: EmptyByteBufBE)
GET /session/fabb2ffb76c94dcf75e21125cc463c12/window HTTP/1.1
User-Agent: selenium/4.4.0 (java windows)
Cache-Control: no-cache
Content-Type: application/json; charset=utf-8
host: localhost:50685
accept: */*

Response DefaultHttpResponse(decodeResult: success, version: HTTP/1.1)
HTTP/1.1 200 OK
Content-Type: application/json; charset=utf-8
cache-control: no-cache
content-length: 44

12:25:19.080 [AsyncHttpClient-1-2] DEBUG org.asynchttpclient.netty.channel.ChannelManager - Adding key: http://localhost:50685 for channel [id: 0xb083d4ec, L:/127.0.0.1:50937 - R:localhost/127.0.0.1:50685]
12:25:19.101 [Forwarding getAlertText on session fabb2ffb76c94dcf75e21125cc463c12 to remote] DEBUG org.asynchttpclient.netty.request.NettyRequestSender - Using pooled Channel '[id: 0xb083d4ec, L:/127.0.0.1:50937 - R:localhost/127.0.0.1:50685]' for 'GET' to 'http://localhost:50685/session/fabb2ffb76c94dcf75e21125cc463c12/alert/text'
12:25:19.102 [Forwarding getAlertText on session fabb2ffb76c94dcf75e21125cc463c12 to remote] DEBUG org.asynchttpclient.netty.request.NettyRequestSender - Using open Channel [id: 0xb083d4ec, L:/127.0.0.1:50937 - R:localhost/127.0.0.1:50685] for GET '/session/fabb2ffb76c94dcf75e21125cc463c12/alert/text'
12:25:19.116 [AsyncHttpClient-1-2] DEBUG org.asynchttpclient.netty.handler.HttpHandler - 

Request DefaultFullHttpRequest(decodeResult: success, version: HTTP/1.1, content: EmptyByteBufBE)
GET /session/fabb2ffb76c94dcf75e21125cc463c12/alert/text HTTP/1.1
User-Agent: selenium/4.4.0 (java windows)
Cache-Control: no-cache
Content-Type: application/json; charset=utf-8
host: localhost:50685
accept: */*

Response DefaultHttpResponse(decodeResult: success, version: HTTP/1.1)
HTTP/1.1 404 Not Found
Content-Type: application/json; charset=utf-8
cache-control: no-cache
content-length: 1045

12:25:19.117 [AsyncHttpClient-1-2] DEBUG org.asynchttpclient.netty.channel.ChannelManager - Adding key: http://localhost:50685 for channel [id: 0xb083d4ec, L:/127.0.0.1:50937 - R:localhost/127.0.0.1:50685]
12:25:19.130 [Forwarding switchToWindow on session fabb2ffb76c94dcf75e21125cc463c12 to remote] DEBUG org.asynchttpclient.netty.request.NettyRequestSender - Using pooled Channel '[id: 0xb083d4ec, L:/127.0.0.1:50937 - R:localhost/127.0.0.1:50685]' for 'POST' to 'http://localhost:50685/session/fabb2ffb76c94dcf75e21125cc463c12/window'
12:25:19.130 [Forwarding switchToWindow on session fabb2ffb76c94dcf75e21125cc463c12 to remote] DEBUG org.asynchttpclient.netty.request.NettyRequestSender - Using open Channel [id: 0xb083d4ec, L:/127.0.0.1:50937 - R:localhost/127.0.0.1:50685] for POST '/session/fabb2ffb76c94dcf75e21125cc463c12/window'
12:25:19.136 [AsyncHttpClient-1-2] DEBUG org.asynchttpclient.netty.handler.HttpHandler - 

Request DefaultHttpRequest(decodeResult: success, version: HTTP/1.1)
POST /session/fabb2ffb76c94dcf75e21125cc463c12/window HTTP/1.1
User-Agent: selenium/4.4.0 (java windows)
Content-Length: 50
Content-Type: application/json; charset=utf-8
host: localhost:50685
accept: */*

Response DefaultHttpResponse(decodeResult: success, version: HTTP/1.1)
HTTP/1.1 200 OK
Content-Type: application/json; charset=utf-8
cache-control: no-cache
content-length: 14

12:25:19.137 [AsyncHttpClient-1-2] DEBUG org.asynchttpclient.netty.channel.ChannelManager - Adding key: http://localhost:50685 for channel [id: 0xb083d4ec, L:/127.0.0.1:50937 - R:localhost/127.0.0.1:50685]
12:25:19.138 [Forwarding getCurrentUrl on session fabb2ffb76c94dcf75e21125cc463c12 to remote] DEBUG org.asynchttpclient.netty.request.NettyRequestSender - Using pooled Channel '[id: 0xb083d4ec, L:/127.0.0.1:50937 - R:localhost/127.0.0.1:50685]' for 'GET' to 'http://localhost:50685/session/fabb2ffb76c94dcf75e21125cc463c12/url'
12:25:19.140 [Forwarding getCurrentUrl on session fabb2ffb76c94dcf75e21125cc463c12 to remote] DEBUG org.asynchttpclient.netty.request.NettyRequestSender - Using open Channel [id: 0xb083d4ec, L:/127.0.0.1:50937 - R:localhost/127.0.0.1:50685] for GET '/session/fabb2ffb76c94dcf75e21125cc463c12/url'
12:25:19.157 [AsyncHttpClient-1-2] DEBUG org.asynchttpclient.netty.handler.HttpHandler - 

Request DefaultFullHttpRequest(decodeResult: success, version: HTTP/1.1, content: EmptyByteBufBE)
GET /session/fabb2ffb76c94dcf75e21125cc463c12/url HTTP/1.1
User-Agent: selenium/4.4.0 (java windows)
Cache-Control: no-cache
Content-Type: application/json; charset=utf-8
host: localhost:50685
accept: */*

Response DefaultHttpResponse(decodeResult: success, version: HTTP/1.1)
HTTP/1.1 200 OK
Content-Type: application/json; charset=utf-8
cache-control: no-cache
content-length: 38

12:25:19.158 [AsyncHttpClient-1-2] DEBUG org.asynchttpclient.netty.channel.ChannelManager - Adding key: http://localhost:50685 for channel [id: 0xb083d4ec, L:/127.0.0.1:50937 - R:localhost/127.0.0.1:50685]
12:25:19.162 [Forwarding screenshot on session fabb2ffb76c94dcf75e21125cc463c12 to remote] DEBUG org.asynchttpclient.netty.request.NettyRequestSender - Using pooled Channel '[id: 0xb083d4ec, L:/127.0.0.1:50937 - R:localhost/127.0.0.1:50685]' for 'GET' to 'http://localhost:50685/session/fabb2ffb76c94dcf75e21125cc463c12/screenshot'
12:25:19.162 [Forwarding screenshot on session fabb2ffb76c94dcf75e21125cc463c12 to remote] DEBUG org.asynchttpclient.netty.request.NettyRequestSender - Using open Channel [id: 0xb083d4ec, L:/127.0.0.1:50937 - R:localhost/127.0.0.1:50685] for GET '/session/fabb2ffb76c94dcf75e21125cc463c12/screenshot'
12:25:19.354 [AsyncHttpClient-1-2] DEBUG org.asynchttpclient.netty.handler.HttpHandler - 

Request DefaultFullHttpRequest(decodeResult: success, version: HTTP/1.1, content: EmptyByteBufBE)
GET /session/fabb2ffb76c94dcf75e21125cc463c12/screenshot HTTP/1.1
User-Agent: selenium/4.4.0 (java windows)
Cache-Control: no-cache
Content-Type: application/json; charset=utf-8
host: localhost:50685
accept: */*

Response DefaultHttpResponse(decodeResult: success, version: HTTP/1.1)
HTTP/1.1 200 OK
Content-Type: application/json; charset=utf-8
cache-control: no-cache
content-length: 720868

12:25:19.359 [AsyncHttpClient-1-2] DEBUG org.asynchttpclient.netty.channel.ChannelManager - Adding key: http://localhost:50685 for channel [id: 0xb083d4ec, L:/127.0.0.1:50937 - R:localhost/127.0.0.1:50685]
12:25:19.388 [Test worker] DEBUG net.serenitybdd.core.photography.Darkroom - Send negative for processing for C:\Users\pcnit\Downloads\TestE2E\target\site\serenity\c6cf8b507ebab78aed50666d11ada7a52374c38a669e8464d2652523096d2389.png
12:25:19.403 [Forwarding getPageSource on session fabb2ffb76c94dcf75e21125cc463c12 to remote] DEBUG org.asynchttpclient.netty.request.NettyRequestSender - Using pooled Channel '[id: 0xb083d4ec, L:/127.0.0.1:50937 - R:localhost/127.0.0.1:50685]' for 'POST' to 'http://localhost:50685/session/fabb2ffb76c94dcf75e21125cc463c12/execute/sync'
12:25:19.404 [Forwarding getPageSource on session fabb2ffb76c94dcf75e21125cc463c12 to remote] DEBUG org.asynchttpclient.netty.request.NettyRequestSender - Using open Channel [id: 0xb083d4ec, L:/127.0.0.1:50937 - R:localhost/127.0.0.1:50685] for POST '/session/fabb2ffb76c94dcf75e21125cc463c12/execute/sync'
12:25:19.428 [AsyncHttpClient-1-2] DEBUG org.asynchttpclient.netty.handler.HttpHandler - 

Request DefaultHttpRequest(decodeResult: success, version: HTTP/1.1)
POST /session/fabb2ffb76c94dcf75e21125cc463c12/execute/sync HTTP/1.1
User-Agent: selenium/4.4.0 (java windows)
Content-Length: 176
Content-Type: application/json; charset=utf-8
host: localhost:50685
accept: */*

Response DefaultHttpResponse(decodeResult: success, version: HTTP/1.1)
HTTP/1.1 200 OK
Content-Type: application/json; charset=utf-8
cache-control: no-cache
content-length: 57308

12:25:19.428 [AsyncHttpClient-1-2] DEBUG org.asynchttpclient.netty.channel.ChannelManager - Adding key: http://localhost:50685 for channel [id: 0xb083d4ec, L:/127.0.0.1:50937 - R:localhost/127.0.0.1:50685]
12:25:19.458 [Forwarding getCurrentUrl on session fabb2ffb76c94dcf75e21125cc463c12 to remote] DEBUG org.asynchttpclient.netty.request.NettyRequestSender - Using pooled Channel '[id: 0xb083d4ec, L:/127.0.0.1:50937 - R:localhost/127.0.0.1:50685]' for 'GET' to 'http://localhost:50685/session/fabb2ffb76c94dcf75e21125cc463c12/url'
12:25:19.460 [Forwarding getCurrentUrl on session fabb2ffb76c94dcf75e21125cc463c12 to remote] DEBUG org.asynchttpclient.netty.request.NettyRequestSender - Using open Channel [id: 0xb083d4ec, L:/127.0.0.1:50937 - R:localhost/127.0.0.1:50685] for GET '/session/fabb2ffb76c94dcf75e21125cc463c12/url'
12:25:19.475 [AsyncHttpClient-1-2] DEBUG org.asynchttpclient.netty.handler.HttpHandler - 

Request DefaultFullHttpRequest(decodeResult: success, version: HTTP/1.1, content: EmptyByteBufBE)
GET /session/fabb2ffb76c94dcf75e21125cc463c12/url HTTP/1.1
User-Agent: selenium/4.4.0 (java windows)
Cache-Control: no-cache
Content-Type: application/json; charset=utf-8
host: localhost:50685
accept: */*

Response DefaultHttpResponse(decodeResult: success, version: HTTP/1.1)
HTTP/1.1 200 OK
Content-Type: application/json; charset=utf-8
cache-control: no-cache
content-length: 38

12:25:19.476 [AsyncHttpClient-1-2] DEBUG org.asynchttpclient.netty.channel.ChannelManager - Adding key: http://localhost:50685 for channel [id: 0xb083d4ec, L:/127.0.0.1:50937 - R:localhost/127.0.0.1:50685]
12:25:19.579 [Forwarding getCurrentWindowHandle on session fabb2ffb76c94dcf75e21125cc463c12 to remote] DEBUG org.asynchttpclient.netty.request.NettyRequestSender - Using pooled Channel '[id: 0xb083d4ec, L:/127.0.0.1:50937 - R:localhost/127.0.0.1:50685]' for 'GET' to 'http://localhost:50685/session/fabb2ffb76c94dcf75e21125cc463c12/window'
12:25:19.579 [Forwarding getCurrentWindowHandle on session fabb2ffb76c94dcf75e21125cc463c12 to remote] DEBUG org.asynchttpclient.netty.request.NettyRequestSender - Using open Channel [id: 0xb083d4ec, L:/127.0.0.1:50937 - R:localhost/127.0.0.1:50685] for GET '/session/fabb2ffb76c94dcf75e21125cc463c12/window'
12:25:19.582 [AsyncHttpClient-1-2] DEBUG org.asynchttpclient.netty.handler.HttpHandler - 

Request DefaultFullHttpRequest(decodeResult: success, version: HTTP/1.1, content: EmptyByteBufBE)
GET /session/fabb2ffb76c94dcf75e21125cc463c12/window HTTP/1.1
User-Agent: selenium/4.4.0 (java windows)
Cache-Control: no-cache
Content-Type: application/json; charset=utf-8
host: localhost:50685
accept: */*

Response DefaultHttpResponse(decodeResult: success, version: HTTP/1.1)
HTTP/1.1 200 OK
Content-Type: application/json; charset=utf-8
cache-control: no-cache
content-length: 44

12:25:19.583 [AsyncHttpClient-1-2] DEBUG org.asynchttpclient.netty.channel.ChannelManager - Adding key: http://localhost:50685 for channel [id: 0xb083d4ec, L:/127.0.0.1:50937 - R:localhost/127.0.0.1:50685]
12:25:19.597 [Forwarding getAlertText on session fabb2ffb76c94dcf75e21125cc463c12 to remote] DEBUG org.asynchttpclient.netty.request.NettyRequestSender - Using pooled Channel '[id: 0xb083d4ec, L:/127.0.0.1:50937 - R:localhost/127.0.0.1:50685]' for 'GET' to 'http://localhost:50685/session/fabb2ffb76c94dcf75e21125cc463c12/alert/text'
12:25:19.597 [Forwarding getAlertText on session fabb2ffb76c94dcf75e21125cc463c12 to remote] DEBUG org.asynchttpclient.netty.request.NettyRequestSender - Using open Channel [id: 0xb083d4ec, L:/127.0.0.1:50937 - R:localhost/127.0.0.1:50685] for GET '/session/fabb2ffb76c94dcf75e21125cc463c12/alert/text'
12:25:19.602 [AsyncHttpClient-1-2] DEBUG org.asynchttpclient.netty.handler.HttpHandler - 

Request DefaultFullHttpRequest(decodeResult: success, version: HTTP/1.1, content: EmptyByteBufBE)
GET /session/fabb2ffb76c94dcf75e21125cc463c12/alert/text HTTP/1.1
User-Agent: selenium/4.4.0 (java windows)
Cache-Control: no-cache
Content-Type: application/json; charset=utf-8
host: localhost:50685
accept: */*

Response DefaultHttpResponse(decodeResult: success, version: HTTP/1.1)
HTTP/1.1 404 Not Found
Content-Type: application/json; charset=utf-8
cache-control: no-cache
content-length: 1045

12:25:19.603 [AsyncHttpClient-1-2] DEBUG org.asynchttpclient.netty.channel.ChannelManager - Adding key: http://localhost:50685 for channel [id: 0xb083d4ec, L:/127.0.0.1:50937 - R:localhost/127.0.0.1:50685]
12:25:19.618 [Forwarding switchToWindow on session fabb2ffb76c94dcf75e21125cc463c12 to remote] DEBUG org.asynchttpclient.netty.request.NettyRequestSender - Using pooled Channel '[id: 0xb083d4ec, L:/127.0.0.1:50937 - R:localhost/127.0.0.1:50685]' for 'POST' to 'http://localhost:50685/session/fabb2ffb76c94dcf75e21125cc463c12/window'
12:25:19.618 [Forwarding switchToWindow on session fabb2ffb76c94dcf75e21125cc463c12 to remote] DEBUG org.asynchttpclient.netty.request.NettyRequestSender - Using open Channel [id: 0xb083d4ec, L:/127.0.0.1:50937 - R:localhost/127.0.0.1:50685] for POST '/session/fabb2ffb76c94dcf75e21125cc463c12/window'
12:25:19.623 [AsyncHttpClient-1-2] DEBUG org.asynchttpclient.netty.handler.HttpHandler - 

Request DefaultHttpRequest(decodeResult: success, version: HTTP/1.1)
POST /session/fabb2ffb76c94dcf75e21125cc463c12/window HTTP/1.1
User-Agent: selenium/4.4.0 (java windows)
Content-Length: 50
Content-Type: application/json; charset=utf-8
host: localhost:50685
accept: */*

Response DefaultHttpResponse(decodeResult: success, version: HTTP/1.1)
HTTP/1.1 200 OK
Content-Type: application/json; charset=utf-8
cache-control: no-cache
content-length: 14

12:25:19.623 [AsyncHttpClient-1-2] DEBUG org.asynchttpclient.netty.channel.ChannelManager - Adding key: http://localhost:50685 for channel [id: 0xb083d4ec, L:/127.0.0.1:50937 - R:localhost/127.0.0.1:50685]
12:25:19.626 [Forwarding getCurrentUrl on session fabb2ffb76c94dcf75e21125cc463c12 to remote] DEBUG org.asynchttpclient.netty.request.NettyRequestSender - Using pooled Channel '[id: 0xb083d4ec, L:/127.0.0.1:50937 - R:localhost/127.0.0.1:50685]' for 'GET' to 'http://localhost:50685/session/fabb2ffb76c94dcf75e21125cc463c12/url'
12:25:19.626 [Forwarding getCurrentUrl on session fabb2ffb76c94dcf75e21125cc463c12 to remote] DEBUG org.asynchttpclient.netty.request.NettyRequestSender - Using open Channel [id: 0xb083d4ec, L:/127.0.0.1:50937 - R:localhost/127.0.0.1:50685] for GET '/session/fabb2ffb76c94dcf75e21125cc463c12/url'
12:25:19.636 [AsyncHttpClient-1-2] DEBUG org.asynchttpclient.netty.handler.HttpHandler - 

Request DefaultFullHttpRequest(decodeResult: success, version: HTTP/1.1, content: EmptyByteBufBE)
GET /session/fabb2ffb76c94dcf75e21125cc463c12/url HTTP/1.1
User-Agent: selenium/4.4.0 (java windows)
Cache-Control: no-cache
Content-Type: application/json; charset=utf-8
host: localhost:50685
accept: */*

Response DefaultHttpResponse(decodeResult: success, version: HTTP/1.1)
HTTP/1.1 200 OK
Content-Type: application/json; charset=utf-8
cache-control: no-cache
content-length: 38

12:25:19.636 [AsyncHttpClient-1-2] DEBUG org.asynchttpclient.netty.channel.ChannelManager - Adding key: http://localhost:50685 for channel [id: 0xb083d4ec, L:/127.0.0.1:50937 - R:localhost/127.0.0.1:50685]
12:25:19.638 [Forwarding screenshot on session fabb2ffb76c94dcf75e21125cc463c12 to remote] DEBUG org.asynchttpclient.netty.request.NettyRequestSender - Using pooled Channel '[id: 0xb083d4ec, L:/127.0.0.1:50937 - R:localhost/127.0.0.1:50685]' for 'GET' to 'http://localhost:50685/session/fabb2ffb76c94dcf75e21125cc463c12/screenshot'
12:25:19.638 [Forwarding screenshot on session fabb2ffb76c94dcf75e21125cc463c12 to remote] DEBUG org.asynchttpclient.netty.request.NettyRequestSender - Using open Channel [id: 0xb083d4ec, L:/127.0.0.1:50937 - R:localhost/127.0.0.1:50685] for GET '/session/fabb2ffb76c94dcf75e21125cc463c12/screenshot'
12:25:19.814 [AsyncHttpClient-1-2] DEBUG org.asynchttpclient.netty.handler.HttpHandler - 

Request DefaultFullHttpRequest(decodeResult: success, version: HTTP/1.1, content: EmptyByteBufBE)
GET /session/fabb2ffb76c94dcf75e21125cc463c12/screenshot HTTP/1.1
User-Agent: selenium/4.4.0 (java windows)
Cache-Control: no-cache
Content-Type: application/json; charset=utf-8
host: localhost:50685
accept: */*

Response DefaultHttpResponse(decodeResult: success, version: HTTP/1.1)
HTTP/1.1 200 OK
Content-Type: application/json; charset=utf-8
cache-control: no-cache
content-length: 720868

12:25:19.825 [AsyncHttpClient-1-2] DEBUG org.asynchttpclient.netty.channel.ChannelManager - Adding key: http://localhost:50685 for channel [id: 0xb083d4ec, L:/127.0.0.1:50937 - R:localhost/127.0.0.1:50685]
12:25:19.862 [Test worker] DEBUG net.serenitybdd.core.photography.Darkroom - Send negative for processing for C:\Users\pcnit\Downloads\TestE2E\target\site\serenity\c6cf8b507ebab78aed50666d11ada7a52374c38a669e8464d2652523096d2389.png
12:25:19.879 [Forwarding getPageSource on session fabb2ffb76c94dcf75e21125cc463c12 to remote] DEBUG org.asynchttpclient.netty.request.NettyRequestSender - Using pooled Channel '[id: 0xb083d4ec, L:/127.0.0.1:50937 - R:localhost/127.0.0.1:50685]' for 'POST' to 'http://localhost:50685/session/fabb2ffb76c94dcf75e21125cc463c12/execute/sync'
12:25:19.879 [Forwarding getPageSource on session fabb2ffb76c94dcf75e21125cc463c12 to remote] DEBUG org.asynchttpclient.netty.request.NettyRequestSender - Using open Channel [id: 0xb083d4ec, L:/127.0.0.1:50937 - R:localhost/127.0.0.1:50685] for POST '/session/fabb2ffb76c94dcf75e21125cc463c12/execute/sync'
12:25:19.898 [AsyncHttpClient-1-2] DEBUG org.asynchttpclient.netty.handler.HttpHandler - 

Request DefaultHttpRequest(decodeResult: success, version: HTTP/1.1)
POST /session/fabb2ffb76c94dcf75e21125cc463c12/execute/sync HTTP/1.1
User-Agent: selenium/4.4.0 (java windows)
Content-Length: 176
Content-Type: application/json; charset=utf-8
host: localhost:50685
accept: */*

Response DefaultHttpResponse(decodeResult: success, version: HTTP/1.1)
HTTP/1.1 200 OK
Content-Type: application/json; charset=utf-8
cache-control: no-cache
content-length: 57308

12:25:19.899 [AsyncHttpClient-1-2] DEBUG org.asynchttpclient.netty.channel.ChannelManager - Adding key: http://localhost:50685 for channel [id: 0xb083d4ec, L:/127.0.0.1:50937 - R:localhost/127.0.0.1:50685]
12:25:19.916 [Forwarding getCurrentUrl on session fabb2ffb76c94dcf75e21125cc463c12 to remote] DEBUG org.asynchttpclient.netty.request.NettyRequestSender - Using pooled Channel '[id: 0xb083d4ec, L:/127.0.0.1:50937 - R:localhost/127.0.0.1:50685]' for 'GET' to 'http://localhost:50685/session/fabb2ffb76c94dcf75e21125cc463c12/url'
12:25:19.916 [Forwarding getCurrentUrl on session fabb2ffb76c94dcf75e21125cc463c12 to remote] DEBUG org.asynchttpclient.netty.request.NettyRequestSender - Using open Channel [id: 0xb083d4ec, L:/127.0.0.1:50937 - R:localhost/127.0.0.1:50685] for GET '/session/fabb2ffb76c94dcf75e21125cc463c12/url'
12:25:19.931 [AsyncHttpClient-1-2] DEBUG org.asynchttpclient.netty.handler.HttpHandler - 

Request DefaultFullHttpRequest(decodeResult: success, version: HTTP/1.1, content: EmptyByteBufBE)
GET /session/fabb2ffb76c94dcf75e21125cc463c12/url HTTP/1.1
User-Agent: selenium/4.4.0 (java windows)
Cache-Control: no-cache
Content-Type: application/json; charset=utf-8
host: localhost:50685
accept: */*

Response DefaultHttpResponse(decodeResult: success, version: HTTP/1.1)
HTTP/1.1 200 OK
Content-Type: application/json; charset=utf-8
cache-control: no-cache
content-length: 38

12:25:19.932 [AsyncHttpClient-1-2] DEBUG org.asynchttpclient.netty.channel.ChannelManager - Adding key: http://localhost:50685 for channel [id: 0xb083d4ec, L:/127.0.0.1:50937 - R:localhost/127.0.0.1:50685]
12:25:19.943 [Test worker] DEBUG net.thucydides.core.steps.StepInterceptor - STARTING STEP: CompleteStep.login - performAs
12:25:19.981 [AsyncHttpClient-1-1] DEBUG org.asynchttpclient.netty.channel.DefaultChannelPool - Entry count for : http://localhost:50938 : 1
12:25:19.982 [AsyncHttpClient-1-1] DEBUG org.asynchttpclient.netty.channel.DefaultChannelPool - Entry count for : http://localhost:50685 : 1
12:25:20.096 [Test worker] DEBUG net.serenitybdd.screenplay.targets.IFrameSwitcher - default content already selected for selecciona en el modal la opcion login
12:25:20.111 [Forwarding findElements on session fabb2ffb76c94dcf75e21125cc463c12 to remote] DEBUG org.asynchttpclient.netty.request.NettyRequestSender - Using pooled Channel '[id: 0xb083d4ec, L:/127.0.0.1:50937 - R:localhost/127.0.0.1:50685]' for 'POST' to 'http://localhost:50685/session/fabb2ffb76c94dcf75e21125cc463c12/elements'
12:25:20.112 [Forwarding findElements on session fabb2ffb76c94dcf75e21125cc463c12 to remote] DEBUG org.asynchttpclient.netty.request.NettyRequestSender - Using open Channel [id: 0xb083d4ec, L:/127.0.0.1:50937 - R:localhost/127.0.0.1:50685] for POST '/session/fabb2ffb76c94dcf75e21125cc463c12/elements'
12:25:20.152 [AsyncHttpClient-1-2] DEBUG org.asynchttpclient.netty.handler.HttpHandler - 

Request DefaultHttpRequest(decodeResult: success, version: HTTP/1.1)
POST /session/fabb2ffb76c94dcf75e21125cc463c12/elements HTTP/1.1
User-Agent: selenium/4.4.0 (java windows)
Content-Length: 51
Content-Type: application/json; charset=utf-8
host: localhost:50685
accept: */*

Response DefaultHttpResponse(decodeResult: success, version: HTTP/1.1)
HTTP/1.1 200 OK
Content-Type: application/json; charset=utf-8
cache-control: no-cache
content-length: 128

12:25:20.152 [AsyncHttpClient-1-2] DEBUG org.asynchttpclient.netty.channel.ChannelManager - Adding key: http://localhost:50685 for channel [id: 0xb083d4ec, L:/127.0.0.1:50937 - R:localhost/127.0.0.1:50685]
12:25:20.214 [Forwarding isElementDisplayed on session fabb2ffb76c94dcf75e21125cc463c12 to remote] DEBUG org.asynchttpclient.netty.request.NettyRequestSender - Using pooled Channel '[id: 0xb083d4ec, L:/127.0.0.1:50937 - R:localhost/127.0.0.1:50685]' for 'POST' to 'http://localhost:50685/session/fabb2ffb76c94dcf75e21125cc463c12/execute/sync'
12:25:20.215 [Forwarding isElementDisplayed on session fabb2ffb76c94dcf75e21125cc463c12 to remote] DEBUG org.asynchttpclient.netty.request.NettyRequestSender - Using open Channel [id: 0xb083d4ec, L:/127.0.0.1:50937 - R:localhost/127.0.0.1:50685] for POST '/session/fabb2ffb76c94dcf75e21125cc463c12/execute/sync'
12:25:20.248 [AsyncHttpClient-1-2] DEBUG org.asynchttpclient.netty.handler.HttpHandler - 

Request DefaultHttpRequest(decodeResult: success, version: HTTP/1.1)
POST /session/fabb2ffb76c94dcf75e21125cc463c12/execute/sync HTTP/1.1
User-Agent: selenium/4.4.0 (java windows)
Content-Length: 48818
Content-Type: application/json; charset=utf-8
host: localhost:50685
accept: */*

Response DefaultHttpResponse(decodeResult: success, version: HTTP/1.1)
HTTP/1.1 200 OK
Content-Type: application/json; charset=utf-8
cache-control: no-cache
content-length: 14

12:25:20.249 [AsyncHttpClient-1-2] DEBUG org.asynchttpclient.netty.channel.ChannelManager - Adding key: http://localhost:50685 for channel [id: 0xb083d4ec, L:/127.0.0.1:50937 - R:localhost/127.0.0.1:50685]
12:25:20.263 [Forwarding isElementDisplayed on session fabb2ffb76c94dcf75e21125cc463c12 to remote] DEBUG org.asynchttpclient.netty.request.NettyRequestSender - Using pooled Channel '[id: 0xb083d4ec, L:/127.0.0.1:50937 - R:localhost/127.0.0.1:50685]' for 'POST' to 'http://localhost:50685/session/fabb2ffb76c94dcf75e21125cc463c12/execute/sync'
12:25:20.263 [Forwarding isElementDisplayed on session fabb2ffb76c94dcf75e21125cc463c12 to remote] DEBUG org.asynchttpclient.netty.request.NettyRequestSender - Using open Channel [id: 0xb083d4ec, L:/127.0.0.1:50937 - R:localhost/127.0.0.1:50685] for POST '/session/fabb2ffb76c94dcf75e21125cc463c12/execute/sync'
12:25:20.275 [AsyncHttpClient-1-2] DEBUG org.asynchttpclient.netty.handler.HttpHandler - 

Request DefaultHttpRequest(decodeResult: success, version: HTTP/1.1)
POST /session/fabb2ffb76c94dcf75e21125cc463c12/execute/sync HTTP/1.1
User-Agent: selenium/4.4.0 (java windows)
Content-Length: 48818
Content-Type: application/json; charset=utf-8
host: localhost:50685
accept: */*

Response DefaultHttpResponse(decodeResult: success, version: HTTP/1.1)
HTTP/1.1 200 OK
Content-Type: application/json; charset=utf-8
cache-control: no-cache
content-length: 14

12:25:20.276 [AsyncHttpClient-1-2] DEBUG org.asynchttpclient.netty.channel.ChannelManager - Adding key: http://localhost:50685 for channel [id: 0xb083d4ec, L:/127.0.0.1:50937 - R:localhost/127.0.0.1:50685]
12:25:20.334 [Forwarding getCurrentWindowHandle on session fabb2ffb76c94dcf75e21125cc463c12 to remote] DEBUG org.asynchttpclient.netty.request.NettyRequestSender - Using pooled Channel '[id: 0xb083d4ec, L:/127.0.0.1:50937 - R:localhost/127.0.0.1:50685]' for 'GET' to 'http://localhost:50685/session/fabb2ffb76c94dcf75e21125cc463c12/window'
12:25:20.334 [Forwarding getCurrentWindowHandle on session fabb2ffb76c94dcf75e21125cc463c12 to remote] DEBUG org.asynchttpclient.netty.request.NettyRequestSender - Using open Channel [id: 0xb083d4ec, L:/127.0.0.1:50937 - R:localhost/127.0.0.1:50685] for GET '/session/fabb2ffb76c94dcf75e21125cc463c12/window'
12:25:20.337 [AsyncHttpClient-1-2] DEBUG org.asynchttpclient.netty.handler.HttpHandler - 

Request DefaultFullHttpRequest(decodeResult: success, version: HTTP/1.1, content: EmptyByteBufBE)
GET /session/fabb2ffb76c94dcf75e21125cc463c12/window HTTP/1.1
User-Agent: selenium/4.4.0 (java windows)
Cache-Control: no-cache
Content-Type: application/json; charset=utf-8
host: localhost:50685
accept: */*

Response DefaultHttpResponse(decodeResult: success, version: HTTP/1.1)
HTTP/1.1 200 OK
Content-Type: application/json; charset=utf-8
cache-control: no-cache
content-length: 44

12:25:20.338 [AsyncHttpClient-1-2] DEBUG org.asynchttpclient.netty.channel.ChannelManager - Adding key: http://localhost:50685 for channel [id: 0xb083d4ec, L:/127.0.0.1:50937 - R:localhost/127.0.0.1:50685]
12:25:20.355 [Forwarding getAlertText on session fabb2ffb76c94dcf75e21125cc463c12 to remote] DEBUG org.asynchttpclient.netty.request.NettyRequestSender - Using pooled Channel '[id: 0xb083d4ec, L:/127.0.0.1:50937 - R:localhost/127.0.0.1:50685]' for 'GET' to 'http://localhost:50685/session/fabb2ffb76c94dcf75e21125cc463c12/alert/text'
12:25:20.355 [Forwarding getAlertText on session fabb2ffb76c94dcf75e21125cc463c12 to remote] DEBUG org.asynchttpclient.netty.request.NettyRequestSender - Using open Channel [id: 0xb083d4ec, L:/127.0.0.1:50937 - R:localhost/127.0.0.1:50685] for GET '/session/fabb2ffb76c94dcf75e21125cc463c12/alert/text'
12:25:20.365 [AsyncHttpClient-1-2] DEBUG org.asynchttpclient.netty.handler.HttpHandler - 

Request DefaultFullHttpRequest(decodeResult: success, version: HTTP/1.1, content: EmptyByteBufBE)
GET /session/fabb2ffb76c94dcf75e21125cc463c12/alert/text HTTP/1.1
User-Agent: selenium/4.4.0 (java windows)
Cache-Control: no-cache
Content-Type: application/json; charset=utf-8
host: localhost:50685
accept: */*

Response DefaultHttpResponse(decodeResult: success, version: HTTP/1.1)
HTTP/1.1 404 Not Found
Content-Type: application/json; charset=utf-8
cache-control: no-cache
content-length: 1045

12:25:20.366 [AsyncHttpClient-1-2] DEBUG org.asynchttpclient.netty.channel.ChannelManager - Adding key: http://localhost:50685 for channel [id: 0xb083d4ec, L:/127.0.0.1:50937 - R:localhost/127.0.0.1:50685]
12:25:20.383 [Forwarding switchToWindow on session fabb2ffb76c94dcf75e21125cc463c12 to remote] DEBUG org.asynchttpclient.netty.request.NettyRequestSender - Using pooled Channel '[id: 0xb083d4ec, L:/127.0.0.1:50937 - R:localhost/127.0.0.1:50685]' for 'POST' to 'http://localhost:50685/session/fabb2ffb76c94dcf75e21125cc463c12/window'
12:25:20.383 [Forwarding switchToWindow on session fabb2ffb76c94dcf75e21125cc463c12 to remote] DEBUG org.asynchttpclient.netty.request.NettyRequestSender - Using open Channel [id: 0xb083d4ec, L:/127.0.0.1:50937 - R:localhost/127.0.0.1:50685] for POST '/session/fabb2ffb76c94dcf75e21125cc463c12/window'
12:25:20.391 [AsyncHttpClient-1-2] DEBUG org.asynchttpclient.netty.handler.HttpHandler - 

Request DefaultHttpRequest(decodeResult: success, version: HTTP/1.1)
POST /session/fabb2ffb76c94dcf75e21125cc463c12/window HTTP/1.1
User-Agent: selenium/4.4.0 (java windows)
Content-Length: 50
Content-Type: application/json; charset=utf-8
host: localhost:50685
accept: */*

Response DefaultHttpResponse(decodeResult: success, version: HTTP/1.1)
HTTP/1.1 200 OK
Content-Type: application/json; charset=utf-8
cache-control: no-cache
content-length: 14

12:25:20.392 [AsyncHttpClient-1-2] DEBUG org.asynchttpclient.netty.channel.ChannelManager - Adding key: http://localhost:50685 for channel [id: 0xb083d4ec, L:/127.0.0.1:50937 - R:localhost/127.0.0.1:50685]
12:25:20.395 [Forwarding getCurrentUrl on session fabb2ffb76c94dcf75e21125cc463c12 to remote] DEBUG org.asynchttpclient.netty.request.NettyRequestSender - Using pooled Channel '[id: 0xb083d4ec, L:/127.0.0.1:50937 - R:localhost/127.0.0.1:50685]' for 'GET' to 'http://localhost:50685/session/fabb2ffb76c94dcf75e21125cc463c12/url'
12:25:20.395 [Forwarding getCurrentUrl on session fabb2ffb76c94dcf75e21125cc463c12 to remote] DEBUG org.asynchttpclient.netty.request.NettyRequestSender - Using open Channel [id: 0xb083d4ec, L:/127.0.0.1:50937 - R:localhost/127.0.0.1:50685] for GET '/session/fabb2ffb76c94dcf75e21125cc463c12/url'
12:25:20.410 [AsyncHttpClient-1-2] DEBUG org.asynchttpclient.netty.handler.HttpHandler - 

Request DefaultFullHttpRequest(decodeResult: success, version: HTTP/1.1, content: EmptyByteBufBE)
GET /session/fabb2ffb76c94dcf75e21125cc463c12/url HTTP/1.1
User-Agent: selenium/4.4.0 (java windows)
Cache-Control: no-cache
Content-Type: application/json; charset=utf-8
host: localhost:50685
accept: */*

Response DefaultHttpResponse(decodeResult: success, version: HTTP/1.1)
HTTP/1.1 200 OK
Content-Type: application/json; charset=utf-8
cache-control: no-cache
content-length: 38

12:25:20.411 [AsyncHttpClient-1-2] DEBUG org.asynchttpclient.netty.channel.ChannelManager - Adding key: http://localhost:50685 for channel [id: 0xb083d4ec, L:/127.0.0.1:50937 - R:localhost/127.0.0.1:50685]
12:25:20.414 [Forwarding screenshot on session fabb2ffb76c94dcf75e21125cc463c12 to remote] DEBUG org.asynchttpclient.netty.request.NettyRequestSender - Using pooled Channel '[id: 0xb083d4ec, L:/127.0.0.1:50937 - R:localhost/127.0.0.1:50685]' for 'GET' to 'http://localhost:50685/session/fabb2ffb76c94dcf75e21125cc463c12/screenshot'
12:25:20.415 [Forwarding screenshot on session fabb2ffb76c94dcf75e21125cc463c12 to remote] DEBUG org.asynchttpclient.netty.request.NettyRequestSender - Using open Channel [id: 0xb083d4ec, L:/127.0.0.1:50937 - R:localhost/127.0.0.1:50685] for GET '/session/fabb2ffb76c94dcf75e21125cc463c12/screenshot'
12:25:20.604 [AsyncHttpClient-1-2] DEBUG org.asynchttpclient.netty.handler.HttpHandler - 

Request DefaultFullHttpRequest(decodeResult: success, version: HTTP/1.1, content: EmptyByteBufBE)
GET /session/fabb2ffb76c94dcf75e21125cc463c12/screenshot HTTP/1.1
User-Agent: selenium/4.4.0 (java windows)
Cache-Control: no-cache
Content-Type: application/json; charset=utf-8
host: localhost:50685
accept: */*

Response DefaultHttpResponse(decodeResult: success, version: HTTP/1.1)
HTTP/1.1 200 OK
Content-Type: application/json; charset=utf-8
cache-control: no-cache
content-length: 720868

12:25:20.625 [AsyncHttpClient-1-2] DEBUG org.asynchttpclient.netty.channel.ChannelManager - Adding key: http://localhost:50685 for channel [id: 0xb083d4ec, L:/127.0.0.1:50937 - R:localhost/127.0.0.1:50685]
12:25:20.647 [Test worker] DEBUG net.serenitybdd.core.photography.Darkroom - Send negative for processing for C:\Users\pcnit\Downloads\TestE2E\target\site\serenity\c6cf8b507ebab78aed50666d11ada7a52374c38a669e8464d2652523096d2389.png
12:25:20.655 [Forwarding getPageSource on session fabb2ffb76c94dcf75e21125cc463c12 to remote] DEBUG org.asynchttpclient.netty.request.NettyRequestSender - Using pooled Channel '[id: 0xb083d4ec, L:/127.0.0.1:50937 - R:localhost/127.0.0.1:50685]' for 'POST' to 'http://localhost:50685/session/fabb2ffb76c94dcf75e21125cc463c12/execute/sync'
12:25:20.656 [Forwarding getPageSource on session fabb2ffb76c94dcf75e21125cc463c12 to remote] DEBUG org.asynchttpclient.netty.request.NettyRequestSender - Using open Channel [id: 0xb083d4ec, L:/127.0.0.1:50937 - R:localhost/127.0.0.1:50685] for POST '/session/fabb2ffb76c94dcf75e21125cc463c12/execute/sync'
12:25:20.680 [AsyncHttpClient-1-2] DEBUG org.asynchttpclient.netty.handler.HttpHandler - 

Request DefaultHttpRequest(decodeResult: success, version: HTTP/1.1)
POST /session/fabb2ffb76c94dcf75e21125cc463c12/execute/sync HTTP/1.1
User-Agent: selenium/4.4.0 (java windows)
Content-Length: 176
Content-Type: application/json; charset=utf-8
host: localhost:50685
accept: */*

Response DefaultHttpResponse(decodeResult: success, version: HTTP/1.1)
HTTP/1.1 200 OK
Content-Type: application/json; charset=utf-8
cache-control: no-cache
content-length: 57308

12:25:20.680 [AsyncHttpClient-1-2] DEBUG org.asynchttpclient.netty.channel.ChannelManager - Adding key: http://localhost:50685 for channel [id: 0xb083d4ec, L:/127.0.0.1:50937 - R:localhost/127.0.0.1:50685]
12:25:20.692 [Forwarding getCurrentUrl on session fabb2ffb76c94dcf75e21125cc463c12 to remote] DEBUG org.asynchttpclient.netty.request.NettyRequestSender - Using pooled Channel '[id: 0xb083d4ec, L:/127.0.0.1:50937 - R:localhost/127.0.0.1:50685]' for 'GET' to 'http://localhost:50685/session/fabb2ffb76c94dcf75e21125cc463c12/url'
12:25:20.693 [Forwarding getCurrentUrl on session fabb2ffb76c94dcf75e21125cc463c12 to remote] DEBUG org.asynchttpclient.netty.request.NettyRequestSender - Using open Channel [id: 0xb083d4ec, L:/127.0.0.1:50937 - R:localhost/127.0.0.1:50685] for GET '/session/fabb2ffb76c94dcf75e21125cc463c12/url'
12:25:20.747 [AsyncHttpClient-1-2] DEBUG org.asynchttpclient.netty.handler.HttpHandler - 

Request DefaultFullHttpRequest(decodeResult: success, version: HTTP/1.1, content: EmptyByteBufBE)
GET /session/fabb2ffb76c94dcf75e21125cc463c12/url HTTP/1.1
User-Agent: selenium/4.4.0 (java windows)
Cache-Control: no-cache
Content-Type: application/json; charset=utf-8
host: localhost:50685
accept: */*

Response DefaultHttpResponse(decodeResult: success, version: HTTP/1.1)
HTTP/1.1 200 OK
Content-Type: application/json; charset=utf-8
cache-control: no-cache
content-length: 38

12:25:20.748 [AsyncHttpClient-1-2] DEBUG org.asynchttpclient.netty.channel.ChannelManager - Adding key: http://localhost:50685 for channel [id: 0xb083d4ec, L:/127.0.0.1:50937 - R:localhost/127.0.0.1:50685]
12:25:20.754 [Test worker] DEBUG net.thucydides.core.steps.StepInterceptor - STARTING STEP: Login.performAs - {0} clicks on #target
12:25:20.756 [Test worker] DEBUG net.serenitybdd.screenplay.targets.IFrameSwitcher - default content already selected for selecciona en el modal la opcion login
12:25:21.077 [AsyncHttpClient-1-1] DEBUG org.asynchttpclient.netty.channel.DefaultChannelPool - Entry count for : http://localhost:50938 : 1
12:25:21.077 [AsyncHttpClient-1-1] DEBUG org.asynchttpclient.netty.channel.DefaultChannelPool - Entry count for : http://localhost:50685 : 1
12:25:21.107 [Forwarding findElement on session fabb2ffb76c94dcf75e21125cc463c12 to remote] DEBUG org.asynchttpclient.netty.request.NettyRequestSender - Using pooled Channel '[id: 0xb083d4ec, L:/127.0.0.1:50937 - R:localhost/127.0.0.1:50685]' for 'POST' to 'http://localhost:50685/session/fabb2ffb76c94dcf75e21125cc463c12/element'
12:25:21.107 [Forwarding findElement on session fabb2ffb76c94dcf75e21125cc463c12 to remote] DEBUG org.asynchttpclient.netty.request.NettyRequestSender - Using open Channel [id: 0xb083d4ec, L:/127.0.0.1:50937 - R:localhost/127.0.0.1:50685] for POST '/session/fabb2ffb76c94dcf75e21125cc463c12/element'
12:25:21.163 [AsyncHttpClient-1-2] DEBUG org.asynchttpclient.netty.handler.HttpHandler - 

Request DefaultHttpRequest(decodeResult: success, version: HTTP/1.1)
POST /session/fabb2ffb76c94dcf75e21125cc463c12/element HTTP/1.1
User-Agent: selenium/4.4.0 (java windows)
Content-Length: 51
Content-Type: application/json; charset=utf-8
host: localhost:50685
accept: */*

Response DefaultHttpResponse(decodeResult: success, version: HTTP/1.1)
HTTP/1.1 200 OK
Content-Type: application/json; charset=utf-8
cache-control: no-cache
content-length: 126

12:25:21.164 [AsyncHttpClient-1-2] DEBUG org.asynchttpclient.netty.channel.ChannelManager - Adding key: http://localhost:50685 for channel [id: 0xb083d4ec, L:/127.0.0.1:50937 - R:localhost/127.0.0.1:50685]
12:25:21.178 [Forwarding isElementDisplayed on session fabb2ffb76c94dcf75e21125cc463c12 to remote] DEBUG org.asynchttpclient.netty.request.NettyRequestSender - Using pooled Channel '[id: 0xb083d4ec, L:/127.0.0.1:50937 - R:localhost/127.0.0.1:50685]' for 'POST' to 'http://localhost:50685/session/fabb2ffb76c94dcf75e21125cc463c12/execute/sync'
12:25:21.178 [Forwarding isElementDisplayed on session fabb2ffb76c94dcf75e21125cc463c12 to remote] DEBUG org.asynchttpclient.netty.request.NettyRequestSender - Using open Channel [id: 0xb083d4ec, L:/127.0.0.1:50937 - R:localhost/127.0.0.1:50685] for POST '/session/fabb2ffb76c94dcf75e21125cc463c12/execute/sync'
12:25:21.193 [AsyncHttpClient-1-2] DEBUG org.asynchttpclient.netty.handler.HttpHandler - 

Request DefaultHttpRequest(decodeResult: success, version: HTTP/1.1)
POST /session/fabb2ffb76c94dcf75e21125cc463c12/execute/sync HTTP/1.1
User-Agent: selenium/4.4.0 (java windows)
Content-Length: 48818
Content-Type: application/json; charset=utf-8
host: localhost:50685
accept: */*

Response DefaultHttpResponse(decodeResult: success, version: HTTP/1.1)
HTTP/1.1 200 OK
Content-Type: application/json; charset=utf-8
cache-control: no-cache
content-length: 14

12:25:21.193 [AsyncHttpClient-1-2] DEBUG org.asynchttpclient.netty.channel.ChannelManager - Adding key: http://localhost:50685 for channel [id: 0xb083d4ec, L:/127.0.0.1:50937 - R:localhost/127.0.0.1:50685]
12:25:21.229 [Forwarding findElement on session fabb2ffb76c94dcf75e21125cc463c12 to remote] DEBUG org.asynchttpclient.netty.request.NettyRequestSender - Using pooled Channel '[id: 0xb083d4ec, L:/127.0.0.1:50937 - R:localhost/127.0.0.1:50685]' for 'POST' to 'http://localhost:50685/session/fabb2ffb76c94dcf75e21125cc463c12/element'
12:25:21.229 [Forwarding findElement on session fabb2ffb76c94dcf75e21125cc463c12 to remote] DEBUG org.asynchttpclient.netty.request.NettyRequestSender - Using open Channel [id: 0xb083d4ec, L:/127.0.0.1:50937 - R:localhost/127.0.0.1:50685] for POST '/session/fabb2ffb76c94dcf75e21125cc463c12/element'
12:25:21.239 [AsyncHttpClient-1-2] DEBUG org.asynchttpclient.netty.handler.HttpHandler - 

Request DefaultHttpRequest(decodeResult: success, version: HTTP/1.1)
POST /session/fabb2ffb76c94dcf75e21125cc463c12/element HTTP/1.1
User-Agent: selenium/4.4.0 (java windows)
Content-Length: 51
Content-Type: application/json; charset=utf-8
host: localhost:50685
accept: */*

Response DefaultHttpResponse(decodeResult: success, version: HTTP/1.1)
HTTP/1.1 200 OK
Content-Type: application/json; charset=utf-8
cache-control: no-cache
content-length: 126

12:25:21.239 [AsyncHttpClient-1-2] DEBUG org.asynchttpclient.netty.channel.ChannelManager - Adding key: http://localhost:50685 for channel [id: 0xb083d4ec, L:/127.0.0.1:50937 - R:localhost/127.0.0.1:50685]
12:25:21.245 [Forwarding clickElement on session fabb2ffb76c94dcf75e21125cc463c12 to remote] DEBUG org.asynchttpclient.netty.request.NettyRequestSender - Using pooled Channel '[id: 0xb083d4ec, L:/127.0.0.1:50937 - R:localhost/127.0.0.1:50685]' for 'POST' to 'http://localhost:50685/session/fabb2ffb76c94dcf75e21125cc463c12/element/f.7E9A709675F02E7E9E4ECE1EF325ABA8.d.DF3178B062932CD9FB415EEC70DB0770.e.83/click'
12:25:21.245 [Forwarding clickElement on session fabb2ffb76c94dcf75e21125cc463c12 to remote] DEBUG org.asynchttpclient.netty.request.NettyRequestSender - Using open Channel [id: 0xb083d4ec, L:/127.0.0.1:50937 - R:localhost/127.0.0.1:50685] for POST '/session/fabb2ffb76c94dcf75e21125cc463c12/element/f.7E9A709675F02E7E9E4ECE1EF325ABA8.d.DF3178B062932CD9FB415EEC70DB0770.e.83/click'
12:25:21.322 [AsyncHttpClient-1-2] DEBUG org.asynchttpclient.netty.handler.HttpHandler - 

Request DefaultHttpRequest(decodeResult: success, version: HTTP/1.1)
POST /session/fabb2ffb76c94dcf75e21125cc463c12/element/f.7E9A709675F02E7E9E4ECE1EF325ABA8.d.DF3178B062932CD9FB415EEC70DB0770.e.83/click HTTP/1.1
User-Agent: selenium/4.4.0 (java windows)
Content-Length: 88
Content-Type: application/json; charset=utf-8
host: localhost:50685
accept: */*

Response DefaultHttpResponse(decodeResult: success, version: HTTP/1.1)
HTTP/1.1 200 OK
Content-Type: application/json; charset=utf-8
cache-control: no-cache
content-length: 14

12:25:21.322 [AsyncHttpClient-1-2] DEBUG org.asynchttpclient.netty.channel.ChannelManager - Adding key: http://localhost:50685 for channel [id: 0xb083d4ec, L:/127.0.0.1:50937 - R:localhost/127.0.0.1:50685]
12:25:21.386 [Forwarding getCurrentWindowHandle on session fabb2ffb76c94dcf75e21125cc463c12 to remote] DEBUG org.asynchttpclient.netty.request.NettyRequestSender - Using pooled Channel '[id: 0xb083d4ec, L:/127.0.0.1:50937 - R:localhost/127.0.0.1:50685]' for 'GET' to 'http://localhost:50685/session/fabb2ffb76c94dcf75e21125cc463c12/window'
12:25:21.386 [Forwarding getCurrentWindowHandle on session fabb2ffb76c94dcf75e21125cc463c12 to remote] DEBUG org.asynchttpclient.netty.request.NettyRequestSender - Using open Channel [id: 0xb083d4ec, L:/127.0.0.1:50937 - R:localhost/127.0.0.1:50685] for GET '/session/fabb2ffb76c94dcf75e21125cc463c12/window'
12:25:21.393 [AsyncHttpClient-1-2] DEBUG org.asynchttpclient.netty.handler.HttpHandler - 

Request DefaultFullHttpRequest(decodeResult: success, version: HTTP/1.1, content: EmptyByteBufBE)
GET /session/fabb2ffb76c94dcf75e21125cc463c12/window HTTP/1.1
User-Agent: selenium/4.4.0 (java windows)
Cache-Control: no-cache
Content-Type: application/json; charset=utf-8
host: localhost:50685
accept: */*

Response DefaultHttpResponse(decodeResult: success, version: HTTP/1.1)
HTTP/1.1 200 OK
Content-Type: application/json; charset=utf-8
cache-control: no-cache
content-length: 44

12:25:21.393 [AsyncHttpClient-1-2] DEBUG org.asynchttpclient.netty.channel.ChannelManager - Adding key: http://localhost:50685 for channel [id: 0xb083d4ec, L:/127.0.0.1:50937 - R:localhost/127.0.0.1:50685]
12:25:21.409 [Forwarding getAlertText on session fabb2ffb76c94dcf75e21125cc463c12 to remote] DEBUG org.asynchttpclient.netty.request.NettyRequestSender - Using pooled Channel '[id: 0xb083d4ec, L:/127.0.0.1:50937 - R:localhost/127.0.0.1:50685]' for 'GET' to 'http://localhost:50685/session/fabb2ffb76c94dcf75e21125cc463c12/alert/text'
12:25:21.409 [Forwarding getAlertText on session fabb2ffb76c94dcf75e21125cc463c12 to remote] DEBUG org.asynchttpclient.netty.request.NettyRequestSender - Using open Channel [id: 0xb083d4ec, L:/127.0.0.1:50937 - R:localhost/127.0.0.1:50685] for GET '/session/fabb2ffb76c94dcf75e21125cc463c12/alert/text'
12:25:21.415 [AsyncHttpClient-1-2] DEBUG org.asynchttpclient.netty.handler.HttpHandler - 

Request DefaultFullHttpRequest(decodeResult: success, version: HTTP/1.1, content: EmptyByteBufBE)
GET /session/fabb2ffb76c94dcf75e21125cc463c12/alert/text HTTP/1.1
User-Agent: selenium/4.4.0 (java windows)
Cache-Control: no-cache
Content-Type: application/json; charset=utf-8
host: localhost:50685
accept: */*

Response DefaultHttpResponse(decodeResult: success, version: HTTP/1.1)
HTTP/1.1 404 Not Found
Content-Type: application/json; charset=utf-8
cache-control: no-cache
content-length: 1045

12:25:21.415 [AsyncHttpClient-1-2] DEBUG org.asynchttpclient.netty.channel.ChannelManager - Adding key: http://localhost:50685 for channel [id: 0xb083d4ec, L:/127.0.0.1:50937 - R:localhost/127.0.0.1:50685]
12:25:21.435 [Forwarding switchToWindow on session fabb2ffb76c94dcf75e21125cc463c12 to remote] DEBUG org.asynchttpclient.netty.request.NettyRequestSender - Using pooled Channel '[id: 0xb083d4ec, L:/127.0.0.1:50937 - R:localhost/127.0.0.1:50685]' for 'POST' to 'http://localhost:50685/session/fabb2ffb76c94dcf75e21125cc463c12/window'
12:25:21.435 [Forwarding switchToWindow on session fabb2ffb76c94dcf75e21125cc463c12 to remote] DEBUG org.asynchttpclient.netty.request.NettyRequestSender - Using open Channel [id: 0xb083d4ec, L:/127.0.0.1:50937 - R:localhost/127.0.0.1:50685] for POST '/session/fabb2ffb76c94dcf75e21125cc463c12/window'
12:25:21.441 [AsyncHttpClient-1-2] DEBUG org.asynchttpclient.netty.handler.HttpHandler - 

Request DefaultHttpRequest(decodeResult: success, version: HTTP/1.1)
POST /session/fabb2ffb76c94dcf75e21125cc463c12/window HTTP/1.1
User-Agent: selenium/4.4.0 (java windows)
Content-Length: 50
Content-Type: application/json; charset=utf-8
host: localhost:50685
accept: */*

Response DefaultHttpResponse(decodeResult: success, version: HTTP/1.1)
HTTP/1.1 200 OK
Content-Type: application/json; charset=utf-8
cache-control: no-cache
content-length: 14

12:25:21.441 [AsyncHttpClient-1-2] DEBUG org.asynchttpclient.netty.channel.ChannelManager - Adding key: http://localhost:50685 for channel [id: 0xb083d4ec, L:/127.0.0.1:50937 - R:localhost/127.0.0.1:50685]
12:25:21.447 [Forwarding getCurrentUrl on session fabb2ffb76c94dcf75e21125cc463c12 to remote] DEBUG org.asynchttpclient.netty.request.NettyRequestSender - Using pooled Channel '[id: 0xb083d4ec, L:/127.0.0.1:50937 - R:localhost/127.0.0.1:50685]' for 'GET' to 'http://localhost:50685/session/fabb2ffb76c94dcf75e21125cc463c12/url'
12:25:21.447 [Forwarding getCurrentUrl on session fabb2ffb76c94dcf75e21125cc463c12 to remote] DEBUG org.asynchttpclient.netty.request.NettyRequestSender - Using open Channel [id: 0xb083d4ec, L:/127.0.0.1:50937 - R:localhost/127.0.0.1:50685] for GET '/session/fabb2ffb76c94dcf75e21125cc463c12/url'
12:25:21.462 [AsyncHttpClient-1-2] DEBUG org.asynchttpclient.netty.handler.HttpHandler - 

Request DefaultFullHttpRequest(decodeResult: success, version: HTTP/1.1, content: EmptyByteBufBE)
GET /session/fabb2ffb76c94dcf75e21125cc463c12/url HTTP/1.1
User-Agent: selenium/4.4.0 (java windows)
Cache-Control: no-cache
Content-Type: application/json; charset=utf-8
host: localhost:50685
accept: */*

Response DefaultHttpResponse(decodeResult: success, version: HTTP/1.1)
HTTP/1.1 200 OK
Content-Type: application/json; charset=utf-8
cache-control: no-cache
content-length: 38

12:25:21.463 [AsyncHttpClient-1-2] DEBUG org.asynchttpclient.netty.channel.ChannelManager - Adding key: http://localhost:50685 for channel [id: 0xb083d4ec, L:/127.0.0.1:50937 - R:localhost/127.0.0.1:50685]
12:25:21.467 [Forwarding screenshot on session fabb2ffb76c94dcf75e21125cc463c12 to remote] DEBUG org.asynchttpclient.netty.request.NettyRequestSender - Using pooled Channel '[id: 0xb083d4ec, L:/127.0.0.1:50937 - R:localhost/127.0.0.1:50685]' for 'GET' to 'http://localhost:50685/session/fabb2ffb76c94dcf75e21125cc463c12/screenshot'
12:25:21.467 [Forwarding screenshot on session fabb2ffb76c94dcf75e21125cc463c12 to remote] DEBUG org.asynchttpclient.netty.request.NettyRequestSender - Using open Channel [id: 0xb083d4ec, L:/127.0.0.1:50937 - R:localhost/127.0.0.1:50685] for GET '/session/fabb2ffb76c94dcf75e21125cc463c12/screenshot'
12:25:21.672 [AsyncHttpClient-1-2] DEBUG org.asynchttpclient.netty.handler.HttpHandler - 

Request DefaultFullHttpRequest(decodeResult: success, version: HTTP/1.1, content: EmptyByteBufBE)
GET /session/fabb2ffb76c94dcf75e21125cc463c12/screenshot HTTP/1.1
User-Agent: selenium/4.4.0 (java windows)
Cache-Control: no-cache
Content-Type: application/json; charset=utf-8
host: localhost:50685
accept: */*

Response DefaultHttpResponse(decodeResult: success, version: HTTP/1.1)
HTTP/1.1 200 OK
Content-Type: application/json; charset=utf-8
cache-control: no-cache
content-length: 535788

12:25:21.686 [AsyncHttpClient-1-2] DEBUG org.asynchttpclient.netty.channel.ChannelManager - Adding key: http://localhost:50685 for channel [id: 0xb083d4ec, L:/127.0.0.1:50937 - R:localhost/127.0.0.1:50685]
12:25:21.710 [Test worker] DEBUG net.serenitybdd.core.photography.Darkroom - Send negative for processing for C:\Users\pcnit\Downloads\TestE2E\target\site\serenity\828d8af3ec6da60e49267a8bd3b99a1d065e6c2f362a86eaaaf14e9865e8fb9d.png
12:25:21.711 [Darkroom Processing Line] DEBUG net.serenitybdd.core.photography.DarkroomProcessingLine - Processing screenshot image in /var/screenshots/screenshot-4659409611191073730
12:25:21.711 [Darkroom Processing Line] DEBUG net.serenitybdd.core.photography.DarkroomProcessingLine - Saving screenshot to C:\Users\pcnit\Downloads\TestE2E\target\site\serenity\828d8af3ec6da60e49267a8bd3b99a1d065e6c2f362a86eaaaf14e9865e8fb9d.png
12:25:21.724 [Forwarding getPageSource on session fabb2ffb76c94dcf75e21125cc463c12 to remote] DEBUG org.asynchttpclient.netty.request.NettyRequestSender - Using pooled Channel '[id: 0xb083d4ec, L:/127.0.0.1:50937 - R:localhost/127.0.0.1:50685]' for 'POST' to 'http://localhost:50685/session/fabb2ffb76c94dcf75e21125cc463c12/execute/sync'
12:25:21.724 [Forwarding getPageSource on session fabb2ffb76c94dcf75e21125cc463c12 to remote] DEBUG org.asynchttpclient.netty.request.NettyRequestSender - Using open Channel [id: 0xb083d4ec, L:/127.0.0.1:50937 - R:localhost/127.0.0.1:50685] for POST '/session/fabb2ffb76c94dcf75e21125cc463c12/execute/sync'
12:25:21.743 [AsyncHttpClient-1-2] DEBUG org.asynchttpclient.netty.handler.HttpHandler - 

Request DefaultHttpRequest(decodeResult: success, version: HTTP/1.1)
POST /session/fabb2ffb76c94dcf75e21125cc463c12/execute/sync HTTP/1.1
User-Agent: selenium/4.4.0 (java windows)
Content-Length: 176
Content-Type: application/json; charset=utf-8
host: localhost:50685
accept: */*

Response DefaultHttpResponse(decodeResult: success, version: HTTP/1.1)
HTTP/1.1 200 OK
Content-Type: application/json; charset=utf-8
cache-control: no-cache
content-length: 57426

12:25:21.745 [AsyncHttpClient-1-2] DEBUG org.asynchttpclient.netty.channel.ChannelManager - Adding key: http://localhost:50685 for channel [id: 0xb083d4ec, L:/127.0.0.1:50937 - R:localhost/127.0.0.1:50685]
12:25:21.762 [Forwarding getCurrentUrl on session fabb2ffb76c94dcf75e21125cc463c12 to remote] DEBUG org.asynchttpclient.netty.request.NettyRequestSender - Using pooled Channel '[id: 0xb083d4ec, L:/127.0.0.1:50937 - R:localhost/127.0.0.1:50685]' for 'GET' to 'http://localhost:50685/session/fabb2ffb76c94dcf75e21125cc463c12/url'
12:25:21.762 [Forwarding getCurrentUrl on session fabb2ffb76c94dcf75e21125cc463c12 to remote] DEBUG org.asynchttpclient.netty.request.NettyRequestSender - Using open Channel [id: 0xb083d4ec, L:/127.0.0.1:50937 - R:localhost/127.0.0.1:50685] for GET '/session/fabb2ffb76c94dcf75e21125cc463c12/url'
12:25:21.775 [AsyncHttpClient-1-2] DEBUG org.asynchttpclient.netty.handler.HttpHandler - 

Request DefaultFullHttpRequest(decodeResult: success, version: HTTP/1.1, content: EmptyByteBufBE)
GET /session/fabb2ffb76c94dcf75e21125cc463c12/url HTTP/1.1
User-Agent: selenium/4.4.0 (java windows)
Cache-Control: no-cache
Content-Type: application/json; charset=utf-8
host: localhost:50685
accept: */*

Response DefaultHttpResponse(decodeResult: success, version: HTTP/1.1)
HTTP/1.1 200 OK
Content-Type: application/json; charset=utf-8
cache-control: no-cache
content-length: 38

12:25:21.776 [AsyncHttpClient-1-2] DEBUG org.asynchttpclient.netty.channel.ChannelManager - Adding key: http://localhost:50685 for channel [id: 0xb083d4ec, L:/127.0.0.1:50937 - R:localhost/127.0.0.1:50685]
12:25:21.856 [Forwarding getCurrentWindowHandle on session fabb2ffb76c94dcf75e21125cc463c12 to remote] DEBUG org.asynchttpclient.netty.request.NettyRequestSender - Using pooled Channel '[id: 0xb083d4ec, L:/127.0.0.1:50937 - R:localhost/127.0.0.1:50685]' for 'GET' to 'http://localhost:50685/session/fabb2ffb76c94dcf75e21125cc463c12/window'
12:25:21.856 [Forwarding getCurrentWindowHandle on session fabb2ffb76c94dcf75e21125cc463c12 to remote] DEBUG org.asynchttpclient.netty.request.NettyRequestSender - Using open Channel [id: 0xb083d4ec, L:/127.0.0.1:50937 - R:localhost/127.0.0.1:50685] for GET '/session/fabb2ffb76c94dcf75e21125cc463c12/window'
12:25:21.859 [AsyncHttpClient-1-2] DEBUG org.asynchttpclient.netty.handler.HttpHandler - 

Request DefaultFullHttpRequest(decodeResult: success, version: HTTP/1.1, content: EmptyByteBufBE)
GET /session/fabb2ffb76c94dcf75e21125cc463c12/window HTTP/1.1
User-Agent: selenium/4.4.0 (java windows)
Cache-Control: no-cache
Content-Type: application/json; charset=utf-8
host: localhost:50685
accept: */*

Response DefaultHttpResponse(decodeResult: success, version: HTTP/1.1)
HTTP/1.1 200 OK
Content-Type: application/json; charset=utf-8
cache-control: no-cache
content-length: 44

12:25:21.860 [AsyncHttpClient-1-2] DEBUG org.asynchttpclient.netty.channel.ChannelManager - Adding key: http://localhost:50685 for channel [id: 0xb083d4ec, L:/127.0.0.1:50937 - R:localhost/127.0.0.1:50685]
12:25:21.876 [Forwarding getAlertText on session fabb2ffb76c94dcf75e21125cc463c12 to remote] DEBUG org.asynchttpclient.netty.request.NettyRequestSender - Using pooled Channel '[id: 0xb083d4ec, L:/127.0.0.1:50937 - R:localhost/127.0.0.1:50685]' for 'GET' to 'http://localhost:50685/session/fabb2ffb76c94dcf75e21125cc463c12/alert/text'
12:25:21.876 [Forwarding getAlertText on session fabb2ffb76c94dcf75e21125cc463c12 to remote] DEBUG org.asynchttpclient.netty.request.NettyRequestSender - Using open Channel [id: 0xb083d4ec, L:/127.0.0.1:50937 - R:localhost/127.0.0.1:50685] for GET '/session/fabb2ffb76c94dcf75e21125cc463c12/alert/text'
12:25:21.880 [AsyncHttpClient-1-2] DEBUG org.asynchttpclient.netty.handler.HttpHandler - 

Request DefaultFullHttpRequest(decodeResult: success, version: HTTP/1.1, content: EmptyByteBufBE)
GET /session/fabb2ffb76c94dcf75e21125cc463c12/alert/text HTTP/1.1
User-Agent: selenium/4.4.0 (java windows)
Cache-Control: no-cache
Content-Type: application/json; charset=utf-8
host: localhost:50685
accept: */*

Response DefaultHttpResponse(decodeResult: success, version: HTTP/1.1)
HTTP/1.1 404 Not Found
Content-Type: application/json; charset=utf-8
cache-control: no-cache
content-length: 1045

12:25:21.881 [AsyncHttpClient-1-2] DEBUG org.asynchttpclient.netty.channel.ChannelManager - Adding key: http://localhost:50685 for channel [id: 0xb083d4ec, L:/127.0.0.1:50937 - R:localhost/127.0.0.1:50685]
12:25:21.894 [Forwarding switchToWindow on session fabb2ffb76c94dcf75e21125cc463c12 to remote] DEBUG org.asynchttpclient.netty.request.NettyRequestSender - Using pooled Channel '[id: 0xb083d4ec, L:/127.0.0.1:50937 - R:localhost/127.0.0.1:50685]' for 'POST' to 'http://localhost:50685/session/fabb2ffb76c94dcf75e21125cc463c12/window'
12:25:21.894 [Forwarding switchToWindow on session fabb2ffb76c94dcf75e21125cc463c12 to remote] DEBUG org.asynchttpclient.netty.request.NettyRequestSender - Using open Channel [id: 0xb083d4ec, L:/127.0.0.1:50937 - R:localhost/127.0.0.1:50685] for POST '/session/fabb2ffb76c94dcf75e21125cc463c12/window'
12:25:21.899 [AsyncHttpClient-1-2] DEBUG org.asynchttpclient.netty.handler.HttpHandler - 

Request DefaultHttpRequest(decodeResult: success, version: HTTP/1.1)
POST /session/fabb2ffb76c94dcf75e21125cc463c12/window HTTP/1.1
User-Agent: selenium/4.4.0 (java windows)
Content-Length: 50
Content-Type: application/json; charset=utf-8
host: localhost:50685
accept: */*

Response DefaultHttpResponse(decodeResult: success, version: HTTP/1.1)
HTTP/1.1 200 OK
Content-Type: application/json; charset=utf-8
cache-control: no-cache
content-length: 14

12:25:21.899 [AsyncHttpClient-1-2] DEBUG org.asynchttpclient.netty.channel.ChannelManager - Adding key: http://localhost:50685 for channel [id: 0xb083d4ec, L:/127.0.0.1:50937 - R:localhost/127.0.0.1:50685]
12:25:21.900 [Forwarding getCurrentUrl on session fabb2ffb76c94dcf75e21125cc463c12 to remote] DEBUG org.asynchttpclient.netty.request.NettyRequestSender - Using pooled Channel '[id: 0xb083d4ec, L:/127.0.0.1:50937 - R:localhost/127.0.0.1:50685]' for 'GET' to 'http://localhost:50685/session/fabb2ffb76c94dcf75e21125cc463c12/url'
12:25:21.900 [Forwarding getCurrentUrl on session fabb2ffb76c94dcf75e21125cc463c12 to remote] DEBUG org.asynchttpclient.netty.request.NettyRequestSender - Using open Channel [id: 0xb083d4ec, L:/127.0.0.1:50937 - R:localhost/127.0.0.1:50685] for GET '/session/fabb2ffb76c94dcf75e21125cc463c12/url'
12:25:21.912 [AsyncHttpClient-1-2] DEBUG org.asynchttpclient.netty.handler.HttpHandler - 

Request DefaultFullHttpRequest(decodeResult: success, version: HTTP/1.1, content: EmptyByteBufBE)
GET /session/fabb2ffb76c94dcf75e21125cc463c12/url HTTP/1.1
User-Agent: selenium/4.4.0 (java windows)
Cache-Control: no-cache
Content-Type: application/json; charset=utf-8
host: localhost:50685
accept: */*

Response DefaultHttpResponse(decodeResult: success, version: HTTP/1.1)
HTTP/1.1 200 OK
Content-Type: application/json; charset=utf-8
cache-control: no-cache
content-length: 38

12:25:21.912 [AsyncHttpClient-1-2] DEBUG org.asynchttpclient.netty.channel.ChannelManager - Adding key: http://localhost:50685 for channel [id: 0xb083d4ec, L:/127.0.0.1:50937 - R:localhost/127.0.0.1:50685]
12:25:21.920 [Forwarding screenshot on session fabb2ffb76c94dcf75e21125cc463c12 to remote] DEBUG org.asynchttpclient.netty.request.NettyRequestSender - Using pooled Channel '[id: 0xb083d4ec, L:/127.0.0.1:50937 - R:localhost/127.0.0.1:50685]' for 'GET' to 'http://localhost:50685/session/fabb2ffb76c94dcf75e21125cc463c12/screenshot'
12:25:21.920 [Forwarding screenshot on session fabb2ffb76c94dcf75e21125cc463c12 to remote] DEBUG org.asynchttpclient.netty.request.NettyRequestSender - Using open Channel [id: 0xb083d4ec, L:/127.0.0.1:50937 - R:localhost/127.0.0.1:50685] for GET '/session/fabb2ffb76c94dcf75e21125cc463c12/screenshot'
12:25:22.072 [AsyncHttpClient-1-2] DEBUG org.asynchttpclient.netty.handler.HttpHandler - 

Request DefaultFullHttpRequest(decodeResult: success, version: HTTP/1.1, content: EmptyByteBufBE)
GET /session/fabb2ffb76c94dcf75e21125cc463c12/screenshot HTTP/1.1
User-Agent: selenium/4.4.0 (java windows)
Cache-Control: no-cache
Content-Type: application/json; charset=utf-8
host: localhost:50685
accept: */*

Response DefaultHttpResponse(decodeResult: success, version: HTTP/1.1)
HTTP/1.1 200 OK
Content-Type: application/json; charset=utf-8
cache-control: no-cache
content-length: 360196

12:25:22.086 [AsyncHttpClient-1-2] DEBUG org.asynchttpclient.netty.channel.ChannelManager - Adding key: http://localhost:50685 for channel [id: 0xb083d4ec, L:/127.0.0.1:50937 - R:localhost/127.0.0.1:50685]
12:25:22.104 [Test worker] DEBUG net.serenitybdd.core.photography.Darkroom - Send negative for processing for C:\Users\pcnit\Downloads\TestE2E\target\site\serenity\af35f00718533e42892303a8a5fef3016c5e183da38cd911bcb51c4baf14c3fd.png
12:25:22.105 [Test worker] DEBUG net.thucydides.core.steps.StepInterceptor - STEP DONE: {0} clicks on #target
12:25:22.177 [AsyncHttpClient-1-1] DEBUG org.asynchttpclient.netty.channel.DefaultChannelPool - Entry count for : http://localhost:50938 : 1
12:25:22.177 [AsyncHttpClient-1-1] DEBUG org.asynchttpclient.netty.channel.DefaultChannelPool - Entry count for : http://localhost:50685 : 1
12:25:22.189 [Forwarding getCurrentWindowHandle on session fabb2ffb76c94dcf75e21125cc463c12 to remote] DEBUG org.asynchttpclient.netty.request.NettyRequestSender - Using pooled Channel '[id: 0xb083d4ec, L:/127.0.0.1:50937 - R:localhost/127.0.0.1:50685]' for 'GET' to 'http://localhost:50685/session/fabb2ffb76c94dcf75e21125cc463c12/window'
12:25:22.190 [Forwarding getCurrentWindowHandle on session fabb2ffb76c94dcf75e21125cc463c12 to remote] DEBUG org.asynchttpclient.netty.request.NettyRequestSender - Using open Channel [id: 0xb083d4ec, L:/127.0.0.1:50937 - R:localhost/127.0.0.1:50685] for GET '/session/fabb2ffb76c94dcf75e21125cc463c12/window'
12:25:22.193 [AsyncHttpClient-1-2] DEBUG org.asynchttpclient.netty.handler.HttpHandler - 

Request DefaultFullHttpRequest(decodeResult: success, version: HTTP/1.1, content: EmptyByteBufBE)
GET /session/fabb2ffb76c94dcf75e21125cc463c12/window HTTP/1.1
User-Agent: selenium/4.4.0 (java windows)
Cache-Control: no-cache
Content-Type: application/json; charset=utf-8
host: localhost:50685
accept: */*

Response DefaultHttpResponse(decodeResult: success, version: HTTP/1.1)
HTTP/1.1 200 OK
Content-Type: application/json; charset=utf-8
cache-control: no-cache
content-length: 44

12:25:22.194 [AsyncHttpClient-1-2] DEBUG org.asynchttpclient.netty.channel.ChannelManager - Adding key: http://localhost:50685 for channel [id: 0xb083d4ec, L:/127.0.0.1:50937 - R:localhost/127.0.0.1:50685]
12:25:22.208 [Forwarding getAlertText on session fabb2ffb76c94dcf75e21125cc463c12 to remote] DEBUG org.asynchttpclient.netty.request.NettyRequestSender - Using pooled Channel '[id: 0xb083d4ec, L:/127.0.0.1:50937 - R:localhost/127.0.0.1:50685]' for 'GET' to 'http://localhost:50685/session/fabb2ffb76c94dcf75e21125cc463c12/alert/text'
12:25:22.208 [Forwarding getAlertText on session fabb2ffb76c94dcf75e21125cc463c12 to remote] DEBUG org.asynchttpclient.netty.request.NettyRequestSender - Using open Channel [id: 0xb083d4ec, L:/127.0.0.1:50937 - R:localhost/127.0.0.1:50685] for GET '/session/fabb2ffb76c94dcf75e21125cc463c12/alert/text'
12:25:22.214 [AsyncHttpClient-1-2] DEBUG org.asynchttpclient.netty.handler.HttpHandler - 

Request DefaultFullHttpRequest(decodeResult: success, version: HTTP/1.1, content: EmptyByteBufBE)
GET /session/fabb2ffb76c94dcf75e21125cc463c12/alert/text HTTP/1.1
User-Agent: selenium/4.4.0 (java windows)
Cache-Control: no-cache
Content-Type: application/json; charset=utf-8
host: localhost:50685
accept: */*

Response DefaultHttpResponse(decodeResult: success, version: HTTP/1.1)
HTTP/1.1 404 Not Found
Content-Type: application/json; charset=utf-8
cache-control: no-cache
content-length: 1045

12:25:22.214 [AsyncHttpClient-1-2] DEBUG org.asynchttpclient.netty.channel.ChannelManager - Adding key: http://localhost:50685 for channel [id: 0xb083d4ec, L:/127.0.0.1:50937 - R:localhost/127.0.0.1:50685]
12:25:22.227 [Forwarding switchToWindow on session fabb2ffb76c94dcf75e21125cc463c12 to remote] DEBUG org.asynchttpclient.netty.request.NettyRequestSender - Using pooled Channel '[id: 0xb083d4ec, L:/127.0.0.1:50937 - R:localhost/127.0.0.1:50685]' for 'POST' to 'http://localhost:50685/session/fabb2ffb76c94dcf75e21125cc463c12/window'
12:25:22.227 [Forwarding switchToWindow on session fabb2ffb76c94dcf75e21125cc463c12 to remote] DEBUG org.asynchttpclient.netty.request.NettyRequestSender - Using open Channel [id: 0xb083d4ec, L:/127.0.0.1:50937 - R:localhost/127.0.0.1:50685] for POST '/session/fabb2ffb76c94dcf75e21125cc463c12/window'
12:25:22.233 [AsyncHttpClient-1-2] DEBUG org.asynchttpclient.netty.handler.HttpHandler - 

Request DefaultHttpRequest(decodeResult: success, version: HTTP/1.1)
POST /session/fabb2ffb76c94dcf75e21125cc463c12/window HTTP/1.1
User-Agent: selenium/4.4.0 (java windows)
Content-Length: 50
Content-Type: application/json; charset=utf-8
host: localhost:50685
accept: */*

Response DefaultHttpResponse(decodeResult: success, version: HTTP/1.1)
HTTP/1.1 200 OK
Content-Type: application/json; charset=utf-8
cache-control: no-cache
content-length: 14

12:25:22.234 [AsyncHttpClient-1-2] DEBUG org.asynchttpclient.netty.channel.ChannelManager - Adding key: http://localhost:50685 for channel [id: 0xb083d4ec, L:/127.0.0.1:50937 - R:localhost/127.0.0.1:50685]
12:25:22.235 [Forwarding getCurrentUrl on session fabb2ffb76c94dcf75e21125cc463c12 to remote] DEBUG org.asynchttpclient.netty.request.NettyRequestSender - Using pooled Channel '[id: 0xb083d4ec, L:/127.0.0.1:50937 - R:localhost/127.0.0.1:50685]' for 'GET' to 'http://localhost:50685/session/fabb2ffb76c94dcf75e21125cc463c12/url'
12:25:22.235 [Forwarding getCurrentUrl on session fabb2ffb76c94dcf75e21125cc463c12 to remote] DEBUG org.asynchttpclient.netty.request.NettyRequestSender - Using open Channel [id: 0xb083d4ec, L:/127.0.0.1:50937 - R:localhost/127.0.0.1:50685] for GET '/session/fabb2ffb76c94dcf75e21125cc463c12/url'
12:25:22.246 [AsyncHttpClient-1-2] DEBUG org.asynchttpclient.netty.handler.HttpHandler - 

Request DefaultFullHttpRequest(decodeResult: success, version: HTTP/1.1, content: EmptyByteBufBE)
GET /session/fabb2ffb76c94dcf75e21125cc463c12/url HTTP/1.1
User-Agent: selenium/4.4.0 (java windows)
Cache-Control: no-cache
Content-Type: application/json; charset=utf-8
host: localhost:50685
accept: */*

Response DefaultHttpResponse(decodeResult: success, version: HTTP/1.1)
HTTP/1.1 200 OK
Content-Type: application/json; charset=utf-8
cache-control: no-cache
content-length: 38

12:25:22.246 [AsyncHttpClient-1-2] DEBUG org.asynchttpclient.netty.channel.ChannelManager - Adding key: http://localhost:50685 for channel [id: 0xb083d4ec, L:/127.0.0.1:50937 - R:localhost/127.0.0.1:50685]
12:25:22.248 [Forwarding screenshot on session fabb2ffb76c94dcf75e21125cc463c12 to remote] DEBUG org.asynchttpclient.netty.request.NettyRequestSender - Using pooled Channel '[id: 0xb083d4ec, L:/127.0.0.1:50937 - R:localhost/127.0.0.1:50685]' for 'GET' to 'http://localhost:50685/session/fabb2ffb76c94dcf75e21125cc463c12/screenshot'
12:25:22.248 [Forwarding screenshot on session fabb2ffb76c94dcf75e21125cc463c12 to remote] DEBUG org.asynchttpclient.netty.request.NettyRequestSender - Using open Channel [id: 0xb083d4ec, L:/127.0.0.1:50937 - R:localhost/127.0.0.1:50685] for GET '/session/fabb2ffb76c94dcf75e21125cc463c12/screenshot'
12:25:22.366 [AsyncHttpClient-1-2] DEBUG org.asynchttpclient.netty.handler.HttpHandler - 

Request DefaultFullHttpRequest(decodeResult: success, version: HTTP/1.1, content: EmptyByteBufBE)
GET /session/fabb2ffb76c94dcf75e21125cc463c12/screenshot HTTP/1.1
User-Agent: selenium/4.4.0 (java windows)
Cache-Control: no-cache
Content-Type: application/json; charset=utf-8
host: localhost:50685
accept: */*

Response DefaultHttpResponse(decodeResult: success, version: HTTP/1.1)
HTTP/1.1 200 OK
Content-Type: application/json; charset=utf-8
cache-control: no-cache
content-length: 360196

12:25:22.367 [AsyncHttpClient-1-2] DEBUG org.asynchttpclient.netty.channel.ChannelManager - Adding key: http://localhost:50685 for channel [id: 0xb083d4ec, L:/127.0.0.1:50937 - R:localhost/127.0.0.1:50685]
12:25:22.406 [Test worker] DEBUG net.serenitybdd.core.photography.Darkroom - Send negative for processing for C:\Users\pcnit\Downloads\TestE2E\target\site\serenity\af35f00718533e42892303a8a5fef3016c5e183da38cd911bcb51c4baf14c3fd.png
12:25:22.417 [Forwarding getPageSource on session fabb2ffb76c94dcf75e21125cc463c12 to remote] DEBUG org.asynchttpclient.netty.request.NettyRequestSender - Using pooled Channel '[id: 0xb083d4ec, L:/127.0.0.1:50937 - R:localhost/127.0.0.1:50685]' for 'POST' to 'http://localhost:50685/session/fabb2ffb76c94dcf75e21125cc463c12/execute/sync'
12:25:22.418 [Forwarding getPageSource on session fabb2ffb76c94dcf75e21125cc463c12 to remote] DEBUG org.asynchttpclient.netty.request.NettyRequestSender - Using open Channel [id: 0xb083d4ec, L:/127.0.0.1:50937 - R:localhost/127.0.0.1:50685] for POST '/session/fabb2ffb76c94dcf75e21125cc463c12/execute/sync'
12:25:22.439 [AsyncHttpClient-1-2] DEBUG org.asynchttpclient.netty.handler.HttpHandler - 

Request DefaultHttpRequest(decodeResult: success, version: HTTP/1.1)
POST /session/fabb2ffb76c94dcf75e21125cc463c12/execute/sync HTTP/1.1
User-Agent: selenium/4.4.0 (java windows)
Content-Length: 176
Content-Type: application/json; charset=utf-8
host: localhost:50685
accept: */*

Response DefaultHttpResponse(decodeResult: success, version: HTTP/1.1)
HTTP/1.1 200 OK
Content-Type: application/json; charset=utf-8
cache-control: no-cache
content-length: 57426

12:25:22.439 [AsyncHttpClient-1-2] DEBUG org.asynchttpclient.netty.channel.ChannelManager - Adding key: http://localhost:50685 for channel [id: 0xb083d4ec, L:/127.0.0.1:50937 - R:localhost/127.0.0.1:50685]
12:25:22.455 [Forwarding getCurrentUrl on session fabb2ffb76c94dcf75e21125cc463c12 to remote] DEBUG org.asynchttpclient.netty.request.NettyRequestSender - Using pooled Channel '[id: 0xb083d4ec, L:/127.0.0.1:50937 - R:localhost/127.0.0.1:50685]' for 'GET' to 'http://localhost:50685/session/fabb2ffb76c94dcf75e21125cc463c12/url'
12:25:22.455 [Forwarding getCurrentUrl on session fabb2ffb76c94dcf75e21125cc463c12 to remote] DEBUG org.asynchttpclient.netty.request.NettyRequestSender - Using open Channel [id: 0xb083d4ec, L:/127.0.0.1:50937 - R:localhost/127.0.0.1:50685] for GET '/session/fabb2ffb76c94dcf75e21125cc463c12/url'
12:25:22.478 [AsyncHttpClient-1-2] DEBUG org.asynchttpclient.netty.handler.HttpHandler - 

Request DefaultFullHttpRequest(decodeResult: success, version: HTTP/1.1, content: EmptyByteBufBE)
GET /session/fabb2ffb76c94dcf75e21125cc463c12/url HTTP/1.1
User-Agent: selenium/4.4.0 (java windows)
Cache-Control: no-cache
Content-Type: application/json; charset=utf-8
host: localhost:50685
accept: */*

Response DefaultHttpResponse(decodeResult: success, version: HTTP/1.1)
HTTP/1.1 200 OK
Content-Type: application/json; charset=utf-8
cache-control: no-cache
content-length: 38

12:25:22.478 [AsyncHttpClient-1-2] DEBUG org.asynchttpclient.netty.channel.ChannelManager - Adding key: http://localhost:50685 for channel [id: 0xb083d4ec, L:/127.0.0.1:50937 - R:localhost/127.0.0.1:50685]
12:25:22.486 [Test worker] DEBUG net.thucydides.core.steps.StepInterceptor - STARTING STEP: Login.performAs - {0} enters #theTextAsAString into #target
12:25:22.496 [Test worker] DEBUG net.serenitybdd.screenplay.targets.IFrameSwitcher - default content already selected for ingresa el nombre de usuario
12:25:22.536 [Forwarding findElement on session fabb2ffb76c94dcf75e21125cc463c12 to remote] DEBUG org.asynchttpclient.netty.request.NettyRequestSender - Using pooled Channel '[id: 0xb083d4ec, L:/127.0.0.1:50937 - R:localhost/127.0.0.1:50685]' for 'POST' to 'http://localhost:50685/session/fabb2ffb76c94dcf75e21125cc463c12/element'
12:25:22.536 [Forwarding findElement on session fabb2ffb76c94dcf75e21125cc463c12 to remote] DEBUG org.asynchttpclient.netty.request.NettyRequestSender - Using open Channel [id: 0xb083d4ec, L:/127.0.0.1:50937 - R:localhost/127.0.0.1:50685] for POST '/session/fabb2ffb76c94dcf75e21125cc463c12/element'
12:25:22.561 [AsyncHttpClient-1-2] DEBUG org.asynchttpclient.netty.handler.HttpHandler - 

Request DefaultHttpRequest(decodeResult: success, version: HTTP/1.1)
POST /session/fabb2ffb76c94dcf75e21125cc463c12/element HTTP/1.1
User-Agent: selenium/4.4.0 (java windows)
Content-Length: 58
Content-Type: application/json; charset=utf-8
host: localhost:50685
accept: */*

Response DefaultHttpResponse(decodeResult: success, version: HTTP/1.1)
HTTP/1.1 200 OK
Content-Type: application/json; charset=utf-8
cache-control: no-cache
content-length: 126

12:25:22.562 [AsyncHttpClient-1-2] DEBUG org.asynchttpclient.netty.channel.ChannelManager - Adding key: http://localhost:50685 for channel [id: 0xb083d4ec, L:/127.0.0.1:50937 - R:localhost/127.0.0.1:50685]
12:25:22.566 [Forwarding clearElement on session fabb2ffb76c94dcf75e21125cc463c12 to remote] DEBUG org.asynchttpclient.netty.request.NettyRequestSender - Using pooled Channel '[id: 0xb083d4ec, L:/127.0.0.1:50937 - R:localhost/127.0.0.1:50685]' for 'POST' to 'http://localhost:50685/session/fabb2ffb76c94dcf75e21125cc463c12/element/f.7E9A709675F02E7E9E4ECE1EF325ABA8.d.DF3178B062932CD9FB415EEC70DB0770.e.25/clear'
12:25:22.566 [Forwarding clearElement on session fabb2ffb76c94dcf75e21125cc463c12 to remote] DEBUG org.asynchttpclient.netty.request.NettyRequestSender - Using open Channel [id: 0xb083d4ec, L:/127.0.0.1:50937 - R:localhost/127.0.0.1:50685] for POST '/session/fabb2ffb76c94dcf75e21125cc463c12/element/f.7E9A709675F02E7E9E4ECE1EF325ABA8.d.DF3178B062932CD9FB415EEC70DB0770.e.25/clear'
12:25:22.633 [AsyncHttpClient-1-2] DEBUG org.asynchttpclient.netty.handler.HttpHandler - 

Request DefaultHttpRequest(decodeResult: success, version: HTTP/1.1)
POST /session/fabb2ffb76c94dcf75e21125cc463c12/element/f.7E9A709675F02E7E9E4ECE1EF325ABA8.d.DF3178B062932CD9FB415EEC70DB0770.e.25/clear HTTP/1.1
User-Agent: selenium/4.4.0 (java windows)
Content-Length: 88
Content-Type: application/json; charset=utf-8
host: localhost:50685
accept: */*

Response DefaultHttpResponse(decodeResult: success, version: HTTP/1.1)
HTTP/1.1 200 OK
Content-Type: application/json; charset=utf-8
cache-control: no-cache
content-length: 14

12:25:22.633 [AsyncHttpClient-1-2] DEBUG org.asynchttpclient.netty.channel.ChannelManager - Adding key: http://localhost:50685 for channel [id: 0xb083d4ec, L:/127.0.0.1:50937 - R:localhost/127.0.0.1:50685]
12:25:22.645 [Forwarding sendKeysToElement on session fabb2ffb76c94dcf75e21125cc463c12 to remote] DEBUG org.asynchttpclient.netty.request.NettyRequestSender - Using pooled Channel '[id: 0xb083d4ec, L:/127.0.0.1:50937 - R:localhost/127.0.0.1:50685]' for 'POST' to 'http://localhost:50685/session/fabb2ffb76c94dcf75e21125cc463c12/element/f.7E9A709675F02E7E9E4ECE1EF325ABA8.d.DF3178B062932CD9FB415EEC70DB0770.e.25/value'
12:25:22.645 [Forwarding sendKeysToElement on session fabb2ffb76c94dcf75e21125cc463c12 to remote] DEBUG org.asynchttpclient.netty.request.NettyRequestSender - Using open Channel [id: 0xb083d4ec, L:/127.0.0.1:50937 - R:localhost/127.0.0.1:50685] for POST '/session/fabb2ffb76c94dcf75e21125cc463c12/element/f.7E9A709675F02E7E9E4ECE1EF325ABA8.d.DF3178B062932CD9FB415EEC70DB0770.e.25/value'
12:25:22.757 [AsyncHttpClient-1-2] DEBUG org.asynchttpclient.netty.handler.HttpHandler - 

Request DefaultHttpRequest(decodeResult: success, version: HTTP/1.1)
POST /session/fabb2ffb76c94dcf75e21125cc463c12/element/f.7E9A709675F02E7E9E4ECE1EF325ABA8.d.DF3178B062932CD9FB415EEC70DB0770.e.25/value HTTP/1.1
User-Agent: selenium/4.4.0 (java windows)
Content-Length: 249
Content-Type: application/json; charset=utf-8
host: localhost:50685
accept: */*

Response DefaultHttpResponse(decodeResult: success, version: HTTP/1.1)
HTTP/1.1 200 OK
Content-Type: application/json; charset=utf-8
cache-control: no-cache
content-length: 14

12:25:22.757 [AsyncHttpClient-1-2] DEBUG org.asynchttpclient.netty.channel.ChannelManager - Adding key: http://localhost:50685 for channel [id: 0xb083d4ec, L:/127.0.0.1:50937 - R:localhost/127.0.0.1:50685]
12:25:22.805 [Forwarding getCurrentWindowHandle on session fabb2ffb76c94dcf75e21125cc463c12 to remote] DEBUG org.asynchttpclient.netty.request.NettyRequestSender - Using pooled Channel '[id: 0xb083d4ec, L:/127.0.0.1:50937 - R:localhost/127.0.0.1:50685]' for 'GET' to 'http://localhost:50685/session/fabb2ffb76c94dcf75e21125cc463c12/window'
12:25:22.805 [Forwarding getCurrentWindowHandle on session fabb2ffb76c94dcf75e21125cc463c12 to remote] DEBUG org.asynchttpclient.netty.request.NettyRequestSender - Using open Channel [id: 0xb083d4ec, L:/127.0.0.1:50937 - R:localhost/127.0.0.1:50685] for GET '/session/fabb2ffb76c94dcf75e21125cc463c12/window'
12:25:22.811 [AsyncHttpClient-1-2] DEBUG org.asynchttpclient.netty.handler.HttpHandler - 

Request DefaultFullHttpRequest(decodeResult: success, version: HTTP/1.1, content: EmptyByteBufBE)
GET /session/fabb2ffb76c94dcf75e21125cc463c12/window HTTP/1.1
User-Agent: selenium/4.4.0 (java windows)
Cache-Control: no-cache
Content-Type: application/json; charset=utf-8
host: localhost:50685
accept: */*

Response DefaultHttpResponse(decodeResult: success, version: HTTP/1.1)
HTTP/1.1 200 OK
Content-Type: application/json; charset=utf-8
cache-control: no-cache
content-length: 44

12:25:22.811 [AsyncHttpClient-1-2] DEBUG org.asynchttpclient.netty.channel.ChannelManager - Adding key: http://localhost:50685 for channel [id: 0xb083d4ec, L:/127.0.0.1:50937 - R:localhost/127.0.0.1:50685]
12:25:22.826 [Forwarding getAlertText on session fabb2ffb76c94dcf75e21125cc463c12 to remote] DEBUG org.asynchttpclient.netty.request.NettyRequestSender - Using pooled Channel '[id: 0xb083d4ec, L:/127.0.0.1:50937 - R:localhost/127.0.0.1:50685]' for 'GET' to 'http://localhost:50685/session/fabb2ffb76c94dcf75e21125cc463c12/alert/text'
12:25:22.826 [Forwarding getAlertText on session fabb2ffb76c94dcf75e21125cc463c12 to remote] DEBUG org.asynchttpclient.netty.request.NettyRequestSender - Using open Channel [id: 0xb083d4ec, L:/127.0.0.1:50937 - R:localhost/127.0.0.1:50685] for GET '/session/fabb2ffb76c94dcf75e21125cc463c12/alert/text'
12:25:22.832 [AsyncHttpClient-1-2] DEBUG org.asynchttpclient.netty.handler.HttpHandler - 

Request DefaultFullHttpRequest(decodeResult: success, version: HTTP/1.1, content: EmptyByteBufBE)
GET /session/fabb2ffb76c94dcf75e21125cc463c12/alert/text HTTP/1.1
User-Agent: selenium/4.4.0 (java windows)
Cache-Control: no-cache
Content-Type: application/json; charset=utf-8
host: localhost:50685
accept: */*

Response DefaultHttpResponse(decodeResult: success, version: HTTP/1.1)
HTTP/1.1 404 Not Found
Content-Type: application/json; charset=utf-8
cache-control: no-cache
content-length: 1045

12:25:22.833 [AsyncHttpClient-1-2] DEBUG org.asynchttpclient.netty.channel.ChannelManager - Adding key: http://localhost:50685 for channel [id: 0xb083d4ec, L:/127.0.0.1:50937 - R:localhost/127.0.0.1:50685]
12:25:22.848 [Forwarding switchToWindow on session fabb2ffb76c94dcf75e21125cc463c12 to remote] DEBUG org.asynchttpclient.netty.request.NettyRequestSender - Using pooled Channel '[id: 0xb083d4ec, L:/127.0.0.1:50937 - R:localhost/127.0.0.1:50685]' for 'POST' to 'http://localhost:50685/session/fabb2ffb76c94dcf75e21125cc463c12/window'
12:25:22.848 [Forwarding switchToWindow on session fabb2ffb76c94dcf75e21125cc463c12 to remote] DEBUG org.asynchttpclient.netty.request.NettyRequestSender - Using open Channel [id: 0xb083d4ec, L:/127.0.0.1:50937 - R:localhost/127.0.0.1:50685] for POST '/session/fabb2ffb76c94dcf75e21125cc463c12/window'
12:25:22.854 [AsyncHttpClient-1-2] DEBUG org.asynchttpclient.netty.handler.HttpHandler - 

Request DefaultHttpRequest(decodeResult: success, version: HTTP/1.1)
POST /session/fabb2ffb76c94dcf75e21125cc463c12/window HTTP/1.1
User-Agent: selenium/4.4.0 (java windows)
Content-Length: 50
Content-Type: application/json; charset=utf-8
host: localhost:50685
accept: */*

Response DefaultHttpResponse(decodeResult: success, version: HTTP/1.1)
HTTP/1.1 200 OK
Content-Type: application/json; charset=utf-8
cache-control: no-cache
content-length: 14

12:25:22.854 [AsyncHttpClient-1-2] DEBUG org.asynchttpclient.netty.channel.ChannelManager - Adding key: http://localhost:50685 for channel [id: 0xb083d4ec, L:/127.0.0.1:50937 - R:localhost/127.0.0.1:50685]
12:25:22.856 [Forwarding getCurrentUrl on session fabb2ffb76c94dcf75e21125cc463c12 to remote] DEBUG org.asynchttpclient.netty.request.NettyRequestSender - Using pooled Channel '[id: 0xb083d4ec, L:/127.0.0.1:50937 - R:localhost/127.0.0.1:50685]' for 'GET' to 'http://localhost:50685/session/fabb2ffb76c94dcf75e21125cc463c12/url'
12:25:22.856 [Forwarding getCurrentUrl on session fabb2ffb76c94dcf75e21125cc463c12 to remote] DEBUG org.asynchttpclient.netty.request.NettyRequestSender - Using open Channel [id: 0xb083d4ec, L:/127.0.0.1:50937 - R:localhost/127.0.0.1:50685] for GET '/session/fabb2ffb76c94dcf75e21125cc463c12/url'
12:25:22.870 [AsyncHttpClient-1-2] DEBUG org.asynchttpclient.netty.handler.HttpHandler - 

Request DefaultFullHttpRequest(decodeResult: success, version: HTTP/1.1, content: EmptyByteBufBE)
GET /session/fabb2ffb76c94dcf75e21125cc463c12/url HTTP/1.1
User-Agent: selenium/4.4.0 (java windows)
Cache-Control: no-cache
Content-Type: application/json; charset=utf-8
host: localhost:50685
accept: */*

Response DefaultHttpResponse(decodeResult: success, version: HTTP/1.1)
HTTP/1.1 200 OK
Content-Type: application/json; charset=utf-8
cache-control: no-cache
content-length: 38

12:25:22.871 [AsyncHttpClient-1-2] DEBUG org.asynchttpclient.netty.channel.ChannelManager - Adding key: http://localhost:50685 for channel [id: 0xb083d4ec, L:/127.0.0.1:50937 - R:localhost/127.0.0.1:50685]
12:25:22.874 [Forwarding screenshot on session fabb2ffb76c94dcf75e21125cc463c12 to remote] DEBUG org.asynchttpclient.netty.request.NettyRequestSender - Using pooled Channel '[id: 0xb083d4ec, L:/127.0.0.1:50937 - R:localhost/127.0.0.1:50685]' for 'GET' to 'http://localhost:50685/session/fabb2ffb76c94dcf75e21125cc463c12/screenshot'
12:25:22.874 [Forwarding screenshot on session fabb2ffb76c94dcf75e21125cc463c12 to remote] DEBUG org.asynchttpclient.netty.request.NettyRequestSender - Using open Channel [id: 0xb083d4ec, L:/127.0.0.1:50937 - R:localhost/127.0.0.1:50685] for GET '/session/fabb2ffb76c94dcf75e21125cc463c12/screenshot'
12:25:22.999 [AsyncHttpClient-1-2] DEBUG org.asynchttpclient.netty.handler.HttpHandler - 

Request DefaultFullHttpRequest(decodeResult: success, version: HTTP/1.1, content: EmptyByteBufBE)
GET /session/fabb2ffb76c94dcf75e21125cc463c12/screenshot HTTP/1.1
User-Agent: selenium/4.4.0 (java windows)
Cache-Control: no-cache
Content-Type: application/json; charset=utf-8
host: localhost:50685
accept: */*

Response DefaultHttpResponse(decodeResult: success, version: HTTP/1.1)
HTTP/1.1 200 OK
Content-Type: application/json; charset=utf-8
cache-control: no-cache
content-length: 363736

12:25:23.000 [AsyncHttpClient-1-2] DEBUG org.asynchttpclient.netty.channel.ChannelManager - Adding key: http://localhost:50685 for channel [id: 0xb083d4ec, L:/127.0.0.1:50937 - R:localhost/127.0.0.1:50685]
12:25:23.013 [Test worker] DEBUG net.serenitybdd.core.photography.Darkroom - Send negative for processing for C:\Users\pcnit\Downloads\TestE2E\target\site\serenity\47e80fd0f5688bce544978cca7ed44d41144a286fc34a4bd71dac1eb602d44ab.png
12:25:23.014 [Darkroom Processing Line] DEBUG net.serenitybdd.core.photography.DarkroomProcessingLine - Processing screenshot image in /var/screenshots/screenshot-16284956834370119653
12:25:23.014 [Darkroom Processing Line] DEBUG net.serenitybdd.core.photography.DarkroomProcessingLine - Saving screenshot to C:\Users\pcnit\Downloads\TestE2E\target\site\serenity\47e80fd0f5688bce544978cca7ed44d41144a286fc34a4bd71dac1eb602d44ab.png
12:25:23.034 [Forwarding getPageSource on session fabb2ffb76c94dcf75e21125cc463c12 to remote] DEBUG org.asynchttpclient.netty.request.NettyRequestSender - Using pooled Channel '[id: 0xb083d4ec, L:/127.0.0.1:50937 - R:localhost/127.0.0.1:50685]' for 'POST' to 'http://localhost:50685/session/fabb2ffb76c94dcf75e21125cc463c12/execute/sync'
12:25:23.034 [Forwarding getPageSource on session fabb2ffb76c94dcf75e21125cc463c12 to remote] DEBUG org.asynchttpclient.netty.request.NettyRequestSender - Using open Channel [id: 0xb083d4ec, L:/127.0.0.1:50937 - R:localhost/127.0.0.1:50685] for POST '/session/fabb2ffb76c94dcf75e21125cc463c12/execute/sync'
12:25:23.047 [AsyncHttpClient-1-2] DEBUG org.asynchttpclient.netty.handler.HttpHandler - 

Request DefaultHttpRequest(decodeResult: success, version: HTTP/1.1)
POST /session/fabb2ffb76c94dcf75e21125cc463c12/execute/sync HTTP/1.1
User-Agent: selenium/4.4.0 (java windows)
Content-Length: 176
Content-Type: application/json; charset=utf-8
host: localhost:50685
accept: */*

Response DefaultHttpResponse(decodeResult: success, version: HTTP/1.1)
HTTP/1.1 200 OK
Content-Type: application/json; charset=utf-8
cache-control: no-cache
content-length: 57426

12:25:23.047 [AsyncHttpClient-1-2] DEBUG org.asynchttpclient.netty.channel.ChannelManager - Adding key: http://localhost:50685 for channel [id: 0xb083d4ec, L:/127.0.0.1:50937 - R:localhost/127.0.0.1:50685]
12:25:23.055 [Forwarding getCurrentUrl on session fabb2ffb76c94dcf75e21125cc463c12 to remote] DEBUG org.asynchttpclient.netty.request.NettyRequestSender - Using pooled Channel '[id: 0xb083d4ec, L:/127.0.0.1:50937 - R:localhost/127.0.0.1:50685]' for 'GET' to 'http://localhost:50685/session/fabb2ffb76c94dcf75e21125cc463c12/url'
12:25:23.056 [Forwarding getCurrentUrl on session fabb2ffb76c94dcf75e21125cc463c12 to remote] DEBUG org.asynchttpclient.netty.request.NettyRequestSender - Using open Channel [id: 0xb083d4ec, L:/127.0.0.1:50937 - R:localhost/127.0.0.1:50685] for GET '/session/fabb2ffb76c94dcf75e21125cc463c12/url'
12:25:23.076 [AsyncHttpClient-1-2] DEBUG org.asynchttpclient.netty.handler.HttpHandler - 

Request DefaultFullHttpRequest(decodeResult: success, version: HTTP/1.1, content: EmptyByteBufBE)
GET /session/fabb2ffb76c94dcf75e21125cc463c12/url HTTP/1.1
User-Agent: selenium/4.4.0 (java windows)
Cache-Control: no-cache
Content-Type: application/json; charset=utf-8
host: localhost:50685
accept: */*

Response DefaultHttpResponse(decodeResult: success, version: HTTP/1.1)
HTTP/1.1 200 OK
Content-Type: application/json; charset=utf-8
cache-control: no-cache
content-length: 38

12:25:23.077 [AsyncHttpClient-1-2] DEBUG org.asynchttpclient.netty.channel.ChannelManager - Adding key: http://localhost:50685 for channel [id: 0xb083d4ec, L:/127.0.0.1:50937 - R:localhost/127.0.0.1:50685]
12:25:23.148 [Forwarding getCurrentWindowHandle on session fabb2ffb76c94dcf75e21125cc463c12 to remote] DEBUG org.asynchttpclient.netty.request.NettyRequestSender - Using pooled Channel '[id: 0xb083d4ec, L:/127.0.0.1:50937 - R:localhost/127.0.0.1:50685]' for 'GET' to 'http://localhost:50685/session/fabb2ffb76c94dcf75e21125cc463c12/window'
12:25:23.149 [Forwarding getCurrentWindowHandle on session fabb2ffb76c94dcf75e21125cc463c12 to remote] DEBUG org.asynchttpclient.netty.request.NettyRequestSender - Using open Channel [id: 0xb083d4ec, L:/127.0.0.1:50937 - R:localhost/127.0.0.1:50685] for GET '/session/fabb2ffb76c94dcf75e21125cc463c12/window'
12:25:23.153 [AsyncHttpClient-1-2] DEBUG org.asynchttpclient.netty.handler.HttpHandler - 

Request DefaultFullHttpRequest(decodeResult: success, version: HTTP/1.1, content: EmptyByteBufBE)
GET /session/fabb2ffb76c94dcf75e21125cc463c12/window HTTP/1.1
User-Agent: selenium/4.4.0 (java windows)
Cache-Control: no-cache
Content-Type: application/json; charset=utf-8
host: localhost:50685
accept: */*

Response DefaultHttpResponse(decodeResult: success, version: HTTP/1.1)
HTTP/1.1 200 OK
Content-Type: application/json; charset=utf-8
cache-control: no-cache
content-length: 44

12:25:23.153 [AsyncHttpClient-1-2] DEBUG org.asynchttpclient.netty.channel.ChannelManager - Adding key: http://localhost:50685 for channel [id: 0xb083d4ec, L:/127.0.0.1:50937 - R:localhost/127.0.0.1:50685]
12:25:23.164 [Forwarding getAlertText on session fabb2ffb76c94dcf75e21125cc463c12 to remote] DEBUG org.asynchttpclient.netty.request.NettyRequestSender - Using pooled Channel '[id: 0xb083d4ec, L:/127.0.0.1:50937 - R:localhost/127.0.0.1:50685]' for 'GET' to 'http://localhost:50685/session/fabb2ffb76c94dcf75e21125cc463c12/alert/text'
12:25:23.165 [Forwarding getAlertText on session fabb2ffb76c94dcf75e21125cc463c12 to remote] DEBUG org.asynchttpclient.netty.request.NettyRequestSender - Using open Channel [id: 0xb083d4ec, L:/127.0.0.1:50937 - R:localhost/127.0.0.1:50685] for GET '/session/fabb2ffb76c94dcf75e21125cc463c12/alert/text'
12:25:23.174 [AsyncHttpClient-1-2] DEBUG org.asynchttpclient.netty.handler.HttpHandler - 

Request DefaultFullHttpRequest(decodeResult: success, version: HTTP/1.1, content: EmptyByteBufBE)
GET /session/fabb2ffb76c94dcf75e21125cc463c12/alert/text HTTP/1.1
User-Agent: selenium/4.4.0 (java windows)
Cache-Control: no-cache
Content-Type: application/json; charset=utf-8
host: localhost:50685
accept: */*

Response DefaultHttpResponse(decodeResult: success, version: HTTP/1.1)
HTTP/1.1 404 Not Found
Content-Type: application/json; charset=utf-8
cache-control: no-cache
content-length: 1045

12:25:23.175 [AsyncHttpClient-1-2] DEBUG org.asynchttpclient.netty.channel.ChannelManager - Adding key: http://localhost:50685 for channel [id: 0xb083d4ec, L:/127.0.0.1:50937 - R:localhost/127.0.0.1:50685]
12:25:23.190 [Forwarding switchToWindow on session fabb2ffb76c94dcf75e21125cc463c12 to remote] DEBUG org.asynchttpclient.netty.request.NettyRequestSender - Using pooled Channel '[id: 0xb083d4ec, L:/127.0.0.1:50937 - R:localhost/127.0.0.1:50685]' for 'POST' to 'http://localhost:50685/session/fabb2ffb76c94dcf75e21125cc463c12/window'
12:25:23.191 [Forwarding switchToWindow on session fabb2ffb76c94dcf75e21125cc463c12 to remote] DEBUG org.asynchttpclient.netty.request.NettyRequestSender - Using open Channel [id: 0xb083d4ec, L:/127.0.0.1:50937 - R:localhost/127.0.0.1:50685] for POST '/session/fabb2ffb76c94dcf75e21125cc463c12/window'
12:25:23.195 [AsyncHttpClient-1-2] DEBUG org.asynchttpclient.netty.handler.HttpHandler - 

Request DefaultHttpRequest(decodeResult: success, version: HTTP/1.1)
POST /session/fabb2ffb76c94dcf75e21125cc463c12/window HTTP/1.1
User-Agent: selenium/4.4.0 (java windows)
Content-Length: 50
Content-Type: application/json; charset=utf-8
host: localhost:50685
accept: */*

Response DefaultHttpResponse(decodeResult: success, version: HTTP/1.1)
HTTP/1.1 200 OK
Content-Type: application/json; charset=utf-8
cache-control: no-cache
content-length: 14

12:25:23.196 [AsyncHttpClient-1-2] DEBUG org.asynchttpclient.netty.channel.ChannelManager - Adding key: http://localhost:50685 for channel [id: 0xb083d4ec, L:/127.0.0.1:50937 - R:localhost/127.0.0.1:50685]
12:25:23.198 [Forwarding getCurrentUrl on session fabb2ffb76c94dcf75e21125cc463c12 to remote] DEBUG org.asynchttpclient.netty.request.NettyRequestSender - Using pooled Channel '[id: 0xb083d4ec, L:/127.0.0.1:50937 - R:localhost/127.0.0.1:50685]' for 'GET' to 'http://localhost:50685/session/fabb2ffb76c94dcf75e21125cc463c12/url'
12:25:23.198 [Forwarding getCurrentUrl on session fabb2ffb76c94dcf75e21125cc463c12 to remote] DEBUG org.asynchttpclient.netty.request.NettyRequestSender - Using open Channel [id: 0xb083d4ec, L:/127.0.0.1:50937 - R:localhost/127.0.0.1:50685] for GET '/session/fabb2ffb76c94dcf75e21125cc463c12/url'
12:25:23.212 [AsyncHttpClient-1-2] DEBUG org.asynchttpclient.netty.handler.HttpHandler - 

Request DefaultFullHttpRequest(decodeResult: success, version: HTTP/1.1, content: EmptyByteBufBE)
GET /session/fabb2ffb76c94dcf75e21125cc463c12/url HTTP/1.1
User-Agent: selenium/4.4.0 (java windows)
Cache-Control: no-cache
Content-Type: application/json; charset=utf-8
host: localhost:50685
accept: */*

Response DefaultHttpResponse(decodeResult: success, version: HTTP/1.1)
HTTP/1.1 200 OK
Content-Type: application/json; charset=utf-8
cache-control: no-cache
content-length: 38

12:25:23.212 [AsyncHttpClient-1-2] DEBUG org.asynchttpclient.netty.channel.ChannelManager - Adding key: http://localhost:50685 for channel [id: 0xb083d4ec, L:/127.0.0.1:50937 - R:localhost/127.0.0.1:50685]
12:25:23.213 [Forwarding screenshot on session fabb2ffb76c94dcf75e21125cc463c12 to remote] DEBUG org.asynchttpclient.netty.request.NettyRequestSender - Using pooled Channel '[id: 0xb083d4ec, L:/127.0.0.1:50937 - R:localhost/127.0.0.1:50685]' for 'GET' to 'http://localhost:50685/session/fabb2ffb76c94dcf75e21125cc463c12/screenshot'
12:25:23.213 [Forwarding screenshot on session fabb2ffb76c94dcf75e21125cc463c12 to remote] DEBUG org.asynchttpclient.netty.request.NettyRequestSender - Using open Channel [id: 0xb083d4ec, L:/127.0.0.1:50937 - R:localhost/127.0.0.1:50685] for GET '/session/fabb2ffb76c94dcf75e21125cc463c12/screenshot'
12:25:23.281 [AsyncHttpClient-1-1] DEBUG org.asynchttpclient.netty.channel.DefaultChannelPool - Entry count for : http://localhost:50938 : 1
12:25:23.333 [AsyncHttpClient-1-2] DEBUG org.asynchttpclient.netty.handler.HttpHandler - 

Request DefaultFullHttpRequest(decodeResult: success, version: HTTP/1.1, content: EmptyByteBufBE)
GET /session/fabb2ffb76c94dcf75e21125cc463c12/screenshot HTTP/1.1
User-Agent: selenium/4.4.0 (java windows)
Cache-Control: no-cache
Content-Type: application/json; charset=utf-8
host: localhost:50685
accept: */*

Response DefaultHttpResponse(decodeResult: success, version: HTTP/1.1)
HTTP/1.1 200 OK
Content-Type: application/json; charset=utf-8
cache-control: no-cache
content-length: 363736

12:25:23.335 [AsyncHttpClient-1-2] DEBUG org.asynchttpclient.netty.channel.ChannelManager - Adding key: http://localhost:50685 for channel [id: 0xb083d4ec, L:/127.0.0.1:50937 - R:localhost/127.0.0.1:50685]
12:25:23.342 [Test worker] DEBUG net.serenitybdd.core.photography.Darkroom - Send negative for processing for C:\Users\pcnit\Downloads\TestE2E\target\site\serenity\47e80fd0f5688bce544978cca7ed44d41144a286fc34a4bd71dac1eb602d44ab.png
12:25:23.343 [Test worker] DEBUG net.thucydides.core.steps.StepInterceptor - STEP DONE: {0} enters #theTextAsAString into #target
12:25:23.434 [Forwarding getCurrentWindowHandle on session fabb2ffb76c94dcf75e21125cc463c12 to remote] DEBUG org.asynchttpclient.netty.request.NettyRequestSender - Using pooled Channel '[id: 0xb083d4ec, L:/127.0.0.1:50937 - R:localhost/127.0.0.1:50685]' for 'GET' to 'http://localhost:50685/session/fabb2ffb76c94dcf75e21125cc463c12/window'
12:25:23.434 [Forwarding getCurrentWindowHandle on session fabb2ffb76c94dcf75e21125cc463c12 to remote] DEBUG org.asynchttpclient.netty.request.NettyRequestSender - Using open Channel [id: 0xb083d4ec, L:/127.0.0.1:50937 - R:localhost/127.0.0.1:50685] for GET '/session/fabb2ffb76c94dcf75e21125cc463c12/window'
12:25:23.441 [AsyncHttpClient-1-2] DEBUG org.asynchttpclient.netty.handler.HttpHandler - 

Request DefaultFullHttpRequest(decodeResult: success, version: HTTP/1.1, content: EmptyByteBufBE)
GET /session/fabb2ffb76c94dcf75e21125cc463c12/window HTTP/1.1
User-Agent: selenium/4.4.0 (java windows)
Cache-Control: no-cache
Content-Type: application/json; charset=utf-8
host: localhost:50685
accept: */*

Response DefaultHttpResponse(decodeResult: success, version: HTTP/1.1)
HTTP/1.1 200 OK
Content-Type: application/json; charset=utf-8
cache-control: no-cache
content-length: 44

12:25:23.441 [AsyncHttpClient-1-2] DEBUG org.asynchttpclient.netty.channel.ChannelManager - Adding key: http://localhost:50685 for channel [id: 0xb083d4ec, L:/127.0.0.1:50937 - R:localhost/127.0.0.1:50685]
12:25:23.456 [Forwarding getAlertText on session fabb2ffb76c94dcf75e21125cc463c12 to remote] DEBUG org.asynchttpclient.netty.request.NettyRequestSender - Using pooled Channel '[id: 0xb083d4ec, L:/127.0.0.1:50937 - R:localhost/127.0.0.1:50685]' for 'GET' to 'http://localhost:50685/session/fabb2ffb76c94dcf75e21125cc463c12/alert/text'
12:25:23.457 [Forwarding getAlertText on session fabb2ffb76c94dcf75e21125cc463c12 to remote] DEBUG org.asynchttpclient.netty.request.NettyRequestSender - Using open Channel [id: 0xb083d4ec, L:/127.0.0.1:50937 - R:localhost/127.0.0.1:50685] for GET '/session/fabb2ffb76c94dcf75e21125cc463c12/alert/text'
12:25:23.463 [AsyncHttpClient-1-2] DEBUG org.asynchttpclient.netty.handler.HttpHandler - 

Request DefaultFullHttpRequest(decodeResult: success, version: HTTP/1.1, content: EmptyByteBufBE)
GET /session/fabb2ffb76c94dcf75e21125cc463c12/alert/text HTTP/1.1
User-Agent: selenium/4.4.0 (java windows)
Cache-Control: no-cache
Content-Type: application/json; charset=utf-8
host: localhost:50685
accept: */*

Response DefaultHttpResponse(decodeResult: success, version: HTTP/1.1)
HTTP/1.1 404 Not Found
Content-Type: application/json; charset=utf-8
cache-control: no-cache
content-length: 1045

12:25:23.463 [AsyncHttpClient-1-2] DEBUG org.asynchttpclient.netty.channel.ChannelManager - Adding key: http://localhost:50685 for channel [id: 0xb083d4ec, L:/127.0.0.1:50937 - R:localhost/127.0.0.1:50685]
12:25:23.481 [Forwarding switchToWindow on session fabb2ffb76c94dcf75e21125cc463c12 to remote] DEBUG org.asynchttpclient.netty.request.NettyRequestSender - Using pooled Channel '[id: 0xb083d4ec, L:/127.0.0.1:50937 - R:localhost/127.0.0.1:50685]' for 'POST' to 'http://localhost:50685/session/fabb2ffb76c94dcf75e21125cc463c12/window'
12:25:23.482 [Forwarding switchToWindow on session fabb2ffb76c94dcf75e21125cc463c12 to remote] DEBUG org.asynchttpclient.netty.request.NettyRequestSender - Using open Channel [id: 0xb083d4ec, L:/127.0.0.1:50937 - R:localhost/127.0.0.1:50685] for POST '/session/fabb2ffb76c94dcf75e21125cc463c12/window'
12:25:23.486 [AsyncHttpClient-1-2] DEBUG org.asynchttpclient.netty.handler.HttpHandler - 

Request DefaultHttpRequest(decodeResult: success, version: HTTP/1.1)
POST /session/fabb2ffb76c94dcf75e21125cc463c12/window HTTP/1.1
User-Agent: selenium/4.4.0 (java windows)
Content-Length: 50
Content-Type: application/json; charset=utf-8
host: localhost:50685
accept: */*

Response DefaultHttpResponse(decodeResult: success, version: HTTP/1.1)
HTTP/1.1 200 OK
Content-Type: application/json; charset=utf-8
cache-control: no-cache
content-length: 14

12:25:23.486 [AsyncHttpClient-1-2] DEBUG org.asynchttpclient.netty.channel.ChannelManager - Adding key: http://localhost:50685 for channel [id: 0xb083d4ec, L:/127.0.0.1:50937 - R:localhost/127.0.0.1:50685]
12:25:23.488 [Forwarding getCurrentUrl on session fabb2ffb76c94dcf75e21125cc463c12 to remote] DEBUG org.asynchttpclient.netty.request.NettyRequestSender - Using pooled Channel '[id: 0xb083d4ec, L:/127.0.0.1:50937 - R:localhost/127.0.0.1:50685]' for 'GET' to 'http://localhost:50685/session/fabb2ffb76c94dcf75e21125cc463c12/url'
12:25:23.488 [Forwarding getCurrentUrl on session fabb2ffb76c94dcf75e21125cc463c12 to remote] DEBUG org.asynchttpclient.netty.request.NettyRequestSender - Using open Channel [id: 0xb083d4ec, L:/127.0.0.1:50937 - R:localhost/127.0.0.1:50685] for GET '/session/fabb2ffb76c94dcf75e21125cc463c12/url'
12:25:23.499 [AsyncHttpClient-1-2] DEBUG org.asynchttpclient.netty.handler.HttpHandler - 

Request DefaultFullHttpRequest(decodeResult: success, version: HTTP/1.1, content: EmptyByteBufBE)
GET /session/fabb2ffb76c94dcf75e21125cc463c12/url HTTP/1.1
User-Agent: selenium/4.4.0 (java windows)
Cache-Control: no-cache
Content-Type: application/json; charset=utf-8
host: localhost:50685
accept: */*

Response DefaultHttpResponse(decodeResult: success, version: HTTP/1.1)
HTTP/1.1 200 OK
Content-Type: application/json; charset=utf-8
cache-control: no-cache
content-length: 38

12:25:23.499 [AsyncHttpClient-1-2] DEBUG org.asynchttpclient.netty.channel.ChannelManager - Adding key: http://localhost:50685 for channel [id: 0xb083d4ec, L:/127.0.0.1:50937 - R:localhost/127.0.0.1:50685]
12:25:23.501 [Forwarding screenshot on session fabb2ffb76c94dcf75e21125cc463c12 to remote] DEBUG org.asynchttpclient.netty.request.NettyRequestSender - Using pooled Channel '[id: 0xb083d4ec, L:/127.0.0.1:50937 - R:localhost/127.0.0.1:50685]' for 'GET' to 'http://localhost:50685/session/fabb2ffb76c94dcf75e21125cc463c12/screenshot'
12:25:23.501 [Forwarding screenshot on session fabb2ffb76c94dcf75e21125cc463c12 to remote] DEBUG org.asynchttpclient.netty.request.NettyRequestSender - Using open Channel [id: 0xb083d4ec, L:/127.0.0.1:50937 - R:localhost/127.0.0.1:50685] for GET '/session/fabb2ffb76c94dcf75e21125cc463c12/screenshot'
12:25:23.627 [AsyncHttpClient-1-2] DEBUG org.asynchttpclient.netty.handler.HttpHandler - 

Request DefaultFullHttpRequest(decodeResult: success, version: HTTP/1.1, content: EmptyByteBufBE)
GET /session/fabb2ffb76c94dcf75e21125cc463c12/screenshot HTTP/1.1
User-Agent: selenium/4.4.0 (java windows)
Cache-Control: no-cache
Content-Type: application/json; charset=utf-8
host: localhost:50685
accept: */*

Response DefaultHttpResponse(decodeResult: success, version: HTTP/1.1)
HTTP/1.1 200 OK
Content-Type: application/json; charset=utf-8
cache-control: no-cache
content-length: 363712

12:25:23.628 [AsyncHttpClient-1-2] DEBUG org.asynchttpclient.netty.channel.ChannelManager - Adding key: http://localhost:50685 for channel [id: 0xb083d4ec, L:/127.0.0.1:50937 - R:localhost/127.0.0.1:50685]
12:25:23.639 [Test worker] DEBUG net.serenitybdd.core.photography.Darkroom - Send negative for processing for C:\Users\pcnit\Downloads\TestE2E\target\site\serenity\e16acc2a5d06859199900047095e5eb4fabf52e6602024ca8b93f2f4cdaaab24.png
12:25:23.640 [Darkroom Processing Line] DEBUG net.serenitybdd.core.photography.DarkroomProcessingLine - Processing screenshot image in /var/screenshots/screenshot-15644481820270337744
12:25:23.640 [Darkroom Processing Line] DEBUG net.serenitybdd.core.photography.DarkroomProcessingLine - Saving screenshot to C:\Users\pcnit\Downloads\TestE2E\target\site\serenity\e16acc2a5d06859199900047095e5eb4fabf52e6602024ca8b93f2f4cdaaab24.png
12:25:23.653 [Forwarding getPageSource on session fabb2ffb76c94dcf75e21125cc463c12 to remote] DEBUG org.asynchttpclient.netty.request.NettyRequestSender - Using pooled Channel '[id: 0xb083d4ec, L:/127.0.0.1:50937 - R:localhost/127.0.0.1:50685]' for 'POST' to 'http://localhost:50685/session/fabb2ffb76c94dcf75e21125cc463c12/execute/sync'
12:25:23.654 [Forwarding getPageSource on session fabb2ffb76c94dcf75e21125cc463c12 to remote] DEBUG org.asynchttpclient.netty.request.NettyRequestSender - Using open Channel [id: 0xb083d4ec, L:/127.0.0.1:50937 - R:localhost/127.0.0.1:50685] for POST '/session/fabb2ffb76c94dcf75e21125cc463c12/execute/sync'
12:25:23.664 [AsyncHttpClient-1-2] DEBUG org.asynchttpclient.netty.handler.HttpHandler - 

Request DefaultHttpRequest(decodeResult: success, version: HTTP/1.1)
POST /session/fabb2ffb76c94dcf75e21125cc463c12/execute/sync HTTP/1.1
User-Agent: selenium/4.4.0 (java windows)
Content-Length: 176
Content-Type: application/json; charset=utf-8
host: localhost:50685
accept: */*

Response DefaultHttpResponse(decodeResult: success, version: HTTP/1.1)
HTTP/1.1 200 OK
Content-Type: application/json; charset=utf-8
cache-control: no-cache
content-length: 57426

12:25:23.664 [AsyncHttpClient-1-2] DEBUG org.asynchttpclient.netty.channel.ChannelManager - Adding key: http://localhost:50685 for channel [id: 0xb083d4ec, L:/127.0.0.1:50937 - R:localhost/127.0.0.1:50685]
12:25:23.678 [Forwarding getCurrentUrl on session fabb2ffb76c94dcf75e21125cc463c12 to remote] DEBUG org.asynchttpclient.netty.request.NettyRequestSender - Using pooled Channel '[id: 0xb083d4ec, L:/127.0.0.1:50937 - R:localhost/127.0.0.1:50685]' for 'GET' to 'http://localhost:50685/session/fabb2ffb76c94dcf75e21125cc463c12/url'
12:25:23.678 [Forwarding getCurrentUrl on session fabb2ffb76c94dcf75e21125cc463c12 to remote] DEBUG org.asynchttpclient.netty.request.NettyRequestSender - Using open Channel [id: 0xb083d4ec, L:/127.0.0.1:50937 - R:localhost/127.0.0.1:50685] for GET '/session/fabb2ffb76c94dcf75e21125cc463c12/url'
12:25:23.771 [AsyncHttpClient-1-2] DEBUG org.asynchttpclient.netty.handler.HttpHandler - 

Request DefaultFullHttpRequest(decodeResult: success, version: HTTP/1.1, content: EmptyByteBufBE)
GET /session/fabb2ffb76c94dcf75e21125cc463c12/url HTTP/1.1
User-Agent: selenium/4.4.0 (java windows)
Cache-Control: no-cache
Content-Type: application/json; charset=utf-8
host: localhost:50685
accept: */*

Response DefaultHttpResponse(decodeResult: success, version: HTTP/1.1)
HTTP/1.1 200 OK
Content-Type: application/json; charset=utf-8
cache-control: no-cache
content-length: 38

12:25:23.771 [AsyncHttpClient-1-2] DEBUG org.asynchttpclient.netty.channel.ChannelManager - Adding key: http://localhost:50685 for channel [id: 0xb083d4ec, L:/127.0.0.1:50937 - R:localhost/127.0.0.1:50685]
12:25:23.776 [Test worker] DEBUG net.thucydides.core.steps.StepInterceptor - STARTING STEP: Login.performAs - {0} enters #theTextAsAString into #target
12:25:23.795 [Test worker] DEBUG net.serenitybdd.screenplay.targets.IFrameSwitcher - default content already selected for ingresa la contraseña
12:25:23.838 [Forwarding findElement on session fabb2ffb76c94dcf75e21125cc463c12 to remote] DEBUG org.asynchttpclient.netty.request.NettyRequestSender - Using pooled Channel '[id: 0xb083d4ec, L:/127.0.0.1:50937 - R:localhost/127.0.0.1:50685]' for 'POST' to 'http://localhost:50685/session/fabb2ffb76c94dcf75e21125cc463c12/element'
12:25:23.838 [Forwarding findElement on session fabb2ffb76c94dcf75e21125cc463c12 to remote] DEBUG org.asynchttpclient.netty.request.NettyRequestSender - Using open Channel [id: 0xb083d4ec, L:/127.0.0.1:50937 - R:localhost/127.0.0.1:50685] for POST '/session/fabb2ffb76c94dcf75e21125cc463c12/element'
12:25:23.862 [AsyncHttpClient-1-2] DEBUG org.asynchttpclient.netty.handler.HttpHandler - 

Request DefaultHttpRequest(decodeResult: success, version: HTTP/1.1)
POST /session/fabb2ffb76c94dcf75e21125cc463c12/element HTTP/1.1
User-Agent: selenium/4.4.0 (java windows)
Content-Length: 58
Content-Type: application/json; charset=utf-8
host: localhost:50685
accept: */*

Response DefaultHttpResponse(decodeResult: success, version: HTTP/1.1)
HTTP/1.1 200 OK
Content-Type: application/json; charset=utf-8
cache-control: no-cache
content-length: 126

12:25:23.862 [AsyncHttpClient-1-2] DEBUG org.asynchttpclient.netty.channel.ChannelManager - Adding key: http://localhost:50685 for channel [id: 0xb083d4ec, L:/127.0.0.1:50937 - R:localhost/127.0.0.1:50685]
12:25:23.864 [Forwarding clearElement on session fabb2ffb76c94dcf75e21125cc463c12 to remote] DEBUG org.asynchttpclient.netty.request.NettyRequestSender - Using pooled Channel '[id: 0xb083d4ec, L:/127.0.0.1:50937 - R:localhost/127.0.0.1:50685]' for 'POST' to 'http://localhost:50685/session/fabb2ffb76c94dcf75e21125cc463c12/element/f.7E9A709675F02E7E9E4ECE1EF325ABA8.d.DF3178B062932CD9FB415EEC70DB0770.e.26/clear'
12:25:23.864 [Forwarding clearElement on session fabb2ffb76c94dcf75e21125cc463c12 to remote] DEBUG org.asynchttpclient.netty.request.NettyRequestSender - Using open Channel [id: 0xb083d4ec, L:/127.0.0.1:50937 - R:localhost/127.0.0.1:50685] for POST '/session/fabb2ffb76c94dcf75e21125cc463c12/element/f.7E9A709675F02E7E9E4ECE1EF325ABA8.d.DF3178B062932CD9FB415EEC70DB0770.e.26/clear'
12:25:23.945 [AsyncHttpClient-1-2] DEBUG org.asynchttpclient.netty.handler.HttpHandler - 

Request DefaultHttpRequest(decodeResult: success, version: HTTP/1.1)
POST /session/fabb2ffb76c94dcf75e21125cc463c12/element/f.7E9A709675F02E7E9E4ECE1EF325ABA8.d.DF3178B062932CD9FB415EEC70DB0770.e.26/clear HTTP/1.1
User-Agent: selenium/4.4.0 (java windows)
Content-Length: 88
Content-Type: application/json; charset=utf-8
host: localhost:50685
accept: */*

Response DefaultHttpResponse(decodeResult: success, version: HTTP/1.1)
HTTP/1.1 200 OK
Content-Type: application/json; charset=utf-8
cache-control: no-cache
content-length: 14

12:25:23.946 [AsyncHttpClient-1-2] DEBUG org.asynchttpclient.netty.channel.ChannelManager - Adding key: http://localhost:50685 for channel [id: 0xb083d4ec, L:/127.0.0.1:50937 - R:localhost/127.0.0.1:50685]
12:25:23.961 [Forwarding sendKeysToElement on session fabb2ffb76c94dcf75e21125cc463c12 to remote] DEBUG org.asynchttpclient.netty.request.NettyRequestSender - Using pooled Channel '[id: 0xb083d4ec, L:/127.0.0.1:50937 - R:localhost/127.0.0.1:50685]' for 'POST' to 'http://localhost:50685/session/fabb2ffb76c94dcf75e21125cc463c12/element/f.7E9A709675F02E7E9E4ECE1EF325ABA8.d.DF3178B062932CD9FB415EEC70DB0770.e.26/value'
12:25:23.961 [Forwarding sendKeysToElement on session fabb2ffb76c94dcf75e21125cc463c12 to remote] DEBUG org.asynchttpclient.netty.request.NettyRequestSender - Using open Channel [id: 0xb083d4ec, L:/127.0.0.1:50937 - R:localhost/127.0.0.1:50685] for POST '/session/fabb2ffb76c94dcf75e21125cc463c12/element/f.7E9A709675F02E7E9E4ECE1EF325ABA8.d.DF3178B062932CD9FB415EEC70DB0770.e.26/value'
12:25:24.029 [AsyncHttpClient-1-2] DEBUG org.asynchttpclient.netty.handler.HttpHandler - 

Request DefaultHttpRequest(decodeResult: success, version: HTTP/1.1)
POST /session/fabb2ffb76c94dcf75e21125cc463c12/element/f.7E9A709675F02E7E9E4ECE1EF325ABA8.d.DF3178B062932CD9FB415EEC70DB0770.e.26/value HTTP/1.1
User-Agent: selenium/4.4.0 (java windows)
Content-Length: 239
Content-Type: application/json; charset=utf-8
host: localhost:50685
accept: */*

Response DefaultHttpResponse(decodeResult: success, version: HTTP/1.1)
HTTP/1.1 200 OK
Content-Type: application/json; charset=utf-8
cache-control: no-cache
content-length: 14

12:25:24.030 [AsyncHttpClient-1-2] DEBUG org.asynchttpclient.netty.channel.ChannelManager - Adding key: http://localhost:50685 for channel [id: 0xb083d4ec, L:/127.0.0.1:50937 - R:localhost/127.0.0.1:50685]
12:25:24.071 [Forwarding getCurrentWindowHandle on session fabb2ffb76c94dcf75e21125cc463c12 to remote] DEBUG org.asynchttpclient.netty.request.NettyRequestSender - Using pooled Channel '[id: 0xb083d4ec, L:/127.0.0.1:50937 - R:localhost/127.0.0.1:50685]' for 'GET' to 'http://localhost:50685/session/fabb2ffb76c94dcf75e21125cc463c12/window'
12:25:24.071 [Forwarding getCurrentWindowHandle on session fabb2ffb76c94dcf75e21125cc463c12 to remote] DEBUG org.asynchttpclient.netty.request.NettyRequestSender - Using open Channel [id: 0xb083d4ec, L:/127.0.0.1:50937 - R:localhost/127.0.0.1:50685] for GET '/session/fabb2ffb76c94dcf75e21125cc463c12/window'
12:25:24.077 [AsyncHttpClient-1-2] DEBUG org.asynchttpclient.netty.handler.HttpHandler - 

Request DefaultFullHttpRequest(decodeResult: success, version: HTTP/1.1, content: EmptyByteBufBE)
GET /session/fabb2ffb76c94dcf75e21125cc463c12/window HTTP/1.1
User-Agent: selenium/4.4.0 (java windows)
Cache-Control: no-cache
Content-Type: application/json; charset=utf-8
host: localhost:50685
accept: */*

Response DefaultHttpResponse(decodeResult: success, version: HTTP/1.1)
HTTP/1.1 200 OK
Content-Type: application/json; charset=utf-8
cache-control: no-cache
content-length: 44

12:25:24.077 [AsyncHttpClient-1-2] DEBUG org.asynchttpclient.netty.channel.ChannelManager - Adding key: http://localhost:50685 for channel [id: 0xb083d4ec, L:/127.0.0.1:50937 - R:localhost/127.0.0.1:50685]
12:25:24.089 [Forwarding getAlertText on session fabb2ffb76c94dcf75e21125cc463c12 to remote] DEBUG org.asynchttpclient.netty.request.NettyRequestSender - Using pooled Channel '[id: 0xb083d4ec, L:/127.0.0.1:50937 - R:localhost/127.0.0.1:50685]' for 'GET' to 'http://localhost:50685/session/fabb2ffb76c94dcf75e21125cc463c12/alert/text'
12:25:24.089 [Forwarding getAlertText on session fabb2ffb76c94dcf75e21125cc463c12 to remote] DEBUG org.asynchttpclient.netty.request.NettyRequestSender - Using open Channel [id: 0xb083d4ec, L:/127.0.0.1:50937 - R:localhost/127.0.0.1:50685] for GET '/session/fabb2ffb76c94dcf75e21125cc463c12/alert/text'
12:25:24.097 [AsyncHttpClient-1-2] DEBUG org.asynchttpclient.netty.handler.HttpHandler - 

Request DefaultFullHttpRequest(decodeResult: success, version: HTTP/1.1, content: EmptyByteBufBE)
GET /session/fabb2ffb76c94dcf75e21125cc463c12/alert/text HTTP/1.1
User-Agent: selenium/4.4.0 (java windows)
Cache-Control: no-cache
Content-Type: application/json; charset=utf-8
host: localhost:50685
accept: */*

Response DefaultHttpResponse(decodeResult: success, version: HTTP/1.1)
HTTP/1.1 404 Not Found
Content-Type: application/json; charset=utf-8
cache-control: no-cache
content-length: 1045

12:25:24.098 [AsyncHttpClient-1-2] DEBUG org.asynchttpclient.netty.channel.ChannelManager - Adding key: http://localhost:50685 for channel [id: 0xb083d4ec, L:/127.0.0.1:50937 - R:localhost/127.0.0.1:50685]
12:25:24.108 [Forwarding switchToWindow on session fabb2ffb76c94dcf75e21125cc463c12 to remote] DEBUG org.asynchttpclient.netty.request.NettyRequestSender - Using pooled Channel '[id: 0xb083d4ec, L:/127.0.0.1:50937 - R:localhost/127.0.0.1:50685]' for 'POST' to 'http://localhost:50685/session/fabb2ffb76c94dcf75e21125cc463c12/window'
12:25:24.109 [Forwarding switchToWindow on session fabb2ffb76c94dcf75e21125cc463c12 to remote] DEBUG org.asynchttpclient.netty.request.NettyRequestSender - Using open Channel [id: 0xb083d4ec, L:/127.0.0.1:50937 - R:localhost/127.0.0.1:50685] for POST '/session/fabb2ffb76c94dcf75e21125cc463c12/window'
12:25:24.111 [AsyncHttpClient-1-2] DEBUG org.asynchttpclient.netty.handler.HttpHandler - 

Request DefaultHttpRequest(decodeResult: success, version: HTTP/1.1)
POST /session/fabb2ffb76c94dcf75e21125cc463c12/window HTTP/1.1
User-Agent: selenium/4.4.0 (java windows)
Content-Length: 50
Content-Type: application/json; charset=utf-8
host: localhost:50685
accept: */*

Response DefaultHttpResponse(decodeResult: success, version: HTTP/1.1)
HTTP/1.1 200 OK
Content-Type: application/json; charset=utf-8
cache-control: no-cache
content-length: 14

12:25:24.111 [AsyncHttpClient-1-2] DEBUG org.asynchttpclient.netty.channel.ChannelManager - Adding key: http://localhost:50685 for channel [id: 0xb083d4ec, L:/127.0.0.1:50937 - R:localhost/127.0.0.1:50685]
12:25:24.114 [Forwarding getCurrentUrl on session fabb2ffb76c94dcf75e21125cc463c12 to remote] DEBUG org.asynchttpclient.netty.request.NettyRequestSender - Using pooled Channel '[id: 0xb083d4ec, L:/127.0.0.1:50937 - R:localhost/127.0.0.1:50685]' for 'GET' to 'http://localhost:50685/session/fabb2ffb76c94dcf75e21125cc463c12/url'
12:25:24.115 [Forwarding getCurrentUrl on session fabb2ffb76c94dcf75e21125cc463c12 to remote] DEBUG org.asynchttpclient.netty.request.NettyRequestSender - Using open Channel [id: 0xb083d4ec, L:/127.0.0.1:50937 - R:localhost/127.0.0.1:50685] for GET '/session/fabb2ffb76c94dcf75e21125cc463c12/url'
12:25:24.126 [AsyncHttpClient-1-2] DEBUG org.asynchttpclient.netty.handler.HttpHandler - 

Request DefaultFullHttpRequest(decodeResult: success, version: HTTP/1.1, content: EmptyByteBufBE)
GET /session/fabb2ffb76c94dcf75e21125cc463c12/url HTTP/1.1
User-Agent: selenium/4.4.0 (java windows)
Cache-Control: no-cache
Content-Type: application/json; charset=utf-8
host: localhost:50685
accept: */*

Response DefaultHttpResponse(decodeResult: success, version: HTTP/1.1)
HTTP/1.1 200 OK
Content-Type: application/json; charset=utf-8
cache-control: no-cache
content-length: 38

12:25:24.126 [AsyncHttpClient-1-2] DEBUG org.asynchttpclient.netty.channel.ChannelManager - Adding key: http://localhost:50685 for channel [id: 0xb083d4ec, L:/127.0.0.1:50937 - R:localhost/127.0.0.1:50685]
12:25:24.130 [Forwarding screenshot on session fabb2ffb76c94dcf75e21125cc463c12 to remote] DEBUG org.asynchttpclient.netty.request.NettyRequestSender - Using pooled Channel '[id: 0xb083d4ec, L:/127.0.0.1:50937 - R:localhost/127.0.0.1:50685]' for 'GET' to 'http://localhost:50685/session/fabb2ffb76c94dcf75e21125cc463c12/screenshot'
12:25:24.130 [Forwarding screenshot on session fabb2ffb76c94dcf75e21125cc463c12 to remote] DEBUG org.asynchttpclient.netty.request.NettyRequestSender - Using open Channel [id: 0xb083d4ec, L:/127.0.0.1:50937 - R:localhost/127.0.0.1:50685] for GET '/session/fabb2ffb76c94dcf75e21125cc463c12/screenshot'
12:25:24.255 [AsyncHttpClient-1-2] DEBUG org.asynchttpclient.netty.handler.HttpHandler - 

Request DefaultFullHttpRequest(decodeResult: success, version: HTTP/1.1, content: EmptyByteBufBE)
GET /session/fabb2ffb76c94dcf75e21125cc463c12/screenshot HTTP/1.1
User-Agent: selenium/4.4.0 (java windows)
Cache-Control: no-cache
Content-Type: application/json; charset=utf-8
host: localhost:50685
accept: */*

Response DefaultHttpResponse(decodeResult: success, version: HTTP/1.1)
HTTP/1.1 200 OK
Content-Type: application/json; charset=utf-8
cache-control: no-cache
content-length: 365304

12:25:24.256 [AsyncHttpClient-1-2] DEBUG org.asynchttpclient.netty.channel.ChannelManager - Adding key: http://localhost:50685 for channel [id: 0xb083d4ec, L:/127.0.0.1:50937 - R:localhost/127.0.0.1:50685]
12:25:24.274 [Test worker] DEBUG net.serenitybdd.core.photography.Darkroom - Send negative for processing for C:\Users\pcnit\Downloads\TestE2E\target\site\serenity\56c0bca68c1a759867f772ceb8f6e7e716ad4d33b8e674b4653168ad395c01c5.png
12:25:24.274 [Darkroom Processing Line] DEBUG net.serenitybdd.core.photography.DarkroomProcessingLine - Processing screenshot image in /var/screenshots/screenshot-11424743883708699954
12:25:24.274 [Darkroom Processing Line] DEBUG net.serenitybdd.core.photography.DarkroomProcessingLine - Saving screenshot to C:\Users\pcnit\Downloads\TestE2E\target\site\serenity\56c0bca68c1a759867f772ceb8f6e7e716ad4d33b8e674b4653168ad395c01c5.png
12:25:24.294 [Forwarding getPageSource on session fabb2ffb76c94dcf75e21125cc463c12 to remote] DEBUG org.asynchttpclient.netty.request.NettyRequestSender - Using pooled Channel '[id: 0xb083d4ec, L:/127.0.0.1:50937 - R:localhost/127.0.0.1:50685]' for 'POST' to 'http://localhost:50685/session/fabb2ffb76c94dcf75e21125cc463c12/execute/sync'
12:25:24.294 [Forwarding getPageSource on session fabb2ffb76c94dcf75e21125cc463c12 to remote] DEBUG org.asynchttpclient.netty.request.NettyRequestSender - Using open Channel [id: 0xb083d4ec, L:/127.0.0.1:50937 - R:localhost/127.0.0.1:50685] for POST '/session/fabb2ffb76c94dcf75e21125cc463c12/execute/sync'
12:25:24.308 [AsyncHttpClient-1-2] DEBUG org.asynchttpclient.netty.handler.HttpHandler - 

Request DefaultHttpRequest(decodeResult: success, version: HTTP/1.1)
POST /session/fabb2ffb76c94dcf75e21125cc463c12/execute/sync HTTP/1.1
User-Agent: selenium/4.4.0 (java windows)
Content-Length: 176
Content-Type: application/json; charset=utf-8
host: localhost:50685
accept: */*

Response DefaultHttpResponse(decodeResult: success, version: HTTP/1.1)
HTTP/1.1 200 OK
Content-Type: application/json; charset=utf-8
cache-control: no-cache
content-length: 57426

12:25:24.308 [AsyncHttpClient-1-2] DEBUG org.asynchttpclient.netty.channel.ChannelManager - Adding key: http://localhost:50685 for channel [id: 0xb083d4ec, L:/127.0.0.1:50937 - R:localhost/127.0.0.1:50685]
12:25:24.324 [Forwarding getCurrentUrl on session fabb2ffb76c94dcf75e21125cc463c12 to remote] DEBUG org.asynchttpclient.netty.request.NettyRequestSender - Using pooled Channel '[id: 0xb083d4ec, L:/127.0.0.1:50937 - R:localhost/127.0.0.1:50685]' for 'GET' to 'http://localhost:50685/session/fabb2ffb76c94dcf75e21125cc463c12/url'
12:25:24.324 [Forwarding getCurrentUrl on session fabb2ffb76c94dcf75e21125cc463c12 to remote] DEBUG org.asynchttpclient.netty.request.NettyRequestSender - Using open Channel [id: 0xb083d4ec, L:/127.0.0.1:50937 - R:localhost/127.0.0.1:50685] for GET '/session/fabb2ffb76c94dcf75e21125cc463c12/url'
12:25:24.337 [AsyncHttpClient-1-2] DEBUG org.asynchttpclient.netty.handler.HttpHandler - 

Request DefaultFullHttpRequest(decodeResult: success, version: HTTP/1.1, content: EmptyByteBufBE)
GET /session/fabb2ffb76c94dcf75e21125cc463c12/url HTTP/1.1
User-Agent: selenium/4.4.0 (java windows)
Cache-Control: no-cache
Content-Type: application/json; charset=utf-8
host: localhost:50685
accept: */*

Response DefaultHttpResponse(decodeResult: success, version: HTTP/1.1)
HTTP/1.1 200 OK
Content-Type: application/json; charset=utf-8
cache-control: no-cache
content-length: 38

12:25:24.337 [AsyncHttpClient-1-2] DEBUG org.asynchttpclient.netty.channel.ChannelManager - Adding key: http://localhost:50685 for channel [id: 0xb083d4ec, L:/127.0.0.1:50937 - R:localhost/127.0.0.1:50685]
12:25:24.381 [AsyncHttpClient-1-1] DEBUG org.asynchttpclient.netty.channel.DefaultChannelPool - Entry count for : http://localhost:50938 : 1
12:25:24.382 [AsyncHttpClient-1-1] DEBUG org.asynchttpclient.netty.channel.DefaultChannelPool - Entry count for : http://localhost:50685 : 1
12:25:24.403 [Forwarding getCurrentWindowHandle on session fabb2ffb76c94dcf75e21125cc463c12 to remote] DEBUG org.asynchttpclient.netty.request.NettyRequestSender - Using pooled Channel '[id: 0xb083d4ec, L:/127.0.0.1:50937 - R:localhost/127.0.0.1:50685]' for 'GET' to 'http://localhost:50685/session/fabb2ffb76c94dcf75e21125cc463c12/window'
12:25:24.404 [Forwarding getCurrentWindowHandle on session fabb2ffb76c94dcf75e21125cc463c12 to remote] DEBUG org.asynchttpclient.netty.request.NettyRequestSender - Using open Channel [id: 0xb083d4ec, L:/127.0.0.1:50937 - R:localhost/127.0.0.1:50685] for GET '/session/fabb2ffb76c94dcf75e21125cc463c12/window'
12:25:24.407 [AsyncHttpClient-1-2] DEBUG org.asynchttpclient.netty.handler.HttpHandler - 

Request DefaultFullHttpRequest(decodeResult: success, version: HTTP/1.1, content: EmptyByteBufBE)
GET /session/fabb2ffb76c94dcf75e21125cc463c12/window HTTP/1.1
User-Agent: selenium/4.4.0 (java windows)
Cache-Control: no-cache
Content-Type: application/json; charset=utf-8
host: localhost:50685
accept: */*

Response DefaultHttpResponse(decodeResult: success, version: HTTP/1.1)
HTTP/1.1 200 OK
Content-Type: application/json; charset=utf-8
cache-control: no-cache
content-length: 44

12:25:24.407 [AsyncHttpClient-1-2] DEBUG org.asynchttpclient.netty.channel.ChannelManager - Adding key: http://localhost:50685 for channel [id: 0xb083d4ec, L:/127.0.0.1:50937 - R:localhost/127.0.0.1:50685]
12:25:24.418 [Forwarding getAlertText on session fabb2ffb76c94dcf75e21125cc463c12 to remote] DEBUG org.asynchttpclient.netty.request.NettyRequestSender - Using pooled Channel '[id: 0xb083d4ec, L:/127.0.0.1:50937 - R:localhost/127.0.0.1:50685]' for 'GET' to 'http://localhost:50685/session/fabb2ffb76c94dcf75e21125cc463c12/alert/text'
12:25:24.419 [Forwarding getAlertText on session fabb2ffb76c94dcf75e21125cc463c12 to remote] DEBUG org.asynchttpclient.netty.request.NettyRequestSender - Using open Channel [id: 0xb083d4ec, L:/127.0.0.1:50937 - R:localhost/127.0.0.1:50685] for GET '/session/fabb2ffb76c94dcf75e21125cc463c12/alert/text'
12:25:24.425 [AsyncHttpClient-1-2] DEBUG org.asynchttpclient.netty.handler.HttpHandler - 

Request DefaultFullHttpRequest(decodeResult: success, version: HTTP/1.1, content: EmptyByteBufBE)
GET /session/fabb2ffb76c94dcf75e21125cc463c12/alert/text HTTP/1.1
User-Agent: selenium/4.4.0 (java windows)
Cache-Control: no-cache
Content-Type: application/json; charset=utf-8
host: localhost:50685
accept: */*

Response DefaultHttpResponse(decodeResult: success, version: HTTP/1.1)
HTTP/1.1 404 Not Found
Content-Type: application/json; charset=utf-8
cache-control: no-cache
content-length: 1045

12:25:24.426 [AsyncHttpClient-1-2] DEBUG org.asynchttpclient.netty.channel.ChannelManager - Adding key: http://localhost:50685 for channel [id: 0xb083d4ec, L:/127.0.0.1:50937 - R:localhost/127.0.0.1:50685]
12:25:24.439 [Forwarding switchToWindow on session fabb2ffb76c94dcf75e21125cc463c12 to remote] DEBUG org.asynchttpclient.netty.request.NettyRequestSender - Using pooled Channel '[id: 0xb083d4ec, L:/127.0.0.1:50937 - R:localhost/127.0.0.1:50685]' for 'POST' to 'http://localhost:50685/session/fabb2ffb76c94dcf75e21125cc463c12/window'
12:25:24.440 [Forwarding switchToWindow on session fabb2ffb76c94dcf75e21125cc463c12 to remote] DEBUG org.asynchttpclient.netty.request.NettyRequestSender - Using open Channel [id: 0xb083d4ec, L:/127.0.0.1:50937 - R:localhost/127.0.0.1:50685] for POST '/session/fabb2ffb76c94dcf75e21125cc463c12/window'
12:25:24.447 [AsyncHttpClient-1-2] DEBUG org.asynchttpclient.netty.handler.HttpHandler - 

Request DefaultHttpRequest(decodeResult: success, version: HTTP/1.1)
POST /session/fabb2ffb76c94dcf75e21125cc463c12/window HTTP/1.1
User-Agent: selenium/4.4.0 (java windows)
Content-Length: 50
Content-Type: application/json; charset=utf-8
host: localhost:50685
accept: */*

Response DefaultHttpResponse(decodeResult: success, version: HTTP/1.1)
HTTP/1.1 200 OK
Content-Type: application/json; charset=utf-8
cache-control: no-cache
content-length: 14

12:25:24.447 [AsyncHttpClient-1-2] DEBUG org.asynchttpclient.netty.channel.ChannelManager - Adding key: http://localhost:50685 for channel [id: 0xb083d4ec, L:/127.0.0.1:50937 - R:localhost/127.0.0.1:50685]
12:25:24.447 [Forwarding getCurrentUrl on session fabb2ffb76c94dcf75e21125cc463c12 to remote] DEBUG org.asynchttpclient.netty.request.NettyRequestSender - Using pooled Channel '[id: 0xb083d4ec, L:/127.0.0.1:50937 - R:localhost/127.0.0.1:50685]' for 'GET' to 'http://localhost:50685/session/fabb2ffb76c94dcf75e21125cc463c12/url'
12:25:24.447 [Forwarding getCurrentUrl on session fabb2ffb76c94dcf75e21125cc463c12 to remote] DEBUG org.asynchttpclient.netty.request.NettyRequestSender - Using open Channel [id: 0xb083d4ec, L:/127.0.0.1:50937 - R:localhost/127.0.0.1:50685] for GET '/session/fabb2ffb76c94dcf75e21125cc463c12/url'
12:25:24.463 [AsyncHttpClient-1-2] DEBUG org.asynchttpclient.netty.handler.HttpHandler - 

Request DefaultFullHttpRequest(decodeResult: success, version: HTTP/1.1, content: EmptyByteBufBE)
GET /session/fabb2ffb76c94dcf75e21125cc463c12/url HTTP/1.1
User-Agent: selenium/4.4.0 (java windows)
Cache-Control: no-cache
Content-Type: application/json; charset=utf-8
host: localhost:50685
accept: */*

Response DefaultHttpResponse(decodeResult: success, version: HTTP/1.1)
HTTP/1.1 200 OK
Content-Type: application/json; charset=utf-8
cache-control: no-cache
content-length: 38

12:25:24.464 [AsyncHttpClient-1-2] DEBUG org.asynchttpclient.netty.channel.ChannelManager - Adding key: http://localhost:50685 for channel [id: 0xb083d4ec, L:/127.0.0.1:50937 - R:localhost/127.0.0.1:50685]
12:25:24.465 [Forwarding screenshot on session fabb2ffb76c94dcf75e21125cc463c12 to remote] DEBUG org.asynchttpclient.netty.request.NettyRequestSender - Using pooled Channel '[id: 0xb083d4ec, L:/127.0.0.1:50937 - R:localhost/127.0.0.1:50685]' for 'GET' to 'http://localhost:50685/session/fabb2ffb76c94dcf75e21125cc463c12/screenshot'
12:25:24.465 [Forwarding screenshot on session fabb2ffb76c94dcf75e21125cc463c12 to remote] DEBUG org.asynchttpclient.netty.request.NettyRequestSender - Using open Channel [id: 0xb083d4ec, L:/127.0.0.1:50937 - R:localhost/127.0.0.1:50685] for GET '/session/fabb2ffb76c94dcf75e21125cc463c12/screenshot'
12:25:24.606 [AsyncHttpClient-1-2] DEBUG org.asynchttpclient.netty.handler.HttpHandler - 

Request DefaultFullHttpRequest(decodeResult: success, version: HTTP/1.1, content: EmptyByteBufBE)
GET /session/fabb2ffb76c94dcf75e21125cc463c12/screenshot HTTP/1.1
User-Agent: selenium/4.4.0 (java windows)
Cache-Control: no-cache
Content-Type: application/json; charset=utf-8
host: localhost:50685
accept: */*

Response DefaultHttpResponse(decodeResult: success, version: HTTP/1.1)
HTTP/1.1 200 OK
Content-Type: application/json; charset=utf-8
cache-control: no-cache
content-length: 365296

12:25:24.608 [AsyncHttpClient-1-2] DEBUG org.asynchttpclient.netty.channel.ChannelManager - Adding key: http://localhost:50685 for channel [id: 0xb083d4ec, L:/127.0.0.1:50937 - R:localhost/127.0.0.1:50685]
12:25:24.623 [Test worker] DEBUG net.serenitybdd.core.photography.Darkroom - Send negative for processing for C:\Users\pcnit\Downloads\TestE2E\target\site\serenity\44e8384c8533a3292e15cc5c969a2289148a9f7f3794eea399accbd6f1fe4a8b.png
12:25:24.623 [Darkroom Processing Line] DEBUG net.serenitybdd.core.photography.DarkroomProcessingLine - Processing screenshot image in /var/screenshots/screenshot-763506206802049683
12:25:24.623 [Darkroom Processing Line] DEBUG net.serenitybdd.core.photography.DarkroomProcessingLine - Saving screenshot to C:\Users\pcnit\Downloads\TestE2E\target\site\serenity\44e8384c8533a3292e15cc5c969a2289148a9f7f3794eea399accbd6f1fe4a8b.png
12:25:24.624 [Test worker] DEBUG net.thucydides.core.steps.StepInterceptor - STEP DONE: {0} enters #theTextAsAString into #target
12:25:24.669 [Forwarding getPageSource on session fabb2ffb76c94dcf75e21125cc463c12 to remote] DEBUG org.asynchttpclient.netty.request.NettyRequestSender - Using pooled Channel '[id: 0xb083d4ec, L:/127.0.0.1:50937 - R:localhost/127.0.0.1:50685]' for 'POST' to 'http://localhost:50685/session/fabb2ffb76c94dcf75e21125cc463c12/execute/sync'
12:25:24.669 [Forwarding getPageSource on session fabb2ffb76c94dcf75e21125cc463c12 to remote] DEBUG org.asynchttpclient.netty.request.NettyRequestSender - Using open Channel [id: 0xb083d4ec, L:/127.0.0.1:50937 - R:localhost/127.0.0.1:50685] for POST '/session/fabb2ffb76c94dcf75e21125cc463c12/execute/sync'
12:25:24.688 [AsyncHttpClient-1-2] DEBUG org.asynchttpclient.netty.handler.HttpHandler - 

Request DefaultHttpRequest(decodeResult: success, version: HTTP/1.1)
POST /session/fabb2ffb76c94dcf75e21125cc463c12/execute/sync HTTP/1.1
User-Agent: selenium/4.4.0 (java windows)
Content-Length: 176
Content-Type: application/json; charset=utf-8
host: localhost:50685
accept: */*

Response DefaultHttpResponse(decodeResult: success, version: HTTP/1.1)
HTTP/1.1 200 OK
Content-Type: application/json; charset=utf-8
cache-control: no-cache
content-length: 57426

12:25:24.689 [AsyncHttpClient-1-2] DEBUG org.asynchttpclient.netty.channel.ChannelManager - Adding key: http://localhost:50685 for channel [id: 0xb083d4ec, L:/127.0.0.1:50937 - R:localhost/127.0.0.1:50685]
12:25:24.700 [Forwarding getCurrentUrl on session fabb2ffb76c94dcf75e21125cc463c12 to remote] DEBUG org.asynchttpclient.netty.request.NettyRequestSender - Using pooled Channel '[id: 0xb083d4ec, L:/127.0.0.1:50937 - R:localhost/127.0.0.1:50685]' for 'GET' to 'http://localhost:50685/session/fabb2ffb76c94dcf75e21125cc463c12/url'
12:25:24.700 [Forwarding getCurrentUrl on session fabb2ffb76c94dcf75e21125cc463c12 to remote] DEBUG org.asynchttpclient.netty.request.NettyRequestSender - Using open Channel [id: 0xb083d4ec, L:/127.0.0.1:50937 - R:localhost/127.0.0.1:50685] for GET '/session/fabb2ffb76c94dcf75e21125cc463c12/url'
12:25:24.737 [AsyncHttpClient-1-2] DEBUG org.asynchttpclient.netty.handler.HttpHandler - 

Request DefaultFullHttpRequest(decodeResult: success, version: HTTP/1.1, content: EmptyByteBufBE)
GET /session/fabb2ffb76c94dcf75e21125cc463c12/url HTTP/1.1
User-Agent: selenium/4.4.0 (java windows)
Cache-Control: no-cache
Content-Type: application/json; charset=utf-8
host: localhost:50685
accept: */*

Response DefaultHttpResponse(decodeResult: success, version: HTTP/1.1)
HTTP/1.1 200 OK
Content-Type: application/json; charset=utf-8
cache-control: no-cache
content-length: 38

12:25:24.738 [AsyncHttpClient-1-2] DEBUG org.asynchttpclient.netty.channel.ChannelManager - Adding key: http://localhost:50685 for channel [id: 0xb083d4ec, L:/127.0.0.1:50937 - R:localhost/127.0.0.1:50685]
12:25:24.747 [Test worker] DEBUG net.thucydides.core.steps.StepInterceptor - STARTING STEP: Login.performAs - {0} clicks on #target
12:25:24.748 [Test worker] DEBUG net.serenitybdd.screenplay.targets.IFrameSwitcher - default content already selected for pulsa el boton entrar
12:25:24.821 [Forwarding findElement on session fabb2ffb76c94dcf75e21125cc463c12 to remote] DEBUG org.asynchttpclient.netty.request.NettyRequestSender - Using pooled Channel '[id: 0xb083d4ec, L:/127.0.0.1:50937 - R:localhost/127.0.0.1:50685]' for 'POST' to 'http://localhost:50685/session/fabb2ffb76c94dcf75e21125cc463c12/element'
12:25:24.821 [Forwarding findElement on session fabb2ffb76c94dcf75e21125cc463c12 to remote] DEBUG org.asynchttpclient.netty.request.NettyRequestSender - Using open Channel [id: 0xb083d4ec, L:/127.0.0.1:50937 - R:localhost/127.0.0.1:50685] for POST '/session/fabb2ffb76c94dcf75e21125cc463c12/element'
12:25:24.866 [AsyncHttpClient-1-2] DEBUG org.asynchttpclient.netty.handler.HttpHandler - 

Request DefaultHttpRequest(decodeResult: success, version: HTTP/1.1)
POST /session/fabb2ffb76c94dcf75e21125cc463c12/element HTTP/1.1
User-Agent: selenium/4.4.0 (java windows)
Content-Length: 75
Content-Type: application/json; charset=utf-8
host: localhost:50685
accept: */*

Response DefaultHttpResponse(decodeResult: success, version: HTTP/1.1)
HTTP/1.1 200 OK
Content-Type: application/json; charset=utf-8
cache-control: no-cache
content-length: 126

12:25:24.866 [AsyncHttpClient-1-2] DEBUG org.asynchttpclient.netty.channel.ChannelManager - Adding key: http://localhost:50685 for channel [id: 0xb083d4ec, L:/127.0.0.1:50937 - R:localhost/127.0.0.1:50685]
12:25:24.886 [Forwarding isElementDisplayed on session fabb2ffb76c94dcf75e21125cc463c12 to remote] DEBUG org.asynchttpclient.netty.request.NettyRequestSender - Using pooled Channel '[id: 0xb083d4ec, L:/127.0.0.1:50937 - R:localhost/127.0.0.1:50685]' for 'POST' to 'http://localhost:50685/session/fabb2ffb76c94dcf75e21125cc463c12/execute/sync'
12:25:24.886 [Forwarding isElementDisplayed on session fabb2ffb76c94dcf75e21125cc463c12 to remote] DEBUG org.asynchttpclient.netty.request.NettyRequestSender - Using open Channel [id: 0xb083d4ec, L:/127.0.0.1:50937 - R:localhost/127.0.0.1:50685] for POST '/session/fabb2ffb76c94dcf75e21125cc463c12/execute/sync'
12:25:24.912 [AsyncHttpClient-1-2] DEBUG org.asynchttpclient.netty.handler.HttpHandler - 

Request DefaultHttpRequest(decodeResult: success, version: HTTP/1.1)
POST /session/fabb2ffb76c94dcf75e21125cc463c12/execute/sync HTTP/1.1
User-Agent: selenium/4.4.0 (java windows)
Content-Length: 48818
Content-Type: application/json; charset=utf-8
host: localhost:50685
accept: */*

Response DefaultHttpResponse(decodeResult: success, version: HTTP/1.1)
HTTP/1.1 200 OK
Content-Type: application/json; charset=utf-8
cache-control: no-cache
content-length: 14

12:25:24.912 [AsyncHttpClient-1-2] DEBUG org.asynchttpclient.netty.channel.ChannelManager - Adding key: http://localhost:50685 for channel [id: 0xb083d4ec, L:/127.0.0.1:50937 - R:localhost/127.0.0.1:50685]
12:25:24.947 [Forwarding findElement on session fabb2ffb76c94dcf75e21125cc463c12 to remote] DEBUG org.asynchttpclient.netty.request.NettyRequestSender - Using pooled Channel '[id: 0xb083d4ec, L:/127.0.0.1:50937 - R:localhost/127.0.0.1:50685]' for 'POST' to 'http://localhost:50685/session/fabb2ffb76c94dcf75e21125cc463c12/element'
12:25:24.947 [Forwarding findElement on session fabb2ffb76c94dcf75e21125cc463c12 to remote] DEBUG org.asynchttpclient.netty.request.NettyRequestSender - Using open Channel [id: 0xb083d4ec, L:/127.0.0.1:50937 - R:localhost/127.0.0.1:50685] for POST '/session/fabb2ffb76c94dcf75e21125cc463c12/element'
12:25:24.972 [AsyncHttpClient-1-2] DEBUG org.asynchttpclient.netty.handler.HttpHandler - 

Request DefaultHttpRequest(decodeResult: success, version: HTTP/1.1)
POST /session/fabb2ffb76c94dcf75e21125cc463c12/element HTTP/1.1
User-Agent: selenium/4.4.0 (java windows)
Content-Length: 75
Content-Type: application/json; charset=utf-8
host: localhost:50685
accept: */*

Response DefaultHttpResponse(decodeResult: success, version: HTTP/1.1)
HTTP/1.1 200 OK
Content-Type: application/json; charset=utf-8
cache-control: no-cache
content-length: 126

12:25:24.973 [AsyncHttpClient-1-2] DEBUG org.asynchttpclient.netty.channel.ChannelManager - Adding key: http://localhost:50685 for channel [id: 0xb083d4ec, L:/127.0.0.1:50937 - R:localhost/127.0.0.1:50685]
12:25:24.976 [Forwarding clickElement on session fabb2ffb76c94dcf75e21125cc463c12 to remote] DEBUG org.asynchttpclient.netty.request.NettyRequestSender - Using pooled Channel '[id: 0xb083d4ec, L:/127.0.0.1:50937 - R:localhost/127.0.0.1:50685]' for 'POST' to 'http://localhost:50685/session/fabb2ffb76c94dcf75e21125cc463c12/element/f.7E9A709675F02E7E9E4ECE1EF325ABA8.d.DF3178B062932CD9FB415EEC70DB0770.e.90/click'
12:25:24.976 [Forwarding clickElement on session fabb2ffb76c94dcf75e21125cc463c12 to remote] DEBUG org.asynchttpclient.netty.request.NettyRequestSender - Using open Channel [id: 0xb083d4ec, L:/127.0.0.1:50937 - R:localhost/127.0.0.1:50685] for POST '/session/fabb2ffb76c94dcf75e21125cc463c12/element/f.7E9A709675F02E7E9E4ECE1EF325ABA8.d.DF3178B062932CD9FB415EEC70DB0770.e.90/click'
12:25:25.109 [AsyncHttpClient-1-2] DEBUG org.asynchttpclient.netty.handler.HttpHandler - 

Request DefaultHttpRequest(decodeResult: success, version: HTTP/1.1)
POST /session/fabb2ffb76c94dcf75e21125cc463c12/element/f.7E9A709675F02E7E9E4ECE1EF325ABA8.d.DF3178B062932CD9FB415EEC70DB0770.e.90/click HTTP/1.1
User-Agent: selenium/4.4.0 (java windows)
Content-Length: 88
Content-Type: application/json; charset=utf-8
host: localhost:50685
accept: */*

Response DefaultHttpResponse(decodeResult: success, version: HTTP/1.1)
HTTP/1.1 200 OK
Content-Type: application/json; charset=utf-8
cache-control: no-cache
content-length: 14

12:25:25.109 [AsyncHttpClient-1-2] DEBUG org.asynchttpclient.netty.channel.ChannelManager - Adding key: http://localhost:50685 for channel [id: 0xb083d4ec, L:/127.0.0.1:50937 - R:localhost/127.0.0.1:50685]
12:25:25.151 [Forwarding getCurrentWindowHandle on session fabb2ffb76c94dcf75e21125cc463c12 to remote] DEBUG org.asynchttpclient.netty.request.NettyRequestSender - Using pooled Channel '[id: 0xb083d4ec, L:/127.0.0.1:50937 - R:localhost/127.0.0.1:50685]' for 'GET' to 'http://localhost:50685/session/fabb2ffb76c94dcf75e21125cc463c12/window'
12:25:25.152 [Forwarding getCurrentWindowHandle on session fabb2ffb76c94dcf75e21125cc463c12 to remote] DEBUG org.asynchttpclient.netty.request.NettyRequestSender - Using open Channel [id: 0xb083d4ec, L:/127.0.0.1:50937 - R:localhost/127.0.0.1:50685] for GET '/session/fabb2ffb76c94dcf75e21125cc463c12/window'
12:25:25.156 [AsyncHttpClient-1-2] DEBUG org.asynchttpclient.netty.handler.HttpHandler - 

Request DefaultFullHttpRequest(decodeResult: success, version: HTTP/1.1, content: EmptyByteBufBE)
GET /session/fabb2ffb76c94dcf75e21125cc463c12/window HTTP/1.1
User-Agent: selenium/4.4.0 (java windows)
Cache-Control: no-cache
Content-Type: application/json; charset=utf-8
host: localhost:50685
accept: */*

Response DefaultHttpResponse(decodeResult: success, version: HTTP/1.1)
HTTP/1.1 200 OK
Content-Type: application/json; charset=utf-8
cache-control: no-cache
content-length: 44

12:25:25.156 [AsyncHttpClient-1-2] DEBUG org.asynchttpclient.netty.channel.ChannelManager - Adding key: http://localhost:50685 for channel [id: 0xb083d4ec, L:/127.0.0.1:50937 - R:localhost/127.0.0.1:50685]
12:25:25.169 [Forwarding getAlertText on session fabb2ffb76c94dcf75e21125cc463c12 to remote] DEBUG org.asynchttpclient.netty.request.NettyRequestSender - Using pooled Channel '[id: 0xb083d4ec, L:/127.0.0.1:50937 - R:localhost/127.0.0.1:50685]' for 'GET' to 'http://localhost:50685/session/fabb2ffb76c94dcf75e21125cc463c12/alert/text'
12:25:25.169 [Forwarding getAlertText on session fabb2ffb76c94dcf75e21125cc463c12 to remote] DEBUG org.asynchttpclient.netty.request.NettyRequestSender - Using open Channel [id: 0xb083d4ec, L:/127.0.0.1:50937 - R:localhost/127.0.0.1:50685] for GET '/session/fabb2ffb76c94dcf75e21125cc463c12/alert/text'
12:25:25.177 [AsyncHttpClient-1-2] DEBUG org.asynchttpclient.netty.handler.HttpHandler - 

Request DefaultFullHttpRequest(decodeResult: success, version: HTTP/1.1, content: EmptyByteBufBE)
GET /session/fabb2ffb76c94dcf75e21125cc463c12/alert/text HTTP/1.1
User-Agent: selenium/4.4.0 (java windows)
Cache-Control: no-cache
Content-Type: application/json; charset=utf-8
host: localhost:50685
accept: */*

Response DefaultHttpResponse(decodeResult: success, version: HTTP/1.1)
HTTP/1.1 404 Not Found
Content-Type: application/json; charset=utf-8
cache-control: no-cache
content-length: 1045

12:25:25.177 [AsyncHttpClient-1-2] DEBUG org.asynchttpclient.netty.channel.ChannelManager - Adding key: http://localhost:50685 for channel [id: 0xb083d4ec, L:/127.0.0.1:50937 - R:localhost/127.0.0.1:50685]
12:25:25.191 [Forwarding switchToWindow on session fabb2ffb76c94dcf75e21125cc463c12 to remote] DEBUG org.asynchttpclient.netty.request.NettyRequestSender - Using pooled Channel '[id: 0xb083d4ec, L:/127.0.0.1:50937 - R:localhost/127.0.0.1:50685]' for 'POST' to 'http://localhost:50685/session/fabb2ffb76c94dcf75e21125cc463c12/window'
12:25:25.191 [Forwarding switchToWindow on session fabb2ffb76c94dcf75e21125cc463c12 to remote] DEBUG org.asynchttpclient.netty.request.NettyRequestSender - Using open Channel [id: 0xb083d4ec, L:/127.0.0.1:50937 - R:localhost/127.0.0.1:50685] for POST '/session/fabb2ffb76c94dcf75e21125cc463c12/window'
12:25:25.204 [AsyncHttpClient-1-2] DEBUG org.asynchttpclient.netty.handler.HttpHandler - 

Request DefaultHttpRequest(decodeResult: success, version: HTTP/1.1)
POST /session/fabb2ffb76c94dcf75e21125cc463c12/window HTTP/1.1
User-Agent: selenium/4.4.0 (java windows)
Content-Length: 50
Content-Type: application/json; charset=utf-8
host: localhost:50685
accept: */*

Response DefaultHttpResponse(decodeResult: success, version: HTTP/1.1)
HTTP/1.1 200 OK
Content-Type: application/json; charset=utf-8
cache-control: no-cache
content-length: 14

12:25:25.205 [AsyncHttpClient-1-2] DEBUG org.asynchttpclient.netty.channel.ChannelManager - Adding key: http://localhost:50685 for channel [id: 0xb083d4ec, L:/127.0.0.1:50937 - R:localhost/127.0.0.1:50685]
12:25:25.207 [Forwarding getCurrentUrl on session fabb2ffb76c94dcf75e21125cc463c12 to remote] DEBUG org.asynchttpclient.netty.request.NettyRequestSender - Using pooled Channel '[id: 0xb083d4ec, L:/127.0.0.1:50937 - R:localhost/127.0.0.1:50685]' for 'GET' to 'http://localhost:50685/session/fabb2ffb76c94dcf75e21125cc463c12/url'
12:25:25.207 [Forwarding getCurrentUrl on session fabb2ffb76c94dcf75e21125cc463c12 to remote] DEBUG org.asynchttpclient.netty.request.NettyRequestSender - Using open Channel [id: 0xb083d4ec, L:/127.0.0.1:50937 - R:localhost/127.0.0.1:50685] for GET '/session/fabb2ffb76c94dcf75e21125cc463c12/url'
12:25:25.217 [AsyncHttpClient-1-2] DEBUG org.asynchttpclient.netty.handler.HttpHandler - 

Request DefaultFullHttpRequest(decodeResult: success, version: HTTP/1.1, content: EmptyByteBufBE)
GET /session/fabb2ffb76c94dcf75e21125cc463c12/url HTTP/1.1
User-Agent: selenium/4.4.0 (java windows)
Cache-Control: no-cache
Content-Type: application/json; charset=utf-8
host: localhost:50685
accept: */*

Response DefaultHttpResponse(decodeResult: success, version: HTTP/1.1)
HTTP/1.1 200 OK
Content-Type: application/json; charset=utf-8
cache-control: no-cache
content-length: 38

12:25:25.217 [AsyncHttpClient-1-2] DEBUG org.asynchttpclient.netty.channel.ChannelManager - Adding key: http://localhost:50685 for channel [id: 0xb083d4ec, L:/127.0.0.1:50937 - R:localhost/127.0.0.1:50685]
12:25:25.219 [Forwarding screenshot on session fabb2ffb76c94dcf75e21125cc463c12 to remote] DEBUG org.asynchttpclient.netty.request.NettyRequestSender - Using pooled Channel '[id: 0xb083d4ec, L:/127.0.0.1:50937 - R:localhost/127.0.0.1:50685]' for 'GET' to 'http://localhost:50685/session/fabb2ffb76c94dcf75e21125cc463c12/screenshot'
12:25:25.219 [Forwarding screenshot on session fabb2ffb76c94dcf75e21125cc463c12 to remote] DEBUG org.asynchttpclient.netty.request.NettyRequestSender - Using open Channel [id: 0xb083d4ec, L:/127.0.0.1:50937 - R:localhost/127.0.0.1:50685] for GET '/session/fabb2ffb76c94dcf75e21125cc463c12/screenshot'
12:25:25.346 [AsyncHttpClient-1-2] DEBUG org.asynchttpclient.netty.handler.HttpHandler - 

Request DefaultFullHttpRequest(decodeResult: success, version: HTTP/1.1, content: EmptyByteBufBE)
GET /session/fabb2ffb76c94dcf75e21125cc463c12/screenshot HTTP/1.1
User-Agent: selenium/4.4.0 (java windows)
Cache-Control: no-cache
Content-Type: application/json; charset=utf-8
host: localhost:50685
accept: */*

Response DefaultHttpResponse(decodeResult: success, version: HTTP/1.1)
HTTP/1.1 200 OK
Content-Type: application/json; charset=utf-8
cache-control: no-cache
content-length: 364492

12:25:25.359 [AsyncHttpClient-1-2] DEBUG org.asynchttpclient.netty.channel.ChannelManager - Adding key: http://localhost:50685 for channel [id: 0xb083d4ec, L:/127.0.0.1:50937 - R:localhost/127.0.0.1:50685]
12:25:25.371 [Test worker] DEBUG net.serenitybdd.core.photography.Darkroom - Send negative for processing for C:\Users\pcnit\Downloads\TestE2E\target\site\serenity\d635210fcb3d9d4bb95ab03ae4ad7c04ded676ffb160a9c5eabf301481078ce5.png
12:25:25.372 [Darkroom Processing Line] DEBUG net.serenitybdd.core.photography.DarkroomProcessingLine - Processing screenshot image in /var/screenshots/screenshot-229697907548228355
12:25:25.372 [Darkroom Processing Line] DEBUG net.serenitybdd.core.photography.DarkroomProcessingLine - Saving screenshot to C:\Users\pcnit\Downloads\TestE2E\target\site\serenity\d635210fcb3d9d4bb95ab03ae4ad7c04ded676ffb160a9c5eabf301481078ce5.png
12:25:25.386 [Forwarding getPageSource on session fabb2ffb76c94dcf75e21125cc463c12 to remote] DEBUG org.asynchttpclient.netty.request.NettyRequestSender - Using pooled Channel '[id: 0xb083d4ec, L:/127.0.0.1:50937 - R:localhost/127.0.0.1:50685]' for 'POST' to 'http://localhost:50685/session/fabb2ffb76c94dcf75e21125cc463c12/execute/sync'
12:25:25.386 [Forwarding getPageSource on session fabb2ffb76c94dcf75e21125cc463c12 to remote] DEBUG org.asynchttpclient.netty.request.NettyRequestSender - Using open Channel [id: 0xb083d4ec, L:/127.0.0.1:50937 - R:localhost/127.0.0.1:50685] for POST '/session/fabb2ffb76c94dcf75e21125cc463c12/execute/sync'
12:25:25.400 [AsyncHttpClient-1-2] DEBUG org.asynchttpclient.netty.handler.HttpHandler - 

Request DefaultHttpRequest(decodeResult: success, version: HTTP/1.1)
POST /session/fabb2ffb76c94dcf75e21125cc463c12/execute/sync HTTP/1.1
User-Agent: selenium/4.4.0 (java windows)
Content-Length: 176
Content-Type: application/json; charset=utf-8
host: localhost:50685
accept: */*

Response DefaultHttpResponse(decodeResult: success, version: HTTP/1.1)
HTTP/1.1 200 OK
Content-Type: application/json; charset=utf-8
cache-control: no-cache
content-length: 57426

12:25:25.401 [AsyncHttpClient-1-2] DEBUG org.asynchttpclient.netty.channel.ChannelManager - Adding key: http://localhost:50685 for channel [id: 0xb083d4ec, L:/127.0.0.1:50937 - R:localhost/127.0.0.1:50685]
12:25:25.410 [Forwarding getCurrentUrl on session fabb2ffb76c94dcf75e21125cc463c12 to remote] DEBUG org.asynchttpclient.netty.request.NettyRequestSender - Using pooled Channel '[id: 0xb083d4ec, L:/127.0.0.1:50937 - R:localhost/127.0.0.1:50685]' for 'GET' to 'http://localhost:50685/session/fabb2ffb76c94dcf75e21125cc463c12/url'
12:25:25.410 [Forwarding getCurrentUrl on session fabb2ffb76c94dcf75e21125cc463c12 to remote] DEBUG org.asynchttpclient.netty.request.NettyRequestSender - Using open Channel [id: 0xb083d4ec, L:/127.0.0.1:50937 - R:localhost/127.0.0.1:50685] for GET '/session/fabb2ffb76c94dcf75e21125cc463c12/url'
12:25:25.426 [AsyncHttpClient-1-2] DEBUG org.asynchttpclient.netty.handler.HttpHandler - 

Request DefaultFullHttpRequest(decodeResult: success, version: HTTP/1.1, content: EmptyByteBufBE)
GET /session/fabb2ffb76c94dcf75e21125cc463c12/url HTTP/1.1
User-Agent: selenium/4.4.0 (java windows)
Cache-Control: no-cache
Content-Type: application/json; charset=utf-8
host: localhost:50685
accept: */*

Response DefaultHttpResponse(decodeResult: success, version: HTTP/1.1)
HTTP/1.1 200 OK
Content-Type: application/json; charset=utf-8
cache-control: no-cache
content-length: 38

12:25:25.427 [AsyncHttpClient-1-2] DEBUG org.asynchttpclient.netty.channel.ChannelManager - Adding key: http://localhost:50685 for channel [id: 0xb083d4ec, L:/127.0.0.1:50937 - R:localhost/127.0.0.1:50685]
12:25:25.481 [Forwarding getCurrentWindowHandle on session fabb2ffb76c94dcf75e21125cc463c12 to remote] DEBUG org.asynchttpclient.netty.request.NettyRequestSender - Using pooled Channel '[id: 0xb083d4ec, L:/127.0.0.1:50937 - R:localhost/127.0.0.1:50685]' for 'GET' to 'http://localhost:50685/session/fabb2ffb76c94dcf75e21125cc463c12/window'
12:25:25.481 [Forwarding getCurrentWindowHandle on session fabb2ffb76c94dcf75e21125cc463c12 to remote] DEBUG org.asynchttpclient.netty.request.NettyRequestSender - Using open Channel [id: 0xb083d4ec, L:/127.0.0.1:50937 - R:localhost/127.0.0.1:50685] for GET '/session/fabb2ffb76c94dcf75e21125cc463c12/window'
12:25:25.483 [AsyncHttpClient-1-1] DEBUG org.asynchttpclient.netty.channel.DefaultChannelPool - Entry count for : http://localhost:50938 : 1
12:25:25.490 [AsyncHttpClient-1-2] DEBUG org.asynchttpclient.netty.handler.HttpHandler - 

Request DefaultFullHttpRequest(decodeResult: success, version: HTTP/1.1, content: EmptyByteBufBE)
GET /session/fabb2ffb76c94dcf75e21125cc463c12/window HTTP/1.1
User-Agent: selenium/4.4.0 (java windows)
Cache-Control: no-cache
Content-Type: application/json; charset=utf-8
host: localhost:50685
accept: */*

Response DefaultHttpResponse(decodeResult: success, version: HTTP/1.1)
HTTP/1.1 200 OK
Content-Type: application/json; charset=utf-8
cache-control: no-cache
content-length: 44

12:25:25.491 [AsyncHttpClient-1-2] DEBUG org.asynchttpclient.netty.channel.ChannelManager - Adding key: http://localhost:50685 for channel [id: 0xb083d4ec, L:/127.0.0.1:50937 - R:localhost/127.0.0.1:50685]
12:25:25.505 [Forwarding getAlertText on session fabb2ffb76c94dcf75e21125cc463c12 to remote] DEBUG org.asynchttpclient.netty.request.NettyRequestSender - Using pooled Channel '[id: 0xb083d4ec, L:/127.0.0.1:50937 - R:localhost/127.0.0.1:50685]' for 'GET' to 'http://localhost:50685/session/fabb2ffb76c94dcf75e21125cc463c12/alert/text'
12:25:25.505 [Forwarding getAlertText on session fabb2ffb76c94dcf75e21125cc463c12 to remote] DEBUG org.asynchttpclient.netty.request.NettyRequestSender - Using open Channel [id: 0xb083d4ec, L:/127.0.0.1:50937 - R:localhost/127.0.0.1:50685] for GET '/session/fabb2ffb76c94dcf75e21125cc463c12/alert/text'
12:25:25.784 [AsyncHttpClient-1-2] DEBUG org.asynchttpclient.netty.handler.HttpHandler - 

Request DefaultFullHttpRequest(decodeResult: success, version: HTTP/1.1, content: EmptyByteBufBE)
GET /session/fabb2ffb76c94dcf75e21125cc463c12/alert/text HTTP/1.1
User-Agent: selenium/4.4.0 (java windows)
Cache-Control: no-cache
Content-Type: application/json; charset=utf-8
host: localhost:50685
accept: */*

Response DefaultHttpResponse(decodeResult: success, version: HTTP/1.1)
HTTP/1.1 404 Not Found
Content-Type: application/json; charset=utf-8
cache-control: no-cache
content-length: 1045

12:25:25.784 [AsyncHttpClient-1-2] DEBUG org.asynchttpclient.netty.channel.ChannelManager - Adding key: http://localhost:50685 for channel [id: 0xb083d4ec, L:/127.0.0.1:50937 - R:localhost/127.0.0.1:50685]
12:25:25.797 [Forwarding switchToWindow on session fabb2ffb76c94dcf75e21125cc463c12 to remote] DEBUG org.asynchttpclient.netty.request.NettyRequestSender - Using pooled Channel '[id: 0xb083d4ec, L:/127.0.0.1:50937 - R:localhost/127.0.0.1:50685]' for 'POST' to 'http://localhost:50685/session/fabb2ffb76c94dcf75e21125cc463c12/window'
12:25:25.799 [Forwarding switchToWindow on session fabb2ffb76c94dcf75e21125cc463c12 to remote] DEBUG org.asynchttpclient.netty.request.NettyRequestSender - Using open Channel [id: 0xb083d4ec, L:/127.0.0.1:50937 - R:localhost/127.0.0.1:50685] for POST '/session/fabb2ffb76c94dcf75e21125cc463c12/window'
12:25:25.805 [AsyncHttpClient-1-2] DEBUG org.asynchttpclient.netty.handler.HttpHandler - 

Request DefaultHttpRequest(decodeResult: success, version: HTTP/1.1)
POST /session/fabb2ffb76c94dcf75e21125cc463c12/window HTTP/1.1
User-Agent: selenium/4.4.0 (java windows)
Content-Length: 50
Content-Type: application/json; charset=utf-8
host: localhost:50685
accept: */*

Response DefaultHttpResponse(decodeResult: success, version: HTTP/1.1)
HTTP/1.1 200 OK
Content-Type: application/json; charset=utf-8
cache-control: no-cache
content-length: 14

12:25:25.806 [AsyncHttpClient-1-2] DEBUG org.asynchttpclient.netty.channel.ChannelManager - Adding key: http://localhost:50685 for channel [id: 0xb083d4ec, L:/127.0.0.1:50937 - R:localhost/127.0.0.1:50685]
12:25:25.808 [Forwarding getCurrentUrl on session fabb2ffb76c94dcf75e21125cc463c12 to remote] DEBUG org.asynchttpclient.netty.request.NettyRequestSender - Using pooled Channel '[id: 0xb083d4ec, L:/127.0.0.1:50937 - R:localhost/127.0.0.1:50685]' for 'GET' to 'http://localhost:50685/session/fabb2ffb76c94dcf75e21125cc463c12/url'
12:25:25.808 [Forwarding getCurrentUrl on session fabb2ffb76c94dcf75e21125cc463c12 to remote] DEBUG org.asynchttpclient.netty.request.NettyRequestSender - Using open Channel [id: 0xb083d4ec, L:/127.0.0.1:50937 - R:localhost/127.0.0.1:50685] for GET '/session/fabb2ffb76c94dcf75e21125cc463c12/url'
12:25:25.820 [AsyncHttpClient-1-2] DEBUG org.asynchttpclient.netty.handler.HttpHandler - 

Request DefaultFullHttpRequest(decodeResult: success, version: HTTP/1.1, content: EmptyByteBufBE)
GET /session/fabb2ffb76c94dcf75e21125cc463c12/url HTTP/1.1
User-Agent: selenium/4.4.0 (java windows)
Cache-Control: no-cache
Content-Type: application/json; charset=utf-8
host: localhost:50685
accept: */*

Response DefaultHttpResponse(decodeResult: success, version: HTTP/1.1)
HTTP/1.1 200 OK
Content-Type: application/json; charset=utf-8
cache-control: no-cache
content-length: 38

12:25:25.820 [AsyncHttpClient-1-2] DEBUG org.asynchttpclient.netty.channel.ChannelManager - Adding key: http://localhost:50685 for channel [id: 0xb083d4ec, L:/127.0.0.1:50937 - R:localhost/127.0.0.1:50685]
12:25:25.822 [Forwarding screenshot on session fabb2ffb76c94dcf75e21125cc463c12 to remote] DEBUG org.asynchttpclient.netty.request.NettyRequestSender - Using pooled Channel '[id: 0xb083d4ec, L:/127.0.0.1:50937 - R:localhost/127.0.0.1:50685]' for 'GET' to 'http://localhost:50685/session/fabb2ffb76c94dcf75e21125cc463c12/screenshot'
12:25:25.822 [Forwarding screenshot on session fabb2ffb76c94dcf75e21125cc463c12 to remote] DEBUG org.asynchttpclient.netty.request.NettyRequestSender - Using open Channel [id: 0xb083d4ec, L:/127.0.0.1:50937 - R:localhost/127.0.0.1:50685] for GET '/session/fabb2ffb76c94dcf75e21125cc463c12/screenshot'
12:25:25.985 [AsyncHttpClient-1-2] DEBUG org.asynchttpclient.netty.handler.HttpHandler - 

Request DefaultFullHttpRequest(decodeResult: success, version: HTTP/1.1, content: EmptyByteBufBE)
GET /session/fabb2ffb76c94dcf75e21125cc463c12/screenshot HTTP/1.1
User-Agent: selenium/4.4.0 (java windows)
Cache-Control: no-cache
Content-Type: application/json; charset=utf-8
host: localhost:50685
accept: */*

Response DefaultHttpResponse(decodeResult: success, version: HTTP/1.1)
HTTP/1.1 200 OK
Content-Type: application/json; charset=utf-8
cache-control: no-cache
content-length: 464800

12:25:25.994 [AsyncHttpClient-1-2] DEBUG org.asynchttpclient.netty.channel.ChannelManager - Adding key: http://localhost:50685 for channel [id: 0xb083d4ec, L:/127.0.0.1:50937 - R:localhost/127.0.0.1:50685]
12:25:26.006 [Test worker] DEBUG net.serenitybdd.core.photography.Darkroom - Send negative for processing for C:\Users\pcnit\Downloads\TestE2E\target\site\serenity\2ac14f3503aa4f4136ded81e93839c1aca58772ca25c1a176432768d65e0997c.png
12:25:26.007 [Test worker] DEBUG net.thucydides.core.steps.StepInterceptor - STEP DONE: {0} clicks on #target
12:25:26.045 [Test worker] DEBUG net.thucydides.core.steps.StepInterceptor - STEP DONE: performAs
  ?[32mCuando ?[0m?[32mLogin ingresa las credenciales?[0m                  ?[90m# co.com.screemplay.project.stepdefinition.CompleteStep.login()?[0m
12:25:26.093 [Forwarding getCurrentWindowHandle on session fabb2ffb76c94dcf75e21125cc463c12 to remote] DEBUG org.asynchttpclient.netty.request.NettyRequestSender - Using pooled Channel '[id: 0xb083d4ec, L:/127.0.0.1:50937 - R:localhost/127.0.0.1:50685]' for 'GET' to 'http://localhost:50685/session/fabb2ffb76c94dcf75e21125cc463c12/window'
12:25:26.094 [Forwarding getCurrentWindowHandle on session fabb2ffb76c94dcf75e21125cc463c12 to remote] DEBUG org.asynchttpclient.netty.request.NettyRequestSender - Using open Channel [id: 0xb083d4ec, L:/127.0.0.1:50937 - R:localhost/127.0.0.1:50685] for GET '/session/fabb2ffb76c94dcf75e21125cc463c12/window'
12:25:26.099 [AsyncHttpClient-1-2] DEBUG org.asynchttpclient.netty.handler.HttpHandler - 

Request DefaultFullHttpRequest(decodeResult: success, version: HTTP/1.1, content: EmptyByteBufBE)
GET /session/fabb2ffb76c94dcf75e21125cc463c12/window HTTP/1.1
User-Agent: selenium/4.4.0 (java windows)
Cache-Control: no-cache
Content-Type: application/json; charset=utf-8
host: localhost:50685
accept: */*

Response DefaultHttpResponse(decodeResult: success, version: HTTP/1.1)
HTTP/1.1 200 OK
Content-Type: application/json; charset=utf-8
cache-control: no-cache
content-length: 44

12:25:26.100 [AsyncHttpClient-1-2] DEBUG org.asynchttpclient.netty.channel.ChannelManager - Adding key: http://localhost:50685 for channel [id: 0xb083d4ec, L:/127.0.0.1:50937 - R:localhost/127.0.0.1:50685]
12:25:26.113 [Forwarding getAlertText on session fabb2ffb76c94dcf75e21125cc463c12 to remote] DEBUG org.asynchttpclient.netty.request.NettyRequestSender - Using pooled Channel '[id: 0xb083d4ec, L:/127.0.0.1:50937 - R:localhost/127.0.0.1:50685]' for 'GET' to 'http://localhost:50685/session/fabb2ffb76c94dcf75e21125cc463c12/alert/text'
12:25:26.113 [Forwarding getAlertText on session fabb2ffb76c94dcf75e21125cc463c12 to remote] DEBUG org.asynchttpclient.netty.request.NettyRequestSender - Using open Channel [id: 0xb083d4ec, L:/127.0.0.1:50937 - R:localhost/127.0.0.1:50685] for GET '/session/fabb2ffb76c94dcf75e21125cc463c12/alert/text'
12:25:26.119 [AsyncHttpClient-1-2] DEBUG org.asynchttpclient.netty.handler.HttpHandler - 

Request DefaultFullHttpRequest(decodeResult: success, version: HTTP/1.1, content: EmptyByteBufBE)
GET /session/fabb2ffb76c94dcf75e21125cc463c12/alert/text HTTP/1.1
User-Agent: selenium/4.4.0 (java windows)
Cache-Control: no-cache
Content-Type: application/json; charset=utf-8
host: localhost:50685
accept: */*

Response DefaultHttpResponse(decodeResult: success, version: HTTP/1.1)
HTTP/1.1 404 Not Found
Content-Type: application/json; charset=utf-8
cache-control: no-cache
content-length: 1045

12:25:26.120 [AsyncHttpClient-1-2] DEBUG org.asynchttpclient.netty.channel.ChannelManager - Adding key: http://localhost:50685 for channel [id: 0xb083d4ec, L:/127.0.0.1:50937 - R:localhost/127.0.0.1:50685]
12:25:26.133 [Forwarding switchToWindow on session fabb2ffb76c94dcf75e21125cc463c12 to remote] DEBUG org.asynchttpclient.netty.request.NettyRequestSender - Using pooled Channel '[id: 0xb083d4ec, L:/127.0.0.1:50937 - R:localhost/127.0.0.1:50685]' for 'POST' to 'http://localhost:50685/session/fabb2ffb76c94dcf75e21125cc463c12/window'
12:25:26.133 [Forwarding switchToWindow on session fabb2ffb76c94dcf75e21125cc463c12 to remote] DEBUG org.asynchttpclient.netty.request.NettyRequestSender - Using open Channel [id: 0xb083d4ec, L:/127.0.0.1:50937 - R:localhost/127.0.0.1:50685] for POST '/session/fabb2ffb76c94dcf75e21125cc463c12/window'
12:25:26.136 [AsyncHttpClient-1-2] DEBUG org.asynchttpclient.netty.handler.HttpHandler - 

Request DefaultHttpRequest(decodeResult: success, version: HTTP/1.1)
POST /session/fabb2ffb76c94dcf75e21125cc463c12/window HTTP/1.1
User-Agent: selenium/4.4.0 (java windows)
Content-Length: 50
Content-Type: application/json; charset=utf-8
host: localhost:50685
accept: */*

Response DefaultHttpResponse(decodeResult: success, version: HTTP/1.1)
HTTP/1.1 200 OK
Content-Type: application/json; charset=utf-8
cache-control: no-cache
content-length: 14

12:25:26.137 [AsyncHttpClient-1-2] DEBUG org.asynchttpclient.netty.channel.ChannelManager - Adding key: http://localhost:50685 for channel [id: 0xb083d4ec, L:/127.0.0.1:50937 - R:localhost/127.0.0.1:50685]
12:25:26.140 [Forwarding getCurrentUrl on session fabb2ffb76c94dcf75e21125cc463c12 to remote] DEBUG org.asynchttpclient.netty.request.NettyRequestSender - Using pooled Channel '[id: 0xb083d4ec, L:/127.0.0.1:50937 - R:localhost/127.0.0.1:50685]' for 'GET' to 'http://localhost:50685/session/fabb2ffb76c94dcf75e21125cc463c12/url'
12:25:26.140 [Forwarding getCurrentUrl on session fabb2ffb76c94dcf75e21125cc463c12 to remote] DEBUG org.asynchttpclient.netty.request.NettyRequestSender - Using open Channel [id: 0xb083d4ec, L:/127.0.0.1:50937 - R:localhost/127.0.0.1:50685] for GET '/session/fabb2ffb76c94dcf75e21125cc463c12/url'
12:25:26.150 [AsyncHttpClient-1-2] DEBUG org.asynchttpclient.netty.handler.HttpHandler - 

Request DefaultFullHttpRequest(decodeResult: success, version: HTTP/1.1, content: EmptyByteBufBE)
GET /session/fabb2ffb76c94dcf75e21125cc463c12/url HTTP/1.1
User-Agent: selenium/4.4.0 (java windows)
Cache-Control: no-cache
Content-Type: application/json; charset=utf-8
host: localhost:50685
accept: */*

Response DefaultHttpResponse(decodeResult: success, version: HTTP/1.1)
HTTP/1.1 200 OK
Content-Type: application/json; charset=utf-8
cache-control: no-cache
content-length: 38

12:25:26.150 [AsyncHttpClient-1-2] DEBUG org.asynchttpclient.netty.channel.ChannelManager - Adding key: http://localhost:50685 for channel [id: 0xb083d4ec, L:/127.0.0.1:50937 - R:localhost/127.0.0.1:50685]
12:25:26.152 [Forwarding screenshot on session fabb2ffb76c94dcf75e21125cc463c12 to remote] DEBUG org.asynchttpclient.netty.request.NettyRequestSender - Using pooled Channel '[id: 0xb083d4ec, L:/127.0.0.1:50937 - R:localhost/127.0.0.1:50685]' for 'GET' to 'http://localhost:50685/session/fabb2ffb76c94dcf75e21125cc463c12/screenshot'
12:25:26.152 [Forwarding screenshot on session fabb2ffb76c94dcf75e21125cc463c12 to remote] DEBUG org.asynchttpclient.netty.request.NettyRequestSender - Using open Channel [id: 0xb083d4ec, L:/127.0.0.1:50937 - R:localhost/127.0.0.1:50685] for GET '/session/fabb2ffb76c94dcf75e21125cc463c12/screenshot'
12:25:26.336 [AsyncHttpClient-1-2] DEBUG org.asynchttpclient.netty.handler.HttpHandler - 

Request DefaultFullHttpRequest(decodeResult: success, version: HTTP/1.1, content: EmptyByteBufBE)
GET /session/fabb2ffb76c94dcf75e21125cc463c12/screenshot HTTP/1.1
User-Agent: selenium/4.4.0 (java windows)
Cache-Control: no-cache
Content-Type: application/json; charset=utf-8
host: localhost:50685
accept: */*

Response DefaultHttpResponse(decodeResult: success, version: HTTP/1.1)
HTTP/1.1 200 OK
Content-Type: application/json; charset=utf-8
cache-control: no-cache
content-length: 493236

12:25:26.337 [AsyncHttpClient-1-2] DEBUG org.asynchttpclient.netty.channel.ChannelManager - Adding key: http://localhost:50685 for channel [id: 0xb083d4ec, L:/127.0.0.1:50937 - R:localhost/127.0.0.1:50685]
12:25:26.348 [Test worker] DEBUG net.serenitybdd.core.photography.Darkroom - Send negative for processing for C:\Users\pcnit\Downloads\TestE2E\target\site\serenity\072e345a335519615d1ce197552aabc3cad65ae02d44423445de67958a293c65.png
12:25:26.373 [Forwarding getPageSource on session fabb2ffb76c94dcf75e21125cc463c12 to remote] DEBUG org.asynchttpclient.netty.request.NettyRequestSender - Using pooled Channel '[id: 0xb083d4ec, L:/127.0.0.1:50937 - R:localhost/127.0.0.1:50685]' for 'POST' to 'http://localhost:50685/session/fabb2ffb76c94dcf75e21125cc463c12/execute/sync'
12:25:26.373 [Forwarding getPageSource on session fabb2ffb76c94dcf75e21125cc463c12 to remote] DEBUG org.asynchttpclient.netty.request.NettyRequestSender - Using open Channel [id: 0xb083d4ec, L:/127.0.0.1:50937 - R:localhost/127.0.0.1:50685] for POST '/session/fabb2ffb76c94dcf75e21125cc463c12/execute/sync'
12:25:26.383 [AsyncHttpClient-1-2] DEBUG org.asynchttpclient.netty.handler.HttpHandler - 

Request DefaultHttpRequest(decodeResult: success, version: HTTP/1.1)
POST /session/fabb2ffb76c94dcf75e21125cc463c12/execute/sync HTTP/1.1
User-Agent: selenium/4.4.0 (java windows)
Content-Length: 176
Content-Type: application/json; charset=utf-8
host: localhost:50685
accept: */*

Response DefaultHttpResponse(decodeResult: success, version: HTTP/1.1)
HTTP/1.1 200 OK
Content-Type: application/json; charset=utf-8
cache-control: no-cache
content-length: 57322

12:25:26.383 [AsyncHttpClient-1-2] DEBUG org.asynchttpclient.netty.channel.ChannelManager - Adding key: http://localhost:50685 for channel [id: 0xb083d4ec, L:/127.0.0.1:50937 - R:localhost/127.0.0.1:50685]
12:25:26.390 [Forwarding getCurrentUrl on session fabb2ffb76c94dcf75e21125cc463c12 to remote] DEBUG org.asynchttpclient.netty.request.NettyRequestSender - Using pooled Channel '[id: 0xb083d4ec, L:/127.0.0.1:50937 - R:localhost/127.0.0.1:50685]' for 'GET' to 'http://localhost:50685/session/fabb2ffb76c94dcf75e21125cc463c12/url'
12:25:26.390 [Forwarding getCurrentUrl on session fabb2ffb76c94dcf75e21125cc463c12 to remote] DEBUG org.asynchttpclient.netty.request.NettyRequestSender - Using open Channel [id: 0xb083d4ec, L:/127.0.0.1:50937 - R:localhost/127.0.0.1:50685] for GET '/session/fabb2ffb76c94dcf75e21125cc463c12/url'
12:25:26.398 [AsyncHttpClient-1-2] DEBUG org.asynchttpclient.netty.handler.HttpHandler - 

Request DefaultFullHttpRequest(decodeResult: success, version: HTTP/1.1, content: EmptyByteBufBE)
GET /session/fabb2ffb76c94dcf75e21125cc463c12/url HTTP/1.1
User-Agent: selenium/4.4.0 (java windows)
Cache-Control: no-cache
Content-Type: application/json; charset=utf-8
host: localhost:50685
accept: */*

Response DefaultHttpResponse(decodeResult: success, version: HTTP/1.1)
HTTP/1.1 200 OK
Content-Type: application/json; charset=utf-8
cache-control: no-cache
content-length: 38

12:25:26.398 [AsyncHttpClient-1-2] DEBUG org.asynchttpclient.netty.channel.ChannelManager - Adding key: http://localhost:50685 for channel [id: 0xb083d4ec, L:/127.0.0.1:50937 - R:localhost/127.0.0.1:50685]
12:25:26.439 [Forwarding getCurrentWindowHandle on session fabb2ffb76c94dcf75e21125cc463c12 to remote] DEBUG org.asynchttpclient.netty.request.NettyRequestSender - Using pooled Channel '[id: 0xb083d4ec, L:/127.0.0.1:50937 - R:localhost/127.0.0.1:50685]' for 'GET' to 'http://localhost:50685/session/fabb2ffb76c94dcf75e21125cc463c12/window'
12:25:26.439 [Forwarding getCurrentWindowHandle on session fabb2ffb76c94dcf75e21125cc463c12 to remote] DEBUG org.asynchttpclient.netty.request.NettyRequestSender - Using open Channel [id: 0xb083d4ec, L:/127.0.0.1:50937 - R:localhost/127.0.0.1:50685] for GET '/session/fabb2ffb76c94dcf75e21125cc463c12/window'
12:25:26.442 [AsyncHttpClient-1-2] DEBUG org.asynchttpclient.netty.handler.HttpHandler - 

Request DefaultFullHttpRequest(decodeResult: success, version: HTTP/1.1, content: EmptyByteBufBE)
GET /session/fabb2ffb76c94dcf75e21125cc463c12/window HTTP/1.1
User-Agent: selenium/4.4.0 (java windows)
Cache-Control: no-cache
Content-Type: application/json; charset=utf-8
host: localhost:50685
accept: */*

Response DefaultHttpResponse(decodeResult: success, version: HTTP/1.1)
HTTP/1.1 200 OK
Content-Type: application/json; charset=utf-8
cache-control: no-cache
content-length: 44

12:25:26.442 [AsyncHttpClient-1-2] DEBUG org.asynchttpclient.netty.channel.ChannelManager - Adding key: http://localhost:50685 for channel [id: 0xb083d4ec, L:/127.0.0.1:50937 - R:localhost/127.0.0.1:50685]
12:25:26.451 [Forwarding getAlertText on session fabb2ffb76c94dcf75e21125cc463c12 to remote] DEBUG org.asynchttpclient.netty.request.NettyRequestSender - Using pooled Channel '[id: 0xb083d4ec, L:/127.0.0.1:50937 - R:localhost/127.0.0.1:50685]' for 'GET' to 'http://localhost:50685/session/fabb2ffb76c94dcf75e21125cc463c12/alert/text'
12:25:26.451 [Forwarding getAlertText on session fabb2ffb76c94dcf75e21125cc463c12 to remote] DEBUG org.asynchttpclient.netty.request.NettyRequestSender - Using open Channel [id: 0xb083d4ec, L:/127.0.0.1:50937 - R:localhost/127.0.0.1:50685] for GET '/session/fabb2ffb76c94dcf75e21125cc463c12/alert/text'
12:25:26.455 [AsyncHttpClient-1-2] DEBUG org.asynchttpclient.netty.handler.HttpHandler - 

Request DefaultFullHttpRequest(decodeResult: success, version: HTTP/1.1, content: EmptyByteBufBE)
GET /session/fabb2ffb76c94dcf75e21125cc463c12/alert/text HTTP/1.1
User-Agent: selenium/4.4.0 (java windows)
Cache-Control: no-cache
Content-Type: application/json; charset=utf-8
host: localhost:50685
accept: */*

Response DefaultHttpResponse(decodeResult: success, version: HTTP/1.1)
HTTP/1.1 404 Not Found
Content-Type: application/json; charset=utf-8
cache-control: no-cache
content-length: 1045

12:25:26.456 [AsyncHttpClient-1-2] DEBUG org.asynchttpclient.netty.channel.ChannelManager - Adding key: http://localhost:50685 for channel [id: 0xb083d4ec, L:/127.0.0.1:50937 - R:localhost/127.0.0.1:50685]
12:25:26.465 [Forwarding switchToWindow on session fabb2ffb76c94dcf75e21125cc463c12 to remote] DEBUG org.asynchttpclient.netty.request.NettyRequestSender - Using pooled Channel '[id: 0xb083d4ec, L:/127.0.0.1:50937 - R:localhost/127.0.0.1:50685]' for 'POST' to 'http://localhost:50685/session/fabb2ffb76c94dcf75e21125cc463c12/window'
12:25:26.465 [Forwarding switchToWindow on session fabb2ffb76c94dcf75e21125cc463c12 to remote] DEBUG org.asynchttpclient.netty.request.NettyRequestSender - Using open Channel [id: 0xb083d4ec, L:/127.0.0.1:50937 - R:localhost/127.0.0.1:50685] for POST '/session/fabb2ffb76c94dcf75e21125cc463c12/window'
12:25:26.474 [AsyncHttpClient-1-2] DEBUG org.asynchttpclient.netty.handler.HttpHandler - 

Request DefaultHttpRequest(decodeResult: success, version: HTTP/1.1)
POST /session/fabb2ffb76c94dcf75e21125cc463c12/window HTTP/1.1
User-Agent: selenium/4.4.0 (java windows)
Content-Length: 50
Content-Type: application/json; charset=utf-8
host: localhost:50685
accept: */*

Response DefaultHttpResponse(decodeResult: success, version: HTTP/1.1)
HTTP/1.1 200 OK
Content-Type: application/json; charset=utf-8
cache-control: no-cache
content-length: 14

12:25:26.474 [AsyncHttpClient-1-2] DEBUG org.asynchttpclient.netty.channel.ChannelManager - Adding key: http://localhost:50685 for channel [id: 0xb083d4ec, L:/127.0.0.1:50937 - R:localhost/127.0.0.1:50685]
12:25:26.476 [Forwarding getCurrentUrl on session fabb2ffb76c94dcf75e21125cc463c12 to remote] DEBUG org.asynchttpclient.netty.request.NettyRequestSender - Using pooled Channel '[id: 0xb083d4ec, L:/127.0.0.1:50937 - R:localhost/127.0.0.1:50685]' for 'GET' to 'http://localhost:50685/session/fabb2ffb76c94dcf75e21125cc463c12/url'
12:25:26.476 [Forwarding getCurrentUrl on session fabb2ffb76c94dcf75e21125cc463c12 to remote] DEBUG org.asynchttpclient.netty.request.NettyRequestSender - Using open Channel [id: 0xb083d4ec, L:/127.0.0.1:50937 - R:localhost/127.0.0.1:50685] for GET '/session/fabb2ffb76c94dcf75e21125cc463c12/url'
12:25:26.485 [AsyncHttpClient-1-2] DEBUG org.asynchttpclient.netty.handler.HttpHandler - 

Request DefaultFullHttpRequest(decodeResult: success, version: HTTP/1.1, content: EmptyByteBufBE)
GET /session/fabb2ffb76c94dcf75e21125cc463c12/url HTTP/1.1
User-Agent: selenium/4.4.0 (java windows)
Cache-Control: no-cache
Content-Type: application/json; charset=utf-8
host: localhost:50685
accept: */*

Response DefaultHttpResponse(decodeResult: success, version: HTTP/1.1)
HTTP/1.1 200 OK
Content-Type: application/json; charset=utf-8
cache-control: no-cache
content-length: 38

12:25:26.485 [AsyncHttpClient-1-2] DEBUG org.asynchttpclient.netty.channel.ChannelManager - Adding key: http://localhost:50685 for channel [id: 0xb083d4ec, L:/127.0.0.1:50937 - R:localhost/127.0.0.1:50685]
12:25:26.486 [Forwarding screenshot on session fabb2ffb76c94dcf75e21125cc463c12 to remote] DEBUG org.asynchttpclient.netty.request.NettyRequestSender - Using pooled Channel '[id: 0xb083d4ec, L:/127.0.0.1:50937 - R:localhost/127.0.0.1:50685]' for 'GET' to 'http://localhost:50685/session/fabb2ffb76c94dcf75e21125cc463c12/screenshot'
12:25:26.486 [Forwarding screenshot on session fabb2ffb76c94dcf75e21125cc463c12 to remote] DEBUG org.asynchttpclient.netty.request.NettyRequestSender - Using open Channel [id: 0xb083d4ec, L:/127.0.0.1:50937 - R:localhost/127.0.0.1:50685] for GET '/session/fabb2ffb76c94dcf75e21125cc463c12/screenshot'
12:25:26.582 [AsyncHttpClient-1-1] DEBUG org.asynchttpclient.netty.channel.DefaultChannelPool - Entry count for : http://localhost:50938 : 1
12:25:26.654 [AsyncHttpClient-1-2] DEBUG org.asynchttpclient.netty.handler.HttpHandler - 

Request DefaultFullHttpRequest(decodeResult: success, version: HTTP/1.1, content: EmptyByteBufBE)
GET /session/fabb2ffb76c94dcf75e21125cc463c12/screenshot HTTP/1.1
User-Agent: selenium/4.4.0 (java windows)
Cache-Control: no-cache
Content-Type: application/json; charset=utf-8
host: localhost:50685
accept: */*

Response DefaultHttpResponse(decodeResult: success, version: HTTP/1.1)
HTTP/1.1 200 OK
Content-Type: application/json; charset=utf-8
cache-control: no-cache
content-length: 664392

12:25:26.658 [AsyncHttpClient-1-2] DEBUG org.asynchttpclient.netty.channel.ChannelManager - Adding key: http://localhost:50685 for channel [id: 0xb083d4ec, L:/127.0.0.1:50937 - R:localhost/127.0.0.1:50685]
12:25:26.679 [Test worker] DEBUG net.serenitybdd.core.photography.Darkroom - Send negative for processing for C:\Users\pcnit\Downloads\TestE2E\target\site\serenity\f09f06bd7b2f3a9a14e7b58525a6579fdb5e69be9fcd371002bc1c7cc0b51f9b.png
12:25:26.688 [Forwarding getPageSource on session fabb2ffb76c94dcf75e21125cc463c12 to remote] DEBUG org.asynchttpclient.netty.request.NettyRequestSender - Using pooled Channel '[id: 0xb083d4ec, L:/127.0.0.1:50937 - R:localhost/127.0.0.1:50685]' for 'POST' to 'http://localhost:50685/session/fabb2ffb76c94dcf75e21125cc463c12/execute/sync'
12:25:26.688 [Forwarding getPageSource on session fabb2ffb76c94dcf75e21125cc463c12 to remote] DEBUG org.asynchttpclient.netty.request.NettyRequestSender - Using open Channel [id: 0xb083d4ec, L:/127.0.0.1:50937 - R:localhost/127.0.0.1:50685] for POST '/session/fabb2ffb76c94dcf75e21125cc463c12/execute/sync'
12:25:26.704 [AsyncHttpClient-1-2] DEBUG org.asynchttpclient.netty.handler.HttpHandler - 

Request DefaultHttpRequest(decodeResult: success, version: HTTP/1.1)
POST /session/fabb2ffb76c94dcf75e21125cc463c12/execute/sync HTTP/1.1
User-Agent: selenium/4.4.0 (java windows)
Content-Length: 176
Content-Type: application/json; charset=utf-8
host: localhost:50685
accept: */*

Response DefaultHttpResponse(decodeResult: success, version: HTTP/1.1)
HTTP/1.1 200 OK
Content-Type: application/json; charset=utf-8
cache-control: no-cache
content-length: 57322

12:25:26.704 [AsyncHttpClient-1-2] DEBUG org.asynchttpclient.netty.channel.ChannelManager - Adding key: http://localhost:50685 for channel [id: 0xb083d4ec, L:/127.0.0.1:50937 - R:localhost/127.0.0.1:50685]
12:25:26.715 [Forwarding getCurrentUrl on session fabb2ffb76c94dcf75e21125cc463c12 to remote] DEBUG org.asynchttpclient.netty.request.NettyRequestSender - Using pooled Channel '[id: 0xb083d4ec, L:/127.0.0.1:50937 - R:localhost/127.0.0.1:50685]' for 'GET' to 'http://localhost:50685/session/fabb2ffb76c94dcf75e21125cc463c12/url'
12:25:26.715 [Forwarding getCurrentUrl on session fabb2ffb76c94dcf75e21125cc463c12 to remote] DEBUG org.asynchttpclient.netty.request.NettyRequestSender - Using open Channel [id: 0xb083d4ec, L:/127.0.0.1:50937 - R:localhost/127.0.0.1:50685] for GET '/session/fabb2ffb76c94dcf75e21125cc463c12/url'
12:25:26.751 [AsyncHttpClient-1-2] DEBUG org.asynchttpclient.netty.handler.HttpHandler - 

Request DefaultFullHttpRequest(decodeResult: success, version: HTTP/1.1, content: EmptyByteBufBE)
GET /session/fabb2ffb76c94dcf75e21125cc463c12/url HTTP/1.1
User-Agent: selenium/4.4.0 (java windows)
Cache-Control: no-cache
Content-Type: application/json; charset=utf-8
host: localhost:50685
accept: */*

Response DefaultHttpResponse(decodeResult: success, version: HTTP/1.1)
HTTP/1.1 200 OK
Content-Type: application/json; charset=utf-8
cache-control: no-cache
content-length: 38

12:25:26.751 [AsyncHttpClient-1-2] DEBUG org.asynchttpclient.netty.channel.ChannelManager - Adding key: http://localhost:50685 for channel [id: 0xb083d4ec, L:/127.0.0.1:50937 - R:localhost/127.0.0.1:50685]
12:25:26.755 [Test worker] DEBUG net.thucydides.core.steps.StepInterceptor - STARTING STEP: CompleteStep.buyProduct - performAs
12:25:26.759 [Test worker] DEBUG net.serenitybdd.screenplay.targets.IFrameSwitcher - default content already selected for selecciona EL PRODUCTO
12:25:26.778 [Forwarding getCurrentUrl on session fabb2ffb76c94dcf75e21125cc463c12 to remote] DEBUG org.asynchttpclient.netty.request.NettyRequestSender - Using pooled Channel '[id: 0xb083d4ec, L:/127.0.0.1:50937 - R:localhost/127.0.0.1:50685]' for 'GET' to 'http://localhost:50685/session/fabb2ffb76c94dcf75e21125cc463c12/url'
12:25:26.778 [Forwarding getCurrentUrl on session fabb2ffb76c94dcf75e21125cc463c12 to remote] DEBUG org.asynchttpclient.netty.request.NettyRequestSender - Using open Channel [id: 0xb083d4ec, L:/127.0.0.1:50937 - R:localhost/127.0.0.1:50685] for GET '/session/fabb2ffb76c94dcf75e21125cc463c12/url'
12:25:26.792 [AsyncHttpClient-1-2] DEBUG org.asynchttpclient.netty.handler.HttpHandler - 

Request DefaultFullHttpRequest(decodeResult: success, version: HTTP/1.1, content: EmptyByteBufBE)
GET /session/fabb2ffb76c94dcf75e21125cc463c12/url HTTP/1.1
User-Agent: selenium/4.4.0 (java windows)
Cache-Control: no-cache
Content-Type: application/json; charset=utf-8
host: localhost:50685
accept: */*

Response DefaultHttpResponse(decodeResult: success, version: HTTP/1.1)
HTTP/1.1 200 OK
Content-Type: application/json; charset=utf-8
cache-control: no-cache
content-length: 38

12:25:26.792 [AsyncHttpClient-1-2] DEBUG org.asynchttpclient.netty.channel.ChannelManager - Adding key: http://localhost:50685 for channel [id: 0xb083d4ec, L:/127.0.0.1:50937 - R:localhost/127.0.0.1:50685]
12:25:26.811 [Forwarding findElement on session fabb2ffb76c94dcf75e21125cc463c12 to remote] DEBUG org.asynchttpclient.netty.request.NettyRequestSender - Using pooled Channel '[id: 0xb083d4ec, L:/127.0.0.1:50937 - R:localhost/127.0.0.1:50685]' for 'POST' to 'http://localhost:50685/session/fabb2ffb76c94dcf75e21125cc463c12/element'
12:25:26.811 [Forwarding findElement on session fabb2ffb76c94dcf75e21125cc463c12 to remote] DEBUG org.asynchttpclient.netty.request.NettyRequestSender - Using open Channel [id: 0xb083d4ec, L:/127.0.0.1:50937 - R:localhost/127.0.0.1:50685] for POST '/session/fabb2ffb76c94dcf75e21125cc463c12/element'
12:25:26.835 [AsyncHttpClient-1-2] DEBUG org.asynchttpclient.netty.handler.HttpHandler - 

Request DefaultHttpRequest(decodeResult: success, version: HTTP/1.1)
POST /session/fabb2ffb76c94dcf75e21125cc463c12/element HTTP/1.1
User-Agent: selenium/4.4.0 (java windows)
Content-Length: 112
Content-Type: application/json; charset=utf-8
host: localhost:50685
accept: */*

Response DefaultHttpResponse(decodeResult: success, version: HTTP/1.1)
HTTP/1.1 200 OK
Content-Type: application/json; charset=utf-8
cache-control: no-cache
content-length: 127

12:25:26.836 [AsyncHttpClient-1-2] DEBUG org.asynchttpclient.netty.channel.ChannelManager - Adding key: http://localhost:50685 for channel [id: 0xb083d4ec, L:/127.0.0.1:50937 - R:localhost/127.0.0.1:50685]
12:25:26.853 [Forwarding executeScript on session fabb2ffb76c94dcf75e21125cc463c12 to remote] DEBUG org.asynchttpclient.netty.request.NettyRequestSender - Using pooled Channel '[id: 0xb083d4ec, L:/127.0.0.1:50937 - R:localhost/127.0.0.1:50685]' for 'POST' to 'http://localhost:50685/session/fabb2ffb76c94dcf75e21125cc463c12/execute/sync'
12:25:26.853 [Forwarding executeScript on session fabb2ffb76c94dcf75e21125cc463c12 to remote] DEBUG org.asynchttpclient.netty.request.NettyRequestSender - Using open Channel [id: 0xb083d4ec, L:/127.0.0.1:50937 - R:localhost/127.0.0.1:50685] for POST '/session/fabb2ffb76c94dcf75e21125cc463c12/execute/sync'
12:25:26.871 [AsyncHttpClient-1-2] DEBUG org.asynchttpclient.netty.handler.HttpHandler - 

Request DefaultHttpRequest(decodeResult: success, version: HTTP/1.1)
POST /session/fabb2ffb76c94dcf75e21125cc463c12/execute/sync HTTP/1.1
User-Agent: selenium/4.4.0 (java windows)
Content-Length: 318
Content-Type: application/json; charset=utf-8
host: localhost:50685
accept: */*

Response DefaultHttpResponse(decodeResult: success, version: HTTP/1.1)
HTTP/1.1 200 OK
Content-Type: application/json; charset=utf-8
cache-control: no-cache
content-length: 14

12:25:26.871 [AsyncHttpClient-1-2] DEBUG org.asynchttpclient.netty.channel.ChannelManager - Adding key: http://localhost:50685 for channel [id: 0xb083d4ec, L:/127.0.0.1:50937 - R:localhost/127.0.0.1:50685]
12:25:26.906 [Test worker] DEBUG net.serenitybdd.screenplay.targets.IFrameSwitcher - default content already selected for selecciona EL PRODUCTO
12:25:26.915 [Forwarding findElements on session fabb2ffb76c94dcf75e21125cc463c12 to remote] DEBUG org.asynchttpclient.netty.request.NettyRequestSender - Using pooled Channel '[id: 0xb083d4ec, L:/127.0.0.1:50937 - R:localhost/127.0.0.1:50685]' for 'POST' to 'http://localhost:50685/session/fabb2ffb76c94dcf75e21125cc463c12/elements'
12:25:26.915 [Forwarding findElements on session fabb2ffb76c94dcf75e21125cc463c12 to remote] DEBUG org.asynchttpclient.netty.request.NettyRequestSender - Using open Channel [id: 0xb083d4ec, L:/127.0.0.1:50937 - R:localhost/127.0.0.1:50685] for POST '/session/fabb2ffb76c94dcf75e21125cc463c12/elements'
12:25:26.933 [AsyncHttpClient-1-2] DEBUG org.asynchttpclient.netty.handler.HttpHandler - 

Request DefaultHttpRequest(decodeResult: success, version: HTTP/1.1)
POST /session/fabb2ffb76c94dcf75e21125cc463c12/elements HTTP/1.1
User-Agent: selenium/4.4.0 (java windows)
Content-Length: 112
Content-Type: application/json; charset=utf-8
host: localhost:50685
accept: */*

Response DefaultHttpResponse(decodeResult: success, version: HTTP/1.1)
HTTP/1.1 200 OK
Content-Type: application/json; charset=utf-8
cache-control: no-cache
content-length: 129

12:25:26.933 [AsyncHttpClient-1-2] DEBUG org.asynchttpclient.netty.channel.ChannelManager - Adding key: http://localhost:50685 for channel [id: 0xb083d4ec, L:/127.0.0.1:50937 - R:localhost/127.0.0.1:50685]
12:25:26.961 [Forwarding isElementEnabled on session fabb2ffb76c94dcf75e21125cc463c12 to remote] DEBUG org.asynchttpclient.netty.request.NettyRequestSender - Using pooled Channel '[id: 0xb083d4ec, L:/127.0.0.1:50937 - R:localhost/127.0.0.1:50685]' for 'GET' to 'http://localhost:50685/session/fabb2ffb76c94dcf75e21125cc463c12/element/f.7E9A709675F02E7E9E4ECE1EF325ABA8.d.A69EDE0683A22F7A97001BBE649780F3.e.178/enabled'
12:25:26.961 [Forwarding isElementEnabled on session fabb2ffb76c94dcf75e21125cc463c12 to remote] DEBUG org.asynchttpclient.netty.request.NettyRequestSender - Using open Channel [id: 0xb083d4ec, L:/127.0.0.1:50937 - R:localhost/127.0.0.1:50685] for GET '/session/fabb2ffb76c94dcf75e21125cc463c12/element/f.7E9A709675F02E7E9E4ECE1EF325ABA8.d.A69EDE0683A22F7A97001BBE649780F3.e.178/enabled'
12:25:26.980 [AsyncHttpClient-1-2] DEBUG org.asynchttpclient.netty.handler.HttpHandler - 

Request DefaultFullHttpRequest(decodeResult: success, version: HTTP/1.1, content: EmptyByteBufBE)
GET /session/fabb2ffb76c94dcf75e21125cc463c12/element/f.7E9A709675F02E7E9E4ECE1EF325ABA8.d.A69EDE0683A22F7A97001BBE649780F3.e.178/enabled HTTP/1.1
User-Agent: selenium/4.4.0 (java windows)
Cache-Control: no-cache
Content-Type: application/json; charset=utf-8
host: localhost:50685
accept: */*

Response DefaultHttpResponse(decodeResult: success, version: HTTP/1.1)
HTTP/1.1 200 OK
Content-Type: application/json; charset=utf-8
cache-control: no-cache
content-length: 14

12:25:26.981 [AsyncHttpClient-1-2] DEBUG org.asynchttpclient.netty.channel.ChannelManager - Adding key: http://localhost:50685 for channel [id: 0xb083d4ec, L:/127.0.0.1:50937 - R:localhost/127.0.0.1:50685]
12:25:26.992 [Forwarding isElementEnabled on session fabb2ffb76c94dcf75e21125cc463c12 to remote] DEBUG org.asynchttpclient.netty.request.NettyRequestSender - Using pooled Channel '[id: 0xb083d4ec, L:/127.0.0.1:50937 - R:localhost/127.0.0.1:50685]' for 'GET' to 'http://localhost:50685/session/fabb2ffb76c94dcf75e21125cc463c12/element/f.7E9A709675F02E7E9E4ECE1EF325ABA8.d.A69EDE0683A22F7A97001BBE649780F3.e.178/enabled'
12:25:26.993 [Forwarding isElementEnabled on session fabb2ffb76c94dcf75e21125cc463c12 to remote] DEBUG org.asynchttpclient.netty.request.NettyRequestSender - Using open Channel [id: 0xb083d4ec, L:/127.0.0.1:50937 - R:localhost/127.0.0.1:50685] for GET '/session/fabb2ffb76c94dcf75e21125cc463c12/element/f.7E9A709675F02E7E9E4ECE1EF325ABA8.d.A69EDE0683A22F7A97001BBE649780F3.e.178/enabled'
12:25:27.011 [AsyncHttpClient-1-2] DEBUG org.asynchttpclient.netty.handler.HttpHandler - 

Request DefaultFullHttpRequest(decodeResult: success, version: HTTP/1.1, content: EmptyByteBufBE)
GET /session/fabb2ffb76c94dcf75e21125cc463c12/element/f.7E9A709675F02E7E9E4ECE1EF325ABA8.d.A69EDE0683A22F7A97001BBE649780F3.e.178/enabled HTTP/1.1
User-Agent: selenium/4.4.0 (java windows)
Cache-Control: no-cache
Content-Type: application/json; charset=utf-8
host: localhost:50685
accept: */*

Response DefaultHttpResponse(decodeResult: success, version: HTTP/1.1)
HTTP/1.1 200 OK
Content-Type: application/json; charset=utf-8
cache-control: no-cache
content-length: 14

12:25:27.011 [AsyncHttpClient-1-2] DEBUG org.asynchttpclient.netty.channel.ChannelManager - Adding key: http://localhost:50685 for channel [id: 0xb083d4ec, L:/127.0.0.1:50937 - R:localhost/127.0.0.1:50685]
12:25:27.076 [Forwarding getCurrentWindowHandle on session fabb2ffb76c94dcf75e21125cc463c12 to remote] DEBUG org.asynchttpclient.netty.request.NettyRequestSender - Using pooled Channel '[id: 0xb083d4ec, L:/127.0.0.1:50937 - R:localhost/127.0.0.1:50685]' for 'GET' to 'http://localhost:50685/session/fabb2ffb76c94dcf75e21125cc463c12/window'
12:25:27.077 [Forwarding getCurrentWindowHandle on session fabb2ffb76c94dcf75e21125cc463c12 to remote] DEBUG org.asynchttpclient.netty.request.NettyRequestSender - Using open Channel [id: 0xb083d4ec, L:/127.0.0.1:50937 - R:localhost/127.0.0.1:50685] for GET '/session/fabb2ffb76c94dcf75e21125cc463c12/window'
12:25:27.084 [AsyncHttpClient-1-2] DEBUG org.asynchttpclient.netty.handler.HttpHandler - 

Request DefaultFullHttpRequest(decodeResult: success, version: HTTP/1.1, content: EmptyByteBufBE)
GET /session/fabb2ffb76c94dcf75e21125cc463c12/window HTTP/1.1
User-Agent: selenium/4.4.0 (java windows)
Cache-Control: no-cache
Content-Type: application/json; charset=utf-8
host: localhost:50685
accept: */*

Response DefaultHttpResponse(decodeResult: success, version: HTTP/1.1)
HTTP/1.1 200 OK
Content-Type: application/json; charset=utf-8
cache-control: no-cache
content-length: 44

12:25:27.084 [AsyncHttpClient-1-2] DEBUG org.asynchttpclient.netty.channel.ChannelManager - Adding key: http://localhost:50685 for channel [id: 0xb083d4ec, L:/127.0.0.1:50937 - R:localhost/127.0.0.1:50685]
12:25:27.102 [Forwarding getAlertText on session fabb2ffb76c94dcf75e21125cc463c12 to remote] DEBUG org.asynchttpclient.netty.request.NettyRequestSender - Using pooled Channel '[id: 0xb083d4ec, L:/127.0.0.1:50937 - R:localhost/127.0.0.1:50685]' for 'GET' to 'http://localhost:50685/session/fabb2ffb76c94dcf75e21125cc463c12/alert/text'
12:25:27.103 [Forwarding getAlertText on session fabb2ffb76c94dcf75e21125cc463c12 to remote] DEBUG org.asynchttpclient.netty.request.NettyRequestSender - Using open Channel [id: 0xb083d4ec, L:/127.0.0.1:50937 - R:localhost/127.0.0.1:50685] for GET '/session/fabb2ffb76c94dcf75e21125cc463c12/alert/text'
12:25:27.110 [AsyncHttpClient-1-2] DEBUG org.asynchttpclient.netty.handler.HttpHandler - 

Request DefaultFullHttpRequest(decodeResult: success, version: HTTP/1.1, content: EmptyByteBufBE)
GET /session/fabb2ffb76c94dcf75e21125cc463c12/alert/text HTTP/1.1
User-Agent: selenium/4.4.0 (java windows)
Cache-Control: no-cache
Content-Type: application/json; charset=utf-8
host: localhost:50685
accept: */*

Response DefaultHttpResponse(decodeResult: success, version: HTTP/1.1)
HTTP/1.1 404 Not Found
Content-Type: application/json; charset=utf-8
cache-control: no-cache
content-length: 1045

12:25:27.110 [AsyncHttpClient-1-2] DEBUG org.asynchttpclient.netty.channel.ChannelManager - Adding key: http://localhost:50685 for channel [id: 0xb083d4ec, L:/127.0.0.1:50937 - R:localhost/127.0.0.1:50685]
12:25:27.121 [Forwarding switchToWindow on session fabb2ffb76c94dcf75e21125cc463c12 to remote] DEBUG org.asynchttpclient.netty.request.NettyRequestSender - Using pooled Channel '[id: 0xb083d4ec, L:/127.0.0.1:50937 - R:localhost/127.0.0.1:50685]' for 'POST' to 'http://localhost:50685/session/fabb2ffb76c94dcf75e21125cc463c12/window'
12:25:27.121 [Forwarding switchToWindow on session fabb2ffb76c94dcf75e21125cc463c12 to remote] DEBUG org.asynchttpclient.netty.request.NettyRequestSender - Using open Channel [id: 0xb083d4ec, L:/127.0.0.1:50937 - R:localhost/127.0.0.1:50685] for POST '/session/fabb2ffb76c94dcf75e21125cc463c12/window'
12:25:27.127 [AsyncHttpClient-1-2] DEBUG org.asynchttpclient.netty.handler.HttpHandler - 

Request DefaultHttpRequest(decodeResult: success, version: HTTP/1.1)
POST /session/fabb2ffb76c94dcf75e21125cc463c12/window HTTP/1.1
User-Agent: selenium/4.4.0 (java windows)
Content-Length: 50
Content-Type: application/json; charset=utf-8
host: localhost:50685
accept: */*

Response DefaultHttpResponse(decodeResult: success, version: HTTP/1.1)
HTTP/1.1 200 OK
Content-Type: application/json; charset=utf-8
cache-control: no-cache
content-length: 14

12:25:27.127 [AsyncHttpClient-1-2] DEBUG org.asynchttpclient.netty.channel.ChannelManager - Adding key: http://localhost:50685 for channel [id: 0xb083d4ec, L:/127.0.0.1:50937 - R:localhost/127.0.0.1:50685]
12:25:27.128 [Forwarding getCurrentUrl on session fabb2ffb76c94dcf75e21125cc463c12 to remote] DEBUG org.asynchttpclient.netty.request.NettyRequestSender - Using pooled Channel '[id: 0xb083d4ec, L:/127.0.0.1:50937 - R:localhost/127.0.0.1:50685]' for 'GET' to 'http://localhost:50685/session/fabb2ffb76c94dcf75e21125cc463c12/url'
12:25:27.128 [Forwarding getCurrentUrl on session fabb2ffb76c94dcf75e21125cc463c12 to remote] DEBUG org.asynchttpclient.netty.request.NettyRequestSender - Using open Channel [id: 0xb083d4ec, L:/127.0.0.1:50937 - R:localhost/127.0.0.1:50685] for GET '/session/fabb2ffb76c94dcf75e21125cc463c12/url'
12:25:27.145 [AsyncHttpClient-1-2] DEBUG org.asynchttpclient.netty.handler.HttpHandler - 

Request DefaultFullHttpRequest(decodeResult: success, version: HTTP/1.1, content: EmptyByteBufBE)
GET /session/fabb2ffb76c94dcf75e21125cc463c12/url HTTP/1.1
User-Agent: selenium/4.4.0 (java windows)
Cache-Control: no-cache
Content-Type: application/json; charset=utf-8
host: localhost:50685
accept: */*

Response DefaultHttpResponse(decodeResult: success, version: HTTP/1.1)
HTTP/1.1 200 OK
Content-Type: application/json; charset=utf-8
cache-control: no-cache
content-length: 38

12:25:27.145 [AsyncHttpClient-1-2] DEBUG org.asynchttpclient.netty.channel.ChannelManager - Adding key: http://localhost:50685 for channel [id: 0xb083d4ec, L:/127.0.0.1:50937 - R:localhost/127.0.0.1:50685]
12:25:27.146 [Forwarding screenshot on session fabb2ffb76c94dcf75e21125cc463c12 to remote] DEBUG org.asynchttpclient.netty.request.NettyRequestSender - Using pooled Channel '[id: 0xb083d4ec, L:/127.0.0.1:50937 - R:localhost/127.0.0.1:50685]' for 'GET' to 'http://localhost:50685/session/fabb2ffb76c94dcf75e21125cc463c12/screenshot'
12:25:27.146 [Forwarding screenshot on session fabb2ffb76c94dcf75e21125cc463c12 to remote] DEBUG org.asynchttpclient.netty.request.NettyRequestSender - Using open Channel [id: 0xb083d4ec, L:/127.0.0.1:50937 - R:localhost/127.0.0.1:50685] for GET '/session/fabb2ffb76c94dcf75e21125cc463c12/screenshot'
12:25:27.250 [AsyncHttpClient-1-2] DEBUG org.asynchttpclient.netty.handler.HttpHandler - 

Request DefaultFullHttpRequest(decodeResult: success, version: HTTP/1.1, content: EmptyByteBufBE)
GET /session/fabb2ffb76c94dcf75e21125cc463c12/screenshot HTTP/1.1
User-Agent: selenium/4.4.0 (java windows)
Cache-Control: no-cache
Content-Type: application/json; charset=utf-8
host: localhost:50685
accept: */*

Response DefaultHttpResponse(decodeResult: success, version: HTTP/1.1)
HTTP/1.1 200 OK
Content-Type: application/json; charset=utf-8
cache-control: no-cache
content-length: 374524

12:25:27.250 [AsyncHttpClient-1-2] DEBUG org.asynchttpclient.netty.channel.ChannelManager - Adding key: http://localhost:50685 for channel [id: 0xb083d4ec, L:/127.0.0.1:50937 - R:localhost/127.0.0.1:50685]
12:25:27.270 [Test worker] DEBUG net.serenitybdd.core.photography.Darkroom - Send negative for processing for C:\Users\pcnit\Downloads\TestE2E\target\site\serenity\d2cf17f7e78e3a694a2d2c04c0251482e537416f485239b697f6c358e8001d69.png
12:25:27.286 [Forwarding getPageSource on session fabb2ffb76c94dcf75e21125cc463c12 to remote] DEBUG org.asynchttpclient.netty.request.NettyRequestSender - Using pooled Channel '[id: 0xb083d4ec, L:/127.0.0.1:50937 - R:localhost/127.0.0.1:50685]' for 'POST' to 'http://localhost:50685/session/fabb2ffb76c94dcf75e21125cc463c12/execute/sync'
12:25:27.287 [Forwarding getPageSource on session fabb2ffb76c94dcf75e21125cc463c12 to remote] DEBUG org.asynchttpclient.netty.request.NettyRequestSender - Using open Channel [id: 0xb083d4ec, L:/127.0.0.1:50937 - R:localhost/127.0.0.1:50685] for POST '/session/fabb2ffb76c94dcf75e21125cc463c12/execute/sync'
12:25:27.298 [AsyncHttpClient-1-2] DEBUG org.asynchttpclient.netty.handler.HttpHandler - 

Request DefaultHttpRequest(decodeResult: success, version: HTTP/1.1)
POST /session/fabb2ffb76c94dcf75e21125cc463c12/execute/sync HTTP/1.1
User-Agent: selenium/4.4.0 (java windows)
Content-Length: 176
Content-Type: application/json; charset=utf-8
host: localhost:50685
accept: */*

Response DefaultHttpResponse(decodeResult: success, version: HTTP/1.1)
HTTP/1.1 200 OK
Content-Type: application/json; charset=utf-8
cache-control: no-cache
content-length: 57322

12:25:27.298 [AsyncHttpClient-1-2] DEBUG org.asynchttpclient.netty.channel.ChannelManager - Adding key: http://localhost:50685 for channel [id: 0xb083d4ec, L:/127.0.0.1:50937 - R:localhost/127.0.0.1:50685]
12:25:27.312 [Forwarding getCurrentUrl on session fabb2ffb76c94dcf75e21125cc463c12 to remote] DEBUG org.asynchttpclient.netty.request.NettyRequestSender - Using pooled Channel '[id: 0xb083d4ec, L:/127.0.0.1:50937 - R:localhost/127.0.0.1:50685]' for 'GET' to 'http://localhost:50685/session/fabb2ffb76c94dcf75e21125cc463c12/url'
12:25:27.313 [Forwarding getCurrentUrl on session fabb2ffb76c94dcf75e21125cc463c12 to remote] DEBUG org.asynchttpclient.netty.request.NettyRequestSender - Using open Channel [id: 0xb083d4ec, L:/127.0.0.1:50937 - R:localhost/127.0.0.1:50685] for GET '/session/fabb2ffb76c94dcf75e21125cc463c12/url'
12:25:27.338 [AsyncHttpClient-1-2] DEBUG org.asynchttpclient.netty.handler.HttpHandler - 

Request DefaultFullHttpRequest(decodeResult: success, version: HTTP/1.1, content: EmptyByteBufBE)
GET /session/fabb2ffb76c94dcf75e21125cc463c12/url HTTP/1.1
User-Agent: selenium/4.4.0 (java windows)
Cache-Control: no-cache
Content-Type: application/json; charset=utf-8
host: localhost:50685
accept: */*

Response DefaultHttpResponse(decodeResult: success, version: HTTP/1.1)
HTTP/1.1 200 OK
Content-Type: application/json; charset=utf-8
cache-control: no-cache
content-length: 38

12:25:27.338 [AsyncHttpClient-1-2] DEBUG org.asynchttpclient.netty.channel.ChannelManager - Adding key: http://localhost:50685 for channel [id: 0xb083d4ec, L:/127.0.0.1:50937 - R:localhost/127.0.0.1:50685]
12:25:27.344 [Test worker] DEBUG net.thucydides.core.steps.StepInterceptor - STARTING STEP: Product.performAs - {0} clicks on #target
12:25:27.346 [Test worker] DEBUG net.serenitybdd.screenplay.targets.IFrameSwitcher - default content already selected for selecciona EL PRODUCTO
12:25:27.411 [Forwarding findElement on session fabb2ffb76c94dcf75e21125cc463c12 to remote] DEBUG org.asynchttpclient.netty.request.NettyRequestSender - Using pooled Channel '[id: 0xb083d4ec, L:/127.0.0.1:50937 - R:localhost/127.0.0.1:50685]' for 'POST' to 'http://localhost:50685/session/fabb2ffb76c94dcf75e21125cc463c12/element'
12:25:27.411 [Forwarding findElement on session fabb2ffb76c94dcf75e21125cc463c12 to remote] DEBUG org.asynchttpclient.netty.request.NettyRequestSender - Using open Channel [id: 0xb083d4ec, L:/127.0.0.1:50937 - R:localhost/127.0.0.1:50685] for POST '/session/fabb2ffb76c94dcf75e21125cc463c12/element'
12:25:27.426 [AsyncHttpClient-1-2] DEBUG org.asynchttpclient.netty.handler.HttpHandler - 

Request DefaultHttpRequest(decodeResult: success, version: HTTP/1.1)
POST /session/fabb2ffb76c94dcf75e21125cc463c12/element HTTP/1.1
User-Agent: selenium/4.4.0 (java windows)
Content-Length: 112
Content-Type: application/json; charset=utf-8
host: localhost:50685
accept: */*

Response DefaultHttpResponse(decodeResult: success, version: HTTP/1.1)
HTTP/1.1 200 OK
Content-Type: application/json; charset=utf-8
cache-control: no-cache
content-length: 127

12:25:27.426 [AsyncHttpClient-1-2] DEBUG org.asynchttpclient.netty.channel.ChannelManager - Adding key: http://localhost:50685 for channel [id: 0xb083d4ec, L:/127.0.0.1:50937 - R:localhost/127.0.0.1:50685]
12:25:27.441 [Forwarding isElementDisplayed on session fabb2ffb76c94dcf75e21125cc463c12 to remote] DEBUG org.asynchttpclient.netty.request.NettyRequestSender - Using pooled Channel '[id: 0xb083d4ec, L:/127.0.0.1:50937 - R:localhost/127.0.0.1:50685]' for 'POST' to 'http://localhost:50685/session/fabb2ffb76c94dcf75e21125cc463c12/execute/sync'
12:25:27.441 [Forwarding isElementDisplayed on session fabb2ffb76c94dcf75e21125cc463c12 to remote] DEBUG org.asynchttpclient.netty.request.NettyRequestSender - Using open Channel [id: 0xb083d4ec, L:/127.0.0.1:50937 - R:localhost/127.0.0.1:50685] for POST '/session/fabb2ffb76c94dcf75e21125cc463c12/execute/sync'
12:25:27.470 [AsyncHttpClient-1-2] DEBUG org.asynchttpclient.netty.handler.HttpHandler - 

Request DefaultHttpRequest(decodeResult: success, version: HTTP/1.1)
POST /session/fabb2ffb76c94dcf75e21125cc463c12/execute/sync HTTP/1.1
User-Agent: selenium/4.4.0 (java windows)
Content-Length: 48819
Content-Type: application/json; charset=utf-8
host: localhost:50685
accept: */*

Response DefaultHttpResponse(decodeResult: success, version: HTTP/1.1)
HTTP/1.1 200 OK
Content-Type: application/json; charset=utf-8
cache-control: no-cache
content-length: 14

12:25:27.470 [AsyncHttpClient-1-2] DEBUG org.asynchttpclient.netty.channel.ChannelManager - Adding key: http://localhost:50685 for channel [id: 0xb083d4ec, L:/127.0.0.1:50937 - R:localhost/127.0.0.1:50685]
12:25:27.489 [Forwarding findElement on session fabb2ffb76c94dcf75e21125cc463c12 to remote] DEBUG org.asynchttpclient.netty.request.NettyRequestSender - Using pooled Channel '[id: 0xb083d4ec, L:/127.0.0.1:50937 - R:localhost/127.0.0.1:50685]' for 'POST' to 'http://localhost:50685/session/fabb2ffb76c94dcf75e21125cc463c12/element'
12:25:27.489 [Forwarding findElement on session fabb2ffb76c94dcf75e21125cc463c12 to remote] DEBUG org.asynchttpclient.netty.request.NettyRequestSender - Using open Channel [id: 0xb083d4ec, L:/127.0.0.1:50937 - R:localhost/127.0.0.1:50685] for POST '/session/fabb2ffb76c94dcf75e21125cc463c12/element'
12:25:27.507 [AsyncHttpClient-1-2] DEBUG org.asynchttpclient.netty.handler.HttpHandler - 

Request DefaultHttpRequest(decodeResult: success, version: HTTP/1.1)
POST /session/fabb2ffb76c94dcf75e21125cc463c12/element HTTP/1.1
User-Agent: selenium/4.4.0 (java windows)
Content-Length: 112
Content-Type: application/json; charset=utf-8
host: localhost:50685
accept: */*

Response DefaultHttpResponse(decodeResult: success, version: HTTP/1.1)
HTTP/1.1 200 OK
Content-Type: application/json; charset=utf-8
cache-control: no-cache
content-length: 127

12:25:27.507 [AsyncHttpClient-1-2] DEBUG org.asynchttpclient.netty.channel.ChannelManager - Adding key: http://localhost:50685 for channel [id: 0xb083d4ec, L:/127.0.0.1:50937 - R:localhost/127.0.0.1:50685]
12:25:27.513 [Forwarding clickElement on session fabb2ffb76c94dcf75e21125cc463c12 to remote] DEBUG org.asynchttpclient.netty.request.NettyRequestSender - Using pooled Channel '[id: 0xb083d4ec, L:/127.0.0.1:50937 - R:localhost/127.0.0.1:50685]' for 'POST' to 'http://localhost:50685/session/fabb2ffb76c94dcf75e21125cc463c12/element/f.7E9A709675F02E7E9E4ECE1EF325ABA8.d.A69EDE0683A22F7A97001BBE649780F3.e.178/click'
12:25:27.513 [Forwarding clickElement on session fabb2ffb76c94dcf75e21125cc463c12 to remote] DEBUG org.asynchttpclient.netty.request.NettyRequestSender - Using open Channel [id: 0xb083d4ec, L:/127.0.0.1:50937 - R:localhost/127.0.0.1:50685] for POST '/session/fabb2ffb76c94dcf75e21125cc463c12/element/f.7E9A709675F02E7E9E4ECE1EF325ABA8.d.A69EDE0683A22F7A97001BBE649780F3.e.178/click'
12:25:27.672 [AsyncHttpClient-1-1] DEBUG org.asynchttpclient.netty.channel.DefaultChannelPool - Entry count for : http://localhost:50938 : 1
12:25:27.912 [AsyncHttpClient-1-2] DEBUG org.asynchttpclient.netty.handler.HttpHandler - 

Request DefaultHttpRequest(decodeResult: success, version: HTTP/1.1)
POST /session/fabb2ffb76c94dcf75e21125cc463c12/element/f.7E9A709675F02E7E9E4ECE1EF325ABA8.d.A69EDE0683A22F7A97001BBE649780F3.e.178/click HTTP/1.1
User-Agent: selenium/4.4.0 (java windows)
Content-Length: 89
Content-Type: application/json; charset=utf-8
host: localhost:50685
accept: */*

Response DefaultHttpResponse(decodeResult: success, version: HTTP/1.1)
HTTP/1.1 200 OK
Content-Type: application/json; charset=utf-8
cache-control: no-cache
content-length: 14

12:25:27.912 [AsyncHttpClient-1-2] DEBUG org.asynchttpclient.netty.channel.ChannelManager - Adding key: http://localhost:50685 for channel [id: 0xb083d4ec, L:/127.0.0.1:50937 - R:localhost/127.0.0.1:50685]
12:25:27.955 [Forwarding getCurrentWindowHandle on session fabb2ffb76c94dcf75e21125cc463c12 to remote] DEBUG org.asynchttpclient.netty.request.NettyRequestSender - Using pooled Channel '[id: 0xb083d4ec, L:/127.0.0.1:50937 - R:localhost/127.0.0.1:50685]' for 'GET' to 'http://localhost:50685/session/fabb2ffb76c94dcf75e21125cc463c12/window'
12:25:27.956 [Forwarding getCurrentWindowHandle on session fabb2ffb76c94dcf75e21125cc463c12 to remote] DEBUG org.asynchttpclient.netty.request.NettyRequestSender - Using open Channel [id: 0xb083d4ec, L:/127.0.0.1:50937 - R:localhost/127.0.0.1:50685] for GET '/session/fabb2ffb76c94dcf75e21125cc463c12/window'
12:25:27.961 [AsyncHttpClient-1-2] DEBUG org.asynchttpclient.netty.handler.HttpHandler - 

Request DefaultFullHttpRequest(decodeResult: success, version: HTTP/1.1, content: EmptyByteBufBE)
GET /session/fabb2ffb76c94dcf75e21125cc463c12/window HTTP/1.1
User-Agent: selenium/4.4.0 (java windows)
Cache-Control: no-cache
Content-Type: application/json; charset=utf-8
host: localhost:50685
accept: */*

Response DefaultHttpResponse(decodeResult: success, version: HTTP/1.1)
HTTP/1.1 200 OK
Content-Type: application/json; charset=utf-8
cache-control: no-cache
content-length: 44

12:25:27.961 [AsyncHttpClient-1-2] DEBUG org.asynchttpclient.netty.channel.ChannelManager - Adding key: http://localhost:50685 for channel [id: 0xb083d4ec, L:/127.0.0.1:50937 - R:localhost/127.0.0.1:50685]
12:25:27.974 [Forwarding getAlertText on session fabb2ffb76c94dcf75e21125cc463c12 to remote] DEBUG org.asynchttpclient.netty.request.NettyRequestSender - Using pooled Channel '[id: 0xb083d4ec, L:/127.0.0.1:50937 - R:localhost/127.0.0.1:50685]' for 'GET' to 'http://localhost:50685/session/fabb2ffb76c94dcf75e21125cc463c12/alert/text'
12:25:27.974 [Forwarding getAlertText on session fabb2ffb76c94dcf75e21125cc463c12 to remote] DEBUG org.asynchttpclient.netty.request.NettyRequestSender - Using open Channel [id: 0xb083d4ec, L:/127.0.0.1:50937 - R:localhost/127.0.0.1:50685] for GET '/session/fabb2ffb76c94dcf75e21125cc463c12/alert/text'
12:25:27.982 [AsyncHttpClient-1-2] DEBUG org.asynchttpclient.netty.handler.HttpHandler - 

Request DefaultFullHttpRequest(decodeResult: success, version: HTTP/1.1, content: EmptyByteBufBE)
GET /session/fabb2ffb76c94dcf75e21125cc463c12/alert/text HTTP/1.1
User-Agent: selenium/4.4.0 (java windows)
Cache-Control: no-cache
Content-Type: application/json; charset=utf-8
host: localhost:50685
accept: */*

Response DefaultHttpResponse(decodeResult: success, version: HTTP/1.1)
HTTP/1.1 404 Not Found
Content-Type: application/json; charset=utf-8
cache-control: no-cache
content-length: 1045

12:25:27.982 [AsyncHttpClient-1-2] DEBUG org.asynchttpclient.netty.channel.ChannelManager - Adding key: http://localhost:50685 for channel [id: 0xb083d4ec, L:/127.0.0.1:50937 - R:localhost/127.0.0.1:50685]
12:25:27.996 [Forwarding switchToWindow on session fabb2ffb76c94dcf75e21125cc463c12 to remote] DEBUG org.asynchttpclient.netty.request.NettyRequestSender - Using pooled Channel '[id: 0xb083d4ec, L:/127.0.0.1:50937 - R:localhost/127.0.0.1:50685]' for 'POST' to 'http://localhost:50685/session/fabb2ffb76c94dcf75e21125cc463c12/window'
12:25:27.996 [Forwarding switchToWindow on session fabb2ffb76c94dcf75e21125cc463c12 to remote] DEBUG org.asynchttpclient.netty.request.NettyRequestSender - Using open Channel [id: 0xb083d4ec, L:/127.0.0.1:50937 - R:localhost/127.0.0.1:50685] for POST '/session/fabb2ffb76c94dcf75e21125cc463c12/window'
12:25:27.999 [AsyncHttpClient-1-2] DEBUG org.asynchttpclient.netty.handler.HttpHandler - 

Request DefaultHttpRequest(decodeResult: success, version: HTTP/1.1)
POST /session/fabb2ffb76c94dcf75e21125cc463c12/window HTTP/1.1
User-Agent: selenium/4.4.0 (java windows)
Content-Length: 50
Content-Type: application/json; charset=utf-8
host: localhost:50685
accept: */*

Response DefaultHttpResponse(decodeResult: success, version: HTTP/1.1)
HTTP/1.1 200 OK
Content-Type: application/json; charset=utf-8
cache-control: no-cache
content-length: 14

12:25:28.000 [AsyncHttpClient-1-2] DEBUG org.asynchttpclient.netty.channel.ChannelManager - Adding key: http://localhost:50685 for channel [id: 0xb083d4ec, L:/127.0.0.1:50937 - R:localhost/127.0.0.1:50685]
12:25:28.000 [Forwarding getCurrentUrl on session fabb2ffb76c94dcf75e21125cc463c12 to remote] DEBUG org.asynchttpclient.netty.request.NettyRequestSender - Using pooled Channel '[id: 0xb083d4ec, L:/127.0.0.1:50937 - R:localhost/127.0.0.1:50685]' for 'GET' to 'http://localhost:50685/session/fabb2ffb76c94dcf75e21125cc463c12/url'
12:25:28.000 [Forwarding getCurrentUrl on session fabb2ffb76c94dcf75e21125cc463c12 to remote] DEBUG org.asynchttpclient.netty.request.NettyRequestSender - Using open Channel [id: 0xb083d4ec, L:/127.0.0.1:50937 - R:localhost/127.0.0.1:50685] for GET '/session/fabb2ffb76c94dcf75e21125cc463c12/url'
12:25:28.016 [AsyncHttpClient-1-2] DEBUG org.asynchttpclient.netty.handler.HttpHandler - 

Request DefaultFullHttpRequest(decodeResult: success, version: HTTP/1.1, content: EmptyByteBufBE)
GET /session/fabb2ffb76c94dcf75e21125cc463c12/url HTTP/1.1
User-Agent: selenium/4.4.0 (java windows)
Cache-Control: no-cache
Content-Type: application/json; charset=utf-8
host: localhost:50685
accept: */*

Response DefaultHttpResponse(decodeResult: success, version: HTTP/1.1)
HTTP/1.1 200 OK
Content-Type: application/json; charset=utf-8
cache-control: no-cache
content-length: 54

12:25:28.016 [AsyncHttpClient-1-2] DEBUG org.asynchttpclient.netty.channel.ChannelManager - Adding key: http://localhost:50685 for channel [id: 0xb083d4ec, L:/127.0.0.1:50937 - R:localhost/127.0.0.1:50685]
12:25:28.018 [Forwarding screenshot on session fabb2ffb76c94dcf75e21125cc463c12 to remote] DEBUG org.asynchttpclient.netty.request.NettyRequestSender - Using pooled Channel '[id: 0xb083d4ec, L:/127.0.0.1:50937 - R:localhost/127.0.0.1:50685]' for 'GET' to 'http://localhost:50685/session/fabb2ffb76c94dcf75e21125cc463c12/screenshot'
12:25:28.018 [Forwarding screenshot on session fabb2ffb76c94dcf75e21125cc463c12 to remote] DEBUG org.asynchttpclient.netty.request.NettyRequestSender - Using open Channel [id: 0xb083d4ec, L:/127.0.0.1:50937 - R:localhost/127.0.0.1:50685] for GET '/session/fabb2ffb76c94dcf75e21125cc463c12/screenshot'
12:25:28.211 [AsyncHttpClient-1-2] DEBUG org.asynchttpclient.netty.handler.HttpHandler - 

Request DefaultFullHttpRequest(decodeResult: success, version: HTTP/1.1, content: EmptyByteBufBE)
GET /session/fabb2ffb76c94dcf75e21125cc463c12/screenshot HTTP/1.1
User-Agent: selenium/4.4.0 (java windows)
Cache-Control: no-cache
Content-Type: application/json; charset=utf-8
host: localhost:50685
accept: */*

Response DefaultHttpResponse(decodeResult: success, version: HTTP/1.1)
HTTP/1.1 200 OK
Content-Type: application/json; charset=utf-8
cache-control: no-cache
content-length: 444972

12:25:28.214 [AsyncHttpClient-1-2] DEBUG org.asynchttpclient.netty.channel.ChannelManager - Adding key: http://localhost:50685 for channel [id: 0xb083d4ec, L:/127.0.0.1:50937 - R:localhost/127.0.0.1:50685]
12:25:28.226 [Test worker] DEBUG net.serenitybdd.core.photography.Darkroom - Send negative for processing for C:\Users\pcnit\Downloads\TestE2E\target\site\serenity\d475569ccaa3473b6fba14e1dbf334a10ecac6b77bcf4019dc01d0ff6c719a49.png
12:25:28.237 [Forwarding getPageSource on session fabb2ffb76c94dcf75e21125cc463c12 to remote] DEBUG org.asynchttpclient.netty.request.NettyRequestSender - Using pooled Channel '[id: 0xb083d4ec, L:/127.0.0.1:50937 - R:localhost/127.0.0.1:50685]' for 'POST' to 'http://localhost:50685/session/fabb2ffb76c94dcf75e21125cc463c12/execute/sync'
12:25:28.237 [Forwarding getPageSource on session fabb2ffb76c94dcf75e21125cc463c12 to remote] DEBUG org.asynchttpclient.netty.request.NettyRequestSender - Using open Channel [id: 0xb083d4ec, L:/127.0.0.1:50937 - R:localhost/127.0.0.1:50685] for POST '/session/fabb2ffb76c94dcf75e21125cc463c12/execute/sync'
12:25:28.251 [AsyncHttpClient-1-2] DEBUG org.asynchttpclient.netty.handler.HttpHandler - 

Request DefaultHttpRequest(decodeResult: success, version: HTTP/1.1)
POST /session/fabb2ffb76c94dcf75e21125cc463c12/execute/sync HTTP/1.1
User-Agent: selenium/4.4.0 (java windows)
Content-Length: 176
Content-Type: application/json; charset=utf-8
host: localhost:50685
accept: */*

Response DefaultHttpResponse(decodeResult: success, version: HTTP/1.1)
HTTP/1.1 200 OK
Content-Type: application/json; charset=utf-8
cache-control: no-cache
content-length: 54496

12:25:28.252 [AsyncHttpClient-1-2] DEBUG org.asynchttpclient.netty.channel.ChannelManager - Adding key: http://localhost:50685 for channel [id: 0xb083d4ec, L:/127.0.0.1:50937 - R:localhost/127.0.0.1:50685]
12:25:28.261 [Forwarding getCurrentUrl on session fabb2ffb76c94dcf75e21125cc463c12 to remote] DEBUG org.asynchttpclient.netty.request.NettyRequestSender - Using pooled Channel '[id: 0xb083d4ec, L:/127.0.0.1:50937 - R:localhost/127.0.0.1:50685]' for 'GET' to 'http://localhost:50685/session/fabb2ffb76c94dcf75e21125cc463c12/url'
12:25:28.262 [Forwarding getCurrentUrl on session fabb2ffb76c94dcf75e21125cc463c12 to remote] DEBUG org.asynchttpclient.netty.request.NettyRequestSender - Using open Channel [id: 0xb083d4ec, L:/127.0.0.1:50937 - R:localhost/127.0.0.1:50685] for GET '/session/fabb2ffb76c94dcf75e21125cc463c12/url'
12:25:28.270 [AsyncHttpClient-1-2] DEBUG org.asynchttpclient.netty.handler.HttpHandler - 

Request DefaultFullHttpRequest(decodeResult: success, version: HTTP/1.1, content: EmptyByteBufBE)
GET /session/fabb2ffb76c94dcf75e21125cc463c12/url HTTP/1.1
User-Agent: selenium/4.4.0 (java windows)
Cache-Control: no-cache
Content-Type: application/json; charset=utf-8
host: localhost:50685
accept: */*

Response DefaultHttpResponse(decodeResult: success, version: HTTP/1.1)
HTTP/1.1 200 OK
Content-Type: application/json; charset=utf-8
cache-control: no-cache
content-length: 54

12:25:28.270 [AsyncHttpClient-1-2] DEBUG org.asynchttpclient.netty.channel.ChannelManager - Adding key: http://localhost:50685 for channel [id: 0xb083d4ec, L:/127.0.0.1:50937 - R:localhost/127.0.0.1:50685]
12:25:28.336 [Forwarding getCurrentWindowHandle on session fabb2ffb76c94dcf75e21125cc463c12 to remote] DEBUG org.asynchttpclient.netty.request.NettyRequestSender - Using pooled Channel '[id: 0xb083d4ec, L:/127.0.0.1:50937 - R:localhost/127.0.0.1:50685]' for 'GET' to 'http://localhost:50685/session/fabb2ffb76c94dcf75e21125cc463c12/window'
12:25:28.336 [Forwarding getCurrentWindowHandle on session fabb2ffb76c94dcf75e21125cc463c12 to remote] DEBUG org.asynchttpclient.netty.request.NettyRequestSender - Using open Channel [id: 0xb083d4ec, L:/127.0.0.1:50937 - R:localhost/127.0.0.1:50685] for GET '/session/fabb2ffb76c94dcf75e21125cc463c12/window'
12:25:28.339 [AsyncHttpClient-1-2] DEBUG org.asynchttpclient.netty.handler.HttpHandler - 

Request DefaultFullHttpRequest(decodeResult: success, version: HTTP/1.1, content: EmptyByteBufBE)
GET /session/fabb2ffb76c94dcf75e21125cc463c12/window HTTP/1.1
User-Agent: selenium/4.4.0 (java windows)
Cache-Control: no-cache
Content-Type: application/json; charset=utf-8
host: localhost:50685
accept: */*

Response DefaultHttpResponse(decodeResult: success, version: HTTP/1.1)
HTTP/1.1 200 OK
Content-Type: application/json; charset=utf-8
cache-control: no-cache
content-length: 44

12:25:28.340 [AsyncHttpClient-1-2] DEBUG org.asynchttpclient.netty.channel.ChannelManager - Adding key: http://localhost:50685 for channel [id: 0xb083d4ec, L:/127.0.0.1:50937 - R:localhost/127.0.0.1:50685]
12:25:28.350 [Forwarding getAlertText on session fabb2ffb76c94dcf75e21125cc463c12 to remote] DEBUG org.asynchttpclient.netty.request.NettyRequestSender - Using pooled Channel '[id: 0xb083d4ec, L:/127.0.0.1:50937 - R:localhost/127.0.0.1:50685]' for 'GET' to 'http://localhost:50685/session/fabb2ffb76c94dcf75e21125cc463c12/alert/text'
12:25:28.350 [Forwarding getAlertText on session fabb2ffb76c94dcf75e21125cc463c12 to remote] DEBUG org.asynchttpclient.netty.request.NettyRequestSender - Using open Channel [id: 0xb083d4ec, L:/127.0.0.1:50937 - R:localhost/127.0.0.1:50685] for GET '/session/fabb2ffb76c94dcf75e21125cc463c12/alert/text'
12:25:28.358 [AsyncHttpClient-1-2] DEBUG org.asynchttpclient.netty.handler.HttpHandler - 

Request DefaultFullHttpRequest(decodeResult: success, version: HTTP/1.1, content: EmptyByteBufBE)
GET /session/fabb2ffb76c94dcf75e21125cc463c12/alert/text HTTP/1.1
User-Agent: selenium/4.4.0 (java windows)
Cache-Control: no-cache
Content-Type: application/json; charset=utf-8
host: localhost:50685
accept: */*

Response DefaultHttpResponse(decodeResult: success, version: HTTP/1.1)
HTTP/1.1 404 Not Found
Content-Type: application/json; charset=utf-8
cache-control: no-cache
content-length: 1045

12:25:28.358 [AsyncHttpClient-1-2] DEBUG org.asynchttpclient.netty.channel.ChannelManager - Adding key: http://localhost:50685 for channel [id: 0xb083d4ec, L:/127.0.0.1:50937 - R:localhost/127.0.0.1:50685]
12:25:28.369 [Forwarding switchToWindow on session fabb2ffb76c94dcf75e21125cc463c12 to remote] DEBUG org.asynchttpclient.netty.request.NettyRequestSender - Using pooled Channel '[id: 0xb083d4ec, L:/127.0.0.1:50937 - R:localhost/127.0.0.1:50685]' for 'POST' to 'http://localhost:50685/session/fabb2ffb76c94dcf75e21125cc463c12/window'
12:25:28.369 [Forwarding switchToWindow on session fabb2ffb76c94dcf75e21125cc463c12 to remote] DEBUG org.asynchttpclient.netty.request.NettyRequestSender - Using open Channel [id: 0xb083d4ec, L:/127.0.0.1:50937 - R:localhost/127.0.0.1:50685] for POST '/session/fabb2ffb76c94dcf75e21125cc463c12/window'
12:25:28.373 [AsyncHttpClient-1-2] DEBUG org.asynchttpclient.netty.handler.HttpHandler - 

Request DefaultHttpRequest(decodeResult: success, version: HTTP/1.1)
POST /session/fabb2ffb76c94dcf75e21125cc463c12/window HTTP/1.1
User-Agent: selenium/4.4.0 (java windows)
Content-Length: 50
Content-Type: application/json; charset=utf-8
host: localhost:50685
accept: */*

Response DefaultHttpResponse(decodeResult: success, version: HTTP/1.1)
HTTP/1.1 200 OK
Content-Type: application/json; charset=utf-8
cache-control: no-cache
content-length: 14

12:25:28.373 [AsyncHttpClient-1-2] DEBUG org.asynchttpclient.netty.channel.ChannelManager - Adding key: http://localhost:50685 for channel [id: 0xb083d4ec, L:/127.0.0.1:50937 - R:localhost/127.0.0.1:50685]
12:25:28.374 [Forwarding getCurrentUrl on session fabb2ffb76c94dcf75e21125cc463c12 to remote] DEBUG org.asynchttpclient.netty.request.NettyRequestSender - Using pooled Channel '[id: 0xb083d4ec, L:/127.0.0.1:50937 - R:localhost/127.0.0.1:50685]' for 'GET' to 'http://localhost:50685/session/fabb2ffb76c94dcf75e21125cc463c12/url'
12:25:28.374 [Forwarding getCurrentUrl on session fabb2ffb76c94dcf75e21125cc463c12 to remote] DEBUG org.asynchttpclient.netty.request.NettyRequestSender - Using open Channel [id: 0xb083d4ec, L:/127.0.0.1:50937 - R:localhost/127.0.0.1:50685] for GET '/session/fabb2ffb76c94dcf75e21125cc463c12/url'
12:25:28.388 [AsyncHttpClient-1-2] DEBUG org.asynchttpclient.netty.handler.HttpHandler - 

Request DefaultFullHttpRequest(decodeResult: success, version: HTTP/1.1, content: EmptyByteBufBE)
GET /session/fabb2ffb76c94dcf75e21125cc463c12/url HTTP/1.1
User-Agent: selenium/4.4.0 (java windows)
Cache-Control: no-cache
Content-Type: application/json; charset=utf-8
host: localhost:50685
accept: */*

Response DefaultHttpResponse(decodeResult: success, version: HTTP/1.1)
HTTP/1.1 200 OK
Content-Type: application/json; charset=utf-8
cache-control: no-cache
content-length: 54

12:25:28.388 [AsyncHttpClient-1-2] DEBUG org.asynchttpclient.netty.channel.ChannelManager - Adding key: http://localhost:50685 for channel [id: 0xb083d4ec, L:/127.0.0.1:50937 - R:localhost/127.0.0.1:50685]
12:25:28.389 [Forwarding screenshot on session fabb2ffb76c94dcf75e21125cc463c12 to remote] DEBUG org.asynchttpclient.netty.request.NettyRequestSender - Using pooled Channel '[id: 0xb083d4ec, L:/127.0.0.1:50937 - R:localhost/127.0.0.1:50685]' for 'GET' to 'http://localhost:50685/session/fabb2ffb76c94dcf75e21125cc463c12/screenshot'
12:25:28.389 [Forwarding screenshot on session fabb2ffb76c94dcf75e21125cc463c12 to remote] DEBUG org.asynchttpclient.netty.request.NettyRequestSender - Using open Channel [id: 0xb083d4ec, L:/127.0.0.1:50937 - R:localhost/127.0.0.1:50685] for GET '/session/fabb2ffb76c94dcf75e21125cc463c12/screenshot'
12:25:28.557 [AsyncHttpClient-1-2] DEBUG org.asynchttpclient.netty.handler.HttpHandler - 

Request DefaultFullHttpRequest(decodeResult: success, version: HTTP/1.1, content: EmptyByteBufBE)
GET /session/fabb2ffb76c94dcf75e21125cc463c12/screenshot HTTP/1.1
User-Agent: selenium/4.4.0 (java windows)
Cache-Control: no-cache
Content-Type: application/json; charset=utf-8
host: localhost:50685
accept: */*

Response DefaultHttpResponse(decodeResult: success, version: HTTP/1.1)
HTTP/1.1 200 OK
Content-Type: application/json; charset=utf-8
cache-control: no-cache
content-length: 582920

12:25:28.558 [AsyncHttpClient-1-2] DEBUG org.asynchttpclient.netty.channel.ChannelManager - Adding key: http://localhost:50685 for channel [id: 0xb083d4ec, L:/127.0.0.1:50937 - R:localhost/127.0.0.1:50685]
12:25:28.582 [Test worker] DEBUG net.serenitybdd.core.photography.Darkroom - Send negative for processing for C:\Users\pcnit\Downloads\TestE2E\target\site\serenity\df0c7d42288d050de8df9920fb3ce1792a968551b8be6068ef5e7282fd8743b0.png
12:25:28.584 [Test worker] DEBUG net.thucydides.core.steps.StepInterceptor - STEP DONE: {0} clicks on #target
12:25:28.597 [Test worker] DEBUG net.serenitybdd.screenplay.targets.IFrameSwitcher - default content already selected for AGREGAR AL CARRITO
12:25:28.617 [Forwarding getCurrentUrl on session fabb2ffb76c94dcf75e21125cc463c12 to remote] DEBUG org.asynchttpclient.netty.request.NettyRequestSender - Using pooled Channel '[id: 0xb083d4ec, L:/127.0.0.1:50937 - R:localhost/127.0.0.1:50685]' for 'GET' to 'http://localhost:50685/session/fabb2ffb76c94dcf75e21125cc463c12/url'
12:25:28.618 [Forwarding getCurrentUrl on session fabb2ffb76c94dcf75e21125cc463c12 to remote] DEBUG org.asynchttpclient.netty.request.NettyRequestSender - Using open Channel [id: 0xb083d4ec, L:/127.0.0.1:50937 - R:localhost/127.0.0.1:50685] for GET '/session/fabb2ffb76c94dcf75e21125cc463c12/url'
12:25:28.642 [AsyncHttpClient-1-2] DEBUG org.asynchttpclient.netty.handler.HttpHandler - 

Request DefaultFullHttpRequest(decodeResult: success, version: HTTP/1.1, content: EmptyByteBufBE)
GET /session/fabb2ffb76c94dcf75e21125cc463c12/url HTTP/1.1
User-Agent: selenium/4.4.0 (java windows)
Cache-Control: no-cache
Content-Type: application/json; charset=utf-8
host: localhost:50685
accept: */*

Response DefaultHttpResponse(decodeResult: success, version: HTTP/1.1)
HTTP/1.1 200 OK
Content-Type: application/json; charset=utf-8
cache-control: no-cache
content-length: 54

12:25:28.642 [AsyncHttpClient-1-2] DEBUG org.asynchttpclient.netty.channel.ChannelManager - Adding key: http://localhost:50685 for channel [id: 0xb083d4ec, L:/127.0.0.1:50937 - R:localhost/127.0.0.1:50685]
12:25:28.663 [Forwarding findElement on session fabb2ffb76c94dcf75e21125cc463c12 to remote] DEBUG org.asynchttpclient.netty.request.NettyRequestSender - Using pooled Channel '[id: 0xb083d4ec, L:/127.0.0.1:50937 - R:localhost/127.0.0.1:50685]' for 'POST' to 'http://localhost:50685/session/fabb2ffb76c94dcf75e21125cc463c12/element'
12:25:28.663 [Forwarding findElement on session fabb2ffb76c94dcf75e21125cc463c12 to remote] DEBUG org.asynchttpclient.netty.request.NettyRequestSender - Using open Channel [id: 0xb083d4ec, L:/127.0.0.1:50937 - R:localhost/127.0.0.1:50685] for POST '/session/fabb2ffb76c94dcf75e21125cc463c12/element'
12:25:28.678 [AsyncHttpClient-1-2] DEBUG org.asynchttpclient.netty.handler.HttpHandler - 

Request DefaultHttpRequest(decodeResult: success, version: HTTP/1.1)
POST /session/fabb2ffb76c94dcf75e21125cc463c12/element HTTP/1.1
User-Agent: selenium/4.4.0 (java windows)
Content-Length: 118
Content-Type: application/json; charset=utf-8
host: localhost:50685
accept: */*

Response DefaultHttpResponse(decodeResult: success, version: HTTP/1.1)
HTTP/1.1 200 OK
Content-Type: application/json; charset=utf-8
cache-control: no-cache
content-length: 127

12:25:28.678 [AsyncHttpClient-1-2] DEBUG org.asynchttpclient.netty.channel.ChannelManager - Adding key: http://localhost:50685 for channel [id: 0xb083d4ec, L:/127.0.0.1:50937 - R:localhost/127.0.0.1:50685]
12:25:28.685 [Forwarding executeScript on session fabb2ffb76c94dcf75e21125cc463c12 to remote] DEBUG org.asynchttpclient.netty.request.NettyRequestSender - Using pooled Channel '[id: 0xb083d4ec, L:/127.0.0.1:50937 - R:localhost/127.0.0.1:50685]' for 'POST' to 'http://localhost:50685/session/fabb2ffb76c94dcf75e21125cc463c12/execute/sync'
12:25:28.685 [Forwarding executeScript on session fabb2ffb76c94dcf75e21125cc463c12 to remote] DEBUG org.asynchttpclient.netty.request.NettyRequestSender - Using open Channel [id: 0xb083d4ec, L:/127.0.0.1:50937 - R:localhost/127.0.0.1:50685] for POST '/session/fabb2ffb76c94dcf75e21125cc463c12/execute/sync'
12:25:28.691 [AsyncHttpClient-1-2] DEBUG org.asynchttpclient.netty.handler.HttpHandler - 

Request DefaultHttpRequest(decodeResult: success, version: HTTP/1.1)
POST /session/fabb2ffb76c94dcf75e21125cc463c12/execute/sync HTTP/1.1
User-Agent: selenium/4.4.0 (java windows)
Content-Length: 318
Content-Type: application/json; charset=utf-8
host: localhost:50685
accept: */*

Response DefaultHttpResponse(decodeResult: success, version: HTTP/1.1)
HTTP/1.1 200 OK
Content-Type: application/json; charset=utf-8
cache-control: no-cache
content-length: 14

12:25:28.691 [AsyncHttpClient-1-2] DEBUG org.asynchttpclient.netty.channel.ChannelManager - Adding key: http://localhost:50685 for channel [id: 0xb083d4ec, L:/127.0.0.1:50937 - R:localhost/127.0.0.1:50685]
12:25:28.735 [Test worker] DEBUG net.serenitybdd.screenplay.targets.IFrameSwitcher - default content already selected for AGREGAR AL CARRITO
12:25:28.746 [Forwarding findElements on session fabb2ffb76c94dcf75e21125cc463c12 to remote] DEBUG org.asynchttpclient.netty.request.NettyRequestSender - Using pooled Channel '[id: 0xb083d4ec, L:/127.0.0.1:50937 - R:localhost/127.0.0.1:50685]' for 'POST' to 'http://localhost:50685/session/fabb2ffb76c94dcf75e21125cc463c12/elements'
12:25:28.747 [Forwarding findElements on session fabb2ffb76c94dcf75e21125cc463c12 to remote] DEBUG org.asynchttpclient.netty.request.NettyRequestSender - Using open Channel [id: 0xb083d4ec, L:/127.0.0.1:50937 - R:localhost/127.0.0.1:50685] for POST '/session/fabb2ffb76c94dcf75e21125cc463c12/elements'
12:25:28.769 [AsyncHttpClient-1-2] DEBUG org.asynchttpclient.netty.handler.HttpHandler - 

Request DefaultHttpRequest(decodeResult: success, version: HTTP/1.1)
POST /session/fabb2ffb76c94dcf75e21125cc463c12/elements HTTP/1.1
User-Agent: selenium/4.4.0 (java windows)
Content-Length: 118
Content-Type: application/json; charset=utf-8
host: localhost:50685
accept: */*

Response DefaultHttpResponse(decodeResult: success, version: HTTP/1.1)
HTTP/1.1 200 OK
Content-Type: application/json; charset=utf-8
cache-control: no-cache
content-length: 129

12:25:28.769 [AsyncHttpClient-1-2] DEBUG org.asynchttpclient.netty.channel.ChannelManager - Adding key: http://localhost:50685 for channel [id: 0xb083d4ec, L:/127.0.0.1:50937 - R:localhost/127.0.0.1:50685]
12:25:28.780 [AsyncHttpClient-1-1] DEBUG org.asynchttpclient.netty.channel.DefaultChannelPool - Entry count for : http://localhost:50938 : 1
12:25:28.780 [AsyncHttpClient-1-1] DEBUG org.asynchttpclient.netty.channel.DefaultChannelPool - Entry count for : http://localhost:50685 : 1
12:25:28.796 [Forwarding isElementEnabled on session fabb2ffb76c94dcf75e21125cc463c12 to remote] DEBUG org.asynchttpclient.netty.request.NettyRequestSender - Using pooled Channel '[id: 0xb083d4ec, L:/127.0.0.1:50937 - R:localhost/127.0.0.1:50685]' for 'GET' to 'http://localhost:50685/session/fabb2ffb76c94dcf75e21125cc463c12/element/f.7E9A709675F02E7E9E4ECE1EF325ABA8.d.C6AC389A0DAC0890D293B1C7A71ED33E.e.236/enabled'
12:25:28.797 [Forwarding isElementEnabled on session fabb2ffb76c94dcf75e21125cc463c12 to remote] DEBUG org.asynchttpclient.netty.request.NettyRequestSender - Using open Channel [id: 0xb083d4ec, L:/127.0.0.1:50937 - R:localhost/127.0.0.1:50685] for GET '/session/fabb2ffb76c94dcf75e21125cc463c12/element/f.7E9A709675F02E7E9E4ECE1EF325ABA8.d.C6AC389A0DAC0890D293B1C7A71ED33E.e.236/enabled'
12:25:28.807 [AsyncHttpClient-1-2] DEBUG org.asynchttpclient.netty.handler.HttpHandler - 

Request DefaultFullHttpRequest(decodeResult: success, version: HTTP/1.1, content: EmptyByteBufBE)
GET /session/fabb2ffb76c94dcf75e21125cc463c12/element/f.7E9A709675F02E7E9E4ECE1EF325ABA8.d.C6AC389A0DAC0890D293B1C7A71ED33E.e.236/enabled HTTP/1.1
User-Agent: selenium/4.4.0 (java windows)
Cache-Control: no-cache
Content-Type: application/json; charset=utf-8
host: localhost:50685
accept: */*

Response DefaultHttpResponse(decodeResult: success, version: HTTP/1.1)
HTTP/1.1 200 OK
Content-Type: application/json; charset=utf-8
cache-control: no-cache
content-length: 14

12:25:28.807 [AsyncHttpClient-1-2] DEBUG org.asynchttpclient.netty.channel.ChannelManager - Adding key: http://localhost:50685 for channel [id: 0xb083d4ec, L:/127.0.0.1:50937 - R:localhost/127.0.0.1:50685]
12:25:28.814 [Forwarding isElementEnabled on session fabb2ffb76c94dcf75e21125cc463c12 to remote] DEBUG org.asynchttpclient.netty.request.NettyRequestSender - Using pooled Channel '[id: 0xb083d4ec, L:/127.0.0.1:50937 - R:localhost/127.0.0.1:50685]' for 'GET' to 'http://localhost:50685/session/fabb2ffb76c94dcf75e21125cc463c12/element/f.7E9A709675F02E7E9E4ECE1EF325ABA8.d.C6AC389A0DAC0890D293B1C7A71ED33E.e.236/enabled'
12:25:28.814 [Forwarding isElementEnabled on session fabb2ffb76c94dcf75e21125cc463c12 to remote] DEBUG org.asynchttpclient.netty.request.NettyRequestSender - Using open Channel [id: 0xb083d4ec, L:/127.0.0.1:50937 - R:localhost/127.0.0.1:50685] for GET '/session/fabb2ffb76c94dcf75e21125cc463c12/element/f.7E9A709675F02E7E9E4ECE1EF325ABA8.d.C6AC389A0DAC0890D293B1C7A71ED33E.e.236/enabled'
12:25:28.826 [AsyncHttpClient-1-2] DEBUG org.asynchttpclient.netty.handler.HttpHandler - 

Request DefaultFullHttpRequest(decodeResult: success, version: HTTP/1.1, content: EmptyByteBufBE)
GET /session/fabb2ffb76c94dcf75e21125cc463c12/element/f.7E9A709675F02E7E9E4ECE1EF325ABA8.d.C6AC389A0DAC0890D293B1C7A71ED33E.e.236/enabled HTTP/1.1
User-Agent: selenium/4.4.0 (java windows)
Cache-Control: no-cache
Content-Type: application/json; charset=utf-8
host: localhost:50685
accept: */*

Response DefaultHttpResponse(decodeResult: success, version: HTTP/1.1)
HTTP/1.1 200 OK
Content-Type: application/json; charset=utf-8
cache-control: no-cache
content-length: 14

12:25:28.827 [AsyncHttpClient-1-2] DEBUG org.asynchttpclient.netty.channel.ChannelManager - Adding key: http://localhost:50685 for channel [id: 0xb083d4ec, L:/127.0.0.1:50937 - R:localhost/127.0.0.1:50685]
12:25:28.884 [Forwarding getCurrentWindowHandle on session fabb2ffb76c94dcf75e21125cc463c12 to remote] DEBUG org.asynchttpclient.netty.request.NettyRequestSender - Using pooled Channel '[id: 0xb083d4ec, L:/127.0.0.1:50937 - R:localhost/127.0.0.1:50685]' for 'GET' to 'http://localhost:50685/session/fabb2ffb76c94dcf75e21125cc463c12/window'
12:25:28.885 [Forwarding getCurrentWindowHandle on session fabb2ffb76c94dcf75e21125cc463c12 to remote] DEBUG org.asynchttpclient.netty.request.NettyRequestSender - Using open Channel [id: 0xb083d4ec, L:/127.0.0.1:50937 - R:localhost/127.0.0.1:50685] for GET '/session/fabb2ffb76c94dcf75e21125cc463c12/window'
12:25:28.890 [AsyncHttpClient-1-2] DEBUG org.asynchttpclient.netty.handler.HttpHandler - 

Request DefaultFullHttpRequest(decodeResult: success, version: HTTP/1.1, content: EmptyByteBufBE)
GET /session/fabb2ffb76c94dcf75e21125cc463c12/window HTTP/1.1
User-Agent: selenium/4.4.0 (java windows)
Cache-Control: no-cache
Content-Type: application/json; charset=utf-8
host: localhost:50685
accept: */*

Response DefaultHttpResponse(decodeResult: success, version: HTTP/1.1)
HTTP/1.1 200 OK
Content-Type: application/json; charset=utf-8
cache-control: no-cache
content-length: 44

12:25:28.891 [AsyncHttpClient-1-2] DEBUG org.asynchttpclient.netty.channel.ChannelManager - Adding key: http://localhost:50685 for channel [id: 0xb083d4ec, L:/127.0.0.1:50937 - R:localhost/127.0.0.1:50685]
12:25:28.904 [Forwarding getAlertText on session fabb2ffb76c94dcf75e21125cc463c12 to remote] DEBUG org.asynchttpclient.netty.request.NettyRequestSender - Using pooled Channel '[id: 0xb083d4ec, L:/127.0.0.1:50937 - R:localhost/127.0.0.1:50685]' for 'GET' to 'http://localhost:50685/session/fabb2ffb76c94dcf75e21125cc463c12/alert/text'
12:25:28.904 [Forwarding getAlertText on session fabb2ffb76c94dcf75e21125cc463c12 to remote] DEBUG org.asynchttpclient.netty.request.NettyRequestSender - Using open Channel [id: 0xb083d4ec, L:/127.0.0.1:50937 - R:localhost/127.0.0.1:50685] for GET '/session/fabb2ffb76c94dcf75e21125cc463c12/alert/text'
12:25:28.911 [AsyncHttpClient-1-2] DEBUG org.asynchttpclient.netty.handler.HttpHandler - 

Request DefaultFullHttpRequest(decodeResult: success, version: HTTP/1.1, content: EmptyByteBufBE)
GET /session/fabb2ffb76c94dcf75e21125cc463c12/alert/text HTTP/1.1
User-Agent: selenium/4.4.0 (java windows)
Cache-Control: no-cache
Content-Type: application/json; charset=utf-8
host: localhost:50685
accept: */*

Response DefaultHttpResponse(decodeResult: success, version: HTTP/1.1)
HTTP/1.1 404 Not Found
Content-Type: application/json; charset=utf-8
cache-control: no-cache
content-length: 1045

12:25:28.911 [AsyncHttpClient-1-2] DEBUG org.asynchttpclient.netty.channel.ChannelManager - Adding key: http://localhost:50685 for channel [id: 0xb083d4ec, L:/127.0.0.1:50937 - R:localhost/127.0.0.1:50685]
12:25:28.914 [Forwarding switchToWindow on session fabb2ffb76c94dcf75e21125cc463c12 to remote] DEBUG org.asynchttpclient.netty.request.NettyRequestSender - Using pooled Channel '[id: 0xb083d4ec, L:/127.0.0.1:50937 - R:localhost/127.0.0.1:50685]' for 'POST' to 'http://localhost:50685/session/fabb2ffb76c94dcf75e21125cc463c12/window'
12:25:28.914 [Forwarding switchToWindow on session fabb2ffb76c94dcf75e21125cc463c12 to remote] DEBUG org.asynchttpclient.netty.request.NettyRequestSender - Using open Channel [id: 0xb083d4ec, L:/127.0.0.1:50937 - R:localhost/127.0.0.1:50685] for POST '/session/fabb2ffb76c94dcf75e21125cc463c12/window'
12:25:28.923 [AsyncHttpClient-1-2] DEBUG org.asynchttpclient.netty.handler.HttpHandler - 

Request DefaultHttpRequest(decodeResult: success, version: HTTP/1.1)
POST /session/fabb2ffb76c94dcf75e21125cc463c12/window HTTP/1.1
User-Agent: selenium/4.4.0 (java windows)
Content-Length: 50
Content-Type: application/json; charset=utf-8
host: localhost:50685
accept: */*

Response DefaultHttpResponse(decodeResult: success, version: HTTP/1.1)
HTTP/1.1 200 OK
Content-Type: application/json; charset=utf-8
cache-control: no-cache
content-length: 14

12:25:28.923 [AsyncHttpClient-1-2] DEBUG org.asynchttpclient.netty.channel.ChannelManager - Adding key: http://localhost:50685 for channel [id: 0xb083d4ec, L:/127.0.0.1:50937 - R:localhost/127.0.0.1:50685]
12:25:28.924 [Forwarding getCurrentUrl on session fabb2ffb76c94dcf75e21125cc463c12 to remote] DEBUG org.asynchttpclient.netty.request.NettyRequestSender - Using pooled Channel '[id: 0xb083d4ec, L:/127.0.0.1:50937 - R:localhost/127.0.0.1:50685]' for 'GET' to 'http://localhost:50685/session/fabb2ffb76c94dcf75e21125cc463c12/url'
12:25:28.924 [Forwarding getCurrentUrl on session fabb2ffb76c94dcf75e21125cc463c12 to remote] DEBUG org.asynchttpclient.netty.request.NettyRequestSender - Using open Channel [id: 0xb083d4ec, L:/127.0.0.1:50937 - R:localhost/127.0.0.1:50685] for GET '/session/fabb2ffb76c94dcf75e21125cc463c12/url'
12:25:28.957 [AsyncHttpClient-1-2] DEBUG org.asynchttpclient.netty.handler.HttpHandler - 

Request DefaultFullHttpRequest(decodeResult: success, version: HTTP/1.1, content: EmptyByteBufBE)
GET /session/fabb2ffb76c94dcf75e21125cc463c12/url HTTP/1.1
User-Agent: selenium/4.4.0 (java windows)
Cache-Control: no-cache
Content-Type: application/json; charset=utf-8
host: localhost:50685
accept: */*

Response DefaultHttpResponse(decodeResult: success, version: HTTP/1.1)
HTTP/1.1 200 OK
Content-Type: application/json; charset=utf-8
cache-control: no-cache
content-length: 54

12:25:28.957 [AsyncHttpClient-1-2] DEBUG org.asynchttpclient.netty.channel.ChannelManager - Adding key: http://localhost:50685 for channel [id: 0xb083d4ec, L:/127.0.0.1:50937 - R:localhost/127.0.0.1:50685]
12:25:28.957 [Forwarding screenshot on session fabb2ffb76c94dcf75e21125cc463c12 to remote] DEBUG org.asynchttpclient.netty.request.NettyRequestSender - Using pooled Channel '[id: 0xb083d4ec, L:/127.0.0.1:50937 - R:localhost/127.0.0.1:50685]' for 'GET' to 'http://localhost:50685/session/fabb2ffb76c94dcf75e21125cc463c12/screenshot'
12:25:28.958 [Forwarding screenshot on session fabb2ffb76c94dcf75e21125cc463c12 to remote] DEBUG org.asynchttpclient.netty.request.NettyRequestSender - Using open Channel [id: 0xb083d4ec, L:/127.0.0.1:50937 - R:localhost/127.0.0.1:50685] for GET '/session/fabb2ffb76c94dcf75e21125cc463c12/screenshot'
12:25:29.125 [AsyncHttpClient-1-2] DEBUG org.asynchttpclient.netty.handler.HttpHandler - 

Request DefaultFullHttpRequest(decodeResult: success, version: HTTP/1.1, content: EmptyByteBufBE)
GET /session/fabb2ffb76c94dcf75e21125cc463c12/screenshot HTTP/1.1
User-Agent: selenium/4.4.0 (java windows)
Cache-Control: no-cache
Content-Type: application/json; charset=utf-8
host: localhost:50685
accept: */*

Response DefaultHttpResponse(decodeResult: success, version: HTTP/1.1)
HTTP/1.1 200 OK
Content-Type: application/json; charset=utf-8
cache-control: no-cache
content-length: 560312

12:25:29.126 [AsyncHttpClient-1-2] DEBUG org.asynchttpclient.netty.channel.ChannelManager - Adding key: http://localhost:50685 for channel [id: 0xb083d4ec, L:/127.0.0.1:50937 - R:localhost/127.0.0.1:50685]
12:25:29.157 [Test worker] DEBUG net.serenitybdd.core.photography.Darkroom - Send negative for processing for C:\Users\pcnit\Downloads\TestE2E\target\site\serenity\a91e4bc76bb4b17de275d017e1a385a65fa55e8dec59b87824c2f6ef2057ae36.png
12:25:29.169 [Forwarding getPageSource on session fabb2ffb76c94dcf75e21125cc463c12 to remote] DEBUG org.asynchttpclient.netty.request.NettyRequestSender - Using pooled Channel '[id: 0xb083d4ec, L:/127.0.0.1:50937 - R:localhost/127.0.0.1:50685]' for 'POST' to 'http://localhost:50685/session/fabb2ffb76c94dcf75e21125cc463c12/execute/sync'
12:25:29.169 [Forwarding getPageSource on session fabb2ffb76c94dcf75e21125cc463c12 to remote] DEBUG org.asynchttpclient.netty.request.NettyRequestSender - Using open Channel [id: 0xb083d4ec, L:/127.0.0.1:50937 - R:localhost/127.0.0.1:50685] for POST '/session/fabb2ffb76c94dcf75e21125cc463c12/execute/sync'
12:25:29.179 [AsyncHttpClient-1-2] DEBUG org.asynchttpclient.netty.handler.HttpHandler - 

Request DefaultHttpRequest(decodeResult: success, version: HTTP/1.1)
POST /session/fabb2ffb76c94dcf75e21125cc463c12/execute/sync HTTP/1.1
User-Agent: selenium/4.4.0 (java windows)
Content-Length: 176
Content-Type: application/json; charset=utf-8
host: localhost:50685
accept: */*

Response DefaultHttpResponse(decodeResult: success, version: HTTP/1.1)
HTTP/1.1 200 OK
Content-Type: application/json; charset=utf-8
cache-control: no-cache
content-length: 54496

12:25:29.180 [AsyncHttpClient-1-2] DEBUG org.asynchttpclient.netty.channel.ChannelManager - Adding key: http://localhost:50685 for channel [id: 0xb083d4ec, L:/127.0.0.1:50937 - R:localhost/127.0.0.1:50685]
12:25:29.187 [Forwarding getCurrentUrl on session fabb2ffb76c94dcf75e21125cc463c12 to remote] DEBUG org.asynchttpclient.netty.request.NettyRequestSender - Using pooled Channel '[id: 0xb083d4ec, L:/127.0.0.1:50937 - R:localhost/127.0.0.1:50685]' for 'GET' to 'http://localhost:50685/session/fabb2ffb76c94dcf75e21125cc463c12/url'
12:25:29.188 [Forwarding getCurrentUrl on session fabb2ffb76c94dcf75e21125cc463c12 to remote] DEBUG org.asynchttpclient.netty.request.NettyRequestSender - Using open Channel [id: 0xb083d4ec, L:/127.0.0.1:50937 - R:localhost/127.0.0.1:50685] for GET '/session/fabb2ffb76c94dcf75e21125cc463c12/url'
12:25:29.202 [AsyncHttpClient-1-2] DEBUG org.asynchttpclient.netty.handler.HttpHandler - 

Request DefaultFullHttpRequest(decodeResult: success, version: HTTP/1.1, content: EmptyByteBufBE)
GET /session/fabb2ffb76c94dcf75e21125cc463c12/url HTTP/1.1
User-Agent: selenium/4.4.0 (java windows)
Cache-Control: no-cache
Content-Type: application/json; charset=utf-8
host: localhost:50685
accept: */*

Response DefaultHttpResponse(decodeResult: success, version: HTTP/1.1)
HTTP/1.1 200 OK
Content-Type: application/json; charset=utf-8
cache-control: no-cache
content-length: 54

12:25:29.203 [AsyncHttpClient-1-2] DEBUG org.asynchttpclient.netty.channel.ChannelManager - Adding key: http://localhost:50685 for channel [id: 0xb083d4ec, L:/127.0.0.1:50937 - R:localhost/127.0.0.1:50685]
12:25:29.209 [Test worker] DEBUG net.thucydides.core.steps.StepInterceptor - STARTING STEP: Product.performAs - {0} clicks on #target
12:25:29.210 [Test worker] DEBUG net.serenitybdd.screenplay.targets.IFrameSwitcher - default content already selected for AGREGAR AL CARRITO
12:25:29.272 [Forwarding findElement on session fabb2ffb76c94dcf75e21125cc463c12 to remote] DEBUG org.asynchttpclient.netty.request.NettyRequestSender - Using pooled Channel '[id: 0xb083d4ec, L:/127.0.0.1:50937 - R:localhost/127.0.0.1:50685]' for 'POST' to 'http://localhost:50685/session/fabb2ffb76c94dcf75e21125cc463c12/element'
12:25:29.273 [Forwarding findElement on session fabb2ffb76c94dcf75e21125cc463c12 to remote] DEBUG org.asynchttpclient.netty.request.NettyRequestSender - Using open Channel [id: 0xb083d4ec, L:/127.0.0.1:50937 - R:localhost/127.0.0.1:50685] for POST '/session/fabb2ffb76c94dcf75e21125cc463c12/element'
12:25:29.300 [AsyncHttpClient-1-2] DEBUG org.asynchttpclient.netty.handler.HttpHandler - 

Request DefaultHttpRequest(decodeResult: success, version: HTTP/1.1)
POST /session/fabb2ffb76c94dcf75e21125cc463c12/element HTTP/1.1
User-Agent: selenium/4.4.0 (java windows)
Content-Length: 118
Content-Type: application/json; charset=utf-8
host: localhost:50685
accept: */*

Response DefaultHttpResponse(decodeResult: success, version: HTTP/1.1)
HTTP/1.1 200 OK
Content-Type: application/json; charset=utf-8
cache-control: no-cache
content-length: 127

12:25:29.301 [AsyncHttpClient-1-2] DEBUG org.asynchttpclient.netty.channel.ChannelManager - Adding key: http://localhost:50685 for channel [id: 0xb083d4ec, L:/127.0.0.1:50937 - R:localhost/127.0.0.1:50685]
12:25:29.308 [Forwarding isElementDisplayed on session fabb2ffb76c94dcf75e21125cc463c12 to remote] DEBUG org.asynchttpclient.netty.request.NettyRequestSender - Using pooled Channel '[id: 0xb083d4ec, L:/127.0.0.1:50937 - R:localhost/127.0.0.1:50685]' for 'POST' to 'http://localhost:50685/session/fabb2ffb76c94dcf75e21125cc463c12/execute/sync'
12:25:29.308 [Forwarding isElementDisplayed on session fabb2ffb76c94dcf75e21125cc463c12 to remote] DEBUG org.asynchttpclient.netty.request.NettyRequestSender - Using open Channel [id: 0xb083d4ec, L:/127.0.0.1:50937 - R:localhost/127.0.0.1:50685] for POST '/session/fabb2ffb76c94dcf75e21125cc463c12/execute/sync'
12:25:29.322 [AsyncHttpClient-1-2] DEBUG org.asynchttpclient.netty.handler.HttpHandler - 

Request DefaultHttpRequest(decodeResult: success, version: HTTP/1.1)
POST /session/fabb2ffb76c94dcf75e21125cc463c12/execute/sync HTTP/1.1
User-Agent: selenium/4.4.0 (java windows)
Content-Length: 48819
Content-Type: application/json; charset=utf-8
host: localhost:50685
accept: */*

Response DefaultHttpResponse(decodeResult: success, version: HTTP/1.1)
HTTP/1.1 200 OK
Content-Type: application/json; charset=utf-8
cache-control: no-cache
content-length: 14

12:25:29.322 [AsyncHttpClient-1-2] DEBUG org.asynchttpclient.netty.channel.ChannelManager - Adding key: http://localhost:50685 for channel [id: 0xb083d4ec, L:/127.0.0.1:50937 - R:localhost/127.0.0.1:50685]
12:25:29.359 [Forwarding findElement on session fabb2ffb76c94dcf75e21125cc463c12 to remote] DEBUG org.asynchttpclient.netty.request.NettyRequestSender - Using pooled Channel '[id: 0xb083d4ec, L:/127.0.0.1:50937 - R:localhost/127.0.0.1:50685]' for 'POST' to 'http://localhost:50685/session/fabb2ffb76c94dcf75e21125cc463c12/element'
12:25:29.359 [Forwarding findElement on session fabb2ffb76c94dcf75e21125cc463c12 to remote] DEBUG org.asynchttpclient.netty.request.NettyRequestSender - Using open Channel [id: 0xb083d4ec, L:/127.0.0.1:50937 - R:localhost/127.0.0.1:50685] for POST '/session/fabb2ffb76c94dcf75e21125cc463c12/element'
12:25:29.380 [AsyncHttpClient-1-2] DEBUG org.asynchttpclient.netty.handler.HttpHandler - 

Request DefaultHttpRequest(decodeResult: success, version: HTTP/1.1)
POST /session/fabb2ffb76c94dcf75e21125cc463c12/element HTTP/1.1
User-Agent: selenium/4.4.0 (java windows)
Content-Length: 118
Content-Type: application/json; charset=utf-8
host: localhost:50685
accept: */*

Response DefaultHttpResponse(decodeResult: success, version: HTTP/1.1)
HTTP/1.1 200 OK
Content-Type: application/json; charset=utf-8
cache-control: no-cache
content-length: 127

12:25:29.380 [AsyncHttpClient-1-2] DEBUG org.asynchttpclient.netty.channel.ChannelManager - Adding key: http://localhost:50685 for channel [id: 0xb083d4ec, L:/127.0.0.1:50937 - R:localhost/127.0.0.1:50685]
12:25:29.383 [Forwarding clickElement on session fabb2ffb76c94dcf75e21125cc463c12 to remote] DEBUG org.asynchttpclient.netty.request.NettyRequestSender - Using pooled Channel '[id: 0xb083d4ec, L:/127.0.0.1:50937 - R:localhost/127.0.0.1:50685]' for 'POST' to 'http://localhost:50685/session/fabb2ffb76c94dcf75e21125cc463c12/element/f.7E9A709675F02E7E9E4ECE1EF325ABA8.d.C6AC389A0DAC0890D293B1C7A71ED33E.e.236/click'
12:25:29.384 [Forwarding clickElement on session fabb2ffb76c94dcf75e21125cc463c12 to remote] DEBUG org.asynchttpclient.netty.request.NettyRequestSender - Using open Channel [id: 0xb083d4ec, L:/127.0.0.1:50937 - R:localhost/127.0.0.1:50685] for POST '/session/fabb2ffb76c94dcf75e21125cc463c12/element/f.7E9A709675F02E7E9E4ECE1EF325ABA8.d.C6AC389A0DAC0890D293B1C7A71ED33E.e.236/click'
12:25:29.555 [AsyncHttpClient-1-2] DEBUG org.asynchttpclient.netty.handler.HttpHandler - 

Request DefaultHttpRequest(decodeResult: success, version: HTTP/1.1)
POST /session/fabb2ffb76c94dcf75e21125cc463c12/element/f.7E9A709675F02E7E9E4ECE1EF325ABA8.d.C6AC389A0DAC0890D293B1C7A71ED33E.e.236/click HTTP/1.1
User-Agent: selenium/4.4.0 (java windows)
Content-Length: 89
Content-Type: application/json; charset=utf-8
host: localhost:50685
accept: */*

Response DefaultHttpResponse(decodeResult: success, version: HTTP/1.1)
HTTP/1.1 200 OK
Content-Type: application/json; charset=utf-8
cache-control: no-cache
content-length: 14

12:25:29.555 [AsyncHttpClient-1-2] DEBUG org.asynchttpclient.netty.channel.ChannelManager - Adding key: http://localhost:50685 for channel [id: 0xb083d4ec, L:/127.0.0.1:50937 - R:localhost/127.0.0.1:50685]
12:25:29.602 [Forwarding getCurrentWindowHandle on session fabb2ffb76c94dcf75e21125cc463c12 to remote] DEBUG org.asynchttpclient.netty.request.NettyRequestSender - Using pooled Channel '[id: 0xb083d4ec, L:/127.0.0.1:50937 - R:localhost/127.0.0.1:50685]' for 'GET' to 'http://localhost:50685/session/fabb2ffb76c94dcf75e21125cc463c12/window'
12:25:29.602 [Forwarding getCurrentWindowHandle on session fabb2ffb76c94dcf75e21125cc463c12 to remote] DEBUG org.asynchttpclient.netty.request.NettyRequestSender - Using open Channel [id: 0xb083d4ec, L:/127.0.0.1:50937 - R:localhost/127.0.0.1:50685] for GET '/session/fabb2ffb76c94dcf75e21125cc463c12/window'
12:25:29.606 [AsyncHttpClient-1-2] DEBUG org.asynchttpclient.netty.handler.HttpHandler - 

Request DefaultFullHttpRequest(decodeResult: success, version: HTTP/1.1, content: EmptyByteBufBE)
GET /session/fabb2ffb76c94dcf75e21125cc463c12/window HTTP/1.1
User-Agent: selenium/4.4.0 (java windows)
Cache-Control: no-cache
Content-Type: application/json; charset=utf-8
host: localhost:50685
accept: */*

Response DefaultHttpResponse(decodeResult: success, version: HTTP/1.1)
HTTP/1.1 200 OK
Content-Type: application/json; charset=utf-8
cache-control: no-cache
content-length: 44

12:25:29.607 [AsyncHttpClient-1-2] DEBUG org.asynchttpclient.netty.channel.ChannelManager - Adding key: http://localhost:50685 for channel [id: 0xb083d4ec, L:/127.0.0.1:50937 - R:localhost/127.0.0.1:50685]
12:25:29.618 [Forwarding getAlertText on session fabb2ffb76c94dcf75e21125cc463c12 to remote] DEBUG org.asynchttpclient.netty.request.NettyRequestSender - Using pooled Channel '[id: 0xb083d4ec, L:/127.0.0.1:50937 - R:localhost/127.0.0.1:50685]' for 'GET' to 'http://localhost:50685/session/fabb2ffb76c94dcf75e21125cc463c12/alert/text'
12:25:29.618 [Forwarding getAlertText on session fabb2ffb76c94dcf75e21125cc463c12 to remote] DEBUG org.asynchttpclient.netty.request.NettyRequestSender - Using open Channel [id: 0xb083d4ec, L:/127.0.0.1:50937 - R:localhost/127.0.0.1:50685] for GET '/session/fabb2ffb76c94dcf75e21125cc463c12/alert/text'
12:25:29.624 [AsyncHttpClient-1-2] DEBUG org.asynchttpclient.netty.handler.HttpHandler - 

Request DefaultFullHttpRequest(decodeResult: success, version: HTTP/1.1, content: EmptyByteBufBE)
GET /session/fabb2ffb76c94dcf75e21125cc463c12/alert/text HTTP/1.1
User-Agent: selenium/4.4.0 (java windows)
Cache-Control: no-cache
Content-Type: application/json; charset=utf-8
host: localhost:50685
accept: */*

Response DefaultHttpResponse(decodeResult: success, version: HTTP/1.1)
HTTP/1.1 404 Not Found
Content-Type: application/json; charset=utf-8
cache-control: no-cache
content-length: 1045

12:25:29.624 [AsyncHttpClient-1-2] DEBUG org.asynchttpclient.netty.channel.ChannelManager - Adding key: http://localhost:50685 for channel [id: 0xb083d4ec, L:/127.0.0.1:50937 - R:localhost/127.0.0.1:50685]
12:25:29.634 [Forwarding switchToWindow on session fabb2ffb76c94dcf75e21125cc463c12 to remote] DEBUG org.asynchttpclient.netty.request.NettyRequestSender - Using pooled Channel '[id: 0xb083d4ec, L:/127.0.0.1:50937 - R:localhost/127.0.0.1:50685]' for 'POST' to 'http://localhost:50685/session/fabb2ffb76c94dcf75e21125cc463c12/window'
12:25:29.634 [Forwarding switchToWindow on session fabb2ffb76c94dcf75e21125cc463c12 to remote] DEBUG org.asynchttpclient.netty.request.NettyRequestSender - Using open Channel [id: 0xb083d4ec, L:/127.0.0.1:50937 - R:localhost/127.0.0.1:50685] for POST '/session/fabb2ffb76c94dcf75e21125cc463c12/window'
12:25:29.638 [AsyncHttpClient-1-2] DEBUG org.asynchttpclient.netty.handler.HttpHandler - 

Request DefaultHttpRequest(decodeResult: success, version: HTTP/1.1)
POST /session/fabb2ffb76c94dcf75e21125cc463c12/window HTTP/1.1
User-Agent: selenium/4.4.0 (java windows)
Content-Length: 50
Content-Type: application/json; charset=utf-8
host: localhost:50685
accept: */*

Response DefaultHttpResponse(decodeResult: success, version: HTTP/1.1)
HTTP/1.1 200 OK
Content-Type: application/json; charset=utf-8
cache-control: no-cache
content-length: 14

12:25:29.638 [AsyncHttpClient-1-2] DEBUG org.asynchttpclient.netty.channel.ChannelManager - Adding key: http://localhost:50685 for channel [id: 0xb083d4ec, L:/127.0.0.1:50937 - R:localhost/127.0.0.1:50685]
12:25:29.639 [Forwarding getCurrentUrl on session fabb2ffb76c94dcf75e21125cc463c12 to remote] DEBUG org.asynchttpclient.netty.request.NettyRequestSender - Using pooled Channel '[id: 0xb083d4ec, L:/127.0.0.1:50937 - R:localhost/127.0.0.1:50685]' for 'GET' to 'http://localhost:50685/session/fabb2ffb76c94dcf75e21125cc463c12/url'
12:25:29.639 [Forwarding getCurrentUrl on session fabb2ffb76c94dcf75e21125cc463c12 to remote] DEBUG org.asynchttpclient.netty.request.NettyRequestSender - Using open Channel [id: 0xb083d4ec, L:/127.0.0.1:50937 - R:localhost/127.0.0.1:50685] for GET '/session/fabb2ffb76c94dcf75e21125cc463c12/url'
12:25:29.651 [AsyncHttpClient-1-2] DEBUG org.asynchttpclient.netty.handler.HttpHandler - 

Request DefaultFullHttpRequest(decodeResult: success, version: HTTP/1.1, content: EmptyByteBufBE)
GET /session/fabb2ffb76c94dcf75e21125cc463c12/url HTTP/1.1
User-Agent: selenium/4.4.0 (java windows)
Cache-Control: no-cache
Content-Type: application/json; charset=utf-8
host: localhost:50685
accept: */*

Response DefaultHttpResponse(decodeResult: success, version: HTTP/1.1)
HTTP/1.1 200 OK
Content-Type: application/json; charset=utf-8
cache-control: no-cache
content-length: 55

12:25:29.651 [AsyncHttpClient-1-2] DEBUG org.asynchttpclient.netty.channel.ChannelManager - Adding key: http://localhost:50685 for channel [id: 0xb083d4ec, L:/127.0.0.1:50937 - R:localhost/127.0.0.1:50685]
12:25:29.653 [Forwarding screenshot on session fabb2ffb76c94dcf75e21125cc463c12 to remote] DEBUG org.asynchttpclient.netty.request.NettyRequestSender - Using pooled Channel '[id: 0xb083d4ec, L:/127.0.0.1:50937 - R:localhost/127.0.0.1:50685]' for 'GET' to 'http://localhost:50685/session/fabb2ffb76c94dcf75e21125cc463c12/screenshot'
12:25:29.653 [Forwarding screenshot on session fabb2ffb76c94dcf75e21125cc463c12 to remote] DEBUG org.asynchttpclient.netty.request.NettyRequestSender - Using open Channel [id: 0xb083d4ec, L:/127.0.0.1:50937 - R:localhost/127.0.0.1:50685] for GET '/session/fabb2ffb76c94dcf75e21125cc463c12/screenshot'
12:25:29.850 [AsyncHttpClient-1-2] DEBUG org.asynchttpclient.netty.handler.HttpHandler - 

Request DefaultFullHttpRequest(decodeResult: success, version: HTTP/1.1, content: EmptyByteBufBE)
GET /session/fabb2ffb76c94dcf75e21125cc463c12/screenshot HTTP/1.1
User-Agent: selenium/4.4.0 (java windows)
Cache-Control: no-cache
Content-Type: application/json; charset=utf-8
host: localhost:50685
accept: */*

Response DefaultHttpResponse(decodeResult: success, version: HTTP/1.1)
HTTP/1.1 200 OK
Content-Type: application/json; charset=utf-8
cache-control: no-cache
content-length: 583236

12:25:29.854 [AsyncHttpClient-1-2] DEBUG org.asynchttpclient.netty.channel.ChannelManager - Adding key: http://localhost:50685 for channel [id: 0xb083d4ec, L:/127.0.0.1:50937 - R:localhost/127.0.0.1:50685]
12:25:29.874 [AsyncHttpClient-1-1] DEBUG org.asynchttpclient.netty.channel.DefaultChannelPool - Entry count for : http://localhost:50938 : 1
12:25:29.875 [AsyncHttpClient-1-1] DEBUG org.asynchttpclient.netty.channel.DefaultChannelPool - Entry count for : http://localhost:50685 : 1
12:25:29.882 [Test worker] DEBUG net.serenitybdd.core.photography.Darkroom - Send negative for processing for C:\Users\pcnit\Downloads\TestE2E\target\site\serenity\16df050f5b505814ec1859f51522411c6e7d00e016fc25d78577cddd949be832.png
12:25:29.882 [Darkroom Processing Line] DEBUG net.serenitybdd.core.photography.DarkroomProcessingLine - Processing screenshot image in /var/screenshots/screenshot-1252065239740736609
12:25:29.882 [Darkroom Processing Line] DEBUG net.serenitybdd.core.photography.DarkroomProcessingLine - Saving screenshot to C:\Users\pcnit\Downloads\TestE2E\target\site\serenity\16df050f5b505814ec1859f51522411c6e7d00e016fc25d78577cddd949be832.png
12:25:29.894 [Forwarding getPageSource on session fabb2ffb76c94dcf75e21125cc463c12 to remote] DEBUG org.asynchttpclient.netty.request.NettyRequestSender - Using pooled Channel '[id: 0xb083d4ec, L:/127.0.0.1:50937 - R:localhost/127.0.0.1:50685]' for 'POST' to 'http://localhost:50685/session/fabb2ffb76c94dcf75e21125cc463c12/execute/sync'
12:25:29.894 [Forwarding getPageSource on session fabb2ffb76c94dcf75e21125cc463c12 to remote] DEBUG org.asynchttpclient.netty.request.NettyRequestSender - Using open Channel [id: 0xb083d4ec, L:/127.0.0.1:50937 - R:localhost/127.0.0.1:50685] for POST '/session/fabb2ffb76c94dcf75e21125cc463c12/execute/sync'
12:25:29.901 [AsyncHttpClient-1-2] DEBUG org.asynchttpclient.netty.handler.HttpHandler - 

Request DefaultHttpRequest(decodeResult: success, version: HTTP/1.1)
POST /session/fabb2ffb76c94dcf75e21125cc463c12/execute/sync HTTP/1.1
User-Agent: selenium/4.4.0 (java windows)
Content-Length: 176
Content-Type: application/json; charset=utf-8
host: localhost:50685
accept: */*

Response DefaultHttpResponse(decodeResult: success, version: HTTP/1.1)
HTTP/1.1 500 Internal Server Error
Content-Type: application/json; charset=utf-8
cache-control: no-cache
content-length: 1009

12:25:29.901 [AsyncHttpClient-1-2] DEBUG org.asynchttpclient.netty.channel.ChannelManager - Adding key: http://localhost:50685 for channel [id: 0xb083d4ec, L:/127.0.0.1:50937 - R:localhost/127.0.0.1:50685]
12:25:29.904 [Forwarding getCurrentUrl on session fabb2ffb76c94dcf75e21125cc463c12 to remote] DEBUG org.asynchttpclient.netty.request.NettyRequestSender - Using pooled Channel '[id: 0xb083d4ec, L:/127.0.0.1:50937 - R:localhost/127.0.0.1:50685]' for 'GET' to 'http://localhost:50685/session/fabb2ffb76c94dcf75e21125cc463c12/url'
12:25:29.904 [Forwarding getCurrentUrl on session fabb2ffb76c94dcf75e21125cc463c12 to remote] DEBUG org.asynchttpclient.netty.request.NettyRequestSender - Using open Channel [id: 0xb083d4ec, L:/127.0.0.1:50937 - R:localhost/127.0.0.1:50685] for GET '/session/fabb2ffb76c94dcf75e21125cc463c12/url'
12:25:29.918 [AsyncHttpClient-1-2] DEBUG org.asynchttpclient.netty.handler.HttpHandler - 

Request DefaultFullHttpRequest(decodeResult: success, version: HTTP/1.1, content: EmptyByteBufBE)
GET /session/fabb2ffb76c94dcf75e21125cc463c12/url HTTP/1.1
User-Agent: selenium/4.4.0 (java windows)
Cache-Control: no-cache
Content-Type: application/json; charset=utf-8
host: localhost:50685
accept: */*

Response DefaultHttpResponse(decodeResult: success, version: HTTP/1.1)
HTTP/1.1 200 OK
Content-Type: application/json; charset=utf-8
cache-control: no-cache
content-length: 55

12:25:29.918 [AsyncHttpClient-1-2] DEBUG org.asynchttpclient.netty.channel.ChannelManager - Adding key: http://localhost:50685 for channel [id: 0xb083d4ec, L:/127.0.0.1:50937 - R:localhost/127.0.0.1:50685]
12:25:29.960 [Forwarding getCurrentWindowHandle on session fabb2ffb76c94dcf75e21125cc463c12 to remote] DEBUG org.asynchttpclient.netty.request.NettyRequestSender - Using pooled Channel '[id: 0xb083d4ec, L:/127.0.0.1:50937 - R:localhost/127.0.0.1:50685]' for 'GET' to 'http://localhost:50685/session/fabb2ffb76c94dcf75e21125cc463c12/window'
12:25:29.960 [Forwarding getCurrentWindowHandle on session fabb2ffb76c94dcf75e21125cc463c12 to remote] DEBUG org.asynchttpclient.netty.request.NettyRequestSender - Using open Channel [id: 0xb083d4ec, L:/127.0.0.1:50937 - R:localhost/127.0.0.1:50685] for GET '/session/fabb2ffb76c94dcf75e21125cc463c12/window'
12:25:29.964 [AsyncHttpClient-1-2] DEBUG org.asynchttpclient.netty.handler.HttpHandler - 

Request DefaultFullHttpRequest(decodeResult: success, version: HTTP/1.1, content: EmptyByteBufBE)
GET /session/fabb2ffb76c94dcf75e21125cc463c12/window HTTP/1.1
User-Agent: selenium/4.4.0 (java windows)
Cache-Control: no-cache
Content-Type: application/json; charset=utf-8
host: localhost:50685
accept: */*

Response DefaultHttpResponse(decodeResult: success, version: HTTP/1.1)
HTTP/1.1 200 OK
Content-Type: application/json; charset=utf-8
cache-control: no-cache
content-length: 44

12:25:29.964 [AsyncHttpClient-1-2] DEBUG org.asynchttpclient.netty.channel.ChannelManager - Adding key: http://localhost:50685 for channel [id: 0xb083d4ec, L:/127.0.0.1:50937 - R:localhost/127.0.0.1:50685]
12:25:29.974 [Forwarding getAlertText on session fabb2ffb76c94dcf75e21125cc463c12 to remote] DEBUG org.asynchttpclient.netty.request.NettyRequestSender - Using pooled Channel '[id: 0xb083d4ec, L:/127.0.0.1:50937 - R:localhost/127.0.0.1:50685]' for 'GET' to 'http://localhost:50685/session/fabb2ffb76c94dcf75e21125cc463c12/alert/text'
12:25:29.974 [Forwarding getAlertText on session fabb2ffb76c94dcf75e21125cc463c12 to remote] DEBUG org.asynchttpclient.netty.request.NettyRequestSender - Using open Channel [id: 0xb083d4ec, L:/127.0.0.1:50937 - R:localhost/127.0.0.1:50685] for GET '/session/fabb2ffb76c94dcf75e21125cc463c12/alert/text'
12:25:29.981 [AsyncHttpClient-1-2] DEBUG org.asynchttpclient.netty.handler.HttpHandler - 

Request DefaultFullHttpRequest(decodeResult: success, version: HTTP/1.1, content: EmptyByteBufBE)
GET /session/fabb2ffb76c94dcf75e21125cc463c12/alert/text HTTP/1.1
User-Agent: selenium/4.4.0 (java windows)
Cache-Control: no-cache
Content-Type: application/json; charset=utf-8
host: localhost:50685
accept: */*

Response DefaultHttpResponse(decodeResult: success, version: HTTP/1.1)
HTTP/1.1 404 Not Found
Content-Type: application/json; charset=utf-8
cache-control: no-cache
content-length: 1045

12:25:29.982 [AsyncHttpClient-1-2] DEBUG org.asynchttpclient.netty.channel.ChannelManager - Adding key: http://localhost:50685 for channel [id: 0xb083d4ec, L:/127.0.0.1:50937 - R:localhost/127.0.0.1:50685]
12:25:29.993 [Forwarding switchToWindow on session fabb2ffb76c94dcf75e21125cc463c12 to remote] DEBUG org.asynchttpclient.netty.request.NettyRequestSender - Using pooled Channel '[id: 0xb083d4ec, L:/127.0.0.1:50937 - R:localhost/127.0.0.1:50685]' for 'POST' to 'http://localhost:50685/session/fabb2ffb76c94dcf75e21125cc463c12/window'
12:25:29.993 [Forwarding switchToWindow on session fabb2ffb76c94dcf75e21125cc463c12 to remote] DEBUG org.asynchttpclient.netty.request.NettyRequestSender - Using open Channel [id: 0xb083d4ec, L:/127.0.0.1:50937 - R:localhost/127.0.0.1:50685] for POST '/session/fabb2ffb76c94dcf75e21125cc463c12/window'
12:25:29.999 [AsyncHttpClient-1-2] DEBUG org.asynchttpclient.netty.handler.HttpHandler - 

Request DefaultHttpRequest(decodeResult: success, version: HTTP/1.1)
POST /session/fabb2ffb76c94dcf75e21125cc463c12/window HTTP/1.1
User-Agent: selenium/4.4.0 (java windows)
Content-Length: 50
Content-Type: application/json; charset=utf-8
host: localhost:50685
accept: */*

Response DefaultHttpResponse(decodeResult: success, version: HTTP/1.1)
HTTP/1.1 200 OK
Content-Type: application/json; charset=utf-8
cache-control: no-cache
content-length: 14

12:25:29.999 [AsyncHttpClient-1-2] DEBUG org.asynchttpclient.netty.channel.ChannelManager - Adding key: http://localhost:50685 for channel [id: 0xb083d4ec, L:/127.0.0.1:50937 - R:localhost/127.0.0.1:50685]
12:25:30.000 [Forwarding getCurrentUrl on session fabb2ffb76c94dcf75e21125cc463c12 to remote] DEBUG org.asynchttpclient.netty.request.NettyRequestSender - Using pooled Channel '[id: 0xb083d4ec, L:/127.0.0.1:50937 - R:localhost/127.0.0.1:50685]' for 'GET' to 'http://localhost:50685/session/fabb2ffb76c94dcf75e21125cc463c12/url'
12:25:30.000 [Forwarding getCurrentUrl on session fabb2ffb76c94dcf75e21125cc463c12 to remote] DEBUG org.asynchttpclient.netty.request.NettyRequestSender - Using open Channel [id: 0xb083d4ec, L:/127.0.0.1:50937 - R:localhost/127.0.0.1:50685] for GET '/session/fabb2ffb76c94dcf75e21125cc463c12/url'
12:25:30.013 [AsyncHttpClient-1-2] DEBUG org.asynchttpclient.netty.handler.HttpHandler - 

Request DefaultFullHttpRequest(decodeResult: success, version: HTTP/1.1, content: EmptyByteBufBE)
GET /session/fabb2ffb76c94dcf75e21125cc463c12/url HTTP/1.1
User-Agent: selenium/4.4.0 (java windows)
Cache-Control: no-cache
Content-Type: application/json; charset=utf-8
host: localhost:50685
accept: */*

Response DefaultHttpResponse(decodeResult: success, version: HTTP/1.1)
HTTP/1.1 200 OK
Content-Type: application/json; charset=utf-8
cache-control: no-cache
content-length: 55

12:25:30.013 [AsyncHttpClient-1-2] DEBUG org.asynchttpclient.netty.channel.ChannelManager - Adding key: http://localhost:50685 for channel [id: 0xb083d4ec, L:/127.0.0.1:50937 - R:localhost/127.0.0.1:50685]
12:25:30.015 [Forwarding screenshot on session fabb2ffb76c94dcf75e21125cc463c12 to remote] DEBUG org.asynchttpclient.netty.request.NettyRequestSender - Using pooled Channel '[id: 0xb083d4ec, L:/127.0.0.1:50937 - R:localhost/127.0.0.1:50685]' for 'GET' to 'http://localhost:50685/session/fabb2ffb76c94dcf75e21125cc463c12/screenshot'
12:25:30.015 [Forwarding screenshot on session fabb2ffb76c94dcf75e21125cc463c12 to remote] DEBUG org.asynchttpclient.netty.request.NettyRequestSender - Using open Channel [id: 0xb083d4ec, L:/127.0.0.1:50937 - R:localhost/127.0.0.1:50685] for GET '/session/fabb2ffb76c94dcf75e21125cc463c12/screenshot'
12:25:30.215 [AsyncHttpClient-1-2] DEBUG org.asynchttpclient.netty.handler.HttpHandler - 

Request DefaultFullHttpRequest(decodeResult: success, version: HTTP/1.1, content: EmptyByteBufBE)
GET /session/fabb2ffb76c94dcf75e21125cc463c12/screenshot HTTP/1.1
User-Agent: selenium/4.4.0 (java windows)
Cache-Control: no-cache
Content-Type: application/json; charset=utf-8
host: localhost:50685
accept: */*

Response DefaultHttpResponse(decodeResult: success, version: HTTP/1.1)
HTTP/1.1 200 OK
Content-Type: application/json; charset=utf-8
cache-control: no-cache
content-length: 583252

12:25:30.229 [AsyncHttpClient-1-2] DEBUG org.asynchttpclient.netty.channel.ChannelManager - Adding key: http://localhost:50685 for channel [id: 0xb083d4ec, L:/127.0.0.1:50937 - R:localhost/127.0.0.1:50685]
12:25:30.256 [Test worker] DEBUG net.serenitybdd.core.photography.Darkroom - Send negative for processing for C:\Users\pcnit\Downloads\TestE2E\target\site\serenity\76dbfbd18da4fcec5e58cdcccd7bf67bdab4ca4f2146e7f0db671011f2020173.png
12:25:30.257 [Test worker] DEBUG net.thucydides.core.steps.StepInterceptor - STEP DONE: {0} clicks on #target
12:25:30.272 [Test worker] DEBUG net.serenitybdd.screenplay.targets.IFrameSwitcher - default content already selected for REGRESO AL HOME
12:25:30.292 [Forwarding getCurrentUrl on session fabb2ffb76c94dcf75e21125cc463c12 to remote] DEBUG org.asynchttpclient.netty.request.NettyRequestSender - Using pooled Channel '[id: 0xb083d4ec, L:/127.0.0.1:50937 - R:localhost/127.0.0.1:50685]' for 'GET' to 'http://localhost:50685/session/fabb2ffb76c94dcf75e21125cc463c12/url'
12:25:30.292 [Forwarding getCurrentUrl on session fabb2ffb76c94dcf75e21125cc463c12 to remote] DEBUG org.asynchttpclient.netty.request.NettyRequestSender - Using open Channel [id: 0xb083d4ec, L:/127.0.0.1:50937 - R:localhost/127.0.0.1:50685] for GET '/session/fabb2ffb76c94dcf75e21125cc463c12/url'
12:25:30.305 [AsyncHttpClient-1-2] DEBUG org.asynchttpclient.netty.handler.HttpHandler - 

Request DefaultFullHttpRequest(decodeResult: success, version: HTTP/1.1, content: EmptyByteBufBE)
GET /session/fabb2ffb76c94dcf75e21125cc463c12/url HTTP/1.1
User-Agent: selenium/4.4.0 (java windows)
Cache-Control: no-cache
Content-Type: application/json; charset=utf-8
host: localhost:50685
accept: */*

Response DefaultHttpResponse(decodeResult: success, version: HTTP/1.1)
HTTP/1.1 200 OK
Content-Type: application/json; charset=utf-8
cache-control: no-cache
content-length: 55

12:25:30.306 [AsyncHttpClient-1-2] DEBUG org.asynchttpclient.netty.channel.ChannelManager - Adding key: http://localhost:50685 for channel [id: 0xb083d4ec, L:/127.0.0.1:50937 - R:localhost/127.0.0.1:50685]
12:25:30.324 [Forwarding findElement on session fabb2ffb76c94dcf75e21125cc463c12 to remote] DEBUG org.asynchttpclient.netty.request.NettyRequestSender - Using pooled Channel '[id: 0xb083d4ec, L:/127.0.0.1:50937 - R:localhost/127.0.0.1:50685]' for 'POST' to 'http://localhost:50685/session/fabb2ffb76c94dcf75e21125cc463c12/element'
12:25:30.324 [Forwarding findElement on session fabb2ffb76c94dcf75e21125cc463c12 to remote] DEBUG org.asynchttpclient.netty.request.NettyRequestSender - Using open Channel [id: 0xb083d4ec, L:/127.0.0.1:50937 - R:localhost/127.0.0.1:50685] for POST '/session/fabb2ffb76c94dcf75e21125cc463c12/element'
12:25:30.344 [AsyncHttpClient-1-2] DEBUG org.asynchttpclient.netty.handler.HttpHandler - 

Request DefaultHttpRequest(decodeResult: success, version: HTTP/1.1)
POST /session/fabb2ffb76c94dcf75e21125cc463c12/element HTTP/1.1
User-Agent: selenium/4.4.0 (java windows)
Content-Length: 110
Content-Type: application/json; charset=utf-8
host: localhost:50685
accept: */*

Response DefaultHttpResponse(decodeResult: success, version: HTTP/1.1)
HTTP/1.1 200 OK
Content-Type: application/json; charset=utf-8
cache-control: no-cache
content-length: 127

12:25:30.344 [AsyncHttpClient-1-2] DEBUG org.asynchttpclient.netty.channel.ChannelManager - Adding key: http://localhost:50685 for channel [id: 0xb083d4ec, L:/127.0.0.1:50937 - R:localhost/127.0.0.1:50685]
12:25:30.354 [Forwarding executeScript on session fabb2ffb76c94dcf75e21125cc463c12 to remote] DEBUG org.asynchttpclient.netty.request.NettyRequestSender - Using pooled Channel '[id: 0xb083d4ec, L:/127.0.0.1:50937 - R:localhost/127.0.0.1:50685]' for 'POST' to 'http://localhost:50685/session/fabb2ffb76c94dcf75e21125cc463c12/execute/sync'
12:25:30.354 [Forwarding executeScript on session fabb2ffb76c94dcf75e21125cc463c12 to remote] DEBUG org.asynchttpclient.netty.request.NettyRequestSender - Using open Channel [id: 0xb083d4ec, L:/127.0.0.1:50937 - R:localhost/127.0.0.1:50685] for POST '/session/fabb2ffb76c94dcf75e21125cc463c12/execute/sync'
12:25:30.369 [AsyncHttpClient-1-2] DEBUG org.asynchttpclient.netty.handler.HttpHandler - 

Request DefaultHttpRequest(decodeResult: success, version: HTTP/1.1)
POST /session/fabb2ffb76c94dcf75e21125cc463c12/execute/sync HTTP/1.1
User-Agent: selenium/4.4.0 (java windows)
Content-Length: 318
Content-Type: application/json; charset=utf-8
host: localhost:50685
accept: */*

Response DefaultHttpResponse(decodeResult: success, version: HTTP/1.1)
HTTP/1.1 200 OK
Content-Type: application/json; charset=utf-8
cache-control: no-cache
content-length: 14

12:25:30.369 [AsyncHttpClient-1-2] DEBUG org.asynchttpclient.netty.channel.ChannelManager - Adding key: http://localhost:50685 for channel [id: 0xb083d4ec, L:/127.0.0.1:50937 - R:localhost/127.0.0.1:50685]
12:25:30.403 [Test worker] DEBUG net.serenitybdd.screenplay.targets.IFrameSwitcher - default content already selected for REGRESO AL HOME
12:25:30.412 [Forwarding findElements on session fabb2ffb76c94dcf75e21125cc463c12 to remote] DEBUG org.asynchttpclient.netty.request.NettyRequestSender - Using pooled Channel '[id: 0xb083d4ec, L:/127.0.0.1:50937 - R:localhost/127.0.0.1:50685]' for 'POST' to 'http://localhost:50685/session/fabb2ffb76c94dcf75e21125cc463c12/elements'
12:25:30.412 [Forwarding findElements on session fabb2ffb76c94dcf75e21125cc463c12 to remote] DEBUG org.asynchttpclient.netty.request.NettyRequestSender - Using open Channel [id: 0xb083d4ec, L:/127.0.0.1:50937 - R:localhost/127.0.0.1:50685] for POST '/session/fabb2ffb76c94dcf75e21125cc463c12/elements'
12:25:30.430 [AsyncHttpClient-1-2] DEBUG org.asynchttpclient.netty.handler.HttpHandler - 

Request DefaultHttpRequest(decodeResult: success, version: HTTP/1.1)
POST /session/fabb2ffb76c94dcf75e21125cc463c12/elements HTTP/1.1
User-Agent: selenium/4.4.0 (java windows)
Content-Length: 110
Content-Type: application/json; charset=utf-8
host: localhost:50685
accept: */*

Response DefaultHttpResponse(decodeResult: success, version: HTTP/1.1)
HTTP/1.1 200 OK
Content-Type: application/json; charset=utf-8
cache-control: no-cache
content-length: 129

12:25:30.430 [AsyncHttpClient-1-2] DEBUG org.asynchttpclient.netty.channel.ChannelManager - Adding key: http://localhost:50685 for channel [id: 0xb083d4ec, L:/127.0.0.1:50937 - R:localhost/127.0.0.1:50685]
12:25:30.456 [Forwarding isElementEnabled on session fabb2ffb76c94dcf75e21125cc463c12 to remote] DEBUG org.asynchttpclient.netty.request.NettyRequestSender - Using pooled Channel '[id: 0xb083d4ec, L:/127.0.0.1:50937 - R:localhost/127.0.0.1:50685]' for 'GET' to 'http://localhost:50685/session/fabb2ffb76c94dcf75e21125cc463c12/element/f.7E9A709675F02E7E9E4ECE1EF325ABA8.d.C6AC389A0DAC0890D293B1C7A71ED33E.e.240/enabled'
12:25:30.456 [Forwarding isElementEnabled on session fabb2ffb76c94dcf75e21125cc463c12 to remote] DEBUG org.asynchttpclient.netty.request.NettyRequestSender - Using open Channel [id: 0xb083d4ec, L:/127.0.0.1:50937 - R:localhost/127.0.0.1:50685] for GET '/session/fabb2ffb76c94dcf75e21125cc463c12/element/f.7E9A709675F02E7E9E4ECE1EF325ABA8.d.C6AC389A0DAC0890D293B1C7A71ED33E.e.240/enabled'
12:25:30.474 [AsyncHttpClient-1-2] DEBUG org.asynchttpclient.netty.handler.HttpHandler - 

Request DefaultFullHttpRequest(decodeResult: success, version: HTTP/1.1, content: EmptyByteBufBE)
GET /session/fabb2ffb76c94dcf75e21125cc463c12/element/f.7E9A709675F02E7E9E4ECE1EF325ABA8.d.C6AC389A0DAC0890D293B1C7A71ED33E.e.240/enabled HTTP/1.1
User-Agent: selenium/4.4.0 (java windows)
Cache-Control: no-cache
Content-Type: application/json; charset=utf-8
host: localhost:50685
accept: */*

Response DefaultHttpResponse(decodeResult: success, version: HTTP/1.1)
HTTP/1.1 200 OK
Content-Type: application/json; charset=utf-8
cache-control: no-cache
content-length: 14

12:25:30.474 [AsyncHttpClient-1-2] DEBUG org.asynchttpclient.netty.channel.ChannelManager - Adding key: http://localhost:50685 for channel [id: 0xb083d4ec, L:/127.0.0.1:50937 - R:localhost/127.0.0.1:50685]
12:25:30.484 [Forwarding isElementEnabled on session fabb2ffb76c94dcf75e21125cc463c12 to remote] DEBUG org.asynchttpclient.netty.request.NettyRequestSender - Using pooled Channel '[id: 0xb083d4ec, L:/127.0.0.1:50937 - R:localhost/127.0.0.1:50685]' for 'GET' to 'http://localhost:50685/session/fabb2ffb76c94dcf75e21125cc463c12/element/f.7E9A709675F02E7E9E4ECE1EF325ABA8.d.C6AC389A0DAC0890D293B1C7A71ED33E.e.240/enabled'
12:25:30.485 [Forwarding isElementEnabled on session fabb2ffb76c94dcf75e21125cc463c12 to remote] DEBUG org.asynchttpclient.netty.request.NettyRequestSender - Using open Channel [id: 0xb083d4ec, L:/127.0.0.1:50937 - R:localhost/127.0.0.1:50685] for GET '/session/fabb2ffb76c94dcf75e21125cc463c12/element/f.7E9A709675F02E7E9E4ECE1EF325ABA8.d.C6AC389A0DAC0890D293B1C7A71ED33E.e.240/enabled'
12:25:30.500 [AsyncHttpClient-1-2] DEBUG org.asynchttpclient.netty.handler.HttpHandler - 

Request DefaultFullHttpRequest(decodeResult: success, version: HTTP/1.1, content: EmptyByteBufBE)
GET /session/fabb2ffb76c94dcf75e21125cc463c12/element/f.7E9A709675F02E7E9E4ECE1EF325ABA8.d.C6AC389A0DAC0890D293B1C7A71ED33E.e.240/enabled HTTP/1.1
User-Agent: selenium/4.4.0 (java windows)
Cache-Control: no-cache
Content-Type: application/json; charset=utf-8
host: localhost:50685
accept: */*

Response DefaultHttpResponse(decodeResult: success, version: HTTP/1.1)
HTTP/1.1 200 OK
Content-Type: application/json; charset=utf-8
cache-control: no-cache
content-length: 14

12:25:30.500 [AsyncHttpClient-1-2] DEBUG org.asynchttpclient.netty.channel.ChannelManager - Adding key: http://localhost:50685 for channel [id: 0xb083d4ec, L:/127.0.0.1:50937 - R:localhost/127.0.0.1:50685]
12:25:30.547 [Forwarding getCurrentWindowHandle on session fabb2ffb76c94dcf75e21125cc463c12 to remote] DEBUG org.asynchttpclient.netty.request.NettyRequestSender - Using pooled Channel '[id: 0xb083d4ec, L:/127.0.0.1:50937 - R:localhost/127.0.0.1:50685]' for 'GET' to 'http://localhost:50685/session/fabb2ffb76c94dcf75e21125cc463c12/window'
12:25:30.547 [Forwarding getCurrentWindowHandle on session fabb2ffb76c94dcf75e21125cc463c12 to remote] DEBUG org.asynchttpclient.netty.request.NettyRequestSender - Using open Channel [id: 0xb083d4ec, L:/127.0.0.1:50937 - R:localhost/127.0.0.1:50685] for GET '/session/fabb2ffb76c94dcf75e21125cc463c12/window'
12:25:30.553 [AsyncHttpClient-1-2] DEBUG org.asynchttpclient.netty.handler.HttpHandler - 

Request DefaultFullHttpRequest(decodeResult: success, version: HTTP/1.1, content: EmptyByteBufBE)
GET /session/fabb2ffb76c94dcf75e21125cc463c12/window HTTP/1.1
User-Agent: selenium/4.4.0 (java windows)
Cache-Control: no-cache
Content-Type: application/json; charset=utf-8
host: localhost:50685
accept: */*

Response DefaultHttpResponse(decodeResult: success, version: HTTP/1.1)
HTTP/1.1 200 OK
Content-Type: application/json; charset=utf-8
cache-control: no-cache
content-length: 44

12:25:30.553 [AsyncHttpClient-1-2] DEBUG org.asynchttpclient.netty.channel.ChannelManager - Adding key: http://localhost:50685 for channel [id: 0xb083d4ec, L:/127.0.0.1:50937 - R:localhost/127.0.0.1:50685]
12:25:30.564 [Forwarding getAlertText on session fabb2ffb76c94dcf75e21125cc463c12 to remote] DEBUG org.asynchttpclient.netty.request.NettyRequestSender - Using pooled Channel '[id: 0xb083d4ec, L:/127.0.0.1:50937 - R:localhost/127.0.0.1:50685]' for 'GET' to 'http://localhost:50685/session/fabb2ffb76c94dcf75e21125cc463c12/alert/text'
12:25:30.565 [Forwarding getAlertText on session fabb2ffb76c94dcf75e21125cc463c12 to remote] DEBUG org.asynchttpclient.netty.request.NettyRequestSender - Using open Channel [id: 0xb083d4ec, L:/127.0.0.1:50937 - R:localhost/127.0.0.1:50685] for GET '/session/fabb2ffb76c94dcf75e21125cc463c12/alert/text'
12:25:30.573 [AsyncHttpClient-1-2] DEBUG org.asynchttpclient.netty.handler.HttpHandler - 

Request DefaultFullHttpRequest(decodeResult: success, version: HTTP/1.1, content: EmptyByteBufBE)
GET /session/fabb2ffb76c94dcf75e21125cc463c12/alert/text HTTP/1.1
User-Agent: selenium/4.4.0 (java windows)
Cache-Control: no-cache
Content-Type: application/json; charset=utf-8
host: localhost:50685
accept: */*

Response DefaultHttpResponse(decodeResult: success, version: HTTP/1.1)
HTTP/1.1 404 Not Found
Content-Type: application/json; charset=utf-8
cache-control: no-cache
content-length: 1045

12:25:30.573 [AsyncHttpClient-1-2] DEBUG org.asynchttpclient.netty.channel.ChannelManager - Adding key: http://localhost:50685 for channel [id: 0xb083d4ec, L:/127.0.0.1:50937 - R:localhost/127.0.0.1:50685]
12:25:30.584 [Forwarding switchToWindow on session fabb2ffb76c94dcf75e21125cc463c12 to remote] DEBUG org.asynchttpclient.netty.request.NettyRequestSender - Using pooled Channel '[id: 0xb083d4ec, L:/127.0.0.1:50937 - R:localhost/127.0.0.1:50685]' for 'POST' to 'http://localhost:50685/session/fabb2ffb76c94dcf75e21125cc463c12/window'
12:25:30.585 [Forwarding switchToWindow on session fabb2ffb76c94dcf75e21125cc463c12 to remote] DEBUG org.asynchttpclient.netty.request.NettyRequestSender - Using open Channel [id: 0xb083d4ec, L:/127.0.0.1:50937 - R:localhost/127.0.0.1:50685] for POST '/session/fabb2ffb76c94dcf75e21125cc463c12/window'
12:25:30.588 [AsyncHttpClient-1-2] DEBUG org.asynchttpclient.netty.handler.HttpHandler - 

Request DefaultHttpRequest(decodeResult: success, version: HTTP/1.1)
POST /session/fabb2ffb76c94dcf75e21125cc463c12/window HTTP/1.1
User-Agent: selenium/4.4.0 (java windows)
Content-Length: 50
Content-Type: application/json; charset=utf-8
host: localhost:50685
accept: */*

Response DefaultHttpResponse(decodeResult: success, version: HTTP/1.1)
HTTP/1.1 200 OK
Content-Type: application/json; charset=utf-8
cache-control: no-cache
content-length: 14

12:25:30.589 [AsyncHttpClient-1-2] DEBUG org.asynchttpclient.netty.channel.ChannelManager - Adding key: http://localhost:50685 for channel [id: 0xb083d4ec, L:/127.0.0.1:50937 - R:localhost/127.0.0.1:50685]
12:25:30.590 [Forwarding getCurrentUrl on session fabb2ffb76c94dcf75e21125cc463c12 to remote] DEBUG org.asynchttpclient.netty.request.NettyRequestSender - Using pooled Channel '[id: 0xb083d4ec, L:/127.0.0.1:50937 - R:localhost/127.0.0.1:50685]' for 'GET' to 'http://localhost:50685/session/fabb2ffb76c94dcf75e21125cc463c12/url'
12:25:30.590 [Forwarding getCurrentUrl on session fabb2ffb76c94dcf75e21125cc463c12 to remote] DEBUG org.asynchttpclient.netty.request.NettyRequestSender - Using open Channel [id: 0xb083d4ec, L:/127.0.0.1:50937 - R:localhost/127.0.0.1:50685] for GET '/session/fabb2ffb76c94dcf75e21125cc463c12/url'
12:25:30.603 [AsyncHttpClient-1-2] DEBUG org.asynchttpclient.netty.handler.HttpHandler - 

Request DefaultFullHttpRequest(decodeResult: success, version: HTTP/1.1, content: EmptyByteBufBE)
GET /session/fabb2ffb76c94dcf75e21125cc463c12/url HTTP/1.1
User-Agent: selenium/4.4.0 (java windows)
Cache-Control: no-cache
Content-Type: application/json; charset=utf-8
host: localhost:50685
accept: */*

Response DefaultHttpResponse(decodeResult: success, version: HTTP/1.1)
HTTP/1.1 200 OK
Content-Type: application/json; charset=utf-8
cache-control: no-cache
content-length: 55

12:25:30.604 [AsyncHttpClient-1-2] DEBUG org.asynchttpclient.netty.channel.ChannelManager - Adding key: http://localhost:50685 for channel [id: 0xb083d4ec, L:/127.0.0.1:50937 - R:localhost/127.0.0.1:50685]
12:25:30.605 [Forwarding screenshot on session fabb2ffb76c94dcf75e21125cc463c12 to remote] DEBUG org.asynchttpclient.netty.request.NettyRequestSender - Using pooled Channel '[id: 0xb083d4ec, L:/127.0.0.1:50937 - R:localhost/127.0.0.1:50685]' for 'GET' to 'http://localhost:50685/session/fabb2ffb76c94dcf75e21125cc463c12/screenshot'
12:25:30.605 [Forwarding screenshot on session fabb2ffb76c94dcf75e21125cc463c12 to remote] DEBUG org.asynchttpclient.netty.request.NettyRequestSender - Using open Channel [id: 0xb083d4ec, L:/127.0.0.1:50937 - R:localhost/127.0.0.1:50685] for GET '/session/fabb2ffb76c94dcf75e21125cc463c12/screenshot'
12:25:30.787 [AsyncHttpClient-1-2] DEBUG org.asynchttpclient.netty.handler.HttpHandler - 

Request DefaultFullHttpRequest(decodeResult: success, version: HTTP/1.1, content: EmptyByteBufBE)
GET /session/fabb2ffb76c94dcf75e21125cc463c12/screenshot HTTP/1.1
User-Agent: selenium/4.4.0 (java windows)
Cache-Control: no-cache
Content-Type: application/json; charset=utf-8
host: localhost:50685
accept: */*

Response DefaultHttpResponse(decodeResult: success, version: HTTP/1.1)
HTTP/1.1 200 OK
Content-Type: application/json; charset=utf-8
cache-control: no-cache
content-length: 583304

12:25:30.788 [AsyncHttpClient-1-2] DEBUG org.asynchttpclient.netty.channel.ChannelManager - Adding key: http://localhost:50685 for channel [id: 0xb083d4ec, L:/127.0.0.1:50937 - R:localhost/127.0.0.1:50685]
12:25:30.814 [Test worker] DEBUG net.serenitybdd.core.photography.Darkroom - Send negative for processing for C:\Users\pcnit\Downloads\TestE2E\target\site\serenity\895102df21ad664f6c1a49f0a46bee4568bf457ef92b63210ac25408a33343d0.png
12:25:30.824 [Forwarding getPageSource on session fabb2ffb76c94dcf75e21125cc463c12 to remote] DEBUG org.asynchttpclient.netty.request.NettyRequestSender - Using pooled Channel '[id: 0xb083d4ec, L:/127.0.0.1:50937 - R:localhost/127.0.0.1:50685]' for 'POST' to 'http://localhost:50685/session/fabb2ffb76c94dcf75e21125cc463c12/execute/sync'
12:25:30.824 [Forwarding getPageSource on session fabb2ffb76c94dcf75e21125cc463c12 to remote] DEBUG org.asynchttpclient.netty.request.NettyRequestSender - Using open Channel [id: 0xb083d4ec, L:/127.0.0.1:50937 - R:localhost/127.0.0.1:50685] for POST '/session/fabb2ffb76c94dcf75e21125cc463c12/execute/sync'
12:25:30.836 [AsyncHttpClient-1-2] DEBUG org.asynchttpclient.netty.handler.HttpHandler - 

Request DefaultHttpRequest(decodeResult: success, version: HTTP/1.1)
POST /session/fabb2ffb76c94dcf75e21125cc463c12/execute/sync HTTP/1.1
User-Agent: selenium/4.4.0 (java windows)
Content-Length: 176
Content-Type: application/json; charset=utf-8
host: localhost:50685
accept: */*

Response DefaultHttpResponse(decodeResult: success, version: HTTP/1.1)
HTTP/1.1 200 OK
Content-Type: application/json; charset=utf-8
cache-control: no-cache
content-length: 54496

12:25:30.836 [AsyncHttpClient-1-2] DEBUG org.asynchttpclient.netty.channel.ChannelManager - Adding key: http://localhost:50685 for channel [id: 0xb083d4ec, L:/127.0.0.1:50937 - R:localhost/127.0.0.1:50685]
12:25:30.844 [Forwarding getCurrentUrl on session fabb2ffb76c94dcf75e21125cc463c12 to remote] DEBUG org.asynchttpclient.netty.request.NettyRequestSender - Using pooled Channel '[id: 0xb083d4ec, L:/127.0.0.1:50937 - R:localhost/127.0.0.1:50685]' for 'GET' to 'http://localhost:50685/session/fabb2ffb76c94dcf75e21125cc463c12/url'
12:25:30.845 [Forwarding getCurrentUrl on session fabb2ffb76c94dcf75e21125cc463c12 to remote] DEBUG org.asynchttpclient.netty.request.NettyRequestSender - Using open Channel [id: 0xb083d4ec, L:/127.0.0.1:50937 - R:localhost/127.0.0.1:50685] for GET '/session/fabb2ffb76c94dcf75e21125cc463c12/url'
12:25:30.854 [AsyncHttpClient-1-2] DEBUG org.asynchttpclient.netty.handler.HttpHandler - 

Request DefaultFullHttpRequest(decodeResult: success, version: HTTP/1.1, content: EmptyByteBufBE)
GET /session/fabb2ffb76c94dcf75e21125cc463c12/url HTTP/1.1
User-Agent: selenium/4.4.0 (java windows)
Cache-Control: no-cache
Content-Type: application/json; charset=utf-8
host: localhost:50685
accept: */*

Response DefaultHttpResponse(decodeResult: success, version: HTTP/1.1)
HTTP/1.1 200 OK
Content-Type: application/json; charset=utf-8
cache-control: no-cache
content-length: 55

12:25:30.854 [AsyncHttpClient-1-2] DEBUG org.asynchttpclient.netty.channel.ChannelManager - Adding key: http://localhost:50685 for channel [id: 0xb083d4ec, L:/127.0.0.1:50937 - R:localhost/127.0.0.1:50685]
12:25:30.858 [Test worker] DEBUG net.thucydides.core.steps.StepInterceptor - STARTING STEP: Product.performAs - {0} clicks on #target
12:25:30.860 [Test worker] DEBUG net.serenitybdd.screenplay.targets.IFrameSwitcher - default content already selected for REGRESO AL HOME
12:25:30.920 [Forwarding findElement on session fabb2ffb76c94dcf75e21125cc463c12 to remote] DEBUG org.asynchttpclient.netty.request.NettyRequestSender - Using pooled Channel '[id: 0xb083d4ec, L:/127.0.0.1:50937 - R:localhost/127.0.0.1:50685]' for 'POST' to 'http://localhost:50685/session/fabb2ffb76c94dcf75e21125cc463c12/element'
12:25:30.920 [Forwarding findElement on session fabb2ffb76c94dcf75e21125cc463c12 to remote] DEBUG org.asynchttpclient.netty.request.NettyRequestSender - Using open Channel [id: 0xb083d4ec, L:/127.0.0.1:50937 - R:localhost/127.0.0.1:50685] for POST '/session/fabb2ffb76c94dcf75e21125cc463c12/element'
12:25:30.934 [AsyncHttpClient-1-2] DEBUG org.asynchttpclient.netty.handler.HttpHandler - 

Request DefaultHttpRequest(decodeResult: success, version: HTTP/1.1)
POST /session/fabb2ffb76c94dcf75e21125cc463c12/element HTTP/1.1
User-Agent: selenium/4.4.0 (java windows)
Content-Length: 110
Content-Type: application/json; charset=utf-8
host: localhost:50685
accept: */*

Response DefaultHttpResponse(decodeResult: success, version: HTTP/1.1)
HTTP/1.1 200 OK
Content-Type: application/json; charset=utf-8
cache-control: no-cache
content-length: 127

12:25:30.934 [AsyncHttpClient-1-2] DEBUG org.asynchttpclient.netty.channel.ChannelManager - Adding key: http://localhost:50685 for channel [id: 0xb083d4ec, L:/127.0.0.1:50937 - R:localhost/127.0.0.1:50685]
12:25:30.949 [Forwarding isElementDisplayed on session fabb2ffb76c94dcf75e21125cc463c12 to remote] DEBUG org.asynchttpclient.netty.request.NettyRequestSender - Using pooled Channel '[id: 0xb083d4ec, L:/127.0.0.1:50937 - R:localhost/127.0.0.1:50685]' for 'POST' to 'http://localhost:50685/session/fabb2ffb76c94dcf75e21125cc463c12/execute/sync'
12:25:30.949 [Forwarding isElementDisplayed on session fabb2ffb76c94dcf75e21125cc463c12 to remote] DEBUG org.asynchttpclient.netty.request.NettyRequestSender - Using open Channel [id: 0xb083d4ec, L:/127.0.0.1:50937 - R:localhost/127.0.0.1:50685] for POST '/session/fabb2ffb76c94dcf75e21125cc463c12/execute/sync'
12:25:30.963 [AsyncHttpClient-1-2] DEBUG org.asynchttpclient.netty.handler.HttpHandler - 

Request DefaultHttpRequest(decodeResult: success, version: HTTP/1.1)
POST /session/fabb2ffb76c94dcf75e21125cc463c12/execute/sync HTTP/1.1
User-Agent: selenium/4.4.0 (java windows)
Content-Length: 48819
Content-Type: application/json; charset=utf-8
host: localhost:50685
accept: */*

Response DefaultHttpResponse(decodeResult: success, version: HTTP/1.1)
HTTP/1.1 200 OK
Content-Type: application/json; charset=utf-8
cache-control: no-cache
content-length: 14

12:25:30.963 [AsyncHttpClient-1-2] DEBUG org.asynchttpclient.netty.channel.ChannelManager - Adding key: http://localhost:50685 for channel [id: 0xb083d4ec, L:/127.0.0.1:50937 - R:localhost/127.0.0.1:50685]
12:25:30.984 [AsyncHttpClient-1-1] DEBUG org.asynchttpclient.netty.channel.DefaultChannelPool - Entry count for : http://localhost:50938 : 1
12:25:30.984 [AsyncHttpClient-1-1] DEBUG org.asynchttpclient.netty.channel.DefaultChannelPool - Entry count for : http://localhost:50685 : 1
12:25:31.011 [Forwarding findElement on session fabb2ffb76c94dcf75e21125cc463c12 to remote] DEBUG org.asynchttpclient.netty.request.NettyRequestSender - Using pooled Channel '[id: 0xb083d4ec, L:/127.0.0.1:50937 - R:localhost/127.0.0.1:50685]' for 'POST' to 'http://localhost:50685/session/fabb2ffb76c94dcf75e21125cc463c12/element'
12:25:31.012 [Forwarding findElement on session fabb2ffb76c94dcf75e21125cc463c12 to remote] DEBUG org.asynchttpclient.netty.request.NettyRequestSender - Using open Channel [id: 0xb083d4ec, L:/127.0.0.1:50937 - R:localhost/127.0.0.1:50685] for POST '/session/fabb2ffb76c94dcf75e21125cc463c12/element'
12:25:31.025 [AsyncHttpClient-1-2] DEBUG org.asynchttpclient.netty.handler.HttpHandler - 

Request DefaultHttpRequest(decodeResult: success, version: HTTP/1.1)
POST /session/fabb2ffb76c94dcf75e21125cc463c12/element HTTP/1.1
User-Agent: selenium/4.4.0 (java windows)
Content-Length: 110
Content-Type: application/json; charset=utf-8
host: localhost:50685
accept: */*

Response DefaultHttpResponse(decodeResult: success, version: HTTP/1.1)
HTTP/1.1 200 OK
Content-Type: application/json; charset=utf-8
cache-control: no-cache
content-length: 127

12:25:31.025 [AsyncHttpClient-1-2] DEBUG org.asynchttpclient.netty.channel.ChannelManager - Adding key: http://localhost:50685 for channel [id: 0xb083d4ec, L:/127.0.0.1:50937 - R:localhost/127.0.0.1:50685]
12:25:31.027 [Forwarding clickElement on session fabb2ffb76c94dcf75e21125cc463c12 to remote] DEBUG org.asynchttpclient.netty.request.NettyRequestSender - Using pooled Channel '[id: 0xb083d4ec, L:/127.0.0.1:50937 - R:localhost/127.0.0.1:50685]' for 'POST' to 'http://localhost:50685/session/fabb2ffb76c94dcf75e21125cc463c12/element/f.7E9A709675F02E7E9E4ECE1EF325ABA8.d.C6AC389A0DAC0890D293B1C7A71ED33E.e.240/click'
12:25:31.027 [Forwarding clickElement on session fabb2ffb76c94dcf75e21125cc463c12 to remote] DEBUG org.asynchttpclient.netty.request.NettyRequestSender - Using open Channel [id: 0xb083d4ec, L:/127.0.0.1:50937 - R:localhost/127.0.0.1:50685] for POST '/session/fabb2ffb76c94dcf75e21125cc463c12/element/f.7E9A709675F02E7E9E4ECE1EF325ABA8.d.C6AC389A0DAC0890D293B1C7A71ED33E.e.240/click'
12:25:31.318 [AsyncHttpClient-1-2] DEBUG org.asynchttpclient.netty.handler.HttpHandler - 

Request DefaultHttpRequest(decodeResult: success, version: HTTP/1.1)
POST /session/fabb2ffb76c94dcf75e21125cc463c12/element/f.7E9A709675F02E7E9E4ECE1EF325ABA8.d.C6AC389A0DAC0890D293B1C7A71ED33E.e.240/click HTTP/1.1
User-Agent: selenium/4.4.0 (java windows)
Content-Length: 89
Content-Type: application/json; charset=utf-8
host: localhost:50685
accept: */*

Response DefaultHttpResponse(decodeResult: success, version: HTTP/1.1)
HTTP/1.1 200 OK
Content-Type: application/json; charset=utf-8
cache-control: no-cache
content-length: 14

12:25:31.318 [AsyncHttpClient-1-2] DEBUG org.asynchttpclient.netty.channel.ChannelManager - Adding key: http://localhost:50685 for channel [id: 0xb083d4ec, L:/127.0.0.1:50937 - R:localhost/127.0.0.1:50685]
12:25:31.362 [Forwarding getCurrentWindowHandle on session fabb2ffb76c94dcf75e21125cc463c12 to remote] DEBUG org.asynchttpclient.netty.request.NettyRequestSender - Using pooled Channel '[id: 0xb083d4ec, L:/127.0.0.1:50937 - R:localhost/127.0.0.1:50685]' for 'GET' to 'http://localhost:50685/session/fabb2ffb76c94dcf75e21125cc463c12/window'
12:25:31.363 [Forwarding getCurrentWindowHandle on session fabb2ffb76c94dcf75e21125cc463c12 to remote] DEBUG org.asynchttpclient.netty.request.NettyRequestSender - Using open Channel [id: 0xb083d4ec, L:/127.0.0.1:50937 - R:localhost/127.0.0.1:50685] for GET '/session/fabb2ffb76c94dcf75e21125cc463c12/window'
12:25:31.368 [AsyncHttpClient-1-2] DEBUG org.asynchttpclient.netty.handler.HttpHandler - 

Request DefaultFullHttpRequest(decodeResult: success, version: HTTP/1.1, content: EmptyByteBufBE)
GET /session/fabb2ffb76c94dcf75e21125cc463c12/window HTTP/1.1
User-Agent: selenium/4.4.0 (java windows)
Cache-Control: no-cache
Content-Type: application/json; charset=utf-8
host: localhost:50685
accept: */*

Response DefaultHttpResponse(decodeResult: success, version: HTTP/1.1)
HTTP/1.1 200 OK
Content-Type: application/json; charset=utf-8
cache-control: no-cache
content-length: 44

12:25:31.369 [AsyncHttpClient-1-2] DEBUG org.asynchttpclient.netty.channel.ChannelManager - Adding key: http://localhost:50685 for channel [id: 0xb083d4ec, L:/127.0.0.1:50937 - R:localhost/127.0.0.1:50685]
12:25:31.380 [Forwarding getAlertText on session fabb2ffb76c94dcf75e21125cc463c12 to remote] DEBUG org.asynchttpclient.netty.request.NettyRequestSender - Using pooled Channel '[id: 0xb083d4ec, L:/127.0.0.1:50937 - R:localhost/127.0.0.1:50685]' for 'GET' to 'http://localhost:50685/session/fabb2ffb76c94dcf75e21125cc463c12/alert/text'
12:25:31.380 [Forwarding getAlertText on session fabb2ffb76c94dcf75e21125cc463c12 to remote] DEBUG org.asynchttpclient.netty.request.NettyRequestSender - Using open Channel [id: 0xb083d4ec, L:/127.0.0.1:50937 - R:localhost/127.0.0.1:50685] for GET '/session/fabb2ffb76c94dcf75e21125cc463c12/alert/text'
12:25:31.390 [AsyncHttpClient-1-2] DEBUG org.asynchttpclient.netty.handler.HttpHandler - 

Request DefaultFullHttpRequest(decodeResult: success, version: HTTP/1.1, content: EmptyByteBufBE)
GET /session/fabb2ffb76c94dcf75e21125cc463c12/alert/text HTTP/1.1
User-Agent: selenium/4.4.0 (java windows)
Cache-Control: no-cache
Content-Type: application/json; charset=utf-8
host: localhost:50685
accept: */*

Response DefaultHttpResponse(decodeResult: success, version: HTTP/1.1)
HTTP/1.1 404 Not Found
Content-Type: application/json; charset=utf-8
cache-control: no-cache
content-length: 1045

12:25:31.390 [AsyncHttpClient-1-2] DEBUG org.asynchttpclient.netty.channel.ChannelManager - Adding key: http://localhost:50685 for channel [id: 0xb083d4ec, L:/127.0.0.1:50937 - R:localhost/127.0.0.1:50685]
12:25:31.404 [Forwarding switchToWindow on session fabb2ffb76c94dcf75e21125cc463c12 to remote] DEBUG org.asynchttpclient.netty.request.NettyRequestSender - Using pooled Channel '[id: 0xb083d4ec, L:/127.0.0.1:50937 - R:localhost/127.0.0.1:50685]' for 'POST' to 'http://localhost:50685/session/fabb2ffb76c94dcf75e21125cc463c12/window'
12:25:31.405 [Forwarding switchToWindow on session fabb2ffb76c94dcf75e21125cc463c12 to remote] DEBUG org.asynchttpclient.netty.request.NettyRequestSender - Using open Channel [id: 0xb083d4ec, L:/127.0.0.1:50937 - R:localhost/127.0.0.1:50685] for POST '/session/fabb2ffb76c94dcf75e21125cc463c12/window'
12:25:31.410 [AsyncHttpClient-1-2] DEBUG org.asynchttpclient.netty.handler.HttpHandler - 

Request DefaultHttpRequest(decodeResult: success, version: HTTP/1.1)
POST /session/fabb2ffb76c94dcf75e21125cc463c12/window HTTP/1.1
User-Agent: selenium/4.4.0 (java windows)
Content-Length: 50
Content-Type: application/json; charset=utf-8
host: localhost:50685
accept: */*

Response DefaultHttpResponse(decodeResult: success, version: HTTP/1.1)
HTTP/1.1 200 OK
Content-Type: application/json; charset=utf-8
cache-control: no-cache
content-length: 14

12:25:31.410 [AsyncHttpClient-1-2] DEBUG org.asynchttpclient.netty.channel.ChannelManager - Adding key: http://localhost:50685 for channel [id: 0xb083d4ec, L:/127.0.0.1:50937 - R:localhost/127.0.0.1:50685]
12:25:31.411 [Forwarding getCurrentUrl on session fabb2ffb76c94dcf75e21125cc463c12 to remote] DEBUG org.asynchttpclient.netty.request.NettyRequestSender - Using pooled Channel '[id: 0xb083d4ec, L:/127.0.0.1:50937 - R:localhost/127.0.0.1:50685]' for 'GET' to 'http://localhost:50685/session/fabb2ffb76c94dcf75e21125cc463c12/url'
12:25:31.411 [Forwarding getCurrentUrl on session fabb2ffb76c94dcf75e21125cc463c12 to remote] DEBUG org.asynchttpclient.netty.request.NettyRequestSender - Using open Channel [id: 0xb083d4ec, L:/127.0.0.1:50937 - R:localhost/127.0.0.1:50685] for GET '/session/fabb2ffb76c94dcf75e21125cc463c12/url'
12:25:31.425 [AsyncHttpClient-1-2] DEBUG org.asynchttpclient.netty.handler.HttpHandler - 

Request DefaultFullHttpRequest(decodeResult: success, version: HTTP/1.1, content: EmptyByteBufBE)
GET /session/fabb2ffb76c94dcf75e21125cc463c12/url HTTP/1.1
User-Agent: selenium/4.4.0 (java windows)
Cache-Control: no-cache
Content-Type: application/json; charset=utf-8
host: localhost:50685
accept: */*

Response DefaultHttpResponse(decodeResult: success, version: HTTP/1.1)
HTTP/1.1 200 OK
Content-Type: application/json; charset=utf-8
cache-control: no-cache
content-length: 48

12:25:31.426 [AsyncHttpClient-1-2] DEBUG org.asynchttpclient.netty.channel.ChannelManager - Adding key: http://localhost:50685 for channel [id: 0xb083d4ec, L:/127.0.0.1:50937 - R:localhost/127.0.0.1:50685]
12:25:31.426 [Forwarding screenshot on session fabb2ffb76c94dcf75e21125cc463c12 to remote] DEBUG org.asynchttpclient.netty.request.NettyRequestSender - Using pooled Channel '[id: 0xb083d4ec, L:/127.0.0.1:50937 - R:localhost/127.0.0.1:50685]' for 'GET' to 'http://localhost:50685/session/fabb2ffb76c94dcf75e21125cc463c12/screenshot'
12:25:31.427 [Forwarding screenshot on session fabb2ffb76c94dcf75e21125cc463c12 to remote] DEBUG org.asynchttpclient.netty.request.NettyRequestSender - Using open Channel [id: 0xb083d4ec, L:/127.0.0.1:50937 - R:localhost/127.0.0.1:50685] for GET '/session/fabb2ffb76c94dcf75e21125cc463c12/screenshot'
12:25:31.598 [AsyncHttpClient-1-2] DEBUG org.asynchttpclient.netty.handler.HttpHandler - 

Request DefaultFullHttpRequest(decodeResult: success, version: HTTP/1.1, content: EmptyByteBufBE)
GET /session/fabb2ffb76c94dcf75e21125cc463c12/screenshot HTTP/1.1
User-Agent: selenium/4.4.0 (java windows)
Cache-Control: no-cache
Content-Type: application/json; charset=utf-8
host: localhost:50685
accept: */*

Response DefaultHttpResponse(decodeResult: success, version: HTTP/1.1)
HTTP/1.1 200 OK
Content-Type: application/json; charset=utf-8
cache-control: no-cache
content-length: 464852

12:25:31.599 [AsyncHttpClient-1-2] DEBUG org.asynchttpclient.netty.channel.ChannelManager - Adding key: http://localhost:50685 for channel [id: 0xb083d4ec, L:/127.0.0.1:50937 - R:localhost/127.0.0.1:50685]
12:25:31.611 [Test worker] DEBUG net.serenitybdd.core.photography.Darkroom - Send negative for processing for C:\Users\pcnit\Downloads\TestE2E\target\site\serenity\fdc7253f5d149834316565fed9455233c6aa86beb64a19ca53007d3f015166e3.png
12:25:31.620 [Forwarding getPageSource on session fabb2ffb76c94dcf75e21125cc463c12 to remote] DEBUG org.asynchttpclient.netty.request.NettyRequestSender - Using pooled Channel '[id: 0xb083d4ec, L:/127.0.0.1:50937 - R:localhost/127.0.0.1:50685]' for 'POST' to 'http://localhost:50685/session/fabb2ffb76c94dcf75e21125cc463c12/execute/sync'
12:25:31.620 [Forwarding getPageSource on session fabb2ffb76c94dcf75e21125cc463c12 to remote] DEBUG org.asynchttpclient.netty.request.NettyRequestSender - Using open Channel [id: 0xb083d4ec, L:/127.0.0.1:50937 - R:localhost/127.0.0.1:50685] for POST '/session/fabb2ffb76c94dcf75e21125cc463c12/execute/sync'
12:25:31.633 [AsyncHttpClient-1-2] DEBUG org.asynchttpclient.netty.handler.HttpHandler - 

Request DefaultHttpRequest(decodeResult: success, version: HTTP/1.1)
POST /session/fabb2ffb76c94dcf75e21125cc463c12/execute/sync HTTP/1.1
User-Agent: selenium/4.4.0 (java windows)
Content-Length: 176
Content-Type: application/json; charset=utf-8
host: localhost:50685
accept: */*

Response DefaultHttpResponse(decodeResult: success, version: HTTP/1.1)
HTTP/1.1 200 OK
Content-Type: application/json; charset=utf-8
cache-control: no-cache
content-length: 57322

12:25:31.634 [AsyncHttpClient-1-2] DEBUG org.asynchttpclient.netty.channel.ChannelManager - Adding key: http://localhost:50685 for channel [id: 0xb083d4ec, L:/127.0.0.1:50937 - R:localhost/127.0.0.1:50685]
12:25:31.641 [Forwarding getCurrentUrl on session fabb2ffb76c94dcf75e21125cc463c12 to remote] DEBUG org.asynchttpclient.netty.request.NettyRequestSender - Using pooled Channel '[id: 0xb083d4ec, L:/127.0.0.1:50937 - R:localhost/127.0.0.1:50685]' for 'GET' to 'http://localhost:50685/session/fabb2ffb76c94dcf75e21125cc463c12/url'
12:25:31.641 [Forwarding getCurrentUrl on session fabb2ffb76c94dcf75e21125cc463c12 to remote] DEBUG org.asynchttpclient.netty.request.NettyRequestSender - Using open Channel [id: 0xb083d4ec, L:/127.0.0.1:50937 - R:localhost/127.0.0.1:50685] for GET '/session/fabb2ffb76c94dcf75e21125cc463c12/url'
12:25:31.659 [AsyncHttpClient-1-2] DEBUG org.asynchttpclient.netty.handler.HttpHandler - 

Request DefaultFullHttpRequest(decodeResult: success, version: HTTP/1.1, content: EmptyByteBufBE)
GET /session/fabb2ffb76c94dcf75e21125cc463c12/url HTTP/1.1
User-Agent: selenium/4.4.0 (java windows)
Cache-Control: no-cache
Content-Type: application/json; charset=utf-8
host: localhost:50685
accept: */*

Response DefaultHttpResponse(decodeResult: success, version: HTTP/1.1)
HTTP/1.1 200 OK
Content-Type: application/json; charset=utf-8
cache-control: no-cache
content-length: 48

12:25:31.660 [AsyncHttpClient-1-2] DEBUG org.asynchttpclient.netty.channel.ChannelManager - Adding key: http://localhost:50685 for channel [id: 0xb083d4ec, L:/127.0.0.1:50937 - R:localhost/127.0.0.1:50685]
12:25:31.695 [Forwarding getCurrentWindowHandle on session fabb2ffb76c94dcf75e21125cc463c12 to remote] DEBUG org.asynchttpclient.netty.request.NettyRequestSender - Using pooled Channel '[id: 0xb083d4ec, L:/127.0.0.1:50937 - R:localhost/127.0.0.1:50685]' for 'GET' to 'http://localhost:50685/session/fabb2ffb76c94dcf75e21125cc463c12/window'
12:25:31.696 [Forwarding getCurrentWindowHandle on session fabb2ffb76c94dcf75e21125cc463c12 to remote] DEBUG org.asynchttpclient.netty.request.NettyRequestSender - Using open Channel [id: 0xb083d4ec, L:/127.0.0.1:50937 - R:localhost/127.0.0.1:50685] for GET '/session/fabb2ffb76c94dcf75e21125cc463c12/window'
12:25:31.702 [AsyncHttpClient-1-2] DEBUG org.asynchttpclient.netty.handler.HttpHandler - 

Request DefaultFullHttpRequest(decodeResult: success, version: HTTP/1.1, content: EmptyByteBufBE)
GET /session/fabb2ffb76c94dcf75e21125cc463c12/window HTTP/1.1
User-Agent: selenium/4.4.0 (java windows)
Cache-Control: no-cache
Content-Type: application/json; charset=utf-8
host: localhost:50685
accept: */*

Response DefaultHttpResponse(decodeResult: success, version: HTTP/1.1)
HTTP/1.1 200 OK
Content-Type: application/json; charset=utf-8
cache-control: no-cache
content-length: 44

12:25:31.702 [AsyncHttpClient-1-2] DEBUG org.asynchttpclient.netty.channel.ChannelManager - Adding key: http://localhost:50685 for channel [id: 0xb083d4ec, L:/127.0.0.1:50937 - R:localhost/127.0.0.1:50685]
12:25:31.711 [Forwarding getAlertText on session fabb2ffb76c94dcf75e21125cc463c12 to remote] DEBUG org.asynchttpclient.netty.request.NettyRequestSender - Using pooled Channel '[id: 0xb083d4ec, L:/127.0.0.1:50937 - R:localhost/127.0.0.1:50685]' for 'GET' to 'http://localhost:50685/session/fabb2ffb76c94dcf75e21125cc463c12/alert/text'
12:25:31.711 [Forwarding getAlertText on session fabb2ffb76c94dcf75e21125cc463c12 to remote] DEBUG org.asynchttpclient.netty.request.NettyRequestSender - Using open Channel [id: 0xb083d4ec, L:/127.0.0.1:50937 - R:localhost/127.0.0.1:50685] for GET '/session/fabb2ffb76c94dcf75e21125cc463c12/alert/text'
12:25:31.720 [AsyncHttpClient-1-2] DEBUG org.asynchttpclient.netty.handler.HttpHandler - 

Request DefaultFullHttpRequest(decodeResult: success, version: HTTP/1.1, content: EmptyByteBufBE)
GET /session/fabb2ffb76c94dcf75e21125cc463c12/alert/text HTTP/1.1
User-Agent: selenium/4.4.0 (java windows)
Cache-Control: no-cache
Content-Type: application/json; charset=utf-8
host: localhost:50685
accept: */*

Response DefaultHttpResponse(decodeResult: success, version: HTTP/1.1)
HTTP/1.1 404 Not Found
Content-Type: application/json; charset=utf-8
cache-control: no-cache
content-length: 1045

12:25:31.720 [AsyncHttpClient-1-2] DEBUG org.asynchttpclient.netty.channel.ChannelManager - Adding key: http://localhost:50685 for channel [id: 0xb083d4ec, L:/127.0.0.1:50937 - R:localhost/127.0.0.1:50685]
12:25:31.731 [Forwarding switchToWindow on session fabb2ffb76c94dcf75e21125cc463c12 to remote] DEBUG org.asynchttpclient.netty.request.NettyRequestSender - Using pooled Channel '[id: 0xb083d4ec, L:/127.0.0.1:50937 - R:localhost/127.0.0.1:50685]' for 'POST' to 'http://localhost:50685/session/fabb2ffb76c94dcf75e21125cc463c12/window'
12:25:31.732 [Forwarding switchToWindow on session fabb2ffb76c94dcf75e21125cc463c12 to remote] DEBUG org.asynchttpclient.netty.request.NettyRequestSender - Using open Channel [id: 0xb083d4ec, L:/127.0.0.1:50937 - R:localhost/127.0.0.1:50685] for POST '/session/fabb2ffb76c94dcf75e21125cc463c12/window'
12:25:31.736 [AsyncHttpClient-1-2] DEBUG org.asynchttpclient.netty.handler.HttpHandler - 

Request DefaultHttpRequest(decodeResult: success, version: HTTP/1.1)
POST /session/fabb2ffb76c94dcf75e21125cc463c12/window HTTP/1.1
User-Agent: selenium/4.4.0 (java windows)
Content-Length: 50
Content-Type: application/json; charset=utf-8
host: localhost:50685
accept: */*

Response DefaultHttpResponse(decodeResult: success, version: HTTP/1.1)
HTTP/1.1 200 OK
Content-Type: application/json; charset=utf-8
cache-control: no-cache
content-length: 14

12:25:31.736 [AsyncHttpClient-1-2] DEBUG org.asynchttpclient.netty.channel.ChannelManager - Adding key: http://localhost:50685 for channel [id: 0xb083d4ec, L:/127.0.0.1:50937 - R:localhost/127.0.0.1:50685]
12:25:31.737 [Forwarding getCurrentUrl on session fabb2ffb76c94dcf75e21125cc463c12 to remote] DEBUG org.asynchttpclient.netty.request.NettyRequestSender - Using pooled Channel '[id: 0xb083d4ec, L:/127.0.0.1:50937 - R:localhost/127.0.0.1:50685]' for 'GET' to 'http://localhost:50685/session/fabb2ffb76c94dcf75e21125cc463c12/url'
12:25:31.737 [Forwarding getCurrentUrl on session fabb2ffb76c94dcf75e21125cc463c12 to remote] DEBUG org.asynchttpclient.netty.request.NettyRequestSender - Using open Channel [id: 0xb083d4ec, L:/127.0.0.1:50937 - R:localhost/127.0.0.1:50685] for GET '/session/fabb2ffb76c94dcf75e21125cc463c12/url'
12:25:31.756 [AsyncHttpClient-1-2] DEBUG org.asynchttpclient.netty.handler.HttpHandler - 

Request DefaultFullHttpRequest(decodeResult: success, version: HTTP/1.1, content: EmptyByteBufBE)
GET /session/fabb2ffb76c94dcf75e21125cc463c12/url HTTP/1.1
User-Agent: selenium/4.4.0 (java windows)
Cache-Control: no-cache
Content-Type: application/json; charset=utf-8
host: localhost:50685
accept: */*

Response DefaultHttpResponse(decodeResult: success, version: HTTP/1.1)
HTTP/1.1 200 OK
Content-Type: application/json; charset=utf-8
cache-control: no-cache
content-length: 48

12:25:31.756 [AsyncHttpClient-1-2] DEBUG org.asynchttpclient.netty.channel.ChannelManager - Adding key: http://localhost:50685 for channel [id: 0xb083d4ec, L:/127.0.0.1:50937 - R:localhost/127.0.0.1:50685]
12:25:31.757 [Forwarding screenshot on session fabb2ffb76c94dcf75e21125cc463c12 to remote] DEBUG org.asynchttpclient.netty.request.NettyRequestSender - Using pooled Channel '[id: 0xb083d4ec, L:/127.0.0.1:50937 - R:localhost/127.0.0.1:50685]' for 'GET' to 'http://localhost:50685/session/fabb2ffb76c94dcf75e21125cc463c12/screenshot'
12:25:31.758 [Forwarding screenshot on session fabb2ffb76c94dcf75e21125cc463c12 to remote] DEBUG org.asynchttpclient.netty.request.NettyRequestSender - Using open Channel [id: 0xb083d4ec, L:/127.0.0.1:50937 - R:localhost/127.0.0.1:50685] for GET '/session/fabb2ffb76c94dcf75e21125cc463c12/screenshot'
12:25:31.935 [AsyncHttpClient-1-2] DEBUG org.asynchttpclient.netty.handler.HttpHandler - 

Request DefaultFullHttpRequest(decodeResult: success, version: HTTP/1.1, content: EmptyByteBufBE)
GET /session/fabb2ffb76c94dcf75e21125cc463c12/screenshot HTTP/1.1
User-Agent: selenium/4.4.0 (java windows)
Cache-Control: no-cache
Content-Type: application/json; charset=utf-8
host: localhost:50685
accept: */*

Response DefaultHttpResponse(decodeResult: success, version: HTTP/1.1)
HTTP/1.1 200 OK
Content-Type: application/json; charset=utf-8
cache-control: no-cache
content-length: 664432

12:25:31.938 [AsyncHttpClient-1-2] DEBUG org.asynchttpclient.netty.channel.ChannelManager - Adding key: http://localhost:50685 for channel [id: 0xb083d4ec, L:/127.0.0.1:50937 - R:localhost/127.0.0.1:50685]
12:25:31.958 [Test worker] DEBUG net.serenitybdd.core.photography.Darkroom - Send negative for processing for C:\Users\pcnit\Downloads\TestE2E\target\site\serenity\fddbda055740183e26894636d8292970787db7b4c36a41d73c37bb1fc8faca87.png
12:25:31.959 [Test worker] DEBUG net.thucydides.core.steps.StepInterceptor - STEP DONE: {0} clicks on #target
12:25:31.975 [Test worker] DEBUG net.serenitybdd.screenplay.targets.IFrameSwitcher - default content already selected for selecciona EL CATEGORIA
12:25:31.998 [Forwarding getCurrentUrl on session fabb2ffb76c94dcf75e21125cc463c12 to remote] DEBUG org.asynchttpclient.netty.request.NettyRequestSender - Using pooled Channel '[id: 0xb083d4ec, L:/127.0.0.1:50937 - R:localhost/127.0.0.1:50685]' for 'GET' to 'http://localhost:50685/session/fabb2ffb76c94dcf75e21125cc463c12/url'
12:25:31.998 [Forwarding getCurrentUrl on session fabb2ffb76c94dcf75e21125cc463c12 to remote] DEBUG org.asynchttpclient.netty.request.NettyRequestSender - Using open Channel [id: 0xb083d4ec, L:/127.0.0.1:50937 - R:localhost/127.0.0.1:50685] for GET '/session/fabb2ffb76c94dcf75e21125cc463c12/url'
12:25:32.012 [AsyncHttpClient-1-2] DEBUG org.asynchttpclient.netty.handler.HttpHandler - 

Request DefaultFullHttpRequest(decodeResult: success, version: HTTP/1.1, content: EmptyByteBufBE)
GET /session/fabb2ffb76c94dcf75e21125cc463c12/url HTTP/1.1
User-Agent: selenium/4.4.0 (java windows)
Cache-Control: no-cache
Content-Type: application/json; charset=utf-8
host: localhost:50685
accept: */*

Response DefaultHttpResponse(decodeResult: success, version: HTTP/1.1)
HTTP/1.1 200 OK
Content-Type: application/json; charset=utf-8
cache-control: no-cache
content-length: 48

12:25:32.012 [AsyncHttpClient-1-2] DEBUG org.asynchttpclient.netty.channel.ChannelManager - Adding key: http://localhost:50685 for channel [id: 0xb083d4ec, L:/127.0.0.1:50937 - R:localhost/127.0.0.1:50685]
12:25:32.029 [Forwarding findElement on session fabb2ffb76c94dcf75e21125cc463c12 to remote] DEBUG org.asynchttpclient.netty.request.NettyRequestSender - Using pooled Channel '[id: 0xb083d4ec, L:/127.0.0.1:50937 - R:localhost/127.0.0.1:50685]' for 'POST' to 'http://localhost:50685/session/fabb2ffb76c94dcf75e21125cc463c12/element'
12:25:32.029 [Forwarding findElement on session fabb2ffb76c94dcf75e21125cc463c12 to remote] DEBUG org.asynchttpclient.netty.request.NettyRequestSender - Using open Channel [id: 0xb083d4ec, L:/127.0.0.1:50937 - R:localhost/127.0.0.1:50685] for POST '/session/fabb2ffb76c94dcf75e21125cc463c12/element'
12:25:32.054 [AsyncHttpClient-1-2] DEBUG org.asynchttpclient.netty.handler.HttpHandler - 

Request DefaultHttpRequest(decodeResult: success, version: HTTP/1.1)
POST /session/fabb2ffb76c94dcf75e21125cc463c12/element HTTP/1.1
User-Agent: selenium/4.4.0 (java windows)
Content-Length: 109
Content-Type: application/json; charset=utf-8
host: localhost:50685
accept: */*

Response DefaultHttpResponse(decodeResult: success, version: HTTP/1.1)
HTTP/1.1 200 OK
Content-Type: application/json; charset=utf-8
cache-control: no-cache
content-length: 127

12:25:32.054 [AsyncHttpClient-1-2] DEBUG org.asynchttpclient.netty.channel.ChannelManager - Adding key: http://localhost:50685 for channel [id: 0xb083d4ec, L:/127.0.0.1:50937 - R:localhost/127.0.0.1:50685]
12:25:32.067 [Forwarding executeScript on session fabb2ffb76c94dcf75e21125cc463c12 to remote] DEBUG org.asynchttpclient.netty.request.NettyRequestSender - Using pooled Channel '[id: 0xb083d4ec, L:/127.0.0.1:50937 - R:localhost/127.0.0.1:50685]' for 'POST' to 'http://localhost:50685/session/fabb2ffb76c94dcf75e21125cc463c12/execute/sync'
12:25:32.067 [Forwarding executeScript on session fabb2ffb76c94dcf75e21125cc463c12 to remote] DEBUG org.asynchttpclient.netty.request.NettyRequestSender - Using open Channel [id: 0xb083d4ec, L:/127.0.0.1:50937 - R:localhost/127.0.0.1:50685] for POST '/session/fabb2ffb76c94dcf75e21125cc463c12/execute/sync'
12:25:32.085 [AsyncHttpClient-1-1] DEBUG org.asynchttpclient.netty.channel.DefaultChannelPool - Entry count for : http://localhost:50938 : 1
12:25:32.088 [AsyncHttpClient-1-2] DEBUG org.asynchttpclient.netty.handler.HttpHandler - 

Request DefaultHttpRequest(decodeResult: success, version: HTTP/1.1)
POST /session/fabb2ffb76c94dcf75e21125cc463c12/execute/sync HTTP/1.1
User-Agent: selenium/4.4.0 (java windows)
Content-Length: 318
Content-Type: application/json; charset=utf-8
host: localhost:50685
accept: */*

Response DefaultHttpResponse(decodeResult: success, version: HTTP/1.1)
HTTP/1.1 200 OK
Content-Type: application/json; charset=utf-8
cache-control: no-cache
content-length: 14

12:25:32.089 [AsyncHttpClient-1-2] DEBUG org.asynchttpclient.netty.channel.ChannelManager - Adding key: http://localhost:50685 for channel [id: 0xb083d4ec, L:/127.0.0.1:50937 - R:localhost/127.0.0.1:50685]
12:25:32.122 [Test worker] DEBUG net.serenitybdd.screenplay.targets.IFrameSwitcher - default content already selected for selecciona EL CATEGORIA
12:25:32.128 [Forwarding findElements on session fabb2ffb76c94dcf75e21125cc463c12 to remote] DEBUG org.asynchttpclient.netty.request.NettyRequestSender - Using pooled Channel '[id: 0xb083d4ec, L:/127.0.0.1:50937 - R:localhost/127.0.0.1:50685]' for 'POST' to 'http://localhost:50685/session/fabb2ffb76c94dcf75e21125cc463c12/elements'
12:25:32.128 [Forwarding findElements on session fabb2ffb76c94dcf75e21125cc463c12 to remote] DEBUG org.asynchttpclient.netty.request.NettyRequestSender - Using open Channel [id: 0xb083d4ec, L:/127.0.0.1:50937 - R:localhost/127.0.0.1:50685] for POST '/session/fabb2ffb76c94dcf75e21125cc463c12/elements'
12:25:32.143 [AsyncHttpClient-1-2] DEBUG org.asynchttpclient.netty.handler.HttpHandler - 

Request DefaultHttpRequest(decodeResult: success, version: HTTP/1.1)
POST /session/fabb2ffb76c94dcf75e21125cc463c12/elements HTTP/1.1
User-Agent: selenium/4.4.0 (java windows)
Content-Length: 109
Content-Type: application/json; charset=utf-8
host: localhost:50685
accept: */*

Response DefaultHttpResponse(decodeResult: success, version: HTTP/1.1)
HTTP/1.1 200 OK
Content-Type: application/json; charset=utf-8
cache-control: no-cache
content-length: 129

12:25:32.143 [AsyncHttpClient-1-2] DEBUG org.asynchttpclient.netty.channel.ChannelManager - Adding key: http://localhost:50685 for channel [id: 0xb083d4ec, L:/127.0.0.1:50937 - R:localhost/127.0.0.1:50685]
12:25:32.161 [Forwarding isElementEnabled on session fabb2ffb76c94dcf75e21125cc463c12 to remote] DEBUG org.asynchttpclient.netty.request.NettyRequestSender - Using pooled Channel '[id: 0xb083d4ec, L:/127.0.0.1:50937 - R:localhost/127.0.0.1:50685]' for 'GET' to 'http://localhost:50685/session/fabb2ffb76c94dcf75e21125cc463c12/element/f.7E9A709675F02E7E9E4ECE1EF325ABA8.d.542FC9E2D921CE520158033C66727D31.e.286/enabled'
12:25:32.162 [Forwarding isElementEnabled on session fabb2ffb76c94dcf75e21125cc463c12 to remote] DEBUG org.asynchttpclient.netty.request.NettyRequestSender - Using open Channel [id: 0xb083d4ec, L:/127.0.0.1:50937 - R:localhost/127.0.0.1:50685] for GET '/session/fabb2ffb76c94dcf75e21125cc463c12/element/f.7E9A709675F02E7E9E4ECE1EF325ABA8.d.542FC9E2D921CE520158033C66727D31.e.286/enabled'
12:25:32.175 [AsyncHttpClient-1-2] DEBUG org.asynchttpclient.netty.handler.HttpHandler - 

Request DefaultFullHttpRequest(decodeResult: success, version: HTTP/1.1, content: EmptyByteBufBE)
GET /session/fabb2ffb76c94dcf75e21125cc463c12/element/f.7E9A709675F02E7E9E4ECE1EF325ABA8.d.542FC9E2D921CE520158033C66727D31.e.286/enabled HTTP/1.1
User-Agent: selenium/4.4.0 (java windows)
Cache-Control: no-cache
Content-Type: application/json; charset=utf-8
host: localhost:50685
accept: */*

Response DefaultHttpResponse(decodeResult: success, version: HTTP/1.1)
HTTP/1.1 200 OK
Content-Type: application/json; charset=utf-8
cache-control: no-cache
content-length: 14

12:25:32.176 [AsyncHttpClient-1-2] DEBUG org.asynchttpclient.netty.channel.ChannelManager - Adding key: http://localhost:50685 for channel [id: 0xb083d4ec, L:/127.0.0.1:50937 - R:localhost/127.0.0.1:50685]
12:25:32.187 [Forwarding isElementEnabled on session fabb2ffb76c94dcf75e21125cc463c12 to remote] DEBUG org.asynchttpclient.netty.request.NettyRequestSender - Using pooled Channel '[id: 0xb083d4ec, L:/127.0.0.1:50937 - R:localhost/127.0.0.1:50685]' for 'GET' to 'http://localhost:50685/session/fabb2ffb76c94dcf75e21125cc463c12/element/f.7E9A709675F02E7E9E4ECE1EF325ABA8.d.542FC9E2D921CE520158033C66727D31.e.286/enabled'
12:25:32.187 [Forwarding isElementEnabled on session fabb2ffb76c94dcf75e21125cc463c12 to remote] DEBUG org.asynchttpclient.netty.request.NettyRequestSender - Using open Channel [id: 0xb083d4ec, L:/127.0.0.1:50937 - R:localhost/127.0.0.1:50685] for GET '/session/fabb2ffb76c94dcf75e21125cc463c12/element/f.7E9A709675F02E7E9E4ECE1EF325ABA8.d.542FC9E2D921CE520158033C66727D31.e.286/enabled'
12:25:32.206 [AsyncHttpClient-1-2] DEBUG org.asynchttpclient.netty.handler.HttpHandler - 

Request DefaultFullHttpRequest(decodeResult: success, version: HTTP/1.1, content: EmptyByteBufBE)
GET /session/fabb2ffb76c94dcf75e21125cc463c12/element/f.7E9A709675F02E7E9E4ECE1EF325ABA8.d.542FC9E2D921CE520158033C66727D31.e.286/enabled HTTP/1.1
User-Agent: selenium/4.4.0 (java windows)
Cache-Control: no-cache
Content-Type: application/json; charset=utf-8
host: localhost:50685
accept: */*

Response DefaultHttpResponse(decodeResult: success, version: HTTP/1.1)
HTTP/1.1 200 OK
Content-Type: application/json; charset=utf-8
cache-control: no-cache
content-length: 14

12:25:32.207 [AsyncHttpClient-1-2] DEBUG org.asynchttpclient.netty.channel.ChannelManager - Adding key: http://localhost:50685 for channel [id: 0xb083d4ec, L:/127.0.0.1:50937 - R:localhost/127.0.0.1:50685]
12:25:32.246 [Forwarding getCurrentWindowHandle on session fabb2ffb76c94dcf75e21125cc463c12 to remote] DEBUG org.asynchttpclient.netty.request.NettyRequestSender - Using pooled Channel '[id: 0xb083d4ec, L:/127.0.0.1:50937 - R:localhost/127.0.0.1:50685]' for 'GET' to 'http://localhost:50685/session/fabb2ffb76c94dcf75e21125cc463c12/window'
12:25:32.247 [Forwarding getCurrentWindowHandle on session fabb2ffb76c94dcf75e21125cc463c12 to remote] DEBUG org.asynchttpclient.netty.request.NettyRequestSender - Using open Channel [id: 0xb083d4ec, L:/127.0.0.1:50937 - R:localhost/127.0.0.1:50685] for GET '/session/fabb2ffb76c94dcf75e21125cc463c12/window'
12:25:32.254 [AsyncHttpClient-1-2] DEBUG org.asynchttpclient.netty.handler.HttpHandler - 

Request DefaultFullHttpRequest(decodeResult: success, version: HTTP/1.1, content: EmptyByteBufBE)
GET /session/fabb2ffb76c94dcf75e21125cc463c12/window HTTP/1.1
User-Agent: selenium/4.4.0 (java windows)
Cache-Control: no-cache
Content-Type: application/json; charset=utf-8
host: localhost:50685
accept: */*

Response DefaultHttpResponse(decodeResult: success, version: HTTP/1.1)
HTTP/1.1 200 OK
Content-Type: application/json; charset=utf-8
cache-control: no-cache
content-length: 44

12:25:32.254 [AsyncHttpClient-1-2] DEBUG org.asynchttpclient.netty.channel.ChannelManager - Adding key: http://localhost:50685 for channel [id: 0xb083d4ec, L:/127.0.0.1:50937 - R:localhost/127.0.0.1:50685]
12:25:32.265 [Forwarding getAlertText on session fabb2ffb76c94dcf75e21125cc463c12 to remote] DEBUG org.asynchttpclient.netty.request.NettyRequestSender - Using pooled Channel '[id: 0xb083d4ec, L:/127.0.0.1:50937 - R:localhost/127.0.0.1:50685]' for 'GET' to 'http://localhost:50685/session/fabb2ffb76c94dcf75e21125cc463c12/alert/text'
12:25:32.267 [Forwarding getAlertText on session fabb2ffb76c94dcf75e21125cc463c12 to remote] DEBUG org.asynchttpclient.netty.request.NettyRequestSender - Using open Channel [id: 0xb083d4ec, L:/127.0.0.1:50937 - R:localhost/127.0.0.1:50685] for GET '/session/fabb2ffb76c94dcf75e21125cc463c12/alert/text'
12:25:32.274 [AsyncHttpClient-1-2] DEBUG org.asynchttpclient.netty.handler.HttpHandler - 

Request DefaultFullHttpRequest(decodeResult: success, version: HTTP/1.1, content: EmptyByteBufBE)
GET /session/fabb2ffb76c94dcf75e21125cc463c12/alert/text HTTP/1.1
User-Agent: selenium/4.4.0 (java windows)
Cache-Control: no-cache
Content-Type: application/json; charset=utf-8
host: localhost:50685
accept: */*

Response DefaultHttpResponse(decodeResult: success, version: HTTP/1.1)
HTTP/1.1 404 Not Found
Content-Type: application/json; charset=utf-8
cache-control: no-cache
content-length: 1045

12:25:32.274 [AsyncHttpClient-1-2] DEBUG org.asynchttpclient.netty.channel.ChannelManager - Adding key: http://localhost:50685 for channel [id: 0xb083d4ec, L:/127.0.0.1:50937 - R:localhost/127.0.0.1:50685]
12:25:32.278 [Forwarding switchToWindow on session fabb2ffb76c94dcf75e21125cc463c12 to remote] DEBUG org.asynchttpclient.netty.request.NettyRequestSender - Using pooled Channel '[id: 0xb083d4ec, L:/127.0.0.1:50937 - R:localhost/127.0.0.1:50685]' for 'POST' to 'http://localhost:50685/session/fabb2ffb76c94dcf75e21125cc463c12/window'
12:25:32.278 [Forwarding switchToWindow on session fabb2ffb76c94dcf75e21125cc463c12 to remote] DEBUG org.asynchttpclient.netty.request.NettyRequestSender - Using open Channel [id: 0xb083d4ec, L:/127.0.0.1:50937 - R:localhost/127.0.0.1:50685] for POST '/session/fabb2ffb76c94dcf75e21125cc463c12/window'
12:25:32.283 [AsyncHttpClient-1-2] DEBUG org.asynchttpclient.netty.handler.HttpHandler - 

Request DefaultHttpRequest(decodeResult: success, version: HTTP/1.1)
POST /session/fabb2ffb76c94dcf75e21125cc463c12/window HTTP/1.1
User-Agent: selenium/4.4.0 (java windows)
Content-Length: 50
Content-Type: application/json; charset=utf-8
host: localhost:50685
accept: */*

Response DefaultHttpResponse(decodeResult: success, version: HTTP/1.1)
HTTP/1.1 200 OK
Content-Type: application/json; charset=utf-8
cache-control: no-cache
content-length: 14

12:25:32.283 [AsyncHttpClient-1-2] DEBUG org.asynchttpclient.netty.channel.ChannelManager - Adding key: http://localhost:50685 for channel [id: 0xb083d4ec, L:/127.0.0.1:50937 - R:localhost/127.0.0.1:50685]
12:25:32.284 [Forwarding getCurrentUrl on session fabb2ffb76c94dcf75e21125cc463c12 to remote] DEBUG org.asynchttpclient.netty.request.NettyRequestSender - Using pooled Channel '[id: 0xb083d4ec, L:/127.0.0.1:50937 - R:localhost/127.0.0.1:50685]' for 'GET' to 'http://localhost:50685/session/fabb2ffb76c94dcf75e21125cc463c12/url'
12:25:32.284 [Forwarding getCurrentUrl on session fabb2ffb76c94dcf75e21125cc463c12 to remote] DEBUG org.asynchttpclient.netty.request.NettyRequestSender - Using open Channel [id: 0xb083d4ec, L:/127.0.0.1:50937 - R:localhost/127.0.0.1:50685] for GET '/session/fabb2ffb76c94dcf75e21125cc463c12/url'
12:25:32.303 [AsyncHttpClient-1-2] DEBUG org.asynchttpclient.netty.handler.HttpHandler - 

Request DefaultFullHttpRequest(decodeResult: success, version: HTTP/1.1, content: EmptyByteBufBE)
GET /session/fabb2ffb76c94dcf75e21125cc463c12/url HTTP/1.1
User-Agent: selenium/4.4.0 (java windows)
Cache-Control: no-cache
Content-Type: application/json; charset=utf-8
host: localhost:50685
accept: */*

Response DefaultHttpResponse(decodeResult: success, version: HTTP/1.1)
HTTP/1.1 200 OK
Content-Type: application/json; charset=utf-8
cache-control: no-cache
content-length: 48

12:25:32.303 [AsyncHttpClient-1-2] DEBUG org.asynchttpclient.netty.channel.ChannelManager - Adding key: http://localhost:50685 for channel [id: 0xb083d4ec, L:/127.0.0.1:50937 - R:localhost/127.0.0.1:50685]
12:25:32.305 [Forwarding screenshot on session fabb2ffb76c94dcf75e21125cc463c12 to remote] DEBUG org.asynchttpclient.netty.request.NettyRequestSender - Using pooled Channel '[id: 0xb083d4ec, L:/127.0.0.1:50937 - R:localhost/127.0.0.1:50685]' for 'GET' to 'http://localhost:50685/session/fabb2ffb76c94dcf75e21125cc463c12/screenshot'
12:25:32.305 [Forwarding screenshot on session fabb2ffb76c94dcf75e21125cc463c12 to remote] DEBUG org.asynchttpclient.netty.request.NettyRequestSender - Using open Channel [id: 0xb083d4ec, L:/127.0.0.1:50937 - R:localhost/127.0.0.1:50685] for GET '/session/fabb2ffb76c94dcf75e21125cc463c12/screenshot'
12:25:32.417 [AsyncHttpClient-1-2] DEBUG org.asynchttpclient.netty.handler.HttpHandler - 

Request DefaultFullHttpRequest(decodeResult: success, version: HTTP/1.1, content: EmptyByteBufBE)
GET /session/fabb2ffb76c94dcf75e21125cc463c12/screenshot HTTP/1.1
User-Agent: selenium/4.4.0 (java windows)
Cache-Control: no-cache
Content-Type: application/json; charset=utf-8
host: localhost:50685
accept: */*

Response DefaultHttpResponse(decodeResult: success, version: HTTP/1.1)
HTTP/1.1 200 OK
Content-Type: application/json; charset=utf-8
cache-control: no-cache
content-length: 372412

12:25:32.419 [AsyncHttpClient-1-2] DEBUG org.asynchttpclient.netty.channel.ChannelManager - Adding key: http://localhost:50685 for channel [id: 0xb083d4ec, L:/127.0.0.1:50937 - R:localhost/127.0.0.1:50685]
12:25:32.431 [Test worker] DEBUG net.serenitybdd.core.photography.Darkroom - Send negative for processing for C:\Users\pcnit\Downloads\TestE2E\target\site\serenity\3cc9278e08d0d8daa5afd99f4cca0ae6ebba91e2537cd74e3203323bdcbe07f7.png
12:25:32.441 [Forwarding getPageSource on session fabb2ffb76c94dcf75e21125cc463c12 to remote] DEBUG org.asynchttpclient.netty.request.NettyRequestSender - Using pooled Channel '[id: 0xb083d4ec, L:/127.0.0.1:50937 - R:localhost/127.0.0.1:50685]' for 'POST' to 'http://localhost:50685/session/fabb2ffb76c94dcf75e21125cc463c12/execute/sync'
12:25:32.441 [Forwarding getPageSource on session fabb2ffb76c94dcf75e21125cc463c12 to remote] DEBUG org.asynchttpclient.netty.request.NettyRequestSender - Using open Channel [id: 0xb083d4ec, L:/127.0.0.1:50937 - R:localhost/127.0.0.1:50685] for POST '/session/fabb2ffb76c94dcf75e21125cc463c12/execute/sync'
12:25:32.456 [AsyncHttpClient-1-2] DEBUG org.asynchttpclient.netty.handler.HttpHandler - 

Request DefaultHttpRequest(decodeResult: success, version: HTTP/1.1)
POST /session/fabb2ffb76c94dcf75e21125cc463c12/execute/sync HTTP/1.1
User-Agent: selenium/4.4.0 (java windows)
Content-Length: 176
Content-Type: application/json; charset=utf-8
host: localhost:50685
accept: */*

Response DefaultHttpResponse(decodeResult: success, version: HTTP/1.1)
HTTP/1.1 200 OK
Content-Type: application/json; charset=utf-8
cache-control: no-cache
content-length: 57322

12:25:32.456 [AsyncHttpClient-1-2] DEBUG org.asynchttpclient.netty.channel.ChannelManager - Adding key: http://localhost:50685 for channel [id: 0xb083d4ec, L:/127.0.0.1:50937 - R:localhost/127.0.0.1:50685]
12:25:32.463 [Forwarding getCurrentUrl on session fabb2ffb76c94dcf75e21125cc463c12 to remote] DEBUG org.asynchttpclient.netty.request.NettyRequestSender - Using pooled Channel '[id: 0xb083d4ec, L:/127.0.0.1:50937 - R:localhost/127.0.0.1:50685]' for 'GET' to 'http://localhost:50685/session/fabb2ffb76c94dcf75e21125cc463c12/url'
12:25:32.463 [Forwarding getCurrentUrl on session fabb2ffb76c94dcf75e21125cc463c12 to remote] DEBUG org.asynchttpclient.netty.request.NettyRequestSender - Using open Channel [id: 0xb083d4ec, L:/127.0.0.1:50937 - R:localhost/127.0.0.1:50685] for GET '/session/fabb2ffb76c94dcf75e21125cc463c12/url'
12:25:32.474 [AsyncHttpClient-1-2] DEBUG org.asynchttpclient.netty.handler.HttpHandler - 

Request DefaultFullHttpRequest(decodeResult: success, version: HTTP/1.1, content: EmptyByteBufBE)
GET /session/fabb2ffb76c94dcf75e21125cc463c12/url HTTP/1.1
User-Agent: selenium/4.4.0 (java windows)
Cache-Control: no-cache
Content-Type: application/json; charset=utf-8
host: localhost:50685
accept: */*

Response DefaultHttpResponse(decodeResult: success, version: HTTP/1.1)
HTTP/1.1 200 OK
Content-Type: application/json; charset=utf-8
cache-control: no-cache
content-length: 48

12:25:32.474 [AsyncHttpClient-1-2] DEBUG org.asynchttpclient.netty.channel.ChannelManager - Adding key: http://localhost:50685 for channel [id: 0xb083d4ec, L:/127.0.0.1:50937 - R:localhost/127.0.0.1:50685]
12:25:32.479 [Test worker] DEBUG net.thucydides.core.steps.StepInterceptor - STARTING STEP: Product.performAs - {0} clicks on #target
12:25:32.480 [Test worker] DEBUG net.serenitybdd.screenplay.targets.IFrameSwitcher - default content already selected for selecciona EL CATEGORIA
12:25:32.537 [Forwarding findElement on session fabb2ffb76c94dcf75e21125cc463c12 to remote] DEBUG org.asynchttpclient.netty.request.NettyRequestSender - Using pooled Channel '[id: 0xb083d4ec, L:/127.0.0.1:50937 - R:localhost/127.0.0.1:50685]' for 'POST' to 'http://localhost:50685/session/fabb2ffb76c94dcf75e21125cc463c12/element'
12:25:32.537 [Forwarding findElement on session fabb2ffb76c94dcf75e21125cc463c12 to remote] DEBUG org.asynchttpclient.netty.request.NettyRequestSender - Using open Channel [id: 0xb083d4ec, L:/127.0.0.1:50937 - R:localhost/127.0.0.1:50685] for POST '/session/fabb2ffb76c94dcf75e21125cc463c12/element'
12:25:32.551 [AsyncHttpClient-1-2] DEBUG org.asynchttpclient.netty.handler.HttpHandler - 

Request DefaultHttpRequest(decodeResult: success, version: HTTP/1.1)
POST /session/fabb2ffb76c94dcf75e21125cc463c12/element HTTP/1.1
User-Agent: selenium/4.4.0 (java windows)
Content-Length: 109
Content-Type: application/json; charset=utf-8
host: localhost:50685
accept: */*

Response DefaultHttpResponse(decodeResult: success, version: HTTP/1.1)
HTTP/1.1 200 OK
Content-Type: application/json; charset=utf-8
cache-control: no-cache
content-length: 127

12:25:32.551 [AsyncHttpClient-1-2] DEBUG org.asynchttpclient.netty.channel.ChannelManager - Adding key: http://localhost:50685 for channel [id: 0xb083d4ec, L:/127.0.0.1:50937 - R:localhost/127.0.0.1:50685]
12:25:32.570 [Forwarding isElementDisplayed on session fabb2ffb76c94dcf75e21125cc463c12 to remote] DEBUG org.asynchttpclient.netty.request.NettyRequestSender - Using pooled Channel '[id: 0xb083d4ec, L:/127.0.0.1:50937 - R:localhost/127.0.0.1:50685]' for 'POST' to 'http://localhost:50685/session/fabb2ffb76c94dcf75e21125cc463c12/execute/sync'
12:25:32.570 [Forwarding isElementDisplayed on session fabb2ffb76c94dcf75e21125cc463c12 to remote] DEBUG org.asynchttpclient.netty.request.NettyRequestSender - Using open Channel [id: 0xb083d4ec, L:/127.0.0.1:50937 - R:localhost/127.0.0.1:50685] for POST '/session/fabb2ffb76c94dcf75e21125cc463c12/execute/sync'
12:25:32.584 [AsyncHttpClient-1-2] DEBUG org.asynchttpclient.netty.handler.HttpHandler - 

Request DefaultHttpRequest(decodeResult: success, version: HTTP/1.1)
POST /session/fabb2ffb76c94dcf75e21125cc463c12/execute/sync HTTP/1.1
User-Agent: selenium/4.4.0 (java windows)
Content-Length: 48819
Content-Type: application/json; charset=utf-8
host: localhost:50685
accept: */*

Response DefaultHttpResponse(decodeResult: success, version: HTTP/1.1)
HTTP/1.1 200 OK
Content-Type: application/json; charset=utf-8
cache-control: no-cache
content-length: 14

12:25:32.585 [AsyncHttpClient-1-2] DEBUG org.asynchttpclient.netty.channel.ChannelManager - Adding key: http://localhost:50685 for channel [id: 0xb083d4ec, L:/127.0.0.1:50937 - R:localhost/127.0.0.1:50685]
12:25:32.609 [Forwarding findElement on session fabb2ffb76c94dcf75e21125cc463c12 to remote] DEBUG org.asynchttpclient.netty.request.NettyRequestSender - Using pooled Channel '[id: 0xb083d4ec, L:/127.0.0.1:50937 - R:localhost/127.0.0.1:50685]' for 'POST' to 'http://localhost:50685/session/fabb2ffb76c94dcf75e21125cc463c12/element'
12:25:32.610 [Forwarding findElement on session fabb2ffb76c94dcf75e21125cc463c12 to remote] DEBUG org.asynchttpclient.netty.request.NettyRequestSender - Using open Channel [id: 0xb083d4ec, L:/127.0.0.1:50937 - R:localhost/127.0.0.1:50685] for POST '/session/fabb2ffb76c94dcf75e21125cc463c12/element'
12:25:32.640 [AsyncHttpClient-1-2] DEBUG org.asynchttpclient.netty.handler.HttpHandler - 

Request DefaultHttpRequest(decodeResult: success, version: HTTP/1.1)
POST /session/fabb2ffb76c94dcf75e21125cc463c12/element HTTP/1.1
User-Agent: selenium/4.4.0 (java windows)
Content-Length: 109
Content-Type: application/json; charset=utf-8
host: localhost:50685
accept: */*

Response DefaultHttpResponse(decodeResult: success, version: HTTP/1.1)
HTTP/1.1 200 OK
Content-Type: application/json; charset=utf-8
cache-control: no-cache
content-length: 127

12:25:32.640 [AsyncHttpClient-1-2] DEBUG org.asynchttpclient.netty.channel.ChannelManager - Adding key: http://localhost:50685 for channel [id: 0xb083d4ec, L:/127.0.0.1:50937 - R:localhost/127.0.0.1:50685]
12:25:32.642 [Forwarding clickElement on session fabb2ffb76c94dcf75e21125cc463c12 to remote] DEBUG org.asynchttpclient.netty.request.NettyRequestSender - Using pooled Channel '[id: 0xb083d4ec, L:/127.0.0.1:50937 - R:localhost/127.0.0.1:50685]' for 'POST' to 'http://localhost:50685/session/fabb2ffb76c94dcf75e21125cc463c12/element/f.7E9A709675F02E7E9E4ECE1EF325ABA8.d.542FC9E2D921CE520158033C66727D31.e.286/click'
12:25:32.642 [Forwarding clickElement on session fabb2ffb76c94dcf75e21125cc463c12 to remote] DEBUG org.asynchttpclient.netty.request.NettyRequestSender - Using open Channel [id: 0xb083d4ec, L:/127.0.0.1:50937 - R:localhost/127.0.0.1:50685] for POST '/session/fabb2ffb76c94dcf75e21125cc463c12/element/f.7E9A709675F02E7E9E4ECE1EF325ABA8.d.542FC9E2D921CE520158033C66727D31.e.286/click'
12:25:32.731 [AsyncHttpClient-1-2] DEBUG org.asynchttpclient.netty.handler.HttpHandler - 

Request DefaultHttpRequest(decodeResult: success, version: HTTP/1.1)
POST /session/fabb2ffb76c94dcf75e21125cc463c12/element/f.7E9A709675F02E7E9E4ECE1EF325ABA8.d.542FC9E2D921CE520158033C66727D31.e.286/click HTTP/1.1
User-Agent: selenium/4.4.0 (java windows)
Content-Length: 89
Content-Type: application/json; charset=utf-8
host: localhost:50685
accept: */*

Response DefaultHttpResponse(decodeResult: success, version: HTTP/1.1)
HTTP/1.1 200 OK
Content-Type: application/json; charset=utf-8
cache-control: no-cache
content-length: 14

12:25:32.732 [AsyncHttpClient-1-2] DEBUG org.asynchttpclient.netty.channel.ChannelManager - Adding key: http://localhost:50685 for channel [id: 0xb083d4ec, L:/127.0.0.1:50937 - R:localhost/127.0.0.1:50685]
12:25:32.773 [Forwarding getCurrentWindowHandle on session fabb2ffb76c94dcf75e21125cc463c12 to remote] DEBUG org.asynchttpclient.netty.request.NettyRequestSender - Using pooled Channel '[id: 0xb083d4ec, L:/127.0.0.1:50937 - R:localhost/127.0.0.1:50685]' for 'GET' to 'http://localhost:50685/session/fabb2ffb76c94dcf75e21125cc463c12/window'
12:25:32.774 [Forwarding getCurrentWindowHandle on session fabb2ffb76c94dcf75e21125cc463c12 to remote] DEBUG org.asynchttpclient.netty.request.NettyRequestSender - Using open Channel [id: 0xb083d4ec, L:/127.0.0.1:50937 - R:localhost/127.0.0.1:50685] for GET '/session/fabb2ffb76c94dcf75e21125cc463c12/window'
12:25:32.778 [AsyncHttpClient-1-2] DEBUG org.asynchttpclient.netty.handler.HttpHandler - 

Request DefaultFullHttpRequest(decodeResult: success, version: HTTP/1.1, content: EmptyByteBufBE)
GET /session/fabb2ffb76c94dcf75e21125cc463c12/window HTTP/1.1
User-Agent: selenium/4.4.0 (java windows)
Cache-Control: no-cache
Content-Type: application/json; charset=utf-8
host: localhost:50685
accept: */*

Response DefaultHttpResponse(decodeResult: success, version: HTTP/1.1)
HTTP/1.1 200 OK
Content-Type: application/json; charset=utf-8
cache-control: no-cache
content-length: 44

12:25:32.778 [AsyncHttpClient-1-2] DEBUG org.asynchttpclient.netty.channel.ChannelManager - Adding key: http://localhost:50685 for channel [id: 0xb083d4ec, L:/127.0.0.1:50937 - R:localhost/127.0.0.1:50685]
12:25:32.790 [Forwarding getAlertText on session fabb2ffb76c94dcf75e21125cc463c12 to remote] DEBUG org.asynchttpclient.netty.request.NettyRequestSender - Using pooled Channel '[id: 0xb083d4ec, L:/127.0.0.1:50937 - R:localhost/127.0.0.1:50685]' for 'GET' to 'http://localhost:50685/session/fabb2ffb76c94dcf75e21125cc463c12/alert/text'
12:25:32.790 [Forwarding getAlertText on session fabb2ffb76c94dcf75e21125cc463c12 to remote] DEBUG org.asynchttpclient.netty.request.NettyRequestSender - Using open Channel [id: 0xb083d4ec, L:/127.0.0.1:50937 - R:localhost/127.0.0.1:50685] for GET '/session/fabb2ffb76c94dcf75e21125cc463c12/alert/text'
12:25:32.799 [AsyncHttpClient-1-2] DEBUG org.asynchttpclient.netty.handler.HttpHandler - 

Request DefaultFullHttpRequest(decodeResult: success, version: HTTP/1.1, content: EmptyByteBufBE)
GET /session/fabb2ffb76c94dcf75e21125cc463c12/alert/text HTTP/1.1
User-Agent: selenium/4.4.0 (java windows)
Cache-Control: no-cache
Content-Type: application/json; charset=utf-8
host: localhost:50685
accept: */*

Response DefaultHttpResponse(decodeResult: success, version: HTTP/1.1)
HTTP/1.1 404 Not Found
Content-Type: application/json; charset=utf-8
cache-control: no-cache
content-length: 1045

12:25:32.799 [AsyncHttpClient-1-2] DEBUG org.asynchttpclient.netty.channel.ChannelManager - Adding key: http://localhost:50685 for channel [id: 0xb083d4ec, L:/127.0.0.1:50937 - R:localhost/127.0.0.1:50685]
12:25:32.811 [Forwarding switchToWindow on session fabb2ffb76c94dcf75e21125cc463c12 to remote] DEBUG org.asynchttpclient.netty.request.NettyRequestSender - Using pooled Channel '[id: 0xb083d4ec, L:/127.0.0.1:50937 - R:localhost/127.0.0.1:50685]' for 'POST' to 'http://localhost:50685/session/fabb2ffb76c94dcf75e21125cc463c12/window'
12:25:32.811 [Forwarding switchToWindow on session fabb2ffb76c94dcf75e21125cc463c12 to remote] DEBUG org.asynchttpclient.netty.request.NettyRequestSender - Using open Channel [id: 0xb083d4ec, L:/127.0.0.1:50937 - R:localhost/127.0.0.1:50685] for POST '/session/fabb2ffb76c94dcf75e21125cc463c12/window'
12:25:32.821 [AsyncHttpClient-1-2] DEBUG org.asynchttpclient.netty.handler.HttpHandler - 

Request DefaultHttpRequest(decodeResult: success, version: HTTP/1.1)
POST /session/fabb2ffb76c94dcf75e21125cc463c12/window HTTP/1.1
User-Agent: selenium/4.4.0 (java windows)
Content-Length: 50
Content-Type: application/json; charset=utf-8
host: localhost:50685
accept: */*

Response DefaultHttpResponse(decodeResult: success, version: HTTP/1.1)
HTTP/1.1 200 OK
Content-Type: application/json; charset=utf-8
cache-control: no-cache
content-length: 14

12:25:32.821 [AsyncHttpClient-1-2] DEBUG org.asynchttpclient.netty.channel.ChannelManager - Adding key: http://localhost:50685 for channel [id: 0xb083d4ec, L:/127.0.0.1:50937 - R:localhost/127.0.0.1:50685]
12:25:32.822 [Forwarding getCurrentUrl on session fabb2ffb76c94dcf75e21125cc463c12 to remote] DEBUG org.asynchttpclient.netty.request.NettyRequestSender - Using pooled Channel '[id: 0xb083d4ec, L:/127.0.0.1:50937 - R:localhost/127.0.0.1:50685]' for 'GET' to 'http://localhost:50685/session/fabb2ffb76c94dcf75e21125cc463c12/url'
12:25:32.822 [Forwarding getCurrentUrl on session fabb2ffb76c94dcf75e21125cc463c12 to remote] DEBUG org.asynchttpclient.netty.request.NettyRequestSender - Using open Channel [id: 0xb083d4ec, L:/127.0.0.1:50937 - R:localhost/127.0.0.1:50685] for GET '/session/fabb2ffb76c94dcf75e21125cc463c12/url'
12:25:32.837 [AsyncHttpClient-1-2] DEBUG org.asynchttpclient.netty.handler.HttpHandler - 

Request DefaultFullHttpRequest(decodeResult: success, version: HTTP/1.1, content: EmptyByteBufBE)
GET /session/fabb2ffb76c94dcf75e21125cc463c12/url HTTP/1.1
User-Agent: selenium/4.4.0 (java windows)
Cache-Control: no-cache
Content-Type: application/json; charset=utf-8
host: localhost:50685
accept: */*

Response DefaultHttpResponse(decodeResult: success, version: HTTP/1.1)
HTTP/1.1 200 OK
Content-Type: application/json; charset=utf-8
cache-control: no-cache
content-length: 49

12:25:32.837 [AsyncHttpClient-1-2] DEBUG org.asynchttpclient.netty.channel.ChannelManager - Adding key: http://localhost:50685 for channel [id: 0xb083d4ec, L:/127.0.0.1:50937 - R:localhost/127.0.0.1:50685]
12:25:32.838 [Forwarding screenshot on session fabb2ffb76c94dcf75e21125cc463c12 to remote] DEBUG org.asynchttpclient.netty.request.NettyRequestSender - Using pooled Channel '[id: 0xb083d4ec, L:/127.0.0.1:50937 - R:localhost/127.0.0.1:50685]' for 'GET' to 'http://localhost:50685/session/fabb2ffb76c94dcf75e21125cc463c12/screenshot'
12:25:32.838 [Forwarding screenshot on session fabb2ffb76c94dcf75e21125cc463c12 to remote] DEBUG org.asynchttpclient.netty.request.NettyRequestSender - Using open Channel [id: 0xb083d4ec, L:/127.0.0.1:50937 - R:localhost/127.0.0.1:50685] for GET '/session/fabb2ffb76c94dcf75e21125cc463c12/screenshot'
12:25:33.032 [AsyncHttpClient-1-2] DEBUG org.asynchttpclient.netty.handler.HttpHandler - 

Request DefaultFullHttpRequest(decodeResult: success, version: HTTP/1.1, content: EmptyByteBufBE)
GET /session/fabb2ffb76c94dcf75e21125cc463c12/screenshot HTTP/1.1
User-Agent: selenium/4.4.0 (java windows)
Cache-Control: no-cache
Content-Type: application/json; charset=utf-8
host: localhost:50685
accept: */*

Response DefaultHttpResponse(decodeResult: success, version: HTTP/1.1)
HTTP/1.1 200 OK
Content-Type: application/json; charset=utf-8
cache-control: no-cache
content-length: 664392

12:25:33.034 [AsyncHttpClient-1-2] DEBUG org.asynchttpclient.netty.channel.ChannelManager - Adding key: http://localhost:50685 for channel [id: 0xb083d4ec, L:/127.0.0.1:50937 - R:localhost/127.0.0.1:50685]
12:25:33.065 [Test worker] DEBUG net.serenitybdd.core.photography.Darkroom - Send negative for processing for C:\Users\pcnit\Downloads\TestE2E\target\site\serenity\f09f06bd7b2f3a9a14e7b58525a6579fdb5e69be9fcd371002bc1c7cc0b51f9b.png
12:25:33.078 [Forwarding getPageSource on session fabb2ffb76c94dcf75e21125cc463c12 to remote] DEBUG org.asynchttpclient.netty.request.NettyRequestSender - Using pooled Channel '[id: 0xb083d4ec, L:/127.0.0.1:50937 - R:localhost/127.0.0.1:50685]' for 'POST' to 'http://localhost:50685/session/fabb2ffb76c94dcf75e21125cc463c12/execute/sync'
12:25:33.079 [Forwarding getPageSource on session fabb2ffb76c94dcf75e21125cc463c12 to remote] DEBUG org.asynchttpclient.netty.request.NettyRequestSender - Using open Channel [id: 0xb083d4ec, L:/127.0.0.1:50937 - R:localhost/127.0.0.1:50685] for POST '/session/fabb2ffb76c94dcf75e21125cc463c12/execute/sync'
12:25:33.092 [AsyncHttpClient-1-2] DEBUG org.asynchttpclient.netty.handler.HttpHandler - 

Request DefaultHttpRequest(decodeResult: success, version: HTTP/1.1)
POST /session/fabb2ffb76c94dcf75e21125cc463c12/execute/sync HTTP/1.1
User-Agent: selenium/4.4.0 (java windows)
Content-Length: 176
Content-Type: application/json; charset=utf-8
host: localhost:50685
accept: */*

Response DefaultHttpResponse(decodeResult: success, version: HTTP/1.1)
HTTP/1.1 200 OK
Content-Type: application/json; charset=utf-8
cache-control: no-cache
content-length: 52718

12:25:33.092 [AsyncHttpClient-1-2] DEBUG org.asynchttpclient.netty.channel.ChannelManager - Adding key: http://localhost:50685 for channel [id: 0xb083d4ec, L:/127.0.0.1:50937 - R:localhost/127.0.0.1:50685]
12:25:33.103 [Forwarding getCurrentUrl on session fabb2ffb76c94dcf75e21125cc463c12 to remote] DEBUG org.asynchttpclient.netty.request.NettyRequestSender - Using pooled Channel '[id: 0xb083d4ec, L:/127.0.0.1:50937 - R:localhost/127.0.0.1:50685]' for 'GET' to 'http://localhost:50685/session/fabb2ffb76c94dcf75e21125cc463c12/url'
12:25:33.103 [Forwarding getCurrentUrl on session fabb2ffb76c94dcf75e21125cc463c12 to remote] DEBUG org.asynchttpclient.netty.request.NettyRequestSender - Using open Channel [id: 0xb083d4ec, L:/127.0.0.1:50937 - R:localhost/127.0.0.1:50685] for GET '/session/fabb2ffb76c94dcf75e21125cc463c12/url'
12:25:33.119 [AsyncHttpClient-1-2] DEBUG org.asynchttpclient.netty.handler.HttpHandler - 

Request DefaultFullHttpRequest(decodeResult: success, version: HTTP/1.1, content: EmptyByteBufBE)
GET /session/fabb2ffb76c94dcf75e21125cc463c12/url HTTP/1.1
User-Agent: selenium/4.4.0 (java windows)
Cache-Control: no-cache
Content-Type: application/json; charset=utf-8
host: localhost:50685
accept: */*

Response DefaultHttpResponse(decodeResult: success, version: HTTP/1.1)
HTTP/1.1 200 OK
Content-Type: application/json; charset=utf-8
cache-control: no-cache
content-length: 49

12:25:33.119 [AsyncHttpClient-1-2] DEBUG org.asynchttpclient.netty.channel.ChannelManager - Adding key: http://localhost:50685 for channel [id: 0xb083d4ec, L:/127.0.0.1:50937 - R:localhost/127.0.0.1:50685]
12:25:33.161 [Forwarding getCurrentWindowHandle on session fabb2ffb76c94dcf75e21125cc463c12 to remote] DEBUG org.asynchttpclient.netty.request.NettyRequestSender - Using pooled Channel '[id: 0xb083d4ec, L:/127.0.0.1:50937 - R:localhost/127.0.0.1:50685]' for 'GET' to 'http://localhost:50685/session/fabb2ffb76c94dcf75e21125cc463c12/window'
12:25:33.162 [Forwarding getCurrentWindowHandle on session fabb2ffb76c94dcf75e21125cc463c12 to remote] DEBUG org.asynchttpclient.netty.request.NettyRequestSender - Using open Channel [id: 0xb083d4ec, L:/127.0.0.1:50937 - R:localhost/127.0.0.1:50685] for GET '/session/fabb2ffb76c94dcf75e21125cc463c12/window'
12:25:33.169 [AsyncHttpClient-1-2] DEBUG org.asynchttpclient.netty.handler.HttpHandler - 

Request DefaultFullHttpRequest(decodeResult: success, version: HTTP/1.1, content: EmptyByteBufBE)
GET /session/fabb2ffb76c94dcf75e21125cc463c12/window HTTP/1.1
User-Agent: selenium/4.4.0 (java windows)
Cache-Control: no-cache
Content-Type: application/json; charset=utf-8
host: localhost:50685
accept: */*

Response DefaultHttpResponse(decodeResult: success, version: HTTP/1.1)
HTTP/1.1 200 OK
Content-Type: application/json; charset=utf-8
cache-control: no-cache
content-length: 44

12:25:33.169 [AsyncHttpClient-1-2] DEBUG org.asynchttpclient.netty.channel.ChannelManager - Adding key: http://localhost:50685 for channel [id: 0xb083d4ec, L:/127.0.0.1:50937 - R:localhost/127.0.0.1:50685]
12:25:33.172 [AsyncHttpClient-1-1] DEBUG org.asynchttpclient.netty.channel.DefaultChannelPool - Entry count for : http://localhost:50938 : 1
12:25:33.172 [AsyncHttpClient-1-1] DEBUG org.asynchttpclient.netty.channel.DefaultChannelPool - Entry count for : http://localhost:50685 : 1
12:25:33.180 [Forwarding getAlertText on session fabb2ffb76c94dcf75e21125cc463c12 to remote] DEBUG org.asynchttpclient.netty.request.NettyRequestSender - Using pooled Channel '[id: 0xb083d4ec, L:/127.0.0.1:50937 - R:localhost/127.0.0.1:50685]' for 'GET' to 'http://localhost:50685/session/fabb2ffb76c94dcf75e21125cc463c12/alert/text'
12:25:33.180 [Forwarding getAlertText on session fabb2ffb76c94dcf75e21125cc463c12 to remote] DEBUG org.asynchttpclient.netty.request.NettyRequestSender - Using open Channel [id: 0xb083d4ec, L:/127.0.0.1:50937 - R:localhost/127.0.0.1:50685] for GET '/session/fabb2ffb76c94dcf75e21125cc463c12/alert/text'
12:25:33.187 [AsyncHttpClient-1-2] DEBUG org.asynchttpclient.netty.handler.HttpHandler - 

Request DefaultFullHttpRequest(decodeResult: success, version: HTTP/1.1, content: EmptyByteBufBE)
GET /session/fabb2ffb76c94dcf75e21125cc463c12/alert/text HTTP/1.1
User-Agent: selenium/4.4.0 (java windows)
Cache-Control: no-cache
Content-Type: application/json; charset=utf-8
host: localhost:50685
accept: */*

Response DefaultHttpResponse(decodeResult: success, version: HTTP/1.1)
HTTP/1.1 404 Not Found
Content-Type: application/json; charset=utf-8
cache-control: no-cache
content-length: 1045

12:25:33.188 [AsyncHttpClient-1-2] DEBUG org.asynchttpclient.netty.channel.ChannelManager - Adding key: http://localhost:50685 for channel [id: 0xb083d4ec, L:/127.0.0.1:50937 - R:localhost/127.0.0.1:50685]
12:25:33.201 [Forwarding switchToWindow on session fabb2ffb76c94dcf75e21125cc463c12 to remote] DEBUG org.asynchttpclient.netty.request.NettyRequestSender - Using pooled Channel '[id: 0xb083d4ec, L:/127.0.0.1:50937 - R:localhost/127.0.0.1:50685]' for 'POST' to 'http://localhost:50685/session/fabb2ffb76c94dcf75e21125cc463c12/window'
12:25:33.201 [Forwarding switchToWindow on session fabb2ffb76c94dcf75e21125cc463c12 to remote] DEBUG org.asynchttpclient.netty.request.NettyRequestSender - Using open Channel [id: 0xb083d4ec, L:/127.0.0.1:50937 - R:localhost/127.0.0.1:50685] for POST '/session/fabb2ffb76c94dcf75e21125cc463c12/window'
12:25:33.207 [AsyncHttpClient-1-2] DEBUG org.asynchttpclient.netty.handler.HttpHandler - 

Request DefaultHttpRequest(decodeResult: success, version: HTTP/1.1)
POST /session/fabb2ffb76c94dcf75e21125cc463c12/window HTTP/1.1
User-Agent: selenium/4.4.0 (java windows)
Content-Length: 50
Content-Type: application/json; charset=utf-8
host: localhost:50685
accept: */*

Response DefaultHttpResponse(decodeResult: success, version: HTTP/1.1)
HTTP/1.1 200 OK
Content-Type: application/json; charset=utf-8
cache-control: no-cache
content-length: 14

12:25:33.208 [AsyncHttpClient-1-2] DEBUG org.asynchttpclient.netty.channel.ChannelManager - Adding key: http://localhost:50685 for channel [id: 0xb083d4ec, L:/127.0.0.1:50937 - R:localhost/127.0.0.1:50685]
12:25:33.211 [Forwarding getCurrentUrl on session fabb2ffb76c94dcf75e21125cc463c12 to remote] DEBUG org.asynchttpclient.netty.request.NettyRequestSender - Using pooled Channel '[id: 0xb083d4ec, L:/127.0.0.1:50937 - R:localhost/127.0.0.1:50685]' for 'GET' to 'http://localhost:50685/session/fabb2ffb76c94dcf75e21125cc463c12/url'
12:25:33.211 [Forwarding getCurrentUrl on session fabb2ffb76c94dcf75e21125cc463c12 to remote] DEBUG org.asynchttpclient.netty.request.NettyRequestSender - Using open Channel [id: 0xb083d4ec, L:/127.0.0.1:50937 - R:localhost/127.0.0.1:50685] for GET '/session/fabb2ffb76c94dcf75e21125cc463c12/url'
12:25:33.229 [AsyncHttpClient-1-2] DEBUG org.asynchttpclient.netty.handler.HttpHandler - 

Request DefaultFullHttpRequest(decodeResult: success, version: HTTP/1.1, content: EmptyByteBufBE)
GET /session/fabb2ffb76c94dcf75e21125cc463c12/url HTTP/1.1
User-Agent: selenium/4.4.0 (java windows)
Cache-Control: no-cache
Content-Type: application/json; charset=utf-8
host: localhost:50685
accept: */*

Response DefaultHttpResponse(decodeResult: success, version: HTTP/1.1)
HTTP/1.1 200 OK
Content-Type: application/json; charset=utf-8
cache-control: no-cache
content-length: 49

12:25:33.229 [AsyncHttpClient-1-2] DEBUG org.asynchttpclient.netty.channel.ChannelManager - Adding key: http://localhost:50685 for channel [id: 0xb083d4ec, L:/127.0.0.1:50937 - R:localhost/127.0.0.1:50685]
12:25:33.231 [Forwarding screenshot on session fabb2ffb76c94dcf75e21125cc463c12 to remote] DEBUG org.asynchttpclient.netty.request.NettyRequestSender - Using pooled Channel '[id: 0xb083d4ec, L:/127.0.0.1:50937 - R:localhost/127.0.0.1:50685]' for 'GET' to 'http://localhost:50685/session/fabb2ffb76c94dcf75e21125cc463c12/screenshot'
12:25:33.231 [Forwarding screenshot on session fabb2ffb76c94dcf75e21125cc463c12 to remote] DEBUG org.asynchttpclient.netty.request.NettyRequestSender - Using open Channel [id: 0xb083d4ec, L:/127.0.0.1:50937 - R:localhost/127.0.0.1:50685] for GET '/session/fabb2ffb76c94dcf75e21125cc463c12/screenshot'
12:25:33.400 [AsyncHttpClient-1-2] DEBUG org.asynchttpclient.netty.handler.HttpHandler - 

Request DefaultFullHttpRequest(decodeResult: success, version: HTTP/1.1, content: EmptyByteBufBE)
GET /session/fabb2ffb76c94dcf75e21125cc463c12/screenshot HTTP/1.1
User-Agent: selenium/4.4.0 (java windows)
Cache-Control: no-cache
Content-Type: application/json; charset=utf-8
host: localhost:50685
accept: */*

Response DefaultHttpResponse(decodeResult: success, version: HTTP/1.1)
HTTP/1.1 200 OK
Content-Type: application/json; charset=utf-8
cache-control: no-cache
content-length: 515036

12:25:33.423 [AsyncHttpClient-1-2] DEBUG org.asynchttpclient.netty.channel.ChannelManager - Adding key: http://localhost:50685 for channel [id: 0xb083d4ec, L:/127.0.0.1:50937 - R:localhost/127.0.0.1:50685]
12:25:33.438 [Test worker] DEBUG net.serenitybdd.core.photography.Darkroom - Send negative for processing for C:\Users\pcnit\Downloads\TestE2E\target\site\serenity\c95369b865b64597f5720696cc21972063c301748f05309ec88e81e968a32f5f.png
12:25:33.438 [Test worker] DEBUG net.thucydides.core.steps.StepInterceptor - STEP DONE: {0} clicks on #target
12:25:33.449 [Test worker] DEBUG net.serenitybdd.screenplay.targets.IFrameSwitcher - default content already selected for selecciona EL PRODUCTO
12:25:33.460 [Forwarding getCurrentUrl on session fabb2ffb76c94dcf75e21125cc463c12 to remote] DEBUG org.asynchttpclient.netty.request.NettyRequestSender - Using pooled Channel '[id: 0xb083d4ec, L:/127.0.0.1:50937 - R:localhost/127.0.0.1:50685]' for 'GET' to 'http://localhost:50685/session/fabb2ffb76c94dcf75e21125cc463c12/url'
12:25:33.460 [Forwarding getCurrentUrl on session fabb2ffb76c94dcf75e21125cc463c12 to remote] DEBUG org.asynchttpclient.netty.request.NettyRequestSender - Using open Channel [id: 0xb083d4ec, L:/127.0.0.1:50937 - R:localhost/127.0.0.1:50685] for GET '/session/fabb2ffb76c94dcf75e21125cc463c12/url'
12:25:33.471 [AsyncHttpClient-1-2] DEBUG org.asynchttpclient.netty.handler.HttpHandler - 

Request DefaultFullHttpRequest(decodeResult: success, version: HTTP/1.1, content: EmptyByteBufBE)
GET /session/fabb2ffb76c94dcf75e21125cc463c12/url HTTP/1.1
User-Agent: selenium/4.4.0 (java windows)
Cache-Control: no-cache
Content-Type: application/json; charset=utf-8
host: localhost:50685
accept: */*

Response DefaultHttpResponse(decodeResult: success, version: HTTP/1.1)
HTTP/1.1 200 OK
Content-Type: application/json; charset=utf-8
cache-control: no-cache
content-length: 49

12:25:33.472 [AsyncHttpClient-1-2] DEBUG org.asynchttpclient.netty.channel.ChannelManager - Adding key: http://localhost:50685 for channel [id: 0xb083d4ec, L:/127.0.0.1:50937 - R:localhost/127.0.0.1:50685]
12:25:33.497 [Forwarding findElement on session fabb2ffb76c94dcf75e21125cc463c12 to remote] DEBUG org.asynchttpclient.netty.request.NettyRequestSender - Using pooled Channel '[id: 0xb083d4ec, L:/127.0.0.1:50937 - R:localhost/127.0.0.1:50685]' for 'POST' to 'http://localhost:50685/session/fabb2ffb76c94dcf75e21125cc463c12/element'
12:25:33.497 [Forwarding findElement on session fabb2ffb76c94dcf75e21125cc463c12 to remote] DEBUG org.asynchttpclient.netty.request.NettyRequestSender - Using open Channel [id: 0xb083d4ec, L:/127.0.0.1:50937 - R:localhost/127.0.0.1:50685] for POST '/session/fabb2ffb76c94dcf75e21125cc463c12/element'
12:25:33.509 [AsyncHttpClient-1-2] DEBUG org.asynchttpclient.netty.handler.HttpHandler - 

Request DefaultHttpRequest(decodeResult: success, version: HTTP/1.1)
POST /session/fabb2ffb76c94dcf75e21125cc463c12/element HTTP/1.1
User-Agent: selenium/4.4.0 (java windows)
Content-Length: 112
Content-Type: application/json; charset=utf-8
host: localhost:50685
accept: */*

Response DefaultHttpResponse(decodeResult: success, version: HTTP/1.1)
HTTP/1.1 200 OK
Content-Type: application/json; charset=utf-8
cache-control: no-cache
content-length: 127

12:25:33.509 [AsyncHttpClient-1-2] DEBUG org.asynchttpclient.netty.channel.ChannelManager - Adding key: http://localhost:50685 for channel [id: 0xb083d4ec, L:/127.0.0.1:50937 - R:localhost/127.0.0.1:50685]
12:25:33.521 [Forwarding executeScript on session fabb2ffb76c94dcf75e21125cc463c12 to remote] DEBUG org.asynchttpclient.netty.request.NettyRequestSender - Using pooled Channel '[id: 0xb083d4ec, L:/127.0.0.1:50937 - R:localhost/127.0.0.1:50685]' for 'POST' to 'http://localhost:50685/session/fabb2ffb76c94dcf75e21125cc463c12/execute/sync'
12:25:33.521 [Forwarding executeScript on session fabb2ffb76c94dcf75e21125cc463c12 to remote] DEBUG org.asynchttpclient.netty.request.NettyRequestSender - Using open Channel [id: 0xb083d4ec, L:/127.0.0.1:50937 - R:localhost/127.0.0.1:50685] for POST '/session/fabb2ffb76c94dcf75e21125cc463c12/execute/sync'
12:25:33.542 [AsyncHttpClient-1-2] DEBUG org.asynchttpclient.netty.handler.HttpHandler - 

Request DefaultHttpRequest(decodeResult: success, version: HTTP/1.1)
POST /session/fabb2ffb76c94dcf75e21125cc463c12/execute/sync HTTP/1.1
User-Agent: selenium/4.4.0 (java windows)
Content-Length: 318
Content-Type: application/json; charset=utf-8
host: localhost:50685
accept: */*

Response DefaultHttpResponse(decodeResult: success, version: HTTP/1.1)
HTTP/1.1 200 OK
Content-Type: application/json; charset=utf-8
cache-control: no-cache
content-length: 14

12:25:33.543 [AsyncHttpClient-1-2] DEBUG org.asynchttpclient.netty.channel.ChannelManager - Adding key: http://localhost:50685 for channel [id: 0xb083d4ec, L:/127.0.0.1:50937 - R:localhost/127.0.0.1:50685]
12:25:33.579 [Test worker] DEBUG net.serenitybdd.screenplay.targets.IFrameSwitcher - default content already selected for selecciona EL PRODUCTO
12:25:33.590 [Forwarding findElements on session fabb2ffb76c94dcf75e21125cc463c12 to remote] DEBUG org.asynchttpclient.netty.request.NettyRequestSender - Using pooled Channel '[id: 0xb083d4ec, L:/127.0.0.1:50937 - R:localhost/127.0.0.1:50685]' for 'POST' to 'http://localhost:50685/session/fabb2ffb76c94dcf75e21125cc463c12/elements'
12:25:33.590 [Forwarding findElements on session fabb2ffb76c94dcf75e21125cc463c12 to remote] DEBUG org.asynchttpclient.netty.request.NettyRequestSender - Using open Channel [id: 0xb083d4ec, L:/127.0.0.1:50937 - R:localhost/127.0.0.1:50685] for POST '/session/fabb2ffb76c94dcf75e21125cc463c12/elements'
12:25:33.606 [AsyncHttpClient-1-2] DEBUG org.asynchttpclient.netty.handler.HttpHandler - 

Request DefaultHttpRequest(decodeResult: success, version: HTTP/1.1)
POST /session/fabb2ffb76c94dcf75e21125cc463c12/elements HTTP/1.1
User-Agent: selenium/4.4.0 (java windows)
Content-Length: 112
Content-Type: application/json; charset=utf-8
host: localhost:50685
accept: */*

Response DefaultHttpResponse(decodeResult: success, version: HTTP/1.1)
HTTP/1.1 200 OK
Content-Type: application/json; charset=utf-8
cache-control: no-cache
content-length: 129

12:25:33.606 [AsyncHttpClient-1-2] DEBUG org.asynchttpclient.netty.channel.ChannelManager - Adding key: http://localhost:50685 for channel [id: 0xb083d4ec, L:/127.0.0.1:50937 - R:localhost/127.0.0.1:50685]
12:25:33.636 [Forwarding isElementEnabled on session fabb2ffb76c94dcf75e21125cc463c12 to remote] DEBUG org.asynchttpclient.netty.request.NettyRequestSender - Using pooled Channel '[id: 0xb083d4ec, L:/127.0.0.1:50937 - R:localhost/127.0.0.1:50685]' for 'GET' to 'http://localhost:50685/session/fabb2ffb76c94dcf75e21125cc463c12/element/f.7E9A709675F02E7E9E4ECE1EF325ABA8.d.542FC9E2D921CE520158033C66727D31.e.292/enabled'
12:25:33.636 [Forwarding isElementEnabled on session fabb2ffb76c94dcf75e21125cc463c12 to remote] DEBUG org.asynchttpclient.netty.request.NettyRequestSender - Using open Channel [id: 0xb083d4ec, L:/127.0.0.1:50937 - R:localhost/127.0.0.1:50685] for GET '/session/fabb2ffb76c94dcf75e21125cc463c12/element/f.7E9A709675F02E7E9E4ECE1EF325ABA8.d.542FC9E2D921CE520158033C66727D31.e.292/enabled'
12:25:33.653 [AsyncHttpClient-1-2] DEBUG org.asynchttpclient.netty.handler.HttpHandler - 

Request DefaultFullHttpRequest(decodeResult: success, version: HTTP/1.1, content: EmptyByteBufBE)
GET /session/fabb2ffb76c94dcf75e21125cc463c12/element/f.7E9A709675F02E7E9E4ECE1EF325ABA8.d.542FC9E2D921CE520158033C66727D31.e.292/enabled HTTP/1.1
User-Agent: selenium/4.4.0 (java windows)
Cache-Control: no-cache
Content-Type: application/json; charset=utf-8
host: localhost:50685
accept: */*

Response DefaultHttpResponse(decodeResult: success, version: HTTP/1.1)
HTTP/1.1 200 OK
Content-Type: application/json; charset=utf-8
cache-control: no-cache
content-length: 14

12:25:33.653 [AsyncHttpClient-1-2] DEBUG org.asynchttpclient.netty.channel.ChannelManager - Adding key: http://localhost:50685 for channel [id: 0xb083d4ec, L:/127.0.0.1:50937 - R:localhost/127.0.0.1:50685]
12:25:33.662 [Forwarding isElementEnabled on session fabb2ffb76c94dcf75e21125cc463c12 to remote] DEBUG org.asynchttpclient.netty.request.NettyRequestSender - Using pooled Channel '[id: 0xb083d4ec, L:/127.0.0.1:50937 - R:localhost/127.0.0.1:50685]' for 'GET' to 'http://localhost:50685/session/fabb2ffb76c94dcf75e21125cc463c12/element/f.7E9A709675F02E7E9E4ECE1EF325ABA8.d.542FC9E2D921CE520158033C66727D31.e.292/enabled'
12:25:33.664 [Forwarding isElementEnabled on session fabb2ffb76c94dcf75e21125cc463c12 to remote] DEBUG org.asynchttpclient.netty.request.NettyRequestSender - Using open Channel [id: 0xb083d4ec, L:/127.0.0.1:50937 - R:localhost/127.0.0.1:50685] for GET '/session/fabb2ffb76c94dcf75e21125cc463c12/element/f.7E9A709675F02E7E9E4ECE1EF325ABA8.d.542FC9E2D921CE520158033C66727D31.e.292/enabled'
12:25:33.681 [AsyncHttpClient-1-2] DEBUG org.asynchttpclient.netty.handler.HttpHandler - 

Request DefaultFullHttpRequest(decodeResult: success, version: HTTP/1.1, content: EmptyByteBufBE)
GET /session/fabb2ffb76c94dcf75e21125cc463c12/element/f.7E9A709675F02E7E9E4ECE1EF325ABA8.d.542FC9E2D921CE520158033C66727D31.e.292/enabled HTTP/1.1
User-Agent: selenium/4.4.0 (java windows)
Cache-Control: no-cache
Content-Type: application/json; charset=utf-8
host: localhost:50685
accept: */*

Response DefaultHttpResponse(decodeResult: success, version: HTTP/1.1)
HTTP/1.1 200 OK
Content-Type: application/json; charset=utf-8
cache-control: no-cache
content-length: 14

12:25:33.681 [AsyncHttpClient-1-2] DEBUG org.asynchttpclient.netty.channel.ChannelManager - Adding key: http://localhost:50685 for channel [id: 0xb083d4ec, L:/127.0.0.1:50937 - R:localhost/127.0.0.1:50685]
12:25:33.743 [Forwarding getCurrentWindowHandle on session fabb2ffb76c94dcf75e21125cc463c12 to remote] DEBUG org.asynchttpclient.netty.request.NettyRequestSender - Using pooled Channel '[id: 0xb083d4ec, L:/127.0.0.1:50937 - R:localhost/127.0.0.1:50685]' for 'GET' to 'http://localhost:50685/session/fabb2ffb76c94dcf75e21125cc463c12/window'
12:25:33.744 [Forwarding getCurrentWindowHandle on session fabb2ffb76c94dcf75e21125cc463c12 to remote] DEBUG org.asynchttpclient.netty.request.NettyRequestSender - Using open Channel [id: 0xb083d4ec, L:/127.0.0.1:50937 - R:localhost/127.0.0.1:50685] for GET '/session/fabb2ffb76c94dcf75e21125cc463c12/window'
12:25:33.754 [AsyncHttpClient-1-2] DEBUG org.asynchttpclient.netty.handler.HttpHandler - 

Request DefaultFullHttpRequest(decodeResult: success, version: HTTP/1.1, content: EmptyByteBufBE)
GET /session/fabb2ffb76c94dcf75e21125cc463c12/window HTTP/1.1
User-Agent: selenium/4.4.0 (java windows)
Cache-Control: no-cache
Content-Type: application/json; charset=utf-8
host: localhost:50685
accept: */*

Response DefaultHttpResponse(decodeResult: success, version: HTTP/1.1)
HTTP/1.1 200 OK
Content-Type: application/json; charset=utf-8
cache-control: no-cache
content-length: 44

12:25:33.754 [AsyncHttpClient-1-2] DEBUG org.asynchttpclient.netty.channel.ChannelManager - Adding key: http://localhost:50685 for channel [id: 0xb083d4ec, L:/127.0.0.1:50937 - R:localhost/127.0.0.1:50685]
12:25:33.766 [Forwarding getAlertText on session fabb2ffb76c94dcf75e21125cc463c12 to remote] DEBUG org.asynchttpclient.netty.request.NettyRequestSender - Using pooled Channel '[id: 0xb083d4ec, L:/127.0.0.1:50937 - R:localhost/127.0.0.1:50685]' for 'GET' to 'http://localhost:50685/session/fabb2ffb76c94dcf75e21125cc463c12/alert/text'
12:25:33.766 [Forwarding getAlertText on session fabb2ffb76c94dcf75e21125cc463c12 to remote] DEBUG org.asynchttpclient.netty.request.NettyRequestSender - Using open Channel [id: 0xb083d4ec, L:/127.0.0.1:50937 - R:localhost/127.0.0.1:50685] for GET '/session/fabb2ffb76c94dcf75e21125cc463c12/alert/text'
12:25:33.776 [AsyncHttpClient-1-2] DEBUG org.asynchttpclient.netty.handler.HttpHandler - 

Request DefaultFullHttpRequest(decodeResult: success, version: HTTP/1.1, content: EmptyByteBufBE)
GET /session/fabb2ffb76c94dcf75e21125cc463c12/alert/text HTTP/1.1
User-Agent: selenium/4.4.0 (java windows)
Cache-Control: no-cache
Content-Type: application/json; charset=utf-8
host: localhost:50685
accept: */*

Response DefaultHttpResponse(decodeResult: success, version: HTTP/1.1)
HTTP/1.1 404 Not Found
Content-Type: application/json; charset=utf-8
cache-control: no-cache
content-length: 1045

12:25:33.776 [AsyncHttpClient-1-2] DEBUG org.asynchttpclient.netty.channel.ChannelManager - Adding key: http://localhost:50685 for channel [id: 0xb083d4ec, L:/127.0.0.1:50937 - R:localhost/127.0.0.1:50685]
12:25:33.790 [Forwarding switchToWindow on session fabb2ffb76c94dcf75e21125cc463c12 to remote] DEBUG org.asynchttpclient.netty.request.NettyRequestSender - Using pooled Channel '[id: 0xb083d4ec, L:/127.0.0.1:50937 - R:localhost/127.0.0.1:50685]' for 'POST' to 'http://localhost:50685/session/fabb2ffb76c94dcf75e21125cc463c12/window'
12:25:33.791 [Forwarding switchToWindow on session fabb2ffb76c94dcf75e21125cc463c12 to remote] DEBUG org.asynchttpclient.netty.request.NettyRequestSender - Using open Channel [id: 0xb083d4ec, L:/127.0.0.1:50937 - R:localhost/127.0.0.1:50685] for POST '/session/fabb2ffb76c94dcf75e21125cc463c12/window'
12:25:33.797 [AsyncHttpClient-1-2] DEBUG org.asynchttpclient.netty.handler.HttpHandler - 

Request DefaultHttpRequest(decodeResult: success, version: HTTP/1.1)
POST /session/fabb2ffb76c94dcf75e21125cc463c12/window HTTP/1.1
User-Agent: selenium/4.4.0 (java windows)
Content-Length: 50
Content-Type: application/json; charset=utf-8
host: localhost:50685
accept: */*

Response DefaultHttpResponse(decodeResult: success, version: HTTP/1.1)
HTTP/1.1 200 OK
Content-Type: application/json; charset=utf-8
cache-control: no-cache
content-length: 14

12:25:33.797 [AsyncHttpClient-1-2] DEBUG org.asynchttpclient.netty.channel.ChannelManager - Adding key: http://localhost:50685 for channel [id: 0xb083d4ec, L:/127.0.0.1:50937 - R:localhost/127.0.0.1:50685]
12:25:33.798 [Forwarding getCurrentUrl on session fabb2ffb76c94dcf75e21125cc463c12 to remote] DEBUG org.asynchttpclient.netty.request.NettyRequestSender - Using pooled Channel '[id: 0xb083d4ec, L:/127.0.0.1:50937 - R:localhost/127.0.0.1:50685]' for 'GET' to 'http://localhost:50685/session/fabb2ffb76c94dcf75e21125cc463c12/url'
12:25:33.798 [Forwarding getCurrentUrl on session fabb2ffb76c94dcf75e21125cc463c12 to remote] DEBUG org.asynchttpclient.netty.request.NettyRequestSender - Using open Channel [id: 0xb083d4ec, L:/127.0.0.1:50937 - R:localhost/127.0.0.1:50685] for GET '/session/fabb2ffb76c94dcf75e21125cc463c12/url'
12:25:33.816 [AsyncHttpClient-1-2] DEBUG org.asynchttpclient.netty.handler.HttpHandler - 

Request DefaultFullHttpRequest(decodeResult: success, version: HTTP/1.1, content: EmptyByteBufBE)
GET /session/fabb2ffb76c94dcf75e21125cc463c12/url HTTP/1.1
User-Agent: selenium/4.4.0 (java windows)
Cache-Control: no-cache
Content-Type: application/json; charset=utf-8
host: localhost:50685
accept: */*

Response DefaultHttpResponse(decodeResult: success, version: HTTP/1.1)
HTTP/1.1 200 OK
Content-Type: application/json; charset=utf-8
cache-control: no-cache
content-length: 49

12:25:33.816 [AsyncHttpClient-1-2] DEBUG org.asynchttpclient.netty.channel.ChannelManager - Adding key: http://localhost:50685 for channel [id: 0xb083d4ec, L:/127.0.0.1:50937 - R:localhost/127.0.0.1:50685]
12:25:33.818 [Forwarding screenshot on session fabb2ffb76c94dcf75e21125cc463c12 to remote] DEBUG org.asynchttpclient.netty.request.NettyRequestSender - Using pooled Channel '[id: 0xb083d4ec, L:/127.0.0.1:50937 - R:localhost/127.0.0.1:50685]' for 'GET' to 'http://localhost:50685/session/fabb2ffb76c94dcf75e21125cc463c12/screenshot'
12:25:33.818 [Forwarding screenshot on session fabb2ffb76c94dcf75e21125cc463c12 to remote] DEBUG org.asynchttpclient.netty.request.NettyRequestSender - Using open Channel [id: 0xb083d4ec, L:/127.0.0.1:50937 - R:localhost/127.0.0.1:50685] for GET '/session/fabb2ffb76c94dcf75e21125cc463c12/screenshot'
12:25:33.993 [AsyncHttpClient-1-2] DEBUG org.asynchttpclient.netty.handler.HttpHandler - 

Request DefaultFullHttpRequest(decodeResult: success, version: HTTP/1.1, content: EmptyByteBufBE)
GET /session/fabb2ffb76c94dcf75e21125cc463c12/screenshot HTTP/1.1
User-Agent: selenium/4.4.0 (java windows)
Cache-Control: no-cache
Content-Type: application/json; charset=utf-8
host: localhost:50685
accept: */*

Response DefaultHttpResponse(decodeResult: success, version: HTTP/1.1)
HTTP/1.1 200 OK
Content-Type: application/json; charset=utf-8
cache-control: no-cache
content-length: 487420

12:25:33.993 [AsyncHttpClient-1-2] DEBUG org.asynchttpclient.netty.channel.ChannelManager - Adding key: http://localhost:50685 for channel [id: 0xb083d4ec, L:/127.0.0.1:50937 - R:localhost/127.0.0.1:50685]
12:25:34.003 [Test worker] DEBUG net.serenitybdd.core.photography.Darkroom - Send negative for processing for C:\Users\pcnit\Downloads\TestE2E\target\site\serenity\bca90077828de234bc18c64ef98cb611460bbb3cc1a74ab694ac10f1bd7bab75.png
12:25:34.007 [Forwarding getPageSource on session fabb2ffb76c94dcf75e21125cc463c12 to remote] DEBUG org.asynchttpclient.netty.request.NettyRequestSender - Using pooled Channel '[id: 0xb083d4ec, L:/127.0.0.1:50937 - R:localhost/127.0.0.1:50685]' for 'POST' to 'http://localhost:50685/session/fabb2ffb76c94dcf75e21125cc463c12/execute/sync'
12:25:34.007 [Forwarding getPageSource on session fabb2ffb76c94dcf75e21125cc463c12 to remote] DEBUG org.asynchttpclient.netty.request.NettyRequestSender - Using open Channel [id: 0xb083d4ec, L:/127.0.0.1:50937 - R:localhost/127.0.0.1:50685] for POST '/session/fabb2ffb76c94dcf75e21125cc463c12/execute/sync'
12:25:34.023 [AsyncHttpClient-1-2] DEBUG org.asynchttpclient.netty.handler.HttpHandler - 

Request DefaultHttpRequest(decodeResult: success, version: HTTP/1.1)
POST /session/fabb2ffb76c94dcf75e21125cc463c12/execute/sync HTTP/1.1
User-Agent: selenium/4.4.0 (java windows)
Content-Length: 176
Content-Type: application/json; charset=utf-8
host: localhost:50685
accept: */*

Response DefaultHttpResponse(decodeResult: success, version: HTTP/1.1)
HTTP/1.1 200 OK
Content-Type: application/json; charset=utf-8
cache-control: no-cache
content-length: 52718

12:25:34.024 [AsyncHttpClient-1-2] DEBUG org.asynchttpclient.netty.channel.ChannelManager - Adding key: http://localhost:50685 for channel [id: 0xb083d4ec, L:/127.0.0.1:50937 - R:localhost/127.0.0.1:50685]
12:25:34.027 [Forwarding getCurrentUrl on session fabb2ffb76c94dcf75e21125cc463c12 to remote] DEBUG org.asynchttpclient.netty.request.NettyRequestSender - Using pooled Channel '[id: 0xb083d4ec, L:/127.0.0.1:50937 - R:localhost/127.0.0.1:50685]' for 'GET' to 'http://localhost:50685/session/fabb2ffb76c94dcf75e21125cc463c12/url'
12:25:34.027 [Forwarding getCurrentUrl on session fabb2ffb76c94dcf75e21125cc463c12 to remote] DEBUG org.asynchttpclient.netty.request.NettyRequestSender - Using open Channel [id: 0xb083d4ec, L:/127.0.0.1:50937 - R:localhost/127.0.0.1:50685] for GET '/session/fabb2ffb76c94dcf75e21125cc463c12/url'
12:25:34.086 [AsyncHttpClient-1-2] DEBUG org.asynchttpclient.netty.handler.HttpHandler - 

Request DefaultFullHttpRequest(decodeResult: success, version: HTTP/1.1, content: EmptyByteBufBE)
GET /session/fabb2ffb76c94dcf75e21125cc463c12/url HTTP/1.1
User-Agent: selenium/4.4.0 (java windows)
Cache-Control: no-cache
Content-Type: application/json; charset=utf-8
host: localhost:50685
accept: */*

Response DefaultHttpResponse(decodeResult: success, version: HTTP/1.1)
HTTP/1.1 200 OK
Content-Type: application/json; charset=utf-8
cache-control: no-cache
content-length: 49

12:25:34.086 [AsyncHttpClient-1-2] DEBUG org.asynchttpclient.netty.channel.ChannelManager - Adding key: http://localhost:50685 for channel [id: 0xb083d4ec, L:/127.0.0.1:50937 - R:localhost/127.0.0.1:50685]
12:25:34.088 [Test worker] DEBUG net.thucydides.core.steps.StepInterceptor - STARTING STEP: Product.performAs - {0} clicks on #target
12:25:34.089 [Test worker] DEBUG net.serenitybdd.screenplay.targets.IFrameSwitcher - default content already selected for selecciona EL PRODUCTO
12:25:34.149 [Forwarding findElement on session fabb2ffb76c94dcf75e21125cc463c12 to remote] DEBUG org.asynchttpclient.netty.request.NettyRequestSender - Using pooled Channel '[id: 0xb083d4ec, L:/127.0.0.1:50937 - R:localhost/127.0.0.1:50685]' for 'POST' to 'http://localhost:50685/session/fabb2ffb76c94dcf75e21125cc463c12/element'
12:25:34.151 [Forwarding findElement on session fabb2ffb76c94dcf75e21125cc463c12 to remote] DEBUG org.asynchttpclient.netty.request.NettyRequestSender - Using open Channel [id: 0xb083d4ec, L:/127.0.0.1:50937 - R:localhost/127.0.0.1:50685] for POST '/session/fabb2ffb76c94dcf75e21125cc463c12/element'
12:25:34.164 [AsyncHttpClient-1-2] DEBUG org.asynchttpclient.netty.handler.HttpHandler - 

Request DefaultHttpRequest(decodeResult: success, version: HTTP/1.1)
POST /session/fabb2ffb76c94dcf75e21125cc463c12/element HTTP/1.1
User-Agent: selenium/4.4.0 (java windows)
Content-Length: 112
Content-Type: application/json; charset=utf-8
host: localhost:50685
accept: */*

Response DefaultHttpResponse(decodeResult: success, version: HTTP/1.1)
HTTP/1.1 200 OK
Content-Type: application/json; charset=utf-8
cache-control: no-cache
content-length: 127

12:25:34.164 [AsyncHttpClient-1-2] DEBUG org.asynchttpclient.netty.channel.ChannelManager - Adding key: http://localhost:50685 for channel [id: 0xb083d4ec, L:/127.0.0.1:50937 - R:localhost/127.0.0.1:50685]
12:25:34.180 [Forwarding isElementDisplayed on session fabb2ffb76c94dcf75e21125cc463c12 to remote] DEBUG org.asynchttpclient.netty.request.NettyRequestSender - Using pooled Channel '[id: 0xb083d4ec, L:/127.0.0.1:50937 - R:localhost/127.0.0.1:50685]' for 'POST' to 'http://localhost:50685/session/fabb2ffb76c94dcf75e21125cc463c12/execute/sync'
12:25:34.181 [Forwarding isElementDisplayed on session fabb2ffb76c94dcf75e21125cc463c12 to remote] DEBUG org.asynchttpclient.netty.request.NettyRequestSender - Using open Channel [id: 0xb083d4ec, L:/127.0.0.1:50937 - R:localhost/127.0.0.1:50685] for POST '/session/fabb2ffb76c94dcf75e21125cc463c12/execute/sync'
12:25:34.198 [AsyncHttpClient-1-2] DEBUG org.asynchttpclient.netty.handler.HttpHandler - 

Request DefaultHttpRequest(decodeResult: success, version: HTTP/1.1)
POST /session/fabb2ffb76c94dcf75e21125cc463c12/execute/sync HTTP/1.1
User-Agent: selenium/4.4.0 (java windows)
Content-Length: 48819
Content-Type: application/json; charset=utf-8
host: localhost:50685
accept: */*

Response DefaultHttpResponse(decodeResult: success, version: HTTP/1.1)
HTTP/1.1 200 OK
Content-Type: application/json; charset=utf-8
cache-control: no-cache
content-length: 14

12:25:34.199 [AsyncHttpClient-1-2] DEBUG org.asynchttpclient.netty.channel.ChannelManager - Adding key: http://localhost:50685 for channel [id: 0xb083d4ec, L:/127.0.0.1:50937 - R:localhost/127.0.0.1:50685]
12:25:34.235 [Forwarding findElement on session fabb2ffb76c94dcf75e21125cc463c12 to remote] DEBUG org.asynchttpclient.netty.request.NettyRequestSender - Using pooled Channel '[id: 0xb083d4ec, L:/127.0.0.1:50937 - R:localhost/127.0.0.1:50685]' for 'POST' to 'http://localhost:50685/session/fabb2ffb76c94dcf75e21125cc463c12/element'
12:25:34.236 [Forwarding findElement on session fabb2ffb76c94dcf75e21125cc463c12 to remote] DEBUG org.asynchttpclient.netty.request.NettyRequestSender - Using open Channel [id: 0xb083d4ec, L:/127.0.0.1:50937 - R:localhost/127.0.0.1:50685] for POST '/session/fabb2ffb76c94dcf75e21125cc463c12/element'
12:25:34.251 [AsyncHttpClient-1-2] DEBUG org.asynchttpclient.netty.handler.HttpHandler - 

Request DefaultHttpRequest(decodeResult: success, version: HTTP/1.1)
POST /session/fabb2ffb76c94dcf75e21125cc463c12/element HTTP/1.1
User-Agent: selenium/4.4.0 (java windows)
Content-Length: 112
Content-Type: application/json; charset=utf-8
host: localhost:50685
accept: */*

Response DefaultHttpResponse(decodeResult: success, version: HTTP/1.1)
HTTP/1.1 200 OK
Content-Type: application/json; charset=utf-8
cache-control: no-cache
content-length: 127

12:25:34.251 [AsyncHttpClient-1-2] DEBUG org.asynchttpclient.netty.channel.ChannelManager - Adding key: http://localhost:50685 for channel [id: 0xb083d4ec, L:/127.0.0.1:50937 - R:localhost/127.0.0.1:50685]
12:25:34.254 [Forwarding clickElement on session fabb2ffb76c94dcf75e21125cc463c12 to remote] DEBUG org.asynchttpclient.netty.request.NettyRequestSender - Using pooled Channel '[id: 0xb083d4ec, L:/127.0.0.1:50937 - R:localhost/127.0.0.1:50685]' for 'POST' to 'http://localhost:50685/session/fabb2ffb76c94dcf75e21125cc463c12/element/f.7E9A709675F02E7E9E4ECE1EF325ABA8.d.542FC9E2D921CE520158033C66727D31.e.292/click'
12:25:34.254 [Forwarding clickElement on session fabb2ffb76c94dcf75e21125cc463c12 to remote] DEBUG org.asynchttpclient.netty.request.NettyRequestSender - Using open Channel [id: 0xb083d4ec, L:/127.0.0.1:50937 - R:localhost/127.0.0.1:50685] for POST '/session/fabb2ffb76c94dcf75e21125cc463c12/element/f.7E9A709675F02E7E9E4ECE1EF325ABA8.d.542FC9E2D921CE520158033C66727D31.e.292/click'
12:25:34.276 [AsyncHttpClient-1-1] DEBUG org.asynchttpclient.netty.channel.DefaultChannelPool - Entry count for : http://localhost:50938 : 1
12:25:34.677 [AsyncHttpClient-1-2] DEBUG org.asynchttpclient.netty.handler.HttpHandler - 

Request DefaultHttpRequest(decodeResult: success, version: HTTP/1.1)
POST /session/fabb2ffb76c94dcf75e21125cc463c12/element/f.7E9A709675F02E7E9E4ECE1EF325ABA8.d.542FC9E2D921CE520158033C66727D31.e.292/click HTTP/1.1
User-Agent: selenium/4.4.0 (java windows)
Content-Length: 89
Content-Type: application/json; charset=utf-8
host: localhost:50685
accept: */*

Response DefaultHttpResponse(decodeResult: success, version: HTTP/1.1)
HTTP/1.1 200 OK
Content-Type: application/json; charset=utf-8
cache-control: no-cache
content-length: 14

12:25:34.677 [AsyncHttpClient-1-2] DEBUG org.asynchttpclient.netty.channel.ChannelManager - Adding key: http://localhost:50685 for channel [id: 0xb083d4ec, L:/127.0.0.1:50937 - R:localhost/127.0.0.1:50685]
12:25:34.714 [Forwarding getCurrentWindowHandle on session fabb2ffb76c94dcf75e21125cc463c12 to remote] DEBUG org.asynchttpclient.netty.request.NettyRequestSender - Using pooled Channel '[id: 0xb083d4ec, L:/127.0.0.1:50937 - R:localhost/127.0.0.1:50685]' for 'GET' to 'http://localhost:50685/session/fabb2ffb76c94dcf75e21125cc463c12/window'
12:25:34.714 [Forwarding getCurrentWindowHandle on session fabb2ffb76c94dcf75e21125cc463c12 to remote] DEBUG org.asynchttpclient.netty.request.NettyRequestSender - Using open Channel [id: 0xb083d4ec, L:/127.0.0.1:50937 - R:localhost/127.0.0.1:50685] for GET '/session/fabb2ffb76c94dcf75e21125cc463c12/window'
12:25:34.722 [AsyncHttpClient-1-2] DEBUG org.asynchttpclient.netty.handler.HttpHandler - 

Request DefaultFullHttpRequest(decodeResult: success, version: HTTP/1.1, content: EmptyByteBufBE)
GET /session/fabb2ffb76c94dcf75e21125cc463c12/window HTTP/1.1
User-Agent: selenium/4.4.0 (java windows)
Cache-Control: no-cache
Content-Type: application/json; charset=utf-8
host: localhost:50685
accept: */*

Response DefaultHttpResponse(decodeResult: success, version: HTTP/1.1)
HTTP/1.1 200 OK
Content-Type: application/json; charset=utf-8
cache-control: no-cache
content-length: 44

12:25:34.722 [AsyncHttpClient-1-2] DEBUG org.asynchttpclient.netty.channel.ChannelManager - Adding key: http://localhost:50685 for channel [id: 0xb083d4ec, L:/127.0.0.1:50937 - R:localhost/127.0.0.1:50685]
12:25:34.733 [Forwarding getAlertText on session fabb2ffb76c94dcf75e21125cc463c12 to remote] DEBUG org.asynchttpclient.netty.request.NettyRequestSender - Using pooled Channel '[id: 0xb083d4ec, L:/127.0.0.1:50937 - R:localhost/127.0.0.1:50685]' for 'GET' to 'http://localhost:50685/session/fabb2ffb76c94dcf75e21125cc463c12/alert/text'
12:25:34.733 [Forwarding getAlertText on session fabb2ffb76c94dcf75e21125cc463c12 to remote] DEBUG org.asynchttpclient.netty.request.NettyRequestSender - Using open Channel [id: 0xb083d4ec, L:/127.0.0.1:50937 - R:localhost/127.0.0.1:50685] for GET '/session/fabb2ffb76c94dcf75e21125cc463c12/alert/text'
12:25:34.742 [AsyncHttpClient-1-2] DEBUG org.asynchttpclient.netty.handler.HttpHandler - 

Request DefaultFullHttpRequest(decodeResult: success, version: HTTP/1.1, content: EmptyByteBufBE)
GET /session/fabb2ffb76c94dcf75e21125cc463c12/alert/text HTTP/1.1
User-Agent: selenium/4.4.0 (java windows)
Cache-Control: no-cache
Content-Type: application/json; charset=utf-8
host: localhost:50685
accept: */*

Response DefaultHttpResponse(decodeResult: success, version: HTTP/1.1)
HTTP/1.1 404 Not Found
Content-Type: application/json; charset=utf-8
cache-control: no-cache
content-length: 1045

12:25:34.742 [AsyncHttpClient-1-2] DEBUG org.asynchttpclient.netty.channel.ChannelManager - Adding key: http://localhost:50685 for channel [id: 0xb083d4ec, L:/127.0.0.1:50937 - R:localhost/127.0.0.1:50685]
12:25:34.758 [Forwarding switchToWindow on session fabb2ffb76c94dcf75e21125cc463c12 to remote] DEBUG org.asynchttpclient.netty.request.NettyRequestSender - Using pooled Channel '[id: 0xb083d4ec, L:/127.0.0.1:50937 - R:localhost/127.0.0.1:50685]' for 'POST' to 'http://localhost:50685/session/fabb2ffb76c94dcf75e21125cc463c12/window'
12:25:34.758 [Forwarding switchToWindow on session fabb2ffb76c94dcf75e21125cc463c12 to remote] DEBUG org.asynchttpclient.netty.request.NettyRequestSender - Using open Channel [id: 0xb083d4ec, L:/127.0.0.1:50937 - R:localhost/127.0.0.1:50685] for POST '/session/fabb2ffb76c94dcf75e21125cc463c12/window'
12:25:34.761 [AsyncHttpClient-1-2] DEBUG org.asynchttpclient.netty.handler.HttpHandler - 

Request DefaultHttpRequest(decodeResult: success, version: HTTP/1.1)
POST /session/fabb2ffb76c94dcf75e21125cc463c12/window HTTP/1.1
User-Agent: selenium/4.4.0 (java windows)
Content-Length: 50
Content-Type: application/json; charset=utf-8
host: localhost:50685
accept: */*

Response DefaultHttpResponse(decodeResult: success, version: HTTP/1.1)
HTTP/1.1 200 OK
Content-Type: application/json; charset=utf-8
cache-control: no-cache
content-length: 14

12:25:34.762 [AsyncHttpClient-1-2] DEBUG org.asynchttpclient.netty.channel.ChannelManager - Adding key: http://localhost:50685 for channel [id: 0xb083d4ec, L:/127.0.0.1:50937 - R:localhost/127.0.0.1:50685]
12:25:34.763 [Forwarding getCurrentUrl on session fabb2ffb76c94dcf75e21125cc463c12 to remote] DEBUG org.asynchttpclient.netty.request.NettyRequestSender - Using pooled Channel '[id: 0xb083d4ec, L:/127.0.0.1:50937 - R:localhost/127.0.0.1:50685]' for 'GET' to 'http://localhost:50685/session/fabb2ffb76c94dcf75e21125cc463c12/url'
12:25:34.763 [Forwarding getCurrentUrl on session fabb2ffb76c94dcf75e21125cc463c12 to remote] DEBUG org.asynchttpclient.netty.request.NettyRequestSender - Using open Channel [id: 0xb083d4ec, L:/127.0.0.1:50937 - R:localhost/127.0.0.1:50685] for GET '/session/fabb2ffb76c94dcf75e21125cc463c12/url'
12:25:34.785 [AsyncHttpClient-1-2] DEBUG org.asynchttpclient.netty.handler.HttpHandler - 

Request DefaultFullHttpRequest(decodeResult: success, version: HTTP/1.1, content: EmptyByteBufBE)
GET /session/fabb2ffb76c94dcf75e21125cc463c12/url HTTP/1.1
User-Agent: selenium/4.4.0 (java windows)
Cache-Control: no-cache
Content-Type: application/json; charset=utf-8
host: localhost:50685
accept: */*

Response DefaultHttpResponse(decodeResult: success, version: HTTP/1.1)
HTTP/1.1 200 OK
Content-Type: application/json; charset=utf-8
cache-control: no-cache
content-length: 55

12:25:34.785 [AsyncHttpClient-1-2] DEBUG org.asynchttpclient.netty.channel.ChannelManager - Adding key: http://localhost:50685 for channel [id: 0xb083d4ec, L:/127.0.0.1:50937 - R:localhost/127.0.0.1:50685]
12:25:34.785 [Forwarding screenshot on session fabb2ffb76c94dcf75e21125cc463c12 to remote] DEBUG org.asynchttpclient.netty.request.NettyRequestSender - Using pooled Channel '[id: 0xb083d4ec, L:/127.0.0.1:50937 - R:localhost/127.0.0.1:50685]' for 'GET' to 'http://localhost:50685/session/fabb2ffb76c94dcf75e21125cc463c12/screenshot'
12:25:34.786 [Forwarding screenshot on session fabb2ffb76c94dcf75e21125cc463c12 to remote] DEBUG org.asynchttpclient.netty.request.NettyRequestSender - Using open Channel [id: 0xb083d4ec, L:/127.0.0.1:50937 - R:localhost/127.0.0.1:50685] for GET '/session/fabb2ffb76c94dcf75e21125cc463c12/screenshot'
12:25:34.989 [AsyncHttpClient-1-2] DEBUG org.asynchttpclient.netty.handler.HttpHandler - 

Request DefaultFullHttpRequest(decodeResult: success, version: HTTP/1.1, content: EmptyByteBufBE)
GET /session/fabb2ffb76c94dcf75e21125cc463c12/screenshot HTTP/1.1
User-Agent: selenium/4.4.0 (java windows)
Cache-Control: no-cache
Content-Type: application/json; charset=utf-8
host: localhost:50685
accept: */*

Response DefaultHttpResponse(decodeResult: success, version: HTTP/1.1)
HTTP/1.1 200 OK
Content-Type: application/json; charset=utf-8
cache-control: no-cache
content-length: 444972

12:25:35.004 [AsyncHttpClient-1-2] DEBUG org.asynchttpclient.netty.channel.ChannelManager - Adding key: http://localhost:50685 for channel [id: 0xb083d4ec, L:/127.0.0.1:50937 - R:localhost/127.0.0.1:50685]
12:25:35.018 [Test worker] DEBUG net.serenitybdd.core.photography.Darkroom - Send negative for processing for C:\Users\pcnit\Downloads\TestE2E\target\site\serenity\d475569ccaa3473b6fba14e1dbf334a10ecac6b77bcf4019dc01d0ff6c719a49.png
12:25:35.027 [Forwarding getPageSource on session fabb2ffb76c94dcf75e21125cc463c12 to remote] DEBUG org.asynchttpclient.netty.request.NettyRequestSender - Using pooled Channel '[id: 0xb083d4ec, L:/127.0.0.1:50937 - R:localhost/127.0.0.1:50685]' for 'POST' to 'http://localhost:50685/session/fabb2ffb76c94dcf75e21125cc463c12/execute/sync'
12:25:35.027 [Forwarding getPageSource on session fabb2ffb76c94dcf75e21125cc463c12 to remote] DEBUG org.asynchttpclient.netty.request.NettyRequestSender - Using open Channel [id: 0xb083d4ec, L:/127.0.0.1:50937 - R:localhost/127.0.0.1:50685] for POST '/session/fabb2ffb76c94dcf75e21125cc463c12/execute/sync'
12:25:35.044 [AsyncHttpClient-1-2] DEBUG org.asynchttpclient.netty.handler.HttpHandler - 

Request DefaultHttpRequest(decodeResult: success, version: HTTP/1.1)
POST /session/fabb2ffb76c94dcf75e21125cc463c12/execute/sync HTTP/1.1
User-Agent: selenium/4.4.0 (java windows)
Content-Length: 176
Content-Type: application/json; charset=utf-8
host: localhost:50685
accept: */*

Response DefaultHttpResponse(decodeResult: success, version: HTTP/1.1)
HTTP/1.1 200 OK
Content-Type: application/json; charset=utf-8
cache-control: no-cache
content-length: 53477

12:25:35.044 [AsyncHttpClient-1-2] DEBUG org.asynchttpclient.netty.channel.ChannelManager - Adding key: http://localhost:50685 for channel [id: 0xb083d4ec, L:/127.0.0.1:50937 - R:localhost/127.0.0.1:50685]
12:25:35.054 [Forwarding getCurrentUrl on session fabb2ffb76c94dcf75e21125cc463c12 to remote] DEBUG org.asynchttpclient.netty.request.NettyRequestSender - Using pooled Channel '[id: 0xb083d4ec, L:/127.0.0.1:50937 - R:localhost/127.0.0.1:50685]' for 'GET' to 'http://localhost:50685/session/fabb2ffb76c94dcf75e21125cc463c12/url'
12:25:35.055 [Forwarding getCurrentUrl on session fabb2ffb76c94dcf75e21125cc463c12 to remote] DEBUG org.asynchttpclient.netty.request.NettyRequestSender - Using open Channel [id: 0xb083d4ec, L:/127.0.0.1:50937 - R:localhost/127.0.0.1:50685] for GET '/session/fabb2ffb76c94dcf75e21125cc463c12/url'
12:25:35.072 [AsyncHttpClient-1-2] DEBUG org.asynchttpclient.netty.handler.HttpHandler - 

Request DefaultFullHttpRequest(decodeResult: success, version: HTTP/1.1, content: EmptyByteBufBE)
GET /session/fabb2ffb76c94dcf75e21125cc463c12/url HTTP/1.1
User-Agent: selenium/4.4.0 (java windows)
Cache-Control: no-cache
Content-Type: application/json; charset=utf-8
host: localhost:50685
accept: */*

Response DefaultHttpResponse(decodeResult: success, version: HTTP/1.1)
HTTP/1.1 200 OK
Content-Type: application/json; charset=utf-8
cache-control: no-cache
content-length: 55

12:25:35.072 [AsyncHttpClient-1-2] DEBUG org.asynchttpclient.netty.channel.ChannelManager - Adding key: http://localhost:50685 for channel [id: 0xb083d4ec, L:/127.0.0.1:50937 - R:localhost/127.0.0.1:50685]
12:25:35.125 [Forwarding getCurrentWindowHandle on session fabb2ffb76c94dcf75e21125cc463c12 to remote] DEBUG org.asynchttpclient.netty.request.NettyRequestSender - Using pooled Channel '[id: 0xb083d4ec, L:/127.0.0.1:50937 - R:localhost/127.0.0.1:50685]' for 'GET' to 'http://localhost:50685/session/fabb2ffb76c94dcf75e21125cc463c12/window'
12:25:35.125 [Forwarding getCurrentWindowHandle on session fabb2ffb76c94dcf75e21125cc463c12 to remote] DEBUG org.asynchttpclient.netty.request.NettyRequestSender - Using open Channel [id: 0xb083d4ec, L:/127.0.0.1:50937 - R:localhost/127.0.0.1:50685] for GET '/session/fabb2ffb76c94dcf75e21125cc463c12/window'
12:25:35.130 [AsyncHttpClient-1-2] DEBUG org.asynchttpclient.netty.handler.HttpHandler - 

Request DefaultFullHttpRequest(decodeResult: success, version: HTTP/1.1, content: EmptyByteBufBE)
GET /session/fabb2ffb76c94dcf75e21125cc463c12/window HTTP/1.1
User-Agent: selenium/4.4.0 (java windows)
Cache-Control: no-cache
Content-Type: application/json; charset=utf-8
host: localhost:50685
accept: */*

Response DefaultHttpResponse(decodeResult: success, version: HTTP/1.1)
HTTP/1.1 200 OK
Content-Type: application/json; charset=utf-8
cache-control: no-cache
content-length: 44

12:25:35.130 [AsyncHttpClient-1-2] DEBUG org.asynchttpclient.netty.channel.ChannelManager - Adding key: http://localhost:50685 for channel [id: 0xb083d4ec, L:/127.0.0.1:50937 - R:localhost/127.0.0.1:50685]
12:25:35.141 [Forwarding getAlertText on session fabb2ffb76c94dcf75e21125cc463c12 to remote] DEBUG org.asynchttpclient.netty.request.NettyRequestSender - Using pooled Channel '[id: 0xb083d4ec, L:/127.0.0.1:50937 - R:localhost/127.0.0.1:50685]' for 'GET' to 'http://localhost:50685/session/fabb2ffb76c94dcf75e21125cc463c12/alert/text'
12:25:35.141 [Forwarding getAlertText on session fabb2ffb76c94dcf75e21125cc463c12 to remote] DEBUG org.asynchttpclient.netty.request.NettyRequestSender - Using open Channel [id: 0xb083d4ec, L:/127.0.0.1:50937 - R:localhost/127.0.0.1:50685] for GET '/session/fabb2ffb76c94dcf75e21125cc463c12/alert/text'
12:25:35.151 [AsyncHttpClient-1-2] DEBUG org.asynchttpclient.netty.handler.HttpHandler - 

Request DefaultFullHttpRequest(decodeResult: success, version: HTTP/1.1, content: EmptyByteBufBE)
GET /session/fabb2ffb76c94dcf75e21125cc463c12/alert/text HTTP/1.1
User-Agent: selenium/4.4.0 (java windows)
Cache-Control: no-cache
Content-Type: application/json; charset=utf-8
host: localhost:50685
accept: */*

Response DefaultHttpResponse(decodeResult: success, version: HTTP/1.1)
HTTP/1.1 404 Not Found
Content-Type: application/json; charset=utf-8
cache-control: no-cache
content-length: 1045

12:25:35.151 [AsyncHttpClient-1-2] DEBUG org.asynchttpclient.netty.channel.ChannelManager - Adding key: http://localhost:50685 for channel [id: 0xb083d4ec, L:/127.0.0.1:50937 - R:localhost/127.0.0.1:50685]
12:25:35.166 [Forwarding switchToWindow on session fabb2ffb76c94dcf75e21125cc463c12 to remote] DEBUG org.asynchttpclient.netty.request.NettyRequestSender - Using pooled Channel '[id: 0xb083d4ec, L:/127.0.0.1:50937 - R:localhost/127.0.0.1:50685]' for 'POST' to 'http://localhost:50685/session/fabb2ffb76c94dcf75e21125cc463c12/window'
12:25:35.166 [Forwarding switchToWindow on session fabb2ffb76c94dcf75e21125cc463c12 to remote] DEBUG org.asynchttpclient.netty.request.NettyRequestSender - Using open Channel [id: 0xb083d4ec, L:/127.0.0.1:50937 - R:localhost/127.0.0.1:50685] for POST '/session/fabb2ffb76c94dcf75e21125cc463c12/window'
12:25:35.171 [AsyncHttpClient-1-2] DEBUG org.asynchttpclient.netty.handler.HttpHandler - 

Request DefaultHttpRequest(decodeResult: success, version: HTTP/1.1)
POST /session/fabb2ffb76c94dcf75e21125cc463c12/window HTTP/1.1
User-Agent: selenium/4.4.0 (java windows)
Content-Length: 50
Content-Type: application/json; charset=utf-8
host: localhost:50685
accept: */*

Response DefaultHttpResponse(decodeResult: success, version: HTTP/1.1)
HTTP/1.1 200 OK
Content-Type: application/json; charset=utf-8
cache-control: no-cache
content-length: 14

12:25:35.171 [AsyncHttpClient-1-2] DEBUG org.asynchttpclient.netty.channel.ChannelManager - Adding key: http://localhost:50685 for channel [id: 0xb083d4ec, L:/127.0.0.1:50937 - R:localhost/127.0.0.1:50685]
12:25:35.172 [Forwarding getCurrentUrl on session fabb2ffb76c94dcf75e21125cc463c12 to remote] DEBUG org.asynchttpclient.netty.request.NettyRequestSender - Using pooled Channel '[id: 0xb083d4ec, L:/127.0.0.1:50937 - R:localhost/127.0.0.1:50685]' for 'GET' to 'http://localhost:50685/session/fabb2ffb76c94dcf75e21125cc463c12/url'
12:25:35.172 [Forwarding getCurrentUrl on session fabb2ffb76c94dcf75e21125cc463c12 to remote] DEBUG org.asynchttpclient.netty.request.NettyRequestSender - Using open Channel [id: 0xb083d4ec, L:/127.0.0.1:50937 - R:localhost/127.0.0.1:50685] for GET '/session/fabb2ffb76c94dcf75e21125cc463c12/url'
12:25:35.187 [AsyncHttpClient-1-2] DEBUG org.asynchttpclient.netty.handler.HttpHandler - 

Request DefaultFullHttpRequest(decodeResult: success, version: HTTP/1.1, content: EmptyByteBufBE)
GET /session/fabb2ffb76c94dcf75e21125cc463c12/url HTTP/1.1
User-Agent: selenium/4.4.0 (java windows)
Cache-Control: no-cache
Content-Type: application/json; charset=utf-8
host: localhost:50685
accept: */*

Response DefaultHttpResponse(decodeResult: success, version: HTTP/1.1)
HTTP/1.1 200 OK
Content-Type: application/json; charset=utf-8
cache-control: no-cache
content-length: 55

12:25:35.188 [AsyncHttpClient-1-2] DEBUG org.asynchttpclient.netty.channel.ChannelManager - Adding key: http://localhost:50685 for channel [id: 0xb083d4ec, L:/127.0.0.1:50937 - R:localhost/127.0.0.1:50685]
12:25:35.189 [Forwarding screenshot on session fabb2ffb76c94dcf75e21125cc463c12 to remote] DEBUG org.asynchttpclient.netty.request.NettyRequestSender - Using pooled Channel '[id: 0xb083d4ec, L:/127.0.0.1:50937 - R:localhost/127.0.0.1:50685]' for 'GET' to 'http://localhost:50685/session/fabb2ffb76c94dcf75e21125cc463c12/screenshot'
12:25:35.189 [Forwarding screenshot on session fabb2ffb76c94dcf75e21125cc463c12 to remote] DEBUG org.asynchttpclient.netty.request.NettyRequestSender - Using open Channel [id: 0xb083d4ec, L:/127.0.0.1:50937 - R:localhost/127.0.0.1:50685] for GET '/session/fabb2ffb76c94dcf75e21125cc463c12/screenshot'
12:25:35.366 [AsyncHttpClient-1-2] DEBUG org.asynchttpclient.netty.handler.HttpHandler - 

Request DefaultFullHttpRequest(decodeResult: success, version: HTTP/1.1, content: EmptyByteBufBE)
GET /session/fabb2ffb76c94dcf75e21125cc463c12/screenshot HTTP/1.1
User-Agent: selenium/4.4.0 (java windows)
Cache-Control: no-cache
Content-Type: application/json; charset=utf-8
host: localhost:50685
accept: */*

Response DefaultHttpResponse(decodeResult: success, version: HTTP/1.1)
HTTP/1.1 200 OK
Content-Type: application/json; charset=utf-8
cache-control: no-cache
content-length: 522084

12:25:35.366 [AsyncHttpClient-1-2] DEBUG org.asynchttpclient.netty.channel.ChannelManager - Adding key: http://localhost:50685 for channel [id: 0xb083d4ec, L:/127.0.0.1:50937 - R:localhost/127.0.0.1:50685]
12:25:35.375 [AsyncHttpClient-1-1] DEBUG org.asynchttpclient.netty.channel.DefaultChannelPool - Entry count for : http://localhost:50938 : 1
12:25:35.375 [AsyncHttpClient-1-1] DEBUG org.asynchttpclient.netty.channel.DefaultChannelPool - Entry count for : http://localhost:50685 : 1
12:25:35.385 [Test worker] DEBUG net.serenitybdd.core.photography.Darkroom - Send negative for processing for C:\Users\pcnit\Downloads\TestE2E\target\site\serenity\c456af9f869bab45872cfe03e297630bf251dd791b10205bec6606a27861738c.png
12:25:35.386 [Test worker] DEBUG net.thucydides.core.steps.StepInterceptor - STEP DONE: {0} clicks on #target
12:25:35.394 [Test worker] DEBUG net.serenitybdd.screenplay.targets.IFrameSwitcher - default content already selected for AGREGAR AL CARRITO
12:25:35.416 [Forwarding getCurrentUrl on session fabb2ffb76c94dcf75e21125cc463c12 to remote] DEBUG org.asynchttpclient.netty.request.NettyRequestSender - Using pooled Channel '[id: 0xb083d4ec, L:/127.0.0.1:50937 - R:localhost/127.0.0.1:50685]' for 'GET' to 'http://localhost:50685/session/fabb2ffb76c94dcf75e21125cc463c12/url'
12:25:35.416 [Forwarding getCurrentUrl on session fabb2ffb76c94dcf75e21125cc463c12 to remote] DEBUG org.asynchttpclient.netty.request.NettyRequestSender - Using open Channel [id: 0xb083d4ec, L:/127.0.0.1:50937 - R:localhost/127.0.0.1:50685] for GET '/session/fabb2ffb76c94dcf75e21125cc463c12/url'
12:25:35.430 [AsyncHttpClient-1-2] DEBUG org.asynchttpclient.netty.handler.HttpHandler - 

Request DefaultFullHttpRequest(decodeResult: success, version: HTTP/1.1, content: EmptyByteBufBE)
GET /session/fabb2ffb76c94dcf75e21125cc463c12/url HTTP/1.1
User-Agent: selenium/4.4.0 (java windows)
Cache-Control: no-cache
Content-Type: application/json; charset=utf-8
host: localhost:50685
accept: */*

Response DefaultHttpResponse(decodeResult: success, version: HTTP/1.1)
HTTP/1.1 200 OK
Content-Type: application/json; charset=utf-8
cache-control: no-cache
content-length: 55

12:25:35.430 [AsyncHttpClient-1-2] DEBUG org.asynchttpclient.netty.channel.ChannelManager - Adding key: http://localhost:50685 for channel [id: 0xb083d4ec, L:/127.0.0.1:50937 - R:localhost/127.0.0.1:50685]
12:25:35.439 [Forwarding findElement on session fabb2ffb76c94dcf75e21125cc463c12 to remote] DEBUG org.asynchttpclient.netty.request.NettyRequestSender - Using pooled Channel '[id: 0xb083d4ec, L:/127.0.0.1:50937 - R:localhost/127.0.0.1:50685]' for 'POST' to 'http://localhost:50685/session/fabb2ffb76c94dcf75e21125cc463c12/element'
12:25:35.439 [Forwarding findElement on session fabb2ffb76c94dcf75e21125cc463c12 to remote] DEBUG org.asynchttpclient.netty.request.NettyRequestSender - Using open Channel [id: 0xb083d4ec, L:/127.0.0.1:50937 - R:localhost/127.0.0.1:50685] for POST '/session/fabb2ffb76c94dcf75e21125cc463c12/element'
12:25:35.449 [AsyncHttpClient-1-2] DEBUG org.asynchttpclient.netty.handler.HttpHandler - 

Request DefaultHttpRequest(decodeResult: success, version: HTTP/1.1)
POST /session/fabb2ffb76c94dcf75e21125cc463c12/element HTTP/1.1
User-Agent: selenium/4.4.0 (java windows)
Content-Length: 118
Content-Type: application/json; charset=utf-8
host: localhost:50685
accept: */*

Response DefaultHttpResponse(decodeResult: success, version: HTTP/1.1)
HTTP/1.1 200 OK
Content-Type: application/json; charset=utf-8
cache-control: no-cache
content-length: 127

12:25:35.449 [AsyncHttpClient-1-2] DEBUG org.asynchttpclient.netty.channel.ChannelManager - Adding key: http://localhost:50685 for channel [id: 0xb083d4ec, L:/127.0.0.1:50937 - R:localhost/127.0.0.1:50685]
12:25:35.463 [Forwarding executeScript on session fabb2ffb76c94dcf75e21125cc463c12 to remote] DEBUG org.asynchttpclient.netty.request.NettyRequestSender - Using pooled Channel '[id: 0xb083d4ec, L:/127.0.0.1:50937 - R:localhost/127.0.0.1:50685]' for 'POST' to 'http://localhost:50685/session/fabb2ffb76c94dcf75e21125cc463c12/execute/sync'
12:25:35.463 [Forwarding executeScript on session fabb2ffb76c94dcf75e21125cc463c12 to remote] DEBUG org.asynchttpclient.netty.request.NettyRequestSender - Using open Channel [id: 0xb083d4ec, L:/127.0.0.1:50937 - R:localhost/127.0.0.1:50685] for POST '/session/fabb2ffb76c94dcf75e21125cc463c12/execute/sync'
12:25:35.476 [AsyncHttpClient-1-2] DEBUG org.asynchttpclient.netty.handler.HttpHandler - 

Request DefaultHttpRequest(decodeResult: success, version: HTTP/1.1)
POST /session/fabb2ffb76c94dcf75e21125cc463c12/execute/sync HTTP/1.1
User-Agent: selenium/4.4.0 (java windows)
Content-Length: 318
Content-Type: application/json; charset=utf-8
host: localhost:50685
accept: */*

Response DefaultHttpResponse(decodeResult: success, version: HTTP/1.1)
HTTP/1.1 200 OK
Content-Type: application/json; charset=utf-8
cache-control: no-cache
content-length: 14

12:25:35.476 [AsyncHttpClient-1-2] DEBUG org.asynchttpclient.netty.channel.ChannelManager - Adding key: http://localhost:50685 for channel [id: 0xb083d4ec, L:/127.0.0.1:50937 - R:localhost/127.0.0.1:50685]
12:25:35.506 [Test worker] DEBUG net.serenitybdd.screenplay.targets.IFrameSwitcher - default content already selected for AGREGAR AL CARRITO
12:25:35.518 [Forwarding findElements on session fabb2ffb76c94dcf75e21125cc463c12 to remote] DEBUG org.asynchttpclient.netty.request.NettyRequestSender - Using pooled Channel '[id: 0xb083d4ec, L:/127.0.0.1:50937 - R:localhost/127.0.0.1:50685]' for 'POST' to 'http://localhost:50685/session/fabb2ffb76c94dcf75e21125cc463c12/elements'
12:25:35.518 [Forwarding findElements on session fabb2ffb76c94dcf75e21125cc463c12 to remote] DEBUG org.asynchttpclient.netty.request.NettyRequestSender - Using open Channel [id: 0xb083d4ec, L:/127.0.0.1:50937 - R:localhost/127.0.0.1:50685] for POST '/session/fabb2ffb76c94dcf75e21125cc463c12/elements'
12:25:35.550 [AsyncHttpClient-1-2] DEBUG org.asynchttpclient.netty.handler.HttpHandler - 

Request DefaultHttpRequest(decodeResult: success, version: HTTP/1.1)
POST /session/fabb2ffb76c94dcf75e21125cc463c12/elements HTTP/1.1
User-Agent: selenium/4.4.0 (java windows)
Content-Length: 118
Content-Type: application/json; charset=utf-8
host: localhost:50685
accept: */*

Response DefaultHttpResponse(decodeResult: success, version: HTTP/1.1)
HTTP/1.1 200 OK
Content-Type: application/json; charset=utf-8
cache-control: no-cache
content-length: 129

12:25:35.550 [AsyncHttpClient-1-2] DEBUG org.asynchttpclient.netty.channel.ChannelManager - Adding key: http://localhost:50685 for channel [id: 0xb083d4ec, L:/127.0.0.1:50937 - R:localhost/127.0.0.1:50685]
12:25:35.574 [Forwarding isElementEnabled on session fabb2ffb76c94dcf75e21125cc463c12 to remote] DEBUG org.asynchttpclient.netty.request.NettyRequestSender - Using pooled Channel '[id: 0xb083d4ec, L:/127.0.0.1:50937 - R:localhost/127.0.0.1:50685]' for 'GET' to 'http://localhost:50685/session/fabb2ffb76c94dcf75e21125cc463c12/element/f.7E9A709675F02E7E9E4ECE1EF325ABA8.d.7B739B07FF74A0695ACF5E55DF459409.e.350/enabled'
12:25:35.574 [Forwarding isElementEnabled on session fabb2ffb76c94dcf75e21125cc463c12 to remote] DEBUG org.asynchttpclient.netty.request.NettyRequestSender - Using open Channel [id: 0xb083d4ec, L:/127.0.0.1:50937 - R:localhost/127.0.0.1:50685] for GET '/session/fabb2ffb76c94dcf75e21125cc463c12/element/f.7E9A709675F02E7E9E4ECE1EF325ABA8.d.7B739B07FF74A0695ACF5E55DF459409.e.350/enabled'
12:25:35.612 [AsyncHttpClient-1-2] DEBUG org.asynchttpclient.netty.handler.HttpHandler - 

Request DefaultFullHttpRequest(decodeResult: success, version: HTTP/1.1, content: EmptyByteBufBE)
GET /session/fabb2ffb76c94dcf75e21125cc463c12/element/f.7E9A709675F02E7E9E4ECE1EF325ABA8.d.7B739B07FF74A0695ACF5E55DF459409.e.350/enabled HTTP/1.1
User-Agent: selenium/4.4.0 (java windows)
Cache-Control: no-cache
Content-Type: application/json; charset=utf-8
host: localhost:50685
accept: */*

Response DefaultHttpResponse(decodeResult: success, version: HTTP/1.1)
HTTP/1.1 200 OK
Content-Type: application/json; charset=utf-8
cache-control: no-cache
content-length: 14

12:25:35.612 [AsyncHttpClient-1-2] DEBUG org.asynchttpclient.netty.channel.ChannelManager - Adding key: http://localhost:50685 for channel [id: 0xb083d4ec, L:/127.0.0.1:50937 - R:localhost/127.0.0.1:50685]
12:25:35.617 [Forwarding isElementEnabled on session fabb2ffb76c94dcf75e21125cc463c12 to remote] DEBUG org.asynchttpclient.netty.request.NettyRequestSender - Using pooled Channel '[id: 0xb083d4ec, L:/127.0.0.1:50937 - R:localhost/127.0.0.1:50685]' for 'GET' to 'http://localhost:50685/session/fabb2ffb76c94dcf75e21125cc463c12/element/f.7E9A709675F02E7E9E4ECE1EF325ABA8.d.7B739B07FF74A0695ACF5E55DF459409.e.350/enabled'
12:25:35.617 [Forwarding isElementEnabled on session fabb2ffb76c94dcf75e21125cc463c12 to remote] DEBUG org.asynchttpclient.netty.request.NettyRequestSender - Using open Channel [id: 0xb083d4ec, L:/127.0.0.1:50937 - R:localhost/127.0.0.1:50685] for GET '/session/fabb2ffb76c94dcf75e21125cc463c12/element/f.7E9A709675F02E7E9E4ECE1EF325ABA8.d.7B739B07FF74A0695ACF5E55DF459409.e.350/enabled'
12:25:35.638 [AsyncHttpClient-1-2] DEBUG org.asynchttpclient.netty.handler.HttpHandler - 

Request DefaultFullHttpRequest(decodeResult: success, version: HTTP/1.1, content: EmptyByteBufBE)
GET /session/fabb2ffb76c94dcf75e21125cc463c12/element/f.7E9A709675F02E7E9E4ECE1EF325ABA8.d.7B739B07FF74A0695ACF5E55DF459409.e.350/enabled HTTP/1.1
User-Agent: selenium/4.4.0 (java windows)
Cache-Control: no-cache
Content-Type: application/json; charset=utf-8
host: localhost:50685
accept: */*

Response DefaultHttpResponse(decodeResult: success, version: HTTP/1.1)
HTTP/1.1 200 OK
Content-Type: application/json; charset=utf-8
cache-control: no-cache
content-length: 14

12:25:35.638 [AsyncHttpClient-1-2] DEBUG org.asynchttpclient.netty.channel.ChannelManager - Adding key: http://localhost:50685 for channel [id: 0xb083d4ec, L:/127.0.0.1:50937 - R:localhost/127.0.0.1:50685]
12:25:35.684 [Forwarding getCurrentWindowHandle on session fabb2ffb76c94dcf75e21125cc463c12 to remote] DEBUG org.asynchttpclient.netty.request.NettyRequestSender - Using pooled Channel '[id: 0xb083d4ec, L:/127.0.0.1:50937 - R:localhost/127.0.0.1:50685]' for 'GET' to 'http://localhost:50685/session/fabb2ffb76c94dcf75e21125cc463c12/window'
12:25:35.685 [Forwarding getCurrentWindowHandle on session fabb2ffb76c94dcf75e21125cc463c12 to remote] DEBUG org.asynchttpclient.netty.request.NettyRequestSender - Using open Channel [id: 0xb083d4ec, L:/127.0.0.1:50937 - R:localhost/127.0.0.1:50685] for GET '/session/fabb2ffb76c94dcf75e21125cc463c12/window'
12:25:35.692 [AsyncHttpClient-1-2] DEBUG org.asynchttpclient.netty.handler.HttpHandler - 

Request DefaultFullHttpRequest(decodeResult: success, version: HTTP/1.1, content: EmptyByteBufBE)
GET /session/fabb2ffb76c94dcf75e21125cc463c12/window HTTP/1.1
User-Agent: selenium/4.4.0 (java windows)
Cache-Control: no-cache
Content-Type: application/json; charset=utf-8
host: localhost:50685
accept: */*

Response DefaultHttpResponse(decodeResult: success, version: HTTP/1.1)
HTTP/1.1 200 OK
Content-Type: application/json; charset=utf-8
cache-control: no-cache
content-length: 44

12:25:35.692 [AsyncHttpClient-1-2] DEBUG org.asynchttpclient.netty.channel.ChannelManager - Adding key: http://localhost:50685 for channel [id: 0xb083d4ec, L:/127.0.0.1:50937 - R:localhost/127.0.0.1:50685]
12:25:35.705 [Forwarding getAlertText on session fabb2ffb76c94dcf75e21125cc463c12 to remote] DEBUG org.asynchttpclient.netty.request.NettyRequestSender - Using pooled Channel '[id: 0xb083d4ec, L:/127.0.0.1:50937 - R:localhost/127.0.0.1:50685]' for 'GET' to 'http://localhost:50685/session/fabb2ffb76c94dcf75e21125cc463c12/alert/text'
12:25:35.705 [Forwarding getAlertText on session fabb2ffb76c94dcf75e21125cc463c12 to remote] DEBUG org.asynchttpclient.netty.request.NettyRequestSender - Using open Channel [id: 0xb083d4ec, L:/127.0.0.1:50937 - R:localhost/127.0.0.1:50685] for GET '/session/fabb2ffb76c94dcf75e21125cc463c12/alert/text'
12:25:35.716 [AsyncHttpClient-1-2] DEBUG org.asynchttpclient.netty.handler.HttpHandler - 

Request DefaultFullHttpRequest(decodeResult: success, version: HTTP/1.1, content: EmptyByteBufBE)
GET /session/fabb2ffb76c94dcf75e21125cc463c12/alert/text HTTP/1.1
User-Agent: selenium/4.4.0 (java windows)
Cache-Control: no-cache
Content-Type: application/json; charset=utf-8
host: localhost:50685
accept: */*

Response DefaultHttpResponse(decodeResult: success, version: HTTP/1.1)
HTTP/1.1 404 Not Found
Content-Type: application/json; charset=utf-8
cache-control: no-cache
content-length: 1045

12:25:35.716 [AsyncHttpClient-1-2] DEBUG org.asynchttpclient.netty.channel.ChannelManager - Adding key: http://localhost:50685 for channel [id: 0xb083d4ec, L:/127.0.0.1:50937 - R:localhost/127.0.0.1:50685]
12:25:35.729 [Forwarding switchToWindow on session fabb2ffb76c94dcf75e21125cc463c12 to remote] DEBUG org.asynchttpclient.netty.request.NettyRequestSender - Using pooled Channel '[id: 0xb083d4ec, L:/127.0.0.1:50937 - R:localhost/127.0.0.1:50685]' for 'POST' to 'http://localhost:50685/session/fabb2ffb76c94dcf75e21125cc463c12/window'
12:25:35.729 [Forwarding switchToWindow on session fabb2ffb76c94dcf75e21125cc463c12 to remote] DEBUG org.asynchttpclient.netty.request.NettyRequestSender - Using open Channel [id: 0xb083d4ec, L:/127.0.0.1:50937 - R:localhost/127.0.0.1:50685] for POST '/session/fabb2ffb76c94dcf75e21125cc463c12/window'
12:25:35.733 [AsyncHttpClient-1-2] DEBUG org.asynchttpclient.netty.handler.HttpHandler - 

Request DefaultHttpRequest(decodeResult: success, version: HTTP/1.1)
POST /session/fabb2ffb76c94dcf75e21125cc463c12/window HTTP/1.1
User-Agent: selenium/4.4.0 (java windows)
Content-Length: 50
Content-Type: application/json; charset=utf-8
host: localhost:50685
accept: */*

Response DefaultHttpResponse(decodeResult: success, version: HTTP/1.1)
HTTP/1.1 200 OK
Content-Type: application/json; charset=utf-8
cache-control: no-cache
content-length: 14

12:25:35.733 [AsyncHttpClient-1-2] DEBUG org.asynchttpclient.netty.channel.ChannelManager - Adding key: http://localhost:50685 for channel [id: 0xb083d4ec, L:/127.0.0.1:50937 - R:localhost/127.0.0.1:50685]
12:25:35.733 [Forwarding getCurrentUrl on session fabb2ffb76c94dcf75e21125cc463c12 to remote] DEBUG org.asynchttpclient.netty.request.NettyRequestSender - Using pooled Channel '[id: 0xb083d4ec, L:/127.0.0.1:50937 - R:localhost/127.0.0.1:50685]' for 'GET' to 'http://localhost:50685/session/fabb2ffb76c94dcf75e21125cc463c12/url'
12:25:35.733 [Forwarding getCurrentUrl on session fabb2ffb76c94dcf75e21125cc463c12 to remote] DEBUG org.asynchttpclient.netty.request.NettyRequestSender - Using open Channel [id: 0xb083d4ec, L:/127.0.0.1:50937 - R:localhost/127.0.0.1:50685] for GET '/session/fabb2ffb76c94dcf75e21125cc463c12/url'
12:25:35.752 [AsyncHttpClient-1-2] DEBUG org.asynchttpclient.netty.handler.HttpHandler - 

Request DefaultFullHttpRequest(decodeResult: success, version: HTTP/1.1, content: EmptyByteBufBE)
GET /session/fabb2ffb76c94dcf75e21125cc463c12/url HTTP/1.1
User-Agent: selenium/4.4.0 (java windows)
Cache-Control: no-cache
Content-Type: application/json; charset=utf-8
host: localhost:50685
accept: */*

Response DefaultHttpResponse(decodeResult: success, version: HTTP/1.1)
HTTP/1.1 200 OK
Content-Type: application/json; charset=utf-8
cache-control: no-cache
content-length: 55

12:25:35.752 [AsyncHttpClient-1-2] DEBUG org.asynchttpclient.netty.channel.ChannelManager - Adding key: http://localhost:50685 for channel [id: 0xb083d4ec, L:/127.0.0.1:50937 - R:localhost/127.0.0.1:50685]
12:25:35.752 [Forwarding screenshot on session fabb2ffb76c94dcf75e21125cc463c12 to remote] DEBUG org.asynchttpclient.netty.request.NettyRequestSender - Using pooled Channel '[id: 0xb083d4ec, L:/127.0.0.1:50937 - R:localhost/127.0.0.1:50685]' for 'GET' to 'http://localhost:50685/session/fabb2ffb76c94dcf75e21125cc463c12/screenshot'
12:25:35.752 [Forwarding screenshot on session fabb2ffb76c94dcf75e21125cc463c12 to remote] DEBUG org.asynchttpclient.netty.request.NettyRequestSender - Using open Channel [id: 0xb083d4ec, L:/127.0.0.1:50937 - R:localhost/127.0.0.1:50685] for GET '/session/fabb2ffb76c94dcf75e21125cc463c12/screenshot'
12:25:35.929 [AsyncHttpClient-1-2] DEBUG org.asynchttpclient.netty.handler.HttpHandler - 

Request DefaultFullHttpRequest(decodeResult: success, version: HTTP/1.1, content: EmptyByteBufBE)
GET /session/fabb2ffb76c94dcf75e21125cc463c12/screenshot HTTP/1.1
User-Agent: selenium/4.4.0 (java windows)
Cache-Control: no-cache
Content-Type: application/json; charset=utf-8
host: localhost:50685
accept: */*

Response DefaultHttpResponse(decodeResult: success, version: HTTP/1.1)
HTTP/1.1 200 OK
Content-Type: application/json; charset=utf-8
cache-control: no-cache
content-length: 497788

12:25:35.930 [AsyncHttpClient-1-2] DEBUG org.asynchttpclient.netty.channel.ChannelManager - Adding key: http://localhost:50685 for channel [id: 0xb083d4ec, L:/127.0.0.1:50937 - R:localhost/127.0.0.1:50685]
12:25:35.945 [Test worker] DEBUG net.serenitybdd.core.photography.Darkroom - Send negative for processing for C:\Users\pcnit\Downloads\TestE2E\target\site\serenity\5f083c89269020fe9a05b00aa98cb406138a14691e84f6a375ee5bc7cff4aa7c.png
12:25:35.954 [Forwarding getPageSource on session fabb2ffb76c94dcf75e21125cc463c12 to remote] DEBUG org.asynchttpclient.netty.request.NettyRequestSender - Using pooled Channel '[id: 0xb083d4ec, L:/127.0.0.1:50937 - R:localhost/127.0.0.1:50685]' for 'POST' to 'http://localhost:50685/session/fabb2ffb76c94dcf75e21125cc463c12/execute/sync'
12:25:35.955 [Forwarding getPageSource on session fabb2ffb76c94dcf75e21125cc463c12 to remote] DEBUG org.asynchttpclient.netty.request.NettyRequestSender - Using open Channel [id: 0xb083d4ec, L:/127.0.0.1:50937 - R:localhost/127.0.0.1:50685] for POST '/session/fabb2ffb76c94dcf75e21125cc463c12/execute/sync'
12:25:35.963 [AsyncHttpClient-1-2] DEBUG org.asynchttpclient.netty.handler.HttpHandler - 

Request DefaultHttpRequest(decodeResult: success, version: HTTP/1.1)
POST /session/fabb2ffb76c94dcf75e21125cc463c12/execute/sync HTTP/1.1
User-Agent: selenium/4.4.0 (java windows)
Content-Length: 176
Content-Type: application/json; charset=utf-8
host: localhost:50685
accept: */*

Response DefaultHttpResponse(decodeResult: success, version: HTTP/1.1)
HTTP/1.1 200 OK
Content-Type: application/json; charset=utf-8
cache-control: no-cache
content-length: 54626

12:25:35.964 [AsyncHttpClient-1-2] DEBUG org.asynchttpclient.netty.channel.ChannelManager - Adding key: http://localhost:50685 for channel [id: 0xb083d4ec, L:/127.0.0.1:50937 - R:localhost/127.0.0.1:50685]
12:25:35.969 [Forwarding getCurrentUrl on session fabb2ffb76c94dcf75e21125cc463c12 to remote] DEBUG org.asynchttpclient.netty.request.NettyRequestSender - Using pooled Channel '[id: 0xb083d4ec, L:/127.0.0.1:50937 - R:localhost/127.0.0.1:50685]' for 'GET' to 'http://localhost:50685/session/fabb2ffb76c94dcf75e21125cc463c12/url'
12:25:35.969 [Forwarding getCurrentUrl on session fabb2ffb76c94dcf75e21125cc463c12 to remote] DEBUG org.asynchttpclient.netty.request.NettyRequestSender - Using open Channel [id: 0xb083d4ec, L:/127.0.0.1:50937 - R:localhost/127.0.0.1:50685] for GET '/session/fabb2ffb76c94dcf75e21125cc463c12/url'
12:25:35.986 [AsyncHttpClient-1-2] DEBUG org.asynchttpclient.netty.handler.HttpHandler - 

Request DefaultFullHttpRequest(decodeResult: success, version: HTTP/1.1, content: EmptyByteBufBE)
GET /session/fabb2ffb76c94dcf75e21125cc463c12/url HTTP/1.1
User-Agent: selenium/4.4.0 (java windows)
Cache-Control: no-cache
Content-Type: application/json; charset=utf-8
host: localhost:50685
accept: */*

Response DefaultHttpResponse(decodeResult: success, version: HTTP/1.1)
HTTP/1.1 200 OK
Content-Type: application/json; charset=utf-8
cache-control: no-cache
content-length: 55

12:25:35.986 [AsyncHttpClient-1-2] DEBUG org.asynchttpclient.netty.channel.ChannelManager - Adding key: http://localhost:50685 for channel [id: 0xb083d4ec, L:/127.0.0.1:50937 - R:localhost/127.0.0.1:50685]
12:25:35.989 [Test worker] DEBUG net.thucydides.core.steps.StepInterceptor - STARTING STEP: Product.performAs - {0} clicks on #target
12:25:35.989 [Test worker] DEBUG net.serenitybdd.screenplay.targets.IFrameSwitcher - default content already selected for AGREGAR AL CARRITO
12:25:36.075 [Forwarding findElement on session fabb2ffb76c94dcf75e21125cc463c12 to remote] DEBUG org.asynchttpclient.netty.request.NettyRequestSender - Using pooled Channel '[id: 0xb083d4ec, L:/127.0.0.1:50937 - R:localhost/127.0.0.1:50685]' for 'POST' to 'http://localhost:50685/session/fabb2ffb76c94dcf75e21125cc463c12/element'
12:25:36.076 [Forwarding findElement on session fabb2ffb76c94dcf75e21125cc463c12 to remote] DEBUG org.asynchttpclient.netty.request.NettyRequestSender - Using open Channel [id: 0xb083d4ec, L:/127.0.0.1:50937 - R:localhost/127.0.0.1:50685] for POST '/session/fabb2ffb76c94dcf75e21125cc463c12/element'
12:25:36.089 [AsyncHttpClient-1-2] DEBUG org.asynchttpclient.netty.handler.HttpHandler - 

Request DefaultHttpRequest(decodeResult: success, version: HTTP/1.1)
POST /session/fabb2ffb76c94dcf75e21125cc463c12/element HTTP/1.1
User-Agent: selenium/4.4.0 (java windows)
Content-Length: 118
Content-Type: application/json; charset=utf-8
host: localhost:50685
accept: */*

Response DefaultHttpResponse(decodeResult: success, version: HTTP/1.1)
HTTP/1.1 200 OK
Content-Type: application/json; charset=utf-8
cache-control: no-cache
content-length: 127

12:25:36.089 [AsyncHttpClient-1-2] DEBUG org.asynchttpclient.netty.channel.ChannelManager - Adding key: http://localhost:50685 for channel [id: 0xb083d4ec, L:/127.0.0.1:50937 - R:localhost/127.0.0.1:50685]
12:25:36.108 [Forwarding isElementDisplayed on session fabb2ffb76c94dcf75e21125cc463c12 to remote] DEBUG org.asynchttpclient.netty.request.NettyRequestSender - Using pooled Channel '[id: 0xb083d4ec, L:/127.0.0.1:50937 - R:localhost/127.0.0.1:50685]' for 'POST' to 'http://localhost:50685/session/fabb2ffb76c94dcf75e21125cc463c12/execute/sync'
12:25:36.108 [Forwarding isElementDisplayed on session fabb2ffb76c94dcf75e21125cc463c12 to remote] DEBUG org.asynchttpclient.netty.request.NettyRequestSender - Using open Channel [id: 0xb083d4ec, L:/127.0.0.1:50937 - R:localhost/127.0.0.1:50685] for POST '/session/fabb2ffb76c94dcf75e21125cc463c12/execute/sync'
12:25:36.134 [AsyncHttpClient-1-2] DEBUG org.asynchttpclient.netty.handler.HttpHandler - 

Request DefaultHttpRequest(decodeResult: success, version: HTTP/1.1)
POST /session/fabb2ffb76c94dcf75e21125cc463c12/execute/sync HTTP/1.1
User-Agent: selenium/4.4.0 (java windows)
Content-Length: 48819
Content-Type: application/json; charset=utf-8
host: localhost:50685
accept: */*

Response DefaultHttpResponse(decodeResult: success, version: HTTP/1.1)
HTTP/1.1 200 OK
Content-Type: application/json; charset=utf-8
cache-control: no-cache
content-length: 14

12:25:36.134 [AsyncHttpClient-1-2] DEBUG org.asynchttpclient.netty.channel.ChannelManager - Adding key: http://localhost:50685 for channel [id: 0xb083d4ec, L:/127.0.0.1:50937 - R:localhost/127.0.0.1:50685]
12:25:36.158 [Forwarding findElement on session fabb2ffb76c94dcf75e21125cc463c12 to remote] DEBUG org.asynchttpclient.netty.request.NettyRequestSender - Using pooled Channel '[id: 0xb083d4ec, L:/127.0.0.1:50937 - R:localhost/127.0.0.1:50685]' for 'POST' to 'http://localhost:50685/session/fabb2ffb76c94dcf75e21125cc463c12/element'
12:25:36.158 [Forwarding findElement on session fabb2ffb76c94dcf75e21125cc463c12 to remote] DEBUG org.asynchttpclient.netty.request.NettyRequestSender - Using open Channel [id: 0xb083d4ec, L:/127.0.0.1:50937 - R:localhost/127.0.0.1:50685] for POST '/session/fabb2ffb76c94dcf75e21125cc463c12/element'
12:25:36.172 [AsyncHttpClient-1-2] DEBUG org.asynchttpclient.netty.handler.HttpHandler - 

Request DefaultHttpRequest(decodeResult: success, version: HTTP/1.1)
POST /session/fabb2ffb76c94dcf75e21125cc463c12/element HTTP/1.1
User-Agent: selenium/4.4.0 (java windows)
Content-Length: 118
Content-Type: application/json; charset=utf-8
host: localhost:50685
accept: */*

Response DefaultHttpResponse(decodeResult: success, version: HTTP/1.1)
HTTP/1.1 200 OK
Content-Type: application/json; charset=utf-8
cache-control: no-cache
content-length: 127

12:25:36.172 [AsyncHttpClient-1-2] DEBUG org.asynchttpclient.netty.channel.ChannelManager - Adding key: http://localhost:50685 for channel [id: 0xb083d4ec, L:/127.0.0.1:50937 - R:localhost/127.0.0.1:50685]
12:25:36.173 [Forwarding clickElement on session fabb2ffb76c94dcf75e21125cc463c12 to remote] DEBUG org.asynchttpclient.netty.request.NettyRequestSender - Using pooled Channel '[id: 0xb083d4ec, L:/127.0.0.1:50937 - R:localhost/127.0.0.1:50685]' for 'POST' to 'http://localhost:50685/session/fabb2ffb76c94dcf75e21125cc463c12/element/f.7E9A709675F02E7E9E4ECE1EF325ABA8.d.7B739B07FF74A0695ACF5E55DF459409.e.350/click'
12:25:36.174 [Forwarding clickElement on session fabb2ffb76c94dcf75e21125cc463c12 to remote] DEBUG org.asynchttpclient.netty.request.NettyRequestSender - Using open Channel [id: 0xb083d4ec, L:/127.0.0.1:50937 - R:localhost/127.0.0.1:50685] for POST '/session/fabb2ffb76c94dcf75e21125cc463c12/element/f.7E9A709675F02E7E9E4ECE1EF325ABA8.d.7B739B07FF74A0695ACF5E55DF459409.e.350/click'
12:25:36.283 [AsyncHttpClient-1-2] DEBUG org.asynchttpclient.netty.handler.HttpHandler - 

Request DefaultHttpRequest(decodeResult: success, version: HTTP/1.1)
POST /session/fabb2ffb76c94dcf75e21125cc463c12/element/f.7E9A709675F02E7E9E4ECE1EF325ABA8.d.7B739B07FF74A0695ACF5E55DF459409.e.350/click HTTP/1.1
User-Agent: selenium/4.4.0 (java windows)
Content-Length: 89
Content-Type: application/json; charset=utf-8
host: localhost:50685
accept: */*

Response DefaultHttpResponse(decodeResult: success, version: HTTP/1.1)
HTTP/1.1 200 OK
Content-Type: application/json; charset=utf-8
cache-control: no-cache
content-length: 14

12:25:36.283 [AsyncHttpClient-1-2] DEBUG org.asynchttpclient.netty.channel.ChannelManager - Adding key: http://localhost:50685 for channel [id: 0xb083d4ec, L:/127.0.0.1:50937 - R:localhost/127.0.0.1:50685]
12:25:36.300 [Forwarding getCurrentWindowHandle on session fabb2ffb76c94dcf75e21125cc463c12 to remote] DEBUG org.asynchttpclient.netty.request.NettyRequestSender - Using pooled Channel '[id: 0xb083d4ec, L:/127.0.0.1:50937 - R:localhost/127.0.0.1:50685]' for 'GET' to 'http://localhost:50685/session/fabb2ffb76c94dcf75e21125cc463c12/window'
12:25:36.300 [Forwarding getCurrentWindowHandle on session fabb2ffb76c94dcf75e21125cc463c12 to remote] DEBUG org.asynchttpclient.netty.request.NettyRequestSender - Using open Channel [id: 0xb083d4ec, L:/127.0.0.1:50937 - R:localhost/127.0.0.1:50685] for GET '/session/fabb2ffb76c94dcf75e21125cc463c12/window'
12:25:36.306 [AsyncHttpClient-1-2] DEBUG org.asynchttpclient.netty.handler.HttpHandler - 

Request DefaultFullHttpRequest(decodeResult: success, version: HTTP/1.1, content: EmptyByteBufBE)
GET /session/fabb2ffb76c94dcf75e21125cc463c12/window HTTP/1.1
User-Agent: selenium/4.4.0 (java windows)
Cache-Control: no-cache
Content-Type: application/json; charset=utf-8
host: localhost:50685
accept: */*

Response DefaultHttpResponse(decodeResult: success, version: HTTP/1.1)
HTTP/1.1 200 OK
Content-Type: application/json; charset=utf-8
cache-control: no-cache
content-length: 44

12:25:36.306 [AsyncHttpClient-1-2] DEBUG org.asynchttpclient.netty.channel.ChannelManager - Adding key: http://localhost:50685 for channel [id: 0xb083d4ec, L:/127.0.0.1:50937 - R:localhost/127.0.0.1:50685]
12:25:36.325 [Forwarding getAlertText on session fabb2ffb76c94dcf75e21125cc463c12 to remote] DEBUG org.asynchttpclient.netty.request.NettyRequestSender - Using pooled Channel '[id: 0xb083d4ec, L:/127.0.0.1:50937 - R:localhost/127.0.0.1:50685]' for 'GET' to 'http://localhost:50685/session/fabb2ffb76c94dcf75e21125cc463c12/alert/text'
12:25:36.326 [Forwarding getAlertText on session fabb2ffb76c94dcf75e21125cc463c12 to remote] DEBUG org.asynchttpclient.netty.request.NettyRequestSender - Using open Channel [id: 0xb083d4ec, L:/127.0.0.1:50937 - R:localhost/127.0.0.1:50685] for GET '/session/fabb2ffb76c94dcf75e21125cc463c12/alert/text'
12:25:36.337 [AsyncHttpClient-1-2] DEBUG org.asynchttpclient.netty.handler.HttpHandler - 

Request DefaultFullHttpRequest(decodeResult: success, version: HTTP/1.1, content: EmptyByteBufBE)
GET /session/fabb2ffb76c94dcf75e21125cc463c12/alert/text HTTP/1.1
User-Agent: selenium/4.4.0 (java windows)
Cache-Control: no-cache
Content-Type: application/json; charset=utf-8
host: localhost:50685
accept: */*

Response DefaultHttpResponse(decodeResult: success, version: HTTP/1.1)
HTTP/1.1 404 Not Found
Content-Type: application/json; charset=utf-8
cache-control: no-cache
content-length: 1045

12:25:36.338 [AsyncHttpClient-1-2] DEBUG org.asynchttpclient.netty.channel.ChannelManager - Adding key: http://localhost:50685 for channel [id: 0xb083d4ec, L:/127.0.0.1:50937 - R:localhost/127.0.0.1:50685]
12:25:36.354 [Forwarding switchToWindow on session fabb2ffb76c94dcf75e21125cc463c12 to remote] DEBUG org.asynchttpclient.netty.request.NettyRequestSender - Using pooled Channel '[id: 0xb083d4ec, L:/127.0.0.1:50937 - R:localhost/127.0.0.1:50685]' for 'POST' to 'http://localhost:50685/session/fabb2ffb76c94dcf75e21125cc463c12/window'
12:25:36.354 [Forwarding switchToWindow on session fabb2ffb76c94dcf75e21125cc463c12 to remote] DEBUG org.asynchttpclient.netty.request.NettyRequestSender - Using open Channel [id: 0xb083d4ec, L:/127.0.0.1:50937 - R:localhost/127.0.0.1:50685] for POST '/session/fabb2ffb76c94dcf75e21125cc463c12/window'
12:25:36.359 [AsyncHttpClient-1-2] DEBUG org.asynchttpclient.netty.handler.HttpHandler - 

Request DefaultHttpRequest(decodeResult: success, version: HTTP/1.1)
POST /session/fabb2ffb76c94dcf75e21125cc463c12/window HTTP/1.1
User-Agent: selenium/4.4.0 (java windows)
Content-Length: 50
Content-Type: application/json; charset=utf-8
host: localhost:50685
accept: */*

Response DefaultHttpResponse(decodeResult: success, version: HTTP/1.1)
HTTP/1.1 200 OK
Content-Type: application/json; charset=utf-8
cache-control: no-cache
content-length: 14

12:25:36.359 [AsyncHttpClient-1-2] DEBUG org.asynchttpclient.netty.channel.ChannelManager - Adding key: http://localhost:50685 for channel [id: 0xb083d4ec, L:/127.0.0.1:50937 - R:localhost/127.0.0.1:50685]
12:25:36.360 [Forwarding getCurrentUrl on session fabb2ffb76c94dcf75e21125cc463c12 to remote] DEBUG org.asynchttpclient.netty.request.NettyRequestSender - Using pooled Channel '[id: 0xb083d4ec, L:/127.0.0.1:50937 - R:localhost/127.0.0.1:50685]' for 'GET' to 'http://localhost:50685/session/fabb2ffb76c94dcf75e21125cc463c12/url'
12:25:36.360 [Forwarding getCurrentUrl on session fabb2ffb76c94dcf75e21125cc463c12 to remote] DEBUG org.asynchttpclient.netty.request.NettyRequestSender - Using open Channel [id: 0xb083d4ec, L:/127.0.0.1:50937 - R:localhost/127.0.0.1:50685] for GET '/session/fabb2ffb76c94dcf75e21125cc463c12/url'
12:25:36.376 [AsyncHttpClient-1-2] DEBUG org.asynchttpclient.netty.handler.HttpHandler - 

Request DefaultFullHttpRequest(decodeResult: success, version: HTTP/1.1, content: EmptyByteBufBE)
GET /session/fabb2ffb76c94dcf75e21125cc463c12/url HTTP/1.1
User-Agent: selenium/4.4.0 (java windows)
Cache-Control: no-cache
Content-Type: application/json; charset=utf-8
host: localhost:50685
accept: */*

Response DefaultHttpResponse(decodeResult: success, version: HTTP/1.1)
HTTP/1.1 200 OK
Content-Type: application/json; charset=utf-8
cache-control: no-cache
content-length: 56

12:25:36.376 [AsyncHttpClient-1-2] DEBUG org.asynchttpclient.netty.channel.ChannelManager - Adding key: http://localhost:50685 for channel [id: 0xb083d4ec, L:/127.0.0.1:50937 - R:localhost/127.0.0.1:50685]
12:25:36.379 [Forwarding screenshot on session fabb2ffb76c94dcf75e21125cc463c12 to remote] DEBUG org.asynchttpclient.netty.request.NettyRequestSender - Using pooled Channel '[id: 0xb083d4ec, L:/127.0.0.1:50937 - R:localhost/127.0.0.1:50685]' for 'GET' to 'http://localhost:50685/session/fabb2ffb76c94dcf75e21125cc463c12/screenshot'
12:25:36.380 [Forwarding screenshot on session fabb2ffb76c94dcf75e21125cc463c12 to remote] DEBUG org.asynchttpclient.netty.request.NettyRequestSender - Using open Channel [id: 0xb083d4ec, L:/127.0.0.1:50937 - R:localhost/127.0.0.1:50685] for GET '/session/fabb2ffb76c94dcf75e21125cc463c12/screenshot'
12:25:36.479 [AsyncHttpClient-1-1] DEBUG org.asynchttpclient.netty.channel.DefaultChannelPool - Entry count for : http://localhost:50938 : 1
12:25:36.560 [AsyncHttpClient-1-2] DEBUG org.asynchttpclient.netty.handler.HttpHandler - 

Request DefaultFullHttpRequest(decodeResult: success, version: HTTP/1.1, content: EmptyByteBufBE)
GET /session/fabb2ffb76c94dcf75e21125cc463c12/screenshot HTTP/1.1
User-Agent: selenium/4.4.0 (java windows)
Cache-Control: no-cache
Content-Type: application/json; charset=utf-8
host: localhost:50685
accept: */*

Response DefaultHttpResponse(decodeResult: success, version: HTTP/1.1)
HTTP/1.1 200 OK
Content-Type: application/json; charset=utf-8
cache-control: no-cache
content-length: 522356

12:25:36.561 [AsyncHttpClient-1-2] DEBUG org.asynchttpclient.netty.channel.ChannelManager - Adding key: http://localhost:50685 for channel [id: 0xb083d4ec, L:/127.0.0.1:50937 - R:localhost/127.0.0.1:50685]
12:25:36.577 [Test worker] DEBUG net.serenitybdd.core.photography.Darkroom - Send negative for processing for C:\Users\pcnit\Downloads\TestE2E\target\site\serenity\3679c5fb27df5b3eed53c597b16bcaf1cc873bf72ca299cfbca0ea1dcba8884b.png
12:25:36.577 [Darkroom Processing Line] DEBUG net.serenitybdd.core.photography.DarkroomProcessingLine - Processing screenshot image in /var/screenshots/screenshot-14198345553278314791
12:25:36.577 [Darkroom Processing Line] DEBUG net.serenitybdd.core.photography.DarkroomProcessingLine - Saving screenshot to C:\Users\pcnit\Downloads\TestE2E\target\site\serenity\3679c5fb27df5b3eed53c597b16bcaf1cc873bf72ca299cfbca0ea1dcba8884b.png
12:25:36.592 [Forwarding getPageSource on session fabb2ffb76c94dcf75e21125cc463c12 to remote] DEBUG org.asynchttpclient.netty.request.NettyRequestSender - Using pooled Channel '[id: 0xb083d4ec, L:/127.0.0.1:50937 - R:localhost/127.0.0.1:50685]' for 'POST' to 'http://localhost:50685/session/fabb2ffb76c94dcf75e21125cc463c12/execute/sync'
12:25:36.594 [Forwarding getPageSource on session fabb2ffb76c94dcf75e21125cc463c12 to remote] DEBUG org.asynchttpclient.netty.request.NettyRequestSender - Using open Channel [id: 0xb083d4ec, L:/127.0.0.1:50937 - R:localhost/127.0.0.1:50685] for POST '/session/fabb2ffb76c94dcf75e21125cc463c12/execute/sync'
12:25:36.605 [AsyncHttpClient-1-2] DEBUG org.asynchttpclient.netty.handler.HttpHandler - 

Request DefaultHttpRequest(decodeResult: success, version: HTTP/1.1)
POST /session/fabb2ffb76c94dcf75e21125cc463c12/execute/sync HTTP/1.1
User-Agent: selenium/4.4.0 (java windows)
Content-Length: 176
Content-Type: application/json; charset=utf-8
host: localhost:50685
accept: */*

Response DefaultHttpResponse(decodeResult: success, version: HTTP/1.1)
HTTP/1.1 500 Internal Server Error
Content-Type: application/json; charset=utf-8
cache-control: no-cache
content-length: 1179

12:25:36.605 [AsyncHttpClient-1-2] DEBUG org.asynchttpclient.netty.channel.ChannelManager - Adding key: http://localhost:50685 for channel [id: 0xb083d4ec, L:/127.0.0.1:50937 - R:localhost/127.0.0.1:50685]
12:25:36.608 [Forwarding getCurrentUrl on session fabb2ffb76c94dcf75e21125cc463c12 to remote] DEBUG org.asynchttpclient.netty.request.NettyRequestSender - Using pooled Channel '[id: 0xb083d4ec, L:/127.0.0.1:50937 - R:localhost/127.0.0.1:50685]' for 'GET' to 'http://localhost:50685/session/fabb2ffb76c94dcf75e21125cc463c12/url'
12:25:36.608 [Forwarding getCurrentUrl on session fabb2ffb76c94dcf75e21125cc463c12 to remote] DEBUG org.asynchttpclient.netty.request.NettyRequestSender - Using open Channel [id: 0xb083d4ec, L:/127.0.0.1:50937 - R:localhost/127.0.0.1:50685] for GET '/session/fabb2ffb76c94dcf75e21125cc463c12/url'
12:25:36.626 [AsyncHttpClient-1-2] DEBUG org.asynchttpclient.netty.handler.HttpHandler - 

Request DefaultFullHttpRequest(decodeResult: success, version: HTTP/1.1, content: EmptyByteBufBE)
GET /session/fabb2ffb76c94dcf75e21125cc463c12/url HTTP/1.1
User-Agent: selenium/4.4.0 (java windows)
Cache-Control: no-cache
Content-Type: application/json; charset=utf-8
host: localhost:50685
accept: */*

Response DefaultHttpResponse(decodeResult: success, version: HTTP/1.1)
HTTP/1.1 500 Internal Server Error
Content-Type: application/json; charset=utf-8
cache-control: no-cache
content-length: 1009

12:25:36.626 [AsyncHttpClient-1-2] DEBUG org.asynchttpclient.netty.channel.ChannelManager - Adding key: http://localhost:50685 for channel [id: 0xb083d4ec, L:/127.0.0.1:50937 - R:localhost/127.0.0.1:50685]
12:25:36.686 [Forwarding getCurrentWindowHandle on session fabb2ffb76c94dcf75e21125cc463c12 to remote] DEBUG org.asynchttpclient.netty.request.NettyRequestSender - Using pooled Channel '[id: 0xb083d4ec, L:/127.0.0.1:50937 - R:localhost/127.0.0.1:50685]' for 'GET' to 'http://localhost:50685/session/fabb2ffb76c94dcf75e21125cc463c12/window'
12:25:36.686 [Forwarding getCurrentWindowHandle on session fabb2ffb76c94dcf75e21125cc463c12 to remote] DEBUG org.asynchttpclient.netty.request.NettyRequestSender - Using open Channel [id: 0xb083d4ec, L:/127.0.0.1:50937 - R:localhost/127.0.0.1:50685] for GET '/session/fabb2ffb76c94dcf75e21125cc463c12/window'
12:25:36.697 [AsyncHttpClient-1-2] DEBUG org.asynchttpclient.netty.handler.HttpHandler - 

Request DefaultFullHttpRequest(decodeResult: success, version: HTTP/1.1, content: EmptyByteBufBE)
GET /session/fabb2ffb76c94dcf75e21125cc463c12/window HTTP/1.1
User-Agent: selenium/4.4.0 (java windows)
Cache-Control: no-cache
Content-Type: application/json; charset=utf-8
host: localhost:50685
accept: */*

Response DefaultHttpResponse(decodeResult: success, version: HTTP/1.1)
HTTP/1.1 200 OK
Content-Type: application/json; charset=utf-8
cache-control: no-cache
content-length: 44

12:25:36.697 [AsyncHttpClient-1-2] DEBUG org.asynchttpclient.netty.channel.ChannelManager - Adding key: http://localhost:50685 for channel [id: 0xb083d4ec, L:/127.0.0.1:50937 - R:localhost/127.0.0.1:50685]
12:25:36.727 [Forwarding getAlertText on session fabb2ffb76c94dcf75e21125cc463c12 to remote] DEBUG org.asynchttpclient.netty.request.NettyRequestSender - Using pooled Channel '[id: 0xb083d4ec, L:/127.0.0.1:50937 - R:localhost/127.0.0.1:50685]' for 'GET' to 'http://localhost:50685/session/fabb2ffb76c94dcf75e21125cc463c12/alert/text'
12:25:36.727 [Forwarding getAlertText on session fabb2ffb76c94dcf75e21125cc463c12 to remote] DEBUG org.asynchttpclient.netty.request.NettyRequestSender - Using open Channel [id: 0xb083d4ec, L:/127.0.0.1:50937 - R:localhost/127.0.0.1:50685] for GET '/session/fabb2ffb76c94dcf75e21125cc463c12/alert/text'
12:25:36.739 [AsyncHttpClient-1-2] DEBUG org.asynchttpclient.netty.handler.HttpHandler - 

Request DefaultFullHttpRequest(decodeResult: success, version: HTTP/1.1, content: EmptyByteBufBE)
GET /session/fabb2ffb76c94dcf75e21125cc463c12/alert/text HTTP/1.1
User-Agent: selenium/4.4.0 (java windows)
Cache-Control: no-cache
Content-Type: application/json; charset=utf-8
host: localhost:50685
accept: */*

Response DefaultHttpResponse(decodeResult: success, version: HTTP/1.1)
HTTP/1.1 404 Not Found
Content-Type: application/json; charset=utf-8
cache-control: no-cache
content-length: 1045

12:25:36.739 [AsyncHttpClient-1-2] DEBUG org.asynchttpclient.netty.channel.ChannelManager - Adding key: http://localhost:50685 for channel [id: 0xb083d4ec, L:/127.0.0.1:50937 - R:localhost/127.0.0.1:50685]
12:25:36.756 [Forwarding switchToWindow on session fabb2ffb76c94dcf75e21125cc463c12 to remote] DEBUG org.asynchttpclient.netty.request.NettyRequestSender - Using pooled Channel '[id: 0xb083d4ec, L:/127.0.0.1:50937 - R:localhost/127.0.0.1:50685]' for 'POST' to 'http://localhost:50685/session/fabb2ffb76c94dcf75e21125cc463c12/window'
12:25:36.756 [Forwarding switchToWindow on session fabb2ffb76c94dcf75e21125cc463c12 to remote] DEBUG org.asynchttpclient.netty.request.NettyRequestSender - Using open Channel [id: 0xb083d4ec, L:/127.0.0.1:50937 - R:localhost/127.0.0.1:50685] for POST '/session/fabb2ffb76c94dcf75e21125cc463c12/window'
12:25:36.766 [AsyncHttpClient-1-2] DEBUG org.asynchttpclient.netty.handler.HttpHandler - 

Request DefaultHttpRequest(decodeResult: success, version: HTTP/1.1)
POST /session/fabb2ffb76c94dcf75e21125cc463c12/window HTTP/1.1
User-Agent: selenium/4.4.0 (java windows)
Content-Length: 50
Content-Type: application/json; charset=utf-8
host: localhost:50685
accept: */*

Response DefaultHttpResponse(decodeResult: success, version: HTTP/1.1)
HTTP/1.1 200 OK
Content-Type: application/json; charset=utf-8
cache-control: no-cache
content-length: 14

12:25:36.766 [AsyncHttpClient-1-2] DEBUG org.asynchttpclient.netty.channel.ChannelManager - Adding key: http://localhost:50685 for channel [id: 0xb083d4ec, L:/127.0.0.1:50937 - R:localhost/127.0.0.1:50685]
12:25:36.768 [Forwarding getCurrentUrl on session fabb2ffb76c94dcf75e21125cc463c12 to remote] DEBUG org.asynchttpclient.netty.request.NettyRequestSender - Using pooled Channel '[id: 0xb083d4ec, L:/127.0.0.1:50937 - R:localhost/127.0.0.1:50685]' for 'GET' to 'http://localhost:50685/session/fabb2ffb76c94dcf75e21125cc463c12/url'
12:25:36.768 [Forwarding getCurrentUrl on session fabb2ffb76c94dcf75e21125cc463c12 to remote] DEBUG org.asynchttpclient.netty.request.NettyRequestSender - Using open Channel [id: 0xb083d4ec, L:/127.0.0.1:50937 - R:localhost/127.0.0.1:50685] for GET '/session/fabb2ffb76c94dcf75e21125cc463c12/url'
12:25:36.787 [AsyncHttpClient-1-2] DEBUG org.asynchttpclient.netty.handler.HttpHandler - 

Request DefaultFullHttpRequest(decodeResult: success, version: HTTP/1.1, content: EmptyByteBufBE)
GET /session/fabb2ffb76c94dcf75e21125cc463c12/url HTTP/1.1
User-Agent: selenium/4.4.0 (java windows)
Cache-Control: no-cache
Content-Type: application/json; charset=utf-8
host: localhost:50685
accept: */*

Response DefaultHttpResponse(decodeResult: success, version: HTTP/1.1)
HTTP/1.1 200 OK
Content-Type: application/json; charset=utf-8
cache-control: no-cache
content-length: 56

12:25:36.787 [AsyncHttpClient-1-2] DEBUG org.asynchttpclient.netty.channel.ChannelManager - Adding key: http://localhost:50685 for channel [id: 0xb083d4ec, L:/127.0.0.1:50937 - R:localhost/127.0.0.1:50685]
12:25:36.792 [Forwarding screenshot on session fabb2ffb76c94dcf75e21125cc463c12 to remote] DEBUG org.asynchttpclient.netty.request.NettyRequestSender - Using pooled Channel '[id: 0xb083d4ec, L:/127.0.0.1:50937 - R:localhost/127.0.0.1:50685]' for 'GET' to 'http://localhost:50685/session/fabb2ffb76c94dcf75e21125cc463c12/screenshot'
12:25:36.792 [Forwarding screenshot on session fabb2ffb76c94dcf75e21125cc463c12 to remote] DEBUG org.asynchttpclient.netty.request.NettyRequestSender - Using open Channel [id: 0xb083d4ec, L:/127.0.0.1:50937 - R:localhost/127.0.0.1:50685] for GET '/session/fabb2ffb76c94dcf75e21125cc463c12/screenshot'
12:25:37.013 [AsyncHttpClient-1-2] DEBUG org.asynchttpclient.netty.handler.HttpHandler - 

Request DefaultFullHttpRequest(decodeResult: success, version: HTTP/1.1, content: EmptyByteBufBE)
GET /session/fabb2ffb76c94dcf75e21125cc463c12/screenshot HTTP/1.1
User-Agent: selenium/4.4.0 (java windows)
Cache-Control: no-cache
Content-Type: application/json; charset=utf-8
host: localhost:50685
accept: */*

Response DefaultHttpResponse(decodeResult: success, version: HTTP/1.1)
HTTP/1.1 200 OK
Content-Type: application/json; charset=utf-8
cache-control: no-cache
content-length: 522424

12:25:37.016 [AsyncHttpClient-1-2] DEBUG org.asynchttpclient.netty.channel.ChannelManager - Adding key: http://localhost:50685 for channel [id: 0xb083d4ec, L:/127.0.0.1:50937 - R:localhost/127.0.0.1:50685]
12:25:37.026 [Test worker] DEBUG net.serenitybdd.core.photography.Darkroom - Send negative for processing for C:\Users\pcnit\Downloads\TestE2E\target\site\serenity\561fea060458b4759e30b977dcc04c7f1d937dec867c18ca212db7fe667cde06.png
12:25:37.027 [Test worker] DEBUG net.thucydides.core.steps.StepInterceptor - STEP DONE: {0} clicks on #target
12:25:37.052 [Test worker] DEBUG net.thucydides.core.steps.StepInterceptor - STEP DONE: performAs
  ?[32mEntonces ?[0m?[32mCompra producto?[0m                               ?[90m# co.com.screemplay.project.stepdefinition.CompleteStep.buyProduct()?[0m
12:25:37.106 [Forwarding getCurrentWindowHandle on session fabb2ffb76c94dcf75e21125cc463c12 to remote] DEBUG org.asynchttpclient.netty.request.NettyRequestSender - Using pooled Channel '[id: 0xb083d4ec, L:/127.0.0.1:50937 - R:localhost/127.0.0.1:50685]' for 'GET' to 'http://localhost:50685/session/fabb2ffb76c94dcf75e21125cc463c12/window'
12:25:37.106 [Forwarding getCurrentWindowHandle on session fabb2ffb76c94dcf75e21125cc463c12 to remote] DEBUG org.asynchttpclient.netty.request.NettyRequestSender - Using open Channel [id: 0xb083d4ec, L:/127.0.0.1:50937 - R:localhost/127.0.0.1:50685] for GET '/session/fabb2ffb76c94dcf75e21125cc463c12/window'
12:25:37.112 [AsyncHttpClient-1-2] DEBUG org.asynchttpclient.netty.handler.HttpHandler - 

Request DefaultFullHttpRequest(decodeResult: success, version: HTTP/1.1, content: EmptyByteBufBE)
GET /session/fabb2ffb76c94dcf75e21125cc463c12/window HTTP/1.1
User-Agent: selenium/4.4.0 (java windows)
Cache-Control: no-cache
Content-Type: application/json; charset=utf-8
host: localhost:50685
accept: */*

Response DefaultHttpResponse(decodeResult: success, version: HTTP/1.1)
HTTP/1.1 200 OK
Content-Type: application/json; charset=utf-8
cache-control: no-cache
content-length: 44

12:25:37.112 [AsyncHttpClient-1-2] DEBUG org.asynchttpclient.netty.channel.ChannelManager - Adding key: http://localhost:50685 for channel [id: 0xb083d4ec, L:/127.0.0.1:50937 - R:localhost/127.0.0.1:50685]
12:25:37.125 [Forwarding getAlertText on session fabb2ffb76c94dcf75e21125cc463c12 to remote] DEBUG org.asynchttpclient.netty.request.NettyRequestSender - Using pooled Channel '[id: 0xb083d4ec, L:/127.0.0.1:50937 - R:localhost/127.0.0.1:50685]' for 'GET' to 'http://localhost:50685/session/fabb2ffb76c94dcf75e21125cc463c12/alert/text'
12:25:37.126 [Forwarding getAlertText on session fabb2ffb76c94dcf75e21125cc463c12 to remote] DEBUG org.asynchttpclient.netty.request.NettyRequestSender - Using open Channel [id: 0xb083d4ec, L:/127.0.0.1:50937 - R:localhost/127.0.0.1:50685] for GET '/session/fabb2ffb76c94dcf75e21125cc463c12/alert/text'
12:25:37.135 [AsyncHttpClient-1-2] DEBUG org.asynchttpclient.netty.handler.HttpHandler - 

Request DefaultFullHttpRequest(decodeResult: success, version: HTTP/1.1, content: EmptyByteBufBE)
GET /session/fabb2ffb76c94dcf75e21125cc463c12/alert/text HTTP/1.1
User-Agent: selenium/4.4.0 (java windows)
Cache-Control: no-cache
Content-Type: application/json; charset=utf-8
host: localhost:50685
accept: */*

Response DefaultHttpResponse(decodeResult: success, version: HTTP/1.1)
HTTP/1.1 404 Not Found
Content-Type: application/json; charset=utf-8
cache-control: no-cache
content-length: 1045

12:25:37.135 [AsyncHttpClient-1-2] DEBUG org.asynchttpclient.netty.channel.ChannelManager - Adding key: http://localhost:50685 for channel [id: 0xb083d4ec, L:/127.0.0.1:50937 - R:localhost/127.0.0.1:50685]
12:25:37.147 [Forwarding switchToWindow on session fabb2ffb76c94dcf75e21125cc463c12 to remote] DEBUG org.asynchttpclient.netty.request.NettyRequestSender - Using pooled Channel '[id: 0xb083d4ec, L:/127.0.0.1:50937 - R:localhost/127.0.0.1:50685]' for 'POST' to 'http://localhost:50685/session/fabb2ffb76c94dcf75e21125cc463c12/window'
12:25:37.148 [Forwarding switchToWindow on session fabb2ffb76c94dcf75e21125cc463c12 to remote] DEBUG org.asynchttpclient.netty.request.NettyRequestSender - Using open Channel [id: 0xb083d4ec, L:/127.0.0.1:50937 - R:localhost/127.0.0.1:50685] for POST '/session/fabb2ffb76c94dcf75e21125cc463c12/window'
12:25:37.151 [AsyncHttpClient-1-2] DEBUG org.asynchttpclient.netty.handler.HttpHandler - 

Request DefaultHttpRequest(decodeResult: success, version: HTTP/1.1)
POST /session/fabb2ffb76c94dcf75e21125cc463c12/window HTTP/1.1
User-Agent: selenium/4.4.0 (java windows)
Content-Length: 50
Content-Type: application/json; charset=utf-8
host: localhost:50685
accept: */*

Response DefaultHttpResponse(decodeResult: success, version: HTTP/1.1)
HTTP/1.1 200 OK
Content-Type: application/json; charset=utf-8
cache-control: no-cache
content-length: 14

12:25:37.152 [AsyncHttpClient-1-2] DEBUG org.asynchttpclient.netty.channel.ChannelManager - Adding key: http://localhost:50685 for channel [id: 0xb083d4ec, L:/127.0.0.1:50937 - R:localhost/127.0.0.1:50685]
12:25:37.153 [Forwarding getCurrentUrl on session fabb2ffb76c94dcf75e21125cc463c12 to remote] DEBUG org.asynchttpclient.netty.request.NettyRequestSender - Using pooled Channel '[id: 0xb083d4ec, L:/127.0.0.1:50937 - R:localhost/127.0.0.1:50685]' for 'GET' to 'http://localhost:50685/session/fabb2ffb76c94dcf75e21125cc463c12/url'
12:25:37.153 [Forwarding getCurrentUrl on session fabb2ffb76c94dcf75e21125cc463c12 to remote] DEBUG org.asynchttpclient.netty.request.NettyRequestSender - Using open Channel [id: 0xb083d4ec, L:/127.0.0.1:50937 - R:localhost/127.0.0.1:50685] for GET '/session/fabb2ffb76c94dcf75e21125cc463c12/url'
12:25:37.177 [AsyncHttpClient-1-2] DEBUG org.asynchttpclient.netty.handler.HttpHandler - 

Request DefaultFullHttpRequest(decodeResult: success, version: HTTP/1.1, content: EmptyByteBufBE)
GET /session/fabb2ffb76c94dcf75e21125cc463c12/url HTTP/1.1
User-Agent: selenium/4.4.0 (java windows)
Cache-Control: no-cache
Content-Type: application/json; charset=utf-8
host: localhost:50685
accept: */*

Response DefaultHttpResponse(decodeResult: success, version: HTTP/1.1)
HTTP/1.1 200 OK
Content-Type: application/json; charset=utf-8
cache-control: no-cache
content-length: 56

12:25:37.178 [AsyncHttpClient-1-2] DEBUG org.asynchttpclient.netty.channel.ChannelManager - Adding key: http://localhost:50685 for channel [id: 0xb083d4ec, L:/127.0.0.1:50937 - R:localhost/127.0.0.1:50685]
12:25:37.180 [Forwarding screenshot on session fabb2ffb76c94dcf75e21125cc463c12 to remote] DEBUG org.asynchttpclient.netty.request.NettyRequestSender - Using pooled Channel '[id: 0xb083d4ec, L:/127.0.0.1:50937 - R:localhost/127.0.0.1:50685]' for 'GET' to 'http://localhost:50685/session/fabb2ffb76c94dcf75e21125cc463c12/screenshot'
12:25:37.180 [Forwarding screenshot on session fabb2ffb76c94dcf75e21125cc463c12 to remote] DEBUG org.asynchttpclient.netty.request.NettyRequestSender - Using open Channel [id: 0xb083d4ec, L:/127.0.0.1:50937 - R:localhost/127.0.0.1:50685] for GET '/session/fabb2ffb76c94dcf75e21125cc463c12/screenshot'
12:25:37.373 [AsyncHttpClient-1-2] DEBUG org.asynchttpclient.netty.handler.HttpHandler - 

Request DefaultFullHttpRequest(decodeResult: success, version: HTTP/1.1, content: EmptyByteBufBE)
GET /session/fabb2ffb76c94dcf75e21125cc463c12/screenshot HTTP/1.1
User-Agent: selenium/4.4.0 (java windows)
Cache-Control: no-cache
Content-Type: application/json; charset=utf-8
host: localhost:50685
accept: */*

Response DefaultHttpResponse(decodeResult: success, version: HTTP/1.1)
HTTP/1.1 200 OK
Content-Type: application/json; charset=utf-8
cache-control: no-cache
content-length: 522424

12:25:37.374 [AsyncHttpClient-1-2] DEBUG org.asynchttpclient.netty.channel.ChannelManager - Adding key: http://localhost:50685 for channel [id: 0xb083d4ec, L:/127.0.0.1:50937 - R:localhost/127.0.0.1:50685]
12:25:37.388 [Test worker] DEBUG net.serenitybdd.core.photography.Darkroom - Send negative for processing for C:\Users\pcnit\Downloads\TestE2E\target\site\serenity\561fea060458b4759e30b977dcc04c7f1d937dec867c18ca212db7fe667cde06.png
12:25:37.397 [Forwarding getPageSource on session fabb2ffb76c94dcf75e21125cc463c12 to remote] DEBUG org.asynchttpclient.netty.request.NettyRequestSender - Using pooled Channel '[id: 0xb083d4ec, L:/127.0.0.1:50937 - R:localhost/127.0.0.1:50685]' for 'POST' to 'http://localhost:50685/session/fabb2ffb76c94dcf75e21125cc463c12/execute/sync'
12:25:37.397 [Forwarding getPageSource on session fabb2ffb76c94dcf75e21125cc463c12 to remote] DEBUG org.asynchttpclient.netty.request.NettyRequestSender - Using open Channel [id: 0xb083d4ec, L:/127.0.0.1:50937 - R:localhost/127.0.0.1:50685] for POST '/session/fabb2ffb76c94dcf75e21125cc463c12/execute/sync'
12:25:37.410 [AsyncHttpClient-1-2] DEBUG org.asynchttpclient.netty.handler.HttpHandler - 

Request DefaultHttpRequest(decodeResult: success, version: HTTP/1.1)
POST /session/fabb2ffb76c94dcf75e21125cc463c12/execute/sync HTTP/1.1
User-Agent: selenium/4.4.0 (java windows)
Content-Length: 176
Content-Type: application/json; charset=utf-8
host: localhost:50685
accept: */*

Response DefaultHttpResponse(decodeResult: success, version: HTTP/1.1)
HTTP/1.1 200 OK
Content-Type: application/json; charset=utf-8
cache-control: no-cache
content-length: 54626

12:25:37.411 [AsyncHttpClient-1-2] DEBUG org.asynchttpclient.netty.channel.ChannelManager - Adding key: http://localhost:50685 for channel [id: 0xb083d4ec, L:/127.0.0.1:50937 - R:localhost/127.0.0.1:50685]
12:25:37.416 [Forwarding getCurrentUrl on session fabb2ffb76c94dcf75e21125cc463c12 to remote] DEBUG org.asynchttpclient.netty.request.NettyRequestSender - Using pooled Channel '[id: 0xb083d4ec, L:/127.0.0.1:50937 - R:localhost/127.0.0.1:50685]' for 'GET' to 'http://localhost:50685/session/fabb2ffb76c94dcf75e21125cc463c12/url'
12:25:37.416 [Forwarding getCurrentUrl on session fabb2ffb76c94dcf75e21125cc463c12 to remote] DEBUG org.asynchttpclient.netty.request.NettyRequestSender - Using open Channel [id: 0xb083d4ec, L:/127.0.0.1:50937 - R:localhost/127.0.0.1:50685] for GET '/session/fabb2ffb76c94dcf75e21125cc463c12/url'
12:25:37.432 [AsyncHttpClient-1-2] DEBUG org.asynchttpclient.netty.handler.HttpHandler - 

Request DefaultFullHttpRequest(decodeResult: success, version: HTTP/1.1, content: EmptyByteBufBE)
GET /session/fabb2ffb76c94dcf75e21125cc463c12/url HTTP/1.1
User-Agent: selenium/4.4.0 (java windows)
Cache-Control: no-cache
Content-Type: application/json; charset=utf-8
host: localhost:50685
accept: */*

Response DefaultHttpResponse(decodeResult: success, version: HTTP/1.1)
HTTP/1.1 200 OK
Content-Type: application/json; charset=utf-8
cache-control: no-cache
content-length: 56

12:25:37.432 [AsyncHttpClient-1-2] DEBUG org.asynchttpclient.netty.channel.ChannelManager - Adding key: http://localhost:50685 for channel [id: 0xb083d4ec, L:/127.0.0.1:50937 - R:localhost/127.0.0.1:50685]
12:25:37.476 [Forwarding getCurrentWindowHandle on session fabb2ffb76c94dcf75e21125cc463c12 to remote] DEBUG org.asynchttpclient.netty.request.NettyRequestSender - Using pooled Channel '[id: 0xb083d4ec, L:/127.0.0.1:50937 - R:localhost/127.0.0.1:50685]' for 'GET' to 'http://localhost:50685/session/fabb2ffb76c94dcf75e21125cc463c12/window'
12:25:37.476 [Forwarding getCurrentWindowHandle on session fabb2ffb76c94dcf75e21125cc463c12 to remote] DEBUG org.asynchttpclient.netty.request.NettyRequestSender - Using open Channel [id: 0xb083d4ec, L:/127.0.0.1:50937 - R:localhost/127.0.0.1:50685] for GET '/session/fabb2ffb76c94dcf75e21125cc463c12/window'
12:25:37.481 [AsyncHttpClient-1-2] DEBUG org.asynchttpclient.netty.handler.HttpHandler - 

Request DefaultFullHttpRequest(decodeResult: success, version: HTTP/1.1, content: EmptyByteBufBE)
GET /session/fabb2ffb76c94dcf75e21125cc463c12/window HTTP/1.1
User-Agent: selenium/4.4.0 (java windows)
Cache-Control: no-cache
Content-Type: application/json; charset=utf-8
host: localhost:50685
accept: */*

Response DefaultHttpResponse(decodeResult: success, version: HTTP/1.1)
HTTP/1.1 200 OK
Content-Type: application/json; charset=utf-8
cache-control: no-cache
content-length: 44

12:25:37.481 [AsyncHttpClient-1-2] DEBUG org.asynchttpclient.netty.channel.ChannelManager - Adding key: http://localhost:50685 for channel [id: 0xb083d4ec, L:/127.0.0.1:50937 - R:localhost/127.0.0.1:50685]
12:25:37.491 [Forwarding getAlertText on session fabb2ffb76c94dcf75e21125cc463c12 to remote] DEBUG org.asynchttpclient.netty.request.NettyRequestSender - Using pooled Channel '[id: 0xb083d4ec, L:/127.0.0.1:50937 - R:localhost/127.0.0.1:50685]' for 'GET' to 'http://localhost:50685/session/fabb2ffb76c94dcf75e21125cc463c12/alert/text'
12:25:37.491 [Forwarding getAlertText on session fabb2ffb76c94dcf75e21125cc463c12 to remote] DEBUG org.asynchttpclient.netty.request.NettyRequestSender - Using open Channel [id: 0xb083d4ec, L:/127.0.0.1:50937 - R:localhost/127.0.0.1:50685] for GET '/session/fabb2ffb76c94dcf75e21125cc463c12/alert/text'
12:25:37.499 [AsyncHttpClient-1-2] DEBUG org.asynchttpclient.netty.handler.HttpHandler - 

Request DefaultFullHttpRequest(decodeResult: success, version: HTTP/1.1, content: EmptyByteBufBE)
GET /session/fabb2ffb76c94dcf75e21125cc463c12/alert/text HTTP/1.1
User-Agent: selenium/4.4.0 (java windows)
Cache-Control: no-cache
Content-Type: application/json; charset=utf-8
host: localhost:50685
accept: */*

Response DefaultHttpResponse(decodeResult: success, version: HTTP/1.1)
HTTP/1.1 404 Not Found
Content-Type: application/json; charset=utf-8
cache-control: no-cache
content-length: 1045

12:25:37.500 [AsyncHttpClient-1-2] DEBUG org.asynchttpclient.netty.channel.ChannelManager - Adding key: http://localhost:50685 for channel [id: 0xb083d4ec, L:/127.0.0.1:50937 - R:localhost/127.0.0.1:50685]
12:25:37.510 [Forwarding switchToWindow on session fabb2ffb76c94dcf75e21125cc463c12 to remote] DEBUG org.asynchttpclient.netty.request.NettyRequestSender - Using pooled Channel '[id: 0xb083d4ec, L:/127.0.0.1:50937 - R:localhost/127.0.0.1:50685]' for 'POST' to 'http://localhost:50685/session/fabb2ffb76c94dcf75e21125cc463c12/window'
12:25:37.510 [Forwarding switchToWindow on session fabb2ffb76c94dcf75e21125cc463c12 to remote] DEBUG org.asynchttpclient.netty.request.NettyRequestSender - Using open Channel [id: 0xb083d4ec, L:/127.0.0.1:50937 - R:localhost/127.0.0.1:50685] for POST '/session/fabb2ffb76c94dcf75e21125cc463c12/window'
12:25:37.514 [AsyncHttpClient-1-2] DEBUG org.asynchttpclient.netty.handler.HttpHandler - 

Request DefaultHttpRequest(decodeResult: success, version: HTTP/1.1)
POST /session/fabb2ffb76c94dcf75e21125cc463c12/window HTTP/1.1
User-Agent: selenium/4.4.0 (java windows)
Content-Length: 50
Content-Type: application/json; charset=utf-8
host: localhost:50685
accept: */*

Response DefaultHttpResponse(decodeResult: success, version: HTTP/1.1)
HTTP/1.1 200 OK
Content-Type: application/json; charset=utf-8
cache-control: no-cache
content-length: 14

12:25:37.515 [AsyncHttpClient-1-2] DEBUG org.asynchttpclient.netty.channel.ChannelManager - Adding key: http://localhost:50685 for channel [id: 0xb083d4ec, L:/127.0.0.1:50937 - R:localhost/127.0.0.1:50685]
12:25:37.515 [Forwarding getCurrentUrl on session fabb2ffb76c94dcf75e21125cc463c12 to remote] DEBUG org.asynchttpclient.netty.request.NettyRequestSender - Using pooled Channel '[id: 0xb083d4ec, L:/127.0.0.1:50937 - R:localhost/127.0.0.1:50685]' for 'GET' to 'http://localhost:50685/session/fabb2ffb76c94dcf75e21125cc463c12/url'
12:25:37.515 [Forwarding getCurrentUrl on session fabb2ffb76c94dcf75e21125cc463c12 to remote] DEBUG org.asynchttpclient.netty.request.NettyRequestSender - Using open Channel [id: 0xb083d4ec, L:/127.0.0.1:50937 - R:localhost/127.0.0.1:50685] for GET '/session/fabb2ffb76c94dcf75e21125cc463c12/url'
12:25:37.529 [AsyncHttpClient-1-2] DEBUG org.asynchttpclient.netty.handler.HttpHandler - 

Request DefaultFullHttpRequest(decodeResult: success, version: HTTP/1.1, content: EmptyByteBufBE)
GET /session/fabb2ffb76c94dcf75e21125cc463c12/url HTTP/1.1
User-Agent: selenium/4.4.0 (java windows)
Cache-Control: no-cache
Content-Type: application/json; charset=utf-8
host: localhost:50685
accept: */*

Response DefaultHttpResponse(decodeResult: success, version: HTTP/1.1)
HTTP/1.1 200 OK
Content-Type: application/json; charset=utf-8
cache-control: no-cache
content-length: 56

12:25:37.529 [AsyncHttpClient-1-2] DEBUG org.asynchttpclient.netty.channel.ChannelManager - Adding key: http://localhost:50685 for channel [id: 0xb083d4ec, L:/127.0.0.1:50937 - R:localhost/127.0.0.1:50685]
12:25:37.531 [Forwarding screenshot on session fabb2ffb76c94dcf75e21125cc463c12 to remote] DEBUG org.asynchttpclient.netty.request.NettyRequestSender - Using pooled Channel '[id: 0xb083d4ec, L:/127.0.0.1:50937 - R:localhost/127.0.0.1:50685]' for 'GET' to 'http://localhost:50685/session/fabb2ffb76c94dcf75e21125cc463c12/screenshot'
12:25:37.531 [Forwarding screenshot on session fabb2ffb76c94dcf75e21125cc463c12 to remote] DEBUG org.asynchttpclient.netty.request.NettyRequestSender - Using open Channel [id: 0xb083d4ec, L:/127.0.0.1:50937 - R:localhost/127.0.0.1:50685] for GET '/session/fabb2ffb76c94dcf75e21125cc463c12/screenshot'
12:25:37.583 [AsyncHttpClient-1-1] DEBUG org.asynchttpclient.netty.channel.DefaultChannelPool - Entry count for : http://localhost:50938 : 1
12:25:37.722 [AsyncHttpClient-1-2] DEBUG org.asynchttpclient.netty.handler.HttpHandler - 

Request DefaultFullHttpRequest(decodeResult: success, version: HTTP/1.1, content: EmptyByteBufBE)
GET /session/fabb2ffb76c94dcf75e21125cc463c12/screenshot HTTP/1.1
User-Agent: selenium/4.4.0 (java windows)
Cache-Control: no-cache
Content-Type: application/json; charset=utf-8
host: localhost:50685
accept: */*

Response DefaultHttpResponse(decodeResult: success, version: HTTP/1.1)
HTTP/1.1 200 OK
Content-Type: application/json; charset=utf-8
cache-control: no-cache
content-length: 522424

12:25:37.723 [AsyncHttpClient-1-2] DEBUG org.asynchttpclient.netty.channel.ChannelManager - Adding key: http://localhost:50685 for channel [id: 0xb083d4ec, L:/127.0.0.1:50937 - R:localhost/127.0.0.1:50685]
12:25:37.735 [Test worker] DEBUG net.serenitybdd.core.photography.Darkroom - Send negative for processing for C:\Users\pcnit\Downloads\TestE2E\target\site\serenity\561fea060458b4759e30b977dcc04c7f1d937dec867c18ca212db7fe667cde06.png
12:25:37.747 [Forwarding getPageSource on session fabb2ffb76c94dcf75e21125cc463c12 to remote] DEBUG org.asynchttpclient.netty.request.NettyRequestSender - Using pooled Channel '[id: 0xb083d4ec, L:/127.0.0.1:50937 - R:localhost/127.0.0.1:50685]' for 'POST' to 'http://localhost:50685/session/fabb2ffb76c94dcf75e21125cc463c12/execute/sync'
12:25:37.748 [Forwarding getPageSource on session fabb2ffb76c94dcf75e21125cc463c12 to remote] DEBUG org.asynchttpclient.netty.request.NettyRequestSender - Using open Channel [id: 0xb083d4ec, L:/127.0.0.1:50937 - R:localhost/127.0.0.1:50685] for POST '/session/fabb2ffb76c94dcf75e21125cc463c12/execute/sync'
12:25:37.763 [AsyncHttpClient-1-2] DEBUG org.asynchttpclient.netty.handler.HttpHandler - 

Request DefaultHttpRequest(decodeResult: success, version: HTTP/1.1)
POST /session/fabb2ffb76c94dcf75e21125cc463c12/execute/sync HTTP/1.1
User-Agent: selenium/4.4.0 (java windows)
Content-Length: 176
Content-Type: application/json; charset=utf-8
host: localhost:50685
accept: */*

Response DefaultHttpResponse(decodeResult: success, version: HTTP/1.1)
HTTP/1.1 200 OK
Content-Type: application/json; charset=utf-8
cache-control: no-cache
content-length: 54626

12:25:37.763 [AsyncHttpClient-1-2] DEBUG org.asynchttpclient.netty.channel.ChannelManager - Adding key: http://localhost:50685 for channel [id: 0xb083d4ec, L:/127.0.0.1:50937 - R:localhost/127.0.0.1:50685]
12:25:37.769 [Forwarding getCurrentUrl on session fabb2ffb76c94dcf75e21125cc463c12 to remote] DEBUG org.asynchttpclient.netty.request.NettyRequestSender - Using pooled Channel '[id: 0xb083d4ec, L:/127.0.0.1:50937 - R:localhost/127.0.0.1:50685]' for 'GET' to 'http://localhost:50685/session/fabb2ffb76c94dcf75e21125cc463c12/url'
12:25:37.769 [Forwarding getCurrentUrl on session fabb2ffb76c94dcf75e21125cc463c12 to remote] DEBUG org.asynchttpclient.netty.request.NettyRequestSender - Using open Channel [id: 0xb083d4ec, L:/127.0.0.1:50937 - R:localhost/127.0.0.1:50685] for GET '/session/fabb2ffb76c94dcf75e21125cc463c12/url'
12:25:37.788 [AsyncHttpClient-1-2] DEBUG org.asynchttpclient.netty.handler.HttpHandler - 

Request DefaultFullHttpRequest(decodeResult: success, version: HTTP/1.1, content: EmptyByteBufBE)
GET /session/fabb2ffb76c94dcf75e21125cc463c12/url HTTP/1.1
User-Agent: selenium/4.4.0 (java windows)
Cache-Control: no-cache
Content-Type: application/json; charset=utf-8
host: localhost:50685
accept: */*

Response DefaultHttpResponse(decodeResult: success, version: HTTP/1.1)
HTTP/1.1 200 OK
Content-Type: application/json; charset=utf-8
cache-control: no-cache
content-length: 56

12:25:37.789 [AsyncHttpClient-1-2] DEBUG org.asynchttpclient.netty.channel.ChannelManager - Adding key: http://localhost:50685 for channel [id: 0xb083d4ec, L:/127.0.0.1:50937 - R:localhost/127.0.0.1:50685]
12:25:37.797 [Test worker] DEBUG net.thucydides.core.steps.StepInterceptor - STARTING STEP: CompleteStep.addCar - performAs
12:25:37.862 [Test worker] DEBUG net.serenitybdd.screenplay.targets.IFrameSwitcher - default content already selected for selecciona EL CARRITO
12:25:37.872 [Forwarding findElements on session fabb2ffb76c94dcf75e21125cc463c12 to remote] DEBUG org.asynchttpclient.netty.request.NettyRequestSender - Using pooled Channel '[id: 0xb083d4ec, L:/127.0.0.1:50937 - R:localhost/127.0.0.1:50685]' for 'POST' to 'http://localhost:50685/session/fabb2ffb76c94dcf75e21125cc463c12/elements'
12:25:37.873 [Forwarding findElements on session fabb2ffb76c94dcf75e21125cc463c12 to remote] DEBUG org.asynchttpclient.netty.request.NettyRequestSender - Using open Channel [id: 0xb083d4ec, L:/127.0.0.1:50937 - R:localhost/127.0.0.1:50685] for POST '/session/fabb2ffb76c94dcf75e21125cc463c12/elements'
12:25:37.891 [AsyncHttpClient-1-2] DEBUG org.asynchttpclient.netty.handler.HttpHandler - 

Request DefaultHttpRequest(decodeResult: success, version: HTTP/1.1)
POST /session/fabb2ffb76c94dcf75e21125cc463c12/elements HTTP/1.1
User-Agent: selenium/4.4.0 (java windows)
Content-Length: 110
Content-Type: application/json; charset=utf-8
host: localhost:50685
accept: */*

Response DefaultHttpResponse(decodeResult: success, version: HTTP/1.1)
HTTP/1.1 200 OK
Content-Type: application/json; charset=utf-8
cache-control: no-cache
content-length: 129

12:25:37.891 [AsyncHttpClient-1-2] DEBUG org.asynchttpclient.netty.channel.ChannelManager - Adding key: http://localhost:50685 for channel [id: 0xb083d4ec, L:/127.0.0.1:50937 - R:localhost/127.0.0.1:50685]
12:25:37.913 [Forwarding isElementDisplayed on session fabb2ffb76c94dcf75e21125cc463c12 to remote] DEBUG org.asynchttpclient.netty.request.NettyRequestSender - Using pooled Channel '[id: 0xb083d4ec, L:/127.0.0.1:50937 - R:localhost/127.0.0.1:50685]' for 'POST' to 'http://localhost:50685/session/fabb2ffb76c94dcf75e21125cc463c12/execute/sync'
12:25:37.913 [Forwarding isElementDisplayed on session fabb2ffb76c94dcf75e21125cc463c12 to remote] DEBUG org.asynchttpclient.netty.request.NettyRequestSender - Using open Channel [id: 0xb083d4ec, L:/127.0.0.1:50937 - R:localhost/127.0.0.1:50685] for POST '/session/fabb2ffb76c94dcf75e21125cc463c12/execute/sync'
12:25:37.934 [AsyncHttpClient-1-2] DEBUG org.asynchttpclient.netty.handler.HttpHandler - 

Request DefaultHttpRequest(decodeResult: success, version: HTTP/1.1)
POST /session/fabb2ffb76c94dcf75e21125cc463c12/execute/sync HTTP/1.1
User-Agent: selenium/4.4.0 (java windows)
Content-Length: 48819
Content-Type: application/json; charset=utf-8
host: localhost:50685
accept: */*

Response DefaultHttpResponse(decodeResult: success, version: HTTP/1.1)
HTTP/1.1 200 OK
Content-Type: application/json; charset=utf-8
cache-control: no-cache
content-length: 14

12:25:37.934 [AsyncHttpClient-1-2] DEBUG org.asynchttpclient.netty.channel.ChannelManager - Adding key: http://localhost:50685 for channel [id: 0xb083d4ec, L:/127.0.0.1:50937 - R:localhost/127.0.0.1:50685]
12:25:37.940 [Forwarding isElementDisplayed on session fabb2ffb76c94dcf75e21125cc463c12 to remote] DEBUG org.asynchttpclient.netty.request.NettyRequestSender - Using pooled Channel '[id: 0xb083d4ec, L:/127.0.0.1:50937 - R:localhost/127.0.0.1:50685]' for 'POST' to 'http://localhost:50685/session/fabb2ffb76c94dcf75e21125cc463c12/execute/sync'
12:25:37.940 [Forwarding isElementDisplayed on session fabb2ffb76c94dcf75e21125cc463c12 to remote] DEBUG org.asynchttpclient.netty.request.NettyRequestSender - Using open Channel [id: 0xb083d4ec, L:/127.0.0.1:50937 - R:localhost/127.0.0.1:50685] for POST '/session/fabb2ffb76c94dcf75e21125cc463c12/execute/sync'
12:25:37.962 [AsyncHttpClient-1-2] DEBUG org.asynchttpclient.netty.handler.HttpHandler - 

Request DefaultHttpRequest(decodeResult: success, version: HTTP/1.1)
POST /session/fabb2ffb76c94dcf75e21125cc463c12/execute/sync HTTP/1.1
User-Agent: selenium/4.4.0 (java windows)
Content-Length: 48819
Content-Type: application/json; charset=utf-8
host: localhost:50685
accept: */*

Response DefaultHttpResponse(decodeResult: success, version: HTTP/1.1)
HTTP/1.1 200 OK
Content-Type: application/json; charset=utf-8
cache-control: no-cache
content-length: 14

12:25:37.963 [AsyncHttpClient-1-2] DEBUG org.asynchttpclient.netty.channel.ChannelManager - Adding key: http://localhost:50685 for channel [id: 0xb083d4ec, L:/127.0.0.1:50937 - R:localhost/127.0.0.1:50685]
12:25:38.027 [Forwarding getCurrentWindowHandle on session fabb2ffb76c94dcf75e21125cc463c12 to remote] DEBUG org.asynchttpclient.netty.request.NettyRequestSender - Using pooled Channel '[id: 0xb083d4ec, L:/127.0.0.1:50937 - R:localhost/127.0.0.1:50685]' for 'GET' to 'http://localhost:50685/session/fabb2ffb76c94dcf75e21125cc463c12/window'
12:25:38.028 [Forwarding getCurrentWindowHandle on session fabb2ffb76c94dcf75e21125cc463c12 to remote] DEBUG org.asynchttpclient.netty.request.NettyRequestSender - Using open Channel [id: 0xb083d4ec, L:/127.0.0.1:50937 - R:localhost/127.0.0.1:50685] for GET '/session/fabb2ffb76c94dcf75e21125cc463c12/window'
12:25:38.037 [AsyncHttpClient-1-2] DEBUG org.asynchttpclient.netty.handler.HttpHandler - 

Request DefaultFullHttpRequest(decodeResult: success, version: HTTP/1.1, content: EmptyByteBufBE)
GET /session/fabb2ffb76c94dcf75e21125cc463c12/window HTTP/1.1
User-Agent: selenium/4.4.0 (java windows)
Cache-Control: no-cache
Content-Type: application/json; charset=utf-8
host: localhost:50685
accept: */*

Response DefaultHttpResponse(decodeResult: success, version: HTTP/1.1)
HTTP/1.1 200 OK
Content-Type: application/json; charset=utf-8
cache-control: no-cache
content-length: 44

12:25:38.037 [AsyncHttpClient-1-2] DEBUG org.asynchttpclient.netty.channel.ChannelManager - Adding key: http://localhost:50685 for channel [id: 0xb083d4ec, L:/127.0.0.1:50937 - R:localhost/127.0.0.1:50685]
12:25:38.048 [Forwarding getAlertText on session fabb2ffb76c94dcf75e21125cc463c12 to remote] DEBUG org.asynchttpclient.netty.request.NettyRequestSender - Using pooled Channel '[id: 0xb083d4ec, L:/127.0.0.1:50937 - R:localhost/127.0.0.1:50685]' for 'GET' to 'http://localhost:50685/session/fabb2ffb76c94dcf75e21125cc463c12/alert/text'
12:25:38.048 [Forwarding getAlertText on session fabb2ffb76c94dcf75e21125cc463c12 to remote] DEBUG org.asynchttpclient.netty.request.NettyRequestSender - Using open Channel [id: 0xb083d4ec, L:/127.0.0.1:50937 - R:localhost/127.0.0.1:50685] for GET '/session/fabb2ffb76c94dcf75e21125cc463c12/alert/text'
12:25:38.058 [AsyncHttpClient-1-2] DEBUG org.asynchttpclient.netty.handler.HttpHandler - 

Request DefaultFullHttpRequest(decodeResult: success, version: HTTP/1.1, content: EmptyByteBufBE)
GET /session/fabb2ffb76c94dcf75e21125cc463c12/alert/text HTTP/1.1
User-Agent: selenium/4.4.0 (java windows)
Cache-Control: no-cache
Content-Type: application/json; charset=utf-8
host: localhost:50685
accept: */*

Response DefaultHttpResponse(decodeResult: success, version: HTTP/1.1)
HTTP/1.1 404 Not Found
Content-Type: application/json; charset=utf-8
cache-control: no-cache
content-length: 1045

12:25:38.059 [AsyncHttpClient-1-2] DEBUG org.asynchttpclient.netty.channel.ChannelManager - Adding key: http://localhost:50685 for channel [id: 0xb083d4ec, L:/127.0.0.1:50937 - R:localhost/127.0.0.1:50685]
12:25:38.074 [Forwarding switchToWindow on session fabb2ffb76c94dcf75e21125cc463c12 to remote] DEBUG org.asynchttpclient.netty.request.NettyRequestSender - Using pooled Channel '[id: 0xb083d4ec, L:/127.0.0.1:50937 - R:localhost/127.0.0.1:50685]' for 'POST' to 'http://localhost:50685/session/fabb2ffb76c94dcf75e21125cc463c12/window'
12:25:38.074 [Forwarding switchToWindow on session fabb2ffb76c94dcf75e21125cc463c12 to remote] DEBUG org.asynchttpclient.netty.request.NettyRequestSender - Using open Channel [id: 0xb083d4ec, L:/127.0.0.1:50937 - R:localhost/127.0.0.1:50685] for POST '/session/fabb2ffb76c94dcf75e21125cc463c12/window'
12:25:38.080 [AsyncHttpClient-1-2] DEBUG org.asynchttpclient.netty.handler.HttpHandler - 

Request DefaultHttpRequest(decodeResult: success, version: HTTP/1.1)
POST /session/fabb2ffb76c94dcf75e21125cc463c12/window HTTP/1.1
User-Agent: selenium/4.4.0 (java windows)
Content-Length: 50
Content-Type: application/json; charset=utf-8
host: localhost:50685
accept: */*

Response DefaultHttpResponse(decodeResult: success, version: HTTP/1.1)
HTTP/1.1 200 OK
Content-Type: application/json; charset=utf-8
cache-control: no-cache
content-length: 14

12:25:38.080 [AsyncHttpClient-1-2] DEBUG org.asynchttpclient.netty.channel.ChannelManager - Adding key: http://localhost:50685 for channel [id: 0xb083d4ec, L:/127.0.0.1:50937 - R:localhost/127.0.0.1:50685]
12:25:38.081 [Forwarding getCurrentUrl on session fabb2ffb76c94dcf75e21125cc463c12 to remote] DEBUG org.asynchttpclient.netty.request.NettyRequestSender - Using pooled Channel '[id: 0xb083d4ec, L:/127.0.0.1:50937 - R:localhost/127.0.0.1:50685]' for 'GET' to 'http://localhost:50685/session/fabb2ffb76c94dcf75e21125cc463c12/url'
12:25:38.081 [Forwarding getCurrentUrl on session fabb2ffb76c94dcf75e21125cc463c12 to remote] DEBUG org.asynchttpclient.netty.request.NettyRequestSender - Using open Channel [id: 0xb083d4ec, L:/127.0.0.1:50937 - R:localhost/127.0.0.1:50685] for GET '/session/fabb2ffb76c94dcf75e21125cc463c12/url'
12:25:38.098 [AsyncHttpClient-1-2] DEBUG org.asynchttpclient.netty.handler.HttpHandler - 

Request DefaultFullHttpRequest(decodeResult: success, version: HTTP/1.1, content: EmptyByteBufBE)
GET /session/fabb2ffb76c94dcf75e21125cc463c12/url HTTP/1.1
User-Agent: selenium/4.4.0 (java windows)
Cache-Control: no-cache
Content-Type: application/json; charset=utf-8
host: localhost:50685
accept: */*

Response DefaultHttpResponse(decodeResult: success, version: HTTP/1.1)
HTTP/1.1 200 OK
Content-Type: application/json; charset=utf-8
cache-control: no-cache
content-length: 56

12:25:38.099 [AsyncHttpClient-1-2] DEBUG org.asynchttpclient.netty.channel.ChannelManager - Adding key: http://localhost:50685 for channel [id: 0xb083d4ec, L:/127.0.0.1:50937 - R:localhost/127.0.0.1:50685]
12:25:38.099 [Forwarding screenshot on session fabb2ffb76c94dcf75e21125cc463c12 to remote] DEBUG org.asynchttpclient.netty.request.NettyRequestSender - Using pooled Channel '[id: 0xb083d4ec, L:/127.0.0.1:50937 - R:localhost/127.0.0.1:50685]' for 'GET' to 'http://localhost:50685/session/fabb2ffb76c94dcf75e21125cc463c12/screenshot'
12:25:38.099 [Forwarding screenshot on session fabb2ffb76c94dcf75e21125cc463c12 to remote] DEBUG org.asynchttpclient.netty.request.NettyRequestSender - Using open Channel [id: 0xb083d4ec, L:/127.0.0.1:50937 - R:localhost/127.0.0.1:50685] for GET '/session/fabb2ffb76c94dcf75e21125cc463c12/screenshot'
12:25:38.294 [AsyncHttpClient-1-2] DEBUG org.asynchttpclient.netty.handler.HttpHandler - 

Request DefaultFullHttpRequest(decodeResult: success, version: HTTP/1.1, content: EmptyByteBufBE)
GET /session/fabb2ffb76c94dcf75e21125cc463c12/screenshot HTTP/1.1
User-Agent: selenium/4.4.0 (java windows)
Cache-Control: no-cache
Content-Type: application/json; charset=utf-8
host: localhost:50685
accept: */*

Response DefaultHttpResponse(decodeResult: success, version: HTTP/1.1)
HTTP/1.1 200 OK
Content-Type: application/json; charset=utf-8
cache-control: no-cache
content-length: 522424

12:25:38.295 [AsyncHttpClient-1-2] DEBUG org.asynchttpclient.netty.channel.ChannelManager - Adding key: http://localhost:50685 for channel [id: 0xb083d4ec, L:/127.0.0.1:50937 - R:localhost/127.0.0.1:50685]
12:25:38.305 [Test worker] DEBUG net.serenitybdd.core.photography.Darkroom - Send negative for processing for C:\Users\pcnit\Downloads\TestE2E\target\site\serenity\561fea060458b4759e30b977dcc04c7f1d937dec867c18ca212db7fe667cde06.png
12:25:38.315 [Forwarding getPageSource on session fabb2ffb76c94dcf75e21125cc463c12 to remote] DEBUG org.asynchttpclient.netty.request.NettyRequestSender - Using pooled Channel '[id: 0xb083d4ec, L:/127.0.0.1:50937 - R:localhost/127.0.0.1:50685]' for 'POST' to 'http://localhost:50685/session/fabb2ffb76c94dcf75e21125cc463c12/execute/sync'
12:25:38.315 [Forwarding getPageSource on session fabb2ffb76c94dcf75e21125cc463c12 to remote] DEBUG org.asynchttpclient.netty.request.NettyRequestSender - Using open Channel [id: 0xb083d4ec, L:/127.0.0.1:50937 - R:localhost/127.0.0.1:50685] for POST '/session/fabb2ffb76c94dcf75e21125cc463c12/execute/sync'
12:25:38.331 [AsyncHttpClient-1-2] DEBUG org.asynchttpclient.netty.handler.HttpHandler - 

Request DefaultHttpRequest(decodeResult: success, version: HTTP/1.1)
POST /session/fabb2ffb76c94dcf75e21125cc463c12/execute/sync HTTP/1.1
User-Agent: selenium/4.4.0 (java windows)
Content-Length: 176
Content-Type: application/json; charset=utf-8
host: localhost:50685
accept: */*

Response DefaultHttpResponse(decodeResult: success, version: HTTP/1.1)
HTTP/1.1 200 OK
Content-Type: application/json; charset=utf-8
cache-control: no-cache
content-length: 54626

12:25:38.331 [AsyncHttpClient-1-2] DEBUG org.asynchttpclient.netty.channel.ChannelManager - Adding key: http://localhost:50685 for channel [id: 0xb083d4ec, L:/127.0.0.1:50937 - R:localhost/127.0.0.1:50685]
12:25:38.339 [Forwarding getCurrentUrl on session fabb2ffb76c94dcf75e21125cc463c12 to remote] DEBUG org.asynchttpclient.netty.request.NettyRequestSender - Using pooled Channel '[id: 0xb083d4ec, L:/127.0.0.1:50937 - R:localhost/127.0.0.1:50685]' for 'GET' to 'http://localhost:50685/session/fabb2ffb76c94dcf75e21125cc463c12/url'
12:25:38.340 [Forwarding getCurrentUrl on session fabb2ffb76c94dcf75e21125cc463c12 to remote] DEBUG org.asynchttpclient.netty.request.NettyRequestSender - Using open Channel [id: 0xb083d4ec, L:/127.0.0.1:50937 - R:localhost/127.0.0.1:50685] for GET '/session/fabb2ffb76c94dcf75e21125cc463c12/url'
12:25:38.369 [AsyncHttpClient-1-2] DEBUG org.asynchttpclient.netty.handler.HttpHandler - 

Request DefaultFullHttpRequest(decodeResult: success, version: HTTP/1.1, content: EmptyByteBufBE)
GET /session/fabb2ffb76c94dcf75e21125cc463c12/url HTTP/1.1
User-Agent: selenium/4.4.0 (java windows)
Cache-Control: no-cache
Content-Type: application/json; charset=utf-8
host: localhost:50685
accept: */*

Response DefaultHttpResponse(decodeResult: success, version: HTTP/1.1)
HTTP/1.1 200 OK
Content-Type: application/json; charset=utf-8
cache-control: no-cache
content-length: 56

12:25:38.369 [AsyncHttpClient-1-2] DEBUG org.asynchttpclient.netty.channel.ChannelManager - Adding key: http://localhost:50685 for channel [id: 0xb083d4ec, L:/127.0.0.1:50937 - R:localhost/127.0.0.1:50685]
12:25:38.373 [Test worker] DEBUG net.thucydides.core.steps.StepInterceptor - STARTING STEP: PlaceOrder.performAs - {0} clicks on #target
12:25:38.375 [Test worker] DEBUG net.serenitybdd.screenplay.targets.IFrameSwitcher - default content already selected for selecciona EL CARRITO
12:25:38.439 [Forwarding findElement on session fabb2ffb76c94dcf75e21125cc463c12 to remote] DEBUG org.asynchttpclient.netty.request.NettyRequestSender - Using pooled Channel '[id: 0xb083d4ec, L:/127.0.0.1:50937 - R:localhost/127.0.0.1:50685]' for 'POST' to 'http://localhost:50685/session/fabb2ffb76c94dcf75e21125cc463c12/element'
12:25:38.440 [Forwarding findElement on session fabb2ffb76c94dcf75e21125cc463c12 to remote] DEBUG org.asynchttpclient.netty.request.NettyRequestSender - Using open Channel [id: 0xb083d4ec, L:/127.0.0.1:50937 - R:localhost/127.0.0.1:50685] for POST '/session/fabb2ffb76c94dcf75e21125cc463c12/element'
12:25:38.467 [AsyncHttpClient-1-2] DEBUG org.asynchttpclient.netty.handler.HttpHandler - 

Request DefaultHttpRequest(decodeResult: success, version: HTTP/1.1)
POST /session/fabb2ffb76c94dcf75e21125cc463c12/element HTTP/1.1
User-Agent: selenium/4.4.0 (java windows)
Content-Length: 110
Content-Type: application/json; charset=utf-8
host: localhost:50685
accept: */*

Response DefaultHttpResponse(decodeResult: success, version: HTTP/1.1)
HTTP/1.1 200 OK
Content-Type: application/json; charset=utf-8
cache-control: no-cache
content-length: 127

12:25:38.467 [AsyncHttpClient-1-2] DEBUG org.asynchttpclient.netty.channel.ChannelManager - Adding key: http://localhost:50685 for channel [id: 0xb083d4ec, L:/127.0.0.1:50937 - R:localhost/127.0.0.1:50685]
12:25:38.486 [Forwarding isElementDisplayed on session fabb2ffb76c94dcf75e21125cc463c12 to remote] DEBUG org.asynchttpclient.netty.request.NettyRequestSender - Using pooled Channel '[id: 0xb083d4ec, L:/127.0.0.1:50937 - R:localhost/127.0.0.1:50685]' for 'POST' to 'http://localhost:50685/session/fabb2ffb76c94dcf75e21125cc463c12/execute/sync'
12:25:38.486 [Forwarding isElementDisplayed on session fabb2ffb76c94dcf75e21125cc463c12 to remote] DEBUG org.asynchttpclient.netty.request.NettyRequestSender - Using open Channel [id: 0xb083d4ec, L:/127.0.0.1:50937 - R:localhost/127.0.0.1:50685] for POST '/session/fabb2ffb76c94dcf75e21125cc463c12/execute/sync'
12:25:38.508 [AsyncHttpClient-1-2] DEBUG org.asynchttpclient.netty.handler.HttpHandler - 

Request DefaultHttpRequest(decodeResult: success, version: HTTP/1.1)
POST /session/fabb2ffb76c94dcf75e21125cc463c12/execute/sync HTTP/1.1
User-Agent: selenium/4.4.0 (java windows)
Content-Length: 48819
Content-Type: application/json; charset=utf-8
host: localhost:50685
accept: */*

Response DefaultHttpResponse(decodeResult: success, version: HTTP/1.1)
HTTP/1.1 200 OK
Content-Type: application/json; charset=utf-8
cache-control: no-cache
content-length: 14

12:25:38.508 [AsyncHttpClient-1-2] DEBUG org.asynchttpclient.netty.channel.ChannelManager - Adding key: http://localhost:50685 for channel [id: 0xb083d4ec, L:/127.0.0.1:50937 - R:localhost/127.0.0.1:50685]
12:25:38.529 [Forwarding findElement on session fabb2ffb76c94dcf75e21125cc463c12 to remote] DEBUG org.asynchttpclient.netty.request.NettyRequestSender - Using pooled Channel '[id: 0xb083d4ec, L:/127.0.0.1:50937 - R:localhost/127.0.0.1:50685]' for 'POST' to 'http://localhost:50685/session/fabb2ffb76c94dcf75e21125cc463c12/element'
12:25:38.529 [Forwarding findElement on session fabb2ffb76c94dcf75e21125cc463c12 to remote] DEBUG org.asynchttpclient.netty.request.NettyRequestSender - Using open Channel [id: 0xb083d4ec, L:/127.0.0.1:50937 - R:localhost/127.0.0.1:50685] for POST '/session/fabb2ffb76c94dcf75e21125cc463c12/element'
12:25:38.545 [AsyncHttpClient-1-2] DEBUG org.asynchttpclient.netty.handler.HttpHandler - 

Request DefaultHttpRequest(decodeResult: success, version: HTTP/1.1)
POST /session/fabb2ffb76c94dcf75e21125cc463c12/element HTTP/1.1
User-Agent: selenium/4.4.0 (java windows)
Content-Length: 110
Content-Type: application/json; charset=utf-8
host: localhost:50685
accept: */*

Response DefaultHttpResponse(decodeResult: success, version: HTTP/1.1)
HTTP/1.1 200 OK
Content-Type: application/json; charset=utf-8
cache-control: no-cache
content-length: 127

12:25:38.545 [AsyncHttpClient-1-2] DEBUG org.asynchttpclient.netty.channel.ChannelManager - Adding key: http://localhost:50685 for channel [id: 0xb083d4ec, L:/127.0.0.1:50937 - R:localhost/127.0.0.1:50685]
12:25:38.548 [Forwarding clickElement on session fabb2ffb76c94dcf75e21125cc463c12 to remote] DEBUG org.asynchttpclient.netty.request.NettyRequestSender - Using pooled Channel '[id: 0xb083d4ec, L:/127.0.0.1:50937 - R:localhost/127.0.0.1:50685]' for 'POST' to 'http://localhost:50685/session/fabb2ffb76c94dcf75e21125cc463c12/element/f.7E9A709675F02E7E9E4ECE1EF325ABA8.d.7B739B07FF74A0695ACF5E55DF459409.e.354/click'
12:25:38.548 [Forwarding clickElement on session fabb2ffb76c94dcf75e21125cc463c12 to remote] DEBUG org.asynchttpclient.netty.request.NettyRequestSender - Using open Channel [id: 0xb083d4ec, L:/127.0.0.1:50937 - R:localhost/127.0.0.1:50685] for POST '/session/fabb2ffb76c94dcf75e21125cc463c12/element/f.7E9A709675F02E7E9E4ECE1EF325ABA8.d.7B739B07FF74A0695ACF5E55DF459409.e.354/click'
12:25:38.685 [AsyncHttpClient-1-1] DEBUG org.asynchttpclient.netty.channel.DefaultChannelPool - Entry count for : http://localhost:50938 : 1
12:25:38.994 [AsyncHttpClient-1-2] DEBUG org.asynchttpclient.netty.handler.HttpHandler - 

Request DefaultHttpRequest(decodeResult: success, version: HTTP/1.1)
POST /session/fabb2ffb76c94dcf75e21125cc463c12/element/f.7E9A709675F02E7E9E4ECE1EF325ABA8.d.7B739B07FF74A0695ACF5E55DF459409.e.354/click HTTP/1.1
User-Agent: selenium/4.4.0 (java windows)
Content-Length: 89
Content-Type: application/json; charset=utf-8
host: localhost:50685
accept: */*

Response DefaultHttpResponse(decodeResult: success, version: HTTP/1.1)
HTTP/1.1 200 OK
Content-Type: application/json; charset=utf-8
cache-control: no-cache
content-length: 14

12:25:38.994 [AsyncHttpClient-1-2] DEBUG org.asynchttpclient.netty.channel.ChannelManager - Adding key: http://localhost:50685 for channel [id: 0xb083d4ec, L:/127.0.0.1:50937 - R:localhost/127.0.0.1:50685]
12:25:39.053 [Forwarding getCurrentWindowHandle on session fabb2ffb76c94dcf75e21125cc463c12 to remote] DEBUG org.asynchttpclient.netty.request.NettyRequestSender - Using pooled Channel '[id: 0xb083d4ec, L:/127.0.0.1:50937 - R:localhost/127.0.0.1:50685]' for 'GET' to 'http://localhost:50685/session/fabb2ffb76c94dcf75e21125cc463c12/window'
12:25:39.053 [Forwarding getCurrentWindowHandle on session fabb2ffb76c94dcf75e21125cc463c12 to remote] DEBUG org.asynchttpclient.netty.request.NettyRequestSender - Using open Channel [id: 0xb083d4ec, L:/127.0.0.1:50937 - R:localhost/127.0.0.1:50685] for GET '/session/fabb2ffb76c94dcf75e21125cc463c12/window'
12:25:39.061 [AsyncHttpClient-1-2] DEBUG org.asynchttpclient.netty.handler.HttpHandler - 

Request DefaultFullHttpRequest(decodeResult: success, version: HTTP/1.1, content: EmptyByteBufBE)
GET /session/fabb2ffb76c94dcf75e21125cc463c12/window HTTP/1.1
User-Agent: selenium/4.4.0 (java windows)
Cache-Control: no-cache
Content-Type: application/json; charset=utf-8
host: localhost:50685
accept: */*

Response DefaultHttpResponse(decodeResult: success, version: HTTP/1.1)
HTTP/1.1 200 OK
Content-Type: application/json; charset=utf-8
cache-control: no-cache
content-length: 44

12:25:39.061 [AsyncHttpClient-1-2] DEBUG org.asynchttpclient.netty.channel.ChannelManager - Adding key: http://localhost:50685 for channel [id: 0xb083d4ec, L:/127.0.0.1:50937 - R:localhost/127.0.0.1:50685]
12:25:39.078 [Forwarding getAlertText on session fabb2ffb76c94dcf75e21125cc463c12 to remote] DEBUG org.asynchttpclient.netty.request.NettyRequestSender - Using pooled Channel '[id: 0xb083d4ec, L:/127.0.0.1:50937 - R:localhost/127.0.0.1:50685]' for 'GET' to 'http://localhost:50685/session/fabb2ffb76c94dcf75e21125cc463c12/alert/text'
12:25:39.078 [Forwarding getAlertText on session fabb2ffb76c94dcf75e21125cc463c12 to remote] DEBUG org.asynchttpclient.netty.request.NettyRequestSender - Using open Channel [id: 0xb083d4ec, L:/127.0.0.1:50937 - R:localhost/127.0.0.1:50685] for GET '/session/fabb2ffb76c94dcf75e21125cc463c12/alert/text'
12:25:39.086 [AsyncHttpClient-1-2] DEBUG org.asynchttpclient.netty.handler.HttpHandler - 

Request DefaultFullHttpRequest(decodeResult: success, version: HTTP/1.1, content: EmptyByteBufBE)
GET /session/fabb2ffb76c94dcf75e21125cc463c12/alert/text HTTP/1.1
User-Agent: selenium/4.4.0 (java windows)
Cache-Control: no-cache
Content-Type: application/json; charset=utf-8
host: localhost:50685
accept: */*

Response DefaultHttpResponse(decodeResult: success, version: HTTP/1.1)
HTTP/1.1 404 Not Found
Content-Type: application/json; charset=utf-8
cache-control: no-cache
content-length: 1045

12:25:39.086 [AsyncHttpClient-1-2] DEBUG org.asynchttpclient.netty.channel.ChannelManager - Adding key: http://localhost:50685 for channel [id: 0xb083d4ec, L:/127.0.0.1:50937 - R:localhost/127.0.0.1:50685]
12:25:39.100 [Forwarding switchToWindow on session fabb2ffb76c94dcf75e21125cc463c12 to remote] DEBUG org.asynchttpclient.netty.request.NettyRequestSender - Using pooled Channel '[id: 0xb083d4ec, L:/127.0.0.1:50937 - R:localhost/127.0.0.1:50685]' for 'POST' to 'http://localhost:50685/session/fabb2ffb76c94dcf75e21125cc463c12/window'
12:25:39.100 [Forwarding switchToWindow on session fabb2ffb76c94dcf75e21125cc463c12 to remote] DEBUG org.asynchttpclient.netty.request.NettyRequestSender - Using open Channel [id: 0xb083d4ec, L:/127.0.0.1:50937 - R:localhost/127.0.0.1:50685] for POST '/session/fabb2ffb76c94dcf75e21125cc463c12/window'
12:25:39.106 [AsyncHttpClient-1-2] DEBUG org.asynchttpclient.netty.handler.HttpHandler - 

Request DefaultHttpRequest(decodeResult: success, version: HTTP/1.1)
POST /session/fabb2ffb76c94dcf75e21125cc463c12/window HTTP/1.1
User-Agent: selenium/4.4.0 (java windows)
Content-Length: 50
Content-Type: application/json; charset=utf-8
host: localhost:50685
accept: */*

Response DefaultHttpResponse(decodeResult: success, version: HTTP/1.1)
HTTP/1.1 200 OK
Content-Type: application/json; charset=utf-8
cache-control: no-cache
content-length: 14

12:25:39.106 [AsyncHttpClient-1-2] DEBUG org.asynchttpclient.netty.channel.ChannelManager - Adding key: http://localhost:50685 for channel [id: 0xb083d4ec, L:/127.0.0.1:50937 - R:localhost/127.0.0.1:50685]
12:25:39.107 [Forwarding getCurrentUrl on session fabb2ffb76c94dcf75e21125cc463c12 to remote] DEBUG org.asynchttpclient.netty.request.NettyRequestSender - Using pooled Channel '[id: 0xb083d4ec, L:/127.0.0.1:50937 - R:localhost/127.0.0.1:50685]' for 'GET' to 'http://localhost:50685/session/fabb2ffb76c94dcf75e21125cc463c12/url'
12:25:39.107 [Forwarding getCurrentUrl on session fabb2ffb76c94dcf75e21125cc463c12 to remote] DEBUG org.asynchttpclient.netty.request.NettyRequestSender - Using open Channel [id: 0xb083d4ec, L:/127.0.0.1:50937 - R:localhost/127.0.0.1:50685] for GET '/session/fabb2ffb76c94dcf75e21125cc463c12/url'
12:25:39.118 [AsyncHttpClient-1-2] DEBUG org.asynchttpclient.netty.handler.HttpHandler - 

Request DefaultFullHttpRequest(decodeResult: success, version: HTTP/1.1, content: EmptyByteBufBE)
GET /session/fabb2ffb76c94dcf75e21125cc463c12/url HTTP/1.1
User-Agent: selenium/4.4.0 (java windows)
Cache-Control: no-cache
Content-Type: application/json; charset=utf-8
host: localhost:50685
accept: */*

Response DefaultHttpResponse(decodeResult: success, version: HTTP/1.1)
HTTP/1.1 200 OK
Content-Type: application/json; charset=utf-8
cache-control: no-cache
content-length: 47

12:25:39.118 [AsyncHttpClient-1-2] DEBUG org.asynchttpclient.netty.channel.ChannelManager - Adding key: http://localhost:50685 for channel [id: 0xb083d4ec, L:/127.0.0.1:50937 - R:localhost/127.0.0.1:50685]
12:25:39.120 [Forwarding screenshot on session fabb2ffb76c94dcf75e21125cc463c12 to remote] DEBUG org.asynchttpclient.netty.request.NettyRequestSender - Using pooled Channel '[id: 0xb083d4ec, L:/127.0.0.1:50937 - R:localhost/127.0.0.1:50685]' for 'GET' to 'http://localhost:50685/session/fabb2ffb76c94dcf75e21125cc463c12/screenshot'
12:25:39.120 [Forwarding screenshot on session fabb2ffb76c94dcf75e21125cc463c12 to remote] DEBUG org.asynchttpclient.netty.request.NettyRequestSender - Using open Channel [id: 0xb083d4ec, L:/127.0.0.1:50937 - R:localhost/127.0.0.1:50685] for GET '/session/fabb2ffb76c94dcf75e21125cc463c12/screenshot'
12:25:39.308 [AsyncHttpClient-1-2] DEBUG org.asynchttpclient.netty.handler.HttpHandler - 

Request DefaultFullHttpRequest(decodeResult: success, version: HTTP/1.1, content: EmptyByteBufBE)
GET /session/fabb2ffb76c94dcf75e21125cc463c12/screenshot HTTP/1.1
User-Agent: selenium/4.4.0 (java windows)
Cache-Control: no-cache
Content-Type: application/json; charset=utf-8
host: localhost:50685
accept: */*

Response DefaultHttpResponse(decodeResult: success, version: HTTP/1.1)
HTTP/1.1 200 OK
Content-Type: application/json; charset=utf-8
cache-control: no-cache
content-length: 463568

12:25:39.323 [AsyncHttpClient-1-2] DEBUG org.asynchttpclient.netty.channel.ChannelManager - Adding key: http://localhost:50685 for channel [id: 0xb083d4ec, L:/127.0.0.1:50937 - R:localhost/127.0.0.1:50685]
12:25:39.340 [Test worker] DEBUG net.serenitybdd.core.photography.Darkroom - Send negative for processing for C:\Users\pcnit\Downloads\TestE2E\target\site\serenity\b51da862bcdaf014d13238ea3b23208c8af8d24877aba56917b341e9c9148e43.png
12:25:39.353 [Forwarding getPageSource on session fabb2ffb76c94dcf75e21125cc463c12 to remote] DEBUG org.asynchttpclient.netty.request.NettyRequestSender - Using pooled Channel '[id: 0xb083d4ec, L:/127.0.0.1:50937 - R:localhost/127.0.0.1:50685]' for 'POST' to 'http://localhost:50685/session/fabb2ffb76c94dcf75e21125cc463c12/execute/sync'
12:25:39.353 [Forwarding getPageSource on session fabb2ffb76c94dcf75e21125cc463c12 to remote] DEBUG org.asynchttpclient.netty.request.NettyRequestSender - Using open Channel [id: 0xb083d4ec, L:/127.0.0.1:50937 - R:localhost/127.0.0.1:50685] for POST '/session/fabb2ffb76c94dcf75e21125cc463c12/execute/sync'
12:25:39.365 [AsyncHttpClient-1-2] DEBUG org.asynchttpclient.netty.handler.HttpHandler - 

Request DefaultHttpRequest(decodeResult: success, version: HTTP/1.1)
POST /session/fabb2ffb76c94dcf75e21125cc463c12/execute/sync HTTP/1.1
User-Agent: selenium/4.4.0 (java windows)
Content-Length: 176
Content-Type: application/json; charset=utf-8
host: localhost:50685
accept: */*

Response DefaultHttpResponse(decodeResult: success, version: HTTP/1.1)
HTTP/1.1 200 OK
Content-Type: application/json; charset=utf-8
cache-control: no-cache
content-length: 56612

12:25:39.365 [AsyncHttpClient-1-2] DEBUG org.asynchttpclient.netty.channel.ChannelManager - Adding key: http://localhost:50685 for channel [id: 0xb083d4ec, L:/127.0.0.1:50937 - R:localhost/127.0.0.1:50685]
12:25:39.375 [Forwarding getCurrentUrl on session fabb2ffb76c94dcf75e21125cc463c12 to remote] DEBUG org.asynchttpclient.netty.request.NettyRequestSender - Using pooled Channel '[id: 0xb083d4ec, L:/127.0.0.1:50937 - R:localhost/127.0.0.1:50685]' for 'GET' to 'http://localhost:50685/session/fabb2ffb76c94dcf75e21125cc463c12/url'
12:25:39.375 [Forwarding getCurrentUrl on session fabb2ffb76c94dcf75e21125cc463c12 to remote] DEBUG org.asynchttpclient.netty.request.NettyRequestSender - Using open Channel [id: 0xb083d4ec, L:/127.0.0.1:50937 - R:localhost/127.0.0.1:50685] for GET '/session/fabb2ffb76c94dcf75e21125cc463c12/url'
12:25:39.393 [AsyncHttpClient-1-2] DEBUG org.asynchttpclient.netty.handler.HttpHandler - 

Request DefaultFullHttpRequest(decodeResult: success, version: HTTP/1.1, content: EmptyByteBufBE)
GET /session/fabb2ffb76c94dcf75e21125cc463c12/url HTTP/1.1
User-Agent: selenium/4.4.0 (java windows)
Cache-Control: no-cache
Content-Type: application/json; charset=utf-8
host: localhost:50685
accept: */*

Response DefaultHttpResponse(decodeResult: success, version: HTTP/1.1)
HTTP/1.1 200 OK
Content-Type: application/json; charset=utf-8
cache-control: no-cache
content-length: 47

12:25:39.393 [AsyncHttpClient-1-2] DEBUG org.asynchttpclient.netty.channel.ChannelManager - Adding key: http://localhost:50685 for channel [id: 0xb083d4ec, L:/127.0.0.1:50937 - R:localhost/127.0.0.1:50685]
12:25:39.433 [Forwarding getCurrentWindowHandle on session fabb2ffb76c94dcf75e21125cc463c12 to remote] DEBUG org.asynchttpclient.netty.request.NettyRequestSender - Using pooled Channel '[id: 0xb083d4ec, L:/127.0.0.1:50937 - R:localhost/127.0.0.1:50685]' for 'GET' to 'http://localhost:50685/session/fabb2ffb76c94dcf75e21125cc463c12/window'
12:25:39.433 [Forwarding getCurrentWindowHandle on session fabb2ffb76c94dcf75e21125cc463c12 to remote] DEBUG org.asynchttpclient.netty.request.NettyRequestSender - Using open Channel [id: 0xb083d4ec, L:/127.0.0.1:50937 - R:localhost/127.0.0.1:50685] for GET '/session/fabb2ffb76c94dcf75e21125cc463c12/window'
12:25:39.441 [AsyncHttpClient-1-2] DEBUG org.asynchttpclient.netty.handler.HttpHandler - 

Request DefaultFullHttpRequest(decodeResult: success, version: HTTP/1.1, content: EmptyByteBufBE)
GET /session/fabb2ffb76c94dcf75e21125cc463c12/window HTTP/1.1
User-Agent: selenium/4.4.0 (java windows)
Cache-Control: no-cache
Content-Type: application/json; charset=utf-8
host: localhost:50685
accept: */*

Response DefaultHttpResponse(decodeResult: success, version: HTTP/1.1)
HTTP/1.1 200 OK
Content-Type: application/json; charset=utf-8
cache-control: no-cache
content-length: 44

12:25:39.441 [AsyncHttpClient-1-2] DEBUG org.asynchttpclient.netty.channel.ChannelManager - Adding key: http://localhost:50685 for channel [id: 0xb083d4ec, L:/127.0.0.1:50937 - R:localhost/127.0.0.1:50685]
12:25:39.450 [Forwarding getAlertText on session fabb2ffb76c94dcf75e21125cc463c12 to remote] DEBUG org.asynchttpclient.netty.request.NettyRequestSender - Using pooled Channel '[id: 0xb083d4ec, L:/127.0.0.1:50937 - R:localhost/127.0.0.1:50685]' for 'GET' to 'http://localhost:50685/session/fabb2ffb76c94dcf75e21125cc463c12/alert/text'
12:25:39.450 [Forwarding getAlertText on session fabb2ffb76c94dcf75e21125cc463c12 to remote] DEBUG org.asynchttpclient.netty.request.NettyRequestSender - Using open Channel [id: 0xb083d4ec, L:/127.0.0.1:50937 - R:localhost/127.0.0.1:50685] for GET '/session/fabb2ffb76c94dcf75e21125cc463c12/alert/text'
12:25:39.466 [AsyncHttpClient-1-2] DEBUG org.asynchttpclient.netty.handler.HttpHandler - 

Request DefaultFullHttpRequest(decodeResult: success, version: HTTP/1.1, content: EmptyByteBufBE)
GET /session/fabb2ffb76c94dcf75e21125cc463c12/alert/text HTTP/1.1
User-Agent: selenium/4.4.0 (java windows)
Cache-Control: no-cache
Content-Type: application/json; charset=utf-8
host: localhost:50685
accept: */*

Response DefaultHttpResponse(decodeResult: success, version: HTTP/1.1)
HTTP/1.1 404 Not Found
Content-Type: application/json; charset=utf-8
cache-control: no-cache
content-length: 1045

12:25:39.466 [AsyncHttpClient-1-2] DEBUG org.asynchttpclient.netty.channel.ChannelManager - Adding key: http://localhost:50685 for channel [id: 0xb083d4ec, L:/127.0.0.1:50937 - R:localhost/127.0.0.1:50685]
12:25:39.479 [Forwarding switchToWindow on session fabb2ffb76c94dcf75e21125cc463c12 to remote] DEBUG org.asynchttpclient.netty.request.NettyRequestSender - Using pooled Channel '[id: 0xb083d4ec, L:/127.0.0.1:50937 - R:localhost/127.0.0.1:50685]' for 'POST' to 'http://localhost:50685/session/fabb2ffb76c94dcf75e21125cc463c12/window'
12:25:39.479 [Forwarding switchToWindow on session fabb2ffb76c94dcf75e21125cc463c12 to remote] DEBUG org.asynchttpclient.netty.request.NettyRequestSender - Using open Channel [id: 0xb083d4ec, L:/127.0.0.1:50937 - R:localhost/127.0.0.1:50685] for POST '/session/fabb2ffb76c94dcf75e21125cc463c12/window'
12:25:39.483 [AsyncHttpClient-1-2] DEBUG org.asynchttpclient.netty.handler.HttpHandler - 

Request DefaultHttpRequest(decodeResult: success, version: HTTP/1.1)
POST /session/fabb2ffb76c94dcf75e21125cc463c12/window HTTP/1.1
User-Agent: selenium/4.4.0 (java windows)
Content-Length: 50
Content-Type: application/json; charset=utf-8
host: localhost:50685
accept: */*

Response DefaultHttpResponse(decodeResult: success, version: HTTP/1.1)
HTTP/1.1 200 OK
Content-Type: application/json; charset=utf-8
cache-control: no-cache
content-length: 14

12:25:39.483 [AsyncHttpClient-1-2] DEBUG org.asynchttpclient.netty.channel.ChannelManager - Adding key: http://localhost:50685 for channel [id: 0xb083d4ec, L:/127.0.0.1:50937 - R:localhost/127.0.0.1:50685]
12:25:39.485 [Forwarding getCurrentUrl on session fabb2ffb76c94dcf75e21125cc463c12 to remote] DEBUG org.asynchttpclient.netty.request.NettyRequestSender - Using pooled Channel '[id: 0xb083d4ec, L:/127.0.0.1:50937 - R:localhost/127.0.0.1:50685]' for 'GET' to 'http://localhost:50685/session/fabb2ffb76c94dcf75e21125cc463c12/url'
12:25:39.485 [Forwarding getCurrentUrl on session fabb2ffb76c94dcf75e21125cc463c12 to remote] DEBUG org.asynchttpclient.netty.request.NettyRequestSender - Using open Channel [id: 0xb083d4ec, L:/127.0.0.1:50937 - R:localhost/127.0.0.1:50685] for GET '/session/fabb2ffb76c94dcf75e21125cc463c12/url'
12:25:39.503 [AsyncHttpClient-1-2] DEBUG org.asynchttpclient.netty.handler.HttpHandler - 

Request DefaultFullHttpRequest(decodeResult: success, version: HTTP/1.1, content: EmptyByteBufBE)
GET /session/fabb2ffb76c94dcf75e21125cc463c12/url HTTP/1.1
User-Agent: selenium/4.4.0 (java windows)
Cache-Control: no-cache
Content-Type: application/json; charset=utf-8
host: localhost:50685
accept: */*

Response DefaultHttpResponse(decodeResult: success, version: HTTP/1.1)
HTTP/1.1 200 OK
Content-Type: application/json; charset=utf-8
cache-control: no-cache
content-length: 47

12:25:39.504 [AsyncHttpClient-1-2] DEBUG org.asynchttpclient.netty.channel.ChannelManager - Adding key: http://localhost:50685 for channel [id: 0xb083d4ec, L:/127.0.0.1:50937 - R:localhost/127.0.0.1:50685]
12:25:39.504 [Forwarding screenshot on session fabb2ffb76c94dcf75e21125cc463c12 to remote] DEBUG org.asynchttpclient.netty.request.NettyRequestSender - Using pooled Channel '[id: 0xb083d4ec, L:/127.0.0.1:50937 - R:localhost/127.0.0.1:50685]' for 'GET' to 'http://localhost:50685/session/fabb2ffb76c94dcf75e21125cc463c12/screenshot'
12:25:39.505 [Forwarding screenshot on session fabb2ffb76c94dcf75e21125cc463c12 to remote] DEBUG org.asynchttpclient.netty.request.NettyRequestSender - Using open Channel [id: 0xb083d4ec, L:/127.0.0.1:50937 - R:localhost/127.0.0.1:50685] for GET '/session/fabb2ffb76c94dcf75e21125cc463c12/screenshot'
12:25:39.710 [AsyncHttpClient-1-2] DEBUG org.asynchttpclient.netty.handler.HttpHandler - 

Request DefaultFullHttpRequest(decodeResult: success, version: HTTP/1.1, content: EmptyByteBufBE)
GET /session/fabb2ffb76c94dcf75e21125cc463c12/screenshot HTTP/1.1
User-Agent: selenium/4.4.0 (java windows)
Cache-Control: no-cache
Content-Type: application/json; charset=utf-8
host: localhost:50685
accept: */*

Response DefaultHttpResponse(decodeResult: success, version: HTTP/1.1)
HTTP/1.1 200 OK
Content-Type: application/json; charset=utf-8
cache-control: no-cache
content-length: 525812

12:25:39.711 [AsyncHttpClient-1-2] DEBUG org.asynchttpclient.netty.channel.ChannelManager - Adding key: http://localhost:50685 for channel [id: 0xb083d4ec, L:/127.0.0.1:50937 - R:localhost/127.0.0.1:50685]
12:25:39.724 [Test worker] DEBUG net.serenitybdd.core.photography.Darkroom - Send negative for processing for C:\Users\pcnit\Downloads\TestE2E\target\site\serenity\a7c3afb77597f08ba51d98304aaeabbdfe0e6c255997533eeeecd73856e955f7.png
12:25:39.725 [Test worker] DEBUG net.thucydides.core.steps.StepInterceptor - STEP DONE: {0} clicks on #target
12:25:39.734 [Test worker] DEBUG net.serenitybdd.screenplay.targets.IFrameSwitcher - default content already selected for selecciona PLACE ORDER
12:25:39.737 [Forwarding findElements on session fabb2ffb76c94dcf75e21125cc463c12 to remote] DEBUG org.asynchttpclient.netty.request.NettyRequestSender - Using pooled Channel '[id: 0xb083d4ec, L:/127.0.0.1:50937 - R:localhost/127.0.0.1:50685]' for 'POST' to 'http://localhost:50685/session/fabb2ffb76c94dcf75e21125cc463c12/elements'
12:25:39.737 [Forwarding findElements on session fabb2ffb76c94dcf75e21125cc463c12 to remote] DEBUG org.asynchttpclient.netty.request.NettyRequestSender - Using open Channel [id: 0xb083d4ec, L:/127.0.0.1:50937 - R:localhost/127.0.0.1:50685] for POST '/session/fabb2ffb76c94dcf75e21125cc463c12/elements'
12:25:39.749 [AsyncHttpClient-1-2] DEBUG org.asynchttpclient.netty.handler.HttpHandler - 

Request DefaultHttpRequest(decodeResult: success, version: HTTP/1.1)
POST /session/fabb2ffb76c94dcf75e21125cc463c12/elements HTTP/1.1
User-Agent: selenium/4.4.0 (java windows)
Content-Length: 102
Content-Type: application/json; charset=utf-8
host: localhost:50685
accept: */*

Response DefaultHttpResponse(decodeResult: success, version: HTTP/1.1)
HTTP/1.1 200 OK
Content-Type: application/json; charset=utf-8
cache-control: no-cache
content-length: 129

12:25:39.749 [AsyncHttpClient-1-2] DEBUG org.asynchttpclient.netty.channel.ChannelManager - Adding key: http://localhost:50685 for channel [id: 0xb083d4ec, L:/127.0.0.1:50937 - R:localhost/127.0.0.1:50685]
12:25:39.774 [AsyncHttpClient-1-1] DEBUG org.asynchttpclient.netty.channel.DefaultChannelPool - Entry count for : http://localhost:50938 : 1
12:25:39.774 [AsyncHttpClient-1-1] DEBUG org.asynchttpclient.netty.channel.DefaultChannelPool - Entry count for : http://localhost:50685 : 1
12:25:39.777 [Forwarding isElementDisplayed on session fabb2ffb76c94dcf75e21125cc463c12 to remote] DEBUG org.asynchttpclient.netty.request.NettyRequestSender - Using pooled Channel '[id: 0xb083d4ec, L:/127.0.0.1:50937 - R:localhost/127.0.0.1:50685]' for 'POST' to 'http://localhost:50685/session/fabb2ffb76c94dcf75e21125cc463c12/execute/sync'
12:25:39.777 [Forwarding isElementDisplayed on session fabb2ffb76c94dcf75e21125cc463c12 to remote] DEBUG org.asynchttpclient.netty.request.NettyRequestSender - Using open Channel [id: 0xb083d4ec, L:/127.0.0.1:50937 - R:localhost/127.0.0.1:50685] for POST '/session/fabb2ffb76c94dcf75e21125cc463c12/execute/sync'
12:25:39.807 [AsyncHttpClient-1-2] DEBUG org.asynchttpclient.netty.handler.HttpHandler - 

Request DefaultHttpRequest(decodeResult: success, version: HTTP/1.1)
POST /session/fabb2ffb76c94dcf75e21125cc463c12/execute/sync HTTP/1.1
User-Agent: selenium/4.4.0 (java windows)
Content-Length: 48819
Content-Type: application/json; charset=utf-8
host: localhost:50685
accept: */*

Response DefaultHttpResponse(decodeResult: success, version: HTTP/1.1)
HTTP/1.1 200 OK
Content-Type: application/json; charset=utf-8
cache-control: no-cache
content-length: 14

12:25:39.807 [AsyncHttpClient-1-2] DEBUG org.asynchttpclient.netty.channel.ChannelManager - Adding key: http://localhost:50685 for channel [id: 0xb083d4ec, L:/127.0.0.1:50937 - R:localhost/127.0.0.1:50685]
12:25:39.810 [Forwarding isElementDisplayed on session fabb2ffb76c94dcf75e21125cc463c12 to remote] DEBUG org.asynchttpclient.netty.request.NettyRequestSender - Using pooled Channel '[id: 0xb083d4ec, L:/127.0.0.1:50937 - R:localhost/127.0.0.1:50685]' for 'POST' to 'http://localhost:50685/session/fabb2ffb76c94dcf75e21125cc463c12/execute/sync'
12:25:39.810 [Forwarding isElementDisplayed on session fabb2ffb76c94dcf75e21125cc463c12 to remote] DEBUG org.asynchttpclient.netty.request.NettyRequestSender - Using open Channel [id: 0xb083d4ec, L:/127.0.0.1:50937 - R:localhost/127.0.0.1:50685] for POST '/session/fabb2ffb76c94dcf75e21125cc463c12/execute/sync'
12:25:39.819 [AsyncHttpClient-1-2] DEBUG org.asynchttpclient.netty.handler.HttpHandler - 

Request DefaultHttpRequest(decodeResult: success, version: HTTP/1.1)
POST /session/fabb2ffb76c94dcf75e21125cc463c12/execute/sync HTTP/1.1
User-Agent: selenium/4.4.0 (java windows)
Content-Length: 48819
Content-Type: application/json; charset=utf-8
host: localhost:50685
accept: */*

Response DefaultHttpResponse(decodeResult: success, version: HTTP/1.1)
HTTP/1.1 200 OK
Content-Type: application/json; charset=utf-8
cache-control: no-cache
content-length: 14

12:25:39.819 [AsyncHttpClient-1-2] DEBUG org.asynchttpclient.netty.channel.ChannelManager - Adding key: http://localhost:50685 for channel [id: 0xb083d4ec, L:/127.0.0.1:50937 - R:localhost/127.0.0.1:50685]
12:25:39.881 [Forwarding getCurrentWindowHandle on session fabb2ffb76c94dcf75e21125cc463c12 to remote] DEBUG org.asynchttpclient.netty.request.NettyRequestSender - Using pooled Channel '[id: 0xb083d4ec, L:/127.0.0.1:50937 - R:localhost/127.0.0.1:50685]' for 'GET' to 'http://localhost:50685/session/fabb2ffb76c94dcf75e21125cc463c12/window'
12:25:39.881 [Forwarding getCurrentWindowHandle on session fabb2ffb76c94dcf75e21125cc463c12 to remote] DEBUG org.asynchttpclient.netty.request.NettyRequestSender - Using open Channel [id: 0xb083d4ec, L:/127.0.0.1:50937 - R:localhost/127.0.0.1:50685] for GET '/session/fabb2ffb76c94dcf75e21125cc463c12/window'
12:25:39.890 [AsyncHttpClient-1-2] DEBUG org.asynchttpclient.netty.handler.HttpHandler - 

Request DefaultFullHttpRequest(decodeResult: success, version: HTTP/1.1, content: EmptyByteBufBE)
GET /session/fabb2ffb76c94dcf75e21125cc463c12/window HTTP/1.1
User-Agent: selenium/4.4.0 (java windows)
Cache-Control: no-cache
Content-Type: application/json; charset=utf-8
host: localhost:50685
accept: */*

Response DefaultHttpResponse(decodeResult: success, version: HTTP/1.1)
HTTP/1.1 200 OK
Content-Type: application/json; charset=utf-8
cache-control: no-cache
content-length: 44

12:25:39.890 [AsyncHttpClient-1-2] DEBUG org.asynchttpclient.netty.channel.ChannelManager - Adding key: http://localhost:50685 for channel [id: 0xb083d4ec, L:/127.0.0.1:50937 - R:localhost/127.0.0.1:50685]
12:25:39.903 [Forwarding getAlertText on session fabb2ffb76c94dcf75e21125cc463c12 to remote] DEBUG org.asynchttpclient.netty.request.NettyRequestSender - Using pooled Channel '[id: 0xb083d4ec, L:/127.0.0.1:50937 - R:localhost/127.0.0.1:50685]' for 'GET' to 'http://localhost:50685/session/fabb2ffb76c94dcf75e21125cc463c12/alert/text'
12:25:39.903 [Forwarding getAlertText on session fabb2ffb76c94dcf75e21125cc463c12 to remote] DEBUG org.asynchttpclient.netty.request.NettyRequestSender - Using open Channel [id: 0xb083d4ec, L:/127.0.0.1:50937 - R:localhost/127.0.0.1:50685] for GET '/session/fabb2ffb76c94dcf75e21125cc463c12/alert/text'
12:25:39.914 [AsyncHttpClient-1-2] DEBUG org.asynchttpclient.netty.handler.HttpHandler - 

Request DefaultFullHttpRequest(decodeResult: success, version: HTTP/1.1, content: EmptyByteBufBE)
GET /session/fabb2ffb76c94dcf75e21125cc463c12/alert/text HTTP/1.1
User-Agent: selenium/4.4.0 (java windows)
Cache-Control: no-cache
Content-Type: application/json; charset=utf-8
host: localhost:50685
accept: */*

Response DefaultHttpResponse(decodeResult: success, version: HTTP/1.1)
HTTP/1.1 404 Not Found
Content-Type: application/json; charset=utf-8
cache-control: no-cache
content-length: 1045

12:25:39.914 [AsyncHttpClient-1-2] DEBUG org.asynchttpclient.netty.channel.ChannelManager - Adding key: http://localhost:50685 for channel [id: 0xb083d4ec, L:/127.0.0.1:50937 - R:localhost/127.0.0.1:50685]
12:25:39.933 [Forwarding switchToWindow on session fabb2ffb76c94dcf75e21125cc463c12 to remote] DEBUG org.asynchttpclient.netty.request.NettyRequestSender - Using pooled Channel '[id: 0xb083d4ec, L:/127.0.0.1:50937 - R:localhost/127.0.0.1:50685]' for 'POST' to 'http://localhost:50685/session/fabb2ffb76c94dcf75e21125cc463c12/window'
12:25:39.934 [Forwarding switchToWindow on session fabb2ffb76c94dcf75e21125cc463c12 to remote] DEBUG org.asynchttpclient.netty.request.NettyRequestSender - Using open Channel [id: 0xb083d4ec, L:/127.0.0.1:50937 - R:localhost/127.0.0.1:50685] for POST '/session/fabb2ffb76c94dcf75e21125cc463c12/window'
12:25:39.938 [AsyncHttpClient-1-2] DEBUG org.asynchttpclient.netty.handler.HttpHandler - 

Request DefaultHttpRequest(decodeResult: success, version: HTTP/1.1)
POST /session/fabb2ffb76c94dcf75e21125cc463c12/window HTTP/1.1
User-Agent: selenium/4.4.0 (java windows)
Content-Length: 50
Content-Type: application/json; charset=utf-8
host: localhost:50685
accept: */*

Response DefaultHttpResponse(decodeResult: success, version: HTTP/1.1)
HTTP/1.1 200 OK
Content-Type: application/json; charset=utf-8
cache-control: no-cache
content-length: 14

12:25:39.938 [AsyncHttpClient-1-2] DEBUG org.asynchttpclient.netty.channel.ChannelManager - Adding key: http://localhost:50685 for channel [id: 0xb083d4ec, L:/127.0.0.1:50937 - R:localhost/127.0.0.1:50685]
12:25:39.943 [Forwarding getCurrentUrl on session fabb2ffb76c94dcf75e21125cc463c12 to remote] DEBUG org.asynchttpclient.netty.request.NettyRequestSender - Using pooled Channel '[id: 0xb083d4ec, L:/127.0.0.1:50937 - R:localhost/127.0.0.1:50685]' for 'GET' to 'http://localhost:50685/session/fabb2ffb76c94dcf75e21125cc463c12/url'
12:25:39.943 [Forwarding getCurrentUrl on session fabb2ffb76c94dcf75e21125cc463c12 to remote] DEBUG org.asynchttpclient.netty.request.NettyRequestSender - Using open Channel [id: 0xb083d4ec, L:/127.0.0.1:50937 - R:localhost/127.0.0.1:50685] for GET '/session/fabb2ffb76c94dcf75e21125cc463c12/url'
12:25:39.962 [AsyncHttpClient-1-2] DEBUG org.asynchttpclient.netty.handler.HttpHandler - 

Request DefaultFullHttpRequest(decodeResult: success, version: HTTP/1.1, content: EmptyByteBufBE)
GET /session/fabb2ffb76c94dcf75e21125cc463c12/url HTTP/1.1
User-Agent: selenium/4.4.0 (java windows)
Cache-Control: no-cache
Content-Type: application/json; charset=utf-8
host: localhost:50685
accept: */*

Response DefaultHttpResponse(decodeResult: success, version: HTTP/1.1)
HTTP/1.1 200 OK
Content-Type: application/json; charset=utf-8
cache-control: no-cache
content-length: 47

12:25:39.962 [AsyncHttpClient-1-2] DEBUG org.asynchttpclient.netty.channel.ChannelManager - Adding key: http://localhost:50685 for channel [id: 0xb083d4ec, L:/127.0.0.1:50937 - R:localhost/127.0.0.1:50685]
12:25:39.964 [Forwarding screenshot on session fabb2ffb76c94dcf75e21125cc463c12 to remote] DEBUG org.asynchttpclient.netty.request.NettyRequestSender - Using pooled Channel '[id: 0xb083d4ec, L:/127.0.0.1:50937 - R:localhost/127.0.0.1:50685]' for 'GET' to 'http://localhost:50685/session/fabb2ffb76c94dcf75e21125cc463c12/screenshot'
12:25:39.964 [Forwarding screenshot on session fabb2ffb76c94dcf75e21125cc463c12 to remote] DEBUG org.asynchttpclient.netty.request.NettyRequestSender - Using open Channel [id: 0xb083d4ec, L:/127.0.0.1:50937 - R:localhost/127.0.0.1:50685] for GET '/session/fabb2ffb76c94dcf75e21125cc463c12/screenshot'
12:25:40.167 [AsyncHttpClient-1-2] DEBUG org.asynchttpclient.netty.handler.HttpHandler - 

Request DefaultFullHttpRequest(decodeResult: success, version: HTTP/1.1, content: EmptyByteBufBE)
GET /session/fabb2ffb76c94dcf75e21125cc463c12/screenshot HTTP/1.1
User-Agent: selenium/4.4.0 (java windows)
Cache-Control: no-cache
Content-Type: application/json; charset=utf-8
host: localhost:50685
accept: */*

Response DefaultHttpResponse(decodeResult: success, version: HTTP/1.1)
HTTP/1.1 200 OK
Content-Type: application/json; charset=utf-8
cache-control: no-cache
content-length: 525812

12:25:40.169 [AsyncHttpClient-1-2] DEBUG org.asynchttpclient.netty.channel.ChannelManager - Adding key: http://localhost:50685 for channel [id: 0xb083d4ec, L:/127.0.0.1:50937 - R:localhost/127.0.0.1:50685]
12:25:40.186 [Test worker] DEBUG net.serenitybdd.core.photography.Darkroom - Send negative for processing for C:\Users\pcnit\Downloads\TestE2E\target\site\serenity\a7c3afb77597f08ba51d98304aaeabbdfe0e6c255997533eeeecd73856e955f7.png
12:25:40.198 [Forwarding getPageSource on session fabb2ffb76c94dcf75e21125cc463c12 to remote] DEBUG org.asynchttpclient.netty.request.NettyRequestSender - Using pooled Channel '[id: 0xb083d4ec, L:/127.0.0.1:50937 - R:localhost/127.0.0.1:50685]' for 'POST' to 'http://localhost:50685/session/fabb2ffb76c94dcf75e21125cc463c12/execute/sync'
12:25:40.198 [Forwarding getPageSource on session fabb2ffb76c94dcf75e21125cc463c12 to remote] DEBUG org.asynchttpclient.netty.request.NettyRequestSender - Using open Channel [id: 0xb083d4ec, L:/127.0.0.1:50937 - R:localhost/127.0.0.1:50685] for POST '/session/fabb2ffb76c94dcf75e21125cc463c12/execute/sync'
12:25:40.214 [AsyncHttpClient-1-2] DEBUG org.asynchttpclient.netty.handler.HttpHandler - 

Request DefaultHttpRequest(decodeResult: success, version: HTTP/1.1)
POST /session/fabb2ffb76c94dcf75e21125cc463c12/execute/sync HTTP/1.1
User-Agent: selenium/4.4.0 (java windows)
Content-Length: 176
Content-Type: application/json; charset=utf-8
host: localhost:50685
accept: */*

Response DefaultHttpResponse(decodeResult: success, version: HTTP/1.1)
HTTP/1.1 200 OK
Content-Type: application/json; charset=utf-8
cache-control: no-cache
content-length: 57213

12:25:40.214 [AsyncHttpClient-1-2] DEBUG org.asynchttpclient.netty.channel.ChannelManager - Adding key: http://localhost:50685 for channel [id: 0xb083d4ec, L:/127.0.0.1:50937 - R:localhost/127.0.0.1:50685]
12:25:40.221 [Forwarding getCurrentUrl on session fabb2ffb76c94dcf75e21125cc463c12 to remote] DEBUG org.asynchttpclient.netty.request.NettyRequestSender - Using pooled Channel '[id: 0xb083d4ec, L:/127.0.0.1:50937 - R:localhost/127.0.0.1:50685]' for 'GET' to 'http://localhost:50685/session/fabb2ffb76c94dcf75e21125cc463c12/url'
12:25:40.221 [Forwarding getCurrentUrl on session fabb2ffb76c94dcf75e21125cc463c12 to remote] DEBUG org.asynchttpclient.netty.request.NettyRequestSender - Using open Channel [id: 0xb083d4ec, L:/127.0.0.1:50937 - R:localhost/127.0.0.1:50685] for GET '/session/fabb2ffb76c94dcf75e21125cc463c12/url'
12:25:40.251 [AsyncHttpClient-1-2] DEBUG org.asynchttpclient.netty.handler.HttpHandler - 

Request DefaultFullHttpRequest(decodeResult: success, version: HTTP/1.1, content: EmptyByteBufBE)
GET /session/fabb2ffb76c94dcf75e21125cc463c12/url HTTP/1.1
User-Agent: selenium/4.4.0 (java windows)
Cache-Control: no-cache
Content-Type: application/json; charset=utf-8
host: localhost:50685
accept: */*

Response DefaultHttpResponse(decodeResult: success, version: HTTP/1.1)
HTTP/1.1 200 OK
Content-Type: application/json; charset=utf-8
cache-control: no-cache
content-length: 47

12:25:40.251 [AsyncHttpClient-1-2] DEBUG org.asynchttpclient.netty.channel.ChannelManager - Adding key: http://localhost:50685 for channel [id: 0xb083d4ec, L:/127.0.0.1:50937 - R:localhost/127.0.0.1:50685]
12:25:40.254 [Test worker] DEBUG net.thucydides.core.steps.StepInterceptor - STARTING STEP: PlaceOrder.performAs - {0} clicks on #target
12:25:40.254 [Test worker] DEBUG net.serenitybdd.screenplay.targets.IFrameSwitcher - default content already selected for selecciona PLACE ORDER
12:25:40.331 [Forwarding findElement on session fabb2ffb76c94dcf75e21125cc463c12 to remote] DEBUG org.asynchttpclient.netty.request.NettyRequestSender - Using pooled Channel '[id: 0xb083d4ec, L:/127.0.0.1:50937 - R:localhost/127.0.0.1:50685]' for 'POST' to 'http://localhost:50685/session/fabb2ffb76c94dcf75e21125cc463c12/element'
12:25:40.332 [Forwarding findElement on session fabb2ffb76c94dcf75e21125cc463c12 to remote] DEBUG org.asynchttpclient.netty.request.NettyRequestSender - Using open Channel [id: 0xb083d4ec, L:/127.0.0.1:50937 - R:localhost/127.0.0.1:50685] for POST '/session/fabb2ffb76c94dcf75e21125cc463c12/element'
12:25:40.359 [AsyncHttpClient-1-2] DEBUG org.asynchttpclient.netty.handler.HttpHandler - 

Request DefaultHttpRequest(decodeResult: success, version: HTTP/1.1)
POST /session/fabb2ffb76c94dcf75e21125cc463c12/element HTTP/1.1
User-Agent: selenium/4.4.0 (java windows)
Content-Length: 102
Content-Type: application/json; charset=utf-8
host: localhost:50685
accept: */*

Response DefaultHttpResponse(decodeResult: success, version: HTTP/1.1)
HTTP/1.1 200 OK
Content-Type: application/json; charset=utf-8
cache-control: no-cache
content-length: 127

12:25:40.359 [AsyncHttpClient-1-2] DEBUG org.asynchttpclient.netty.channel.ChannelManager - Adding key: http://localhost:50685 for channel [id: 0xb083d4ec, L:/127.0.0.1:50937 - R:localhost/127.0.0.1:50685]
12:25:40.367 [Forwarding isElementDisplayed on session fabb2ffb76c94dcf75e21125cc463c12 to remote] DEBUG org.asynchttpclient.netty.request.NettyRequestSender - Using pooled Channel '[id: 0xb083d4ec, L:/127.0.0.1:50937 - R:localhost/127.0.0.1:50685]' for 'POST' to 'http://localhost:50685/session/fabb2ffb76c94dcf75e21125cc463c12/execute/sync'
12:25:40.367 [Forwarding isElementDisplayed on session fabb2ffb76c94dcf75e21125cc463c12 to remote] DEBUG org.asynchttpclient.netty.request.NettyRequestSender - Using open Channel [id: 0xb083d4ec, L:/127.0.0.1:50937 - R:localhost/127.0.0.1:50685] for POST '/session/fabb2ffb76c94dcf75e21125cc463c12/execute/sync'
12:25:40.382 [AsyncHttpClient-1-2] DEBUG org.asynchttpclient.netty.handler.HttpHandler - 

Request DefaultHttpRequest(decodeResult: success, version: HTTP/1.1)
POST /session/fabb2ffb76c94dcf75e21125cc463c12/execute/sync HTTP/1.1
User-Agent: selenium/4.4.0 (java windows)
Content-Length: 48819
Content-Type: application/json; charset=utf-8
host: localhost:50685
accept: */*

Response DefaultHttpResponse(decodeResult: success, version: HTTP/1.1)
HTTP/1.1 200 OK
Content-Type: application/json; charset=utf-8
cache-control: no-cache
content-length: 14

12:25:40.382 [AsyncHttpClient-1-2] DEBUG org.asynchttpclient.netty.channel.ChannelManager - Adding key: http://localhost:50685 for channel [id: 0xb083d4ec, L:/127.0.0.1:50937 - R:localhost/127.0.0.1:50685]
12:25:40.409 [Forwarding findElement on session fabb2ffb76c94dcf75e21125cc463c12 to remote] DEBUG org.asynchttpclient.netty.request.NettyRequestSender - Using pooled Channel '[id: 0xb083d4ec, L:/127.0.0.1:50937 - R:localhost/127.0.0.1:50685]' for 'POST' to 'http://localhost:50685/session/fabb2ffb76c94dcf75e21125cc463c12/element'
12:25:40.410 [Forwarding findElement on session fabb2ffb76c94dcf75e21125cc463c12 to remote] DEBUG org.asynchttpclient.netty.request.NettyRequestSender - Using open Channel [id: 0xb083d4ec, L:/127.0.0.1:50937 - R:localhost/127.0.0.1:50685] for POST '/session/fabb2ffb76c94dcf75e21125cc463c12/element'
12:25:40.428 [AsyncHttpClient-1-2] DEBUG org.asynchttpclient.netty.handler.HttpHandler - 

Request DefaultHttpRequest(decodeResult: success, version: HTTP/1.1)
POST /session/fabb2ffb76c94dcf75e21125cc463c12/element HTTP/1.1
User-Agent: selenium/4.4.0 (java windows)
Content-Length: 102
Content-Type: application/json; charset=utf-8
host: localhost:50685
accept: */*

Response DefaultHttpResponse(decodeResult: success, version: HTTP/1.1)
HTTP/1.1 200 OK
Content-Type: application/json; charset=utf-8
cache-control: no-cache
content-length: 127

12:25:40.428 [AsyncHttpClient-1-2] DEBUG org.asynchttpclient.netty.channel.ChannelManager - Adding key: http://localhost:50685 for channel [id: 0xb083d4ec, L:/127.0.0.1:50937 - R:localhost/127.0.0.1:50685]
12:25:40.429 [Forwarding clickElement on session fabb2ffb76c94dcf75e21125cc463c12 to remote] DEBUG org.asynchttpclient.netty.request.NettyRequestSender - Using pooled Channel '[id: 0xb083d4ec, L:/127.0.0.1:50937 - R:localhost/127.0.0.1:50685]' for 'POST' to 'http://localhost:50685/session/fabb2ffb76c94dcf75e21125cc463c12/element/f.7E9A709675F02E7E9E4ECE1EF325ABA8.d.D17DAE1392C999D3787AF96F6DDE3A4D.e.406/click'
12:25:40.429 [Forwarding clickElement on session fabb2ffb76c94dcf75e21125cc463c12 to remote] DEBUG org.asynchttpclient.netty.request.NettyRequestSender - Using open Channel [id: 0xb083d4ec, L:/127.0.0.1:50937 - R:localhost/127.0.0.1:50685] for POST '/session/fabb2ffb76c94dcf75e21125cc463c12/element/f.7E9A709675F02E7E9E4ECE1EF325ABA8.d.D17DAE1392C999D3787AF96F6DDE3A4D.e.406/click'
12:25:40.486 [AsyncHttpClient-1-2] DEBUG org.asynchttpclient.netty.handler.HttpHandler - 

Request DefaultHttpRequest(decodeResult: success, version: HTTP/1.1)
POST /session/fabb2ffb76c94dcf75e21125cc463c12/element/f.7E9A709675F02E7E9E4ECE1EF325ABA8.d.D17DAE1392C999D3787AF96F6DDE3A4D.e.406/click HTTP/1.1
User-Agent: selenium/4.4.0 (java windows)
Content-Length: 89
Content-Type: application/json; charset=utf-8
host: localhost:50685
accept: */*

Response DefaultHttpResponse(decodeResult: success, version: HTTP/1.1)
HTTP/1.1 200 OK
Content-Type: application/json; charset=utf-8
cache-control: no-cache
content-length: 14

12:25:40.486 [AsyncHttpClient-1-2] DEBUG org.asynchttpclient.netty.channel.ChannelManager - Adding key: http://localhost:50685 for channel [id: 0xb083d4ec, L:/127.0.0.1:50937 - R:localhost/127.0.0.1:50685]
12:25:40.520 [Forwarding getCurrentWindowHandle on session fabb2ffb76c94dcf75e21125cc463c12 to remote] DEBUG org.asynchttpclient.netty.request.NettyRequestSender - Using pooled Channel '[id: 0xb083d4ec, L:/127.0.0.1:50937 - R:localhost/127.0.0.1:50685]' for 'GET' to 'http://localhost:50685/session/fabb2ffb76c94dcf75e21125cc463c12/window'
12:25:40.521 [Forwarding getCurrentWindowHandle on session fabb2ffb76c94dcf75e21125cc463c12 to remote] DEBUG org.asynchttpclient.netty.request.NettyRequestSender - Using open Channel [id: 0xb083d4ec, L:/127.0.0.1:50937 - R:localhost/127.0.0.1:50685] for GET '/session/fabb2ffb76c94dcf75e21125cc463c12/window'
12:25:40.531 [AsyncHttpClient-1-2] DEBUG org.asynchttpclient.netty.handler.HttpHandler - 

Request DefaultFullHttpRequest(decodeResult: success, version: HTTP/1.1, content: EmptyByteBufBE)
GET /session/fabb2ffb76c94dcf75e21125cc463c12/window HTTP/1.1
User-Agent: selenium/4.4.0 (java windows)
Cache-Control: no-cache
Content-Type: application/json; charset=utf-8
host: localhost:50685
accept: */*

Response DefaultHttpResponse(decodeResult: success, version: HTTP/1.1)
HTTP/1.1 200 OK
Content-Type: application/json; charset=utf-8
cache-control: no-cache
content-length: 44

12:25:40.531 [AsyncHttpClient-1-2] DEBUG org.asynchttpclient.netty.channel.ChannelManager - Adding key: http://localhost:50685 for channel [id: 0xb083d4ec, L:/127.0.0.1:50937 - R:localhost/127.0.0.1:50685]
12:25:40.546 [Forwarding getAlertText on session fabb2ffb76c94dcf75e21125cc463c12 to remote] DEBUG org.asynchttpclient.netty.request.NettyRequestSender - Using pooled Channel '[id: 0xb083d4ec, L:/127.0.0.1:50937 - R:localhost/127.0.0.1:50685]' for 'GET' to 'http://localhost:50685/session/fabb2ffb76c94dcf75e21125cc463c12/alert/text'
12:25:40.546 [Forwarding getAlertText on session fabb2ffb76c94dcf75e21125cc463c12 to remote] DEBUG org.asynchttpclient.netty.request.NettyRequestSender - Using open Channel [id: 0xb083d4ec, L:/127.0.0.1:50937 - R:localhost/127.0.0.1:50685] for GET '/session/fabb2ffb76c94dcf75e21125cc463c12/alert/text'
12:25:40.561 [AsyncHttpClient-1-2] DEBUG org.asynchttpclient.netty.handler.HttpHandler - 

Request DefaultFullHttpRequest(decodeResult: success, version: HTTP/1.1, content: EmptyByteBufBE)
GET /session/fabb2ffb76c94dcf75e21125cc463c12/alert/text HTTP/1.1
User-Agent: selenium/4.4.0 (java windows)
Cache-Control: no-cache
Content-Type: application/json; charset=utf-8
host: localhost:50685
accept: */*

Response DefaultHttpResponse(decodeResult: success, version: HTTP/1.1)
HTTP/1.1 404 Not Found
Content-Type: application/json; charset=utf-8
cache-control: no-cache
content-length: 1045

12:25:40.561 [AsyncHttpClient-1-2] DEBUG org.asynchttpclient.netty.channel.ChannelManager - Adding key: http://localhost:50685 for channel [id: 0xb083d4ec, L:/127.0.0.1:50937 - R:localhost/127.0.0.1:50685]
12:25:40.574 [Forwarding switchToWindow on session fabb2ffb76c94dcf75e21125cc463c12 to remote] DEBUG org.asynchttpclient.netty.request.NettyRequestSender - Using pooled Channel '[id: 0xb083d4ec, L:/127.0.0.1:50937 - R:localhost/127.0.0.1:50685]' for 'POST' to 'http://localhost:50685/session/fabb2ffb76c94dcf75e21125cc463c12/window'
12:25:40.574 [Forwarding switchToWindow on session fabb2ffb76c94dcf75e21125cc463c12 to remote] DEBUG org.asynchttpclient.netty.request.NettyRequestSender - Using open Channel [id: 0xb083d4ec, L:/127.0.0.1:50937 - R:localhost/127.0.0.1:50685] for POST '/session/fabb2ffb76c94dcf75e21125cc463c12/window'
12:25:40.581 [AsyncHttpClient-1-2] DEBUG org.asynchttpclient.netty.handler.HttpHandler - 

Request DefaultHttpRequest(decodeResult: success, version: HTTP/1.1)
POST /session/fabb2ffb76c94dcf75e21125cc463c12/window HTTP/1.1
User-Agent: selenium/4.4.0 (java windows)
Content-Length: 50
Content-Type: application/json; charset=utf-8
host: localhost:50685
accept: */*

Response DefaultHttpResponse(decodeResult: success, version: HTTP/1.1)
HTTP/1.1 200 OK
Content-Type: application/json; charset=utf-8
cache-control: no-cache
content-length: 14

12:25:40.581 [AsyncHttpClient-1-2] DEBUG org.asynchttpclient.netty.channel.ChannelManager - Adding key: http://localhost:50685 for channel [id: 0xb083d4ec, L:/127.0.0.1:50937 - R:localhost/127.0.0.1:50685]
12:25:40.581 [Forwarding getCurrentUrl on session fabb2ffb76c94dcf75e21125cc463c12 to remote] DEBUG org.asynchttpclient.netty.request.NettyRequestSender - Using pooled Channel '[id: 0xb083d4ec, L:/127.0.0.1:50937 - R:localhost/127.0.0.1:50685]' for 'GET' to 'http://localhost:50685/session/fabb2ffb76c94dcf75e21125cc463c12/url'
12:25:40.582 [Forwarding getCurrentUrl on session fabb2ffb76c94dcf75e21125cc463c12 to remote] DEBUG org.asynchttpclient.netty.request.NettyRequestSender - Using open Channel [id: 0xb083d4ec, L:/127.0.0.1:50937 - R:localhost/127.0.0.1:50685] for GET '/session/fabb2ffb76c94dcf75e21125cc463c12/url'
12:25:40.598 [AsyncHttpClient-1-2] DEBUG org.asynchttpclient.netty.handler.HttpHandler - 

Request DefaultFullHttpRequest(decodeResult: success, version: HTTP/1.1, content: EmptyByteBufBE)
GET /session/fabb2ffb76c94dcf75e21125cc463c12/url HTTP/1.1
User-Agent: selenium/4.4.0 (java windows)
Cache-Control: no-cache
Content-Type: application/json; charset=utf-8
host: localhost:50685
accept: */*

Response DefaultHttpResponse(decodeResult: success, version: HTTP/1.1)
HTTP/1.1 200 OK
Content-Type: application/json; charset=utf-8
cache-control: no-cache
content-length: 47

12:25:40.598 [AsyncHttpClient-1-2] DEBUG org.asynchttpclient.netty.channel.ChannelManager - Adding key: http://localhost:50685 for channel [id: 0xb083d4ec, L:/127.0.0.1:50937 - R:localhost/127.0.0.1:50685]
12:25:40.599 [Forwarding screenshot on session fabb2ffb76c94dcf75e21125cc463c12 to remote] DEBUG org.asynchttpclient.netty.request.NettyRequestSender - Using pooled Channel '[id: 0xb083d4ec, L:/127.0.0.1:50937 - R:localhost/127.0.0.1:50685]' for 'GET' to 'http://localhost:50685/session/fabb2ffb76c94dcf75e21125cc463c12/screenshot'
12:25:40.599 [Forwarding screenshot on session fabb2ffb76c94dcf75e21125cc463c12 to remote] DEBUG org.asynchttpclient.netty.request.NettyRequestSender - Using open Channel [id: 0xb083d4ec, L:/127.0.0.1:50937 - R:localhost/127.0.0.1:50685] for GET '/session/fabb2ffb76c94dcf75e21125cc463c12/screenshot'
12:25:40.772 [AsyncHttpClient-1-2] DEBUG org.asynchttpclient.netty.handler.HttpHandler - 

Request DefaultFullHttpRequest(decodeResult: success, version: HTTP/1.1, content: EmptyByteBufBE)
GET /session/fabb2ffb76c94dcf75e21125cc463c12/screenshot HTTP/1.1
User-Agent: selenium/4.4.0 (java windows)
Cache-Control: no-cache
Content-Type: application/json; charset=utf-8
host: localhost:50685
accept: */*

Response DefaultHttpResponse(decodeResult: success, version: HTTP/1.1)
HTTP/1.1 200 OK
Content-Type: application/json; charset=utf-8
cache-control: no-cache
content-length: 421036

12:25:40.773 [AsyncHttpClient-1-2] DEBUG org.asynchttpclient.netty.channel.ChannelManager - Adding key: http://localhost:50685 for channel [id: 0xb083d4ec, L:/127.0.0.1:50937 - R:localhost/127.0.0.1:50685]
12:25:40.785 [Test worker] DEBUG net.serenitybdd.core.photography.Darkroom - Send negative for processing for C:\Users\pcnit\Downloads\TestE2E\target\site\serenity\0e8dac763cf4ca0807c8659ea678882892f1033cab0c57e876145f9b6b97f66d.png
12:25:40.785 [Darkroom Processing Line] DEBUG net.serenitybdd.core.photography.DarkroomProcessingLine - Processing screenshot image in /var/screenshots/screenshot-15145585705356575013
12:25:40.785 [Darkroom Processing Line] DEBUG net.serenitybdd.core.photography.DarkroomProcessingLine - Saving screenshot to C:\Users\pcnit\Downloads\TestE2E\target\site\serenity\0e8dac763cf4ca0807c8659ea678882892f1033cab0c57e876145f9b6b97f66d.png
12:25:40.805 [Forwarding getPageSource on session fabb2ffb76c94dcf75e21125cc463c12 to remote] DEBUG org.asynchttpclient.netty.request.NettyRequestSender - Using pooled Channel '[id: 0xb083d4ec, L:/127.0.0.1:50937 - R:localhost/127.0.0.1:50685]' for 'POST' to 'http://localhost:50685/session/fabb2ffb76c94dcf75e21125cc463c12/execute/sync'
12:25:40.805 [Forwarding getPageSource on session fabb2ffb76c94dcf75e21125cc463c12 to remote] DEBUG org.asynchttpclient.netty.request.NettyRequestSender - Using open Channel [id: 0xb083d4ec, L:/127.0.0.1:50937 - R:localhost/127.0.0.1:50685] for POST '/session/fabb2ffb76c94dcf75e21125cc463c12/execute/sync'
12:25:40.823 [AsyncHttpClient-1-2] DEBUG org.asynchttpclient.netty.handler.HttpHandler - 

Request DefaultHttpRequest(decodeResult: success, version: HTTP/1.1)
POST /session/fabb2ffb76c94dcf75e21125cc463c12/execute/sync HTTP/1.1
User-Agent: selenium/4.4.0 (java windows)
Content-Length: 176
Content-Type: application/json; charset=utf-8
host: localhost:50685
accept: */*

Response DefaultHttpResponse(decodeResult: success, version: HTTP/1.1)
HTTP/1.1 200 OK
Content-Type: application/json; charset=utf-8
cache-control: no-cache
content-length: 57331

12:25:40.824 [AsyncHttpClient-1-2] DEBUG org.asynchttpclient.netty.channel.ChannelManager - Adding key: http://localhost:50685 for channel [id: 0xb083d4ec, L:/127.0.0.1:50937 - R:localhost/127.0.0.1:50685]
12:25:40.834 [Forwarding getCurrentUrl on session fabb2ffb76c94dcf75e21125cc463c12 to remote] DEBUG org.asynchttpclient.netty.request.NettyRequestSender - Using pooled Channel '[id: 0xb083d4ec, L:/127.0.0.1:50937 - R:localhost/127.0.0.1:50685]' for 'GET' to 'http://localhost:50685/session/fabb2ffb76c94dcf75e21125cc463c12/url'
12:25:40.834 [Forwarding getCurrentUrl on session fabb2ffb76c94dcf75e21125cc463c12 to remote] DEBUG org.asynchttpclient.netty.request.NettyRequestSender - Using open Channel [id: 0xb083d4ec, L:/127.0.0.1:50937 - R:localhost/127.0.0.1:50685] for GET '/session/fabb2ffb76c94dcf75e21125cc463c12/url'
12:25:40.854 [AsyncHttpClient-1-2] DEBUG org.asynchttpclient.netty.handler.HttpHandler - 

Request DefaultFullHttpRequest(decodeResult: success, version: HTTP/1.1, content: EmptyByteBufBE)
GET /session/fabb2ffb76c94dcf75e21125cc463c12/url HTTP/1.1
User-Agent: selenium/4.4.0 (java windows)
Cache-Control: no-cache
Content-Type: application/json; charset=utf-8
host: localhost:50685
accept: */*

Response DefaultHttpResponse(decodeResult: success, version: HTTP/1.1)
HTTP/1.1 200 OK
Content-Type: application/json; charset=utf-8
cache-control: no-cache
content-length: 47

12:25:40.854 [AsyncHttpClient-1-2] DEBUG org.asynchttpclient.netty.channel.ChannelManager - Adding key: http://localhost:50685 for channel [id: 0xb083d4ec, L:/127.0.0.1:50937 - R:localhost/127.0.0.1:50685]
12:25:40.882 [AsyncHttpClient-1-1] DEBUG org.asynchttpclient.netty.channel.DefaultChannelPool - Entry count for : http://localhost:50938 : 1
12:25:40.882 [AsyncHttpClient-1-1] DEBUG org.asynchttpclient.netty.channel.DefaultChannelPool - Entry count for : http://localhost:50685 : 1
12:25:40.901 [Forwarding getCurrentWindowHandle on session fabb2ffb76c94dcf75e21125cc463c12 to remote] DEBUG org.asynchttpclient.netty.request.NettyRequestSender - Using pooled Channel '[id: 0xb083d4ec, L:/127.0.0.1:50937 - R:localhost/127.0.0.1:50685]' for 'GET' to 'http://localhost:50685/session/fabb2ffb76c94dcf75e21125cc463c12/window'
12:25:40.901 [Forwarding getCurrentWindowHandle on session fabb2ffb76c94dcf75e21125cc463c12 to remote] DEBUG org.asynchttpclient.netty.request.NettyRequestSender - Using open Channel [id: 0xb083d4ec, L:/127.0.0.1:50937 - R:localhost/127.0.0.1:50685] for GET '/session/fabb2ffb76c94dcf75e21125cc463c12/window'
12:25:40.908 [AsyncHttpClient-1-2] DEBUG org.asynchttpclient.netty.handler.HttpHandler - 

Request DefaultFullHttpRequest(decodeResult: success, version: HTTP/1.1, content: EmptyByteBufBE)
GET /session/fabb2ffb76c94dcf75e21125cc463c12/window HTTP/1.1
User-Agent: selenium/4.4.0 (java windows)
Cache-Control: no-cache
Content-Type: application/json; charset=utf-8
host: localhost:50685
accept: */*

Response DefaultHttpResponse(decodeResult: success, version: HTTP/1.1)
HTTP/1.1 200 OK
Content-Type: application/json; charset=utf-8
cache-control: no-cache
content-length: 44

12:25:40.909 [AsyncHttpClient-1-2] DEBUG org.asynchttpclient.netty.channel.ChannelManager - Adding key: http://localhost:50685 for channel [id: 0xb083d4ec, L:/127.0.0.1:50937 - R:localhost/127.0.0.1:50685]
12:25:40.920 [Forwarding getAlertText on session fabb2ffb76c94dcf75e21125cc463c12 to remote] DEBUG org.asynchttpclient.netty.request.NettyRequestSender - Using pooled Channel '[id: 0xb083d4ec, L:/127.0.0.1:50937 - R:localhost/127.0.0.1:50685]' for 'GET' to 'http://localhost:50685/session/fabb2ffb76c94dcf75e21125cc463c12/alert/text'
12:25:40.920 [Forwarding getAlertText on session fabb2ffb76c94dcf75e21125cc463c12 to remote] DEBUG org.asynchttpclient.netty.request.NettyRequestSender - Using open Channel [id: 0xb083d4ec, L:/127.0.0.1:50937 - R:localhost/127.0.0.1:50685] for GET '/session/fabb2ffb76c94dcf75e21125cc463c12/alert/text'
12:25:40.933 [AsyncHttpClient-1-2] DEBUG org.asynchttpclient.netty.handler.HttpHandler - 

Request DefaultFullHttpRequest(decodeResult: success, version: HTTP/1.1, content: EmptyByteBufBE)
GET /session/fabb2ffb76c94dcf75e21125cc463c12/alert/text HTTP/1.1
User-Agent: selenium/4.4.0 (java windows)
Cache-Control: no-cache
Content-Type: application/json; charset=utf-8
host: localhost:50685
accept: */*

Response DefaultHttpResponse(decodeResult: success, version: HTTP/1.1)
HTTP/1.1 404 Not Found
Content-Type: application/json; charset=utf-8
cache-control: no-cache
content-length: 1045

12:25:40.933 [AsyncHttpClient-1-2] DEBUG org.asynchttpclient.netty.channel.ChannelManager - Adding key: http://localhost:50685 for channel [id: 0xb083d4ec, L:/127.0.0.1:50937 - R:localhost/127.0.0.1:50685]
12:25:40.944 [Forwarding switchToWindow on session fabb2ffb76c94dcf75e21125cc463c12 to remote] DEBUG org.asynchttpclient.netty.request.NettyRequestSender - Using pooled Channel '[id: 0xb083d4ec, L:/127.0.0.1:50937 - R:localhost/127.0.0.1:50685]' for 'POST' to 'http://localhost:50685/session/fabb2ffb76c94dcf75e21125cc463c12/window'
12:25:40.944 [Forwarding switchToWindow on session fabb2ffb76c94dcf75e21125cc463c12 to remote] DEBUG org.asynchttpclient.netty.request.NettyRequestSender - Using open Channel [id: 0xb083d4ec, L:/127.0.0.1:50937 - R:localhost/127.0.0.1:50685] for POST '/session/fabb2ffb76c94dcf75e21125cc463c12/window'
12:25:40.948 [AsyncHttpClient-1-2] DEBUG org.asynchttpclient.netty.handler.HttpHandler - 

Request DefaultHttpRequest(decodeResult: success, version: HTTP/1.1)
POST /session/fabb2ffb76c94dcf75e21125cc463c12/window HTTP/1.1
User-Agent: selenium/4.4.0 (java windows)
Content-Length: 50
Content-Type: application/json; charset=utf-8
host: localhost:50685
accept: */*

Response DefaultHttpResponse(decodeResult: success, version: HTTP/1.1)
HTTP/1.1 200 OK
Content-Type: application/json; charset=utf-8
cache-control: no-cache
content-length: 14

12:25:40.948 [AsyncHttpClient-1-2] DEBUG org.asynchttpclient.netty.channel.ChannelManager - Adding key: http://localhost:50685 for channel [id: 0xb083d4ec, L:/127.0.0.1:50937 - R:localhost/127.0.0.1:50685]
12:25:40.949 [Forwarding getCurrentUrl on session fabb2ffb76c94dcf75e21125cc463c12 to remote] DEBUG org.asynchttpclient.netty.request.NettyRequestSender - Using pooled Channel '[id: 0xb083d4ec, L:/127.0.0.1:50937 - R:localhost/127.0.0.1:50685]' for 'GET' to 'http://localhost:50685/session/fabb2ffb76c94dcf75e21125cc463c12/url'
12:25:40.949 [Forwarding getCurrentUrl on session fabb2ffb76c94dcf75e21125cc463c12 to remote] DEBUG org.asynchttpclient.netty.request.NettyRequestSender - Using open Channel [id: 0xb083d4ec, L:/127.0.0.1:50937 - R:localhost/127.0.0.1:50685] for GET '/session/fabb2ffb76c94dcf75e21125cc463c12/url'
12:25:40.966 [AsyncHttpClient-1-2] DEBUG org.asynchttpclient.netty.handler.HttpHandler - 

Request DefaultFullHttpRequest(decodeResult: success, version: HTTP/1.1, content: EmptyByteBufBE)
GET /session/fabb2ffb76c94dcf75e21125cc463c12/url HTTP/1.1
User-Agent: selenium/4.4.0 (java windows)
Cache-Control: no-cache
Content-Type: application/json; charset=utf-8
host: localhost:50685
accept: */*

Response DefaultHttpResponse(decodeResult: success, version: HTTP/1.1)
HTTP/1.1 200 OK
Content-Type: application/json; charset=utf-8
cache-control: no-cache
content-length: 47

12:25:40.966 [AsyncHttpClient-1-2] DEBUG org.asynchttpclient.netty.channel.ChannelManager - Adding key: http://localhost:50685 for channel [id: 0xb083d4ec, L:/127.0.0.1:50937 - R:localhost/127.0.0.1:50685]
12:25:40.967 [Forwarding screenshot on session fabb2ffb76c94dcf75e21125cc463c12 to remote] DEBUG org.asynchttpclient.netty.request.NettyRequestSender - Using pooled Channel '[id: 0xb083d4ec, L:/127.0.0.1:50937 - R:localhost/127.0.0.1:50685]' for 'GET' to 'http://localhost:50685/session/fabb2ffb76c94dcf75e21125cc463c12/screenshot'
12:25:40.967 [Forwarding screenshot on session fabb2ffb76c94dcf75e21125cc463c12 to remote] DEBUG org.asynchttpclient.netty.request.NettyRequestSender - Using open Channel [id: 0xb083d4ec, L:/127.0.0.1:50937 - R:localhost/127.0.0.1:50685] for GET '/session/fabb2ffb76c94dcf75e21125cc463c12/screenshot'
12:25:41.100 [AsyncHttpClient-1-2] DEBUG org.asynchttpclient.netty.handler.HttpHandler - 

Request DefaultFullHttpRequest(decodeResult: success, version: HTTP/1.1, content: EmptyByteBufBE)
GET /session/fabb2ffb76c94dcf75e21125cc463c12/screenshot HTTP/1.1
User-Agent: selenium/4.4.0 (java windows)
Cache-Control: no-cache
Content-Type: application/json; charset=utf-8
host: localhost:50685
accept: */*

Response DefaultHttpResponse(decodeResult: success, version: HTTP/1.1)
HTTP/1.1 200 OK
Content-Type: application/json; charset=utf-8
cache-control: no-cache
content-length: 291564

12:25:41.101 [AsyncHttpClient-1-2] DEBUG org.asynchttpclient.netty.channel.ChannelManager - Adding key: http://localhost:50685 for channel [id: 0xb083d4ec, L:/127.0.0.1:50937 - R:localhost/127.0.0.1:50685]
12:25:41.111 [Test worker] DEBUG net.serenitybdd.core.photography.Darkroom - Send negative for processing for C:\Users\pcnit\Downloads\TestE2E\target\site\serenity\ccec00b118b669053a17f30d4cadc17514358af66b92895adfe6bc539e30015b.png
12:25:41.111 [Darkroom Processing Line] DEBUG net.serenitybdd.core.photography.DarkroomProcessingLine - Processing screenshot image in /var/screenshots/screenshot-10854919894659661978
12:25:41.111 [Darkroom Processing Line] DEBUG net.serenitybdd.core.photography.DarkroomProcessingLine - Saving screenshot to C:\Users\pcnit\Downloads\TestE2E\target\site\serenity\ccec00b118b669053a17f30d4cadc17514358af66b92895adfe6bc539e30015b.png
12:25:41.111 [Test worker] DEBUG net.thucydides.core.steps.StepInterceptor - STEP DONE: {0} clicks on #target
12:25:41.145 [Forwarding getPageSource on session fabb2ffb76c94dcf75e21125cc463c12 to remote] DEBUG org.asynchttpclient.netty.request.NettyRequestSender - Using pooled Channel '[id: 0xb083d4ec, L:/127.0.0.1:50937 - R:localhost/127.0.0.1:50685]' for 'POST' to 'http://localhost:50685/session/fabb2ffb76c94dcf75e21125cc463c12/execute/sync'
12:25:41.145 [Forwarding getPageSource on session fabb2ffb76c94dcf75e21125cc463c12 to remote] DEBUG org.asynchttpclient.netty.request.NettyRequestSender - Using open Channel [id: 0xb083d4ec, L:/127.0.0.1:50937 - R:localhost/127.0.0.1:50685] for POST '/session/fabb2ffb76c94dcf75e21125cc463c12/execute/sync'
12:25:41.158 [AsyncHttpClient-1-2] DEBUG org.asynchttpclient.netty.handler.HttpHandler - 

Request DefaultHttpRequest(decodeResult: success, version: HTTP/1.1)
POST /session/fabb2ffb76c94dcf75e21125cc463c12/execute/sync HTTP/1.1
User-Agent: selenium/4.4.0 (java windows)
Content-Length: 176
Content-Type: application/json; charset=utf-8
host: localhost:50685
accept: */*

Response DefaultHttpResponse(decodeResult: success, version: HTTP/1.1)
HTTP/1.1 200 OK
Content-Type: application/json; charset=utf-8
cache-control: no-cache
content-length: 57331

12:25:41.159 [AsyncHttpClient-1-2] DEBUG org.asynchttpclient.netty.channel.ChannelManager - Adding key: http://localhost:50685 for channel [id: 0xb083d4ec, L:/127.0.0.1:50937 - R:localhost/127.0.0.1:50685]
12:25:41.166 [Forwarding getCurrentUrl on session fabb2ffb76c94dcf75e21125cc463c12 to remote] DEBUG org.asynchttpclient.netty.request.NettyRequestSender - Using pooled Channel '[id: 0xb083d4ec, L:/127.0.0.1:50937 - R:localhost/127.0.0.1:50685]' for 'GET' to 'http://localhost:50685/session/fabb2ffb76c94dcf75e21125cc463c12/url'
12:25:41.167 [Forwarding getCurrentUrl on session fabb2ffb76c94dcf75e21125cc463c12 to remote] DEBUG org.asynchttpclient.netty.request.NettyRequestSender - Using open Channel [id: 0xb083d4ec, L:/127.0.0.1:50937 - R:localhost/127.0.0.1:50685] for GET '/session/fabb2ffb76c94dcf75e21125cc463c12/url'
12:25:41.185 [AsyncHttpClient-1-2] DEBUG org.asynchttpclient.netty.handler.HttpHandler - 

Request DefaultFullHttpRequest(decodeResult: success, version: HTTP/1.1, content: EmptyByteBufBE)
GET /session/fabb2ffb76c94dcf75e21125cc463c12/url HTTP/1.1
User-Agent: selenium/4.4.0 (java windows)
Cache-Control: no-cache
Content-Type: application/json; charset=utf-8
host: localhost:50685
accept: */*

Response DefaultHttpResponse(decodeResult: success, version: HTTP/1.1)
HTTP/1.1 200 OK
Content-Type: application/json; charset=utf-8
cache-control: no-cache
content-length: 47

12:25:41.185 [AsyncHttpClient-1-2] DEBUG org.asynchttpclient.netty.channel.ChannelManager - Adding key: http://localhost:50685 for channel [id: 0xb083d4ec, L:/127.0.0.1:50937 - R:localhost/127.0.0.1:50685]
12:25:41.189 [Test worker] DEBUG net.thucydides.core.steps.StepInterceptor - STARTING STEP: PlaceOrder.performAs - {0} enters #theTextAsAString into #target
12:25:41.199 [Test worker] DEBUG net.serenitybdd.screenplay.targets.IFrameSwitcher - default content already selected for selecciona PLACE ORDER
12:25:41.245 [Forwarding findElement on session fabb2ffb76c94dcf75e21125cc463c12 to remote] DEBUG org.asynchttpclient.netty.request.NettyRequestSender - Using pooled Channel '[id: 0xb083d4ec, L:/127.0.0.1:50937 - R:localhost/127.0.0.1:50685]' for 'POST' to 'http://localhost:50685/session/fabb2ffb76c94dcf75e21125cc463c12/element'
12:25:41.245 [Forwarding findElement on session fabb2ffb76c94dcf75e21125cc463c12 to remote] DEBUG org.asynchttpclient.netty.request.NettyRequestSender - Using open Channel [id: 0xb083d4ec, L:/127.0.0.1:50937 - R:localhost/127.0.0.1:50685] for POST '/session/fabb2ffb76c94dcf75e21125cc463c12/element'
12:25:41.279 [AsyncHttpClient-1-2] DEBUG org.asynchttpclient.netty.handler.HttpHandler - 

Request DefaultHttpRequest(decodeResult: success, version: HTTP/1.1)
POST /session/fabb2ffb76c94dcf75e21125cc463c12/element HTTP/1.1
User-Agent: selenium/4.4.0 (java windows)
Content-Length: 64
Content-Type: application/json; charset=utf-8
host: localhost:50685
accept: */*

Response DefaultHttpResponse(decodeResult: success, version: HTTP/1.1)
HTTP/1.1 200 OK
Content-Type: application/json; charset=utf-8
cache-control: no-cache
content-length: 127

12:25:41.280 [AsyncHttpClient-1-2] DEBUG org.asynchttpclient.netty.channel.ChannelManager - Adding key: http://localhost:50685 for channel [id: 0xb083d4ec, L:/127.0.0.1:50937 - R:localhost/127.0.0.1:50685]
12:25:41.282 [Forwarding clearElement on session fabb2ffb76c94dcf75e21125cc463c12 to remote] DEBUG org.asynchttpclient.netty.request.NettyRequestSender - Using pooled Channel '[id: 0xb083d4ec, L:/127.0.0.1:50937 - R:localhost/127.0.0.1:50685]' for 'POST' to 'http://localhost:50685/session/fabb2ffb76c94dcf75e21125cc463c12/element/f.7E9A709675F02E7E9E4ECE1EF325ABA8.d.D17DAE1392C999D3787AF96F6DDE3A4D.e.365/clear'
12:25:41.282 [Forwarding clearElement on session fabb2ffb76c94dcf75e21125cc463c12 to remote] DEBUG org.asynchttpclient.netty.request.NettyRequestSender - Using open Channel [id: 0xb083d4ec, L:/127.0.0.1:50937 - R:localhost/127.0.0.1:50685] for POST '/session/fabb2ffb76c94dcf75e21125cc463c12/element/f.7E9A709675F02E7E9E4ECE1EF325ABA8.d.D17DAE1392C999D3787AF96F6DDE3A4D.e.365/clear'
12:25:41.330 [AsyncHttpClient-1-2] DEBUG org.asynchttpclient.netty.handler.HttpHandler - 

Request DefaultHttpRequest(decodeResult: success, version: HTTP/1.1)
POST /session/fabb2ffb76c94dcf75e21125cc463c12/element/f.7E9A709675F02E7E9E4ECE1EF325ABA8.d.D17DAE1392C999D3787AF96F6DDE3A4D.e.365/clear HTTP/1.1
User-Agent: selenium/4.4.0 (java windows)
Content-Length: 89
Content-Type: application/json; charset=utf-8
host: localhost:50685
accept: */*

Response DefaultHttpResponse(decodeResult: success, version: HTTP/1.1)
HTTP/1.1 200 OK
Content-Type: application/json; charset=utf-8
cache-control: no-cache
content-length: 14

12:25:41.330 [AsyncHttpClient-1-2] DEBUG org.asynchttpclient.netty.channel.ChannelManager - Adding key: http://localhost:50685 for channel [id: 0xb083d4ec, L:/127.0.0.1:50937 - R:localhost/127.0.0.1:50685]
12:25:41.351 [Forwarding sendKeysToElement on session fabb2ffb76c94dcf75e21125cc463c12 to remote] DEBUG org.asynchttpclient.netty.request.NettyRequestSender - Using pooled Channel '[id: 0xb083d4ec, L:/127.0.0.1:50937 - R:localhost/127.0.0.1:50685]' for 'POST' to 'http://localhost:50685/session/fabb2ffb76c94dcf75e21125cc463c12/element/f.7E9A709675F02E7E9E4ECE1EF325ABA8.d.D17DAE1392C999D3787AF96F6DDE3A4D.e.365/value'
12:25:41.351 [Forwarding sendKeysToElement on session fabb2ffb76c94dcf75e21125cc463c12 to remote] DEBUG org.asynchttpclient.netty.request.NettyRequestSender - Using open Channel [id: 0xb083d4ec, L:/127.0.0.1:50937 - R:localhost/127.0.0.1:50685] for POST '/session/fabb2ffb76c94dcf75e21125cc463c12/element/f.7E9A709675F02E7E9E4ECE1EF325ABA8.d.D17DAE1392C999D3787AF96F6DDE3A4D.e.365/value'
12:25:41.459 [AsyncHttpClient-1-2] DEBUG org.asynchttpclient.netty.handler.HttpHandler - 

Request DefaultHttpRequest(decodeResult: success, version: HTTP/1.1)
POST /session/fabb2ffb76c94dcf75e21125cc463c12/element/f.7E9A709675F02E7E9E4ECE1EF325ABA8.d.D17DAE1392C999D3787AF96F6DDE3A4D.e.365/value HTTP/1.1
User-Agent: selenium/4.4.0 (java windows)
Content-Length: 250
Content-Type: application/json; charset=utf-8
host: localhost:50685
accept: */*

Response DefaultHttpResponse(decodeResult: success, version: HTTP/1.1)
HTTP/1.1 200 OK
Content-Type: application/json; charset=utf-8
cache-control: no-cache
content-length: 14

12:25:41.459 [AsyncHttpClient-1-2] DEBUG org.asynchttpclient.netty.channel.ChannelManager - Adding key: http://localhost:50685 for channel [id: 0xb083d4ec, L:/127.0.0.1:50937 - R:localhost/127.0.0.1:50685]
12:25:41.512 [Forwarding getCurrentWindowHandle on session fabb2ffb76c94dcf75e21125cc463c12 to remote] DEBUG org.asynchttpclient.netty.request.NettyRequestSender - Using pooled Channel '[id: 0xb083d4ec, L:/127.0.0.1:50937 - R:localhost/127.0.0.1:50685]' for 'GET' to 'http://localhost:50685/session/fabb2ffb76c94dcf75e21125cc463c12/window'
12:25:41.512 [Forwarding getCurrentWindowHandle on session fabb2ffb76c94dcf75e21125cc463c12 to remote] DEBUG org.asynchttpclient.netty.request.NettyRequestSender - Using open Channel [id: 0xb083d4ec, L:/127.0.0.1:50937 - R:localhost/127.0.0.1:50685] for GET '/session/fabb2ffb76c94dcf75e21125cc463c12/window'
12:25:41.521 [AsyncHttpClient-1-2] DEBUG org.asynchttpclient.netty.handler.HttpHandler - 

Request DefaultFullHttpRequest(decodeResult: success, version: HTTP/1.1, content: EmptyByteBufBE)
GET /session/fabb2ffb76c94dcf75e21125cc463c12/window HTTP/1.1
User-Agent: selenium/4.4.0 (java windows)
Cache-Control: no-cache
Content-Type: application/json; charset=utf-8
host: localhost:50685
accept: */*

Response DefaultHttpResponse(decodeResult: success, version: HTTP/1.1)
HTTP/1.1 200 OK
Content-Type: application/json; charset=utf-8
cache-control: no-cache
content-length: 44

12:25:41.521 [AsyncHttpClient-1-2] DEBUG org.asynchttpclient.netty.channel.ChannelManager - Adding key: http://localhost:50685 for channel [id: 0xb083d4ec, L:/127.0.0.1:50937 - R:localhost/127.0.0.1:50685]
12:25:41.533 [Forwarding getAlertText on session fabb2ffb76c94dcf75e21125cc463c12 to remote] DEBUG org.asynchttpclient.netty.request.NettyRequestSender - Using pooled Channel '[id: 0xb083d4ec, L:/127.0.0.1:50937 - R:localhost/127.0.0.1:50685]' for 'GET' to 'http://localhost:50685/session/fabb2ffb76c94dcf75e21125cc463c12/alert/text'
12:25:41.533 [Forwarding getAlertText on session fabb2ffb76c94dcf75e21125cc463c12 to remote] DEBUG org.asynchttpclient.netty.request.NettyRequestSender - Using open Channel [id: 0xb083d4ec, L:/127.0.0.1:50937 - R:localhost/127.0.0.1:50685] for GET '/session/fabb2ffb76c94dcf75e21125cc463c12/alert/text'
12:25:41.542 [AsyncHttpClient-1-2] DEBUG org.asynchttpclient.netty.handler.HttpHandler - 

Request DefaultFullHttpRequest(decodeResult: success, version: HTTP/1.1, content: EmptyByteBufBE)
GET /session/fabb2ffb76c94dcf75e21125cc463c12/alert/text HTTP/1.1
User-Agent: selenium/4.4.0 (java windows)
Cache-Control: no-cache
Content-Type: application/json; charset=utf-8
host: localhost:50685
accept: */*

Response DefaultHttpResponse(decodeResult: success, version: HTTP/1.1)
HTTP/1.1 404 Not Found
Content-Type: application/json; charset=utf-8
cache-control: no-cache
content-length: 1045

12:25:41.542 [AsyncHttpClient-1-2] DEBUG org.asynchttpclient.netty.channel.ChannelManager - Adding key: http://localhost:50685 for channel [id: 0xb083d4ec, L:/127.0.0.1:50937 - R:localhost/127.0.0.1:50685]
12:25:41.555 [Forwarding switchToWindow on session fabb2ffb76c94dcf75e21125cc463c12 to remote] DEBUG org.asynchttpclient.netty.request.NettyRequestSender - Using pooled Channel '[id: 0xb083d4ec, L:/127.0.0.1:50937 - R:localhost/127.0.0.1:50685]' for 'POST' to 'http://localhost:50685/session/fabb2ffb76c94dcf75e21125cc463c12/window'
12:25:41.555 [Forwarding switchToWindow on session fabb2ffb76c94dcf75e21125cc463c12 to remote] DEBUG org.asynchttpclient.netty.request.NettyRequestSender - Using open Channel [id: 0xb083d4ec, L:/127.0.0.1:50937 - R:localhost/127.0.0.1:50685] for POST '/session/fabb2ffb76c94dcf75e21125cc463c12/window'
12:25:41.559 [AsyncHttpClient-1-2] DEBUG org.asynchttpclient.netty.handler.HttpHandler - 

Request DefaultHttpRequest(decodeResult: success, version: HTTP/1.1)
POST /session/fabb2ffb76c94dcf75e21125cc463c12/window HTTP/1.1
User-Agent: selenium/4.4.0 (java windows)
Content-Length: 50
Content-Type: application/json; charset=utf-8
host: localhost:50685
accept: */*

Response DefaultHttpResponse(decodeResult: success, version: HTTP/1.1)
HTTP/1.1 200 OK
Content-Type: application/json; charset=utf-8
cache-control: no-cache
content-length: 14

12:25:41.559 [AsyncHttpClient-1-2] DEBUG org.asynchttpclient.netty.channel.ChannelManager - Adding key: http://localhost:50685 for channel [id: 0xb083d4ec, L:/127.0.0.1:50937 - R:localhost/127.0.0.1:50685]
12:25:41.560 [Forwarding getCurrentUrl on session fabb2ffb76c94dcf75e21125cc463c12 to remote] DEBUG org.asynchttpclient.netty.request.NettyRequestSender - Using pooled Channel '[id: 0xb083d4ec, L:/127.0.0.1:50937 - R:localhost/127.0.0.1:50685]' for 'GET' to 'http://localhost:50685/session/fabb2ffb76c94dcf75e21125cc463c12/url'
12:25:41.560 [Forwarding getCurrentUrl on session fabb2ffb76c94dcf75e21125cc463c12 to remote] DEBUG org.asynchttpclient.netty.request.NettyRequestSender - Using open Channel [id: 0xb083d4ec, L:/127.0.0.1:50937 - R:localhost/127.0.0.1:50685] for GET '/session/fabb2ffb76c94dcf75e21125cc463c12/url'
12:25:41.575 [AsyncHttpClient-1-2] DEBUG org.asynchttpclient.netty.handler.HttpHandler - 

Request DefaultFullHttpRequest(decodeResult: success, version: HTTP/1.1, content: EmptyByteBufBE)
GET /session/fabb2ffb76c94dcf75e21125cc463c12/url HTTP/1.1
User-Agent: selenium/4.4.0 (java windows)
Cache-Control: no-cache
Content-Type: application/json; charset=utf-8
host: localhost:50685
accept: */*

Response DefaultHttpResponse(decodeResult: success, version: HTTP/1.1)
HTTP/1.1 200 OK
Content-Type: application/json; charset=utf-8
cache-control: no-cache
content-length: 47

12:25:41.575 [AsyncHttpClient-1-2] DEBUG org.asynchttpclient.netty.channel.ChannelManager - Adding key: http://localhost:50685 for channel [id: 0xb083d4ec, L:/127.0.0.1:50937 - R:localhost/127.0.0.1:50685]
12:25:41.576 [Forwarding screenshot on session fabb2ffb76c94dcf75e21125cc463c12 to remote] DEBUG org.asynchttpclient.netty.request.NettyRequestSender - Using pooled Channel '[id: 0xb083d4ec, L:/127.0.0.1:50937 - R:localhost/127.0.0.1:50685]' for 'GET' to 'http://localhost:50685/session/fabb2ffb76c94dcf75e21125cc463c12/screenshot'
12:25:41.577 [Forwarding screenshot on session fabb2ffb76c94dcf75e21125cc463c12 to remote] DEBUG org.asynchttpclient.netty.request.NettyRequestSender - Using open Channel [id: 0xb083d4ec, L:/127.0.0.1:50937 - R:localhost/127.0.0.1:50685] for GET '/session/fabb2ffb76c94dcf75e21125cc463c12/screenshot'
12:25:41.698 [AsyncHttpClient-1-2] DEBUG org.asynchttpclient.netty.handler.HttpHandler - 

Request DefaultFullHttpRequest(decodeResult: success, version: HTTP/1.1, content: EmptyByteBufBE)
GET /session/fabb2ffb76c94dcf75e21125cc463c12/screenshot HTTP/1.1
User-Agent: selenium/4.4.0 (java windows)
Cache-Control: no-cache
Content-Type: application/json; charset=utf-8
host: localhost:50685
accept: */*

Response DefaultHttpResponse(decodeResult: success, version: HTTP/1.1)
HTTP/1.1 200 OK
Content-Type: application/json; charset=utf-8
cache-control: no-cache
content-length: 295124

12:25:41.698 [AsyncHttpClient-1-2] DEBUG org.asynchttpclient.netty.channel.ChannelManager - Adding key: http://localhost:50685 for channel [id: 0xb083d4ec, L:/127.0.0.1:50937 - R:localhost/127.0.0.1:50685]
12:25:41.706 [Test worker] DEBUG net.serenitybdd.core.photography.Darkroom - Send negative for processing for C:\Users\pcnit\Downloads\TestE2E\target\site\serenity\590fdf126e792a59ba04622e71d736f71050779d51f1dcf74b5b39618226c8dc.png
12:25:41.717 [Forwarding getPageSource on session fabb2ffb76c94dcf75e21125cc463c12 to remote] DEBUG org.asynchttpclient.netty.request.NettyRequestSender - Using pooled Channel '[id: 0xb083d4ec, L:/127.0.0.1:50937 - R:localhost/127.0.0.1:50685]' for 'POST' to 'http://localhost:50685/session/fabb2ffb76c94dcf75e21125cc463c12/execute/sync'
12:25:41.717 [Forwarding getPageSource on session fabb2ffb76c94dcf75e21125cc463c12 to remote] DEBUG org.asynchttpclient.netty.request.NettyRequestSender - Using open Channel [id: 0xb083d4ec, L:/127.0.0.1:50937 - R:localhost/127.0.0.1:50685] for POST '/session/fabb2ffb76c94dcf75e21125cc463c12/execute/sync'
12:25:41.726 [AsyncHttpClient-1-2] DEBUG org.asynchttpclient.netty.handler.HttpHandler - 

Request DefaultHttpRequest(decodeResult: success, version: HTTP/1.1)
POST /session/fabb2ffb76c94dcf75e21125cc463c12/execute/sync HTTP/1.1
User-Agent: selenium/4.4.0 (java windows)
Content-Length: 176
Content-Type: application/json; charset=utf-8
host: localhost:50685
accept: */*

Response DefaultHttpResponse(decodeResult: success, version: HTTP/1.1)
HTTP/1.1 200 OK
Content-Type: application/json; charset=utf-8
cache-control: no-cache
content-length: 57331

12:25:41.726 [AsyncHttpClient-1-2] DEBUG org.asynchttpclient.netty.channel.ChannelManager - Adding key: http://localhost:50685 for channel [id: 0xb083d4ec, L:/127.0.0.1:50937 - R:localhost/127.0.0.1:50685]
12:25:41.736 [Forwarding getCurrentUrl on session fabb2ffb76c94dcf75e21125cc463c12 to remote] DEBUG org.asynchttpclient.netty.request.NettyRequestSender - Using pooled Channel '[id: 0xb083d4ec, L:/127.0.0.1:50937 - R:localhost/127.0.0.1:50685]' for 'GET' to 'http://localhost:50685/session/fabb2ffb76c94dcf75e21125cc463c12/url'
12:25:41.738 [Forwarding getCurrentUrl on session fabb2ffb76c94dcf75e21125cc463c12 to remote] DEBUG org.asynchttpclient.netty.request.NettyRequestSender - Using open Channel [id: 0xb083d4ec, L:/127.0.0.1:50937 - R:localhost/127.0.0.1:50685] for GET '/session/fabb2ffb76c94dcf75e21125cc463c12/url'
12:25:41.770 [AsyncHttpClient-1-2] DEBUG org.asynchttpclient.netty.handler.HttpHandler - 

Request DefaultFullHttpRequest(decodeResult: success, version: HTTP/1.1, content: EmptyByteBufBE)
GET /session/fabb2ffb76c94dcf75e21125cc463c12/url HTTP/1.1
User-Agent: selenium/4.4.0 (java windows)
Cache-Control: no-cache
Content-Type: application/json; charset=utf-8
host: localhost:50685
accept: */*

Response DefaultHttpResponse(decodeResult: success, version: HTTP/1.1)
HTTP/1.1 200 OK
Content-Type: application/json; charset=utf-8
cache-control: no-cache
content-length: 47

12:25:41.770 [AsyncHttpClient-1-2] DEBUG org.asynchttpclient.netty.channel.ChannelManager - Adding key: http://localhost:50685 for channel [id: 0xb083d4ec, L:/127.0.0.1:50937 - R:localhost/127.0.0.1:50685]
12:25:41.817 [Forwarding getCurrentWindowHandle on session fabb2ffb76c94dcf75e21125cc463c12 to remote] DEBUG org.asynchttpclient.netty.request.NettyRequestSender - Using pooled Channel '[id: 0xb083d4ec, L:/127.0.0.1:50937 - R:localhost/127.0.0.1:50685]' for 'GET' to 'http://localhost:50685/session/fabb2ffb76c94dcf75e21125cc463c12/window'
12:25:41.817 [Forwarding getCurrentWindowHandle on session fabb2ffb76c94dcf75e21125cc463c12 to remote] DEBUG org.asynchttpclient.netty.request.NettyRequestSender - Using open Channel [id: 0xb083d4ec, L:/127.0.0.1:50937 - R:localhost/127.0.0.1:50685] for GET '/session/fabb2ffb76c94dcf75e21125cc463c12/window'
12:25:41.826 [AsyncHttpClient-1-2] DEBUG org.asynchttpclient.netty.handler.HttpHandler - 

Request DefaultFullHttpRequest(decodeResult: success, version: HTTP/1.1, content: EmptyByteBufBE)
GET /session/fabb2ffb76c94dcf75e21125cc463c12/window HTTP/1.1
User-Agent: selenium/4.4.0 (java windows)
Cache-Control: no-cache
Content-Type: application/json; charset=utf-8
host: localhost:50685
accept: */*

Response DefaultHttpResponse(decodeResult: success, version: HTTP/1.1)
HTTP/1.1 200 OK
Content-Type: application/json; charset=utf-8
cache-control: no-cache
content-length: 44

12:25:41.826 [AsyncHttpClient-1-2] DEBUG org.asynchttpclient.netty.channel.ChannelManager - Adding key: http://localhost:50685 for channel [id: 0xb083d4ec, L:/127.0.0.1:50937 - R:localhost/127.0.0.1:50685]
12:25:41.840 [Forwarding getAlertText on session fabb2ffb76c94dcf75e21125cc463c12 to remote] DEBUG org.asynchttpclient.netty.request.NettyRequestSender - Using pooled Channel '[id: 0xb083d4ec, L:/127.0.0.1:50937 - R:localhost/127.0.0.1:50685]' for 'GET' to 'http://localhost:50685/session/fabb2ffb76c94dcf75e21125cc463c12/alert/text'
12:25:41.840 [Forwarding getAlertText on session fabb2ffb76c94dcf75e21125cc463c12 to remote] DEBUG org.asynchttpclient.netty.request.NettyRequestSender - Using open Channel [id: 0xb083d4ec, L:/127.0.0.1:50937 - R:localhost/127.0.0.1:50685] for GET '/session/fabb2ffb76c94dcf75e21125cc463c12/alert/text'
12:25:41.851 [AsyncHttpClient-1-2] DEBUG org.asynchttpclient.netty.handler.HttpHandler - 

Request DefaultFullHttpRequest(decodeResult: success, version: HTTP/1.1, content: EmptyByteBufBE)
GET /session/fabb2ffb76c94dcf75e21125cc463c12/alert/text HTTP/1.1
User-Agent: selenium/4.4.0 (java windows)
Cache-Control: no-cache
Content-Type: application/json; charset=utf-8
host: localhost:50685
accept: */*

Response DefaultHttpResponse(decodeResult: success, version: HTTP/1.1)
HTTP/1.1 404 Not Found
Content-Type: application/json; charset=utf-8
cache-control: no-cache
content-length: 1045

12:25:41.851 [AsyncHttpClient-1-2] DEBUG org.asynchttpclient.netty.channel.ChannelManager - Adding key: http://localhost:50685 for channel [id: 0xb083d4ec, L:/127.0.0.1:50937 - R:localhost/127.0.0.1:50685]
12:25:41.862 [Forwarding switchToWindow on session fabb2ffb76c94dcf75e21125cc463c12 to remote] DEBUG org.asynchttpclient.netty.request.NettyRequestSender - Using pooled Channel '[id: 0xb083d4ec, L:/127.0.0.1:50937 - R:localhost/127.0.0.1:50685]' for 'POST' to 'http://localhost:50685/session/fabb2ffb76c94dcf75e21125cc463c12/window'
12:25:41.862 [Forwarding switchToWindow on session fabb2ffb76c94dcf75e21125cc463c12 to remote] DEBUG org.asynchttpclient.netty.request.NettyRequestSender - Using open Channel [id: 0xb083d4ec, L:/127.0.0.1:50937 - R:localhost/127.0.0.1:50685] for POST '/session/fabb2ffb76c94dcf75e21125cc463c12/window'
12:25:41.868 [AsyncHttpClient-1-2] DEBUG org.asynchttpclient.netty.handler.HttpHandler - 

Request DefaultHttpRequest(decodeResult: success, version: HTTP/1.1)
POST /session/fabb2ffb76c94dcf75e21125cc463c12/window HTTP/1.1
User-Agent: selenium/4.4.0 (java windows)
Content-Length: 50
Content-Type: application/json; charset=utf-8
host: localhost:50685
accept: */*

Response DefaultHttpResponse(decodeResult: success, version: HTTP/1.1)
HTTP/1.1 200 OK
Content-Type: application/json; charset=utf-8
cache-control: no-cache
content-length: 14

12:25:41.868 [AsyncHttpClient-1-2] DEBUG org.asynchttpclient.netty.channel.ChannelManager - Adding key: http://localhost:50685 for channel [id: 0xb083d4ec, L:/127.0.0.1:50937 - R:localhost/127.0.0.1:50685]
12:25:41.869 [Forwarding getCurrentUrl on session fabb2ffb76c94dcf75e21125cc463c12 to remote] DEBUG org.asynchttpclient.netty.request.NettyRequestSender - Using pooled Channel '[id: 0xb083d4ec, L:/127.0.0.1:50937 - R:localhost/127.0.0.1:50685]' for 'GET' to 'http://localhost:50685/session/fabb2ffb76c94dcf75e21125cc463c12/url'
12:25:41.869 [Forwarding getCurrentUrl on session fabb2ffb76c94dcf75e21125cc463c12 to remote] DEBUG org.asynchttpclient.netty.request.NettyRequestSender - Using open Channel [id: 0xb083d4ec, L:/127.0.0.1:50937 - R:localhost/127.0.0.1:50685] for GET '/session/fabb2ffb76c94dcf75e21125cc463c12/url'
12:25:41.880 [AsyncHttpClient-1-2] DEBUG org.asynchttpclient.netty.handler.HttpHandler - 

Request DefaultFullHttpRequest(decodeResult: success, version: HTTP/1.1, content: EmptyByteBufBE)
GET /session/fabb2ffb76c94dcf75e21125cc463c12/url HTTP/1.1
User-Agent: selenium/4.4.0 (java windows)
Cache-Control: no-cache
Content-Type: application/json; charset=utf-8
host: localhost:50685
accept: */*

Response DefaultHttpResponse(decodeResult: success, version: HTTP/1.1)
HTTP/1.1 200 OK
Content-Type: application/json; charset=utf-8
cache-control: no-cache
content-length: 47

12:25:41.880 [AsyncHttpClient-1-2] DEBUG org.asynchttpclient.netty.channel.ChannelManager - Adding key: http://localhost:50685 for channel [id: 0xb083d4ec, L:/127.0.0.1:50937 - R:localhost/127.0.0.1:50685]
12:25:41.882 [Forwarding screenshot on session fabb2ffb76c94dcf75e21125cc463c12 to remote] DEBUG org.asynchttpclient.netty.request.NettyRequestSender - Using pooled Channel '[id: 0xb083d4ec, L:/127.0.0.1:50937 - R:localhost/127.0.0.1:50685]' for 'GET' to 'http://localhost:50685/session/fabb2ffb76c94dcf75e21125cc463c12/screenshot'
12:25:41.882 [Forwarding screenshot on session fabb2ffb76c94dcf75e21125cc463c12 to remote] DEBUG org.asynchttpclient.netty.request.NettyRequestSender - Using open Channel [id: 0xb083d4ec, L:/127.0.0.1:50937 - R:localhost/127.0.0.1:50685] for GET '/session/fabb2ffb76c94dcf75e21125cc463c12/screenshot'
12:25:41.972 [AsyncHttpClient-1-1] DEBUG org.asynchttpclient.netty.channel.DefaultChannelPool - Entry count for : http://localhost:50938 : 1
12:25:41.998 [AsyncHttpClient-1-2] DEBUG org.asynchttpclient.netty.handler.HttpHandler - 

Request DefaultFullHttpRequest(decodeResult: success, version: HTTP/1.1, content: EmptyByteBufBE)
GET /session/fabb2ffb76c94dcf75e21125cc463c12/screenshot HTTP/1.1
User-Agent: selenium/4.4.0 (java windows)
Cache-Control: no-cache
Content-Type: application/json; charset=utf-8
host: localhost:50685
accept: */*

Response DefaultHttpResponse(decodeResult: success, version: HTTP/1.1)
HTTP/1.1 200 OK
Content-Type: application/json; charset=utf-8
cache-control: no-cache
content-length: 295124

12:25:41.998 [AsyncHttpClient-1-2] DEBUG org.asynchttpclient.netty.channel.ChannelManager - Adding key: http://localhost:50685 for channel [id: 0xb083d4ec, L:/127.0.0.1:50937 - R:localhost/127.0.0.1:50685]
12:25:42.009 [Test worker] DEBUG net.serenitybdd.core.photography.Darkroom - Send negative for processing for C:\Users\pcnit\Downloads\TestE2E\target\site\serenity\590fdf126e792a59ba04622e71d736f71050779d51f1dcf74b5b39618226c8dc.png
12:25:42.009 [Test worker] DEBUG net.thucydides.core.steps.StepInterceptor - STEP DONE: {0} enters #theTextAsAString into #target
12:25:42.045 [Forwarding getPageSource on session fabb2ffb76c94dcf75e21125cc463c12 to remote] DEBUG org.asynchttpclient.netty.request.NettyRequestSender - Using pooled Channel '[id: 0xb083d4ec, L:/127.0.0.1:50937 - R:localhost/127.0.0.1:50685]' for 'POST' to 'http://localhost:50685/session/fabb2ffb76c94dcf75e21125cc463c12/execute/sync'
12:25:42.045 [Forwarding getPageSource on session fabb2ffb76c94dcf75e21125cc463c12 to remote] DEBUG org.asynchttpclient.netty.request.NettyRequestSender - Using open Channel [id: 0xb083d4ec, L:/127.0.0.1:50937 - R:localhost/127.0.0.1:50685] for POST '/session/fabb2ffb76c94dcf75e21125cc463c12/execute/sync'
12:25:42.071 [AsyncHttpClient-1-2] DEBUG org.asynchttpclient.netty.handler.HttpHandler - 

Request DefaultHttpRequest(decodeResult: success, version: HTTP/1.1)
POST /session/fabb2ffb76c94dcf75e21125cc463c12/execute/sync HTTP/1.1
User-Agent: selenium/4.4.0 (java windows)
Content-Length: 176
Content-Type: application/json; charset=utf-8
host: localhost:50685
accept: */*

Response DefaultHttpResponse(decodeResult: success, version: HTTP/1.1)
HTTP/1.1 200 OK
Content-Type: application/json; charset=utf-8
cache-control: no-cache
content-length: 57331

12:25:42.072 [AsyncHttpClient-1-2] DEBUG org.asynchttpclient.netty.channel.ChannelManager - Adding key: http://localhost:50685 for channel [id: 0xb083d4ec, L:/127.0.0.1:50937 - R:localhost/127.0.0.1:50685]
12:25:42.078 [Forwarding getCurrentUrl on session fabb2ffb76c94dcf75e21125cc463c12 to remote] DEBUG org.asynchttpclient.netty.request.NettyRequestSender - Using pooled Channel '[id: 0xb083d4ec, L:/127.0.0.1:50937 - R:localhost/127.0.0.1:50685]' for 'GET' to 'http://localhost:50685/session/fabb2ffb76c94dcf75e21125cc463c12/url'
12:25:42.078 [Forwarding getCurrentUrl on session fabb2ffb76c94dcf75e21125cc463c12 to remote] DEBUG org.asynchttpclient.netty.request.NettyRequestSender - Using open Channel [id: 0xb083d4ec, L:/127.0.0.1:50937 - R:localhost/127.0.0.1:50685] for GET '/session/fabb2ffb76c94dcf75e21125cc463c12/url'
12:25:42.091 [AsyncHttpClient-1-2] DEBUG org.asynchttpclient.netty.handler.HttpHandler - 

Request DefaultFullHttpRequest(decodeResult: success, version: HTTP/1.1, content: EmptyByteBufBE)
GET /session/fabb2ffb76c94dcf75e21125cc463c12/url HTTP/1.1
User-Agent: selenium/4.4.0 (java windows)
Cache-Control: no-cache
Content-Type: application/json; charset=utf-8
host: localhost:50685
accept: */*

Response DefaultHttpResponse(decodeResult: success, version: HTTP/1.1)
HTTP/1.1 200 OK
Content-Type: application/json; charset=utf-8
cache-control: no-cache
content-length: 47

12:25:42.091 [AsyncHttpClient-1-2] DEBUG org.asynchttpclient.netty.channel.ChannelManager - Adding key: http://localhost:50685 for channel [id: 0xb083d4ec, L:/127.0.0.1:50937 - R:localhost/127.0.0.1:50685]
12:25:42.095 [Test worker] DEBUG net.thucydides.core.steps.StepInterceptor - STARTING STEP: PlaceOrder.performAs - {0} enters #theTextAsAString into #target
12:25:42.105 [Test worker] DEBUG net.serenitybdd.screenplay.targets.IFrameSwitcher - default content already selected for selecciona PLACE ORDER
12:25:42.139 [Forwarding findElement on session fabb2ffb76c94dcf75e21125cc463c12 to remote] DEBUG org.asynchttpclient.netty.request.NettyRequestSender - Using pooled Channel '[id: 0xb083d4ec, L:/127.0.0.1:50937 - R:localhost/127.0.0.1:50685]' for 'POST' to 'http://localhost:50685/session/fabb2ffb76c94dcf75e21125cc463c12/element'
12:25:42.139 [Forwarding findElement on session fabb2ffb76c94dcf75e21125cc463c12 to remote] DEBUG org.asynchttpclient.netty.request.NettyRequestSender - Using open Channel [id: 0xb083d4ec, L:/127.0.0.1:50937 - R:localhost/127.0.0.1:50685] for POST '/session/fabb2ffb76c94dcf75e21125cc463c12/element'
12:25:42.158 [AsyncHttpClient-1-2] DEBUG org.asynchttpclient.netty.handler.HttpHandler - 

Request DefaultHttpRequest(decodeResult: success, version: HTTP/1.1)
POST /session/fabb2ffb76c94dcf75e21125cc463c12/element HTTP/1.1
User-Agent: selenium/4.4.0 (java windows)
Content-Length: 67
Content-Type: application/json; charset=utf-8
host: localhost:50685
accept: */*

Response DefaultHttpResponse(decodeResult: success, version: HTTP/1.1)
HTTP/1.1 200 OK
Content-Type: application/json; charset=utf-8
cache-control: no-cache
content-length: 127

12:25:42.158 [AsyncHttpClient-1-2] DEBUG org.asynchttpclient.netty.channel.ChannelManager - Adding key: http://localhost:50685 for channel [id: 0xb083d4ec, L:/127.0.0.1:50937 - R:localhost/127.0.0.1:50685]
12:25:42.161 [Forwarding clearElement on session fabb2ffb76c94dcf75e21125cc463c12 to remote] DEBUG org.asynchttpclient.netty.request.NettyRequestSender - Using pooled Channel '[id: 0xb083d4ec, L:/127.0.0.1:50937 - R:localhost/127.0.0.1:50685]' for 'POST' to 'http://localhost:50685/session/fabb2ffb76c94dcf75e21125cc463c12/element/f.7E9A709675F02E7E9E4ECE1EF325ABA8.d.D17DAE1392C999D3787AF96F6DDE3A4D.e.366/clear'
12:25:42.161 [Forwarding clearElement on session fabb2ffb76c94dcf75e21125cc463c12 to remote] DEBUG org.asynchttpclient.netty.request.NettyRequestSender - Using open Channel [id: 0xb083d4ec, L:/127.0.0.1:50937 - R:localhost/127.0.0.1:50685] for POST '/session/fabb2ffb76c94dcf75e21125cc463c12/element/f.7E9A709675F02E7E9E4ECE1EF325ABA8.d.D17DAE1392C999D3787AF96F6DDE3A4D.e.366/clear'
12:25:42.209 [AsyncHttpClient-1-2] DEBUG org.asynchttpclient.netty.handler.HttpHandler - 

Request DefaultHttpRequest(decodeResult: success, version: HTTP/1.1)
POST /session/fabb2ffb76c94dcf75e21125cc463c12/element/f.7E9A709675F02E7E9E4ECE1EF325ABA8.d.D17DAE1392C999D3787AF96F6DDE3A4D.e.366/clear HTTP/1.1
User-Agent: selenium/4.4.0 (java windows)
Content-Length: 89
Content-Type: application/json; charset=utf-8
host: localhost:50685
accept: */*

Response DefaultHttpResponse(decodeResult: success, version: HTTP/1.1)
HTTP/1.1 200 OK
Content-Type: application/json; charset=utf-8
cache-control: no-cache
content-length: 14

12:25:42.209 [AsyncHttpClient-1-2] DEBUG org.asynchttpclient.netty.channel.ChannelManager - Adding key: http://localhost:50685 for channel [id: 0xb083d4ec, L:/127.0.0.1:50937 - R:localhost/127.0.0.1:50685]
12:25:42.224 [Forwarding sendKeysToElement on session fabb2ffb76c94dcf75e21125cc463c12 to remote] DEBUG org.asynchttpclient.netty.request.NettyRequestSender - Using pooled Channel '[id: 0xb083d4ec, L:/127.0.0.1:50937 - R:localhost/127.0.0.1:50685]' for 'POST' to 'http://localhost:50685/session/fabb2ffb76c94dcf75e21125cc463c12/element/f.7E9A709675F02E7E9E4ECE1EF325ABA8.d.D17DAE1392C999D3787AF96F6DDE3A4D.e.366/value'
12:25:42.224 [Forwarding sendKeysToElement on session fabb2ffb76c94dcf75e21125cc463c12 to remote] DEBUG org.asynchttpclient.netty.request.NettyRequestSender - Using open Channel [id: 0xb083d4ec, L:/127.0.0.1:50937 - R:localhost/127.0.0.1:50685] for POST '/session/fabb2ffb76c94dcf75e21125cc463c12/element/f.7E9A709675F02E7E9E4ECE1EF325ABA8.d.D17DAE1392C999D3787AF96F6DDE3A4D.e.366/value'
12:25:42.311 [AsyncHttpClient-1-2] DEBUG org.asynchttpclient.netty.handler.HttpHandler - 

Request DefaultHttpRequest(decodeResult: success, version: HTTP/1.1)
POST /session/fabb2ffb76c94dcf75e21125cc463c12/element/f.7E9A709675F02E7E9E4ECE1EF325ABA8.d.D17DAE1392C999D3787AF96F6DDE3A4D.e.366/value HTTP/1.1
User-Agent: selenium/4.4.0 (java windows)
Content-Length: 190
Content-Type: application/json; charset=utf-8
host: localhost:50685
accept: */*

Response DefaultHttpResponse(decodeResult: success, version: HTTP/1.1)
HTTP/1.1 200 OK
Content-Type: application/json; charset=utf-8
cache-control: no-cache
content-length: 14

12:25:42.311 [AsyncHttpClient-1-2] DEBUG org.asynchttpclient.netty.channel.ChannelManager - Adding key: http://localhost:50685 for channel [id: 0xb083d4ec, L:/127.0.0.1:50937 - R:localhost/127.0.0.1:50685]
12:25:42.326 [Forwarding getCurrentWindowHandle on session fabb2ffb76c94dcf75e21125cc463c12 to remote] DEBUG org.asynchttpclient.netty.request.NettyRequestSender - Using pooled Channel '[id: 0xb083d4ec, L:/127.0.0.1:50937 - R:localhost/127.0.0.1:50685]' for 'GET' to 'http://localhost:50685/session/fabb2ffb76c94dcf75e21125cc463c12/window'
12:25:42.326 [Forwarding getCurrentWindowHandle on session fabb2ffb76c94dcf75e21125cc463c12 to remote] DEBUG org.asynchttpclient.netty.request.NettyRequestSender - Using open Channel [id: 0xb083d4ec, L:/127.0.0.1:50937 - R:localhost/127.0.0.1:50685] for GET '/session/fabb2ffb76c94dcf75e21125cc463c12/window'
12:25:42.333 [AsyncHttpClient-1-2] DEBUG org.asynchttpclient.netty.handler.HttpHandler - 

Request DefaultFullHttpRequest(decodeResult: success, version: HTTP/1.1, content: EmptyByteBufBE)
GET /session/fabb2ffb76c94dcf75e21125cc463c12/window HTTP/1.1
User-Agent: selenium/4.4.0 (java windows)
Cache-Control: no-cache
Content-Type: application/json; charset=utf-8
host: localhost:50685
accept: */*

Response DefaultHttpResponse(decodeResult: success, version: HTTP/1.1)
HTTP/1.1 200 OK
Content-Type: application/json; charset=utf-8
cache-control: no-cache
content-length: 44

12:25:42.333 [AsyncHttpClient-1-2] DEBUG org.asynchttpclient.netty.channel.ChannelManager - Adding key: http://localhost:50685 for channel [id: 0xb083d4ec, L:/127.0.0.1:50937 - R:localhost/127.0.0.1:50685]
12:25:42.346 [Forwarding getAlertText on session fabb2ffb76c94dcf75e21125cc463c12 to remote] DEBUG org.asynchttpclient.netty.request.NettyRequestSender - Using pooled Channel '[id: 0xb083d4ec, L:/127.0.0.1:50937 - R:localhost/127.0.0.1:50685]' for 'GET' to 'http://localhost:50685/session/fabb2ffb76c94dcf75e21125cc463c12/alert/text'
12:25:42.346 [Forwarding getAlertText on session fabb2ffb76c94dcf75e21125cc463c12 to remote] DEBUG org.asynchttpclient.netty.request.NettyRequestSender - Using open Channel [id: 0xb083d4ec, L:/127.0.0.1:50937 - R:localhost/127.0.0.1:50685] for GET '/session/fabb2ffb76c94dcf75e21125cc463c12/alert/text'
12:25:42.358 [AsyncHttpClient-1-2] DEBUG org.asynchttpclient.netty.handler.HttpHandler - 

Request DefaultFullHttpRequest(decodeResult: success, version: HTTP/1.1, content: EmptyByteBufBE)
GET /session/fabb2ffb76c94dcf75e21125cc463c12/alert/text HTTP/1.1
User-Agent: selenium/4.4.0 (java windows)
Cache-Control: no-cache
Content-Type: application/json; charset=utf-8
host: localhost:50685
accept: */*

Response DefaultHttpResponse(decodeResult: success, version: HTTP/1.1)
HTTP/1.1 404 Not Found
Content-Type: application/json; charset=utf-8
cache-control: no-cache
content-length: 1045

12:25:42.359 [AsyncHttpClient-1-2] DEBUG org.asynchttpclient.netty.channel.ChannelManager - Adding key: http://localhost:50685 for channel [id: 0xb083d4ec, L:/127.0.0.1:50937 - R:localhost/127.0.0.1:50685]
12:25:42.371 [Forwarding switchToWindow on session fabb2ffb76c94dcf75e21125cc463c12 to remote] DEBUG org.asynchttpclient.netty.request.NettyRequestSender - Using pooled Channel '[id: 0xb083d4ec, L:/127.0.0.1:50937 - R:localhost/127.0.0.1:50685]' for 'POST' to 'http://localhost:50685/session/fabb2ffb76c94dcf75e21125cc463c12/window'
12:25:42.371 [Forwarding switchToWindow on session fabb2ffb76c94dcf75e21125cc463c12 to remote] DEBUG org.asynchttpclient.netty.request.NettyRequestSender - Using open Channel [id: 0xb083d4ec, L:/127.0.0.1:50937 - R:localhost/127.0.0.1:50685] for POST '/session/fabb2ffb76c94dcf75e21125cc463c12/window'
12:25:42.379 [AsyncHttpClient-1-2] DEBUG org.asynchttpclient.netty.handler.HttpHandler - 

Request DefaultHttpRequest(decodeResult: success, version: HTTP/1.1)
POST /session/fabb2ffb76c94dcf75e21125cc463c12/window HTTP/1.1
User-Agent: selenium/4.4.0 (java windows)
Content-Length: 50
Content-Type: application/json; charset=utf-8
host: localhost:50685
accept: */*

Response DefaultHttpResponse(decodeResult: success, version: HTTP/1.1)
HTTP/1.1 200 OK
Content-Type: application/json; charset=utf-8
cache-control: no-cache
content-length: 14

12:25:42.379 [AsyncHttpClient-1-2] DEBUG org.asynchttpclient.netty.channel.ChannelManager - Adding key: http://localhost:50685 for channel [id: 0xb083d4ec, L:/127.0.0.1:50937 - R:localhost/127.0.0.1:50685]
12:25:42.381 [Forwarding getCurrentUrl on session fabb2ffb76c94dcf75e21125cc463c12 to remote] DEBUG org.asynchttpclient.netty.request.NettyRequestSender - Using pooled Channel '[id: 0xb083d4ec, L:/127.0.0.1:50937 - R:localhost/127.0.0.1:50685]' for 'GET' to 'http://localhost:50685/session/fabb2ffb76c94dcf75e21125cc463c12/url'
12:25:42.381 [Forwarding getCurrentUrl on session fabb2ffb76c94dcf75e21125cc463c12 to remote] DEBUG org.asynchttpclient.netty.request.NettyRequestSender - Using open Channel [id: 0xb083d4ec, L:/127.0.0.1:50937 - R:localhost/127.0.0.1:50685] for GET '/session/fabb2ffb76c94dcf75e21125cc463c12/url'
12:25:42.401 [AsyncHttpClient-1-2] DEBUG org.asynchttpclient.netty.handler.HttpHandler - 

Request DefaultFullHttpRequest(decodeResult: success, version: HTTP/1.1, content: EmptyByteBufBE)
GET /session/fabb2ffb76c94dcf75e21125cc463c12/url HTTP/1.1
User-Agent: selenium/4.4.0 (java windows)
Cache-Control: no-cache
Content-Type: application/json; charset=utf-8
host: localhost:50685
accept: */*

Response DefaultHttpResponse(decodeResult: success, version: HTTP/1.1)
HTTP/1.1 200 OK
Content-Type: application/json; charset=utf-8
cache-control: no-cache
content-length: 47

12:25:42.402 [AsyncHttpClient-1-2] DEBUG org.asynchttpclient.netty.channel.ChannelManager - Adding key: http://localhost:50685 for channel [id: 0xb083d4ec, L:/127.0.0.1:50937 - R:localhost/127.0.0.1:50685]
12:25:42.403 [Forwarding screenshot on session fabb2ffb76c94dcf75e21125cc463c12 to remote] DEBUG org.asynchttpclient.netty.request.NettyRequestSender - Using pooled Channel '[id: 0xb083d4ec, L:/127.0.0.1:50937 - R:localhost/127.0.0.1:50685]' for 'GET' to 'http://localhost:50685/session/fabb2ffb76c94dcf75e21125cc463c12/screenshot'
12:25:42.403 [Forwarding screenshot on session fabb2ffb76c94dcf75e21125cc463c12 to remote] DEBUG org.asynchttpclient.netty.request.NettyRequestSender - Using open Channel [id: 0xb083d4ec, L:/127.0.0.1:50937 - R:localhost/127.0.0.1:50685] for GET '/session/fabb2ffb76c94dcf75e21125cc463c12/screenshot'
12:25:42.535 [AsyncHttpClient-1-2] DEBUG org.asynchttpclient.netty.handler.HttpHandler - 

Request DefaultFullHttpRequest(decodeResult: success, version: HTTP/1.1, content: EmptyByteBufBE)
GET /session/fabb2ffb76c94dcf75e21125cc463c12/screenshot HTTP/1.1
User-Agent: selenium/4.4.0 (java windows)
Cache-Control: no-cache
Content-Type: application/json; charset=utf-8
host: localhost:50685
accept: */*

Response DefaultHttpResponse(decodeResult: success, version: HTTP/1.1)
HTTP/1.1 200 OK
Content-Type: application/json; charset=utf-8
cache-control: no-cache
content-length: 297564

12:25:42.547 [AsyncHttpClient-1-2] DEBUG org.asynchttpclient.netty.channel.ChannelManager - Adding key: http://localhost:50685 for channel [id: 0xb083d4ec, L:/127.0.0.1:50937 - R:localhost/127.0.0.1:50685]
12:25:42.557 [Test worker] DEBUG net.serenitybdd.core.photography.Darkroom - Send negative for processing for C:\Users\pcnit\Downloads\TestE2E\target\site\serenity\3682c44bad9d5707eb25901375a195eb8b0fba8b44a8f8936de5b94b216d2910.png
12:25:42.557 [Darkroom Processing Line] DEBUG net.serenitybdd.core.photography.DarkroomProcessingLine - Processing screenshot image in /var/screenshots/screenshot-4009256819170171469
12:25:42.557 [Darkroom Processing Line] DEBUG net.serenitybdd.core.photography.DarkroomProcessingLine - Saving screenshot to C:\Users\pcnit\Downloads\TestE2E\target\site\serenity\3682c44bad9d5707eb25901375a195eb8b0fba8b44a8f8936de5b94b216d2910.png
12:25:42.570 [Forwarding getPageSource on session fabb2ffb76c94dcf75e21125cc463c12 to remote] DEBUG org.asynchttpclient.netty.request.NettyRequestSender - Using pooled Channel '[id: 0xb083d4ec, L:/127.0.0.1:50937 - R:localhost/127.0.0.1:50685]' for 'POST' to 'http://localhost:50685/session/fabb2ffb76c94dcf75e21125cc463c12/execute/sync'
12:25:42.570 [Forwarding getPageSource on session fabb2ffb76c94dcf75e21125cc463c12 to remote] DEBUG org.asynchttpclient.netty.request.NettyRequestSender - Using open Channel [id: 0xb083d4ec, L:/127.0.0.1:50937 - R:localhost/127.0.0.1:50685] for POST '/session/fabb2ffb76c94dcf75e21125cc463c12/execute/sync'
12:25:42.584 [AsyncHttpClient-1-2] DEBUG org.asynchttpclient.netty.handler.HttpHandler - 

Request DefaultHttpRequest(decodeResult: success, version: HTTP/1.1)
POST /session/fabb2ffb76c94dcf75e21125cc463c12/execute/sync HTTP/1.1
User-Agent: selenium/4.4.0 (java windows)
Content-Length: 176
Content-Type: application/json; charset=utf-8
host: localhost:50685
accept: */*

Response DefaultHttpResponse(decodeResult: success, version: HTTP/1.1)
HTTP/1.1 200 OK
Content-Type: application/json; charset=utf-8
cache-control: no-cache
content-length: 57331

12:25:42.584 [AsyncHttpClient-1-2] DEBUG org.asynchttpclient.netty.channel.ChannelManager - Adding key: http://localhost:50685 for channel [id: 0xb083d4ec, L:/127.0.0.1:50937 - R:localhost/127.0.0.1:50685]
12:25:42.591 [Forwarding getCurrentUrl on session fabb2ffb76c94dcf75e21125cc463c12 to remote] DEBUG org.asynchttpclient.netty.request.NettyRequestSender - Using pooled Channel '[id: 0xb083d4ec, L:/127.0.0.1:50937 - R:localhost/127.0.0.1:50685]' for 'GET' to 'http://localhost:50685/session/fabb2ffb76c94dcf75e21125cc463c12/url'
12:25:42.592 [Forwarding getCurrentUrl on session fabb2ffb76c94dcf75e21125cc463c12 to remote] DEBUG org.asynchttpclient.netty.request.NettyRequestSender - Using open Channel [id: 0xb083d4ec, L:/127.0.0.1:50937 - R:localhost/127.0.0.1:50685] for GET '/session/fabb2ffb76c94dcf75e21125cc463c12/url'
12:25:42.606 [AsyncHttpClient-1-2] DEBUG org.asynchttpclient.netty.handler.HttpHandler - 

Request DefaultFullHttpRequest(decodeResult: success, version: HTTP/1.1, content: EmptyByteBufBE)
GET /session/fabb2ffb76c94dcf75e21125cc463c12/url HTTP/1.1
User-Agent: selenium/4.4.0 (java windows)
Cache-Control: no-cache
Content-Type: application/json; charset=utf-8
host: localhost:50685
accept: */*

Response DefaultHttpResponse(decodeResult: success, version: HTTP/1.1)
HTTP/1.1 200 OK
Content-Type: application/json; charset=utf-8
cache-control: no-cache
content-length: 47

12:25:42.606 [AsyncHttpClient-1-2] DEBUG org.asynchttpclient.netty.channel.ChannelManager - Adding key: http://localhost:50685 for channel [id: 0xb083d4ec, L:/127.0.0.1:50937 - R:localhost/127.0.0.1:50685]
12:25:42.655 [Forwarding getCurrentWindowHandle on session fabb2ffb76c94dcf75e21125cc463c12 to remote] DEBUG org.asynchttpclient.netty.request.NettyRequestSender - Using pooled Channel '[id: 0xb083d4ec, L:/127.0.0.1:50937 - R:localhost/127.0.0.1:50685]' for 'GET' to 'http://localhost:50685/session/fabb2ffb76c94dcf75e21125cc463c12/window'
12:25:42.655 [Forwarding getCurrentWindowHandle on session fabb2ffb76c94dcf75e21125cc463c12 to remote] DEBUG org.asynchttpclient.netty.request.NettyRequestSender - Using open Channel [id: 0xb083d4ec, L:/127.0.0.1:50937 - R:localhost/127.0.0.1:50685] for GET '/session/fabb2ffb76c94dcf75e21125cc463c12/window'
12:25:42.664 [AsyncHttpClient-1-2] DEBUG org.asynchttpclient.netty.handler.HttpHandler - 

Request DefaultFullHttpRequest(decodeResult: success, version: HTTP/1.1, content: EmptyByteBufBE)
GET /session/fabb2ffb76c94dcf75e21125cc463c12/window HTTP/1.1
User-Agent: selenium/4.4.0 (java windows)
Cache-Control: no-cache
Content-Type: application/json; charset=utf-8
host: localhost:50685
accept: */*

Response DefaultHttpResponse(decodeResult: success, version: HTTP/1.1)
HTTP/1.1 200 OK
Content-Type: application/json; charset=utf-8
cache-control: no-cache
content-length: 44

12:25:42.664 [AsyncHttpClient-1-2] DEBUG org.asynchttpclient.netty.channel.ChannelManager - Adding key: http://localhost:50685 for channel [id: 0xb083d4ec, L:/127.0.0.1:50937 - R:localhost/127.0.0.1:50685]
12:25:42.673 [Forwarding getAlertText on session fabb2ffb76c94dcf75e21125cc463c12 to remote] DEBUG org.asynchttpclient.netty.request.NettyRequestSender - Using pooled Channel '[id: 0xb083d4ec, L:/127.0.0.1:50937 - R:localhost/127.0.0.1:50685]' for 'GET' to 'http://localhost:50685/session/fabb2ffb76c94dcf75e21125cc463c12/alert/text'
12:25:42.673 [Forwarding getAlertText on session fabb2ffb76c94dcf75e21125cc463c12 to remote] DEBUG org.asynchttpclient.netty.request.NettyRequestSender - Using open Channel [id: 0xb083d4ec, L:/127.0.0.1:50937 - R:localhost/127.0.0.1:50685] for GET '/session/fabb2ffb76c94dcf75e21125cc463c12/alert/text'
12:25:42.684 [AsyncHttpClient-1-2] DEBUG org.asynchttpclient.netty.handler.HttpHandler - 

Request DefaultFullHttpRequest(decodeResult: success, version: HTTP/1.1, content: EmptyByteBufBE)
GET /session/fabb2ffb76c94dcf75e21125cc463c12/alert/text HTTP/1.1
User-Agent: selenium/4.4.0 (java windows)
Cache-Control: no-cache
Content-Type: application/json; charset=utf-8
host: localhost:50685
accept: */*

Response DefaultHttpResponse(decodeResult: success, version: HTTP/1.1)
HTTP/1.1 404 Not Found
Content-Type: application/json; charset=utf-8
cache-control: no-cache
content-length: 1045

12:25:42.684 [AsyncHttpClient-1-2] DEBUG org.asynchttpclient.netty.channel.ChannelManager - Adding key: http://localhost:50685 for channel [id: 0xb083d4ec, L:/127.0.0.1:50937 - R:localhost/127.0.0.1:50685]
12:25:42.694 [Forwarding switchToWindow on session fabb2ffb76c94dcf75e21125cc463c12 to remote] DEBUG org.asynchttpclient.netty.request.NettyRequestSender - Using pooled Channel '[id: 0xb083d4ec, L:/127.0.0.1:50937 - R:localhost/127.0.0.1:50685]' for 'POST' to 'http://localhost:50685/session/fabb2ffb76c94dcf75e21125cc463c12/window'
12:25:42.694 [Forwarding switchToWindow on session fabb2ffb76c94dcf75e21125cc463c12 to remote] DEBUG org.asynchttpclient.netty.request.NettyRequestSender - Using open Channel [id: 0xb083d4ec, L:/127.0.0.1:50937 - R:localhost/127.0.0.1:50685] for POST '/session/fabb2ffb76c94dcf75e21125cc463c12/window'
12:25:42.698 [AsyncHttpClient-1-2] DEBUG org.asynchttpclient.netty.handler.HttpHandler - 

Request DefaultHttpRequest(decodeResult: success, version: HTTP/1.1)
POST /session/fabb2ffb76c94dcf75e21125cc463c12/window HTTP/1.1
User-Agent: selenium/4.4.0 (java windows)
Content-Length: 50
Content-Type: application/json; charset=utf-8
host: localhost:50685
accept: */*

Response DefaultHttpResponse(decodeResult: success, version: HTTP/1.1)
HTTP/1.1 200 OK
Content-Type: application/json; charset=utf-8
cache-control: no-cache
content-length: 14

12:25:42.698 [AsyncHttpClient-1-2] DEBUG org.asynchttpclient.netty.channel.ChannelManager - Adding key: http://localhost:50685 for channel [id: 0xb083d4ec, L:/127.0.0.1:50937 - R:localhost/127.0.0.1:50685]
12:25:42.698 [Forwarding getCurrentUrl on session fabb2ffb76c94dcf75e21125cc463c12 to remote] DEBUG org.asynchttpclient.netty.request.NettyRequestSender - Using pooled Channel '[id: 0xb083d4ec, L:/127.0.0.1:50937 - R:localhost/127.0.0.1:50685]' for 'GET' to 'http://localhost:50685/session/fabb2ffb76c94dcf75e21125cc463c12/url'
12:25:42.699 [Forwarding getCurrentUrl on session fabb2ffb76c94dcf75e21125cc463c12 to remote] DEBUG org.asynchttpclient.netty.request.NettyRequestSender - Using open Channel [id: 0xb083d4ec, L:/127.0.0.1:50937 - R:localhost/127.0.0.1:50685] for GET '/session/fabb2ffb76c94dcf75e21125cc463c12/url'
12:25:42.719 [AsyncHttpClient-1-2] DEBUG org.asynchttpclient.netty.handler.HttpHandler - 

Request DefaultFullHttpRequest(decodeResult: success, version: HTTP/1.1, content: EmptyByteBufBE)
GET /session/fabb2ffb76c94dcf75e21125cc463c12/url HTTP/1.1
User-Agent: selenium/4.4.0 (java windows)
Cache-Control: no-cache
Content-Type: application/json; charset=utf-8
host: localhost:50685
accept: */*

Response DefaultHttpResponse(decodeResult: success, version: HTTP/1.1)
HTTP/1.1 200 OK
Content-Type: application/json; charset=utf-8
cache-control: no-cache
content-length: 47

12:25:42.719 [AsyncHttpClient-1-2] DEBUG org.asynchttpclient.netty.channel.ChannelManager - Adding key: http://localhost:50685 for channel [id: 0xb083d4ec, L:/127.0.0.1:50937 - R:localhost/127.0.0.1:50685]
12:25:42.720 [Forwarding screenshot on session fabb2ffb76c94dcf75e21125cc463c12 to remote] DEBUG org.asynchttpclient.netty.request.NettyRequestSender - Using pooled Channel '[id: 0xb083d4ec, L:/127.0.0.1:50937 - R:localhost/127.0.0.1:50685]' for 'GET' to 'http://localhost:50685/session/fabb2ffb76c94dcf75e21125cc463c12/screenshot'
12:25:42.720 [Forwarding screenshot on session fabb2ffb76c94dcf75e21125cc463c12 to remote] DEBUG org.asynchttpclient.netty.request.NettyRequestSender - Using open Channel [id: 0xb083d4ec, L:/127.0.0.1:50937 - R:localhost/127.0.0.1:50685] for GET '/session/fabb2ffb76c94dcf75e21125cc463c12/screenshot'
12:25:42.849 [AsyncHttpClient-1-2] DEBUG org.asynchttpclient.netty.handler.HttpHandler - 

Request DefaultFullHttpRequest(decodeResult: success, version: HTTP/1.1, content: EmptyByteBufBE)
GET /session/fabb2ffb76c94dcf75e21125cc463c12/screenshot HTTP/1.1
User-Agent: selenium/4.4.0 (java windows)
Cache-Control: no-cache
Content-Type: application/json; charset=utf-8
host: localhost:50685
accept: */*

Response DefaultHttpResponse(decodeResult: success, version: HTTP/1.1)
HTTP/1.1 200 OK
Content-Type: application/json; charset=utf-8
cache-control: no-cache
content-length: 297556

12:25:42.850 [AsyncHttpClient-1-2] DEBUG org.asynchttpclient.netty.channel.ChannelManager - Adding key: http://localhost:50685 for channel [id: 0xb083d4ec, L:/127.0.0.1:50937 - R:localhost/127.0.0.1:50685]
12:25:42.857 [Test worker] DEBUG net.serenitybdd.core.photography.Darkroom - Send negative for processing for C:\Users\pcnit\Downloads\TestE2E\target\site\serenity\1c67f94865be74c456e525a3b856b10f3cf1c565ffba9d67b6127082d2e7cf25.png
12:25:42.858 [Test worker] DEBUG net.thucydides.core.steps.StepInterceptor - STEP DONE: {0} enters #theTextAsAString into #target
12:25:42.902 [Forwarding getPageSource on session fabb2ffb76c94dcf75e21125cc463c12 to remote] DEBUG org.asynchttpclient.netty.request.NettyRequestSender - Using pooled Channel '[id: 0xb083d4ec, L:/127.0.0.1:50937 - R:localhost/127.0.0.1:50685]' for 'POST' to 'http://localhost:50685/session/fabb2ffb76c94dcf75e21125cc463c12/execute/sync'
12:25:42.902 [Forwarding getPageSource on session fabb2ffb76c94dcf75e21125cc463c12 to remote] DEBUG org.asynchttpclient.netty.request.NettyRequestSender - Using open Channel [id: 0xb083d4ec, L:/127.0.0.1:50937 - R:localhost/127.0.0.1:50685] for POST '/session/fabb2ffb76c94dcf75e21125cc463c12/execute/sync'
12:25:42.929 [AsyncHttpClient-1-2] DEBUG org.asynchttpclient.netty.handler.HttpHandler - 

Request DefaultHttpRequest(decodeResult: success, version: HTTP/1.1)
POST /session/fabb2ffb76c94dcf75e21125cc463c12/execute/sync HTTP/1.1
User-Agent: selenium/4.4.0 (java windows)
Content-Length: 176
Content-Type: application/json; charset=utf-8
host: localhost:50685
accept: */*

Response DefaultHttpResponse(decodeResult: success, version: HTTP/1.1)
HTTP/1.1 200 OK
Content-Type: application/json; charset=utf-8
cache-control: no-cache
content-length: 57331

12:25:42.930 [AsyncHttpClient-1-2] DEBUG org.asynchttpclient.netty.channel.ChannelManager - Adding key: http://localhost:50685 for channel [id: 0xb083d4ec, L:/127.0.0.1:50937 - R:localhost/127.0.0.1:50685]
12:25:42.942 [Forwarding getCurrentUrl on session fabb2ffb76c94dcf75e21125cc463c12 to remote] DEBUG org.asynchttpclient.netty.request.NettyRequestSender - Using pooled Channel '[id: 0xb083d4ec, L:/127.0.0.1:50937 - R:localhost/127.0.0.1:50685]' for 'GET' to 'http://localhost:50685/session/fabb2ffb76c94dcf75e21125cc463c12/url'
12:25:42.942 [Forwarding getCurrentUrl on session fabb2ffb76c94dcf75e21125cc463c12 to remote] DEBUG org.asynchttpclient.netty.request.NettyRequestSender - Using open Channel [id: 0xb083d4ec, L:/127.0.0.1:50937 - R:localhost/127.0.0.1:50685] for GET '/session/fabb2ffb76c94dcf75e21125cc463c12/url'
12:25:42.961 [AsyncHttpClient-1-2] DEBUG org.asynchttpclient.netty.handler.HttpHandler - 

Request DefaultFullHttpRequest(decodeResult: success, version: HTTP/1.1, content: EmptyByteBufBE)
GET /session/fabb2ffb76c94dcf75e21125cc463c12/url HTTP/1.1
User-Agent: selenium/4.4.0 (java windows)
Cache-Control: no-cache
Content-Type: application/json; charset=utf-8
host: localhost:50685
accept: */*

Response DefaultHttpResponse(decodeResult: success, version: HTTP/1.1)
HTTP/1.1 200 OK
Content-Type: application/json; charset=utf-8
cache-control: no-cache
content-length: 47

12:25:42.962 [AsyncHttpClient-1-2] DEBUG org.asynchttpclient.netty.channel.ChannelManager - Adding key: http://localhost:50685 for channel [id: 0xb083d4ec, L:/127.0.0.1:50937 - R:localhost/127.0.0.1:50685]
12:25:42.967 [Test worker] DEBUG net.thucydides.core.steps.StepInterceptor - STARTING STEP: PlaceOrder.performAs - {0} enters #theTextAsAString into #target
12:25:42.983 [Test worker] DEBUG net.serenitybdd.screenplay.targets.IFrameSwitcher - default content already selected for selecciona PLACE ORDER
12:25:43.020 [Forwarding findElement on session fabb2ffb76c94dcf75e21125cc463c12 to remote] DEBUG org.asynchttpclient.netty.request.NettyRequestSender - Using pooled Channel '[id: 0xb083d4ec, L:/127.0.0.1:50937 - R:localhost/127.0.0.1:50685]' for 'POST' to 'http://localhost:50685/session/fabb2ffb76c94dcf75e21125cc463c12/element'
12:25:43.021 [Forwarding findElement on session fabb2ffb76c94dcf75e21125cc463c12 to remote] DEBUG org.asynchttpclient.netty.request.NettyRequestSender - Using open Channel [id: 0xb083d4ec, L:/127.0.0.1:50937 - R:localhost/127.0.0.1:50685] for POST '/session/fabb2ffb76c94dcf75e21125cc463c12/element'
12:25:43.039 [AsyncHttpClient-1-2] DEBUG org.asynchttpclient.netty.handler.HttpHandler - 

Request DefaultHttpRequest(decodeResult: success, version: HTTP/1.1)
POST /session/fabb2ffb76c94dcf75e21125cc463c12/element HTTP/1.1
User-Agent: selenium/4.4.0 (java windows)
Content-Length: 64
Content-Type: application/json; charset=utf-8
host: localhost:50685
accept: */*

Response DefaultHttpResponse(decodeResult: success, version: HTTP/1.1)
HTTP/1.1 200 OK
Content-Type: application/json; charset=utf-8
cache-control: no-cache
content-length: 127

12:25:43.039 [AsyncHttpClient-1-2] DEBUG org.asynchttpclient.netty.channel.ChannelManager - Adding key: http://localhost:50685 for channel [id: 0xb083d4ec, L:/127.0.0.1:50937 - R:localhost/127.0.0.1:50685]
12:25:43.041 [Forwarding clearElement on session fabb2ffb76c94dcf75e21125cc463c12 to remote] DEBUG org.asynchttpclient.netty.request.NettyRequestSender - Using pooled Channel '[id: 0xb083d4ec, L:/127.0.0.1:50937 - R:localhost/127.0.0.1:50685]' for 'POST' to 'http://localhost:50685/session/fabb2ffb76c94dcf75e21125cc463c12/element/f.7E9A709675F02E7E9E4ECE1EF325ABA8.d.D17DAE1392C999D3787AF96F6DDE3A4D.e.367/clear'
12:25:43.041 [Forwarding clearElement on session fabb2ffb76c94dcf75e21125cc463c12 to remote] DEBUG org.asynchttpclient.netty.request.NettyRequestSender - Using open Channel [id: 0xb083d4ec, L:/127.0.0.1:50937 - R:localhost/127.0.0.1:50685] for POST '/session/fabb2ffb76c94dcf75e21125cc463c12/element/f.7E9A709675F02E7E9E4ECE1EF325ABA8.d.D17DAE1392C999D3787AF96F6DDE3A4D.e.367/clear'
12:25:43.076 [AsyncHttpClient-1-1] DEBUG org.asynchttpclient.netty.channel.DefaultChannelPool - Entry count for : http://localhost:50938 : 1
12:25:43.083 [AsyncHttpClient-1-2] DEBUG org.asynchttpclient.netty.handler.HttpHandler - 

Request DefaultHttpRequest(decodeResult: success, version: HTTP/1.1)
POST /session/fabb2ffb76c94dcf75e21125cc463c12/element/f.7E9A709675F02E7E9E4ECE1EF325ABA8.d.D17DAE1392C999D3787AF96F6DDE3A4D.e.367/clear HTTP/1.1
User-Agent: selenium/4.4.0 (java windows)
Content-Length: 89
Content-Type: application/json; charset=utf-8
host: localhost:50685
accept: */*

Response DefaultHttpResponse(decodeResult: success, version: HTTP/1.1)
HTTP/1.1 200 OK
Content-Type: application/json; charset=utf-8
cache-control: no-cache
content-length: 14

12:25:43.084 [AsyncHttpClient-1-2] DEBUG org.asynchttpclient.netty.channel.ChannelManager - Adding key: http://localhost:50685 for channel [id: 0xb083d4ec, L:/127.0.0.1:50937 - R:localhost/127.0.0.1:50685]
12:25:43.104 [Forwarding sendKeysToElement on session fabb2ffb76c94dcf75e21125cc463c12 to remote] DEBUG org.asynchttpclient.netty.request.NettyRequestSender - Using pooled Channel '[id: 0xb083d4ec, L:/127.0.0.1:50937 - R:localhost/127.0.0.1:50685]' for 'POST' to 'http://localhost:50685/session/fabb2ffb76c94dcf75e21125cc463c12/element/f.7E9A709675F02E7E9E4ECE1EF325ABA8.d.D17DAE1392C999D3787AF96F6DDE3A4D.e.367/value'
12:25:43.104 [Forwarding sendKeysToElement on session fabb2ffb76c94dcf75e21125cc463c12 to remote] DEBUG org.asynchttpclient.netty.request.NettyRequestSender - Using open Channel [id: 0xb083d4ec, L:/127.0.0.1:50937 - R:localhost/127.0.0.1:50685] for POST '/session/fabb2ffb76c94dcf75e21125cc463c12/element/f.7E9A709675F02E7E9E4ECE1EF325ABA8.d.D17DAE1392C999D3787AF96F6DDE3A4D.e.367/value'
12:25:43.201 [AsyncHttpClient-1-2] DEBUG org.asynchttpclient.netty.handler.HttpHandler - 

Request DefaultHttpRequest(decodeResult: success, version: HTTP/1.1)
POST /session/fabb2ffb76c94dcf75e21125cc463c12/element/f.7E9A709675F02E7E9E4ECE1EF325ABA8.d.D17DAE1392C999D3787AF96F6DDE3A4D.e.367/value HTTP/1.1
User-Agent: selenium/4.4.0 (java windows)
Content-Length: 170
Content-Type: application/json; charset=utf-8
host: localhost:50685
accept: */*

Response DefaultHttpResponse(decodeResult: success, version: HTTP/1.1)
HTTP/1.1 200 OK
Content-Type: application/json; charset=utf-8
cache-control: no-cache
content-length: 14

12:25:43.201 [AsyncHttpClient-1-2] DEBUG org.asynchttpclient.netty.channel.ChannelManager - Adding key: http://localhost:50685 for channel [id: 0xb083d4ec, L:/127.0.0.1:50937 - R:localhost/127.0.0.1:50685]
12:25:43.247 [Forwarding getCurrentWindowHandle on session fabb2ffb76c94dcf75e21125cc463c12 to remote] DEBUG org.asynchttpclient.netty.request.NettyRequestSender - Using pooled Channel '[id: 0xb083d4ec, L:/127.0.0.1:50937 - R:localhost/127.0.0.1:50685]' for 'GET' to 'http://localhost:50685/session/fabb2ffb76c94dcf75e21125cc463c12/window'
12:25:43.247 [Forwarding getCurrentWindowHandle on session fabb2ffb76c94dcf75e21125cc463c12 to remote] DEBUG org.asynchttpclient.netty.request.NettyRequestSender - Using open Channel [id: 0xb083d4ec, L:/127.0.0.1:50937 - R:localhost/127.0.0.1:50685] for GET '/session/fabb2ffb76c94dcf75e21125cc463c12/window'
12:25:43.255 [AsyncHttpClient-1-2] DEBUG org.asynchttpclient.netty.handler.HttpHandler - 

Request DefaultFullHttpRequest(decodeResult: success, version: HTTP/1.1, content: EmptyByteBufBE)
GET /session/fabb2ffb76c94dcf75e21125cc463c12/window HTTP/1.1
User-Agent: selenium/4.4.0 (java windows)
Cache-Control: no-cache
Content-Type: application/json; charset=utf-8
host: localhost:50685
accept: */*

Response DefaultHttpResponse(decodeResult: success, version: HTTP/1.1)
HTTP/1.1 200 OK
Content-Type: application/json; charset=utf-8
cache-control: no-cache
content-length: 44

12:25:43.255 [AsyncHttpClient-1-2] DEBUG org.asynchttpclient.netty.channel.ChannelManager - Adding key: http://localhost:50685 for channel [id: 0xb083d4ec, L:/127.0.0.1:50937 - R:localhost/127.0.0.1:50685]
12:25:43.269 [Forwarding getAlertText on session fabb2ffb76c94dcf75e21125cc463c12 to remote] DEBUG org.asynchttpclient.netty.request.NettyRequestSender - Using pooled Channel '[id: 0xb083d4ec, L:/127.0.0.1:50937 - R:localhost/127.0.0.1:50685]' for 'GET' to 'http://localhost:50685/session/fabb2ffb76c94dcf75e21125cc463c12/alert/text'
12:25:43.269 [Forwarding getAlertText on session fabb2ffb76c94dcf75e21125cc463c12 to remote] DEBUG org.asynchttpclient.netty.request.NettyRequestSender - Using open Channel [id: 0xb083d4ec, L:/127.0.0.1:50937 - R:localhost/127.0.0.1:50685] for GET '/session/fabb2ffb76c94dcf75e21125cc463c12/alert/text'
12:25:43.282 [AsyncHttpClient-1-2] DEBUG org.asynchttpclient.netty.handler.HttpHandler - 

Request DefaultFullHttpRequest(decodeResult: success, version: HTTP/1.1, content: EmptyByteBufBE)
GET /session/fabb2ffb76c94dcf75e21125cc463c12/alert/text HTTP/1.1
User-Agent: selenium/4.4.0 (java windows)
Cache-Control: no-cache
Content-Type: application/json; charset=utf-8
host: localhost:50685
accept: */*

Response DefaultHttpResponse(decodeResult: success, version: HTTP/1.1)
HTTP/1.1 404 Not Found
Content-Type: application/json; charset=utf-8
cache-control: no-cache
content-length: 1045

12:25:43.282 [AsyncHttpClient-1-2] DEBUG org.asynchttpclient.netty.channel.ChannelManager - Adding key: http://localhost:50685 for channel [id: 0xb083d4ec, L:/127.0.0.1:50937 - R:localhost/127.0.0.1:50685]
12:25:43.292 [Forwarding switchToWindow on session fabb2ffb76c94dcf75e21125cc463c12 to remote] DEBUG org.asynchttpclient.netty.request.NettyRequestSender - Using pooled Channel '[id: 0xb083d4ec, L:/127.0.0.1:50937 - R:localhost/127.0.0.1:50685]' for 'POST' to 'http://localhost:50685/session/fabb2ffb76c94dcf75e21125cc463c12/window'
12:25:43.292 [Forwarding switchToWindow on session fabb2ffb76c94dcf75e21125cc463c12 to remote] DEBUG org.asynchttpclient.netty.request.NettyRequestSender - Using open Channel [id: 0xb083d4ec, L:/127.0.0.1:50937 - R:localhost/127.0.0.1:50685] for POST '/session/fabb2ffb76c94dcf75e21125cc463c12/window'
12:25:43.298 [AsyncHttpClient-1-2] DEBUG org.asynchttpclient.netty.handler.HttpHandler - 

Request DefaultHttpRequest(decodeResult: success, version: HTTP/1.1)
POST /session/fabb2ffb76c94dcf75e21125cc463c12/window HTTP/1.1
User-Agent: selenium/4.4.0 (java windows)
Content-Length: 50
Content-Type: application/json; charset=utf-8
host: localhost:50685
accept: */*

Response DefaultHttpResponse(decodeResult: success, version: HTTP/1.1)
HTTP/1.1 200 OK
Content-Type: application/json; charset=utf-8
cache-control: no-cache
content-length: 14

12:25:43.298 [AsyncHttpClient-1-2] DEBUG org.asynchttpclient.netty.channel.ChannelManager - Adding key: http://localhost:50685 for channel [id: 0xb083d4ec, L:/127.0.0.1:50937 - R:localhost/127.0.0.1:50685]
12:25:43.299 [Forwarding getCurrentUrl on session fabb2ffb76c94dcf75e21125cc463c12 to remote] DEBUG org.asynchttpclient.netty.request.NettyRequestSender - Using pooled Channel '[id: 0xb083d4ec, L:/127.0.0.1:50937 - R:localhost/127.0.0.1:50685]' for 'GET' to 'http://localhost:50685/session/fabb2ffb76c94dcf75e21125cc463c12/url'
12:25:43.299 [Forwarding getCurrentUrl on session fabb2ffb76c94dcf75e21125cc463c12 to remote] DEBUG org.asynchttpclient.netty.request.NettyRequestSender - Using open Channel [id: 0xb083d4ec, L:/127.0.0.1:50937 - R:localhost/127.0.0.1:50685] for GET '/session/fabb2ffb76c94dcf75e21125cc463c12/url'
12:25:43.316 [AsyncHttpClient-1-2] DEBUG org.asynchttpclient.netty.handler.HttpHandler - 

Request DefaultFullHttpRequest(decodeResult: success, version: HTTP/1.1, content: EmptyByteBufBE)
GET /session/fabb2ffb76c94dcf75e21125cc463c12/url HTTP/1.1
User-Agent: selenium/4.4.0 (java windows)
Cache-Control: no-cache
Content-Type: application/json; charset=utf-8
host: localhost:50685
accept: */*

Response DefaultHttpResponse(decodeResult: success, version: HTTP/1.1)
HTTP/1.1 200 OK
Content-Type: application/json; charset=utf-8
cache-control: no-cache
content-length: 47

12:25:43.316 [AsyncHttpClient-1-2] DEBUG org.asynchttpclient.netty.channel.ChannelManager - Adding key: http://localhost:50685 for channel [id: 0xb083d4ec, L:/127.0.0.1:50937 - R:localhost/127.0.0.1:50685]
12:25:43.317 [Forwarding screenshot on session fabb2ffb76c94dcf75e21125cc463c12 to remote] DEBUG org.asynchttpclient.netty.request.NettyRequestSender - Using pooled Channel '[id: 0xb083d4ec, L:/127.0.0.1:50937 - R:localhost/127.0.0.1:50685]' for 'GET' to 'http://localhost:50685/session/fabb2ffb76c94dcf75e21125cc463c12/screenshot'
12:25:43.317 [Forwarding screenshot on session fabb2ffb76c94dcf75e21125cc463c12 to remote] DEBUG org.asynchttpclient.netty.request.NettyRequestSender - Using open Channel [id: 0xb083d4ec, L:/127.0.0.1:50937 - R:localhost/127.0.0.1:50685] for GET '/session/fabb2ffb76c94dcf75e21125cc463c12/screenshot'
12:25:43.488 [AsyncHttpClient-1-2] DEBUG org.asynchttpclient.netty.handler.HttpHandler - 

Request DefaultFullHttpRequest(decodeResult: success, version: HTTP/1.1, content: EmptyByteBufBE)
GET /session/fabb2ffb76c94dcf75e21125cc463c12/screenshot HTTP/1.1
User-Agent: selenium/4.4.0 (java windows)
Cache-Control: no-cache
Content-Type: application/json; charset=utf-8
host: localhost:50685
accept: */*

Response DefaultHttpResponse(decodeResult: success, version: HTTP/1.1)
HTTP/1.1 200 OK
Content-Type: application/json; charset=utf-8
cache-control: no-cache
content-length: 299052

12:25:43.489 [AsyncHttpClient-1-2] DEBUG org.asynchttpclient.netty.channel.ChannelManager - Adding key: http://localhost:50685 for channel [id: 0xb083d4ec, L:/127.0.0.1:50937 - R:localhost/127.0.0.1:50685]
12:25:43.498 [Test worker] DEBUG net.serenitybdd.core.photography.Darkroom - Send negative for processing for C:\Users\pcnit\Downloads\TestE2E\target\site\serenity\8de6a9db6bb388be991b939e433fe4e6865c2c5a849bbba12de38e07b1b664d6.png
12:25:43.510 [Forwarding getPageSource on session fabb2ffb76c94dcf75e21125cc463c12 to remote] DEBUG org.asynchttpclient.netty.request.NettyRequestSender - Using pooled Channel '[id: 0xb083d4ec, L:/127.0.0.1:50937 - R:localhost/127.0.0.1:50685]' for 'POST' to 'http://localhost:50685/session/fabb2ffb76c94dcf75e21125cc463c12/execute/sync'
12:25:43.510 [Forwarding getPageSource on session fabb2ffb76c94dcf75e21125cc463c12 to remote] DEBUG org.asynchttpclient.netty.request.NettyRequestSender - Using open Channel [id: 0xb083d4ec, L:/127.0.0.1:50937 - R:localhost/127.0.0.1:50685] for POST '/session/fabb2ffb76c94dcf75e21125cc463c12/execute/sync'
12:25:43.530 [AsyncHttpClient-1-2] DEBUG org.asynchttpclient.netty.handler.HttpHandler - 

Request DefaultHttpRequest(decodeResult: success, version: HTTP/1.1)
POST /session/fabb2ffb76c94dcf75e21125cc463c12/execute/sync HTTP/1.1
User-Agent: selenium/4.4.0 (java windows)
Content-Length: 176
Content-Type: application/json; charset=utf-8
host: localhost:50685
accept: */*

Response DefaultHttpResponse(decodeResult: success, version: HTTP/1.1)
HTTP/1.1 200 OK
Content-Type: application/json; charset=utf-8
cache-control: no-cache
content-length: 57331

12:25:43.530 [AsyncHttpClient-1-2] DEBUG org.asynchttpclient.netty.channel.ChannelManager - Adding key: http://localhost:50685 for channel [id: 0xb083d4ec, L:/127.0.0.1:50937 - R:localhost/127.0.0.1:50685]
12:25:43.538 [Forwarding getCurrentUrl on session fabb2ffb76c94dcf75e21125cc463c12 to remote] DEBUG org.asynchttpclient.netty.request.NettyRequestSender - Using pooled Channel '[id: 0xb083d4ec, L:/127.0.0.1:50937 - R:localhost/127.0.0.1:50685]' for 'GET' to 'http://localhost:50685/session/fabb2ffb76c94dcf75e21125cc463c12/url'
12:25:43.538 [Forwarding getCurrentUrl on session fabb2ffb76c94dcf75e21125cc463c12 to remote] DEBUG org.asynchttpclient.netty.request.NettyRequestSender - Using open Channel [id: 0xb083d4ec, L:/127.0.0.1:50937 - R:localhost/127.0.0.1:50685] for GET '/session/fabb2ffb76c94dcf75e21125cc463c12/url'
12:25:43.612 [AsyncHttpClient-1-2] DEBUG org.asynchttpclient.netty.handler.HttpHandler - 

Request DefaultFullHttpRequest(decodeResult: success, version: HTTP/1.1, content: EmptyByteBufBE)
GET /session/fabb2ffb76c94dcf75e21125cc463c12/url HTTP/1.1
User-Agent: selenium/4.4.0 (java windows)
Cache-Control: no-cache
Content-Type: application/json; charset=utf-8
host: localhost:50685
accept: */*

Response DefaultHttpResponse(decodeResult: success, version: HTTP/1.1)
HTTP/1.1 200 OK
Content-Type: application/json; charset=utf-8
cache-control: no-cache
content-length: 47

12:25:43.612 [AsyncHttpClient-1-2] DEBUG org.asynchttpclient.netty.channel.ChannelManager - Adding key: http://localhost:50685 for channel [id: 0xb083d4ec, L:/127.0.0.1:50937 - R:localhost/127.0.0.1:50685]
12:25:43.673 [Forwarding getCurrentWindowHandle on session fabb2ffb76c94dcf75e21125cc463c12 to remote] DEBUG org.asynchttpclient.netty.request.NettyRequestSender - Using pooled Channel '[id: 0xb083d4ec, L:/127.0.0.1:50937 - R:localhost/127.0.0.1:50685]' for 'GET' to 'http://localhost:50685/session/fabb2ffb76c94dcf75e21125cc463c12/window'
12:25:43.673 [Forwarding getCurrentWindowHandle on session fabb2ffb76c94dcf75e21125cc463c12 to remote] DEBUG org.asynchttpclient.netty.request.NettyRequestSender - Using open Channel [id: 0xb083d4ec, L:/127.0.0.1:50937 - R:localhost/127.0.0.1:50685] for GET '/session/fabb2ffb76c94dcf75e21125cc463c12/window'
12:25:43.683 [AsyncHttpClient-1-2] DEBUG org.asynchttpclient.netty.handler.HttpHandler - 

Request DefaultFullHttpRequest(decodeResult: success, version: HTTP/1.1, content: EmptyByteBufBE)
GET /session/fabb2ffb76c94dcf75e21125cc463c12/window HTTP/1.1
User-Agent: selenium/4.4.0 (java windows)
Cache-Control: no-cache
Content-Type: application/json; charset=utf-8
host: localhost:50685
accept: */*

Response DefaultHttpResponse(decodeResult: success, version: HTTP/1.1)
HTTP/1.1 200 OK
Content-Type: application/json; charset=utf-8
cache-control: no-cache
content-length: 44

12:25:43.683 [AsyncHttpClient-1-2] DEBUG org.asynchttpclient.netty.channel.ChannelManager - Adding key: http://localhost:50685 for channel [id: 0xb083d4ec, L:/127.0.0.1:50937 - R:localhost/127.0.0.1:50685]
12:25:43.693 [Forwarding getAlertText on session fabb2ffb76c94dcf75e21125cc463c12 to remote] DEBUG org.asynchttpclient.netty.request.NettyRequestSender - Using pooled Channel '[id: 0xb083d4ec, L:/127.0.0.1:50937 - R:localhost/127.0.0.1:50685]' for 'GET' to 'http://localhost:50685/session/fabb2ffb76c94dcf75e21125cc463c12/alert/text'
12:25:43.693 [Forwarding getAlertText on session fabb2ffb76c94dcf75e21125cc463c12 to remote] DEBUG org.asynchttpclient.netty.request.NettyRequestSender - Using open Channel [id: 0xb083d4ec, L:/127.0.0.1:50937 - R:localhost/127.0.0.1:50685] for GET '/session/fabb2ffb76c94dcf75e21125cc463c12/alert/text'
12:25:43.706 [AsyncHttpClient-1-2] DEBUG org.asynchttpclient.netty.handler.HttpHandler - 

Request DefaultFullHttpRequest(decodeResult: success, version: HTTP/1.1, content: EmptyByteBufBE)
GET /session/fabb2ffb76c94dcf75e21125cc463c12/alert/text HTTP/1.1
User-Agent: selenium/4.4.0 (java windows)
Cache-Control: no-cache
Content-Type: application/json; charset=utf-8
host: localhost:50685
accept: */*

Response DefaultHttpResponse(decodeResult: success, version: HTTP/1.1)
HTTP/1.1 404 Not Found
Content-Type: application/json; charset=utf-8
cache-control: no-cache
content-length: 1045

12:25:43.707 [AsyncHttpClient-1-2] DEBUG org.asynchttpclient.netty.channel.ChannelManager - Adding key: http://localhost:50685 for channel [id: 0xb083d4ec, L:/127.0.0.1:50937 - R:localhost/127.0.0.1:50685]
12:25:43.716 [Forwarding switchToWindow on session fabb2ffb76c94dcf75e21125cc463c12 to remote] DEBUG org.asynchttpclient.netty.request.NettyRequestSender - Using pooled Channel '[id: 0xb083d4ec, L:/127.0.0.1:50937 - R:localhost/127.0.0.1:50685]' for 'POST' to 'http://localhost:50685/session/fabb2ffb76c94dcf75e21125cc463c12/window'
12:25:43.716 [Forwarding switchToWindow on session fabb2ffb76c94dcf75e21125cc463c12 to remote] DEBUG org.asynchttpclient.netty.request.NettyRequestSender - Using open Channel [id: 0xb083d4ec, L:/127.0.0.1:50937 - R:localhost/127.0.0.1:50685] for POST '/session/fabb2ffb76c94dcf75e21125cc463c12/window'
12:25:43.720 [AsyncHttpClient-1-2] DEBUG org.asynchttpclient.netty.handler.HttpHandler - 

Request DefaultHttpRequest(decodeResult: success, version: HTTP/1.1)
POST /session/fabb2ffb76c94dcf75e21125cc463c12/window HTTP/1.1
User-Agent: selenium/4.4.0 (java windows)
Content-Length: 50
Content-Type: application/json; charset=utf-8
host: localhost:50685
accept: */*

Response DefaultHttpResponse(decodeResult: success, version: HTTP/1.1)
HTTP/1.1 200 OK
Content-Type: application/json; charset=utf-8
cache-control: no-cache
content-length: 14

12:25:43.720 [AsyncHttpClient-1-2] DEBUG org.asynchttpclient.netty.channel.ChannelManager - Adding key: http://localhost:50685 for channel [id: 0xb083d4ec, L:/127.0.0.1:50937 - R:localhost/127.0.0.1:50685]
12:25:43.721 [Forwarding getCurrentUrl on session fabb2ffb76c94dcf75e21125cc463c12 to remote] DEBUG org.asynchttpclient.netty.request.NettyRequestSender - Using pooled Channel '[id: 0xb083d4ec, L:/127.0.0.1:50937 - R:localhost/127.0.0.1:50685]' for 'GET' to 'http://localhost:50685/session/fabb2ffb76c94dcf75e21125cc463c12/url'
12:25:43.721 [Forwarding getCurrentUrl on session fabb2ffb76c94dcf75e21125cc463c12 to remote] DEBUG org.asynchttpclient.netty.request.NettyRequestSender - Using open Channel [id: 0xb083d4ec, L:/127.0.0.1:50937 - R:localhost/127.0.0.1:50685] for GET '/session/fabb2ffb76c94dcf75e21125cc463c12/url'
12:25:43.737 [AsyncHttpClient-1-2] DEBUG org.asynchttpclient.netty.handler.HttpHandler - 

Request DefaultFullHttpRequest(decodeResult: success, version: HTTP/1.1, content: EmptyByteBufBE)
GET /session/fabb2ffb76c94dcf75e21125cc463c12/url HTTP/1.1
User-Agent: selenium/4.4.0 (java windows)
Cache-Control: no-cache
Content-Type: application/json; charset=utf-8
host: localhost:50685
accept: */*

Response DefaultHttpResponse(decodeResult: success, version: HTTP/1.1)
HTTP/1.1 200 OK
Content-Type: application/json; charset=utf-8
cache-control: no-cache
content-length: 47

12:25:43.737 [AsyncHttpClient-1-2] DEBUG org.asynchttpclient.netty.channel.ChannelManager - Adding key: http://localhost:50685 for channel [id: 0xb083d4ec, L:/127.0.0.1:50937 - R:localhost/127.0.0.1:50685]
12:25:43.738 [Forwarding screenshot on session fabb2ffb76c94dcf75e21125cc463c12 to remote] DEBUG org.asynchttpclient.netty.request.NettyRequestSender - Using pooled Channel '[id: 0xb083d4ec, L:/127.0.0.1:50937 - R:localhost/127.0.0.1:50685]' for 'GET' to 'http://localhost:50685/session/fabb2ffb76c94dcf75e21125cc463c12/screenshot'
12:25:43.738 [Forwarding screenshot on session fabb2ffb76c94dcf75e21125cc463c12 to remote] DEBUG org.asynchttpclient.netty.request.NettyRequestSender - Using open Channel [id: 0xb083d4ec, L:/127.0.0.1:50937 - R:localhost/127.0.0.1:50685] for GET '/session/fabb2ffb76c94dcf75e21125cc463c12/screenshot'
12:25:43.853 [AsyncHttpClient-1-2] DEBUG org.asynchttpclient.netty.handler.HttpHandler - 

Request DefaultFullHttpRequest(decodeResult: success, version: HTTP/1.1, content: EmptyByteBufBE)
GET /session/fabb2ffb76c94dcf75e21125cc463c12/screenshot HTTP/1.1
User-Agent: selenium/4.4.0 (java windows)
Cache-Control: no-cache
Content-Type: application/json; charset=utf-8
host: localhost:50685
accept: */*

Response DefaultHttpResponse(decodeResult: success, version: HTTP/1.1)
HTTP/1.1 200 OK
Content-Type: application/json; charset=utf-8
cache-control: no-cache
content-length: 299060

12:25:43.854 [AsyncHttpClient-1-2] DEBUG org.asynchttpclient.netty.channel.ChannelManager - Adding key: http://localhost:50685 for channel [id: 0xb083d4ec, L:/127.0.0.1:50937 - R:localhost/127.0.0.1:50685]
12:25:43.858 [Test worker] DEBUG net.serenitybdd.core.photography.Darkroom - Send negative for processing for C:\Users\pcnit\Downloads\TestE2E\target\site\serenity\c360b83bc204fd1170d228ecec82e9bcdcac1e433e368d2be398cc0715a00ce8.png
12:25:43.858 [Test worker] DEBUG net.thucydides.core.steps.StepInterceptor - STEP DONE: {0} enters #theTextAsAString into #target
12:25:43.873 [Forwarding getPageSource on session fabb2ffb76c94dcf75e21125cc463c12 to remote] DEBUG org.asynchttpclient.netty.request.NettyRequestSender - Using pooled Channel '[id: 0xb083d4ec, L:/127.0.0.1:50937 - R:localhost/127.0.0.1:50685]' for 'POST' to 'http://localhost:50685/session/fabb2ffb76c94dcf75e21125cc463c12/execute/sync'
12:25:43.873 [Forwarding getPageSource on session fabb2ffb76c94dcf75e21125cc463c12 to remote] DEBUG org.asynchttpclient.netty.request.NettyRequestSender - Using open Channel [id: 0xb083d4ec, L:/127.0.0.1:50937 - R:localhost/127.0.0.1:50685] for POST '/session/fabb2ffb76c94dcf75e21125cc463c12/execute/sync'
12:25:43.883 [AsyncHttpClient-1-2] DEBUG org.asynchttpclient.netty.handler.HttpHandler - 

Request DefaultHttpRequest(decodeResult: success, version: HTTP/1.1)
POST /session/fabb2ffb76c94dcf75e21125cc463c12/execute/sync HTTP/1.1
User-Agent: selenium/4.4.0 (java windows)
Content-Length: 176
Content-Type: application/json; charset=utf-8
host: localhost:50685
accept: */*

Response DefaultHttpResponse(decodeResult: success, version: HTTP/1.1)
HTTP/1.1 200 OK
Content-Type: application/json; charset=utf-8
cache-control: no-cache
content-length: 57331

12:25:43.883 [AsyncHttpClient-1-2] DEBUG org.asynchttpclient.netty.channel.ChannelManager - Adding key: http://localhost:50685 for channel [id: 0xb083d4ec, L:/127.0.0.1:50937 - R:localhost/127.0.0.1:50685]
12:25:43.886 [Forwarding getCurrentUrl on session fabb2ffb76c94dcf75e21125cc463c12 to remote] DEBUG org.asynchttpclient.netty.request.NettyRequestSender - Using pooled Channel '[id: 0xb083d4ec, L:/127.0.0.1:50937 - R:localhost/127.0.0.1:50685]' for 'GET' to 'http://localhost:50685/session/fabb2ffb76c94dcf75e21125cc463c12/url'
12:25:43.886 [Forwarding getCurrentUrl on session fabb2ffb76c94dcf75e21125cc463c12 to remote] DEBUG org.asynchttpclient.netty.request.NettyRequestSender - Using open Channel [id: 0xb083d4ec, L:/127.0.0.1:50937 - R:localhost/127.0.0.1:50685] for GET '/session/fabb2ffb76c94dcf75e21125cc463c12/url'
12:25:43.902 [AsyncHttpClient-1-2] DEBUG org.asynchttpclient.netty.handler.HttpHandler - 

Request DefaultFullHttpRequest(decodeResult: success, version: HTTP/1.1, content: EmptyByteBufBE)
GET /session/fabb2ffb76c94dcf75e21125cc463c12/url HTTP/1.1
User-Agent: selenium/4.4.0 (java windows)
Cache-Control: no-cache
Content-Type: application/json; charset=utf-8
host: localhost:50685
accept: */*

Response DefaultHttpResponse(decodeResult: success, version: HTTP/1.1)
HTTP/1.1 200 OK
Content-Type: application/json; charset=utf-8
cache-control: no-cache
content-length: 47

12:25:43.902 [AsyncHttpClient-1-2] DEBUG org.asynchttpclient.netty.channel.ChannelManager - Adding key: http://localhost:50685 for channel [id: 0xb083d4ec, L:/127.0.0.1:50937 - R:localhost/127.0.0.1:50685]
12:25:43.904 [Test worker] DEBUG net.thucydides.core.steps.StepInterceptor - STARTING STEP: PlaceOrder.performAs - {0} enters #theTextAsAString into #target
12:25:43.916 [Test worker] DEBUG net.serenitybdd.screenplay.targets.IFrameSwitcher - default content already selected for selecciona PLACE ORDER
12:25:43.971 [Forwarding findElement on session fabb2ffb76c94dcf75e21125cc463c12 to remote] DEBUG org.asynchttpclient.netty.request.NettyRequestSender - Using pooled Channel '[id: 0xb083d4ec, L:/127.0.0.1:50937 - R:localhost/127.0.0.1:50685]' for 'POST' to 'http://localhost:50685/session/fabb2ffb76c94dcf75e21125cc463c12/element'
12:25:43.972 [Forwarding findElement on session fabb2ffb76c94dcf75e21125cc463c12 to remote] DEBUG org.asynchttpclient.netty.request.NettyRequestSender - Using open Channel [id: 0xb083d4ec, L:/127.0.0.1:50937 - R:localhost/127.0.0.1:50685] for POST '/session/fabb2ffb76c94dcf75e21125cc463c12/element'
12:25:43.996 [AsyncHttpClient-1-2] DEBUG org.asynchttpclient.netty.handler.HttpHandler - 

Request DefaultHttpRequest(decodeResult: success, version: HTTP/1.1)
POST /session/fabb2ffb76c94dcf75e21125cc463c12/element HTTP/1.1
User-Agent: selenium/4.4.0 (java windows)
Content-Length: 64
Content-Type: application/json; charset=utf-8
host: localhost:50685
accept: */*

Response DefaultHttpResponse(decodeResult: success, version: HTTP/1.1)
HTTP/1.1 200 OK
Content-Type: application/json; charset=utf-8
cache-control: no-cache
content-length: 127

12:25:43.996 [AsyncHttpClient-1-2] DEBUG org.asynchttpclient.netty.channel.ChannelManager - Adding key: http://localhost:50685 for channel [id: 0xb083d4ec, L:/127.0.0.1:50937 - R:localhost/127.0.0.1:50685]
12:25:43.997 [Forwarding clearElement on session fabb2ffb76c94dcf75e21125cc463c12 to remote] DEBUG org.asynchttpclient.netty.request.NettyRequestSender - Using pooled Channel '[id: 0xb083d4ec, L:/127.0.0.1:50937 - R:localhost/127.0.0.1:50685]' for 'POST' to 'http://localhost:50685/session/fabb2ffb76c94dcf75e21125cc463c12/element/f.7E9A709675F02E7E9E4ECE1EF325ABA8.d.D17DAE1392C999D3787AF96F6DDE3A4D.e.368/clear'
12:25:43.997 [Forwarding clearElement on session fabb2ffb76c94dcf75e21125cc463c12 to remote] DEBUG org.asynchttpclient.netty.request.NettyRequestSender - Using open Channel [id: 0xb083d4ec, L:/127.0.0.1:50937 - R:localhost/127.0.0.1:50685] for POST '/session/fabb2ffb76c94dcf75e21125cc463c12/element/f.7E9A709675F02E7E9E4ECE1EF325ABA8.d.D17DAE1392C999D3787AF96F6DDE3A4D.e.368/clear'
12:25:44.014 [AsyncHttpClient-1-2] DEBUG org.asynchttpclient.netty.handler.HttpHandler - 

Request DefaultHttpRequest(decodeResult: success, version: HTTP/1.1)
POST /session/fabb2ffb76c94dcf75e21125cc463c12/element/f.7E9A709675F02E7E9E4ECE1EF325ABA8.d.D17DAE1392C999D3787AF96F6DDE3A4D.e.368/clear HTTP/1.1
User-Agent: selenium/4.4.0 (java windows)
Content-Length: 89
Content-Type: application/json; charset=utf-8
host: localhost:50685
accept: */*

Response DefaultHttpResponse(decodeResult: success, version: HTTP/1.1)
HTTP/1.1 200 OK
Content-Type: application/json; charset=utf-8
cache-control: no-cache
content-length: 14

12:25:44.014 [AsyncHttpClient-1-2] DEBUG org.asynchttpclient.netty.channel.ChannelManager - Adding key: http://localhost:50685 for channel [id: 0xb083d4ec, L:/127.0.0.1:50937 - R:localhost/127.0.0.1:50685]
12:25:44.018 [Forwarding sendKeysToElement on session fabb2ffb76c94dcf75e21125cc463c12 to remote] DEBUG org.asynchttpclient.netty.request.NettyRequestSender - Using pooled Channel '[id: 0xb083d4ec, L:/127.0.0.1:50937 - R:localhost/127.0.0.1:50685]' for 'POST' to 'http://localhost:50685/session/fabb2ffb76c94dcf75e21125cc463c12/element/f.7E9A709675F02E7E9E4ECE1EF325ABA8.d.D17DAE1392C999D3787AF96F6DDE3A4D.e.368/value'
12:25:44.018 [Forwarding sendKeysToElement on session fabb2ffb76c94dcf75e21125cc463c12 to remote] DEBUG org.asynchttpclient.netty.request.NettyRequestSender - Using open Channel [id: 0xb083d4ec, L:/127.0.0.1:50937 - R:localhost/127.0.0.1:50685] for POST '/session/fabb2ffb76c94dcf75e21125cc463c12/element/f.7E9A709675F02E7E9E4ECE1EF325ABA8.d.D17DAE1392C999D3787AF96F6DDE3A4D.e.368/value'
12:25:44.066 [AsyncHttpClient-1-2] DEBUG org.asynchttpclient.netty.handler.HttpHandler - 

Request DefaultHttpRequest(decodeResult: success, version: HTTP/1.1)
POST /session/fabb2ffb76c94dcf75e21125cc463c12/element/f.7E9A709675F02E7E9E4ECE1EF325ABA8.d.D17DAE1392C999D3787AF96F6DDE3A4D.e.368/value HTTP/1.1
User-Agent: selenium/4.4.0 (java windows)
Content-Length: 180
Content-Type: application/json; charset=utf-8
host: localhost:50685
accept: */*

Response DefaultHttpResponse(decodeResult: success, version: HTTP/1.1)
HTTP/1.1 200 OK
Content-Type: application/json; charset=utf-8
cache-control: no-cache
content-length: 14

12:25:44.066 [AsyncHttpClient-1-2] DEBUG org.asynchttpclient.netty.channel.ChannelManager - Adding key: http://localhost:50685 for channel [id: 0xb083d4ec, L:/127.0.0.1:50937 - R:localhost/127.0.0.1:50685]
12:25:44.105 [Forwarding getCurrentWindowHandle on session fabb2ffb76c94dcf75e21125cc463c12 to remote] DEBUG org.asynchttpclient.netty.request.NettyRequestSender - Using pooled Channel '[id: 0xb083d4ec, L:/127.0.0.1:50937 - R:localhost/127.0.0.1:50685]' for 'GET' to 'http://localhost:50685/session/fabb2ffb76c94dcf75e21125cc463c12/window'
12:25:44.105 [Forwarding getCurrentWindowHandle on session fabb2ffb76c94dcf75e21125cc463c12 to remote] DEBUG org.asynchttpclient.netty.request.NettyRequestSender - Using open Channel [id: 0xb083d4ec, L:/127.0.0.1:50937 - R:localhost/127.0.0.1:50685] for GET '/session/fabb2ffb76c94dcf75e21125cc463c12/window'
12:25:44.114 [AsyncHttpClient-1-2] DEBUG org.asynchttpclient.netty.handler.HttpHandler - 

Request DefaultFullHttpRequest(decodeResult: success, version: HTTP/1.1, content: EmptyByteBufBE)
GET /session/fabb2ffb76c94dcf75e21125cc463c12/window HTTP/1.1
User-Agent: selenium/4.4.0 (java windows)
Cache-Control: no-cache
Content-Type: application/json; charset=utf-8
host: localhost:50685
accept: */*

Response DefaultHttpResponse(decodeResult: success, version: HTTP/1.1)
HTTP/1.1 200 OK
Content-Type: application/json; charset=utf-8
cache-control: no-cache
content-length: 44

12:25:44.114 [AsyncHttpClient-1-2] DEBUG org.asynchttpclient.netty.channel.ChannelManager - Adding key: http://localhost:50685 for channel [id: 0xb083d4ec, L:/127.0.0.1:50937 - R:localhost/127.0.0.1:50685]
12:25:44.127 [Forwarding getAlertText on session fabb2ffb76c94dcf75e21125cc463c12 to remote] DEBUG org.asynchttpclient.netty.request.NettyRequestSender - Using pooled Channel '[id: 0xb083d4ec, L:/127.0.0.1:50937 - R:localhost/127.0.0.1:50685]' for 'GET' to 'http://localhost:50685/session/fabb2ffb76c94dcf75e21125cc463c12/alert/text'
12:25:44.128 [Forwarding getAlertText on session fabb2ffb76c94dcf75e21125cc463c12 to remote] DEBUG org.asynchttpclient.netty.request.NettyRequestSender - Using open Channel [id: 0xb083d4ec, L:/127.0.0.1:50937 - R:localhost/127.0.0.1:50685] for GET '/session/fabb2ffb76c94dcf75e21125cc463c12/alert/text'
12:25:44.138 [AsyncHttpClient-1-2] DEBUG org.asynchttpclient.netty.handler.HttpHandler - 

Request DefaultFullHttpRequest(decodeResult: success, version: HTTP/1.1, content: EmptyByteBufBE)
GET /session/fabb2ffb76c94dcf75e21125cc463c12/alert/text HTTP/1.1
User-Agent: selenium/4.4.0 (java windows)
Cache-Control: no-cache
Content-Type: application/json; charset=utf-8
host: localhost:50685
accept: */*

Response DefaultHttpResponse(decodeResult: success, version: HTTP/1.1)
HTTP/1.1 404 Not Found
Content-Type: application/json; charset=utf-8
cache-control: no-cache
content-length: 1045

12:25:44.138 [AsyncHttpClient-1-2] DEBUG org.asynchttpclient.netty.channel.ChannelManager - Adding key: http://localhost:50685 for channel [id: 0xb083d4ec, L:/127.0.0.1:50937 - R:localhost/127.0.0.1:50685]
12:25:44.149 [Forwarding switchToWindow on session fabb2ffb76c94dcf75e21125cc463c12 to remote] DEBUG org.asynchttpclient.netty.request.NettyRequestSender - Using pooled Channel '[id: 0xb083d4ec, L:/127.0.0.1:50937 - R:localhost/127.0.0.1:50685]' for 'POST' to 'http://localhost:50685/session/fabb2ffb76c94dcf75e21125cc463c12/window'
12:25:44.150 [Forwarding switchToWindow on session fabb2ffb76c94dcf75e21125cc463c12 to remote] DEBUG org.asynchttpclient.netty.request.NettyRequestSender - Using open Channel [id: 0xb083d4ec, L:/127.0.0.1:50937 - R:localhost/127.0.0.1:50685] for POST '/session/fabb2ffb76c94dcf75e21125cc463c12/window'
12:25:44.153 [AsyncHttpClient-1-2] DEBUG org.asynchttpclient.netty.handler.HttpHandler - 

Request DefaultHttpRequest(decodeResult: success, version: HTTP/1.1)
POST /session/fabb2ffb76c94dcf75e21125cc463c12/window HTTP/1.1
User-Agent: selenium/4.4.0 (java windows)
Content-Length: 50
Content-Type: application/json; charset=utf-8
host: localhost:50685
accept: */*

Response DefaultHttpResponse(decodeResult: success, version: HTTP/1.1)
HTTP/1.1 200 OK
Content-Type: application/json; charset=utf-8
cache-control: no-cache
content-length: 14

12:25:44.154 [AsyncHttpClient-1-2] DEBUG org.asynchttpclient.netty.channel.ChannelManager - Adding key: http://localhost:50685 for channel [id: 0xb083d4ec, L:/127.0.0.1:50937 - R:localhost/127.0.0.1:50685]
12:25:44.155 [Forwarding getCurrentUrl on session fabb2ffb76c94dcf75e21125cc463c12 to remote] DEBUG org.asynchttpclient.netty.request.NettyRequestSender - Using pooled Channel '[id: 0xb083d4ec, L:/127.0.0.1:50937 - R:localhost/127.0.0.1:50685]' for 'GET' to 'http://localhost:50685/session/fabb2ffb76c94dcf75e21125cc463c12/url'
12:25:44.155 [Forwarding getCurrentUrl on session fabb2ffb76c94dcf75e21125cc463c12 to remote] DEBUG org.asynchttpclient.netty.request.NettyRequestSender - Using open Channel [id: 0xb083d4ec, L:/127.0.0.1:50937 - R:localhost/127.0.0.1:50685] for GET '/session/fabb2ffb76c94dcf75e21125cc463c12/url'
12:25:44.171 [AsyncHttpClient-1-2] DEBUG org.asynchttpclient.netty.handler.HttpHandler - 

Request DefaultFullHttpRequest(decodeResult: success, version: HTTP/1.1, content: EmptyByteBufBE)
GET /session/fabb2ffb76c94dcf75e21125cc463c12/url HTTP/1.1
User-Agent: selenium/4.4.0 (java windows)
Cache-Control: no-cache
Content-Type: application/json; charset=utf-8
host: localhost:50685
accept: */*

Response DefaultHttpResponse(decodeResult: success, version: HTTP/1.1)
HTTP/1.1 200 OK
Content-Type: application/json; charset=utf-8
cache-control: no-cache
content-length: 47

12:25:44.171 [AsyncHttpClient-1-2] DEBUG org.asynchttpclient.netty.channel.ChannelManager - Adding key: http://localhost:50685 for channel [id: 0xb083d4ec, L:/127.0.0.1:50937 - R:localhost/127.0.0.1:50685]
12:25:44.171 [Forwarding screenshot on session fabb2ffb76c94dcf75e21125cc463c12 to remote] DEBUG org.asynchttpclient.netty.request.NettyRequestSender - Using pooled Channel '[id: 0xb083d4ec, L:/127.0.0.1:50937 - R:localhost/127.0.0.1:50685]' for 'GET' to 'http://localhost:50685/session/fabb2ffb76c94dcf75e21125cc463c12/screenshot'
12:25:44.171 [Forwarding screenshot on session fabb2ffb76c94dcf75e21125cc463c12 to remote] DEBUG org.asynchttpclient.netty.request.NettyRequestSender - Using open Channel [id: 0xb083d4ec, L:/127.0.0.1:50937 - R:localhost/127.0.0.1:50685] for GET '/session/fabb2ffb76c94dcf75e21125cc463c12/screenshot'
12:25:44.181 [AsyncHttpClient-1-1] DEBUG org.asynchttpclient.netty.channel.DefaultChannelPool - Entry count for : http://localhost:50938 : 1
12:25:44.293 [AsyncHttpClient-1-2] DEBUG org.asynchttpclient.netty.handler.HttpHandler - 

Request DefaultFullHttpRequest(decodeResult: success, version: HTTP/1.1, content: EmptyByteBufBE)
GET /session/fabb2ffb76c94dcf75e21125cc463c12/screenshot HTTP/1.1
User-Agent: selenium/4.4.0 (java windows)
Cache-Control: no-cache
Content-Type: application/json; charset=utf-8
host: localhost:50685
accept: */*

Response DefaultHttpResponse(decodeResult: success, version: HTTP/1.1)
HTTP/1.1 200 OK
Content-Type: application/json; charset=utf-8
cache-control: no-cache
content-length: 301388

12:25:44.294 [AsyncHttpClient-1-2] DEBUG org.asynchttpclient.netty.channel.ChannelManager - Adding key: http://localhost:50685 for channel [id: 0xb083d4ec, L:/127.0.0.1:50937 - R:localhost/127.0.0.1:50685]
12:25:44.303 [Test worker] DEBUG net.serenitybdd.core.photography.Darkroom - Send negative for processing for C:\Users\pcnit\Downloads\TestE2E\target\site\serenity\0ad5370449d9a06be7de487473bf2e3030e937635babbab238f9ef8b5ac314f3.png
12:25:44.309 [Forwarding getPageSource on session fabb2ffb76c94dcf75e21125cc463c12 to remote] DEBUG org.asynchttpclient.netty.request.NettyRequestSender - Using pooled Channel '[id: 0xb083d4ec, L:/127.0.0.1:50937 - R:localhost/127.0.0.1:50685]' for 'POST' to 'http://localhost:50685/session/fabb2ffb76c94dcf75e21125cc463c12/execute/sync'
12:25:44.309 [Forwarding getPageSource on session fabb2ffb76c94dcf75e21125cc463c12 to remote] DEBUG org.asynchttpclient.netty.request.NettyRequestSender - Using open Channel [id: 0xb083d4ec, L:/127.0.0.1:50937 - R:localhost/127.0.0.1:50685] for POST '/session/fabb2ffb76c94dcf75e21125cc463c12/execute/sync'
12:25:44.317 [AsyncHttpClient-1-2] DEBUG org.asynchttpclient.netty.handler.HttpHandler - 

Request DefaultHttpRequest(decodeResult: success, version: HTTP/1.1)
POST /session/fabb2ffb76c94dcf75e21125cc463c12/execute/sync HTTP/1.1
User-Agent: selenium/4.4.0 (java windows)
Content-Length: 176
Content-Type: application/json; charset=utf-8
host: localhost:50685
accept: */*

Response DefaultHttpResponse(decodeResult: success, version: HTTP/1.1)
HTTP/1.1 200 OK
Content-Type: application/json; charset=utf-8
cache-control: no-cache
content-length: 57331

12:25:44.317 [AsyncHttpClient-1-2] DEBUG org.asynchttpclient.netty.channel.ChannelManager - Adding key: http://localhost:50685 for channel [id: 0xb083d4ec, L:/127.0.0.1:50937 - R:localhost/127.0.0.1:50685]
12:25:44.320 [Forwarding getCurrentUrl on session fabb2ffb76c94dcf75e21125cc463c12 to remote] DEBUG org.asynchttpclient.netty.request.NettyRequestSender - Using pooled Channel '[id: 0xb083d4ec, L:/127.0.0.1:50937 - R:localhost/127.0.0.1:50685]' for 'GET' to 'http://localhost:50685/session/fabb2ffb76c94dcf75e21125cc463c12/url'
12:25:44.320 [Forwarding getCurrentUrl on session fabb2ffb76c94dcf75e21125cc463c12 to remote] DEBUG org.asynchttpclient.netty.request.NettyRequestSender - Using open Channel [id: 0xb083d4ec, L:/127.0.0.1:50937 - R:localhost/127.0.0.1:50685] for GET '/session/fabb2ffb76c94dcf75e21125cc463c12/url'
12:25:44.339 [AsyncHttpClient-1-2] DEBUG org.asynchttpclient.netty.handler.HttpHandler - 

Request DefaultFullHttpRequest(decodeResult: success, version: HTTP/1.1, content: EmptyByteBufBE)
GET /session/fabb2ffb76c94dcf75e21125cc463c12/url HTTP/1.1
User-Agent: selenium/4.4.0 (java windows)
Cache-Control: no-cache
Content-Type: application/json; charset=utf-8
host: localhost:50685
accept: */*

Response DefaultHttpResponse(decodeResult: success, version: HTTP/1.1)
HTTP/1.1 200 OK
Content-Type: application/json; charset=utf-8
cache-control: no-cache
content-length: 47

12:25:44.339 [AsyncHttpClient-1-2] DEBUG org.asynchttpclient.netty.channel.ChannelManager - Adding key: http://localhost:50685 for channel [id: 0xb083d4ec, L:/127.0.0.1:50937 - R:localhost/127.0.0.1:50685]
12:25:44.394 [Forwarding getCurrentWindowHandle on session fabb2ffb76c94dcf75e21125cc463c12 to remote] DEBUG org.asynchttpclient.netty.request.NettyRequestSender - Using pooled Channel '[id: 0xb083d4ec, L:/127.0.0.1:50937 - R:localhost/127.0.0.1:50685]' for 'GET' to 'http://localhost:50685/session/fabb2ffb76c94dcf75e21125cc463c12/window'
12:25:44.394 [Forwarding getCurrentWindowHandle on session fabb2ffb76c94dcf75e21125cc463c12 to remote] DEBUG org.asynchttpclient.netty.request.NettyRequestSender - Using open Channel [id: 0xb083d4ec, L:/127.0.0.1:50937 - R:localhost/127.0.0.1:50685] for GET '/session/fabb2ffb76c94dcf75e21125cc463c12/window'
12:25:44.404 [AsyncHttpClient-1-2] DEBUG org.asynchttpclient.netty.handler.HttpHandler - 

Request DefaultFullHttpRequest(decodeResult: success, version: HTTP/1.1, content: EmptyByteBufBE)
GET /session/fabb2ffb76c94dcf75e21125cc463c12/window HTTP/1.1
User-Agent: selenium/4.4.0 (java windows)
Cache-Control: no-cache
Content-Type: application/json; charset=utf-8
host: localhost:50685
accept: */*

Response DefaultHttpResponse(decodeResult: success, version: HTTP/1.1)
HTTP/1.1 200 OK
Content-Type: application/json; charset=utf-8
cache-control: no-cache
content-length: 44

12:25:44.404 [AsyncHttpClient-1-2] DEBUG org.asynchttpclient.netty.channel.ChannelManager - Adding key: http://localhost:50685 for channel [id: 0xb083d4ec, L:/127.0.0.1:50937 - R:localhost/127.0.0.1:50685]
12:25:44.419 [Forwarding getAlertText on session fabb2ffb76c94dcf75e21125cc463c12 to remote] DEBUG org.asynchttpclient.netty.request.NettyRequestSender - Using pooled Channel '[id: 0xb083d4ec, L:/127.0.0.1:50937 - R:localhost/127.0.0.1:50685]' for 'GET' to 'http://localhost:50685/session/fabb2ffb76c94dcf75e21125cc463c12/alert/text'
12:25:44.419 [Forwarding getAlertText on session fabb2ffb76c94dcf75e21125cc463c12 to remote] DEBUG org.asynchttpclient.netty.request.NettyRequestSender - Using open Channel [id: 0xb083d4ec, L:/127.0.0.1:50937 - R:localhost/127.0.0.1:50685] for GET '/session/fabb2ffb76c94dcf75e21125cc463c12/alert/text'
12:25:44.433 [AsyncHttpClient-1-2] DEBUG org.asynchttpclient.netty.handler.HttpHandler - 

Request DefaultFullHttpRequest(decodeResult: success, version: HTTP/1.1, content: EmptyByteBufBE)
GET /session/fabb2ffb76c94dcf75e21125cc463c12/alert/text HTTP/1.1
User-Agent: selenium/4.4.0 (java windows)
Cache-Control: no-cache
Content-Type: application/json; charset=utf-8
host: localhost:50685
accept: */*

Response DefaultHttpResponse(decodeResult: success, version: HTTP/1.1)
HTTP/1.1 404 Not Found
Content-Type: application/json; charset=utf-8
cache-control: no-cache
content-length: 1045

12:25:44.433 [AsyncHttpClient-1-2] DEBUG org.asynchttpclient.netty.channel.ChannelManager - Adding key: http://localhost:50685 for channel [id: 0xb083d4ec, L:/127.0.0.1:50937 - R:localhost/127.0.0.1:50685]
12:25:44.444 [Forwarding switchToWindow on session fabb2ffb76c94dcf75e21125cc463c12 to remote] DEBUG org.asynchttpclient.netty.request.NettyRequestSender - Using pooled Channel '[id: 0xb083d4ec, L:/127.0.0.1:50937 - R:localhost/127.0.0.1:50685]' for 'POST' to 'http://localhost:50685/session/fabb2ffb76c94dcf75e21125cc463c12/window'
12:25:44.445 [Forwarding switchToWindow on session fabb2ffb76c94dcf75e21125cc463c12 to remote] DEBUG org.asynchttpclient.netty.request.NettyRequestSender - Using open Channel [id: 0xb083d4ec, L:/127.0.0.1:50937 - R:localhost/127.0.0.1:50685] for POST '/session/fabb2ffb76c94dcf75e21125cc463c12/window'
12:25:44.450 [AsyncHttpClient-1-2] DEBUG org.asynchttpclient.netty.handler.HttpHandler - 

Request DefaultHttpRequest(decodeResult: success, version: HTTP/1.1)
POST /session/fabb2ffb76c94dcf75e21125cc463c12/window HTTP/1.1
User-Agent: selenium/4.4.0 (java windows)
Content-Length: 50
Content-Type: application/json; charset=utf-8
host: localhost:50685
accept: */*

Response DefaultHttpResponse(decodeResult: success, version: HTTP/1.1)
HTTP/1.1 200 OK
Content-Type: application/json; charset=utf-8
cache-control: no-cache
content-length: 14

12:25:44.450 [AsyncHttpClient-1-2] DEBUG org.asynchttpclient.netty.channel.ChannelManager - Adding key: http://localhost:50685 for channel [id: 0xb083d4ec, L:/127.0.0.1:50937 - R:localhost/127.0.0.1:50685]
12:25:44.451 [Forwarding getCurrentUrl on session fabb2ffb76c94dcf75e21125cc463c12 to remote] DEBUG org.asynchttpclient.netty.request.NettyRequestSender - Using pooled Channel '[id: 0xb083d4ec, L:/127.0.0.1:50937 - R:localhost/127.0.0.1:50685]' for 'GET' to 'http://localhost:50685/session/fabb2ffb76c94dcf75e21125cc463c12/url'
12:25:44.451 [Forwarding getCurrentUrl on session fabb2ffb76c94dcf75e21125cc463c12 to remote] DEBUG org.asynchttpclient.netty.request.NettyRequestSender - Using open Channel [id: 0xb083d4ec, L:/127.0.0.1:50937 - R:localhost/127.0.0.1:50685] for GET '/session/fabb2ffb76c94dcf75e21125cc463c12/url'
12:25:44.471 [AsyncHttpClient-1-2] DEBUG org.asynchttpclient.netty.handler.HttpHandler - 

Request DefaultFullHttpRequest(decodeResult: success, version: HTTP/1.1, content: EmptyByteBufBE)
GET /session/fabb2ffb76c94dcf75e21125cc463c12/url HTTP/1.1
User-Agent: selenium/4.4.0 (java windows)
Cache-Control: no-cache
Content-Type: application/json; charset=utf-8
host: localhost:50685
accept: */*

Response DefaultHttpResponse(decodeResult: success, version: HTTP/1.1)
HTTP/1.1 200 OK
Content-Type: application/json; charset=utf-8
cache-control: no-cache
content-length: 47

12:25:44.471 [AsyncHttpClient-1-2] DEBUG org.asynchttpclient.netty.channel.ChannelManager - Adding key: http://localhost:50685 for channel [id: 0xb083d4ec, L:/127.0.0.1:50937 - R:localhost/127.0.0.1:50685]
12:25:44.472 [Forwarding screenshot on session fabb2ffb76c94dcf75e21125cc463c12 to remote] DEBUG org.asynchttpclient.netty.request.NettyRequestSender - Using pooled Channel '[id: 0xb083d4ec, L:/127.0.0.1:50937 - R:localhost/127.0.0.1:50685]' for 'GET' to 'http://localhost:50685/session/fabb2ffb76c94dcf75e21125cc463c12/screenshot'
12:25:44.472 [Forwarding screenshot on session fabb2ffb76c94dcf75e21125cc463c12 to remote] DEBUG org.asynchttpclient.netty.request.NettyRequestSender - Using open Channel [id: 0xb083d4ec, L:/127.0.0.1:50937 - R:localhost/127.0.0.1:50685] for GET '/session/fabb2ffb76c94dcf75e21125cc463c12/screenshot'
12:25:44.595 [AsyncHttpClient-1-2] DEBUG org.asynchttpclient.netty.handler.HttpHandler - 

Request DefaultFullHttpRequest(decodeResult: success, version: HTTP/1.1, content: EmptyByteBufBE)
GET /session/fabb2ffb76c94dcf75e21125cc463c12/screenshot HTTP/1.1
User-Agent: selenium/4.4.0 (java windows)
Cache-Control: no-cache
Content-Type: application/json; charset=utf-8
host: localhost:50685
accept: */*

Response DefaultHttpResponse(decodeResult: success, version: HTTP/1.1)
HTTP/1.1 200 OK
Content-Type: application/json; charset=utf-8
cache-control: no-cache
content-length: 301368

12:25:44.595 [AsyncHttpClient-1-2] DEBUG org.asynchttpclient.netty.channel.ChannelManager - Adding key: http://localhost:50685 for channel [id: 0xb083d4ec, L:/127.0.0.1:50937 - R:localhost/127.0.0.1:50685]
12:25:44.602 [Test worker] DEBUG net.serenitybdd.core.photography.Darkroom - Send negative for processing for C:\Users\pcnit\Downloads\TestE2E\target\site\serenity\f3603382ebd9a62015f5417b5e43c0d246ab10f6f6acc9bc257143514a752160.png
12:25:44.603 [Test worker] DEBUG net.thucydides.core.steps.StepInterceptor - STEP DONE: {0} enters #theTextAsAString into #target
12:25:44.639 [Forwarding getPageSource on session fabb2ffb76c94dcf75e21125cc463c12 to remote] DEBUG org.asynchttpclient.netty.request.NettyRequestSender - Using pooled Channel '[id: 0xb083d4ec, L:/127.0.0.1:50937 - R:localhost/127.0.0.1:50685]' for 'POST' to 'http://localhost:50685/session/fabb2ffb76c94dcf75e21125cc463c12/execute/sync'
12:25:44.639 [Forwarding getPageSource on session fabb2ffb76c94dcf75e21125cc463c12 to remote] DEBUG org.asynchttpclient.netty.request.NettyRequestSender - Using open Channel [id: 0xb083d4ec, L:/127.0.0.1:50937 - R:localhost/127.0.0.1:50685] for POST '/session/fabb2ffb76c94dcf75e21125cc463c12/execute/sync'
12:25:44.666 [AsyncHttpClient-1-2] DEBUG org.asynchttpclient.netty.handler.HttpHandler - 

Request DefaultHttpRequest(decodeResult: success, version: HTTP/1.1)
POST /session/fabb2ffb76c94dcf75e21125cc463c12/execute/sync HTTP/1.1
User-Agent: selenium/4.4.0 (java windows)
Content-Length: 176
Content-Type: application/json; charset=utf-8
host: localhost:50685
accept: */*

Response DefaultHttpResponse(decodeResult: success, version: HTTP/1.1)
HTTP/1.1 200 OK
Content-Type: application/json; charset=utf-8
cache-control: no-cache
content-length: 57331

12:25:44.666 [AsyncHttpClient-1-2] DEBUG org.asynchttpclient.netty.channel.ChannelManager - Adding key: http://localhost:50685 for channel [id: 0xb083d4ec, L:/127.0.0.1:50937 - R:localhost/127.0.0.1:50685]
12:25:44.672 [Forwarding getCurrentUrl on session fabb2ffb76c94dcf75e21125cc463c12 to remote] DEBUG org.asynchttpclient.netty.request.NettyRequestSender - Using pooled Channel '[id: 0xb083d4ec, L:/127.0.0.1:50937 - R:localhost/127.0.0.1:50685]' for 'GET' to 'http://localhost:50685/session/fabb2ffb76c94dcf75e21125cc463c12/url'
12:25:44.672 [Forwarding getCurrentUrl on session fabb2ffb76c94dcf75e21125cc463c12 to remote] DEBUG org.asynchttpclient.netty.request.NettyRequestSender - Using open Channel [id: 0xb083d4ec, L:/127.0.0.1:50937 - R:localhost/127.0.0.1:50685] for GET '/session/fabb2ffb76c94dcf75e21125cc463c12/url'
12:25:44.716 [AsyncHttpClient-1-2] DEBUG org.asynchttpclient.netty.handler.HttpHandler - 

Request DefaultFullHttpRequest(decodeResult: success, version: HTTP/1.1, content: EmptyByteBufBE)
GET /session/fabb2ffb76c94dcf75e21125cc463c12/url HTTP/1.1
User-Agent: selenium/4.4.0 (java windows)
Cache-Control: no-cache
Content-Type: application/json; charset=utf-8
host: localhost:50685
accept: */*

Response DefaultHttpResponse(decodeResult: success, version: HTTP/1.1)
HTTP/1.1 200 OK
Content-Type: application/json; charset=utf-8
cache-control: no-cache
content-length: 47

12:25:44.716 [AsyncHttpClient-1-2] DEBUG org.asynchttpclient.netty.channel.ChannelManager - Adding key: http://localhost:50685 for channel [id: 0xb083d4ec, L:/127.0.0.1:50937 - R:localhost/127.0.0.1:50685]
12:25:44.719 [Test worker] DEBUG net.thucydides.core.steps.StepInterceptor - STARTING STEP: PlaceOrder.performAs - {0} enters #theTextAsAString into #target
12:25:44.728 [Test worker] DEBUG net.serenitybdd.screenplay.targets.IFrameSwitcher - default content already selected for selecciona PLACE ORDER
12:25:44.759 [Forwarding findElement on session fabb2ffb76c94dcf75e21125cc463c12 to remote] DEBUG org.asynchttpclient.netty.request.NettyRequestSender - Using pooled Channel '[id: 0xb083d4ec, L:/127.0.0.1:50937 - R:localhost/127.0.0.1:50685]' for 'POST' to 'http://localhost:50685/session/fabb2ffb76c94dcf75e21125cc463c12/element'
12:25:44.759 [Forwarding findElement on session fabb2ffb76c94dcf75e21125cc463c12 to remote] DEBUG org.asynchttpclient.netty.request.NettyRequestSender - Using open Channel [id: 0xb083d4ec, L:/127.0.0.1:50937 - R:localhost/127.0.0.1:50685] for POST '/session/fabb2ffb76c94dcf75e21125cc463c12/element'
12:25:44.789 [AsyncHttpClient-1-2] DEBUG org.asynchttpclient.netty.handler.HttpHandler - 

Request DefaultHttpRequest(decodeResult: success, version: HTTP/1.1)
POST /session/fabb2ffb76c94dcf75e21125cc463c12/element HTTP/1.1
User-Agent: selenium/4.4.0 (java windows)
Content-Length: 65
Content-Type: application/json; charset=utf-8
host: localhost:50685
accept: */*

Response DefaultHttpResponse(decodeResult: success, version: HTTP/1.1)
HTTP/1.1 200 OK
Content-Type: application/json; charset=utf-8
cache-control: no-cache
content-length: 127

12:25:44.789 [AsyncHttpClient-1-2] DEBUG org.asynchttpclient.netty.channel.ChannelManager - Adding key: http://localhost:50685 for channel [id: 0xb083d4ec, L:/127.0.0.1:50937 - R:localhost/127.0.0.1:50685]
12:25:44.791 [Forwarding clearElement on session fabb2ffb76c94dcf75e21125cc463c12 to remote] DEBUG org.asynchttpclient.netty.request.NettyRequestSender - Using pooled Channel '[id: 0xb083d4ec, L:/127.0.0.1:50937 - R:localhost/127.0.0.1:50685]' for 'POST' to 'http://localhost:50685/session/fabb2ffb76c94dcf75e21125cc463c12/element/f.7E9A709675F02E7E9E4ECE1EF325ABA8.d.D17DAE1392C999D3787AF96F6DDE3A4D.e.369/clear'
12:25:44.791 [Forwarding clearElement on session fabb2ffb76c94dcf75e21125cc463c12 to remote] DEBUG org.asynchttpclient.netty.request.NettyRequestSender - Using open Channel [id: 0xb083d4ec, L:/127.0.0.1:50937 - R:localhost/127.0.0.1:50685] for POST '/session/fabb2ffb76c94dcf75e21125cc463c12/element/f.7E9A709675F02E7E9E4ECE1EF325ABA8.d.D17DAE1392C999D3787AF96F6DDE3A4D.e.369/clear'
12:25:44.828 [AsyncHttpClient-1-2] DEBUG org.asynchttpclient.netty.handler.HttpHandler - 

Request DefaultHttpRequest(decodeResult: success, version: HTTP/1.1)
POST /session/fabb2ffb76c94dcf75e21125cc463c12/element/f.7E9A709675F02E7E9E4ECE1EF325ABA8.d.D17DAE1392C999D3787AF96F6DDE3A4D.e.369/clear HTTP/1.1
User-Agent: selenium/4.4.0 (java windows)
Content-Length: 89
Content-Type: application/json; charset=utf-8
host: localhost:50685
accept: */*

Response DefaultHttpResponse(decodeResult: success, version: HTTP/1.1)
HTTP/1.1 200 OK
Content-Type: application/json; charset=utf-8
cache-control: no-cache
content-length: 14

12:25:44.829 [AsyncHttpClient-1-2] DEBUG org.asynchttpclient.netty.channel.ChannelManager - Adding key: http://localhost:50685 for channel [id: 0xb083d4ec, L:/127.0.0.1:50937 - R:localhost/127.0.0.1:50685]
12:25:44.847 [Forwarding sendKeysToElement on session fabb2ffb76c94dcf75e21125cc463c12 to remote] DEBUG org.asynchttpclient.netty.request.NettyRequestSender - Using pooled Channel '[id: 0xb083d4ec, L:/127.0.0.1:50937 - R:localhost/127.0.0.1:50685]' for 'POST' to 'http://localhost:50685/session/fabb2ffb76c94dcf75e21125cc463c12/element/f.7E9A709675F02E7E9E4ECE1EF325ABA8.d.D17DAE1392C999D3787AF96F6DDE3A4D.e.369/value'
12:25:44.848 [Forwarding sendKeysToElement on session fabb2ffb76c94dcf75e21125cc463c12 to remote] DEBUG org.asynchttpclient.netty.request.NettyRequestSender - Using open Channel [id: 0xb083d4ec, L:/127.0.0.1:50937 - R:localhost/127.0.0.1:50685] for POST '/session/fabb2ffb76c94dcf75e21125cc463c12/element/f.7E9A709675F02E7E9E4ECE1EF325ABA8.d.D17DAE1392C999D3787AF96F6DDE3A4D.e.369/value'
12:25:44.927 [AsyncHttpClient-1-2] DEBUG org.asynchttpclient.netty.handler.HttpHandler - 

Request DefaultHttpRequest(decodeResult: success, version: HTTP/1.1)
POST /session/fabb2ffb76c94dcf75e21125cc463c12/element/f.7E9A709675F02E7E9E4ECE1EF325ABA8.d.D17DAE1392C999D3787AF96F6DDE3A4D.e.369/value HTTP/1.1
User-Agent: selenium/4.4.0 (java windows)
Content-Length: 140
Content-Type: application/json; charset=utf-8
host: localhost:50685
accept: */*

Response DefaultHttpResponse(decodeResult: success, version: HTTP/1.1)
HTTP/1.1 200 OK
Content-Type: application/json; charset=utf-8
cache-control: no-cache
content-length: 14

12:25:44.927 [AsyncHttpClient-1-2] DEBUG org.asynchttpclient.netty.channel.ChannelManager - Adding key: http://localhost:50685 for channel [id: 0xb083d4ec, L:/127.0.0.1:50937 - R:localhost/127.0.0.1:50685]
12:25:44.967 [Forwarding getCurrentWindowHandle on session fabb2ffb76c94dcf75e21125cc463c12 to remote] DEBUG org.asynchttpclient.netty.request.NettyRequestSender - Using pooled Channel '[id: 0xb083d4ec, L:/127.0.0.1:50937 - R:localhost/127.0.0.1:50685]' for 'GET' to 'http://localhost:50685/session/fabb2ffb76c94dcf75e21125cc463c12/window'
12:25:44.967 [Forwarding getCurrentWindowHandle on session fabb2ffb76c94dcf75e21125cc463c12 to remote] DEBUG org.asynchttpclient.netty.request.NettyRequestSender - Using open Channel [id: 0xb083d4ec, L:/127.0.0.1:50937 - R:localhost/127.0.0.1:50685] for GET '/session/fabb2ffb76c94dcf75e21125cc463c12/window'
12:25:44.980 [AsyncHttpClient-1-2] DEBUG org.asynchttpclient.netty.handler.HttpHandler - 

Request DefaultFullHttpRequest(decodeResult: success, version: HTTP/1.1, content: EmptyByteBufBE)
GET /session/fabb2ffb76c94dcf75e21125cc463c12/window HTTP/1.1
User-Agent: selenium/4.4.0 (java windows)
Cache-Control: no-cache
Content-Type: application/json; charset=utf-8
host: localhost:50685
accept: */*

Response DefaultHttpResponse(decodeResult: success, version: HTTP/1.1)
HTTP/1.1 200 OK
Content-Type: application/json; charset=utf-8
cache-control: no-cache
content-length: 44

12:25:44.981 [AsyncHttpClient-1-2] DEBUG org.asynchttpclient.netty.channel.ChannelManager - Adding key: http://localhost:50685 for channel [id: 0xb083d4ec, L:/127.0.0.1:50937 - R:localhost/127.0.0.1:50685]
12:25:44.993 [Forwarding getAlertText on session fabb2ffb76c94dcf75e21125cc463c12 to remote] DEBUG org.asynchttpclient.netty.request.NettyRequestSender - Using pooled Channel '[id: 0xb083d4ec, L:/127.0.0.1:50937 - R:localhost/127.0.0.1:50685]' for 'GET' to 'http://localhost:50685/session/fabb2ffb76c94dcf75e21125cc463c12/alert/text'
12:25:44.995 [Forwarding getAlertText on session fabb2ffb76c94dcf75e21125cc463c12 to remote] DEBUG org.asynchttpclient.netty.request.NettyRequestSender - Using open Channel [id: 0xb083d4ec, L:/127.0.0.1:50937 - R:localhost/127.0.0.1:50685] for GET '/session/fabb2ffb76c94dcf75e21125cc463c12/alert/text'
12:25:45.009 [AsyncHttpClient-1-2] DEBUG org.asynchttpclient.netty.handler.HttpHandler - 

Request DefaultFullHttpRequest(decodeResult: success, version: HTTP/1.1, content: EmptyByteBufBE)
GET /session/fabb2ffb76c94dcf75e21125cc463c12/alert/text HTTP/1.1
User-Agent: selenium/4.4.0 (java windows)
Cache-Control: no-cache
Content-Type: application/json; charset=utf-8
host: localhost:50685
accept: */*

Response DefaultHttpResponse(decodeResult: success, version: HTTP/1.1)
HTTP/1.1 404 Not Found
Content-Type: application/json; charset=utf-8
cache-control: no-cache
content-length: 1045

12:25:45.009 [AsyncHttpClient-1-2] DEBUG org.asynchttpclient.netty.channel.ChannelManager - Adding key: http://localhost:50685 for channel [id: 0xb083d4ec, L:/127.0.0.1:50937 - R:localhost/127.0.0.1:50685]
12:25:45.015 [Forwarding switchToWindow on session fabb2ffb76c94dcf75e21125cc463c12 to remote] DEBUG org.asynchttpclient.netty.request.NettyRequestSender - Using pooled Channel '[id: 0xb083d4ec, L:/127.0.0.1:50937 - R:localhost/127.0.0.1:50685]' for 'POST' to 'http://localhost:50685/session/fabb2ffb76c94dcf75e21125cc463c12/window'
12:25:45.015 [Forwarding switchToWindow on session fabb2ffb76c94dcf75e21125cc463c12 to remote] DEBUG org.asynchttpclient.netty.request.NettyRequestSender - Using open Channel [id: 0xb083d4ec, L:/127.0.0.1:50937 - R:localhost/127.0.0.1:50685] for POST '/session/fabb2ffb76c94dcf75e21125cc463c12/window'
12:25:45.018 [AsyncHttpClient-1-2] DEBUG org.asynchttpclient.netty.handler.HttpHandler - 

Request DefaultHttpRequest(decodeResult: success, version: HTTP/1.1)
POST /session/fabb2ffb76c94dcf75e21125cc463c12/window HTTP/1.1
User-Agent: selenium/4.4.0 (java windows)
Content-Length: 50
Content-Type: application/json; charset=utf-8
host: localhost:50685
accept: */*

Response DefaultHttpResponse(decodeResult: success, version: HTTP/1.1)
HTTP/1.1 200 OK
Content-Type: application/json; charset=utf-8
cache-control: no-cache
content-length: 14

12:25:45.018 [AsyncHttpClient-1-2] DEBUG org.asynchttpclient.netty.channel.ChannelManager - Adding key: http://localhost:50685 for channel [id: 0xb083d4ec, L:/127.0.0.1:50937 - R:localhost/127.0.0.1:50685]
12:25:45.018 [Forwarding getCurrentUrl on session fabb2ffb76c94dcf75e21125cc463c12 to remote] DEBUG org.asynchttpclient.netty.request.NettyRequestSender - Using pooled Channel '[id: 0xb083d4ec, L:/127.0.0.1:50937 - R:localhost/127.0.0.1:50685]' for 'GET' to 'http://localhost:50685/session/fabb2ffb76c94dcf75e21125cc463c12/url'
12:25:45.018 [Forwarding getCurrentUrl on session fabb2ffb76c94dcf75e21125cc463c12 to remote] DEBUG org.asynchttpclient.netty.request.NettyRequestSender - Using open Channel [id: 0xb083d4ec, L:/127.0.0.1:50937 - R:localhost/127.0.0.1:50685] for GET '/session/fabb2ffb76c94dcf75e21125cc463c12/url'
12:25:45.032 [AsyncHttpClient-1-2] DEBUG org.asynchttpclient.netty.handler.HttpHandler - 

Request DefaultFullHttpRequest(decodeResult: success, version: HTTP/1.1, content: EmptyByteBufBE)
GET /session/fabb2ffb76c94dcf75e21125cc463c12/url HTTP/1.1
User-Agent: selenium/4.4.0 (java windows)
Cache-Control: no-cache
Content-Type: application/json; charset=utf-8
host: localhost:50685
accept: */*

Response DefaultHttpResponse(decodeResult: success, version: HTTP/1.1)
HTTP/1.1 200 OK
Content-Type: application/json; charset=utf-8
cache-control: no-cache
content-length: 47

12:25:45.032 [AsyncHttpClient-1-2] DEBUG org.asynchttpclient.netty.channel.ChannelManager - Adding key: http://localhost:50685 for channel [id: 0xb083d4ec, L:/127.0.0.1:50937 - R:localhost/127.0.0.1:50685]
12:25:45.033 [Forwarding screenshot on session fabb2ffb76c94dcf75e21125cc463c12 to remote] DEBUG org.asynchttpclient.netty.request.NettyRequestSender - Using pooled Channel '[id: 0xb083d4ec, L:/127.0.0.1:50937 - R:localhost/127.0.0.1:50685]' for 'GET' to 'http://localhost:50685/session/fabb2ffb76c94dcf75e21125cc463c12/screenshot'
12:25:45.033 [Forwarding screenshot on session fabb2ffb76c94dcf75e21125cc463c12 to remote] DEBUG org.asynchttpclient.netty.request.NettyRequestSender - Using open Channel [id: 0xb083d4ec, L:/127.0.0.1:50937 - R:localhost/127.0.0.1:50685] for GET '/session/fabb2ffb76c94dcf75e21125cc463c12/screenshot'
12:25:45.189 [AsyncHttpClient-1-2] DEBUG org.asynchttpclient.netty.handler.HttpHandler - 

Request DefaultFullHttpRequest(decodeResult: success, version: HTTP/1.1, content: EmptyByteBufBE)
GET /session/fabb2ffb76c94dcf75e21125cc463c12/screenshot HTTP/1.1
User-Agent: selenium/4.4.0 (java windows)
Cache-Control: no-cache
Content-Type: application/json; charset=utf-8
host: localhost:50685
accept: */*

Response DefaultHttpResponse(decodeResult: success, version: HTTP/1.1)
HTTP/1.1 200 OK
Content-Type: application/json; charset=utf-8
cache-control: no-cache
content-length: 302304

12:25:45.190 [AsyncHttpClient-1-2] DEBUG org.asynchttpclient.netty.channel.ChannelManager - Adding key: http://localhost:50685 for channel [id: 0xb083d4ec, L:/127.0.0.1:50937 - R:localhost/127.0.0.1:50685]
12:25:45.198 [Test worker] DEBUG net.serenitybdd.core.photography.Darkroom - Send negative for processing for C:\Users\pcnit\Downloads\TestE2E\target\site\serenity\3d236c062757a39a2cb753b96d2d00433ecb813c007ac8323d47f7d95e2f4340.png
12:25:45.208 [Forwarding getPageSource on session fabb2ffb76c94dcf75e21125cc463c12 to remote] DEBUG org.asynchttpclient.netty.request.NettyRequestSender - Using pooled Channel '[id: 0xb083d4ec, L:/127.0.0.1:50937 - R:localhost/127.0.0.1:50685]' for 'POST' to 'http://localhost:50685/session/fabb2ffb76c94dcf75e21125cc463c12/execute/sync'
12:25:45.208 [Forwarding getPageSource on session fabb2ffb76c94dcf75e21125cc463c12 to remote] DEBUG org.asynchttpclient.netty.request.NettyRequestSender - Using open Channel [id: 0xb083d4ec, L:/127.0.0.1:50937 - R:localhost/127.0.0.1:50685] for POST '/session/fabb2ffb76c94dcf75e21125cc463c12/execute/sync'
12:25:45.225 [AsyncHttpClient-1-2] DEBUG org.asynchttpclient.netty.handler.HttpHandler - 

Request DefaultHttpRequest(decodeResult: success, version: HTTP/1.1)
POST /session/fabb2ffb76c94dcf75e21125cc463c12/execute/sync HTTP/1.1
User-Agent: selenium/4.4.0 (java windows)
Content-Length: 176
Content-Type: application/json; charset=utf-8
host: localhost:50685
accept: */*

Response DefaultHttpResponse(decodeResult: success, version: HTTP/1.1)
HTTP/1.1 200 OK
Content-Type: application/json; charset=utf-8
cache-control: no-cache
content-length: 57331

12:25:45.226 [AsyncHttpClient-1-2] DEBUG org.asynchttpclient.netty.channel.ChannelManager - Adding key: http://localhost:50685 for channel [id: 0xb083d4ec, L:/127.0.0.1:50937 - R:localhost/127.0.0.1:50685]
12:25:45.234 [Forwarding getCurrentUrl on session fabb2ffb76c94dcf75e21125cc463c12 to remote] DEBUG org.asynchttpclient.netty.request.NettyRequestSender - Using pooled Channel '[id: 0xb083d4ec, L:/127.0.0.1:50937 - R:localhost/127.0.0.1:50685]' for 'GET' to 'http://localhost:50685/session/fabb2ffb76c94dcf75e21125cc463c12/url'
12:25:45.235 [Forwarding getCurrentUrl on session fabb2ffb76c94dcf75e21125cc463c12 to remote] DEBUG org.asynchttpclient.netty.request.NettyRequestSender - Using open Channel [id: 0xb083d4ec, L:/127.0.0.1:50937 - R:localhost/127.0.0.1:50685] for GET '/session/fabb2ffb76c94dcf75e21125cc463c12/url'
12:25:45.252 [AsyncHttpClient-1-2] DEBUG org.asynchttpclient.netty.handler.HttpHandler - 

Request DefaultFullHttpRequest(decodeResult: success, version: HTTP/1.1, content: EmptyByteBufBE)
GET /session/fabb2ffb76c94dcf75e21125cc463c12/url HTTP/1.1
User-Agent: selenium/4.4.0 (java windows)
Cache-Control: no-cache
Content-Type: application/json; charset=utf-8
host: localhost:50685
accept: */*

Response DefaultHttpResponse(decodeResult: success, version: HTTP/1.1)
HTTP/1.1 200 OK
Content-Type: application/json; charset=utf-8
cache-control: no-cache
content-length: 47

12:25:45.252 [AsyncHttpClient-1-2] DEBUG org.asynchttpclient.netty.channel.ChannelManager - Adding key: http://localhost:50685 for channel [id: 0xb083d4ec, L:/127.0.0.1:50937 - R:localhost/127.0.0.1:50685]
12:25:45.271 [AsyncHttpClient-1-1] DEBUG org.asynchttpclient.netty.channel.DefaultChannelPool - Entry count for : http://localhost:50938 : 1
12:25:45.271 [AsyncHttpClient-1-1] DEBUG org.asynchttpclient.netty.channel.DefaultChannelPool - Entry count for : http://localhost:50685 : 1
12:25:45.311 [Forwarding getCurrentWindowHandle on session fabb2ffb76c94dcf75e21125cc463c12 to remote] DEBUG org.asynchttpclient.netty.request.NettyRequestSender - Using pooled Channel '[id: 0xb083d4ec, L:/127.0.0.1:50937 - R:localhost/127.0.0.1:50685]' for 'GET' to 'http://localhost:50685/session/fabb2ffb76c94dcf75e21125cc463c12/window'
12:25:45.311 [Forwarding getCurrentWindowHandle on session fabb2ffb76c94dcf75e21125cc463c12 to remote] DEBUG org.asynchttpclient.netty.request.NettyRequestSender - Using open Channel [id: 0xb083d4ec, L:/127.0.0.1:50937 - R:localhost/127.0.0.1:50685] for GET '/session/fabb2ffb76c94dcf75e21125cc463c12/window'
12:25:45.319 [AsyncHttpClient-1-2] DEBUG org.asynchttpclient.netty.handler.HttpHandler - 

Request DefaultFullHttpRequest(decodeResult: success, version: HTTP/1.1, content: EmptyByteBufBE)
GET /session/fabb2ffb76c94dcf75e21125cc463c12/window HTTP/1.1
User-Agent: selenium/4.4.0 (java windows)
Cache-Control: no-cache
Content-Type: application/json; charset=utf-8
host: localhost:50685
accept: */*

Response DefaultHttpResponse(decodeResult: success, version: HTTP/1.1)
HTTP/1.1 200 OK
Content-Type: application/json; charset=utf-8
cache-control: no-cache
content-length: 44

12:25:45.319 [AsyncHttpClient-1-2] DEBUG org.asynchttpclient.netty.channel.ChannelManager - Adding key: http://localhost:50685 for channel [id: 0xb083d4ec, L:/127.0.0.1:50937 - R:localhost/127.0.0.1:50685]
12:25:45.328 [Forwarding getAlertText on session fabb2ffb76c94dcf75e21125cc463c12 to remote] DEBUG org.asynchttpclient.netty.request.NettyRequestSender - Using pooled Channel '[id: 0xb083d4ec, L:/127.0.0.1:50937 - R:localhost/127.0.0.1:50685]' for 'GET' to 'http://localhost:50685/session/fabb2ffb76c94dcf75e21125cc463c12/alert/text'
12:25:45.328 [Forwarding getAlertText on session fabb2ffb76c94dcf75e21125cc463c12 to remote] DEBUG org.asynchttpclient.netty.request.NettyRequestSender - Using open Channel [id: 0xb083d4ec, L:/127.0.0.1:50937 - R:localhost/127.0.0.1:50685] for GET '/session/fabb2ffb76c94dcf75e21125cc463c12/alert/text'
12:25:45.338 [AsyncHttpClient-1-2] DEBUG org.asynchttpclient.netty.handler.HttpHandler - 

Request DefaultFullHttpRequest(decodeResult: success, version: HTTP/1.1, content: EmptyByteBufBE)
GET /session/fabb2ffb76c94dcf75e21125cc463c12/alert/text HTTP/1.1
User-Agent: selenium/4.4.0 (java windows)
Cache-Control: no-cache
Content-Type: application/json; charset=utf-8
host: localhost:50685
accept: */*

Response DefaultHttpResponse(decodeResult: success, version: HTTP/1.1)
HTTP/1.1 404 Not Found
Content-Type: application/json; charset=utf-8
cache-control: no-cache
content-length: 1045

12:25:45.338 [AsyncHttpClient-1-2] DEBUG org.asynchttpclient.netty.channel.ChannelManager - Adding key: http://localhost:50685 for channel [id: 0xb083d4ec, L:/127.0.0.1:50937 - R:localhost/127.0.0.1:50685]
12:25:45.350 [Forwarding switchToWindow on session fabb2ffb76c94dcf75e21125cc463c12 to remote] DEBUG org.asynchttpclient.netty.request.NettyRequestSender - Using pooled Channel '[id: 0xb083d4ec, L:/127.0.0.1:50937 - R:localhost/127.0.0.1:50685]' for 'POST' to 'http://localhost:50685/session/fabb2ffb76c94dcf75e21125cc463c12/window'
12:25:45.351 [Forwarding switchToWindow on session fabb2ffb76c94dcf75e21125cc463c12 to remote] DEBUG org.asynchttpclient.netty.request.NettyRequestSender - Using open Channel [id: 0xb083d4ec, L:/127.0.0.1:50937 - R:localhost/127.0.0.1:50685] for POST '/session/fabb2ffb76c94dcf75e21125cc463c12/window'
12:25:45.390 [AsyncHttpClient-1-2] DEBUG org.asynchttpclient.netty.handler.HttpHandler - 

Request DefaultHttpRequest(decodeResult: success, version: HTTP/1.1)
POST /session/fabb2ffb76c94dcf75e21125cc463c12/window HTTP/1.1
User-Agent: selenium/4.4.0 (java windows)
Content-Length: 50
Content-Type: application/json; charset=utf-8
host: localhost:50685
accept: */*

Response DefaultHttpResponse(decodeResult: success, version: HTTP/1.1)
HTTP/1.1 200 OK
Content-Type: application/json; charset=utf-8
cache-control: no-cache
content-length: 14

12:25:45.390 [AsyncHttpClient-1-2] DEBUG org.asynchttpclient.netty.channel.ChannelManager - Adding key: http://localhost:50685 for channel [id: 0xb083d4ec, L:/127.0.0.1:50937 - R:localhost/127.0.0.1:50685]
12:25:45.392 [Forwarding getCurrentUrl on session fabb2ffb76c94dcf75e21125cc463c12 to remote] DEBUG org.asynchttpclient.netty.request.NettyRequestSender - Using pooled Channel '[id: 0xb083d4ec, L:/127.0.0.1:50937 - R:localhost/127.0.0.1:50685]' for 'GET' to 'http://localhost:50685/session/fabb2ffb76c94dcf75e21125cc463c12/url'
12:25:45.392 [Forwarding getCurrentUrl on session fabb2ffb76c94dcf75e21125cc463c12 to remote] DEBUG org.asynchttpclient.netty.request.NettyRequestSender - Using open Channel [id: 0xb083d4ec, L:/127.0.0.1:50937 - R:localhost/127.0.0.1:50685] for GET '/session/fabb2ffb76c94dcf75e21125cc463c12/url'
12:25:45.407 [AsyncHttpClient-1-2] DEBUG org.asynchttpclient.netty.handler.HttpHandler - 

Request DefaultFullHttpRequest(decodeResult: success, version: HTTP/1.1, content: EmptyByteBufBE)
GET /session/fabb2ffb76c94dcf75e21125cc463c12/url HTTP/1.1
User-Agent: selenium/4.4.0 (java windows)
Cache-Control: no-cache
Content-Type: application/json; charset=utf-8
host: localhost:50685
accept: */*

Response DefaultHttpResponse(decodeResult: success, version: HTTP/1.1)
HTTP/1.1 200 OK
Content-Type: application/json; charset=utf-8
cache-control: no-cache
content-length: 47

12:25:45.407 [AsyncHttpClient-1-2] DEBUG org.asynchttpclient.netty.channel.ChannelManager - Adding key: http://localhost:50685 for channel [id: 0xb083d4ec, L:/127.0.0.1:50937 - R:localhost/127.0.0.1:50685]
12:25:45.408 [Forwarding screenshot on session fabb2ffb76c94dcf75e21125cc463c12 to remote] DEBUG org.asynchttpclient.netty.request.NettyRequestSender - Using pooled Channel '[id: 0xb083d4ec, L:/127.0.0.1:50937 - R:localhost/127.0.0.1:50685]' for 'GET' to 'http://localhost:50685/session/fabb2ffb76c94dcf75e21125cc463c12/screenshot'
12:25:45.408 [Forwarding screenshot on session fabb2ffb76c94dcf75e21125cc463c12 to remote] DEBUG org.asynchttpclient.netty.request.NettyRequestSender - Using open Channel [id: 0xb083d4ec, L:/127.0.0.1:50937 - R:localhost/127.0.0.1:50685] for GET '/session/fabb2ffb76c94dcf75e21125cc463c12/screenshot'
12:25:45.542 [AsyncHttpClient-1-2] DEBUG org.asynchttpclient.netty.handler.HttpHandler - 

Request DefaultFullHttpRequest(decodeResult: success, version: HTTP/1.1, content: EmptyByteBufBE)
GET /session/fabb2ffb76c94dcf75e21125cc463c12/screenshot HTTP/1.1
User-Agent: selenium/4.4.0 (java windows)
Cache-Control: no-cache
Content-Type: application/json; charset=utf-8
host: localhost:50685
accept: */*

Response DefaultHttpResponse(decodeResult: success, version: HTTP/1.1)
HTTP/1.1 200 OK
Content-Type: application/json; charset=utf-8
cache-control: no-cache
content-length: 302304

12:25:45.542 [AsyncHttpClient-1-2] DEBUG org.asynchttpclient.netty.channel.ChannelManager - Adding key: http://localhost:50685 for channel [id: 0xb083d4ec, L:/127.0.0.1:50937 - R:localhost/127.0.0.1:50685]
12:25:45.549 [Test worker] DEBUG net.serenitybdd.core.photography.Darkroom - Send negative for processing for C:\Users\pcnit\Downloads\TestE2E\target\site\serenity\3d236c062757a39a2cb753b96d2d00433ecb813c007ac8323d47f7d95e2f4340.png
12:25:45.550 [Test worker] DEBUG net.thucydides.core.steps.StepInterceptor - STEP DONE: {0} enters #theTextAsAString into #target
12:25:45.573 [Forwarding getPageSource on session fabb2ffb76c94dcf75e21125cc463c12 to remote] DEBUG org.asynchttpclient.netty.request.NettyRequestSender - Using pooled Channel '[id: 0xb083d4ec, L:/127.0.0.1:50937 - R:localhost/127.0.0.1:50685]' for 'POST' to 'http://localhost:50685/session/fabb2ffb76c94dcf75e21125cc463c12/execute/sync'
12:25:45.573 [Forwarding getPageSource on session fabb2ffb76c94dcf75e21125cc463c12 to remote] DEBUG org.asynchttpclient.netty.request.NettyRequestSender - Using open Channel [id: 0xb083d4ec, L:/127.0.0.1:50937 - R:localhost/127.0.0.1:50685] for POST '/session/fabb2ffb76c94dcf75e21125cc463c12/execute/sync'
12:25:45.588 [AsyncHttpClient-1-2] DEBUG org.asynchttpclient.netty.handler.HttpHandler - 

Request DefaultHttpRequest(decodeResult: success, version: HTTP/1.1)
POST /session/fabb2ffb76c94dcf75e21125cc463c12/execute/sync HTTP/1.1
User-Agent: selenium/4.4.0 (java windows)
Content-Length: 176
Content-Type: application/json; charset=utf-8
host: localhost:50685
accept: */*

Response DefaultHttpResponse(decodeResult: success, version: HTTP/1.1)
HTTP/1.1 200 OK
Content-Type: application/json; charset=utf-8
cache-control: no-cache
content-length: 57331

12:25:45.588 [AsyncHttpClient-1-2] DEBUG org.asynchttpclient.netty.channel.ChannelManager - Adding key: http://localhost:50685 for channel [id: 0xb083d4ec, L:/127.0.0.1:50937 - R:localhost/127.0.0.1:50685]
12:25:45.593 [Forwarding getCurrentUrl on session fabb2ffb76c94dcf75e21125cc463c12 to remote] DEBUG org.asynchttpclient.netty.request.NettyRequestSender - Using pooled Channel '[id: 0xb083d4ec, L:/127.0.0.1:50937 - R:localhost/127.0.0.1:50685]' for 'GET' to 'http://localhost:50685/session/fabb2ffb76c94dcf75e21125cc463c12/url'
12:25:45.593 [Forwarding getCurrentUrl on session fabb2ffb76c94dcf75e21125cc463c12 to remote] DEBUG org.asynchttpclient.netty.request.NettyRequestSender - Using open Channel [id: 0xb083d4ec, L:/127.0.0.1:50937 - R:localhost/127.0.0.1:50685] for GET '/session/fabb2ffb76c94dcf75e21125cc463c12/url'
12:25:45.616 [AsyncHttpClient-1-2] DEBUG org.asynchttpclient.netty.handler.HttpHandler - 

Request DefaultFullHttpRequest(decodeResult: success, version: HTTP/1.1, content: EmptyByteBufBE)
GET /session/fabb2ffb76c94dcf75e21125cc463c12/url HTTP/1.1
User-Agent: selenium/4.4.0 (java windows)
Cache-Control: no-cache
Content-Type: application/json; charset=utf-8
host: localhost:50685
accept: */*

Response DefaultHttpResponse(decodeResult: success, version: HTTP/1.1)
HTTP/1.1 200 OK
Content-Type: application/json; charset=utf-8
cache-control: no-cache
content-length: 47

12:25:45.616 [AsyncHttpClient-1-2] DEBUG org.asynchttpclient.netty.channel.ChannelManager - Adding key: http://localhost:50685 for channel [id: 0xb083d4ec, L:/127.0.0.1:50937 - R:localhost/127.0.0.1:50685]
12:25:45.625 [Test worker] DEBUG net.thucydides.core.steps.StepInterceptor - STARTING STEP: PlaceOrder.performAs - {0} enters #theTextAsAString into #target
12:25:45.643 [Test worker] DEBUG net.serenitybdd.screenplay.targets.IFrameSwitcher - default content already selected for selecciona PLACE ORDER
12:25:45.692 [Forwarding findElement on session fabb2ffb76c94dcf75e21125cc463c12 to remote] DEBUG org.asynchttpclient.netty.request.NettyRequestSender - Using pooled Channel '[id: 0xb083d4ec, L:/127.0.0.1:50937 - R:localhost/127.0.0.1:50685]' for 'POST' to 'http://localhost:50685/session/fabb2ffb76c94dcf75e21125cc463c12/element'
12:25:45.692 [Forwarding findElement on session fabb2ffb76c94dcf75e21125cc463c12 to remote] DEBUG org.asynchttpclient.netty.request.NettyRequestSender - Using open Channel [id: 0xb083d4ec, L:/127.0.0.1:50937 - R:localhost/127.0.0.1:50685] for POST '/session/fabb2ffb76c94dcf75e21125cc463c12/element'
12:25:45.717 [AsyncHttpClient-1-2] DEBUG org.asynchttpclient.netty.handler.HttpHandler - 

Request DefaultHttpRequest(decodeResult: success, version: HTTP/1.1)
POST /session/fabb2ffb76c94dcf75e21125cc463c12/element HTTP/1.1
User-Agent: selenium/4.4.0 (java windows)
Content-Length: 64
Content-Type: application/json; charset=utf-8
host: localhost:50685
accept: */*

Response DefaultHttpResponse(decodeResult: success, version: HTTP/1.1)
HTTP/1.1 200 OK
Content-Type: application/json; charset=utf-8
cache-control: no-cache
content-length: 127

12:25:45.717 [AsyncHttpClient-1-2] DEBUG org.asynchttpclient.netty.channel.ChannelManager - Adding key: http://localhost:50685 for channel [id: 0xb083d4ec, L:/127.0.0.1:50937 - R:localhost/127.0.0.1:50685]
12:25:45.718 [Forwarding clearElement on session fabb2ffb76c94dcf75e21125cc463c12 to remote] DEBUG org.asynchttpclient.netty.request.NettyRequestSender - Using pooled Channel '[id: 0xb083d4ec, L:/127.0.0.1:50937 - R:localhost/127.0.0.1:50685]' for 'POST' to 'http://localhost:50685/session/fabb2ffb76c94dcf75e21125cc463c12/element/f.7E9A709675F02E7E9E4ECE1EF325ABA8.d.D17DAE1392C999D3787AF96F6DDE3A4D.e.370/clear'
12:25:45.718 [Forwarding clearElement on session fabb2ffb76c94dcf75e21125cc463c12 to remote] DEBUG org.asynchttpclient.netty.request.NettyRequestSender - Using open Channel [id: 0xb083d4ec, L:/127.0.0.1:50937 - R:localhost/127.0.0.1:50685] for POST '/session/fabb2ffb76c94dcf75e21125cc463c12/element/f.7E9A709675F02E7E9E4ECE1EF325ABA8.d.D17DAE1392C999D3787AF96F6DDE3A4D.e.370/clear'
12:25:45.781 [AsyncHttpClient-1-2] DEBUG org.asynchttpclient.netty.handler.HttpHandler - 

Request DefaultHttpRequest(decodeResult: success, version: HTTP/1.1)
POST /session/fabb2ffb76c94dcf75e21125cc463c12/element/f.7E9A709675F02E7E9E4ECE1EF325ABA8.d.D17DAE1392C999D3787AF96F6DDE3A4D.e.370/clear HTTP/1.1
User-Agent: selenium/4.4.0 (java windows)
Content-Length: 89
Content-Type: application/json; charset=utf-8
host: localhost:50685
accept: */*

Response DefaultHttpResponse(decodeResult: success, version: HTTP/1.1)
HTTP/1.1 200 OK
Content-Type: application/json; charset=utf-8
cache-control: no-cache
content-length: 14

12:25:45.781 [AsyncHttpClient-1-2] DEBUG org.asynchttpclient.netty.channel.ChannelManager - Adding key: http://localhost:50685 for channel [id: 0xb083d4ec, L:/127.0.0.1:50937 - R:localhost/127.0.0.1:50685]
12:25:45.795 [Forwarding sendKeysToElement on session fabb2ffb76c94dcf75e21125cc463c12 to remote] DEBUG org.asynchttpclient.netty.request.NettyRequestSender - Using pooled Channel '[id: 0xb083d4ec, L:/127.0.0.1:50937 - R:localhost/127.0.0.1:50685]' for 'POST' to 'http://localhost:50685/session/fabb2ffb76c94dcf75e21125cc463c12/element/f.7E9A709675F02E7E9E4ECE1EF325ABA8.d.D17DAE1392C999D3787AF96F6DDE3A4D.e.370/value'
12:25:45.795 [Forwarding sendKeysToElement on session fabb2ffb76c94dcf75e21125cc463c12 to remote] DEBUG org.asynchttpclient.netty.request.NettyRequestSender - Using open Channel [id: 0xb083d4ec, L:/127.0.0.1:50937 - R:localhost/127.0.0.1:50685] for POST '/session/fabb2ffb76c94dcf75e21125cc463c12/element/f.7E9A709675F02E7E9E4ECE1EF325ABA8.d.D17DAE1392C999D3787AF96F6DDE3A4D.e.370/value'
12:25:45.894 [AsyncHttpClient-1-2] DEBUG org.asynchttpclient.netty.handler.HttpHandler - 

Request DefaultHttpRequest(decodeResult: success, version: HTTP/1.1)
POST /session/fabb2ffb76c94dcf75e21125cc463c12/element/f.7E9A709675F02E7E9E4ECE1EF325ABA8.d.D17DAE1392C999D3787AF96F6DDE3A4D.e.370/value HTTP/1.1
User-Agent: selenium/4.4.0 (java windows)
Content-Length: 160
Content-Type: application/json; charset=utf-8
host: localhost:50685
accept: */*

Response DefaultHttpResponse(decodeResult: success, version: HTTP/1.1)
HTTP/1.1 200 OK
Content-Type: application/json; charset=utf-8
cache-control: no-cache
content-length: 14

12:25:45.894 [AsyncHttpClient-1-2] DEBUG org.asynchttpclient.netty.channel.ChannelManager - Adding key: http://localhost:50685 for channel [id: 0xb083d4ec, L:/127.0.0.1:50937 - R:localhost/127.0.0.1:50685]
12:25:45.936 [Forwarding getCurrentWindowHandle on session fabb2ffb76c94dcf75e21125cc463c12 to remote] DEBUG org.asynchttpclient.netty.request.NettyRequestSender - Using pooled Channel '[id: 0xb083d4ec, L:/127.0.0.1:50937 - R:localhost/127.0.0.1:50685]' for 'GET' to 'http://localhost:50685/session/fabb2ffb76c94dcf75e21125cc463c12/window'
12:25:45.936 [Forwarding getCurrentWindowHandle on session fabb2ffb76c94dcf75e21125cc463c12 to remote] DEBUG org.asynchttpclient.netty.request.NettyRequestSender - Using open Channel [id: 0xb083d4ec, L:/127.0.0.1:50937 - R:localhost/127.0.0.1:50685] for GET '/session/fabb2ffb76c94dcf75e21125cc463c12/window'
12:25:45.948 [AsyncHttpClient-1-2] DEBUG org.asynchttpclient.netty.handler.HttpHandler - 

Request DefaultFullHttpRequest(decodeResult: success, version: HTTP/1.1, content: EmptyByteBufBE)
GET /session/fabb2ffb76c94dcf75e21125cc463c12/window HTTP/1.1
User-Agent: selenium/4.4.0 (java windows)
Cache-Control: no-cache
Content-Type: application/json; charset=utf-8
host: localhost:50685
accept: */*

Response DefaultHttpResponse(decodeResult: success, version: HTTP/1.1)
HTTP/1.1 200 OK
Content-Type: application/json; charset=utf-8
cache-control: no-cache
content-length: 44

12:25:45.948 [AsyncHttpClient-1-2] DEBUG org.asynchttpclient.netty.channel.ChannelManager - Adding key: http://localhost:50685 for channel [id: 0xb083d4ec, L:/127.0.0.1:50937 - R:localhost/127.0.0.1:50685]
12:25:45.957 [Forwarding getAlertText on session fabb2ffb76c94dcf75e21125cc463c12 to remote] DEBUG org.asynchttpclient.netty.request.NettyRequestSender - Using pooled Channel '[id: 0xb083d4ec, L:/127.0.0.1:50937 - R:localhost/127.0.0.1:50685]' for 'GET' to 'http://localhost:50685/session/fabb2ffb76c94dcf75e21125cc463c12/alert/text'
12:25:45.957 [Forwarding getAlertText on session fabb2ffb76c94dcf75e21125cc463c12 to remote] DEBUG org.asynchttpclient.netty.request.NettyRequestSender - Using open Channel [id: 0xb083d4ec, L:/127.0.0.1:50937 - R:localhost/127.0.0.1:50685] for GET '/session/fabb2ffb76c94dcf75e21125cc463c12/alert/text'
12:25:45.971 [AsyncHttpClient-1-2] DEBUG org.asynchttpclient.netty.handler.HttpHandler - 

Request DefaultFullHttpRequest(decodeResult: success, version: HTTP/1.1, content: EmptyByteBufBE)
GET /session/fabb2ffb76c94dcf75e21125cc463c12/alert/text HTTP/1.1
User-Agent: selenium/4.4.0 (java windows)
Cache-Control: no-cache
Content-Type: application/json; charset=utf-8
host: localhost:50685
accept: */*

Response DefaultHttpResponse(decodeResult: success, version: HTTP/1.1)
HTTP/1.1 404 Not Found
Content-Type: application/json; charset=utf-8
cache-control: no-cache
content-length: 1045

12:25:45.972 [AsyncHttpClient-1-2] DEBUG org.asynchttpclient.netty.channel.ChannelManager - Adding key: http://localhost:50685 for channel [id: 0xb083d4ec, L:/127.0.0.1:50937 - R:localhost/127.0.0.1:50685]
12:25:45.982 [Forwarding switchToWindow on session fabb2ffb76c94dcf75e21125cc463c12 to remote] DEBUG org.asynchttpclient.netty.request.NettyRequestSender - Using pooled Channel '[id: 0xb083d4ec, L:/127.0.0.1:50937 - R:localhost/127.0.0.1:50685]' for 'POST' to 'http://localhost:50685/session/fabb2ffb76c94dcf75e21125cc463c12/window'
12:25:45.982 [Forwarding switchToWindow on session fabb2ffb76c94dcf75e21125cc463c12 to remote] DEBUG org.asynchttpclient.netty.request.NettyRequestSender - Using open Channel [id: 0xb083d4ec, L:/127.0.0.1:50937 - R:localhost/127.0.0.1:50685] for POST '/session/fabb2ffb76c94dcf75e21125cc463c12/window'
12:25:45.987 [AsyncHttpClient-1-2] DEBUG org.asynchttpclient.netty.handler.HttpHandler - 

Request DefaultHttpRequest(decodeResult: success, version: HTTP/1.1)
POST /session/fabb2ffb76c94dcf75e21125cc463c12/window HTTP/1.1
User-Agent: selenium/4.4.0 (java windows)
Content-Length: 50
Content-Type: application/json; charset=utf-8
host: localhost:50685
accept: */*

Response DefaultHttpResponse(decodeResult: success, version: HTTP/1.1)
HTTP/1.1 200 OK
Content-Type: application/json; charset=utf-8
cache-control: no-cache
content-length: 14

12:25:45.987 [AsyncHttpClient-1-2] DEBUG org.asynchttpclient.netty.channel.ChannelManager - Adding key: http://localhost:50685 for channel [id: 0xb083d4ec, L:/127.0.0.1:50937 - R:localhost/127.0.0.1:50685]
12:25:45.988 [Forwarding getCurrentUrl on session fabb2ffb76c94dcf75e21125cc463c12 to remote] DEBUG org.asynchttpclient.netty.request.NettyRequestSender - Using pooled Channel '[id: 0xb083d4ec, L:/127.0.0.1:50937 - R:localhost/127.0.0.1:50685]' for 'GET' to 'http://localhost:50685/session/fabb2ffb76c94dcf75e21125cc463c12/url'
12:25:45.988 [Forwarding getCurrentUrl on session fabb2ffb76c94dcf75e21125cc463c12 to remote] DEBUG org.asynchttpclient.netty.request.NettyRequestSender - Using open Channel [id: 0xb083d4ec, L:/127.0.0.1:50937 - R:localhost/127.0.0.1:50685] for GET '/session/fabb2ffb76c94dcf75e21125cc463c12/url'
12:25:46.004 [AsyncHttpClient-1-2] DEBUG org.asynchttpclient.netty.handler.HttpHandler - 

Request DefaultFullHttpRequest(decodeResult: success, version: HTTP/1.1, content: EmptyByteBufBE)
GET /session/fabb2ffb76c94dcf75e21125cc463c12/url HTTP/1.1
User-Agent: selenium/4.4.0 (java windows)
Cache-Control: no-cache
Content-Type: application/json; charset=utf-8
host: localhost:50685
accept: */*

Response DefaultHttpResponse(decodeResult: success, version: HTTP/1.1)
HTTP/1.1 200 OK
Content-Type: application/json; charset=utf-8
cache-control: no-cache
content-length: 47

12:25:46.004 [AsyncHttpClient-1-2] DEBUG org.asynchttpclient.netty.channel.ChannelManager - Adding key: http://localhost:50685 for channel [id: 0xb083d4ec, L:/127.0.0.1:50937 - R:localhost/127.0.0.1:50685]
12:25:46.005 [Forwarding screenshot on session fabb2ffb76c94dcf75e21125cc463c12 to remote] DEBUG org.asynchttpclient.netty.request.NettyRequestSender - Using pooled Channel '[id: 0xb083d4ec, L:/127.0.0.1:50937 - R:localhost/127.0.0.1:50685]' for 'GET' to 'http://localhost:50685/session/fabb2ffb76c94dcf75e21125cc463c12/screenshot'
12:25:46.005 [Forwarding screenshot on session fabb2ffb76c94dcf75e21125cc463c12 to remote] DEBUG org.asynchttpclient.netty.request.NettyRequestSender - Using open Channel [id: 0xb083d4ec, L:/127.0.0.1:50937 - R:localhost/127.0.0.1:50685] for GET '/session/fabb2ffb76c94dcf75e21125cc463c12/screenshot'
12:25:46.143 [AsyncHttpClient-1-2] DEBUG org.asynchttpclient.netty.handler.HttpHandler - 

Request DefaultFullHttpRequest(decodeResult: success, version: HTTP/1.1, content: EmptyByteBufBE)
GET /session/fabb2ffb76c94dcf75e21125cc463c12/screenshot HTTP/1.1
User-Agent: selenium/4.4.0 (java windows)
Cache-Control: no-cache
Content-Type: application/json; charset=utf-8
host: localhost:50685
accept: */*

Response DefaultHttpResponse(decodeResult: success, version: HTTP/1.1)
HTTP/1.1 200 OK
Content-Type: application/json; charset=utf-8
cache-control: no-cache
content-length: 294512

12:25:46.144 [AsyncHttpClient-1-2] DEBUG org.asynchttpclient.netty.channel.ChannelManager - Adding key: http://localhost:50685 for channel [id: 0xb083d4ec, L:/127.0.0.1:50937 - R:localhost/127.0.0.1:50685]
12:25:46.154 [Test worker] DEBUG net.serenitybdd.core.photography.Darkroom - Send negative for processing for C:\Users\pcnit\Downloads\TestE2E\target\site\serenity\a886edfe9462f6b66173c2c49c9452735f81ee658ef21247b676d51262169eaf.png
12:25:46.162 [Forwarding getPageSource on session fabb2ffb76c94dcf75e21125cc463c12 to remote] DEBUG org.asynchttpclient.netty.request.NettyRequestSender - Using pooled Channel '[id: 0xb083d4ec, L:/127.0.0.1:50937 - R:localhost/127.0.0.1:50685]' for 'POST' to 'http://localhost:50685/session/fabb2ffb76c94dcf75e21125cc463c12/execute/sync'
12:25:46.162 [Forwarding getPageSource on session fabb2ffb76c94dcf75e21125cc463c12 to remote] DEBUG org.asynchttpclient.netty.request.NettyRequestSender - Using open Channel [id: 0xb083d4ec, L:/127.0.0.1:50937 - R:localhost/127.0.0.1:50685] for POST '/session/fabb2ffb76c94dcf75e21125cc463c12/execute/sync'
12:25:46.176 [AsyncHttpClient-1-2] DEBUG org.asynchttpclient.netty.handler.HttpHandler - 

Request DefaultHttpRequest(decodeResult: success, version: HTTP/1.1)
POST /session/fabb2ffb76c94dcf75e21125cc463c12/execute/sync HTTP/1.1
User-Agent: selenium/4.4.0 (java windows)
Content-Length: 176
Content-Type: application/json; charset=utf-8
host: localhost:50685
accept: */*

Response DefaultHttpResponse(decodeResult: success, version: HTTP/1.1)
HTTP/1.1 200 OK
Content-Type: application/json; charset=utf-8
cache-control: no-cache
content-length: 57331

12:25:46.176 [AsyncHttpClient-1-2] DEBUG org.asynchttpclient.netty.channel.ChannelManager - Adding key: http://localhost:50685 for channel [id: 0xb083d4ec, L:/127.0.0.1:50937 - R:localhost/127.0.0.1:50685]
12:25:46.186 [Forwarding getCurrentUrl on session fabb2ffb76c94dcf75e21125cc463c12 to remote] DEBUG org.asynchttpclient.netty.request.NettyRequestSender - Using pooled Channel '[id: 0xb083d4ec, L:/127.0.0.1:50937 - R:localhost/127.0.0.1:50685]' for 'GET' to 'http://localhost:50685/session/fabb2ffb76c94dcf75e21125cc463c12/url'
12:25:46.186 [Forwarding getCurrentUrl on session fabb2ffb76c94dcf75e21125cc463c12 to remote] DEBUG org.asynchttpclient.netty.request.NettyRequestSender - Using open Channel [id: 0xb083d4ec, L:/127.0.0.1:50937 - R:localhost/127.0.0.1:50685] for GET '/session/fabb2ffb76c94dcf75e21125cc463c12/url'
12:25:46.207 [AsyncHttpClient-1-2] DEBUG org.asynchttpclient.netty.handler.HttpHandler - 

Request DefaultFullHttpRequest(decodeResult: success, version: HTTP/1.1, content: EmptyByteBufBE)
GET /session/fabb2ffb76c94dcf75e21125cc463c12/url HTTP/1.1
User-Agent: selenium/4.4.0 (java windows)
Cache-Control: no-cache
Content-Type: application/json; charset=utf-8
host: localhost:50685
accept: */*

Response DefaultHttpResponse(decodeResult: success, version: HTTP/1.1)
HTTP/1.1 200 OK
Content-Type: application/json; charset=utf-8
cache-control: no-cache
content-length: 47

12:25:46.207 [AsyncHttpClient-1-2] DEBUG org.asynchttpclient.netty.channel.ChannelManager - Adding key: http://localhost:50685 for channel [id: 0xb083d4ec, L:/127.0.0.1:50937 - R:localhost/127.0.0.1:50685]
12:25:46.254 [Forwarding getCurrentWindowHandle on session fabb2ffb76c94dcf75e21125cc463c12 to remote] DEBUG org.asynchttpclient.netty.request.NettyRequestSender - Using pooled Channel '[id: 0xb083d4ec, L:/127.0.0.1:50937 - R:localhost/127.0.0.1:50685]' for 'GET' to 'http://localhost:50685/session/fabb2ffb76c94dcf75e21125cc463c12/window'
12:25:46.254 [Forwarding getCurrentWindowHandle on session fabb2ffb76c94dcf75e21125cc463c12 to remote] DEBUG org.asynchttpclient.netty.request.NettyRequestSender - Using open Channel [id: 0xb083d4ec, L:/127.0.0.1:50937 - R:localhost/127.0.0.1:50685] for GET '/session/fabb2ffb76c94dcf75e21125cc463c12/window'
12:25:46.265 [AsyncHttpClient-1-2] DEBUG org.asynchttpclient.netty.handler.HttpHandler - 

Request DefaultFullHttpRequest(decodeResult: success, version: HTTP/1.1, content: EmptyByteBufBE)
GET /session/fabb2ffb76c94dcf75e21125cc463c12/window HTTP/1.1
User-Agent: selenium/4.4.0 (java windows)
Cache-Control: no-cache
Content-Type: application/json; charset=utf-8
host: localhost:50685
accept: */*

Response DefaultHttpResponse(decodeResult: success, version: HTTP/1.1)
HTTP/1.1 200 OK
Content-Type: application/json; charset=utf-8
cache-control: no-cache
content-length: 44

12:25:46.265 [AsyncHttpClient-1-2] DEBUG org.asynchttpclient.netty.channel.ChannelManager - Adding key: http://localhost:50685 for channel [id: 0xb083d4ec, L:/127.0.0.1:50937 - R:localhost/127.0.0.1:50685]
12:25:46.274 [Forwarding getAlertText on session fabb2ffb76c94dcf75e21125cc463c12 to remote] DEBUG org.asynchttpclient.netty.request.NettyRequestSender - Using pooled Channel '[id: 0xb083d4ec, L:/127.0.0.1:50937 - R:localhost/127.0.0.1:50685]' for 'GET' to 'http://localhost:50685/session/fabb2ffb76c94dcf75e21125cc463c12/alert/text'
12:25:46.274 [Forwarding getAlertText on session fabb2ffb76c94dcf75e21125cc463c12 to remote] DEBUG org.asynchttpclient.netty.request.NettyRequestSender - Using open Channel [id: 0xb083d4ec, L:/127.0.0.1:50937 - R:localhost/127.0.0.1:50685] for GET '/session/fabb2ffb76c94dcf75e21125cc463c12/alert/text'
12:25:46.286 [AsyncHttpClient-1-2] DEBUG org.asynchttpclient.netty.handler.HttpHandler - 

Request DefaultFullHttpRequest(decodeResult: success, version: HTTP/1.1, content: EmptyByteBufBE)
GET /session/fabb2ffb76c94dcf75e21125cc463c12/alert/text HTTP/1.1
User-Agent: selenium/4.4.0 (java windows)
Cache-Control: no-cache
Content-Type: application/json; charset=utf-8
host: localhost:50685
accept: */*

Response DefaultHttpResponse(decodeResult: success, version: HTTP/1.1)
HTTP/1.1 404 Not Found
Content-Type: application/json; charset=utf-8
cache-control: no-cache
content-length: 1045

12:25:46.286 [AsyncHttpClient-1-2] DEBUG org.asynchttpclient.netty.channel.ChannelManager - Adding key: http://localhost:50685 for channel [id: 0xb083d4ec, L:/127.0.0.1:50937 - R:localhost/127.0.0.1:50685]
12:25:46.298 [Forwarding switchToWindow on session fabb2ffb76c94dcf75e21125cc463c12 to remote] DEBUG org.asynchttpclient.netty.request.NettyRequestSender - Using pooled Channel '[id: 0xb083d4ec, L:/127.0.0.1:50937 - R:localhost/127.0.0.1:50685]' for 'POST' to 'http://localhost:50685/session/fabb2ffb76c94dcf75e21125cc463c12/window'
12:25:46.298 [Forwarding switchToWindow on session fabb2ffb76c94dcf75e21125cc463c12 to remote] DEBUG org.asynchttpclient.netty.request.NettyRequestSender - Using open Channel [id: 0xb083d4ec, L:/127.0.0.1:50937 - R:localhost/127.0.0.1:50685] for POST '/session/fabb2ffb76c94dcf75e21125cc463c12/window'
12:25:46.302 [AsyncHttpClient-1-2] DEBUG org.asynchttpclient.netty.handler.HttpHandler - 

Request DefaultHttpRequest(decodeResult: success, version: HTTP/1.1)
POST /session/fabb2ffb76c94dcf75e21125cc463c12/window HTTP/1.1
User-Agent: selenium/4.4.0 (java windows)
Content-Length: 50
Content-Type: application/json; charset=utf-8
host: localhost:50685
accept: */*

Response DefaultHttpResponse(decodeResult: success, version: HTTP/1.1)
HTTP/1.1 200 OK
Content-Type: application/json; charset=utf-8
cache-control: no-cache
content-length: 14

12:25:46.302 [AsyncHttpClient-1-2] DEBUG org.asynchttpclient.netty.channel.ChannelManager - Adding key: http://localhost:50685 for channel [id: 0xb083d4ec, L:/127.0.0.1:50937 - R:localhost/127.0.0.1:50685]
12:25:46.303 [Forwarding getCurrentUrl on session fabb2ffb76c94dcf75e21125cc463c12 to remote] DEBUG org.asynchttpclient.netty.request.NettyRequestSender - Using pooled Channel '[id: 0xb083d4ec, L:/127.0.0.1:50937 - R:localhost/127.0.0.1:50685]' for 'GET' to 'http://localhost:50685/session/fabb2ffb76c94dcf75e21125cc463c12/url'
12:25:46.303 [Forwarding getCurrentUrl on session fabb2ffb76c94dcf75e21125cc463c12 to remote] DEBUG org.asynchttpclient.netty.request.NettyRequestSender - Using open Channel [id: 0xb083d4ec, L:/127.0.0.1:50937 - R:localhost/127.0.0.1:50685] for GET '/session/fabb2ffb76c94dcf75e21125cc463c12/url'
12:25:46.319 [AsyncHttpClient-1-2] DEBUG org.asynchttpclient.netty.handler.HttpHandler - 

Request DefaultFullHttpRequest(decodeResult: success, version: HTTP/1.1, content: EmptyByteBufBE)
GET /session/fabb2ffb76c94dcf75e21125cc463c12/url HTTP/1.1
User-Agent: selenium/4.4.0 (java windows)
Cache-Control: no-cache
Content-Type: application/json; charset=utf-8
host: localhost:50685
accept: */*

Response DefaultHttpResponse(decodeResult: success, version: HTTP/1.1)
HTTP/1.1 200 OK
Content-Type: application/json; charset=utf-8
cache-control: no-cache
content-length: 47

12:25:46.319 [AsyncHttpClient-1-2] DEBUG org.asynchttpclient.netty.channel.ChannelManager - Adding key: http://localhost:50685 for channel [id: 0xb083d4ec, L:/127.0.0.1:50937 - R:localhost/127.0.0.1:50685]
12:25:46.319 [Forwarding screenshot on session fabb2ffb76c94dcf75e21125cc463c12 to remote] DEBUG org.asynchttpclient.netty.request.NettyRequestSender - Using pooled Channel '[id: 0xb083d4ec, L:/127.0.0.1:50937 - R:localhost/127.0.0.1:50685]' for 'GET' to 'http://localhost:50685/session/fabb2ffb76c94dcf75e21125cc463c12/screenshot'
12:25:46.319 [Forwarding screenshot on session fabb2ffb76c94dcf75e21125cc463c12 to remote] DEBUG org.asynchttpclient.netty.request.NettyRequestSender - Using open Channel [id: 0xb083d4ec, L:/127.0.0.1:50937 - R:localhost/127.0.0.1:50685] for GET '/session/fabb2ffb76c94dcf75e21125cc463c12/screenshot'
12:25:46.376 [AsyncHttpClient-1-1] DEBUG org.asynchttpclient.netty.channel.DefaultChannelPool - Entry count for : http://localhost:50938 : 1
12:25:46.440 [AsyncHttpClient-1-2] DEBUG org.asynchttpclient.netty.handler.HttpHandler - 

Request DefaultFullHttpRequest(decodeResult: success, version: HTTP/1.1, content: EmptyByteBufBE)
GET /session/fabb2ffb76c94dcf75e21125cc463c12/screenshot HTTP/1.1
User-Agent: selenium/4.4.0 (java windows)
Cache-Control: no-cache
Content-Type: application/json; charset=utf-8
host: localhost:50685
accept: */*

Response DefaultHttpResponse(decodeResult: success, version: HTTP/1.1)
HTTP/1.1 200 OK
Content-Type: application/json; charset=utf-8
cache-control: no-cache
content-length: 294512

12:25:46.441 [AsyncHttpClient-1-2] DEBUG org.asynchttpclient.netty.channel.ChannelManager - Adding key: http://localhost:50685 for channel [id: 0xb083d4ec, L:/127.0.0.1:50937 - R:localhost/127.0.0.1:50685]
12:25:46.449 [Test worker] DEBUG net.serenitybdd.core.photography.Darkroom - Send negative for processing for C:\Users\pcnit\Downloads\TestE2E\target\site\serenity\a886edfe9462f6b66173c2c49c9452735f81ee658ef21247b676d51262169eaf.png
12:25:46.450 [Test worker] DEBUG net.thucydides.core.steps.StepInterceptor - STEP DONE: {0} enters #theTextAsAString into #target
12:25:46.480 [Forwarding getPageSource on session fabb2ffb76c94dcf75e21125cc463c12 to remote] DEBUG org.asynchttpclient.netty.request.NettyRequestSender - Using pooled Channel '[id: 0xb083d4ec, L:/127.0.0.1:50937 - R:localhost/127.0.0.1:50685]' for 'POST' to 'http://localhost:50685/session/fabb2ffb76c94dcf75e21125cc463c12/execute/sync'
12:25:46.480 [Forwarding getPageSource on session fabb2ffb76c94dcf75e21125cc463c12 to remote] DEBUG org.asynchttpclient.netty.request.NettyRequestSender - Using open Channel [id: 0xb083d4ec, L:/127.0.0.1:50937 - R:localhost/127.0.0.1:50685] for POST '/session/fabb2ffb76c94dcf75e21125cc463c12/execute/sync'
12:25:46.495 [AsyncHttpClient-1-2] DEBUG org.asynchttpclient.netty.handler.HttpHandler - 

Request DefaultHttpRequest(decodeResult: success, version: HTTP/1.1)
POST /session/fabb2ffb76c94dcf75e21125cc463c12/execute/sync HTTP/1.1
User-Agent: selenium/4.4.0 (java windows)
Content-Length: 176
Content-Type: application/json; charset=utf-8
host: localhost:50685
accept: */*

Response DefaultHttpResponse(decodeResult: success, version: HTTP/1.1)
HTTP/1.1 200 OK
Content-Type: application/json; charset=utf-8
cache-control: no-cache
content-length: 57331

12:25:46.496 [AsyncHttpClient-1-2] DEBUG org.asynchttpclient.netty.channel.ChannelManager - Adding key: http://localhost:50685 for channel [id: 0xb083d4ec, L:/127.0.0.1:50937 - R:localhost/127.0.0.1:50685]
12:25:46.504 [Forwarding getCurrentUrl on session fabb2ffb76c94dcf75e21125cc463c12 to remote] DEBUG org.asynchttpclient.netty.request.NettyRequestSender - Using pooled Channel '[id: 0xb083d4ec, L:/127.0.0.1:50937 - R:localhost/127.0.0.1:50685]' for 'GET' to 'http://localhost:50685/session/fabb2ffb76c94dcf75e21125cc463c12/url'
12:25:46.504 [Forwarding getCurrentUrl on session fabb2ffb76c94dcf75e21125cc463c12 to remote] DEBUG org.asynchttpclient.netty.request.NettyRequestSender - Using open Channel [id: 0xb083d4ec, L:/127.0.0.1:50937 - R:localhost/127.0.0.1:50685] for GET '/session/fabb2ffb76c94dcf75e21125cc463c12/url'
12:25:46.521 [AsyncHttpClient-1-2] DEBUG org.asynchttpclient.netty.handler.HttpHandler - 

Request DefaultFullHttpRequest(decodeResult: success, version: HTTP/1.1, content: EmptyByteBufBE)
GET /session/fabb2ffb76c94dcf75e21125cc463c12/url HTTP/1.1
User-Agent: selenium/4.4.0 (java windows)
Cache-Control: no-cache
Content-Type: application/json; charset=utf-8
host: localhost:50685
accept: */*

Response DefaultHttpResponse(decodeResult: success, version: HTTP/1.1)
HTTP/1.1 200 OK
Content-Type: application/json; charset=utf-8
cache-control: no-cache
content-length: 47

12:25:46.524 [AsyncHttpClient-1-2] DEBUG org.asynchttpclient.netty.channel.ChannelManager - Adding key: http://localhost:50685 for channel [id: 0xb083d4ec, L:/127.0.0.1:50937 - R:localhost/127.0.0.1:50685]
12:25:46.527 [Test worker] DEBUG net.thucydides.core.steps.StepInterceptor - STARTING STEP: PlaceOrder.performAs - {0} clicks on #target
12:25:46.528 [Test worker] DEBUG net.serenitybdd.screenplay.targets.IFrameSwitcher - default content already selected for FIN PLACE ORDER
12:25:46.580 [Forwarding findElement on session fabb2ffb76c94dcf75e21125cc463c12 to remote] DEBUG org.asynchttpclient.netty.request.NettyRequestSender - Using pooled Channel '[id: 0xb083d4ec, L:/127.0.0.1:50937 - R:localhost/127.0.0.1:50685]' for 'POST' to 'http://localhost:50685/session/fabb2ffb76c94dcf75e21125cc463c12/element'
12:25:46.580 [Forwarding findElement on session fabb2ffb76c94dcf75e21125cc463c12 to remote] DEBUG org.asynchttpclient.netty.request.NettyRequestSender - Using open Channel [id: 0xb083d4ec, L:/127.0.0.1:50937 - R:localhost/127.0.0.1:50685] for POST '/session/fabb2ffb76c94dcf75e21125cc463c12/element'
12:25:46.599 [AsyncHttpClient-1-2] DEBUG org.asynchttpclient.netty.handler.HttpHandler - 

Request DefaultHttpRequest(decodeResult: success, version: HTTP/1.1)
POST /session/fabb2ffb76c94dcf75e21125cc463c12/element HTTP/1.1
User-Agent: selenium/4.4.0 (java windows)
Content-Length: 115
Content-Type: application/json; charset=utf-8
host: localhost:50685
accept: */*

Response DefaultHttpResponse(decodeResult: success, version: HTTP/1.1)
HTTP/1.1 200 OK
Content-Type: application/json; charset=utf-8
cache-control: no-cache
content-length: 127

12:25:46.600 [AsyncHttpClient-1-2] DEBUG org.asynchttpclient.netty.channel.ChannelManager - Adding key: http://localhost:50685 for channel [id: 0xb083d4ec, L:/127.0.0.1:50937 - R:localhost/127.0.0.1:50685]
12:25:46.612 [Forwarding isElementDisplayed on session fabb2ffb76c94dcf75e21125cc463c12 to remote] DEBUG org.asynchttpclient.netty.request.NettyRequestSender - Using pooled Channel '[id: 0xb083d4ec, L:/127.0.0.1:50937 - R:localhost/127.0.0.1:50685]' for 'POST' to 'http://localhost:50685/session/fabb2ffb76c94dcf75e21125cc463c12/execute/sync'
12:25:46.612 [Forwarding isElementDisplayed on session fabb2ffb76c94dcf75e21125cc463c12 to remote] DEBUG org.asynchttpclient.netty.request.NettyRequestSender - Using open Channel [id: 0xb083d4ec, L:/127.0.0.1:50937 - R:localhost/127.0.0.1:50685] for POST '/session/fabb2ffb76c94dcf75e21125cc463c12/execute/sync'
12:25:46.626 [AsyncHttpClient-1-2] DEBUG org.asynchttpclient.netty.handler.HttpHandler - 

Request DefaultHttpRequest(decodeResult: success, version: HTTP/1.1)
POST /session/fabb2ffb76c94dcf75e21125cc463c12/execute/sync HTTP/1.1
User-Agent: selenium/4.4.0 (java windows)
Content-Length: 48819
Content-Type: application/json; charset=utf-8
host: localhost:50685
accept: */*

Response DefaultHttpResponse(decodeResult: success, version: HTTP/1.1)
HTTP/1.1 200 OK
Content-Type: application/json; charset=utf-8
cache-control: no-cache
content-length: 14

12:25:46.626 [AsyncHttpClient-1-2] DEBUG org.asynchttpclient.netty.channel.ChannelManager - Adding key: http://localhost:50685 for channel [id: 0xb083d4ec, L:/127.0.0.1:50937 - R:localhost/127.0.0.1:50685]
12:25:46.646 [Forwarding findElement on session fabb2ffb76c94dcf75e21125cc463c12 to remote] DEBUG org.asynchttpclient.netty.request.NettyRequestSender - Using pooled Channel '[id: 0xb083d4ec, L:/127.0.0.1:50937 - R:localhost/127.0.0.1:50685]' for 'POST' to 'http://localhost:50685/session/fabb2ffb76c94dcf75e21125cc463c12/element'
12:25:46.646 [Forwarding findElement on session fabb2ffb76c94dcf75e21125cc463c12 to remote] DEBUG org.asynchttpclient.netty.request.NettyRequestSender - Using open Channel [id: 0xb083d4ec, L:/127.0.0.1:50937 - R:localhost/127.0.0.1:50685] for POST '/session/fabb2ffb76c94dcf75e21125cc463c12/element'
12:25:46.657 [AsyncHttpClient-1-2] DEBUG org.asynchttpclient.netty.handler.HttpHandler - 

Request DefaultHttpRequest(decodeResult: success, version: HTTP/1.1)
POST /session/fabb2ffb76c94dcf75e21125cc463c12/element HTTP/1.1
User-Agent: selenium/4.4.0 (java windows)
Content-Length: 115
Content-Type: application/json; charset=utf-8
host: localhost:50685
accept: */*

Response DefaultHttpResponse(decodeResult: success, version: HTTP/1.1)
HTTP/1.1 200 OK
Content-Type: application/json; charset=utf-8
cache-control: no-cache
content-length: 127

12:25:46.657 [AsyncHttpClient-1-2] DEBUG org.asynchttpclient.netty.channel.ChannelManager - Adding key: http://localhost:50685 for channel [id: 0xb083d4ec, L:/127.0.0.1:50937 - R:localhost/127.0.0.1:50685]
12:25:46.659 [Forwarding clickElement on session fabb2ffb76c94dcf75e21125cc463c12 to remote] DEBUG org.asynchttpclient.netty.request.NettyRequestSender - Using pooled Channel '[id: 0xb083d4ec, L:/127.0.0.1:50937 - R:localhost/127.0.0.1:50685]' for 'POST' to 'http://localhost:50685/session/fabb2ffb76c94dcf75e21125cc463c12/element/f.7E9A709675F02E7E9E4ECE1EF325ABA8.d.D17DAE1392C999D3787AF96F6DDE3A4D.e.430/click'
12:25:46.659 [Forwarding clickElement on session fabb2ffb76c94dcf75e21125cc463c12 to remote] DEBUG org.asynchttpclient.netty.request.NettyRequestSender - Using open Channel [id: 0xb083d4ec, L:/127.0.0.1:50937 - R:localhost/127.0.0.1:50685] for POST '/session/fabb2ffb76c94dcf75e21125cc463c12/element/f.7E9A709675F02E7E9E4ECE1EF325ABA8.d.D17DAE1392C999D3787AF96F6DDE3A4D.e.430/click'
12:25:46.743 [AsyncHttpClient-1-2] DEBUG org.asynchttpclient.netty.handler.HttpHandler - 

Request DefaultHttpRequest(decodeResult: success, version: HTTP/1.1)
POST /session/fabb2ffb76c94dcf75e21125cc463c12/element/f.7E9A709675F02E7E9E4ECE1EF325ABA8.d.D17DAE1392C999D3787AF96F6DDE3A4D.e.430/click HTTP/1.1
User-Agent: selenium/4.4.0 (java windows)
Content-Length: 89
Content-Type: application/json; charset=utf-8
host: localhost:50685
accept: */*

Response DefaultHttpResponse(decodeResult: success, version: HTTP/1.1)
HTTP/1.1 200 OK
Content-Type: application/json; charset=utf-8
cache-control: no-cache
content-length: 14

12:25:46.743 [AsyncHttpClient-1-2] DEBUG org.asynchttpclient.netty.channel.ChannelManager - Adding key: http://localhost:50685 for channel [id: 0xb083d4ec, L:/127.0.0.1:50937 - R:localhost/127.0.0.1:50685]
12:25:46.776 [Forwarding getCurrentWindowHandle on session fabb2ffb76c94dcf75e21125cc463c12 to remote] DEBUG org.asynchttpclient.netty.request.NettyRequestSender - Using pooled Channel '[id: 0xb083d4ec, L:/127.0.0.1:50937 - R:localhost/127.0.0.1:50685]' for 'GET' to 'http://localhost:50685/session/fabb2ffb76c94dcf75e21125cc463c12/window'
12:25:46.776 [Forwarding getCurrentWindowHandle on session fabb2ffb76c94dcf75e21125cc463c12 to remote] DEBUG org.asynchttpclient.netty.request.NettyRequestSender - Using open Channel [id: 0xb083d4ec, L:/127.0.0.1:50937 - R:localhost/127.0.0.1:50685] for GET '/session/fabb2ffb76c94dcf75e21125cc463c12/window'
12:25:46.787 [AsyncHttpClient-1-2] DEBUG org.asynchttpclient.netty.handler.HttpHandler - 

Request DefaultFullHttpRequest(decodeResult: success, version: HTTP/1.1, content: EmptyByteBufBE)
GET /session/fabb2ffb76c94dcf75e21125cc463c12/window HTTP/1.1
User-Agent: selenium/4.4.0 (java windows)
Cache-Control: no-cache
Content-Type: application/json; charset=utf-8
host: localhost:50685
accept: */*

Response DefaultHttpResponse(decodeResult: success, version: HTTP/1.1)
HTTP/1.1 200 OK
Content-Type: application/json; charset=utf-8
cache-control: no-cache
content-length: 44

12:25:46.788 [AsyncHttpClient-1-2] DEBUG org.asynchttpclient.netty.channel.ChannelManager - Adding key: http://localhost:50685 for channel [id: 0xb083d4ec, L:/127.0.0.1:50937 - R:localhost/127.0.0.1:50685]
12:25:46.796 [Forwarding getAlertText on session fabb2ffb76c94dcf75e21125cc463c12 to remote] DEBUG org.asynchttpclient.netty.request.NettyRequestSender - Using pooled Channel '[id: 0xb083d4ec, L:/127.0.0.1:50937 - R:localhost/127.0.0.1:50685]' for 'GET' to 'http://localhost:50685/session/fabb2ffb76c94dcf75e21125cc463c12/alert/text'
12:25:46.796 [Forwarding getAlertText on session fabb2ffb76c94dcf75e21125cc463c12 to remote] DEBUG org.asynchttpclient.netty.request.NettyRequestSender - Using open Channel [id: 0xb083d4ec, L:/127.0.0.1:50937 - R:localhost/127.0.0.1:50685] for GET '/session/fabb2ffb76c94dcf75e21125cc463c12/alert/text'
12:25:46.810 [AsyncHttpClient-1-2] DEBUG org.asynchttpclient.netty.handler.HttpHandler - 

Request DefaultFullHttpRequest(decodeResult: success, version: HTTP/1.1, content: EmptyByteBufBE)
GET /session/fabb2ffb76c94dcf75e21125cc463c12/alert/text HTTP/1.1
User-Agent: selenium/4.4.0 (java windows)
Cache-Control: no-cache
Content-Type: application/json; charset=utf-8
host: localhost:50685
accept: */*

Response DefaultHttpResponse(decodeResult: success, version: HTTP/1.1)
HTTP/1.1 404 Not Found
Content-Type: application/json; charset=utf-8
cache-control: no-cache
content-length: 1045

12:25:46.811 [AsyncHttpClient-1-2] DEBUG org.asynchttpclient.netty.channel.ChannelManager - Adding key: http://localhost:50685 for channel [id: 0xb083d4ec, L:/127.0.0.1:50937 - R:localhost/127.0.0.1:50685]
12:25:46.821 [Forwarding switchToWindow on session fabb2ffb76c94dcf75e21125cc463c12 to remote] DEBUG org.asynchttpclient.netty.request.NettyRequestSender - Using pooled Channel '[id: 0xb083d4ec, L:/127.0.0.1:50937 - R:localhost/127.0.0.1:50685]' for 'POST' to 'http://localhost:50685/session/fabb2ffb76c94dcf75e21125cc463c12/window'
12:25:46.822 [Forwarding switchToWindow on session fabb2ffb76c94dcf75e21125cc463c12 to remote] DEBUG org.asynchttpclient.netty.request.NettyRequestSender - Using open Channel [id: 0xb083d4ec, L:/127.0.0.1:50937 - R:localhost/127.0.0.1:50685] for POST '/session/fabb2ffb76c94dcf75e21125cc463c12/window'
12:25:46.825 [AsyncHttpClient-1-2] DEBUG org.asynchttpclient.netty.handler.HttpHandler - 

Request DefaultHttpRequest(decodeResult: success, version: HTTP/1.1)
POST /session/fabb2ffb76c94dcf75e21125cc463c12/window HTTP/1.1
User-Agent: selenium/4.4.0 (java windows)
Content-Length: 50
Content-Type: application/json; charset=utf-8
host: localhost:50685
accept: */*

Response DefaultHttpResponse(decodeResult: success, version: HTTP/1.1)
HTTP/1.1 200 OK
Content-Type: application/json; charset=utf-8
cache-control: no-cache
content-length: 14

12:25:46.825 [AsyncHttpClient-1-2] DEBUG org.asynchttpclient.netty.channel.ChannelManager - Adding key: http://localhost:50685 for channel [id: 0xb083d4ec, L:/127.0.0.1:50937 - R:localhost/127.0.0.1:50685]
12:25:46.825 [Forwarding getCurrentUrl on session fabb2ffb76c94dcf75e21125cc463c12 to remote] DEBUG org.asynchttpclient.netty.request.NettyRequestSender - Using pooled Channel '[id: 0xb083d4ec, L:/127.0.0.1:50937 - R:localhost/127.0.0.1:50685]' for 'GET' to 'http://localhost:50685/session/fabb2ffb76c94dcf75e21125cc463c12/url'
12:25:46.826 [Forwarding getCurrentUrl on session fabb2ffb76c94dcf75e21125cc463c12 to remote] DEBUG org.asynchttpclient.netty.request.NettyRequestSender - Using open Channel [id: 0xb083d4ec, L:/127.0.0.1:50937 - R:localhost/127.0.0.1:50685] for GET '/session/fabb2ffb76c94dcf75e21125cc463c12/url'
12:25:46.844 [AsyncHttpClient-1-2] DEBUG org.asynchttpclient.netty.handler.HttpHandler - 

Request DefaultFullHttpRequest(decodeResult: success, version: HTTP/1.1, content: EmptyByteBufBE)
GET /session/fabb2ffb76c94dcf75e21125cc463c12/url HTTP/1.1
User-Agent: selenium/4.4.0 (java windows)
Cache-Control: no-cache
Content-Type: application/json; charset=utf-8
host: localhost:50685
accept: */*

Response DefaultHttpResponse(decodeResult: success, version: HTTP/1.1)
HTTP/1.1 200 OK
Content-Type: application/json; charset=utf-8
cache-control: no-cache
content-length: 47

12:25:46.844 [AsyncHttpClient-1-2] DEBUG org.asynchttpclient.netty.channel.ChannelManager - Adding key: http://localhost:50685 for channel [id: 0xb083d4ec, L:/127.0.0.1:50937 - R:localhost/127.0.0.1:50685]
12:25:46.845 [Forwarding screenshot on session fabb2ffb76c94dcf75e21125cc463c12 to remote] DEBUG org.asynchttpclient.netty.request.NettyRequestSender - Using pooled Channel '[id: 0xb083d4ec, L:/127.0.0.1:50937 - R:localhost/127.0.0.1:50685]' for 'GET' to 'http://localhost:50685/session/fabb2ffb76c94dcf75e21125cc463c12/screenshot'
12:25:46.845 [Forwarding screenshot on session fabb2ffb76c94dcf75e21125cc463c12 to remote] DEBUG org.asynchttpclient.netty.request.NettyRequestSender - Using open Channel [id: 0xb083d4ec, L:/127.0.0.1:50937 - R:localhost/127.0.0.1:50685] for GET '/session/fabb2ffb76c94dcf75e21125cc463c12/screenshot'
12:25:47.001 [AsyncHttpClient-1-2] DEBUG org.asynchttpclient.netty.handler.HttpHandler - 

Request DefaultFullHttpRequest(decodeResult: success, version: HTTP/1.1, content: EmptyByteBufBE)
GET /session/fabb2ffb76c94dcf75e21125cc463c12/screenshot HTTP/1.1
User-Agent: selenium/4.4.0 (java windows)
Cache-Control: no-cache
Content-Type: application/json; charset=utf-8
host: localhost:50685
accept: */*

Response DefaultHttpResponse(decodeResult: success, version: HTTP/1.1)
HTTP/1.1 200 OK
Content-Type: application/json; charset=utf-8
cache-control: no-cache
content-length: 279572

12:25:47.002 [AsyncHttpClient-1-2] DEBUG org.asynchttpclient.netty.channel.ChannelManager - Adding key: http://localhost:50685 for channel [id: 0xb083d4ec, L:/127.0.0.1:50937 - R:localhost/127.0.0.1:50685]
12:25:47.012 [Test worker] DEBUG net.serenitybdd.core.photography.Darkroom - Send negative for processing for C:\Users\pcnit\Downloads\TestE2E\target\site\serenity\d51aadda9b477fdf55ff76cfe984ee337350f3eaba0ec2c51fff1728a26c9bca.png
12:25:47.013 [Darkroom Processing Line] DEBUG net.serenitybdd.core.photography.DarkroomProcessingLine - Processing screenshot image in /var/screenshots/screenshot-3975566230075806211
12:25:47.013 [Darkroom Processing Line] DEBUG net.serenitybdd.core.photography.DarkroomProcessingLine - Saving screenshot to C:\Users\pcnit\Downloads\TestE2E\target\site\serenity\d51aadda9b477fdf55ff76cfe984ee337350f3eaba0ec2c51fff1728a26c9bca.png
12:25:47.026 [Forwarding getPageSource on session fabb2ffb76c94dcf75e21125cc463c12 to remote] DEBUG org.asynchttpclient.netty.request.NettyRequestSender - Using pooled Channel '[id: 0xb083d4ec, L:/127.0.0.1:50937 - R:localhost/127.0.0.1:50685]' for 'POST' to 'http://localhost:50685/session/fabb2ffb76c94dcf75e21125cc463c12/execute/sync'
12:25:47.027 [Forwarding getPageSource on session fabb2ffb76c94dcf75e21125cc463c12 to remote] DEBUG org.asynchttpclient.netty.request.NettyRequestSender - Using open Channel [id: 0xb083d4ec, L:/127.0.0.1:50937 - R:localhost/127.0.0.1:50685] for POST '/session/fabb2ffb76c94dcf75e21125cc463c12/execute/sync'
12:25:47.035 [AsyncHttpClient-1-2] DEBUG org.asynchttpclient.netty.handler.HttpHandler - 

Request DefaultHttpRequest(decodeResult: success, version: HTTP/1.1)
POST /session/fabb2ffb76c94dcf75e21125cc463c12/execute/sync HTTP/1.1
User-Agent: selenium/4.4.0 (java windows)
Content-Length: 176
Content-Type: application/json; charset=utf-8
host: localhost:50685
accept: */*

Response DefaultHttpResponse(decodeResult: success, version: HTTP/1.1)
HTTP/1.1 200 OK
Content-Type: application/json; charset=utf-8
cache-control: no-cache
content-length: 59814

12:25:47.035 [AsyncHttpClient-1-2] DEBUG org.asynchttpclient.netty.channel.ChannelManager - Adding key: http://localhost:50685 for channel [id: 0xb083d4ec, L:/127.0.0.1:50937 - R:localhost/127.0.0.1:50685]
12:25:47.037 [Forwarding getCurrentUrl on session fabb2ffb76c94dcf75e21125cc463c12 to remote] DEBUG org.asynchttpclient.netty.request.NettyRequestSender - Using pooled Channel '[id: 0xb083d4ec, L:/127.0.0.1:50937 - R:localhost/127.0.0.1:50685]' for 'GET' to 'http://localhost:50685/session/fabb2ffb76c94dcf75e21125cc463c12/url'
12:25:47.037 [Forwarding getCurrentUrl on session fabb2ffb76c94dcf75e21125cc463c12 to remote] DEBUG org.asynchttpclient.netty.request.NettyRequestSender - Using open Channel [id: 0xb083d4ec, L:/127.0.0.1:50937 - R:localhost/127.0.0.1:50685] for GET '/session/fabb2ffb76c94dcf75e21125cc463c12/url'
12:25:47.053 [AsyncHttpClient-1-2] DEBUG org.asynchttpclient.netty.handler.HttpHandler - 

Request DefaultFullHttpRequest(decodeResult: success, version: HTTP/1.1, content: EmptyByteBufBE)
GET /session/fabb2ffb76c94dcf75e21125cc463c12/url HTTP/1.1
User-Agent: selenium/4.4.0 (java windows)
Cache-Control: no-cache
Content-Type: application/json; charset=utf-8
host: localhost:50685
accept: */*

Response DefaultHttpResponse(decodeResult: success, version: HTTP/1.1)
HTTP/1.1 200 OK
Content-Type: application/json; charset=utf-8
cache-control: no-cache
content-length: 47

12:25:47.054 [AsyncHttpClient-1-2] DEBUG org.asynchttpclient.netty.channel.ChannelManager - Adding key: http://localhost:50685 for channel [id: 0xb083d4ec, L:/127.0.0.1:50937 - R:localhost/127.0.0.1:50685]
12:25:47.097 [Forwarding getCurrentWindowHandle on session fabb2ffb76c94dcf75e21125cc463c12 to remote] DEBUG org.asynchttpclient.netty.request.NettyRequestSender - Using pooled Channel '[id: 0xb083d4ec, L:/127.0.0.1:50937 - R:localhost/127.0.0.1:50685]' for 'GET' to 'http://localhost:50685/session/fabb2ffb76c94dcf75e21125cc463c12/window'
12:25:47.097 [Forwarding getCurrentWindowHandle on session fabb2ffb76c94dcf75e21125cc463c12 to remote] DEBUG org.asynchttpclient.netty.request.NettyRequestSender - Using open Channel [id: 0xb083d4ec, L:/127.0.0.1:50937 - R:localhost/127.0.0.1:50685] for GET '/session/fabb2ffb76c94dcf75e21125cc463c12/window'
12:25:47.112 [AsyncHttpClient-1-2] DEBUG org.asynchttpclient.netty.handler.HttpHandler - 

Request DefaultFullHttpRequest(decodeResult: success, version: HTTP/1.1, content: EmptyByteBufBE)
GET /session/fabb2ffb76c94dcf75e21125cc463c12/window HTTP/1.1
User-Agent: selenium/4.4.0 (java windows)
Cache-Control: no-cache
Content-Type: application/json; charset=utf-8
host: localhost:50685
accept: */*

Response DefaultHttpResponse(decodeResult: success, version: HTTP/1.1)
HTTP/1.1 200 OK
Content-Type: application/json; charset=utf-8
cache-control: no-cache
content-length: 44

12:25:47.112 [AsyncHttpClient-1-2] DEBUG org.asynchttpclient.netty.channel.ChannelManager - Adding key: http://localhost:50685 for channel [id: 0xb083d4ec, L:/127.0.0.1:50937 - R:localhost/127.0.0.1:50685]
12:25:47.134 [Forwarding getAlertText on session fabb2ffb76c94dcf75e21125cc463c12 to remote] DEBUG org.asynchttpclient.netty.request.NettyRequestSender - Using pooled Channel '[id: 0xb083d4ec, L:/127.0.0.1:50937 - R:localhost/127.0.0.1:50685]' for 'GET' to 'http://localhost:50685/session/fabb2ffb76c94dcf75e21125cc463c12/alert/text'
12:25:47.134 [Forwarding getAlertText on session fabb2ffb76c94dcf75e21125cc463c12 to remote] DEBUG org.asynchttpclient.netty.request.NettyRequestSender - Using open Channel [id: 0xb083d4ec, L:/127.0.0.1:50937 - R:localhost/127.0.0.1:50685] for GET '/session/fabb2ffb76c94dcf75e21125cc463c12/alert/text'
12:25:47.149 [AsyncHttpClient-1-2] DEBUG org.asynchttpclient.netty.handler.HttpHandler - 

Request DefaultFullHttpRequest(decodeResult: success, version: HTTP/1.1, content: EmptyByteBufBE)
GET /session/fabb2ffb76c94dcf75e21125cc463c12/alert/text HTTP/1.1
User-Agent: selenium/4.4.0 (java windows)
Cache-Control: no-cache
Content-Type: application/json; charset=utf-8
host: localhost:50685
accept: */*

Response DefaultHttpResponse(decodeResult: success, version: HTTP/1.1)
HTTP/1.1 404 Not Found
Content-Type: application/json; charset=utf-8
cache-control: no-cache
content-length: 1045

12:25:47.149 [AsyncHttpClient-1-2] DEBUG org.asynchttpclient.netty.channel.ChannelManager - Adding key: http://localhost:50685 for channel [id: 0xb083d4ec, L:/127.0.0.1:50937 - R:localhost/127.0.0.1:50685]
12:25:47.164 [Forwarding switchToWindow on session fabb2ffb76c94dcf75e21125cc463c12 to remote] DEBUG org.asynchttpclient.netty.request.NettyRequestSender - Using pooled Channel '[id: 0xb083d4ec, L:/127.0.0.1:50937 - R:localhost/127.0.0.1:50685]' for 'POST' to 'http://localhost:50685/session/fabb2ffb76c94dcf75e21125cc463c12/window'
12:25:47.164 [Forwarding switchToWindow on session fabb2ffb76c94dcf75e21125cc463c12 to remote] DEBUG org.asynchttpclient.netty.request.NettyRequestSender - Using open Channel [id: 0xb083d4ec, L:/127.0.0.1:50937 - R:localhost/127.0.0.1:50685] for POST '/session/fabb2ffb76c94dcf75e21125cc463c12/window'
12:25:47.171 [AsyncHttpClient-1-2] DEBUG org.asynchttpclient.netty.handler.HttpHandler - 

Request DefaultHttpRequest(decodeResult: success, version: HTTP/1.1)
POST /session/fabb2ffb76c94dcf75e21125cc463c12/window HTTP/1.1
User-Agent: selenium/4.4.0 (java windows)
Content-Length: 50
Content-Type: application/json; charset=utf-8
host: localhost:50685
accept: */*

Response DefaultHttpResponse(decodeResult: success, version: HTTP/1.1)
HTTP/1.1 200 OK
Content-Type: application/json; charset=utf-8
cache-control: no-cache
content-length: 14

12:25:47.171 [AsyncHttpClient-1-2] DEBUG org.asynchttpclient.netty.channel.ChannelManager - Adding key: http://localhost:50685 for channel [id: 0xb083d4ec, L:/127.0.0.1:50937 - R:localhost/127.0.0.1:50685]
12:25:47.174 [Forwarding getCurrentUrl on session fabb2ffb76c94dcf75e21125cc463c12 to remote] DEBUG org.asynchttpclient.netty.request.NettyRequestSender - Using pooled Channel '[id: 0xb083d4ec, L:/127.0.0.1:50937 - R:localhost/127.0.0.1:50685]' for 'GET' to 'http://localhost:50685/session/fabb2ffb76c94dcf75e21125cc463c12/url'
12:25:47.174 [Forwarding getCurrentUrl on session fabb2ffb76c94dcf75e21125cc463c12 to remote] DEBUG org.asynchttpclient.netty.request.NettyRequestSender - Using open Channel [id: 0xb083d4ec, L:/127.0.0.1:50937 - R:localhost/127.0.0.1:50685] for GET '/session/fabb2ffb76c94dcf75e21125cc463c12/url'
12:25:47.196 [AsyncHttpClient-1-2] DEBUG org.asynchttpclient.netty.handler.HttpHandler - 

Request DefaultFullHttpRequest(decodeResult: success, version: HTTP/1.1, content: EmptyByteBufBE)
GET /session/fabb2ffb76c94dcf75e21125cc463c12/url HTTP/1.1
User-Agent: selenium/4.4.0 (java windows)
Cache-Control: no-cache
Content-Type: application/json; charset=utf-8
host: localhost:50685
accept: */*

Response DefaultHttpResponse(decodeResult: success, version: HTTP/1.1)
HTTP/1.1 200 OK
Content-Type: application/json; charset=utf-8
cache-control: no-cache
content-length: 47

12:25:47.196 [AsyncHttpClient-1-2] DEBUG org.asynchttpclient.netty.channel.ChannelManager - Adding key: http://localhost:50685 for channel [id: 0xb083d4ec, L:/127.0.0.1:50937 - R:localhost/127.0.0.1:50685]
12:25:47.196 [Forwarding screenshot on session fabb2ffb76c94dcf75e21125cc463c12 to remote] DEBUG org.asynchttpclient.netty.request.NettyRequestSender - Using pooled Channel '[id: 0xb083d4ec, L:/127.0.0.1:50937 - R:localhost/127.0.0.1:50685]' for 'GET' to 'http://localhost:50685/session/fabb2ffb76c94dcf75e21125cc463c12/screenshot'
12:25:47.196 [Forwarding screenshot on session fabb2ffb76c94dcf75e21125cc463c12 to remote] DEBUG org.asynchttpclient.netty.request.NettyRequestSender - Using open Channel [id: 0xb083d4ec, L:/127.0.0.1:50937 - R:localhost/127.0.0.1:50685] for GET '/session/fabb2ffb76c94dcf75e21125cc463c12/screenshot'
12:25:47.321 [AsyncHttpClient-1-2] DEBUG org.asynchttpclient.netty.handler.HttpHandler - 

Request DefaultFullHttpRequest(decodeResult: success, version: HTTP/1.1, content: EmptyByteBufBE)
GET /session/fabb2ffb76c94dcf75e21125cc463c12/screenshot HTTP/1.1
User-Agent: selenium/4.4.0 (java windows)
Cache-Control: no-cache
Content-Type: application/json; charset=utf-8
host: localhost:50685
accept: */*

Response DefaultHttpResponse(decodeResult: success, version: HTTP/1.1)
HTTP/1.1 200 OK
Content-Type: application/json; charset=utf-8
cache-control: no-cache
content-length: 259372

12:25:47.323 [AsyncHttpClient-1-2] DEBUG org.asynchttpclient.netty.channel.ChannelManager - Adding key: http://localhost:50685 for channel [id: 0xb083d4ec, L:/127.0.0.1:50937 - R:localhost/127.0.0.1:50685]
12:25:47.332 [Test worker] DEBUG net.serenitybdd.core.photography.Darkroom - Send negative for processing for C:\Users\pcnit\Downloads\TestE2E\target\site\serenity\d2dcd5666b812f491c55ed8122b835a9087c09ea106054a095f2ee195ca6fbb6.png
12:25:47.333 [Test worker] DEBUG net.thucydides.core.steps.StepInterceptor - STEP DONE: {0} clicks on #target
12:25:47.333 [Darkroom Processing Line] DEBUG net.serenitybdd.core.photography.DarkroomProcessingLine - Processing screenshot image in /var/screenshots/screenshot-13391452047817446684
12:25:47.333 [Darkroom Processing Line] DEBUG net.serenitybdd.core.photography.DarkroomProcessingLine - Saving screenshot to C:\Users\pcnit\Downloads\TestE2E\target\site\serenity\d2dcd5666b812f491c55ed8122b835a9087c09ea106054a095f2ee195ca6fbb6.png
12:25:47.361 [Test worker] DEBUG net.thucydides.core.steps.StepInterceptor - STEP DONE: performAs
  ?[32mCuando ?[0m?[32mVayas al carrito de compras llena el formulario?[0m ?[90m# co.com.screemplay.project.stepdefinition.CompleteStep.addCar()?[0m
12:25:47.404 [Forwarding getCurrentWindowHandle on session fabb2ffb76c94dcf75e21125cc463c12 to remote] DEBUG org.asynchttpclient.netty.request.NettyRequestSender - Using pooled Channel '[id: 0xb083d4ec, L:/127.0.0.1:50937 - R:localhost/127.0.0.1:50685]' for 'GET' to 'http://localhost:50685/session/fabb2ffb76c94dcf75e21125cc463c12/window'
12:25:47.404 [Forwarding getCurrentWindowHandle on session fabb2ffb76c94dcf75e21125cc463c12 to remote] DEBUG org.asynchttpclient.netty.request.NettyRequestSender - Using open Channel [id: 0xb083d4ec, L:/127.0.0.1:50937 - R:localhost/127.0.0.1:50685] for GET '/session/fabb2ffb76c94dcf75e21125cc463c12/window'
12:25:47.415 [AsyncHttpClient-1-2] DEBUG org.asynchttpclient.netty.handler.HttpHandler - 

Request DefaultFullHttpRequest(decodeResult: success, version: HTTP/1.1, content: EmptyByteBufBE)
GET /session/fabb2ffb76c94dcf75e21125cc463c12/window HTTP/1.1
User-Agent: selenium/4.4.0 (java windows)
Cache-Control: no-cache
Content-Type: application/json; charset=utf-8
host: localhost:50685
accept: */*

Response DefaultHttpResponse(decodeResult: success, version: HTTP/1.1)
HTTP/1.1 200 OK
Content-Type: application/json; charset=utf-8
cache-control: no-cache
content-length: 44

12:25:47.415 [AsyncHttpClient-1-2] DEBUG org.asynchttpclient.netty.channel.ChannelManager - Adding key: http://localhost:50685 for channel [id: 0xb083d4ec, L:/127.0.0.1:50937 - R:localhost/127.0.0.1:50685]
12:25:47.424 [Forwarding getAlertText on session fabb2ffb76c94dcf75e21125cc463c12 to remote] DEBUG org.asynchttpclient.netty.request.NettyRequestSender - Using pooled Channel '[id: 0xb083d4ec, L:/127.0.0.1:50937 - R:localhost/127.0.0.1:50685]' for 'GET' to 'http://localhost:50685/session/fabb2ffb76c94dcf75e21125cc463c12/alert/text'
12:25:47.424 [Forwarding getAlertText on session fabb2ffb76c94dcf75e21125cc463c12 to remote] DEBUG org.asynchttpclient.netty.request.NettyRequestSender - Using open Channel [id: 0xb083d4ec, L:/127.0.0.1:50937 - R:localhost/127.0.0.1:50685] for GET '/session/fabb2ffb76c94dcf75e21125cc463c12/alert/text'
12:25:47.434 [AsyncHttpClient-1-2] DEBUG org.asynchttpclient.netty.handler.HttpHandler - 

Request DefaultFullHttpRequest(decodeResult: success, version: HTTP/1.1, content: EmptyByteBufBE)
GET /session/fabb2ffb76c94dcf75e21125cc463c12/alert/text HTTP/1.1
User-Agent: selenium/4.4.0 (java windows)
Cache-Control: no-cache
Content-Type: application/json; charset=utf-8
host: localhost:50685
accept: */*

Response DefaultHttpResponse(decodeResult: success, version: HTTP/1.1)
HTTP/1.1 404 Not Found
Content-Type: application/json; charset=utf-8
cache-control: no-cache
content-length: 1045

12:25:47.435 [AsyncHttpClient-1-2] DEBUG org.asynchttpclient.netty.channel.ChannelManager - Adding key: http://localhost:50685 for channel [id: 0xb083d4ec, L:/127.0.0.1:50937 - R:localhost/127.0.0.1:50685]
12:25:47.450 [Forwarding switchToWindow on session fabb2ffb76c94dcf75e21125cc463c12 to remote] DEBUG org.asynchttpclient.netty.request.NettyRequestSender - Using pooled Channel '[id: 0xb083d4ec, L:/127.0.0.1:50937 - R:localhost/127.0.0.1:50685]' for 'POST' to 'http://localhost:50685/session/fabb2ffb76c94dcf75e21125cc463c12/window'
12:25:47.450 [Forwarding switchToWindow on session fabb2ffb76c94dcf75e21125cc463c12 to remote] DEBUG org.asynchttpclient.netty.request.NettyRequestSender - Using open Channel [id: 0xb083d4ec, L:/127.0.0.1:50937 - R:localhost/127.0.0.1:50685] for POST '/session/fabb2ffb76c94dcf75e21125cc463c12/window'
12:25:47.454 [AsyncHttpClient-1-2] DEBUG org.asynchttpclient.netty.handler.HttpHandler - 

Request DefaultHttpRequest(decodeResult: success, version: HTTP/1.1)
POST /session/fabb2ffb76c94dcf75e21125cc463c12/window HTTP/1.1
User-Agent: selenium/4.4.0 (java windows)
Content-Length: 50
Content-Type: application/json; charset=utf-8
host: localhost:50685
accept: */*

Response DefaultHttpResponse(decodeResult: success, version: HTTP/1.1)
HTTP/1.1 200 OK
Content-Type: application/json; charset=utf-8
cache-control: no-cache
content-length: 14

12:25:47.454 [AsyncHttpClient-1-2] DEBUG org.asynchttpclient.netty.channel.ChannelManager - Adding key: http://localhost:50685 for channel [id: 0xb083d4ec, L:/127.0.0.1:50937 - R:localhost/127.0.0.1:50685]
12:25:47.454 [Forwarding getCurrentUrl on session fabb2ffb76c94dcf75e21125cc463c12 to remote] DEBUG org.asynchttpclient.netty.request.NettyRequestSender - Using pooled Channel '[id: 0xb083d4ec, L:/127.0.0.1:50937 - R:localhost/127.0.0.1:50685]' for 'GET' to 'http://localhost:50685/session/fabb2ffb76c94dcf75e21125cc463c12/url'
12:25:47.454 [Forwarding getCurrentUrl on session fabb2ffb76c94dcf75e21125cc463c12 to remote] DEBUG org.asynchttpclient.netty.request.NettyRequestSender - Using open Channel [id: 0xb083d4ec, L:/127.0.0.1:50937 - R:localhost/127.0.0.1:50685] for GET '/session/fabb2ffb76c94dcf75e21125cc463c12/url'
12:25:47.473 [AsyncHttpClient-1-2] DEBUG org.asynchttpclient.netty.handler.HttpHandler - 

Request DefaultFullHttpRequest(decodeResult: success, version: HTTP/1.1, content: EmptyByteBufBE)
GET /session/fabb2ffb76c94dcf75e21125cc463c12/url HTTP/1.1
User-Agent: selenium/4.4.0 (java windows)
Cache-Control: no-cache
Content-Type: application/json; charset=utf-8
host: localhost:50685
accept: */*

Response DefaultHttpResponse(decodeResult: success, version: HTTP/1.1)
HTTP/1.1 200 OK
Content-Type: application/json; charset=utf-8
cache-control: no-cache
content-length: 47

12:25:47.473 [AsyncHttpClient-1-2] DEBUG org.asynchttpclient.netty.channel.ChannelManager - Adding key: http://localhost:50685 for channel [id: 0xb083d4ec, L:/127.0.0.1:50937 - R:localhost/127.0.0.1:50685]
12:25:47.474 [Forwarding screenshot on session fabb2ffb76c94dcf75e21125cc463c12 to remote] DEBUG org.asynchttpclient.netty.request.NettyRequestSender - Using pooled Channel '[id: 0xb083d4ec, L:/127.0.0.1:50937 - R:localhost/127.0.0.1:50685]' for 'GET' to 'http://localhost:50685/session/fabb2ffb76c94dcf75e21125cc463c12/screenshot'
12:25:47.474 [Forwarding screenshot on session fabb2ffb76c94dcf75e21125cc463c12 to remote] DEBUG org.asynchttpclient.netty.request.NettyRequestSender - Using open Channel [id: 0xb083d4ec, L:/127.0.0.1:50937 - R:localhost/127.0.0.1:50685] for GET '/session/fabb2ffb76c94dcf75e21125cc463c12/screenshot'
12:25:47.479 [AsyncHttpClient-1-1] DEBUG org.asynchttpclient.netty.channel.DefaultChannelPool - Entry count for : http://localhost:50938 : 1
12:25:47.600 [AsyncHttpClient-1-2] DEBUG org.asynchttpclient.netty.handler.HttpHandler - 

Request DefaultFullHttpRequest(decodeResult: success, version: HTTP/1.1, content: EmptyByteBufBE)
GET /session/fabb2ffb76c94dcf75e21125cc463c12/screenshot HTTP/1.1
User-Agent: selenium/4.4.0 (java windows)
Cache-Control: no-cache
Content-Type: application/json; charset=utf-8
host: localhost:50685
accept: */*

Response DefaultHttpResponse(decodeResult: success, version: HTTP/1.1)
HTTP/1.1 200 OK
Content-Type: application/json; charset=utf-8
cache-control: no-cache
content-length: 259692

12:25:47.601 [AsyncHttpClient-1-2] DEBUG org.asynchttpclient.netty.channel.ChannelManager - Adding key: http://localhost:50685 for channel [id: 0xb083d4ec, L:/127.0.0.1:50937 - R:localhost/127.0.0.1:50685]
12:25:47.609 [Test worker] DEBUG net.serenitybdd.core.photography.Darkroom - Send negative for processing for C:\Users\pcnit\Downloads\TestE2E\target\site\serenity\75117bfc312f0826601358480fdcbb945ecb4a37fd071bbb472f5f1d49ca2ed2.png
12:25:47.610 [Darkroom Processing Line] DEBUG net.serenitybdd.core.photography.DarkroomProcessingLine - Processing screenshot image in /var/screenshots/screenshot-8882333640116196545
12:25:47.610 [Darkroom Processing Line] DEBUG net.serenitybdd.core.photography.DarkroomProcessingLine - Saving screenshot to C:\Users\pcnit\Downloads\TestE2E\target\site\serenity\75117bfc312f0826601358480fdcbb945ecb4a37fd071bbb472f5f1d49ca2ed2.png
12:25:47.632 [Forwarding getPageSource on session fabb2ffb76c94dcf75e21125cc463c12 to remote] DEBUG org.asynchttpclient.netty.request.NettyRequestSender - Using pooled Channel '[id: 0xb083d4ec, L:/127.0.0.1:50937 - R:localhost/127.0.0.1:50685]' for 'POST' to 'http://localhost:50685/session/fabb2ffb76c94dcf75e21125cc463c12/execute/sync'
12:25:47.633 [Forwarding getPageSource on session fabb2ffb76c94dcf75e21125cc463c12 to remote] DEBUG org.asynchttpclient.netty.request.NettyRequestSender - Using open Channel [id: 0xb083d4ec, L:/127.0.0.1:50937 - R:localhost/127.0.0.1:50685] for POST '/session/fabb2ffb76c94dcf75e21125cc463c12/execute/sync'
12:25:47.650 [AsyncHttpClient-1-2] DEBUG org.asynchttpclient.netty.handler.HttpHandler - 

Request DefaultHttpRequest(decodeResult: success, version: HTTP/1.1)
POST /session/fabb2ffb76c94dcf75e21125cc463c12/execute/sync HTTP/1.1
User-Agent: selenium/4.4.0 (java windows)
Content-Length: 176
Content-Type: application/json; charset=utf-8
host: localhost:50685
accept: */*

Response DefaultHttpResponse(decodeResult: success, version: HTTP/1.1)
HTTP/1.1 200 OK
Content-Type: application/json; charset=utf-8
cache-control: no-cache
content-length: 59822

12:25:47.650 [AsyncHttpClient-1-2] DEBUG org.asynchttpclient.netty.channel.ChannelManager - Adding key: http://localhost:50685 for channel [id: 0xb083d4ec, L:/127.0.0.1:50937 - R:localhost/127.0.0.1:50685]
12:25:47.658 [Forwarding getCurrentUrl on session fabb2ffb76c94dcf75e21125cc463c12 to remote] DEBUG org.asynchttpclient.netty.request.NettyRequestSender - Using pooled Channel '[id: 0xb083d4ec, L:/127.0.0.1:50937 - R:localhost/127.0.0.1:50685]' for 'GET' to 'http://localhost:50685/session/fabb2ffb76c94dcf75e21125cc463c12/url'
12:25:47.658 [Forwarding getCurrentUrl on session fabb2ffb76c94dcf75e21125cc463c12 to remote] DEBUG org.asynchttpclient.netty.request.NettyRequestSender - Using open Channel [id: 0xb083d4ec, L:/127.0.0.1:50937 - R:localhost/127.0.0.1:50685] for GET '/session/fabb2ffb76c94dcf75e21125cc463c12/url'
12:25:47.673 [AsyncHttpClient-1-2] DEBUG org.asynchttpclient.netty.handler.HttpHandler - 

Request DefaultFullHttpRequest(decodeResult: success, version: HTTP/1.1, content: EmptyByteBufBE)
GET /session/fabb2ffb76c94dcf75e21125cc463c12/url HTTP/1.1
User-Agent: selenium/4.4.0 (java windows)
Cache-Control: no-cache
Content-Type: application/json; charset=utf-8
host: localhost:50685
accept: */*

Response DefaultHttpResponse(decodeResult: success, version: HTTP/1.1)
HTTP/1.1 200 OK
Content-Type: application/json; charset=utf-8
cache-control: no-cache
content-length: 47

12:25:47.673 [AsyncHttpClient-1-2] DEBUG org.asynchttpclient.netty.channel.ChannelManager - Adding key: http://localhost:50685 for channel [id: 0xb083d4ec, L:/127.0.0.1:50937 - R:localhost/127.0.0.1:50685]
12:25:47.721 [Forwarding getCurrentWindowHandle on session fabb2ffb76c94dcf75e21125cc463c12 to remote] DEBUG org.asynchttpclient.netty.request.NettyRequestSender - Using pooled Channel '[id: 0xb083d4ec, L:/127.0.0.1:50937 - R:localhost/127.0.0.1:50685]' for 'GET' to 'http://localhost:50685/session/fabb2ffb76c94dcf75e21125cc463c12/window'
12:25:47.721 [Forwarding getCurrentWindowHandle on session fabb2ffb76c94dcf75e21125cc463c12 to remote] DEBUG org.asynchttpclient.netty.request.NettyRequestSender - Using open Channel [id: 0xb083d4ec, L:/127.0.0.1:50937 - R:localhost/127.0.0.1:50685] for GET '/session/fabb2ffb76c94dcf75e21125cc463c12/window'
12:25:47.731 [AsyncHttpClient-1-2] DEBUG org.asynchttpclient.netty.handler.HttpHandler - 

Request DefaultFullHttpRequest(decodeResult: success, version: HTTP/1.1, content: EmptyByteBufBE)
GET /session/fabb2ffb76c94dcf75e21125cc463c12/window HTTP/1.1
User-Agent: selenium/4.4.0 (java windows)
Cache-Control: no-cache
Content-Type: application/json; charset=utf-8
host: localhost:50685
accept: */*

Response DefaultHttpResponse(decodeResult: success, version: HTTP/1.1)
HTTP/1.1 200 OK
Content-Type: application/json; charset=utf-8
cache-control: no-cache
content-length: 44

12:25:47.731 [AsyncHttpClient-1-2] DEBUG org.asynchttpclient.netty.channel.ChannelManager - Adding key: http://localhost:50685 for channel [id: 0xb083d4ec, L:/127.0.0.1:50937 - R:localhost/127.0.0.1:50685]
12:25:47.744 [Forwarding getAlertText on session fabb2ffb76c94dcf75e21125cc463c12 to remote] DEBUG org.asynchttpclient.netty.request.NettyRequestSender - Using pooled Channel '[id: 0xb083d4ec, L:/127.0.0.1:50937 - R:localhost/127.0.0.1:50685]' for 'GET' to 'http://localhost:50685/session/fabb2ffb76c94dcf75e21125cc463c12/alert/text'
12:25:47.744 [Forwarding getAlertText on session fabb2ffb76c94dcf75e21125cc463c12 to remote] DEBUG org.asynchttpclient.netty.request.NettyRequestSender - Using open Channel [id: 0xb083d4ec, L:/127.0.0.1:50937 - R:localhost/127.0.0.1:50685] for GET '/session/fabb2ffb76c94dcf75e21125cc463c12/alert/text'
12:25:47.761 [AsyncHttpClient-1-2] DEBUG org.asynchttpclient.netty.handler.HttpHandler - 

Request DefaultFullHttpRequest(decodeResult: success, version: HTTP/1.1, content: EmptyByteBufBE)
GET /session/fabb2ffb76c94dcf75e21125cc463c12/alert/text HTTP/1.1
User-Agent: selenium/4.4.0 (java windows)
Cache-Control: no-cache
Content-Type: application/json; charset=utf-8
host: localhost:50685
accept: */*

Response DefaultHttpResponse(decodeResult: success, version: HTTP/1.1)
HTTP/1.1 404 Not Found
Content-Type: application/json; charset=utf-8
cache-control: no-cache
content-length: 1045

12:25:47.761 [AsyncHttpClient-1-2] DEBUG org.asynchttpclient.netty.channel.ChannelManager - Adding key: http://localhost:50685 for channel [id: 0xb083d4ec, L:/127.0.0.1:50937 - R:localhost/127.0.0.1:50685]
12:25:47.773 [Forwarding switchToWindow on session fabb2ffb76c94dcf75e21125cc463c12 to remote] DEBUG org.asynchttpclient.netty.request.NettyRequestSender - Using pooled Channel '[id: 0xb083d4ec, L:/127.0.0.1:50937 - R:localhost/127.0.0.1:50685]' for 'POST' to 'http://localhost:50685/session/fabb2ffb76c94dcf75e21125cc463c12/window'
12:25:47.773 [Forwarding switchToWindow on session fabb2ffb76c94dcf75e21125cc463c12 to remote] DEBUG org.asynchttpclient.netty.request.NettyRequestSender - Using open Channel [id: 0xb083d4ec, L:/127.0.0.1:50937 - R:localhost/127.0.0.1:50685] for POST '/session/fabb2ffb76c94dcf75e21125cc463c12/window'
12:25:47.779 [AsyncHttpClient-1-2] DEBUG org.asynchttpclient.netty.handler.HttpHandler - 

Request DefaultHttpRequest(decodeResult: success, version: HTTP/1.1)
POST /session/fabb2ffb76c94dcf75e21125cc463c12/window HTTP/1.1
User-Agent: selenium/4.4.0 (java windows)
Content-Length: 50
Content-Type: application/json; charset=utf-8
host: localhost:50685
accept: */*

Response DefaultHttpResponse(decodeResult: success, version: HTTP/1.1)
HTTP/1.1 200 OK
Content-Type: application/json; charset=utf-8
cache-control: no-cache
content-length: 14

12:25:47.780 [AsyncHttpClient-1-2] DEBUG org.asynchttpclient.netty.channel.ChannelManager - Adding key: http://localhost:50685 for channel [id: 0xb083d4ec, L:/127.0.0.1:50937 - R:localhost/127.0.0.1:50685]
12:25:47.781 [Forwarding getCurrentUrl on session fabb2ffb76c94dcf75e21125cc463c12 to remote] DEBUG org.asynchttpclient.netty.request.NettyRequestSender - Using pooled Channel '[id: 0xb083d4ec, L:/127.0.0.1:50937 - R:localhost/127.0.0.1:50685]' for 'GET' to 'http://localhost:50685/session/fabb2ffb76c94dcf75e21125cc463c12/url'
12:25:47.781 [Forwarding getCurrentUrl on session fabb2ffb76c94dcf75e21125cc463c12 to remote] DEBUG org.asynchttpclient.netty.request.NettyRequestSender - Using open Channel [id: 0xb083d4ec, L:/127.0.0.1:50937 - R:localhost/127.0.0.1:50685] for GET '/session/fabb2ffb76c94dcf75e21125cc463c12/url'
12:25:47.800 [AsyncHttpClient-1-2] DEBUG org.asynchttpclient.netty.handler.HttpHandler - 

Request DefaultFullHttpRequest(decodeResult: success, version: HTTP/1.1, content: EmptyByteBufBE)
GET /session/fabb2ffb76c94dcf75e21125cc463c12/url HTTP/1.1
User-Agent: selenium/4.4.0 (java windows)
Cache-Control: no-cache
Content-Type: application/json; charset=utf-8
host: localhost:50685
accept: */*

Response DefaultHttpResponse(decodeResult: success, version: HTTP/1.1)
HTTP/1.1 200 OK
Content-Type: application/json; charset=utf-8
cache-control: no-cache
content-length: 47

12:25:47.800 [AsyncHttpClient-1-2] DEBUG org.asynchttpclient.netty.channel.ChannelManager - Adding key: http://localhost:50685 for channel [id: 0xb083d4ec, L:/127.0.0.1:50937 - R:localhost/127.0.0.1:50685]
12:25:47.801 [Forwarding screenshot on session fabb2ffb76c94dcf75e21125cc463c12 to remote] DEBUG org.asynchttpclient.netty.request.NettyRequestSender - Using pooled Channel '[id: 0xb083d4ec, L:/127.0.0.1:50937 - R:localhost/127.0.0.1:50685]' for 'GET' to 'http://localhost:50685/session/fabb2ffb76c94dcf75e21125cc463c12/screenshot'
12:25:47.801 [Forwarding screenshot on session fabb2ffb76c94dcf75e21125cc463c12 to remote] DEBUG org.asynchttpclient.netty.request.NettyRequestSender - Using open Channel [id: 0xb083d4ec, L:/127.0.0.1:50937 - R:localhost/127.0.0.1:50685] for GET '/session/fabb2ffb76c94dcf75e21125cc463c12/screenshot'
12:25:47.920 [AsyncHttpClient-1-2] DEBUG org.asynchttpclient.netty.handler.HttpHandler - 

Request DefaultFullHttpRequest(decodeResult: success, version: HTTP/1.1, content: EmptyByteBufBE)
GET /session/fabb2ffb76c94dcf75e21125cc463c12/screenshot HTTP/1.1
User-Agent: selenium/4.4.0 (java windows)
Cache-Control: no-cache
Content-Type: application/json; charset=utf-8
host: localhost:50685
accept: */*

Response DefaultHttpResponse(decodeResult: success, version: HTTP/1.1)
HTTP/1.1 200 OK
Content-Type: application/json; charset=utf-8
cache-control: no-cache
content-length: 259692

12:25:47.921 [AsyncHttpClient-1-2] DEBUG org.asynchttpclient.netty.channel.ChannelManager - Adding key: http://localhost:50685 for channel [id: 0xb083d4ec, L:/127.0.0.1:50937 - R:localhost/127.0.0.1:50685]
12:25:47.935 [Test worker] DEBUG net.serenitybdd.core.photography.Darkroom - Send negative for processing for C:\Users\pcnit\Downloads\TestE2E\target\site\serenity\75117bfc312f0826601358480fdcbb945ecb4a37fd071bbb472f5f1d49ca2ed2.png
12:25:47.946 [Forwarding getPageSource on session fabb2ffb76c94dcf75e21125cc463c12 to remote] DEBUG org.asynchttpclient.netty.request.NettyRequestSender - Using pooled Channel '[id: 0xb083d4ec, L:/127.0.0.1:50937 - R:localhost/127.0.0.1:50685]' for 'POST' to 'http://localhost:50685/session/fabb2ffb76c94dcf75e21125cc463c12/execute/sync'
12:25:47.946 [Forwarding getPageSource on session fabb2ffb76c94dcf75e21125cc463c12 to remote] DEBUG org.asynchttpclient.netty.request.NettyRequestSender - Using open Channel [id: 0xb083d4ec, L:/127.0.0.1:50937 - R:localhost/127.0.0.1:50685] for POST '/session/fabb2ffb76c94dcf75e21125cc463c12/execute/sync'
12:25:47.968 [AsyncHttpClient-1-2] DEBUG org.asynchttpclient.netty.handler.HttpHandler - 

Request DefaultHttpRequest(decodeResult: success, version: HTTP/1.1)
POST /session/fabb2ffb76c94dcf75e21125cc463c12/execute/sync HTTP/1.1
User-Agent: selenium/4.4.0 (java windows)
Content-Length: 176
Content-Type: application/json; charset=utf-8
host: localhost:50685
accept: */*

Response DefaultHttpResponse(decodeResult: success, version: HTTP/1.1)
HTTP/1.1 200 OK
Content-Type: application/json; charset=utf-8
cache-control: no-cache
content-length: 59822

12:25:47.968 [AsyncHttpClient-1-2] DEBUG org.asynchttpclient.netty.channel.ChannelManager - Adding key: http://localhost:50685 for channel [id: 0xb083d4ec, L:/127.0.0.1:50937 - R:localhost/127.0.0.1:50685]
12:25:47.972 [Forwarding getCurrentUrl on session fabb2ffb76c94dcf75e21125cc463c12 to remote] DEBUG org.asynchttpclient.netty.request.NettyRequestSender - Using pooled Channel '[id: 0xb083d4ec, L:/127.0.0.1:50937 - R:localhost/127.0.0.1:50685]' for 'GET' to 'http://localhost:50685/session/fabb2ffb76c94dcf75e21125cc463c12/url'
12:25:47.972 [Forwarding getCurrentUrl on session fabb2ffb76c94dcf75e21125cc463c12 to remote] DEBUG org.asynchttpclient.netty.request.NettyRequestSender - Using open Channel [id: 0xb083d4ec, L:/127.0.0.1:50937 - R:localhost/127.0.0.1:50685] for GET '/session/fabb2ffb76c94dcf75e21125cc463c12/url'
12:25:47.993 [AsyncHttpClient-1-2] DEBUG org.asynchttpclient.netty.handler.HttpHandler - 

Request DefaultFullHttpRequest(decodeResult: success, version: HTTP/1.1, content: EmptyByteBufBE)
GET /session/fabb2ffb76c94dcf75e21125cc463c12/url HTTP/1.1
User-Agent: selenium/4.4.0 (java windows)
Cache-Control: no-cache
Content-Type: application/json; charset=utf-8
host: localhost:50685
accept: */*

Response DefaultHttpResponse(decodeResult: success, version: HTTP/1.1)
HTTP/1.1 200 OK
Content-Type: application/json; charset=utf-8
cache-control: no-cache
content-length: 47

12:25:47.993 [AsyncHttpClient-1-2] DEBUG org.asynchttpclient.netty.channel.ChannelManager - Adding key: http://localhost:50685 for channel [id: 0xb083d4ec, L:/127.0.0.1:50937 - R:localhost/127.0.0.1:50685]
12:25:47.997 [Test worker] DEBUG net.thucydides.core.steps.StepInterceptor - STARTING STEP: CompleteStep.endBuy - performAs
12:25:47.997 [Test worker] DEBUG net.serenitybdd.screenplay.targets.IFrameSwitcher - default content already selected for Thank you for your purchase! 
12:25:48.028 [Forwarding findElement on session fabb2ffb76c94dcf75e21125cc463c12 to remote] DEBUG org.asynchttpclient.netty.request.NettyRequestSender - Using pooled Channel '[id: 0xb083d4ec, L:/127.0.0.1:50937 - R:localhost/127.0.0.1:50685]' for 'POST' to 'http://localhost:50685/session/fabb2ffb76c94dcf75e21125cc463c12/element'
12:25:48.028 [Forwarding findElement on session fabb2ffb76c94dcf75e21125cc463c12 to remote] DEBUG org.asynchttpclient.netty.request.NettyRequestSender - Using open Channel [id: 0xb083d4ec, L:/127.0.0.1:50937 - R:localhost/127.0.0.1:50685] for POST '/session/fabb2ffb76c94dcf75e21125cc463c12/element'
12:25:48.057 [AsyncHttpClient-1-2] DEBUG org.asynchttpclient.netty.handler.HttpHandler - 

Request DefaultHttpRequest(decodeResult: success, version: HTTP/1.1)
POST /session/fabb2ffb76c94dcf75e21125cc463c12/element HTTP/1.1
User-Agent: selenium/4.4.0 (java windows)
Content-Length: 78
Content-Type: application/json; charset=utf-8
host: localhost:50685
accept: */*

Response DefaultHttpResponse(decodeResult: success, version: HTTP/1.1)
HTTP/1.1 200 OK
Content-Type: application/json; charset=utf-8
cache-control: no-cache
content-length: 127

12:25:48.057 [AsyncHttpClient-1-2] DEBUG org.asynchttpclient.netty.channel.ChannelManager - Adding key: http://localhost:50685 for channel [id: 0xb083d4ec, L:/127.0.0.1:50937 - R:localhost/127.0.0.1:50685]
12:25:48.058 [Forwarding getElementText on session fabb2ffb76c94dcf75e21125cc463c12 to remote] DEBUG org.asynchttpclient.netty.request.NettyRequestSender - Using pooled Channel '[id: 0xb083d4ec, L:/127.0.0.1:50937 - R:localhost/127.0.0.1:50685]' for 'GET' to 'http://localhost:50685/session/fabb2ffb76c94dcf75e21125cc463c12/element/f.7E9A709675F02E7E9E4ECE1EF325ABA8.d.D17DAE1392C999D3787AF96F6DDE3A4D.e.435/text'
12:25:48.058 [Forwarding getElementText on session fabb2ffb76c94dcf75e21125cc463c12 to remote] DEBUG org.asynchttpclient.netty.request.NettyRequestSender - Using open Channel [id: 0xb083d4ec, L:/127.0.0.1:50937 - R:localhost/127.0.0.1:50685] for GET '/session/fabb2ffb76c94dcf75e21125cc463c12/element/f.7E9A709675F02E7E9E4ECE1EF325ABA8.d.D17DAE1392C999D3787AF96F6DDE3A4D.e.435/text'
12:25:48.094 [AsyncHttpClient-1-2] DEBUG org.asynchttpclient.netty.handler.HttpHandler - 

Request DefaultFullHttpRequest(decodeResult: success, version: HTTP/1.1, content: EmptyByteBufBE)
GET /session/fabb2ffb76c94dcf75e21125cc463c12/element/f.7E9A709675F02E7E9E4ECE1EF325ABA8.d.D17DAE1392C999D3787AF96F6DDE3A4D.e.435/text HTTP/1.1
User-Agent: selenium/4.4.0 (java windows)
Cache-Control: no-cache
Content-Type: application/json; charset=utf-8
host: localhost:50685
accept: */*

Response DefaultHttpResponse(decodeResult: success, version: HTTP/1.1)
HTTP/1.1 200 OK
Content-Type: application/json; charset=utf-8
cache-control: no-cache
content-length: 40

12:25:48.094 [AsyncHttpClient-1-2] DEBUG org.asynchttpclient.netty.channel.ChannelManager - Adding key: http://localhost:50685 for channel [id: 0xb083d4ec, L:/127.0.0.1:50937 - R:localhost/127.0.0.1:50685]
12:25:48.133 [Forwarding getCurrentWindowHandle on session fabb2ffb76c94dcf75e21125cc463c12 to remote] DEBUG org.asynchttpclient.netty.request.NettyRequestSender - Using pooled Channel '[id: 0xb083d4ec, L:/127.0.0.1:50937 - R:localhost/127.0.0.1:50685]' for 'GET' to 'http://localhost:50685/session/fabb2ffb76c94dcf75e21125cc463c12/window'
12:25:48.133 [Forwarding getCurrentWindowHandle on session fabb2ffb76c94dcf75e21125cc463c12 to remote] DEBUG org.asynchttpclient.netty.request.NettyRequestSender - Using open Channel [id: 0xb083d4ec, L:/127.0.0.1:50937 - R:localhost/127.0.0.1:50685] for GET '/session/fabb2ffb76c94dcf75e21125cc463c12/window'
12:25:48.146 [AsyncHttpClient-1-2] DEBUG org.asynchttpclient.netty.handler.HttpHandler - 

Request DefaultFullHttpRequest(decodeResult: success, version: HTTP/1.1, content: EmptyByteBufBE)
GET /session/fabb2ffb76c94dcf75e21125cc463c12/window HTTP/1.1
User-Agent: selenium/4.4.0 (java windows)
Cache-Control: no-cache
Content-Type: application/json; charset=utf-8
host: localhost:50685
accept: */*

Response DefaultHttpResponse(decodeResult: success, version: HTTP/1.1)
HTTP/1.1 200 OK
Content-Type: application/json; charset=utf-8
cache-control: no-cache
content-length: 44

12:25:48.147 [AsyncHttpClient-1-2] DEBUG org.asynchttpclient.netty.channel.ChannelManager - Adding key: http://localhost:50685 for channel [id: 0xb083d4ec, L:/127.0.0.1:50937 - R:localhost/127.0.0.1:50685]
12:25:48.162 [Forwarding getAlertText on session fabb2ffb76c94dcf75e21125cc463c12 to remote] DEBUG org.asynchttpclient.netty.request.NettyRequestSender - Using pooled Channel '[id: 0xb083d4ec, L:/127.0.0.1:50937 - R:localhost/127.0.0.1:50685]' for 'GET' to 'http://localhost:50685/session/fabb2ffb76c94dcf75e21125cc463c12/alert/text'
12:25:48.162 [Forwarding getAlertText on session fabb2ffb76c94dcf75e21125cc463c12 to remote] DEBUG org.asynchttpclient.netty.request.NettyRequestSender - Using open Channel [id: 0xb083d4ec, L:/127.0.0.1:50937 - R:localhost/127.0.0.1:50685] for GET '/session/fabb2ffb76c94dcf75e21125cc463c12/alert/text'
12:25:48.175 [AsyncHttpClient-1-2] DEBUG org.asynchttpclient.netty.handler.HttpHandler - 

Request DefaultFullHttpRequest(decodeResult: success, version: HTTP/1.1, content: EmptyByteBufBE)
GET /session/fabb2ffb76c94dcf75e21125cc463c12/alert/text HTTP/1.1
User-Agent: selenium/4.4.0 (java windows)
Cache-Control: no-cache
Content-Type: application/json; charset=utf-8
host: localhost:50685
accept: */*

Response DefaultHttpResponse(decodeResult: success, version: HTTP/1.1)
HTTP/1.1 404 Not Found
Content-Type: application/json; charset=utf-8
cache-control: no-cache
content-length: 1045

12:25:48.175 [AsyncHttpClient-1-2] DEBUG org.asynchttpclient.netty.channel.ChannelManager - Adding key: http://localhost:50685 for channel [id: 0xb083d4ec, L:/127.0.0.1:50937 - R:localhost/127.0.0.1:50685]
12:25:48.194 [Forwarding switchToWindow on session fabb2ffb76c94dcf75e21125cc463c12 to remote] DEBUG org.asynchttpclient.netty.request.NettyRequestSender - Using pooled Channel '[id: 0xb083d4ec, L:/127.0.0.1:50937 - R:localhost/127.0.0.1:50685]' for 'POST' to 'http://localhost:50685/session/fabb2ffb76c94dcf75e21125cc463c12/window'
12:25:48.194 [Forwarding switchToWindow on session fabb2ffb76c94dcf75e21125cc463c12 to remote] DEBUG org.asynchttpclient.netty.request.NettyRequestSender - Using open Channel [id: 0xb083d4ec, L:/127.0.0.1:50937 - R:localhost/127.0.0.1:50685] for POST '/session/fabb2ffb76c94dcf75e21125cc463c12/window'
12:25:48.198 [AsyncHttpClient-1-2] DEBUG org.asynchttpclient.netty.handler.HttpHandler - 

Request DefaultHttpRequest(decodeResult: success, version: HTTP/1.1)
POST /session/fabb2ffb76c94dcf75e21125cc463c12/window HTTP/1.1
User-Agent: selenium/4.4.0 (java windows)
Content-Length: 50
Content-Type: application/json; charset=utf-8
host: localhost:50685
accept: */*

Response DefaultHttpResponse(decodeResult: success, version: HTTP/1.1)
HTTP/1.1 200 OK
Content-Type: application/json; charset=utf-8
cache-control: no-cache
content-length: 14

12:25:48.198 [AsyncHttpClient-1-2] DEBUG org.asynchttpclient.netty.channel.ChannelManager - Adding key: http://localhost:50685 for channel [id: 0xb083d4ec, L:/127.0.0.1:50937 - R:localhost/127.0.0.1:50685]
12:25:48.200 [Forwarding getCurrentUrl on session fabb2ffb76c94dcf75e21125cc463c12 to remote] DEBUG org.asynchttpclient.netty.request.NettyRequestSender - Using pooled Channel '[id: 0xb083d4ec, L:/127.0.0.1:50937 - R:localhost/127.0.0.1:50685]' for 'GET' to 'http://localhost:50685/session/fabb2ffb76c94dcf75e21125cc463c12/url'
12:25:48.200 [Forwarding getCurrentUrl on session fabb2ffb76c94dcf75e21125cc463c12 to remote] DEBUG org.asynchttpclient.netty.request.NettyRequestSender - Using open Channel [id: 0xb083d4ec, L:/127.0.0.1:50937 - R:localhost/127.0.0.1:50685] for GET '/session/fabb2ffb76c94dcf75e21125cc463c12/url'
12:25:48.222 [AsyncHttpClient-1-2] DEBUG org.asynchttpclient.netty.handler.HttpHandler - 

Request DefaultFullHttpRequest(decodeResult: success, version: HTTP/1.1, content: EmptyByteBufBE)
GET /session/fabb2ffb76c94dcf75e21125cc463c12/url HTTP/1.1
User-Agent: selenium/4.4.0 (java windows)
Cache-Control: no-cache
Content-Type: application/json; charset=utf-8
host: localhost:50685
accept: */*

Response DefaultHttpResponse(decodeResult: success, version: HTTP/1.1)
HTTP/1.1 200 OK
Content-Type: application/json; charset=utf-8
cache-control: no-cache
content-length: 47

12:25:48.222 [AsyncHttpClient-1-2] DEBUG org.asynchttpclient.netty.channel.ChannelManager - Adding key: http://localhost:50685 for channel [id: 0xb083d4ec, L:/127.0.0.1:50937 - R:localhost/127.0.0.1:50685]
12:25:48.223 [Forwarding screenshot on session fabb2ffb76c94dcf75e21125cc463c12 to remote] DEBUG org.asynchttpclient.netty.request.NettyRequestSender - Using pooled Channel '[id: 0xb083d4ec, L:/127.0.0.1:50937 - R:localhost/127.0.0.1:50685]' for 'GET' to 'http://localhost:50685/session/fabb2ffb76c94dcf75e21125cc463c12/screenshot'
12:25:48.223 [Forwarding screenshot on session fabb2ffb76c94dcf75e21125cc463c12 to remote] DEBUG org.asynchttpclient.netty.request.NettyRequestSender - Using open Channel [id: 0xb083d4ec, L:/127.0.0.1:50937 - R:localhost/127.0.0.1:50685] for GET '/session/fabb2ffb76c94dcf75e21125cc463c12/screenshot'
12:25:48.333 [AsyncHttpClient-1-2] DEBUG org.asynchttpclient.netty.handler.HttpHandler - 

Request DefaultFullHttpRequest(decodeResult: success, version: HTTP/1.1, content: EmptyByteBufBE)
GET /session/fabb2ffb76c94dcf75e21125cc463c12/screenshot HTTP/1.1
User-Agent: selenium/4.4.0 (java windows)
Cache-Control: no-cache
Content-Type: application/json; charset=utf-8
host: localhost:50685
accept: */*

Response DefaultHttpResponse(decodeResult: success, version: HTTP/1.1)
HTTP/1.1 200 OK
Content-Type: application/json; charset=utf-8
cache-control: no-cache
content-length: 259692

12:25:48.334 [AsyncHttpClient-1-2] DEBUG org.asynchttpclient.netty.channel.ChannelManager - Adding key: http://localhost:50685 for channel [id: 0xb083d4ec, L:/127.0.0.1:50937 - R:localhost/127.0.0.1:50685]
12:25:48.339 [Test worker] DEBUG net.serenitybdd.core.photography.Darkroom - Send negative for processing for C:\Users\pcnit\Downloads\TestE2E\target\site\serenity\75117bfc312f0826601358480fdcbb945ecb4a37fd071bbb472f5f1d49ca2ed2.png
12:25:48.340 [Test worker] DEBUG net.thucydides.core.steps.StepInterceptor - STEP DONE: performAs
12:25:48.354 [Test worker] INFO co.com.screemplay.project.stepdefinition.CompleteStep - Thank you for your purchase!
12:25:48.414 [Forwarding getCurrentWindowHandle on session fabb2ffb76c94dcf75e21125cc463c12 to remote] DEBUG org.asynchttpclient.netty.request.NettyRequestSender - Using pooled Channel '[id: 0xb083d4ec, L:/127.0.0.1:50937 - R:localhost/127.0.0.1:50685]' for 'GET' to 'http://localhost:50685/session/fabb2ffb76c94dcf75e21125cc463c12/window'
12:25:48.414 [Forwarding getCurrentWindowHandle on session fabb2ffb76c94dcf75e21125cc463c12 to remote] DEBUG org.asynchttpclient.netty.request.NettyRequestSender - Using open Channel [id: 0xb083d4ec, L:/127.0.0.1:50937 - R:localhost/127.0.0.1:50685] for GET '/session/fabb2ffb76c94dcf75e21125cc463c12/window'
12:25:48.424 [AsyncHttpClient-1-2] DEBUG org.asynchttpclient.netty.handler.HttpHandler - 

Request DefaultFullHttpRequest(decodeResult: success, version: HTTP/1.1, content: EmptyByteBufBE)
GET /session/fabb2ffb76c94dcf75e21125cc463c12/window HTTP/1.1
User-Agent: selenium/4.4.0 (java windows)
Cache-Control: no-cache
Content-Type: application/json; charset=utf-8
host: localhost:50685
accept: */*

Response DefaultHttpResponse(decodeResult: success, version: HTTP/1.1)
HTTP/1.1 200 OK
Content-Type: application/json; charset=utf-8
cache-control: no-cache
content-length: 44

12:25:48.424 [AsyncHttpClient-1-2] DEBUG org.asynchttpclient.netty.channel.ChannelManager - Adding key: http://localhost:50685 for channel [id: 0xb083d4ec, L:/127.0.0.1:50937 - R:localhost/127.0.0.1:50685]
12:25:48.436 [Forwarding getAlertText on session fabb2ffb76c94dcf75e21125cc463c12 to remote] DEBUG org.asynchttpclient.netty.request.NettyRequestSender - Using pooled Channel '[id: 0xb083d4ec, L:/127.0.0.1:50937 - R:localhost/127.0.0.1:50685]' for 'GET' to 'http://localhost:50685/session/fabb2ffb76c94dcf75e21125cc463c12/alert/text'
12:25:48.436 [Forwarding getAlertText on session fabb2ffb76c94dcf75e21125cc463c12 to remote] DEBUG org.asynchttpclient.netty.request.NettyRequestSender - Using open Channel [id: 0xb083d4ec, L:/127.0.0.1:50937 - R:localhost/127.0.0.1:50685] for GET '/session/fabb2ffb76c94dcf75e21125cc463c12/alert/text'
12:25:48.450 [AsyncHttpClient-1-2] DEBUG org.asynchttpclient.netty.handler.HttpHandler - 

Request DefaultFullHttpRequest(decodeResult: success, version: HTTP/1.1, content: EmptyByteBufBE)
GET /session/fabb2ffb76c94dcf75e21125cc463c12/alert/text HTTP/1.1
User-Agent: selenium/4.4.0 (java windows)
Cache-Control: no-cache
Content-Type: application/json; charset=utf-8
host: localhost:50685
accept: */*

Response DefaultHttpResponse(decodeResult: success, version: HTTP/1.1)
HTTP/1.1 404 Not Found
Content-Type: application/json; charset=utf-8
cache-control: no-cache
content-length: 1045

12:25:48.450 [AsyncHttpClient-1-2] DEBUG org.asynchttpclient.netty.channel.ChannelManager - Adding key: http://localhost:50685 for channel [id: 0xb083d4ec, L:/127.0.0.1:50937 - R:localhost/127.0.0.1:50685]
12:25:48.462 [Forwarding switchToWindow on session fabb2ffb76c94dcf75e21125cc463c12 to remote] DEBUG org.asynchttpclient.netty.request.NettyRequestSender - Using pooled Channel '[id: 0xb083d4ec, L:/127.0.0.1:50937 - R:localhost/127.0.0.1:50685]' for 'POST' to 'http://localhost:50685/session/fabb2ffb76c94dcf75e21125cc463c12/window'
12:25:48.463 [Forwarding switchToWindow on session fabb2ffb76c94dcf75e21125cc463c12 to remote] DEBUG org.asynchttpclient.netty.request.NettyRequestSender - Using open Channel [id: 0xb083d4ec, L:/127.0.0.1:50937 - R:localhost/127.0.0.1:50685] for POST '/session/fabb2ffb76c94dcf75e21125cc463c12/window'
12:25:48.469 [AsyncHttpClient-1-2] DEBUG org.asynchttpclient.netty.handler.HttpHandler - 

Request DefaultHttpRequest(decodeResult: success, version: HTTP/1.1)
POST /session/fabb2ffb76c94dcf75e21125cc463c12/window HTTP/1.1
User-Agent: selenium/4.4.0 (java windows)
Content-Length: 50
Content-Type: application/json; charset=utf-8
host: localhost:50685
accept: */*

Response DefaultHttpResponse(decodeResult: success, version: HTTP/1.1)
HTTP/1.1 200 OK
Content-Type: application/json; charset=utf-8
cache-control: no-cache
content-length: 14

12:25:48.469 [AsyncHttpClient-1-2] DEBUG org.asynchttpclient.netty.channel.ChannelManager - Adding key: http://localhost:50685 for channel [id: 0xb083d4ec, L:/127.0.0.1:50937 - R:localhost/127.0.0.1:50685]
12:25:48.470 [Forwarding getCurrentUrl on session fabb2ffb76c94dcf75e21125cc463c12 to remote] DEBUG org.asynchttpclient.netty.request.NettyRequestSender - Using pooled Channel '[id: 0xb083d4ec, L:/127.0.0.1:50937 - R:localhost/127.0.0.1:50685]' for 'GET' to 'http://localhost:50685/session/fabb2ffb76c94dcf75e21125cc463c12/url'
12:25:48.470 [Forwarding getCurrentUrl on session fabb2ffb76c94dcf75e21125cc463c12 to remote] DEBUG org.asynchttpclient.netty.request.NettyRequestSender - Using open Channel [id: 0xb083d4ec, L:/127.0.0.1:50937 - R:localhost/127.0.0.1:50685] for GET '/session/fabb2ffb76c94dcf75e21125cc463c12/url'
12:25:48.493 [AsyncHttpClient-1-2] DEBUG org.asynchttpclient.netty.handler.HttpHandler - 

Request DefaultFullHttpRequest(decodeResult: success, version: HTTP/1.1, content: EmptyByteBufBE)
GET /session/fabb2ffb76c94dcf75e21125cc463c12/url HTTP/1.1
User-Agent: selenium/4.4.0 (java windows)
Cache-Control: no-cache
Content-Type: application/json; charset=utf-8
host: localhost:50685
accept: */*

Response DefaultHttpResponse(decodeResult: success, version: HTTP/1.1)
HTTP/1.1 200 OK
Content-Type: application/json; charset=utf-8
cache-control: no-cache
content-length: 47

12:25:48.493 [AsyncHttpClient-1-2] DEBUG org.asynchttpclient.netty.channel.ChannelManager - Adding key: http://localhost:50685 for channel [id: 0xb083d4ec, L:/127.0.0.1:50937 - R:localhost/127.0.0.1:50685]
12:25:48.494 [Forwarding screenshot on session fabb2ffb76c94dcf75e21125cc463c12 to remote] DEBUG org.asynchttpclient.netty.request.NettyRequestSender - Using pooled Channel '[id: 0xb083d4ec, L:/127.0.0.1:50937 - R:localhost/127.0.0.1:50685]' for 'GET' to 'http://localhost:50685/session/fabb2ffb76c94dcf75e21125cc463c12/screenshot'
12:25:48.494 [Forwarding screenshot on session fabb2ffb76c94dcf75e21125cc463c12 to remote] DEBUG org.asynchttpclient.netty.request.NettyRequestSender - Using open Channel [id: 0xb083d4ec, L:/127.0.0.1:50937 - R:localhost/127.0.0.1:50685] for GET '/session/fabb2ffb76c94dcf75e21125cc463c12/screenshot'
12:25:48.572 [AsyncHttpClient-1-1] DEBUG org.asynchttpclient.netty.channel.DefaultChannelPool - Entry count for : http://localhost:50938 : 1
12:25:48.610 [AsyncHttpClient-1-2] DEBUG org.asynchttpclient.netty.handler.HttpHandler - 

Request DefaultFullHttpRequest(decodeResult: success, version: HTTP/1.1, content: EmptyByteBufBE)
GET /session/fabb2ffb76c94dcf75e21125cc463c12/screenshot HTTP/1.1
User-Agent: selenium/4.4.0 (java windows)
Cache-Control: no-cache
Content-Type: application/json; charset=utf-8
host: localhost:50685
accept: */*

Response DefaultHttpResponse(decodeResult: success, version: HTTP/1.1)
HTTP/1.1 200 OK
Content-Type: application/json; charset=utf-8
cache-control: no-cache
content-length: 259692

12:25:48.610 [AsyncHttpClient-1-2] DEBUG org.asynchttpclient.netty.channel.ChannelManager - Adding key: http://localhost:50685 for channel [id: 0xb083d4ec, L:/127.0.0.1:50937 - R:localhost/127.0.0.1:50685]
12:25:48.617 [Test worker] DEBUG net.serenitybdd.core.photography.Darkroom - Send negative for processing for C:\Users\pcnit\Downloads\TestE2E\target\site\serenity\75117bfc312f0826601358480fdcbb945ecb4a37fd071bbb472f5f1d49ca2ed2.png
12:25:48.627 [Forwarding getPageSource on session fabb2ffb76c94dcf75e21125cc463c12 to remote] DEBUG org.asynchttpclient.netty.request.NettyRequestSender - Using pooled Channel '[id: 0xb083d4ec, L:/127.0.0.1:50937 - R:localhost/127.0.0.1:50685]' for 'POST' to 'http://localhost:50685/session/fabb2ffb76c94dcf75e21125cc463c12/execute/sync'
12:25:48.627 [Forwarding getPageSource on session fabb2ffb76c94dcf75e21125cc463c12 to remote] DEBUG org.asynchttpclient.netty.request.NettyRequestSender - Using open Channel [id: 0xb083d4ec, L:/127.0.0.1:50937 - R:localhost/127.0.0.1:50685] for POST '/session/fabb2ffb76c94dcf75e21125cc463c12/execute/sync'
12:25:48.639 [AsyncHttpClient-1-2] DEBUG org.asynchttpclient.netty.handler.HttpHandler - 

Request DefaultHttpRequest(decodeResult: success, version: HTTP/1.1)
POST /session/fabb2ffb76c94dcf75e21125cc463c12/execute/sync HTTP/1.1
User-Agent: selenium/4.4.0 (java windows)
Content-Length: 176
Content-Type: application/json; charset=utf-8
host: localhost:50685
accept: */*

Response DefaultHttpResponse(decodeResult: success, version: HTTP/1.1)
HTTP/1.1 200 OK
Content-Type: application/json; charset=utf-8
cache-control: no-cache
content-length: 59822

12:25:48.639 [AsyncHttpClient-1-2] DEBUG org.asynchttpclient.netty.channel.ChannelManager - Adding key: http://localhost:50685 for channel [id: 0xb083d4ec, L:/127.0.0.1:50937 - R:localhost/127.0.0.1:50685]
12:25:48.647 [Forwarding getCurrentUrl on session fabb2ffb76c94dcf75e21125cc463c12 to remote] DEBUG org.asynchttpclient.netty.request.NettyRequestSender - Using pooled Channel '[id: 0xb083d4ec, L:/127.0.0.1:50937 - R:localhost/127.0.0.1:50685]' for 'GET' to 'http://localhost:50685/session/fabb2ffb76c94dcf75e21125cc463c12/url'
12:25:48.647 [Forwarding getCurrentUrl on session fabb2ffb76c94dcf75e21125cc463c12 to remote] DEBUG org.asynchttpclient.netty.request.NettyRequestSender - Using open Channel [id: 0xb083d4ec, L:/127.0.0.1:50937 - R:localhost/127.0.0.1:50685] for GET '/session/fabb2ffb76c94dcf75e21125cc463c12/url'
12:25:48.666 [AsyncHttpClient-1-2] DEBUG org.asynchttpclient.netty.handler.HttpHandler - 

Request DefaultFullHttpRequest(decodeResult: success, version: HTTP/1.1, content: EmptyByteBufBE)
GET /session/fabb2ffb76c94dcf75e21125cc463c12/url HTTP/1.1
User-Agent: selenium/4.4.0 (java windows)
Cache-Control: no-cache
Content-Type: application/json; charset=utf-8
host: localhost:50685
accept: */*

Response DefaultHttpResponse(decodeResult: success, version: HTTP/1.1)
HTTP/1.1 200 OK
Content-Type: application/json; charset=utf-8
cache-control: no-cache
content-length: 47

12:25:48.666 [AsyncHttpClient-1-2] DEBUG org.asynchttpclient.netty.channel.ChannelManager - Adding key: http://localhost:50685 for channel [id: 0xb083d4ec, L:/127.0.0.1:50937 - R:localhost/127.0.0.1:50685]
12:25:48.687 [Test worker] DEBUG net.serenitybdd.screenplay.targets.IFrameSwitcher - default content already selected for Thank you for your purchase! 
12:25:48.726 [Forwarding findElement on session fabb2ffb76c94dcf75e21125cc463c12 to remote] DEBUG org.asynchttpclient.netty.request.NettyRequestSender - Using pooled Channel '[id: 0xb083d4ec, L:/127.0.0.1:50937 - R:localhost/127.0.0.1:50685]' for 'POST' to 'http://localhost:50685/session/fabb2ffb76c94dcf75e21125cc463c12/element'
12:25:48.726 [Forwarding findElement on session fabb2ffb76c94dcf75e21125cc463c12 to remote] DEBUG org.asynchttpclient.netty.request.NettyRequestSender - Using open Channel [id: 0xb083d4ec, L:/127.0.0.1:50937 - R:localhost/127.0.0.1:50685] for POST '/session/fabb2ffb76c94dcf75e21125cc463c12/element'
12:25:48.738 [AsyncHttpClient-1-2] DEBUG org.asynchttpclient.netty.handler.HttpHandler - 

Request DefaultHttpRequest(decodeResult: success, version: HTTP/1.1)
POST /session/fabb2ffb76c94dcf75e21125cc463c12/element HTTP/1.1
User-Agent: selenium/4.4.0 (java windows)
Content-Length: 78
Content-Type: application/json; charset=utf-8
host: localhost:50685
accept: */*

Response DefaultHttpResponse(decodeResult: success, version: HTTP/1.1)
HTTP/1.1 200 OK
Content-Type: application/json; charset=utf-8
cache-control: no-cache
content-length: 127

12:25:48.738 [AsyncHttpClient-1-2] DEBUG org.asynchttpclient.netty.channel.ChannelManager - Adding key: http://localhost:50685 for channel [id: 0xb083d4ec, L:/127.0.0.1:50937 - R:localhost/127.0.0.1:50685]
12:25:48.739 [Forwarding getElementText on session fabb2ffb76c94dcf75e21125cc463c12 to remote] DEBUG org.asynchttpclient.netty.request.NettyRequestSender - Using pooled Channel '[id: 0xb083d4ec, L:/127.0.0.1:50937 - R:localhost/127.0.0.1:50685]' for 'GET' to 'http://localhost:50685/session/fabb2ffb76c94dcf75e21125cc463c12/element/f.7E9A709675F02E7E9E4ECE1EF325ABA8.d.D17DAE1392C999D3787AF96F6DDE3A4D.e.435/text'
12:25:48.739 [Forwarding getElementText on session fabb2ffb76c94dcf75e21125cc463c12 to remote] DEBUG org.asynchttpclient.netty.request.NettyRequestSender - Using open Channel [id: 0xb083d4ec, L:/127.0.0.1:50937 - R:localhost/127.0.0.1:50685] for GET '/session/fabb2ffb76c94dcf75e21125cc463c12/element/f.7E9A709675F02E7E9E4ECE1EF325ABA8.d.D17DAE1392C999D3787AF96F6DDE3A4D.e.435/text'
12:25:48.769 [AsyncHttpClient-1-2] DEBUG org.asynchttpclient.netty.handler.HttpHandler - 

Request DefaultFullHttpRequest(decodeResult: success, version: HTTP/1.1, content: EmptyByteBufBE)
GET /session/fabb2ffb76c94dcf75e21125cc463c12/element/f.7E9A709675F02E7E9E4ECE1EF325ABA8.d.D17DAE1392C999D3787AF96F6DDE3A4D.e.435/text HTTP/1.1
User-Agent: selenium/4.4.0 (java windows)
Cache-Control: no-cache
Content-Type: application/json; charset=utf-8
host: localhost:50685
accept: */*

Response DefaultHttpResponse(decodeResult: success, version: HTTP/1.1)
HTTP/1.1 200 OK
Content-Type: application/json; charset=utf-8
cache-control: no-cache
content-length: 40

12:25:48.769 [AsyncHttpClient-1-2] DEBUG org.asynchttpclient.netty.channel.ChannelManager - Adding key: http://localhost:50685 for channel [id: 0xb083d4ec, L:/127.0.0.1:50937 - R:localhost/127.0.0.1:50685]
12:25:48.769 [Test worker] INFO co.com.screemplay.project.questions.ValitationText - Thank you for your purchase!
12:25:48.809 [Forwarding getCurrentWindowHandle on session fabb2ffb76c94dcf75e21125cc463c12 to remote] DEBUG org.asynchttpclient.netty.request.NettyRequestSender - Using pooled Channel '[id: 0xb083d4ec, L:/127.0.0.1:50937 - R:localhost/127.0.0.1:50685]' for 'GET' to 'http://localhost:50685/session/fabb2ffb76c94dcf75e21125cc463c12/window'
12:25:48.810 [Forwarding getCurrentWindowHandle on session fabb2ffb76c94dcf75e21125cc463c12 to remote] DEBUG org.asynchttpclient.netty.request.NettyRequestSender - Using open Channel [id: 0xb083d4ec, L:/127.0.0.1:50937 - R:localhost/127.0.0.1:50685] for GET '/session/fabb2ffb76c94dcf75e21125cc463c12/window'
12:25:48.819 [AsyncHttpClient-1-2] DEBUG org.asynchttpclient.netty.handler.HttpHandler - 

Request DefaultFullHttpRequest(decodeResult: success, version: HTTP/1.1, content: EmptyByteBufBE)
GET /session/fabb2ffb76c94dcf75e21125cc463c12/window HTTP/1.1
User-Agent: selenium/4.4.0 (java windows)
Cache-Control: no-cache
Content-Type: application/json; charset=utf-8
host: localhost:50685
accept: */*

Response DefaultHttpResponse(decodeResult: success, version: HTTP/1.1)
HTTP/1.1 200 OK
Content-Type: application/json; charset=utf-8
cache-control: no-cache
content-length: 44

12:25:48.819 [AsyncHttpClient-1-2] DEBUG org.asynchttpclient.netty.channel.ChannelManager - Adding key: http://localhost:50685 for channel [id: 0xb083d4ec, L:/127.0.0.1:50937 - R:localhost/127.0.0.1:50685]
12:25:48.831 [Forwarding getAlertText on session fabb2ffb76c94dcf75e21125cc463c12 to remote] DEBUG org.asynchttpclient.netty.request.NettyRequestSender - Using pooled Channel '[id: 0xb083d4ec, L:/127.0.0.1:50937 - R:localhost/127.0.0.1:50685]' for 'GET' to 'http://localhost:50685/session/fabb2ffb76c94dcf75e21125cc463c12/alert/text'
12:25:48.832 [Forwarding getAlertText on session fabb2ffb76c94dcf75e21125cc463c12 to remote] DEBUG org.asynchttpclient.netty.request.NettyRequestSender - Using open Channel [id: 0xb083d4ec, L:/127.0.0.1:50937 - R:localhost/127.0.0.1:50685] for GET '/session/fabb2ffb76c94dcf75e21125cc463c12/alert/text'
12:25:48.842 [AsyncHttpClient-1-2] DEBUG org.asynchttpclient.netty.handler.HttpHandler - 

Request DefaultFullHttpRequest(decodeResult: success, version: HTTP/1.1, content: EmptyByteBufBE)
GET /session/fabb2ffb76c94dcf75e21125cc463c12/alert/text HTTP/1.1
User-Agent: selenium/4.4.0 (java windows)
Cache-Control: no-cache
Content-Type: application/json; charset=utf-8
host: localhost:50685
accept: */*

Response DefaultHttpResponse(decodeResult: success, version: HTTP/1.1)
HTTP/1.1 404 Not Found
Content-Type: application/json; charset=utf-8
cache-control: no-cache
content-length: 1045

12:25:48.842 [AsyncHttpClient-1-2] DEBUG org.asynchttpclient.netty.channel.ChannelManager - Adding key: http://localhost:50685 for channel [id: 0xb083d4ec, L:/127.0.0.1:50937 - R:localhost/127.0.0.1:50685]
12:25:48.855 [Forwarding switchToWindow on session fabb2ffb76c94dcf75e21125cc463c12 to remote] DEBUG org.asynchttpclient.netty.request.NettyRequestSender - Using pooled Channel '[id: 0xb083d4ec, L:/127.0.0.1:50937 - R:localhost/127.0.0.1:50685]' for 'POST' to 'http://localhost:50685/session/fabb2ffb76c94dcf75e21125cc463c12/window'
12:25:48.855 [Forwarding switchToWindow on session fabb2ffb76c94dcf75e21125cc463c12 to remote] DEBUG org.asynchttpclient.netty.request.NettyRequestSender - Using open Channel [id: 0xb083d4ec, L:/127.0.0.1:50937 - R:localhost/127.0.0.1:50685] for POST '/session/fabb2ffb76c94dcf75e21125cc463c12/window'
12:25:48.864 [AsyncHttpClient-1-2] DEBUG org.asynchttpclient.netty.handler.HttpHandler - 

Request DefaultHttpRequest(decodeResult: success, version: HTTP/1.1)
POST /session/fabb2ffb76c94dcf75e21125cc463c12/window HTTP/1.1
User-Agent: selenium/4.4.0 (java windows)
Content-Length: 50
Content-Type: application/json; charset=utf-8
host: localhost:50685
accept: */*

Response DefaultHttpResponse(decodeResult: success, version: HTTP/1.1)
HTTP/1.1 200 OK
Content-Type: application/json; charset=utf-8
cache-control: no-cache
content-length: 14

12:25:48.864 [AsyncHttpClient-1-2] DEBUG org.asynchttpclient.netty.channel.ChannelManager - Adding key: http://localhost:50685 for channel [id: 0xb083d4ec, L:/127.0.0.1:50937 - R:localhost/127.0.0.1:50685]
12:25:48.864 [Forwarding getCurrentUrl on session fabb2ffb76c94dcf75e21125cc463c12 to remote] DEBUG org.asynchttpclient.netty.request.NettyRequestSender - Using pooled Channel '[id: 0xb083d4ec, L:/127.0.0.1:50937 - R:localhost/127.0.0.1:50685]' for 'GET' to 'http://localhost:50685/session/fabb2ffb76c94dcf75e21125cc463c12/url'
12:25:48.864 [Forwarding getCurrentUrl on session fabb2ffb76c94dcf75e21125cc463c12 to remote] DEBUG org.asynchttpclient.netty.request.NettyRequestSender - Using open Channel [id: 0xb083d4ec, L:/127.0.0.1:50937 - R:localhost/127.0.0.1:50685] for GET '/session/fabb2ffb76c94dcf75e21125cc463c12/url'
12:25:48.885 [AsyncHttpClient-1-2] DEBUG org.asynchttpclient.netty.handler.HttpHandler - 

Request DefaultFullHttpRequest(decodeResult: success, version: HTTP/1.1, content: EmptyByteBufBE)
GET /session/fabb2ffb76c94dcf75e21125cc463c12/url HTTP/1.1
User-Agent: selenium/4.4.0 (java windows)
Cache-Control: no-cache
Content-Type: application/json; charset=utf-8
host: localhost:50685
accept: */*

Response DefaultHttpResponse(decodeResult: success, version: HTTP/1.1)
HTTP/1.1 200 OK
Content-Type: application/json; charset=utf-8
cache-control: no-cache
content-length: 47

12:25:48.885 [AsyncHttpClient-1-2] DEBUG org.asynchttpclient.netty.channel.ChannelManager - Adding key: http://localhost:50685 for channel [id: 0xb083d4ec, L:/127.0.0.1:50937 - R:localhost/127.0.0.1:50685]
12:25:48.886 [Forwarding screenshot on session fabb2ffb76c94dcf75e21125cc463c12 to remote] DEBUG org.asynchttpclient.netty.request.NettyRequestSender - Using pooled Channel '[id: 0xb083d4ec, L:/127.0.0.1:50937 - R:localhost/127.0.0.1:50685]' for 'GET' to 'http://localhost:50685/session/fabb2ffb76c94dcf75e21125cc463c12/screenshot'
12:25:48.886 [Forwarding screenshot on session fabb2ffb76c94dcf75e21125cc463c12 to remote] DEBUG org.asynchttpclient.netty.request.NettyRequestSender - Using open Channel [id: 0xb083d4ec, L:/127.0.0.1:50937 - R:localhost/127.0.0.1:50685] for GET '/session/fabb2ffb76c94dcf75e21125cc463c12/screenshot'
12:25:48.996 [AsyncHttpClient-1-2] DEBUG org.asynchttpclient.netty.handler.HttpHandler - 

Request DefaultFullHttpRequest(decodeResult: success, version: HTTP/1.1, content: EmptyByteBufBE)
GET /session/fabb2ffb76c94dcf75e21125cc463c12/screenshot HTTP/1.1
User-Agent: selenium/4.4.0 (java windows)
Cache-Control: no-cache
Content-Type: application/json; charset=utf-8
host: localhost:50685
accept: */*

Response DefaultHttpResponse(decodeResult: success, version: HTTP/1.1)
HTTP/1.1 200 OK
Content-Type: application/json; charset=utf-8
cache-control: no-cache
content-length: 259692

12:25:48.996 [AsyncHttpClient-1-2] DEBUG org.asynchttpclient.netty.channel.ChannelManager - Adding key: http://localhost:50685 for channel [id: 0xb083d4ec, L:/127.0.0.1:50937 - R:localhost/127.0.0.1:50685]
12:25:49.004 [Test worker] DEBUG net.serenitybdd.core.photography.Darkroom - Send negative for processing for C:\Users\pcnit\Downloads\TestE2E\target\site\serenity\75117bfc312f0826601358480fdcbb945ecb4a37fd071bbb472f5f1d49ca2ed2.png
  ?[32mEntonces ?[0m?[32mFinaliza la compra?[0m                            ?[90m# co.com.screemplay.project.stepdefinition.CompleteStep.endBuy()?[0m
12:25:49.032 [Test worker] INFO  - 
  _____   ___   ___   _____     ___     _     ___   ___   ___   ___  
 |_   _| | __| / __| |_   _|   | _ \   /_\   / __| / __| | __| |   \ 
   | |   | _|  \__ \   | |     |  _/  / _ \  \__ \ \__ \ | _|  | |) |
   |_|   |___| |___/   |_|     |_|   /_/ \_\ |___/ |___/ |___| |___/ 

Compra con Autenticación de usuario exitosa.
----------------------------------------------------------------------
12:25:49.121 [AsyncHttpClient-1-4] DEBUG org.asynchttpclient.netty.handler.WebSocketHandler - Channel Closed: [id: 0x54ca282b, L:/127.0.0.1:50950 ! R:localhost/127.0.0.1:50938] with attribute DISCARD
12:25:49.122 [Driver Command Executor] DEBUG org.asynchttpclient.netty.request.NettyRequestSender - Using pooled Channel '[id: 0xb083d4ec, L:/127.0.0.1:50937 - R:localhost/127.0.0.1:50685]' for 'DELETE' to 'http://localhost:50685/session/fabb2ffb76c94dcf75e21125cc463c12'
12:25:49.122 [Driver Command Executor] DEBUG org.asynchttpclient.netty.request.NettyRequestSender - Using open Channel [id: 0xb083d4ec, L:/127.0.0.1:50937 - R:localhost/127.0.0.1:50685] for DELETE '/session/fabb2ffb76c94dcf75e21125cc463c12'
12:25:49.184 [AsyncHttpClient-1-3] DEBUG org.asynchttpclient.netty.handler.HttpHandler - Unexpected I/O exception on channel [id: 0x78251a8f, L:/127.0.0.1:50949 - R:localhost/127.0.0.1:50938]
java.net.SocketException: Connection reset
	at java.base/sun.nio.ch.SocketChannelImpl.throwConnectionReset(SocketChannelImpl.java:394)
	at java.base/sun.nio.ch.SocketChannelImpl.read(SocketChannelImpl.java:426)
	at io.netty.buffer.PooledByteBuf.setBytes(PooledByteBuf.java:258)
	at io.netty.buffer.AbstractByteBuf.writeBytes(AbstractByteBuf.java:1132)
	at io.netty.channel.socket.nio.NioSocketChannel.doReadBytes(NioSocketChannel.java:357)
	at io.netty.channel.nio.AbstractNioByteChannel$NioByteUnsafe.read(AbstractNioByteChannel.java:151)
	at io.netty.channel.nio.NioEventLoop.processSelectedKey(NioEventLoop.java:722)
	at io.netty.channel.nio.NioEventLoop.processSelectedKeysOptimized(NioEventLoop.java:658)
	at io.netty.channel.nio.NioEventLoop.processSelectedKeys(NioEventLoop.java:584)
	at io.netty.channel.nio.NioEventLoop.run(NioEventLoop.java:496)
	at io.netty.util.concurrent.SingleThreadEventExecutor$4.run(SingleThreadEventExecutor.java:997)
	at io.netty.util.internal.ThreadExecutorMap$2.run(ThreadExecutorMap.java:74)
	at io.netty.util.concurrent.FastThreadLocalRunnable.run(FastThreadLocalRunnable.java:30)
	at java.base/java.lang.Thread.run(Thread.java:840)
12:25:49.184 [AsyncHttpClient-1-3] DEBUG org.asynchttpclient.netty.channel.ChannelManager - Closing Channel [id: 0x78251a8f, L:/127.0.0.1:50949 - R:localhost/127.0.0.1:50938] 
12:25:49.188 [AsyncHttpClient-1-3] DEBUG org.asynchttpclient.netty.handler.HttpHandler - Channel Closed: [id: 0x78251a8f, L:/127.0.0.1:50949 ! R:localhost/127.0.0.1:50938] with attribute DISCARD
12:25:49.287 [AsyncHttpClient-1-2] DEBUG org.asynchttpclient.netty.handler.HttpHandler - 

Request DefaultFullHttpRequest(decodeResult: success, version: HTTP/1.1, content: EmptyByteBufBE)
DELETE /session/fabb2ffb76c94dcf75e21125cc463c12 HTTP/1.1
User-Agent: selenium/4.4.0 (java windows)
Content-Type: application/json; charset=utf-8
host: localhost:50685
accept: */*

Response DefaultHttpResponse(decodeResult: success, version: HTTP/1.1)
HTTP/1.1 200 OK
Content-Type: application/json; charset=utf-8
cache-control: no-cache
content-length: 14

12:25:49.287 [AsyncHttpClient-1-2] DEBUG org.asynchttpclient.netty.channel.ChannelManager - Adding key: http://localhost:50685 for channel [id: 0xb083d4ec, L:/127.0.0.1:50937 - R:localhost/127.0.0.1:50685]
12:25:49.434 [AsyncHttpClient-1-2] DEBUG org.asynchttpclient.netty.handler.HttpHandler - Channel Closed: [id: 0xb083d4ec, L:/127.0.0.1:50937 ! R:localhost/127.0.0.1:50685] with attribute DISCARD
12:25:49.592 [Test worker] DEBUG net.thucydides.core.reports.ReportService - Reporting formats: [JSON, HTML]
12:25:49.675 [AsyncHttpClient-1-1] DEBUG org.asynchttpclient.netty.channel.DefaultChannelPool - Entry count for : http://localhost:50938 : 1
12:25:49.675 [AsyncHttpClient-1-1] DEBUG org.asynchttpclient.netty.channel.DefaultChannelPool - Entry count for : http://localhost:50685 : 1
12:25:49.675 [AsyncHttpClient-1-1] DEBUG org.asynchttpclient.netty.channel.DefaultChannelPool - Adding Candidate expired Channel [id: 0x78251a8f, L:/127.0.0.1:50949 ! R:localhost/127.0.0.1:50938] isIdleTimeoutExpired=false isRemotelyClosed=true isTtlExpired=false
12:25:49.675 [AsyncHttpClient-1-1] DEBUG org.asynchttpclient.netty.channel.DefaultChannelPool - Closing Idle Channel [id: 0x78251a8f, L:/127.0.0.1:50949 ! R:localhost/127.0.0.1:50938]
12:25:49.676 [AsyncHttpClient-1-1] DEBUG org.asynchttpclient.netty.channel.DefaultChannelPool - Adding Candidate expired Channel [id: 0xb083d4ec, L:/127.0.0.1:50937 ! R:localhost/127.0.0.1:50685] isIdleTimeoutExpired=false isRemotelyClosed=true isTtlExpired=false
12:25:49.676 [AsyncHttpClient-1-1] DEBUG org.asynchttpclient.netty.channel.DefaultChannelPool - Closing Idle Channel [id: 0xb083d4ec, L:/127.0.0.1:50937 ! R:localhost/127.0.0.1:50685]
12:25:49.676 [AsyncHttpClient-1-1] DEBUG org.asynchttpclient.netty.channel.DefaultChannelPool - Closed 2 connections out of 2 in 1 ms
12:25:49.742 [Test worker] DEBUG net.thucydides.core.reports.ReportService - Reporting formats: [JSON, HTML]
12:25:49.759 [Test worker] DEBUG net.thucydides.core.reports.ReportService - Generating reports for 1 test outcomes using: net.thucydides.core.reports.json.JSONTestOutcomeReporter@46b6e644
12:25:49.761 [pool-1-thread-1] DEBUG net.thucydides.core.reports.ReportService - Processing test outcome Compra con Autenticación exitosa:Compra con Autenticación de usuario exitosa.
12:25:49.761 [pool-1-thread-1] DEBUG net.thucydides.core.reports.ReportService - net.thucydides.core.reports.json.JSONTestOutcomeReporter@46b6e644: Generating report for test outcome: Compra con Autenticación exitosa:Compra con Autenticación de usuario exitosa.
12:25:49.770 [pool-1-thread-1] DEBUG net.thucydides.core.reports.json.JSONTestOutcomeReporter - Generating JSON report for Compra con Autenticación de usuario exitosa. to file C:\Users\pcnit\Downloads\TestE2E\target\site\serenity\16dc86cc2f65e1ce339124686a6025c34ab2e6abe180c8aabe937996e9dfe632.json (using temp file C:\Users\pcnit\Downloads\TestE2E\target\site\serenity\16dc86cc2f65e1ce339124686a6025c34ab2e6abe180c8aabe937996e9dfe632.jsone70a5961-7764-4ece-9be3-d69e316bb8c7)
12:25:49.822 [pool-1-thread-1] DEBUG net.thucydides.core.reports.ReportService - Processing test outcome Compra con Autenticación exitosa:Compra con Autenticación de usuario exitosa. done
12:25:49.822 [Test worker] DEBUG net.thucydides.core.reports.ReportService - Shutting down executor service
12:25:49.822 [Test worker] DEBUG net.thucydides.core.reports.ReportService - Reports generated in: 63 ms
12:25:49.822 [Test worker] DEBUG net.thucydides.core.reports.ReportService - Generating reports for 1 test outcomes using: net.thucydides.core.reports.html.HtmlAcceptanceTestReporter@5281b134
12:25:49.823 [pool-2-thread-1] DEBUG net.thucydides.core.reports.ReportService - Processing test outcome Compra con Autenticación exitosa:Compra con Autenticación de usuario exitosa.
12:25:49.823 [pool-2-thread-1] DEBUG net.thucydides.core.reports.ReportService - net.thucydides.core.reports.html.HtmlAcceptanceTestReporter@5281b134: Generating report for test outcome: Compra con Autenticación exitosa:Compra con Autenticación de usuario exitosa.
12:25:52.846 [pool-2-thread-1] DEBUG net.thucydides.core.reports.ReportService - Processing test outcome Compra con Autenticación exitosa:Compra con Autenticación de usuario exitosa. done
12:25:52.847 [Test worker] DEBUG net.thucydides.core.reports.ReportService - Shutting down executor service
12:25:52.847 [Test worker] DEBUG net.thucydides.core.reports.ReportService - Reports generated in: 3025 ms
12:25:53.013 [Test worker] DEBUG net.serenitybdd.core.photography.Darkroom - Closing darkroom
12:25:53.013 [Darkroom Processing Line] DEBUG net.serenitybdd.core.photography.DarkroomProcessingLine - Darkroom processing line shutting down
12:25:53.021 [Test worker] DEBUG net.serenitybdd.core.photography.Darkroom - Closing darkroom
]]></system-out>
  <system-err><![CDATA[?[32m?[1m┌───────────────────────────────────────────────────────────────────────────────────┐?[0m
?[32m?[1m│?[0m Share your Cucumber Report with your team at ?[36m?[1m?[4mhttps://reports.cucumber.io?[0m          ?[32m?[1m│?[0m
?[32m?[1m│?[0m Activate publishing with one of the following:                                    ?[32m?[1m│?[0m
?[32m?[1m│?[0m                                                                                   ?[32m?[1m│?[0m
?[32m?[1m│?[0m src/test/resources/cucumber.properties:          ?[36mcucumber.publish.enabled?[0m=?[36mtrue?[0m    ?[32m?[1m│?[0m
?[32m?[1m│?[0m src/test/resources/junit-platform.properties:    ?[36mcucumber.publish.enabled?[0m=?[36mtrue?[0m    ?[32m?[1m│?[0m
?[32m?[1m│?[0m Environment variable:                            ?[36mCUCUMBER_PUBLISH_ENABLED?[0m=?[36mtrue?[0m    ?[32m?[1m│?[0m
?[32m?[1m│?[0m JUnit:                                           ?[36m@CucumberOptions?[0m(publish = ?[36mtrue?[0m) ?[32m?[1m│?[0m
?[32m?[1m│?[0m                                                                                   ?[32m?[1m│?[0m
?[32m?[1m│?[0m More information at ?[36mhttps://cucumber.io/docs/cucumber/environment-variables/?[0m      ?[32m?[1m│?[0m
?[32m?[1m│?[0m                                                                                   ?[32m?[1m│?[0m
?[32m?[1m│?[0m Disable this message with one of the following:                                   ?[32m?[1m│?[0m
?[32m?[1m│?[0m                                                                                   ?[32m?[1m│?[0m
?[32m?[1m│?[0m src/test/resources/cucumber.properties:          ?[36mcucumber.publish.quiet?[0m=?[36mtrue?[0m      ?[32m?[1m│?[0m
?[32m?[1m│?[0m src/test/resources/junit-platform.properties:    ?[36mcucumber.publish.quiet?[0m=?[36mtrue?[0m      ?[32m?[1m│?[0m
?[32m?[1m└───────────────────────────────────────────────────────────────────────────────────┘?[0m
]]></system-err>
</testsuite>
